DEBUG 2019-11-01 12:17:19.089 UTC: 	 Running on: Linux lxplus707.cern.ch 3.10.0-1062.1.2.el7.x86_64 #1 SMP Mon Sep 30 14:19:46 UTC 2019 x86_64 x86_64 x86_64 GNU/Linux
Description:	CentOS Linux release 7.7.1908 (Core) 

DEBUG 2019-11-01 12:17:19.090 UTC: 	 Executing command: 'submit'
DEBUG 2019-11-01 12:17:19.098 UTC: 	 Found CRAB cache file /afs/cern.ch/user/s/sthakur/.crab3
DEBUG 2019-11-01 12:17:19.106 UTC: 	 Checking credentials
DEBUG 2019-11-01 12:17:19.106 UTC: 	 Found proxy file /tmp/x509up_u77410
DEBUG 2019-11-01 12:17:19.106 UTC: 	 Getting proxy life time left
DEBUG 2019-11-01 12:17:19.913 UTC: 	 Executing : 
 command : voms-proxy-info -file /tmp/x509up_u77410 -timeleft
 output : 42759

 error: 
 retcode : 0
DEBUG 2019-11-01 12:17:20.619 UTC: 	 Executing : 
 command : voms-proxy-info -file /tmp/x509up_u77410 -actimeleft
 output : 42758

 error: 
 retcode : 0
DEBUG 2019-11-01 12:17:20.619 UTC: 	 Proxy lifetime 42759 secs is different from voms extension lifetime 42758 secs for proxy: /tmp/x509up_u77410
DEBUG 2019-11-01 12:17:20.619 UTC: 	 Proxy valid for 11:52:38 hours
DEBUG 2019-11-01 12:17:20.620 UTC: 	 Will use CRAB Analysis plugin (i.e. will run an analysis job type).
DEBUG 2019-11-01 12:17:20.739 UTC: 	 Executing : 
 command : openssl x509 -in ~/.globus/usercert.pem -subject -noout
 output : subject= /DC=ch/DC=cern/OU=Organic Units/OU=Users/CN=sthakur/CN=764789/CN=Shalini Thakur

 error: 
 retcode : 0
DEBUG 2019-11-01 12:17:20.740 UTC: 	 Checking credentials
DEBUG 2019-11-01 12:17:20.740 UTC: 	 Found proxy file /tmp/x509up_u77410
DEBUG 2019-11-01 12:17:20.740 UTC: 	 Getting proxy life time left
DEBUG 2019-11-01 12:17:21.445 UTC: 	 Executing : 
 command : voms-proxy-info -file /tmp/x509up_u77410 -timeleft
 output : 42757

 error: 
 retcode : 0
DEBUG 2019-11-01 12:17:22.253 UTC: 	 Executing : 
 command : voms-proxy-info -file /tmp/x509up_u77410 -actimeleft
 output : 42756

 error: 
 retcode : 0
DEBUG 2019-11-01 12:17:22.253 UTC: 	 Proxy lifetime 42757 secs is different from voms extension lifetime 42756 secs for proxy: /tmp/x509up_u77410
DEBUG 2019-11-01 12:17:22.253 UTC: 	 Proxy valid for 11:52:36 hours
DEBUG 2019-11-01 12:17:23.059 UTC: 	 Executing : 
 command : env X509_USER_PROXY=/tmp/x509up_u77410 voms-proxy-info -fqan
 output : /cms/Role=NULL/Capability=NULL

 error: 
 retcode : 0
DEBUG 2019-11-01 12:17:23.131 UTC: 	 Registering user credentials for server /DC=ch/DC=cern/OU=computers/CN=vocms(052|058|030|0118|0105|0109).cern.ch|/DC=ch/DC=cern/OU=computers/CN=crab-(preprod|prod)-tw(02|01).cern.ch
DEBUG 2019-11-01 12:17:23.242 UTC: 	 Executing : 
 command : openssl x509 -in ~/.globus/usercert.pem -subject -noout
 output : subject= /DC=ch/DC=cern/OU=Organic Units/OU=Users/CN=sthakur/CN=764789/CN=Shalini Thakur

 error: 
 retcode : 0
DEBUG 2019-11-01 12:17:23.242 UTC: 	 Getting myproxy life time left for myproxy.cern.ch
DEBUG 2019-11-01 12:17:23.242 UTC: 	 Calculating hash of /DC=ch/DC=cern/OU=Organic Units/OU=Users/CN=sthakur/CN=764789/CN=Shalini Thakur_cmsweb.cern.ch for credential name
DEBUG 2019-11-01 12:17:23.548 UTC: 	 Executing : 
 command : myproxy-info -l 9cd94953387eeee7bf4da2b7588630639ea1153b -s myproxy.cern.ch
 output : username: 9cd94953387eeee7bf4da2b7588630639ea1153b
owner: /DC=ch/DC=cern/OU=Organic Units/OU=Users/CN=sthakur/CN=764789/CN=Shalini Thakur
  renewal policy: /DC=ch/DC=cern/OU=computers/CN=vocms(052|058|030|0118|0105|0109).cern.ch|/DC=ch/DC=cern/OU=computers/CN=crab-(preprod|prod)-tw(02|01).cern.ch
  trusted retrieval policy: /DC=ch/DC=cern/OU=computers/CN=vocms(052|058|030|0118|0105|0109).cern.ch|/DC=ch/DC=cern/OU=computers/CN=crab-(preprod|prod)-tw(02|01).cern.ch
  timeleft: 558:20:37  (23.3 days)

 error: 
 retcode : 0
DEBUG 2019-11-01 12:17:23.549 UTC: 	 Myproxy is valid: 2010037
DEBUG 2019-11-01 12:17:23.550 UTC: 	 Command use: submit
DEBUG 2019-11-01 12:17:23.550 UTC: 	 Options use: ['--config', <WMCore.Configuration.Configuration object at 0x7f7518175f90>]
DEBUG 2019-11-01 12:17:23.649 UTC: 	 CRABClient version: 3.3.1910.patch2
DEBUG 2019-11-01 12:17:23.649 UTC: 	 Instance is prod
DEBUG 2019-11-01 12:17:23.649 UTC: 	 Server base url is cmsweb.cern.ch
DEBUG 2019-11-01 12:17:23.649 UTC: 	 Command url /crabserver/prod/workflow
DEBUG 2019-11-01 12:17:23.649 UTC: 	 Started submission
DEBUG 2019-11-01 12:17:23.649 UTC: 	 Working on /afs/cern.ch/work/s/sthakur/xRavindra/MiniTree2017Data/CMSSW_10_4_0/src/ExLep2017Crab/crab/CrabMC_20191101/crab_ExLepMuMuZ_M500_MC_20191101
DEBUG 2019-11-01 12:17:23.790 UTC: 	 Loading required information from the environment
DEBUG 2019-11-01 12:17:23.790 UTC: 	 Found CMSSW_10_4_0 for slc7_amd64_gcc700 with base /afs/cern.ch/work/s/sthakur/xRavindra/MiniTree2017Data/CMSSW_10_4_0
DEBUG 2019-11-01 12:17:23.790 UTC: 	 Loading required information from the environment
DEBUG 2019-11-01 12:17:23.790 UTC: 	 Found CMSSW_10_4_0 for slc7_amd64_gcc700 with base /afs/cern.ch/work/s/sthakur/xRavindra/MiniTree2017Data/CMSSW_10_4_0
DEBUG 2019-11-01 12:17:23.805 UTC: 	 UNIQUE NAME: tarUUID b5c90e38-8ebb-49fb-a7e3-feb33d3eb268 
DEBUG 2019-11-01 12:17:23.806 UTC: 	 self.config: from WMCore.Configuration import Configuration
config = Configuration()
config.section_('General')
config.General.workArea = 'CrabMC_20191101'
config.General.transferOutputs = True
config.General.transferLogs = False
config.General.requestName = 'ExLepMuMuZ_M500_MC_20191101'
config.section_('JobType')
config.JobType.psetName = '20191101/config/ExLepMuMuZ_M500_MC_20191101_cfg.py'
config.JobType.pluginName = 'Analysis'
config.JobType.inputFiles = ['../../ExLep2017Tree/Selection/test/Fall17_V3_MC_PtResolution_AK8PF.txt', '../../ExLep2017Tree/Selection/test/Fall17_V3_MC_SF_AK8PF.txt']
config.JobType.allowUndistributedCMSSW = True
config.JobType.maxMemoryMB = 2000
config.section_('Data')
config.Data.inputDataset = '/ExcitedLepton_MuMuZ-500_TuneCP5_13TeV-pythia8/RunIIFall17MiniAODv2-PU2017_12Apr2018_94X_mc2017_realistic_v14-v1/MINIAODSIM'
config.Data.allowNonValidInputDataset = True
config.Data.unitsPerJob = 10
config.Data.inputDBS = 'global'
config.Data.splitting = 'FileBased'
config.Data.outputDatasetTag = 'ExLepMuMuZ_M500_MC_20191101'
config.Data.outLFNDirBase = '/store/user/sthakur/ntuple_for2017MC_20191101/MC_20191101/ExLepMuMuZ_M500_MC_20191101'
config.section_('Site')
config.Site.storageSite = 'T2_IN_TIFR'
config.section_('User')
config.section_('Debug')

DEBUG 2019-11-01 12:17:23.806 UTC: 	 self.config.JobType.psetName: 20191101/config/ExLepMuMuZ_M500_MC_20191101_cfg.py
INFO 2019-11-01 12:17:23.806 UTC: 	 Importing CMSSW configuration 20191101/config/ExLepMuMuZ_M500_MC_20191101_cfg.py
INFO 2019-11-01 12:17:24.009 UTC: 	 Finished importing CMSSW configuration 20191101/config/ExLepMuMuZ_M500_MC_20191101_cfg.py
DEBUG 2019-11-01 12:17:24.009 UTC: 	 Writing CMSSW configuration to /afs/cern.ch/work/s/sthakur/xRavindra/MiniTree2017Data/CMSSW_10_4_0/src/ExLep2017Crab/crab/CrabMC_20191101/crab_ExLepMuMuZ_M500_MC_20191101/inputs/PSet.py
DEBUG 2019-11-01 12:17:24.053 UTC: 	 The following EDM output files will be collected: []
DEBUG 2019-11-01 12:17:24.053 UTC: 	 The following TFile output files will be collected: ['ExLepMuMuZ_M500_MC_20191101_Ntuple.root']
DEBUG 2019-11-01 12:17:24.053 UTC: 	 The following user output files (not listed as PoolOuputModule or TFileService in the CMSSW PSet) will be collected: 
DEBUG 2019-11-01 12:17:24.053 UTC: 	 Loading required information from the environment
DEBUG 2019-11-01 12:17:24.053 UTC: 	 Found CMSSW_10_4_0 for slc7_amd64_gcc700 with base /afs/cern.ch/work/s/sthakur/xRavindra/MiniTree2017Data/CMSSW_10_4_0
DEBUG 2019-11-01 12:17:24.053 UTC: 	 Making tarball in /afs/cern.ch/work/s/sthakur/xRavindra/MiniTree2017Data/CMSSW_10_4_0/src/ExLep2017Crab/crab/CrabMC_20191101/crab_ExLepMuMuZ_M500_MC_20191101/inputs/b5c90e38-8ebb-49fb-a7e3-feb33d3eb268default.tgz
DEBUG 2019-11-01 12:17:24.054 UTC: 	 Checking directory /afs/cern.ch/work/s/sthakur/xRavindra/MiniTree2017Data/CMSSW_10_4_0/lib
DEBUG 2019-11-01 12:17:24.054 UTC: 	 Adding directory /afs/cern.ch/work/s/sthakur/xRavindra/MiniTree2017Data/CMSSW_10_4_0/lib to tarball
DEBUG 2019-11-01 12:17:24.066 UTC: 	 Checking directory /afs/cern.ch/work/s/sthakur/xRavindra/MiniTree2017Data/CMSSW_10_4_0/biglib
DEBUG 2019-11-01 12:17:24.066 UTC: 	 Adding directory /afs/cern.ch/work/s/sthakur/xRavindra/MiniTree2017Data/CMSSW_10_4_0/biglib to tarball
DEBUG 2019-11-01 12:17:24.067 UTC: 	 Checking directory /afs/cern.ch/work/s/sthakur/xRavindra/MiniTree2017Data/CMSSW_10_4_0/module
DEBUG 2019-11-01 12:17:24.075 UTC: 	 Adding data directory /afs/cern.ch/work/s/sthakur/xRavindra/MiniTree2017Data/CMSSW_10_4_0/src/ExLep2017Tree/Selection/interface to tarball
DEBUG 2019-11-01 12:17:24.094 UTC: 	 Adding file ../../ExLep2017Tree/Selection/test/Fall17_V3_MC_PtResolution_AK8PF.txt to tarball
DEBUG 2019-11-01 12:17:24.095 UTC: 	 Adding file ../../ExLep2017Tree/Selection/test/Fall17_V3_MC_SF_AK8PF.txt to tarball
DEBUG 2019-11-01 12:17:24.199 UTC: 	 Uploading archive /afs/cern.ch/work/s/sthakur/xRavindra/MiniTree2017Data/CMSSW_10_4_0/src/ExLep2017Crab/crab/CrabMC_20191101/crab_ExLepMuMuZ_M500_MC_20191101/inputs/b5c90e38-8ebb-49fb-a7e3-feb33d3eb268default.tgz (239 KB) to the CRAB cache. Using URI https://cmsweb.cern.ch/crabcache
DEBUG 2019-11-01 12:17:24.502 UTC: 	 Loading required information from the environment
DEBUG 2019-11-01 12:17:24.502 UTC: 	 Found CMSSW_10_4_0 for slc7_amd64_gcc700 with base /afs/cern.ch/work/s/sthakur/xRavindra/MiniTree2017Data/CMSSW_10_4_0
DEBUG 2019-11-01 12:17:24.503 UTC: 	 Making tarball in /afs/cern.ch/work/s/sthakur/xRavindra/MiniTree2017Data/CMSSW_10_4_0/src/ExLep2017Crab/crab/CrabMC_20191101/crab_ExLepMuMuZ_M500_MC_20191101/inputs/debugFiles.tgz
DEBUG 2019-11-01 12:17:24.510 UTC: 	 Uploading archive /afs/cern.ch/work/s/sthakur/xRavindra/MiniTree2017Data/CMSSW_10_4_0/src/ExLep2017Crab/crab/CrabMC_20191101/crab_ExLepMuMuZ_M500_MC_20191101/inputs/debugFiles.tgz (2 KB) to the CRAB cache. Using URI https://cmsweb.cern.ch/crabcache
DEBUG 2019-11-01 12:17:24.594 UTC: 	 Result uploading input files: c2f5ec21a3c12fafeb808e4282a7954012f6932adcff971aae1b396c83f540a9.tar.gz 
WARNING 2019-11-01 12:17:24.594 UTC: 	 Warning: The following output files will not be published, as they are not EDM files: ['ExLepMuMuZ_M500_MC_20191101_Ntuple.root']
INFO 2019-11-01 12:17:24.594 UTC: 	 Sending the request to the server at cmsweb.cern.ch
DEBUG 2019-11-01 12:17:24.595 UTC: 	 Submitting {'maxjobruntime': 1250, 'extrajdl': [], 'ignorelocality': 0, 'savelogsflag': 0, 'useparent': 0, 'asyncdest': 'T2_IN_TIFR', 'algoargs': 10, 'cachefilename': 'c2f5ec21a3c12fafeb808e4282a7954012f6932adcff971aae1b396c83f540a9.tar.gz', 'numcores': 1, 'addoutputfiles': [], 'generator': 'pythia', 'maxmemory': 2000, 'publishdbsurl': 'https://cmsweb.cern.ch/dbs/prod/phys03/DBSWriter', 'priority': 10, 'jobsw': 'CMSSW_10_4_0', 'edmoutfiles': [], 'userfiles': [], 'primarydataset': '', 'inputdata': '/ExcitedLepton_MuMuZ-500_TuneCP5_13TeV-pythia8/RunIIFall17MiniAODv2-PU2017_12Apr2018_94X_mc2017_realistic_v14-v1/MINIAODSIM', 'lfn': '/store/user/sthakur/ntuple_for2017MC_20191101/MC_20191101/ExLepMuMuZ_M500_MC_20191101', 'dryrun': 0, 'workflow': 'crab_ExLepMuMuZ_M500_MC_20191101', 'cacheurl': u'https://cmsweb.cern.ch/crabcache', 'nonprodsw': 1, 'tfileoutfiles': ['ExLepMuMuZ_M500_MC_20191101_Ntuple.root'], 'oneEventMode': 0, 'debugfilename': '851d717f33ed58e9d27293b3678dcb27676d64248c5e9f9ca2faf5804ccaeb5c.tar.gz', 'saveoutput': 1, 'publication': 1, 'jobarch': 'slc7_amd64_gcc700', 'totalunits': 0, 'splitalgo': 'FileBased', 'ignoreglobalblacklist': 0, 'nonvaliddata': 1, 'dbsurl': 'https://cmsweb.cern.ch/dbs/prod/global/DBSReader', 'publishgroupname': 0, 'jobtype': 'Analysis', 'publishname2': 'ExLepMuMuZ_M500_MC_20191101'} 
DEBUG 2019-11-01 12:17:24.595 UTC: 	 Encoded submit request: maxjobruntime=1250&ignorelocality=0&savelogsflag=0&useparent=0&asyncdest=T2_IN_TIFR&algoargs=10&cachefilename=c2f5ec21a3c12fafeb808e4282a7954012f6932adcff971aae1b396c83f540a9.tar.gz&numcores=1&generator=pythia&maxmemory=2000&publishdbsurl=https%3A%2F%2Fcmsweb.cern.ch%2Fdbs%2Fprod%2Fphys03%2FDBSWriter&priority=10&jobsw=CMSSW_10_4_0&primarydataset=&inputdata=%2FExcitedLepton_MuMuZ-500_TuneCP5_13TeV-pythia8%2FRunIIFall17MiniAODv2-PU2017_12Apr2018_94X_mc2017_realistic_v14-v1%2FMINIAODSIM&lfn=%2Fstore%2Fuser%2Fsthakur%2Fntuple_for2017MC_20191101%2FMC_20191101%2FExLepMuMuZ_M500_MC_20191101&dryrun=0&workflow=crab_ExLepMuMuZ_M500_MC_20191101&cacheurl=https%3A%2F%2Fcmsweb.cern.ch%2Fcrabcache&nonprodsw=1&oneEventMode=0&debugfilename=851d717f33ed58e9d27293b3678dcb27676d64248c5e9f9ca2faf5804ccaeb5c.tar.gz&saveoutput=1&publication=1&jobarch=slc7_amd64_gcc700&totalunits=0&splitalgo=FileBased&ignoreglobalblacklist=0&nonvaliddata=1&dbsurl=https%3A%2F%2Fcmsweb.cern.ch%2Fdbs%2Fprod%2Fglobal%2FDBSReader&publishgroupname=0&jobtype=Analysis&publishname2=ExLepMuMuZ_M500_MC_20191101&tfileoutfiles=ExLepMuMuZ_M500_MC_20191101_Ntuple.root
DEBUG 2019-11-01 12:17:24.707 UTC: 	 Result: {u'result': [{u'RequestName': u'191101_121724:sthakur_crab_ExLepMuMuZ_M500_MC_20191101'}]}
INFO 2019-11-01 12:17:24.710 UTC: 	 Success: Your task has been delivered to the prod CRAB3 server.
INFO 2019-11-01 12:17:24.710 UTC: 	 Task name: 191101_121724:sthakur_crab_ExLepMuMuZ_M500_MC_20191101
INFO 2019-11-01 12:17:24.710 UTC: 	 Project dir: CrabMC_20191101/crab_ExLepMuMuZ_M500_MC_20191101
INFO 2019-11-01 12:17:24.711 UTC: 	 Please use 'crab status -d CrabMC_20191101/crab_ExLepMuMuZ_M500_MC_20191101' to check how the submission process proceeds.
DEBUG 2019-11-01 12:17:24.711 UTC: 	 About to return
DEBUG 2019-11-01 12:49:50.400 UTC: 	 Running on: Linux lxplus707.cern.ch 3.10.0-1062.1.2.el7.x86_64 #1 SMP Mon Sep 30 14:19:46 UTC 2019 x86_64 x86_64 x86_64 GNU/Linux
Description:	CentOS Linux release 7.7.1908 (Core) 

DEBUG 2019-11-01 12:49:50.400 UTC: 	 Executing command: 'status'
DEBUG 2019-11-01 12:49:50.400 UTC: 	 Found CRAB cache file /afs/cern.ch/user/s/sthakur/.crab3
DEBUG 2019-11-01 12:49:50.410 UTC: 	 Checking credentials
DEBUG 2019-11-01 12:49:50.410 UTC: 	 Found proxy file /tmp/x509up_u77410
DEBUG 2019-11-01 12:49:50.410 UTC: 	 Getting proxy life time left
DEBUG 2019-11-01 12:49:51.015 UTC: 	 Executing : 
 command : voms-proxy-info -file /tmp/x509up_u77410 -timeleft
 output : 40808

 error: 
 retcode : 0
DEBUG 2019-11-01 12:49:51.721 UTC: 	 Executing : 
 command : voms-proxy-info -file /tmp/x509up_u77410 -actimeleft
 output : 40807

 error: 
 retcode : 0
DEBUG 2019-11-01 12:49:51.721 UTC: 	 Proxy lifetime 40808 secs is different from voms extension lifetime 40807 secs for proxy: /tmp/x509up_u77410
DEBUG 2019-11-01 12:49:51.721 UTC: 	 Proxy valid for 11:20:07 hours
DEBUG 2019-11-01 12:49:51.835 UTC: 	 Executing : 
 command : openssl x509 -in ~/.globus/usercert.pem -subject -noout
 output : subject= /DC=ch/DC=cern/OU=Organic Units/OU=Users/CN=sthakur/CN=764789/CN=Shalini Thakur

 error: 
 retcode : 0
DEBUG 2019-11-01 12:49:51.835 UTC: 	 Checking credentials
DEBUG 2019-11-01 12:49:51.835 UTC: 	 Found proxy file /tmp/x509up_u77410
DEBUG 2019-11-01 12:49:51.835 UTC: 	 Getting proxy life time left
DEBUG 2019-11-01 12:49:52.541 UTC: 	 Executing : 
 command : voms-proxy-info -file /tmp/x509up_u77410 -timeleft
 output : 40806

 error: 
 retcode : 0
DEBUG 2019-11-01 12:49:53.247 UTC: 	 Executing : 
 command : voms-proxy-info -file /tmp/x509up_u77410 -actimeleft
 output : 40805

 error: 
 retcode : 0
DEBUG 2019-11-01 12:49:53.247 UTC: 	 Proxy lifetime 40806 secs is different from voms extension lifetime 40805 secs for proxy: /tmp/x509up_u77410
DEBUG 2019-11-01 12:49:53.247 UTC: 	 Proxy valid for 11:20:05 hours
DEBUG 2019-11-01 12:49:53.335 UTC: 	 Registering user credentials for server /DC=ch/DC=cern/OU=computers/CN=vocms(052|058|030|0118|0105|0109).cern.ch|/DC=ch/DC=cern/OU=computers/CN=crab-(preprod|prod)-tw(02|01).cern.ch
DEBUG 2019-11-01 12:49:53.446 UTC: 	 Executing : 
 command : openssl x509 -in ~/.globus/usercert.pem -subject -noout
 output : subject= /DC=ch/DC=cern/OU=Organic Units/OU=Users/CN=sthakur/CN=764789/CN=Shalini Thakur

 error: 
 retcode : 0
DEBUG 2019-11-01 12:49:53.446 UTC: 	 Getting myproxy life time left for myproxy.cern.ch
DEBUG 2019-11-01 12:49:53.446 UTC: 	 Calculating hash of /DC=ch/DC=cern/OU=Organic Units/OU=Users/CN=sthakur/CN=764789/CN=Shalini Thakur_cmsweb.cern.ch for credential name
DEBUG 2019-11-01 12:49:53.851 UTC: 	 Executing : 
 command : myproxy-info -l 9cd94953387eeee7bf4da2b7588630639ea1153b -s myproxy.cern.ch
 output : username: 9cd94953387eeee7bf4da2b7588630639ea1153b
owner: /DC=ch/DC=cern/OU=Organic Units/OU=Users/CN=sthakur/CN=764789/CN=Shalini Thakur
  renewal policy: /DC=ch/DC=cern/OU=computers/CN=vocms(052|058|030|0118|0105|0109).cern.ch|/DC=ch/DC=cern/OU=computers/CN=crab-(preprod|prod)-tw(02|01).cern.ch
  trusted retrieval policy: /DC=ch/DC=cern/OU=computers/CN=vocms(052|058|030|0118|0105|0109).cern.ch|/DC=ch/DC=cern/OU=computers/CN=crab-(preprod|prod)-tw(02|01).cern.ch
  timeleft: 557:48:07  (23.2 days)

 error: 
 retcode : 0
DEBUG 2019-11-01 12:49:53.852 UTC: 	 Myproxy is valid: 2008087
DEBUG 2019-11-01 12:49:53.853 UTC: 	 Command use: status
DEBUG 2019-11-01 12:49:53.853 UTC: 	 Options use: ['--verboseErrors', 'CrabMC_20191101/crab_ExLepMuMuZ_M500_MC_20191101']
DEBUG 2019-11-01 12:49:53.931 UTC: 	 CRABClient version: 3.3.1910.patch2
DEBUG 2019-11-01 12:49:53.931 UTC: 	 Instance is prod
DEBUG 2019-11-01 12:49:53.932 UTC: 	 Server base url is cmsweb.cern.ch
DEBUG 2019-11-01 12:49:53.932 UTC: 	 Command url /crabserver/prod/workflow
DEBUG 2019-11-01 12:49:54.019 UTC: 	 Got information from server oracle database: {u'result': [u'191101_121724:sthakur_crab_ExLepMuMuZ_M500_MC_20191101', u'None', u'None', u'SUBMITTED', u'SUBMIT', u'2019-11-01 12:17:24.697917', u'None', u'2019-11-01 12:18:23.156077', u'None', u'CMSSW_10_4_0', u'slc7_amd64_gcc700', u'/ExcitedLepton_MuMuZ-500_TuneCP5_13TeV-pythia8/RunIIFall17MiniAODv2-PU2017_12Apr2018_94X_mc2017_realistic_v14-v1/MINIAODSIM', u'T', u'0', u'[]', u'[]', u'FileBased', u"{'splitOnRun': False, 'halt_job_on_file_boundaries': False, 'files_per_job': 10, 'runs': [], 'lumis': []}", u'c2f5ec21a3c12fafeb808e4282a7954012f6932adcff971aae1b396c83f540a9.tar.gz', u'https://cmsweb.cern.ch/crabcache', u'sthakur', u'/DC=ch/DC=cern/OU=Organic Units/OU=Users/CN=sthakur/CN=764789/CN=Shalini Thakur', u'cms', u'None', u'None', u'ExLepMuMuZ_M500_MC_20191101-00000000000000000000000000000000', u'F', u'T2_IN_TIFR', u'https://cmsweb.cern.ch/dbs/prod/global/DBSReader', u'https://cmsweb.cern.ch/dbs/prod/phys03/DBSWriter', u'T', u'[]', u"['ExLepMuMuZ_M500_MC_20191101_Ntuple.root']", u'[]', u'Analysis', u'pythia', u'None', u'{}', u'[]', u'F', u'crab-prod-tw01', u'[]', u'1250', u'1', u'2000', u'10', u'None', u'[]', u'http://vocms0137.cern.ch/mon/cms251/191101_121724:sthakur_crab_ExLepMuMuZ_M500_MC_20191101', u'None', u'[]', u'[]', u'https://cmsweb.cern.ch/crabserver/prod', u'cmsgwms-collector-global.cern.ch:9620,cmssrv623.fnal.gov:9620', u'crab3@vocms0137.cern.ch', u'F', u'[]', u'T', u'/store/user/sthakur/ntuple_for2017MC_20191101/MC_20191101/ExLepMuMuZ_M500_MC_20191101', u'F', u'None', u'F', u'None', u'ExcitedLepton_MuMuZ-500_TuneCP5_13TeV-pythia8', u'None', u'851d717f33ed58e9d27293b3678dcb27676d64248c5e9f9ca2faf5804ccaeb5c.tar.gz', u'44019025', u'filetransfers', u'F', u'2001:1458:d00:2e::100:9b', u'0.0', u'None'], u'desc': {u'columns': [u'tm_taskname', u'tm_activity', u'panda_jobset_id', u'tm_task_status', u'tm_task_command', u'tm_start_time', u'tm_start_injection', u'tm_end_injection', u'tm_task_failure', u'tm_job_sw', u'tm_job_arch', u'tm_input_dataset', u'tm_nonvalid_input_dataset', u'tm_use_parent', u'tm_site_whitelist', u'tm_site_blacklist', u'tm_split_algo', u'tm_split_args', u'tm_user_sandbox', u'tm_cache_url', u'tm_username', u'tm_user_dn', u'tm_user_vo', u'tm_user_role', u'tm_user_group', u'tm_publish_name', u'tm_publish_groupname', u'tm_asyncdest', u'tm_dbs_url', u'tm_publish_dbs_url', u'tm_publication', u'tm_outfiles', u'tm_tfile_outfiles', u'tm_edm_outfiles', u'tm_job_type', u'tm_generator', u'tm_events_per_lumi', u'tm_arguments', u'panda_resubmitted_jobs', u'tm_save_logs', u'tw_name', u'tm_user_infiles', u'tm_maxjobruntime', u'tm_numcores', u'tm_maxmemory', u'tm_priority', u'tm_output_dataset', u'tm_task_warnings', u'tm_user_webdir', u'tm_scriptexe', u'tm_scriptargs', u'tm_extrajdl', u'tm_asourl', u'tm_collector', u'tm_schedd', u'tm_dry_run', u'tm_user_files', u'tm_transfer_outputs', u'tm_output_lfn', u'tm_ignore_locality', u'tm_fail_limit', u'tm_one_event_mode', u'tm_secondary_input_dataset', u'tm_primary_dataset', u'tm_last_publication', u'tm_debug_files', u'clusterid', u'tm_asodb', u'tm_ignore_global_blacklist', u'tm_submitter_ip_addr', u'tm_totalunits', u'tm_ddm_reqid']}}
INFO 2019-11-01 12:49:54.020 UTC: 	 CRAB project directory:		/afs/cern.ch/work/s/sthakur/xRavindra/MiniTree2017Data/CMSSW_10_4_0/src/ExLep2017Crab/crab/CrabMC_20191101/crab_ExLepMuMuZ_M500_MC_20191101
INFO 2019-11-01 12:49:54.020 UTC: 	 Task name:			191101_121724:sthakur_crab_ExLepMuMuZ_M500_MC_20191101
INFO 2019-11-01 12:49:54.020 UTC: 	 Grid scheduler - Task Worker:	crab3@vocms0137.cern.ch - crab-prod-tw01
INFO 2019-11-01 12:49:54.020 UTC: 	 Status on the CRAB server:	SUBMITTED
INFO 2019-11-01 12:49:54.020 UTC: 	 Task URL to use for HELP:	https://cmsweb.cern.ch/crabserver/ui/task/191101_121724%3Asthakur_crab_ExLepMuMuZ_M500_MC_20191101
INFO 2019-11-01 12:49:54.020 UTC: 	 Dashboard monitoring URL:	https://monit-grafana.cern.ch/d/cmsTMDetail/cms-task-monitoring-task-view?orgId=11&var-user=sthakur&var-task=191101_121724%3Asthakur_crab_ExLepMuMuZ_M500_MC_20191101
INFO 2019-11-01 12:49:54.020 UTC: 	 In case of issues with the dashboard, please provide feedback to hn-cms-computing-tools@cern.ch
DEBUG 2019-11-01 12:49:54.020 UTC: 	 The CRAB server submitted your task to the Grid scheduler (cluster ID: 44019025)
DEBUG 2019-11-01 12:49:54.020 UTC: 	 Webdir is located at http://vocms0137.cern.ch/mon/cms251/191101_121724:sthakur_crab_ExLepMuMuZ_M500_MC_20191101
DEBUG 2019-11-01 12:49:54.111 UTC: 	 Proxied webdir is located at https://cmsweb.cern.ch/scheddmon/0137/cms251/191101_121724:sthakur_crab_ExLepMuMuZ_M500_MC_20191101
DEBUG 2019-11-01 12:49:54.111 UTC: 	 Retrieving 'status_cache' file from https://cmsweb.cern.ch/scheddmon/0137/cms251/191101_121724:sthakur_crab_ExLepMuMuZ_M500_MC_20191101/status_cache
DEBUG 2019-11-01 12:49:54.159 UTC: 	 Got information from status cache file: {'1': {'Retries': 0, 'WallDurations': [8.0, 309.0], 'StartTimes': [1572612147.0], 'SubmitTimes': [1572610714.0], 'JobIds': ['44019028.0'], 'EndTimes': [], 'Restarts': 0, 'RecordedSite': True, 'State': 'running', 'ResidentSetSize': [683468], 'TotalUserCpuTimeHistory': [42.0], 'SiteHistory': ['Unknown', 'T2_US_MIT'], 'TotalSysCpuTimeHistory': [3.0]}, '2': {'Retries': 0, 'WallDurations': [8.0, 308.0], 'StartTimes': [1572612152.0], 'SubmitTimes': [1572610715.0], 'JobIds': ['44019029.0'], 'EndTimes': [], 'Restarts': 0, 'RecordedSite': True, 'State': 'running', 'ResidentSetSize': [751876], 'TotalUserCpuTimeHistory': [30.0], 'SiteHistory': ['Unknown', 'T2_US_MIT'], 'TotalSysCpuTimeHistory': [2.0]}}
INFO 2019-11-01 12:49:54.159 UTC: 	 Status on the scheduler:	SUBMITTED
INFO 2019-11-01 12:49:54.159 UTC: 	 
Jobs status:                    running      		100.0% (2/2)
INFO 2019-11-01 12:49:54.159 UTC: 	 
No publication information available yet
INFO 2019-11-01 12:49:54.168 UTC: 	 Log file is /afs/cern.ch/work/s/sthakur/xRavindra/MiniTree2017Data/CMSSW_10_4_0/src/ExLep2017Crab/crab/CrabMC_20191101/crab_ExLepMuMuZ_M500_MC_20191101/crab.log
DEBUG 2019-11-01 16:57:16.877 UTC: 	 Running on: Linux lxplus721.cern.ch 3.10.0-1062.1.2.el7.x86_64 #1 SMP Mon Sep 30 14:19:46 UTC 2019 x86_64 x86_64 x86_64 GNU/Linux
Description:	CentOS Linux release 7.7.1908 (Core) 

DEBUG 2019-11-01 16:57:16.877 UTC: 	 Executing command: 'status'
DEBUG 2019-11-01 16:57:16.877 UTC: 	 Found CRAB cache file /afs/cern.ch/user/s/sthakur/.crab3
DEBUG 2019-11-01 16:57:16.903 UTC: 	 Checking credentials
DEBUG 2019-11-01 16:57:16.904 UTC: 	 Found proxy file /tmp/x509up_u77410
DEBUG 2019-11-01 16:57:16.904 UTC: 	 Getting proxy life time left
DEBUG 2019-11-01 16:57:17.615 UTC: 	 Executing : 
 command : voms-proxy-info -file /tmp/x509up_u77410 -timeleft
 output : 42991

 error: 
 retcode : 0
DEBUG 2019-11-01 16:57:18.320 UTC: 	 Executing : 
 command : voms-proxy-info -file /tmp/x509up_u77410 -actimeleft
 output : 42990

 error: 
 retcode : 0
DEBUG 2019-11-01 16:57:18.321 UTC: 	 Proxy lifetime 42991 secs is different from voms extension lifetime 42990 secs for proxy: /tmp/x509up_u77410
DEBUG 2019-11-01 16:57:18.321 UTC: 	 Proxy valid for 11:56:30 hours
DEBUG 2019-11-01 16:57:18.435 UTC: 	 Executing : 
 command : openssl x509 -in ~/.globus/usercert.pem -subject -noout
 output : subject= /DC=ch/DC=cern/OU=Organic Units/OU=Users/CN=sthakur/CN=764789/CN=Shalini Thakur

 error: 
 retcode : 0
DEBUG 2019-11-01 16:57:18.435 UTC: 	 Checking credentials
DEBUG 2019-11-01 16:57:18.435 UTC: 	 Found proxy file /tmp/x509up_u77410
DEBUG 2019-11-01 16:57:18.435 UTC: 	 Getting proxy life time left
DEBUG 2019-11-01 16:57:19.347 UTC: 	 Executing : 
 command : voms-proxy-info -file /tmp/x509up_u77410 -timeleft
 output : 42989

 error: 
 retcode : 0
DEBUG 2019-11-01 16:57:20.052 UTC: 	 Executing : 
 command : voms-proxy-info -file /tmp/x509up_u77410 -actimeleft
 output : 42988

 error: 
 retcode : 0
DEBUG 2019-11-01 16:57:20.052 UTC: 	 Proxy lifetime 42989 secs is different from voms extension lifetime 42988 secs for proxy: /tmp/x509up_u77410
DEBUG 2019-11-01 16:57:20.053 UTC: 	 Proxy valid for 11:56:28 hours
DEBUG 2019-11-01 16:57:20.153 UTC: 	 Registering user credentials for server /DC=ch/DC=cern/OU=computers/CN=vocms(052|058|030|0118|0105|0109).cern.ch|/DC=ch/DC=cern/OU=computers/CN=crab-(preprod|prod)-tw(02|01).cern.ch
DEBUG 2019-11-01 16:57:20.264 UTC: 	 Executing : 
 command : openssl x509 -in ~/.globus/usercert.pem -subject -noout
 output : subject= /DC=ch/DC=cern/OU=Organic Units/OU=Users/CN=sthakur/CN=764789/CN=Shalini Thakur

 error: 
 retcode : 0
DEBUG 2019-11-01 16:57:20.264 UTC: 	 Getting myproxy life time left for myproxy.cern.ch
DEBUG 2019-11-01 16:57:20.264 UTC: 	 Calculating hash of /DC=ch/DC=cern/OU=Organic Units/OU=Users/CN=sthakur/CN=764789/CN=Shalini Thakur_cmsweb.cern.ch for credential name
DEBUG 2019-11-01 16:57:20.871 UTC: 	 Executing : 
 command : myproxy-info -l 9cd94953387eeee7bf4da2b7588630639ea1153b -s myproxy.cern.ch
 output : username: 9cd94953387eeee7bf4da2b7588630639ea1153b
owner: /DC=ch/DC=cern/OU=Organic Units/OU=Users/CN=sthakur/CN=764789/CN=Shalini Thakur
  renewal policy: /DC=ch/DC=cern/OU=computers/CN=vocms(052|058|030|0118|0105|0109).cern.ch|/DC=ch/DC=cern/OU=computers/CN=crab-(preprod|prod)-tw(02|01).cern.ch
  trusted retrieval policy: /DC=ch/DC=cern/OU=computers/CN=vocms(052|058|030|0118|0105|0109).cern.ch|/DC=ch/DC=cern/OU=computers/CN=crab-(preprod|prod)-tw(02|01).cern.ch
  timeleft: 553:40:40  (23.1 days)

 error: 
 retcode : 0
DEBUG 2019-11-01 16:57:20.872 UTC: 	 Myproxy is valid: 1993240
DEBUG 2019-11-01 16:57:20.873 UTC: 	 Command use: status
DEBUG 2019-11-01 16:57:20.873 UTC: 	 Options use: ['--verboseErrors', 'CrabMC_20191101/crab_ExLepMuMuZ_M500_MC_20191101']
DEBUG 2019-11-01 16:57:20.968 UTC: 	 CRABClient version: 3.3.1910.patch2
DEBUG 2019-11-01 16:57:20.968 UTC: 	 Instance is prod
DEBUG 2019-11-01 16:57:20.968 UTC: 	 Server base url is cmsweb.cern.ch
DEBUG 2019-11-01 16:57:20.968 UTC: 	 Command url /crabserver/prod/workflow
DEBUG 2019-11-01 16:57:21.079 UTC: 	 Got information from server oracle database: {u'result': [u'191101_121724:sthakur_crab_ExLepMuMuZ_M500_MC_20191101', u'None', u'None', u'SUBMITTED', u'SUBMIT', u'2019-11-01 12:17:24.697917', u'None', u'2019-11-01 12:18:23.156077', u'None', u'CMSSW_10_4_0', u'slc7_amd64_gcc700', u'/ExcitedLepton_MuMuZ-500_TuneCP5_13TeV-pythia8/RunIIFall17MiniAODv2-PU2017_12Apr2018_94X_mc2017_realistic_v14-v1/MINIAODSIM', u'T', u'0', u'[]', u'[]', u'FileBased', u"{'splitOnRun': False, 'halt_job_on_file_boundaries': False, 'files_per_job': 10, 'runs': [], 'lumis': []}", u'c2f5ec21a3c12fafeb808e4282a7954012f6932adcff971aae1b396c83f540a9.tar.gz', u'https://cmsweb.cern.ch/crabcache', u'sthakur', u'/DC=ch/DC=cern/OU=Organic Units/OU=Users/CN=sthakur/CN=764789/CN=Shalini Thakur', u'cms', u'None', u'None', u'ExLepMuMuZ_M500_MC_20191101-00000000000000000000000000000000', u'F', u'T2_IN_TIFR', u'https://cmsweb.cern.ch/dbs/prod/global/DBSReader', u'https://cmsweb.cern.ch/dbs/prod/phys03/DBSWriter', u'T', u'[]', u"['ExLepMuMuZ_M500_MC_20191101_Ntuple.root']", u'[]', u'Analysis', u'pythia', u'None', u'{}', u'[]', u'F', u'crab-prod-tw01', u'[]', u'1250', u'1', u'2000', u'10', u'None', u'[]', u'http://vocms0137.cern.ch/mon/cms251/191101_121724:sthakur_crab_ExLepMuMuZ_M500_MC_20191101', u'None', u'[]', u'[]', u'https://cmsweb.cern.ch/crabserver/prod', u'cmsgwms-collector-global.cern.ch:9620,cmssrv623.fnal.gov:9620', u'crab3@vocms0137.cern.ch', u'F', u'[]', u'T', u'/store/user/sthakur/ntuple_for2017MC_20191101/MC_20191101/ExLepMuMuZ_M500_MC_20191101', u'F', u'None', u'F', u'None', u'ExcitedLepton_MuMuZ-500_TuneCP5_13TeV-pythia8', u'None', u'851d717f33ed58e9d27293b3678dcb27676d64248c5e9f9ca2faf5804ccaeb5c.tar.gz', u'44019025', u'filetransfers', u'F', u'2001:1458:d00:2e::100:9b', u'0.0', u'None'], u'desc': {u'columns': [u'tm_taskname', u'tm_activity', u'panda_jobset_id', u'tm_task_status', u'tm_task_command', u'tm_start_time', u'tm_start_injection', u'tm_end_injection', u'tm_task_failure', u'tm_job_sw', u'tm_job_arch', u'tm_input_dataset', u'tm_nonvalid_input_dataset', u'tm_use_parent', u'tm_site_whitelist', u'tm_site_blacklist', u'tm_split_algo', u'tm_split_args', u'tm_user_sandbox', u'tm_cache_url', u'tm_username', u'tm_user_dn', u'tm_user_vo', u'tm_user_role', u'tm_user_group', u'tm_publish_name', u'tm_publish_groupname', u'tm_asyncdest', u'tm_dbs_url', u'tm_publish_dbs_url', u'tm_publication', u'tm_outfiles', u'tm_tfile_outfiles', u'tm_edm_outfiles', u'tm_job_type', u'tm_generator', u'tm_events_per_lumi', u'tm_arguments', u'panda_resubmitted_jobs', u'tm_save_logs', u'tw_name', u'tm_user_infiles', u'tm_maxjobruntime', u'tm_numcores', u'tm_maxmemory', u'tm_priority', u'tm_output_dataset', u'tm_task_warnings', u'tm_user_webdir', u'tm_scriptexe', u'tm_scriptargs', u'tm_extrajdl', u'tm_asourl', u'tm_collector', u'tm_schedd', u'tm_dry_run', u'tm_user_files', u'tm_transfer_outputs', u'tm_output_lfn', u'tm_ignore_locality', u'tm_fail_limit', u'tm_one_event_mode', u'tm_secondary_input_dataset', u'tm_primary_dataset', u'tm_last_publication', u'tm_debug_files', u'clusterid', u'tm_asodb', u'tm_ignore_global_blacklist', u'tm_submitter_ip_addr', u'tm_totalunits', u'tm_ddm_reqid']}}
INFO 2019-11-01 16:57:21.080 UTC: 	 CRAB project directory:		/afs/cern.ch/work/s/sthakur/xRavindra/MiniTree2017Data/CMSSW_10_4_0/src/ExLep2017Crab/crab/CrabMC_20191101/crab_ExLepMuMuZ_M500_MC_20191101
INFO 2019-11-01 16:57:21.080 UTC: 	 Task name:			191101_121724:sthakur_crab_ExLepMuMuZ_M500_MC_20191101
INFO 2019-11-01 16:57:21.080 UTC: 	 Grid scheduler - Task Worker:	crab3@vocms0137.cern.ch - crab-prod-tw01
INFO 2019-11-01 16:57:21.080 UTC: 	 Status on the CRAB server:	SUBMITTED
INFO 2019-11-01 16:57:21.080 UTC: 	 Task URL to use for HELP:	https://cmsweb.cern.ch/crabserver/ui/task/191101_121724%3Asthakur_crab_ExLepMuMuZ_M500_MC_20191101
INFO 2019-11-01 16:57:21.080 UTC: 	 Dashboard monitoring URL:	https://monit-grafana.cern.ch/d/cmsTMDetail/cms-task-monitoring-task-view?orgId=11&var-user=sthakur&var-task=191101_121724%3Asthakur_crab_ExLepMuMuZ_M500_MC_20191101
INFO 2019-11-01 16:57:21.080 UTC: 	 In case of issues with the dashboard, please provide feedback to hn-cms-computing-tools@cern.ch
DEBUG 2019-11-01 16:57:21.080 UTC: 	 The CRAB server submitted your task to the Grid scheduler (cluster ID: 44019025)
DEBUG 2019-11-01 16:57:21.080 UTC: 	 Webdir is located at http://vocms0137.cern.ch/mon/cms251/191101_121724:sthakur_crab_ExLepMuMuZ_M500_MC_20191101
DEBUG 2019-11-01 16:57:21.231 UTC: 	 Proxied webdir is located at https://cmsweb.cern.ch/scheddmon/0137/cms251/191101_121724:sthakur_crab_ExLepMuMuZ_M500_MC_20191101
DEBUG 2019-11-01 16:57:21.231 UTC: 	 Retrieving 'status_cache' file from https://cmsweb.cern.ch/scheddmon/0137/cms251/191101_121724:sthakur_crab_ExLepMuMuZ_M500_MC_20191101/status_cache
DEBUG 2019-11-01 16:57:21.285 UTC: 	 Got information from status cache file: {'1': {'Retries': 0, 'WallDurations': [8.0, 5574.0], 'StartTimes': [1572612147.0], 'SubmitTimes': [1572610714.0], 'JobIds': ['44019028.0'], 'EndTimes': [1572617721.0], 'Restarts': 0, 'RecordedSite': True, 'State': 'finished', 'ResidentSetSize': [716816], 'TotalUserCpuTimeHistory': [1041], 'SiteHistory': ['Unknown', 'T2_US_MIT'], 'TotalSysCpuTimeHistory': [51]}, '2': {'Retries': 0, 'WallDurations': [8.0, 2152.0], 'StartTimes': [1572612152.0], 'SubmitTimes': [1572610715.0], 'JobIds': ['44019029.0'], 'EndTimes': [1572614304.0], 'Restarts': 0, 'RecordedSite': True, 'State': 'finished', 'ResidentSetSize': [787412], 'TotalUserCpuTimeHistory': [385], 'SiteHistory': ['Unknown', 'T2_US_MIT'], 'TotalSysCpuTimeHistory': [18]}}
INFO 2019-11-01 16:57:21.285 UTC: 	 Status on the scheduler:	COMPLETED
INFO 2019-11-01 16:57:21.286 UTC: 	 
Jobs status:                    finished     		100.0% (2/2)
INFO 2019-11-01 16:57:21.378 UTC: 	 
No publication information available yet
INFO 2019-11-01 16:57:21.379 UTC: 	 
Warning: the max jobs runtime is less than 30% of the task requested value (1250 min), please consider to request a lower value for failed jobs (allowed through crab resubmit) and/or improve the jobs splitting (e.g. config.Data.splitting = 'Automatic') in a new task.
INFO 2019-11-01 16:57:21.379 UTC: 	 
Warning: the average jobs CPU efficiency is less than 50%, please consider to improve the jobs splitting (e.g. config.Data.splitting = 'Automatic') in a new task
INFO 2019-11-01 16:57:21.379 UTC: 	 
Summary of run jobs:
 * Memory: 700MB min, 768MB max, 734MB ave
 * Runtime: 0:35:52 min, 1:32:54 max, 1:04:23 ave
 * CPU eff: 19% min, 20% max, 19% ave
 * Waste: 0:00:16 (0% of total)

INFO 2019-11-01 16:57:21.583 UTC: 	 Log file is /afs/cern.ch/work/s/sthakur/xRavindra/MiniTree2017Data/CMSSW_10_4_0/src/ExLep2017Crab/crab/CrabMC_20191101/crab_ExLepMuMuZ_M500_MC_20191101/crab.log
DEBUG 2019-11-03 17:56:55.337 UTC: 	 Running on: Linux lxplus737.cern.ch 3.10.0-1062.1.2.el7.x86_64 #1 SMP Mon Sep 30 14:19:46 UTC 2019 x86_64 x86_64 x86_64 GNU/Linux
Description:	CentOS Linux release 7.7.1908 (Core) 

DEBUG 2019-11-03 17:56:55.338 UTC: 	 Executing command: 'status'
DEBUG 2019-11-03 17:56:55.338 UTC: 	 Found CRAB cache file /afs/cern.ch/user/s/sthakur/.crab3
DEBUG 2019-11-03 17:56:55.365 UTC: 	 Checking credentials
DEBUG 2019-11-03 17:56:55.366 UTC: 	 Found proxy file /tmp/x509up_u77410
DEBUG 2019-11-03 17:56:55.366 UTC: 	 Getting proxy life time left
DEBUG 2019-11-03 17:56:56.072 UTC: 	 Executing : 
 command : voms-proxy-info -file /tmp/x509up_u77410 -timeleft
 output : 42990

 error: 
 retcode : 0
DEBUG 2019-11-03 17:56:56.779 UTC: 	 Executing : 
 command : voms-proxy-info -file /tmp/x509up_u77410 -actimeleft
 output : 42990

 error: 
 retcode : 0
DEBUG 2019-11-03 17:56:56.780 UTC: 	 Proxy valid for 11:56:30 hours
DEBUG 2019-11-03 17:56:57.016 UTC: 	 Executing : 
 command : openssl x509 -in ~/.globus/usercert.pem -subject -noout
 output : subject= /DC=ch/DC=cern/OU=Organic Units/OU=Users/CN=sthakur/CN=764789/CN=Shalini Thakur

 error: 
 retcode : 0
DEBUG 2019-11-03 17:56:57.016 UTC: 	 Checking credentials
DEBUG 2019-11-03 17:56:57.016 UTC: 	 Found proxy file /tmp/x509up_u77410
DEBUG 2019-11-03 17:56:57.016 UTC: 	 Getting proxy life time left
DEBUG 2019-11-03 17:56:57.723 UTC: 	 Executing : 
 command : voms-proxy-info -file /tmp/x509up_u77410 -timeleft
 output : 42989

 error: 
 retcode : 0
DEBUG 2019-11-03 17:56:58.430 UTC: 	 Executing : 
 command : voms-proxy-info -file /tmp/x509up_u77410 -actimeleft
 output : 42988

 error: 
 retcode : 0
DEBUG 2019-11-03 17:56:58.430 UTC: 	 Proxy lifetime 42989 secs is different from voms extension lifetime 42988 secs for proxy: /tmp/x509up_u77410
DEBUG 2019-11-03 17:56:58.430 UTC: 	 Proxy valid for 11:56:28 hours
DEBUG 2019-11-03 17:56:58.511 UTC: 	 Registering user credentials for server /DC=ch/DC=cern/OU=computers/CN=vocms(052|058|030|0118|0105|0109).cern.ch|/DC=ch/DC=cern/OU=computers/CN=crab-(preprod|prod)-tw(02|01).cern.ch
DEBUG 2019-11-03 17:56:58.622 UTC: 	 Executing : 
 command : openssl x509 -in ~/.globus/usercert.pem -subject -noout
 output : subject= /DC=ch/DC=cern/OU=Organic Units/OU=Users/CN=sthakur/CN=764789/CN=Shalini Thakur

 error: 
 retcode : 0
DEBUG 2019-11-03 17:56:58.622 UTC: 	 Getting myproxy life time left for myproxy.cern.ch
DEBUG 2019-11-03 17:56:58.622 UTC: 	 Calculating hash of /DC=ch/DC=cern/OU=Organic Units/OU=Users/CN=sthakur/CN=764789/CN=Shalini Thakur_cmsweb.cern.ch for credential name
DEBUG 2019-11-03 17:56:58.927 UTC: 	 Executing : 
 command : myproxy-info -l 9cd94953387eeee7bf4da2b7588630639ea1153b -s myproxy.cern.ch
 output : username: 9cd94953387eeee7bf4da2b7588630639ea1153b
owner: /DC=ch/DC=cern/OU=Organic Units/OU=Users/CN=sthakur/CN=764789/CN=Shalini Thakur
  renewal policy: /DC=ch/DC=cern/OU=computers/CN=vocms(052|058|030|0118|0105|0109).cern.ch|/DC=ch/DC=cern/OU=computers/CN=crab-(preprod|prod)-tw(02|01).cern.ch
  trusted retrieval policy: /DC=ch/DC=cern/OU=computers/CN=vocms(052|058|030|0118|0105|0109).cern.ch|/DC=ch/DC=cern/OU=computers/CN=crab-(preprod|prod)-tw(02|01).cern.ch
  timeleft: 504:41:02  (21.0 days)

 error: 
 retcode : 0
DEBUG 2019-11-03 17:56:58.928 UTC: 	 Myproxy is valid: 1816862
DEBUG 2019-11-03 17:56:58.929 UTC: 	 Command use: status
DEBUG 2019-11-03 17:56:58.929 UTC: 	 Options use: ['--verboseErrors', 'CrabMC_20191101/crab_ExLepMuMuZ_M500_MC_20191101']
DEBUG 2019-11-03 17:56:59.000 UTC: 	 CRABClient version: 3.3.1910.patch2
DEBUG 2019-11-03 17:56:59.000 UTC: 	 Instance is prod
DEBUG 2019-11-03 17:56:59.000 UTC: 	 Server base url is cmsweb.cern.ch
DEBUG 2019-11-03 17:56:59.000 UTC: 	 Command url /crabserver/prod/workflow
DEBUG 2019-11-03 17:56:59.106 UTC: 	 Got information from server oracle database: {u'result': [u'191101_121724:sthakur_crab_ExLepMuMuZ_M500_MC_20191101', u'None', u'None', u'SUBMITTED', u'SUBMIT', u'2019-11-01 12:17:24.697917', u'None', u'2019-11-01 12:18:23.156077', u'None', u'CMSSW_10_4_0', u'slc7_amd64_gcc700', u'/ExcitedLepton_MuMuZ-500_TuneCP5_13TeV-pythia8/RunIIFall17MiniAODv2-PU2017_12Apr2018_94X_mc2017_realistic_v14-v1/MINIAODSIM', u'T', u'0', u'[]', u'[]', u'FileBased', u"{'splitOnRun': False, 'halt_job_on_file_boundaries': False, 'files_per_job': 10, 'runs': [], 'lumis': []}", u'c2f5ec21a3c12fafeb808e4282a7954012f6932adcff971aae1b396c83f540a9.tar.gz', u'https://cmsweb.cern.ch/crabcache', u'sthakur', u'/DC=ch/DC=cern/OU=Organic Units/OU=Users/CN=sthakur/CN=764789/CN=Shalini Thakur', u'cms', u'None', u'None', u'ExLepMuMuZ_M500_MC_20191101-00000000000000000000000000000000', u'F', u'T2_IN_TIFR', u'https://cmsweb.cern.ch/dbs/prod/global/DBSReader', u'https://cmsweb.cern.ch/dbs/prod/phys03/DBSWriter', u'T', u'[]', u"['ExLepMuMuZ_M500_MC_20191101_Ntuple.root']", u'[]', u'Analysis', u'pythia', u'None', u'{}', u'[]', u'F', u'crab-prod-tw01', u'[]', u'1250', u'1', u'2000', u'10', u'None', u'[]', u'http://vocms0137.cern.ch/mon/cms251/191101_121724:sthakur_crab_ExLepMuMuZ_M500_MC_20191101', u'None', u'[]', u'[]', u'https://cmsweb.cern.ch/crabserver/prod', u'cmsgwms-collector-global.cern.ch:9620,cmssrv623.fnal.gov:9620', u'crab3@vocms0137.cern.ch', u'F', u'[]', u'T', u'/store/user/sthakur/ntuple_for2017MC_20191101/MC_20191101/ExLepMuMuZ_M500_MC_20191101', u'F', u'None', u'F', u'None', u'ExcitedLepton_MuMuZ-500_TuneCP5_13TeV-pythia8', u'None', u'851d717f33ed58e9d27293b3678dcb27676d64248c5e9f9ca2faf5804ccaeb5c.tar.gz', u'44019025', u'filetransfers', u'F', u'2001:1458:d00:2e::100:9b', u'0.0', u'None'], u'desc': {u'columns': [u'tm_taskname', u'tm_activity', u'panda_jobset_id', u'tm_task_status', u'tm_task_command', u'tm_start_time', u'tm_start_injection', u'tm_end_injection', u'tm_task_failure', u'tm_job_sw', u'tm_job_arch', u'tm_input_dataset', u'tm_nonvalid_input_dataset', u'tm_use_parent', u'tm_site_whitelist', u'tm_site_blacklist', u'tm_split_algo', u'tm_split_args', u'tm_user_sandbox', u'tm_cache_url', u'tm_username', u'tm_user_dn', u'tm_user_vo', u'tm_user_role', u'tm_user_group', u'tm_publish_name', u'tm_publish_groupname', u'tm_asyncdest', u'tm_dbs_url', u'tm_publish_dbs_url', u'tm_publication', u'tm_outfiles', u'tm_tfile_outfiles', u'tm_edm_outfiles', u'tm_job_type', u'tm_generator', u'tm_events_per_lumi', u'tm_arguments', u'panda_resubmitted_jobs', u'tm_save_logs', u'tw_name', u'tm_user_infiles', u'tm_maxjobruntime', u'tm_numcores', u'tm_maxmemory', u'tm_priority', u'tm_output_dataset', u'tm_task_warnings', u'tm_user_webdir', u'tm_scriptexe', u'tm_scriptargs', u'tm_extrajdl', u'tm_asourl', u'tm_collector', u'tm_schedd', u'tm_dry_run', u'tm_user_files', u'tm_transfer_outputs', u'tm_output_lfn', u'tm_ignore_locality', u'tm_fail_limit', u'tm_one_event_mode', u'tm_secondary_input_dataset', u'tm_primary_dataset', u'tm_last_publication', u'tm_debug_files', u'clusterid', u'tm_asodb', u'tm_ignore_global_blacklist', u'tm_submitter_ip_addr', u'tm_totalunits', u'tm_ddm_reqid']}}
INFO 2019-11-03 17:56:59.107 UTC: 	 CRAB project directory:		/afs/cern.ch/work/s/sthakur/xRavindra/MiniTree2017Data/CMSSW_10_4_0/src/ExLep2017Crab/crab/CrabMC_20191101/crab_ExLepMuMuZ_M500_MC_20191101
INFO 2019-11-03 17:56:59.107 UTC: 	 Task name:			191101_121724:sthakur_crab_ExLepMuMuZ_M500_MC_20191101
INFO 2019-11-03 17:56:59.107 UTC: 	 Grid scheduler - Task Worker:	crab3@vocms0137.cern.ch - crab-prod-tw01
INFO 2019-11-03 17:56:59.107 UTC: 	 Status on the CRAB server:	SUBMITTED
INFO 2019-11-03 17:56:59.107 UTC: 	 Task URL to use for HELP:	https://cmsweb.cern.ch/crabserver/ui/task/191101_121724%3Asthakur_crab_ExLepMuMuZ_M500_MC_20191101
INFO 2019-11-03 17:56:59.108 UTC: 	 Dashboard monitoring URL:	https://monit-grafana.cern.ch/d/cmsTMDetail/cms-task-monitoring-task-view?orgId=11&var-user=sthakur&var-task=191101_121724%3Asthakur_crab_ExLepMuMuZ_M500_MC_20191101
INFO 2019-11-03 17:56:59.108 UTC: 	 In case of issues with the dashboard, please provide feedback to hn-cms-computing-tools@cern.ch
DEBUG 2019-11-03 17:56:59.108 UTC: 	 The CRAB server submitted your task to the Grid scheduler (cluster ID: 44019025)
DEBUG 2019-11-03 17:56:59.108 UTC: 	 Webdir is located at http://vocms0137.cern.ch/mon/cms251/191101_121724:sthakur_crab_ExLepMuMuZ_M500_MC_20191101
DEBUG 2019-11-03 17:56:59.191 UTC: 	 Proxied webdir is located at https://cmsweb.cern.ch/scheddmon/0137/cms251/191101_121724:sthakur_crab_ExLepMuMuZ_M500_MC_20191101
DEBUG 2019-11-03 17:56:59.192 UTC: 	 Retrieving 'status_cache' file from https://cmsweb.cern.ch/scheddmon/0137/cms251/191101_121724:sthakur_crab_ExLepMuMuZ_M500_MC_20191101/status_cache
DEBUG 2019-11-03 17:56:59.296 UTC: 	 Got information from status cache file: {'1': {'Retries': 0, 'WallDurations': [8.0, 5574.0], 'StartTimes': [1572612147.0], 'SubmitTimes': [1572610714.0], 'JobIds': ['44019028.0'], 'EndTimes': [1572617721.0], 'Restarts': 0, 'RecordedSite': True, 'State': 'finished', 'ResidentSetSize': [716816], 'TotalUserCpuTimeHistory': [1041], 'SiteHistory': ['Unknown', 'T2_US_MIT'], 'TotalSysCpuTimeHistory': [51]}, '2': {'Retries': 0, 'WallDurations': [8.0, 2152.0], 'StartTimes': [1572612152.0], 'SubmitTimes': [1572610715.0], 'JobIds': ['44019029.0'], 'EndTimes': [1572614304.0], 'Restarts': 0, 'RecordedSite': True, 'State': 'finished', 'ResidentSetSize': [787412], 'TotalUserCpuTimeHistory': [385], 'SiteHistory': ['Unknown', 'T2_US_MIT'], 'TotalSysCpuTimeHistory': [18]}}
INFO 2019-11-03 17:56:59.296 UTC: 	 Status on the scheduler:	COMPLETED
INFO 2019-11-03 17:56:59.296 UTC: 	 
Jobs status:                    finished     		100.0% (2/2)
INFO 2019-11-03 17:56:59.392 UTC: 	 
No publication information available yet
INFO 2019-11-03 17:56:59.392 UTC: 	 
Warning: the max jobs runtime is less than 30% of the task requested value (1250 min), please consider to request a lower value for failed jobs (allowed through crab resubmit) and/or improve the jobs splitting (e.g. config.Data.splitting = 'Automatic') in a new task.
INFO 2019-11-03 17:56:59.392 UTC: 	 
Warning: the average jobs CPU efficiency is less than 50%, please consider to improve the jobs splitting (e.g. config.Data.splitting = 'Automatic') in a new task
INFO 2019-11-03 17:56:59.392 UTC: 	 
Summary of run jobs:
 * Memory: 700MB min, 768MB max, 734MB ave
 * Runtime: 0:35:52 min, 1:32:54 max, 1:04:23 ave
 * CPU eff: 19% min, 20% max, 19% ave
 * Waste: 0:00:16 (0% of total)

INFO 2019-11-03 17:56:59.401 UTC: 	 Log file is /afs/cern.ch/work/s/sthakur/xRavindra/MiniTree2017Data/CMSSW_10_4_0/src/ExLep2017Crab/crab/CrabMC_20191101/crab_ExLepMuMuZ_M500_MC_20191101/crab.log
DEBUG 2019-11-03 18:03:01.783 UTC: 	 Running on: Linux lxplus737.cern.ch 3.10.0-1062.1.2.el7.x86_64 #1 SMP Mon Sep 30 14:19:46 UTC 2019 x86_64 x86_64 x86_64 GNU/Linux
Description:	CentOS Linux release 7.7.1908 (Core) 

DEBUG 2019-11-03 18:03:01.783 UTC: 	 Executing command: 'resubmit'
DEBUG 2019-11-03 18:03:01.783 UTC: 	 Found CRAB cache file /afs/cern.ch/user/s/sthakur/.crab3
DEBUG 2019-11-03 18:03:01.793 UTC: 	 Checking credentials
DEBUG 2019-11-03 18:03:01.793 UTC: 	 Found proxy file /tmp/x509up_u77410
DEBUG 2019-11-03 18:03:01.793 UTC: 	 Getting proxy life time left
DEBUG 2019-11-03 18:03:02.601 UTC: 	 Executing : 
 command : voms-proxy-info -file /tmp/x509up_u77410 -timeleft
 output : 42624

 error: 
 retcode : 0
DEBUG 2019-11-03 18:03:03.312 UTC: 	 Executing : 
 command : voms-proxy-info -file /tmp/x509up_u77410 -actimeleft
 output : 42623

 error: 
 retcode : 0
DEBUG 2019-11-03 18:03:03.312 UTC: 	 Proxy lifetime 42624 secs is different from voms extension lifetime 42623 secs for proxy: /tmp/x509up_u77410
DEBUG 2019-11-03 18:03:03.312 UTC: 	 Proxy valid for 11:50:23 hours
DEBUG 2019-11-03 18:03:03.583 UTC: 	 Executing : 
 command : openssl x509 -in ~/.globus/usercert.pem -subject -noout
 output : subject= /DC=ch/DC=cern/OU=Organic Units/OU=Users/CN=sthakur/CN=764789/CN=Shalini Thakur

 error: 
 retcode : 0
DEBUG 2019-11-03 18:03:03.583 UTC: 	 Checking credentials
DEBUG 2019-11-03 18:03:03.583 UTC: 	 Found proxy file /tmp/x509up_u77410
DEBUG 2019-11-03 18:03:03.584 UTC: 	 Getting proxy life time left
DEBUG 2019-11-03 18:03:04.391 UTC: 	 Executing : 
 command : voms-proxy-info -file /tmp/x509up_u77410 -timeleft
 output : 42622

 error: 
 retcode : 0
DEBUG 2019-11-03 18:03:05.102 UTC: 	 Executing : 
 command : voms-proxy-info -file /tmp/x509up_u77410 -actimeleft
 output : 42621

 error: 
 retcode : 0
DEBUG 2019-11-03 18:03:05.102 UTC: 	 Proxy lifetime 42622 secs is different from voms extension lifetime 42621 secs for proxy: /tmp/x509up_u77410
DEBUG 2019-11-03 18:03:05.103 UTC: 	 Proxy valid for 11:50:21 hours
DEBUG 2019-11-03 18:03:05.192 UTC: 	 Registering user credentials for server /DC=ch/DC=cern/OU=computers/CN=vocms(052|058|030|0118|0105|0109).cern.ch|/DC=ch/DC=cern/OU=computers/CN=crab-(preprod|prod)-tw(02|01).cern.ch
DEBUG 2019-11-03 18:03:05.305 UTC: 	 Executing : 
 command : openssl x509 -in ~/.globus/usercert.pem -subject -noout
 output : subject= /DC=ch/DC=cern/OU=Organic Units/OU=Users/CN=sthakur/CN=764789/CN=Shalini Thakur

 error: 
 retcode : 0
DEBUG 2019-11-03 18:03:05.305 UTC: 	 Getting myproxy life time left for myproxy.cern.ch
DEBUG 2019-11-03 18:03:05.305 UTC: 	 Calculating hash of /DC=ch/DC=cern/OU=Organic Units/OU=Users/CN=sthakur/CN=764789/CN=Shalini Thakur_cmsweb.cern.ch for credential name
DEBUG 2019-11-03 18:03:05.611 UTC: 	 Executing : 
 command : myproxy-info -l 9cd94953387eeee7bf4da2b7588630639ea1153b -s myproxy.cern.ch
 output : username: 9cd94953387eeee7bf4da2b7588630639ea1153b
owner: /DC=ch/DC=cern/OU=Organic Units/OU=Users/CN=sthakur/CN=764789/CN=Shalini Thakur
  renewal policy: /DC=ch/DC=cern/OU=computers/CN=vocms(052|058|030|0118|0105|0109).cern.ch|/DC=ch/DC=cern/OU=computers/CN=crab-(preprod|prod)-tw(02|01).cern.ch
  trusted retrieval policy: /DC=ch/DC=cern/OU=computers/CN=vocms(052|058|030|0118|0105|0109).cern.ch|/DC=ch/DC=cern/OU=computers/CN=crab-(preprod|prod)-tw(02|01).cern.ch
  timeleft: 504:34:55  (21.0 days)

 error: 
 retcode : 0
DEBUG 2019-11-03 18:03:05.612 UTC: 	 Myproxy is valid: 1816495
DEBUG 2019-11-03 18:03:05.691 UTC: 	 Command use: resubmit
DEBUG 2019-11-03 18:03:05.691 UTC: 	 Options use: ['CrabMC_20191101/crab_ExLepMuMuZ_M500_MC_20191101']
DEBUG 2019-11-03 18:03:05.826 UTC: 	 CRABClient version: 3.3.1910.patch2
DEBUG 2019-11-03 18:03:05.826 UTC: 	 Instance is prod
DEBUG 2019-11-03 18:03:05.826 UTC: 	 Server base url is cmsweb.cern.ch
DEBUG 2019-11-03 18:03:05.826 UTC: 	 Command url /crabserver/prod/workflow
DEBUG 2019-11-03 18:03:05.866 UTC: 	 Running on: Linux lxplus737.cern.ch 3.10.0-1062.1.2.el7.x86_64 #1 SMP Mon Sep 30 14:19:46 UTC 2019 x86_64 x86_64 x86_64 GNU/Linux
Description:	CentOS Linux release 7.7.1908 (Core) 

DEBUG 2019-11-03 18:03:05.866 UTC: 	 Executing command: 'status'
DEBUG 2019-11-03 18:03:05.866 UTC: 	 Found CRAB cache file /afs/cern.ch/user/s/sthakur/.crab3
DEBUG 2019-11-03 18:03:05.876 UTC: 	 Checking credentials
DEBUG 2019-11-03 18:03:05.877 UTC: 	 Found proxy file /tmp/x509up_u77410
DEBUG 2019-11-03 18:03:05.877 UTC: 	 Getting proxy life time left
DEBUG 2019-11-03 18:03:06.704 UTC: 	 Executing : 
 command : voms-proxy-info -file /tmp/x509up_u77410 -timeleft
 output : 42620

 error: 
 retcode : 0
DEBUG 2019-11-03 18:03:07.413 UTC: 	 Executing : 
 command : voms-proxy-info -file /tmp/x509up_u77410 -actimeleft
 output : 42619

 error: 
 retcode : 0
DEBUG 2019-11-03 18:03:07.413 UTC: 	 Proxy lifetime 42620 secs is different from voms extension lifetime 42619 secs for proxy: /tmp/x509up_u77410
DEBUG 2019-11-03 18:03:07.413 UTC: 	 Proxy valid for 11:50:19 hours
DEBUG 2019-11-03 18:03:07.530 UTC: 	 Executing : 
 command : openssl x509 -in ~/.globus/usercert.pem -subject -noout
 output : subject= /DC=ch/DC=cern/OU=Organic Units/OU=Users/CN=sthakur/CN=764789/CN=Shalini Thakur

 error: 
 retcode : 0
DEBUG 2019-11-03 18:03:07.530 UTC: 	 Checking credentials
DEBUG 2019-11-03 18:03:07.530 UTC: 	 Found proxy file /tmp/x509up_u77410
DEBUG 2019-11-03 18:03:07.531 UTC: 	 Getting proxy life time left
DEBUG 2019-11-03 18:03:08.237 UTC: 	 Executing : 
 command : voms-proxy-info -file /tmp/x509up_u77410 -timeleft
 output : 42618

 error: 
 retcode : 0
DEBUG 2019-11-03 18:03:08.944 UTC: 	 Executing : 
 command : voms-proxy-info -file /tmp/x509up_u77410 -actimeleft
 output : 42618

 error: 
 retcode : 0
DEBUG 2019-11-03 18:03:08.945 UTC: 	 Proxy valid for 11:50:18 hours
DEBUG 2019-11-03 18:03:09.060 UTC: 	 Registering user credentials for server /DC=ch/DC=cern/OU=computers/CN=vocms(052|058|030|0118|0105|0109).cern.ch|/DC=ch/DC=cern/OU=computers/CN=crab-(preprod|prod)-tw(02|01).cern.ch
DEBUG 2019-11-03 18:03:09.174 UTC: 	 Executing : 
 command : openssl x509 -in ~/.globus/usercert.pem -subject -noout
 output : subject= /DC=ch/DC=cern/OU=Organic Units/OU=Users/CN=sthakur/CN=764789/CN=Shalini Thakur

 error: 
 retcode : 0
DEBUG 2019-11-03 18:03:09.174 UTC: 	 Getting myproxy life time left for myproxy.cern.ch
DEBUG 2019-11-03 18:03:09.174 UTC: 	 Calculating hash of /DC=ch/DC=cern/OU=Organic Units/OU=Users/CN=sthakur/CN=764789/CN=Shalini Thakur_cmsweb.cern.ch for credential name
DEBUG 2019-11-03 18:03:09.580 UTC: 	 Executing : 
 command : myproxy-info -l 9cd94953387eeee7bf4da2b7588630639ea1153b -s myproxy.cern.ch
 output : username: 9cd94953387eeee7bf4da2b7588630639ea1153b
owner: /DC=ch/DC=cern/OU=Organic Units/OU=Users/CN=sthakur/CN=764789/CN=Shalini Thakur
  renewal policy: /DC=ch/DC=cern/OU=computers/CN=vocms(052|058|030|0118|0105|0109).cern.ch|/DC=ch/DC=cern/OU=computers/CN=crab-(preprod|prod)-tw(02|01).cern.ch
  trusted retrieval policy: /DC=ch/DC=cern/OU=computers/CN=vocms(052|058|030|0118|0105|0109).cern.ch|/DC=ch/DC=cern/OU=computers/CN=crab-(preprod|prod)-tw(02|01).cern.ch
  timeleft: 504:34:51  (21.0 days)

 error: 
 retcode : 0
DEBUG 2019-11-03 18:03:09.580 UTC: 	 Myproxy is valid: 1816491
DEBUG 2019-11-03 18:03:09.582 UTC: 	 Command use: status
DEBUG 2019-11-03 18:03:09.582 UTC: 	 Options use: []
DEBUG 2019-11-03 18:03:09.687 UTC: 	 CRABClient version: 3.3.1910.patch2
DEBUG 2019-11-03 18:03:09.687 UTC: 	 Instance is prod
DEBUG 2019-11-03 18:03:09.688 UTC: 	 Server base url is cmsweb.cern.ch
DEBUG 2019-11-03 18:03:09.688 UTC: 	 Command url /crabserver/prod/workflow
DEBUG 2019-11-03 18:03:09.811 UTC: 	 Got information from server oracle database: {u'result': [u'191101_121724:sthakur_crab_ExLepMuMuZ_M500_MC_20191101', u'None', u'None', u'SUBMITTED', u'SUBMIT', u'2019-11-01 12:17:24.697917', u'None', u'2019-11-01 12:18:23.156077', u'None', u'CMSSW_10_4_0', u'slc7_amd64_gcc700', u'/ExcitedLepton_MuMuZ-500_TuneCP5_13TeV-pythia8/RunIIFall17MiniAODv2-PU2017_12Apr2018_94X_mc2017_realistic_v14-v1/MINIAODSIM', u'T', u'0', u'[]', u'[]', u'FileBased', u"{'splitOnRun': False, 'halt_job_on_file_boundaries': False, 'files_per_job': 10, 'runs': [], 'lumis': []}", u'c2f5ec21a3c12fafeb808e4282a7954012f6932adcff971aae1b396c83f540a9.tar.gz', u'https://cmsweb.cern.ch/crabcache', u'sthakur', u'/DC=ch/DC=cern/OU=Organic Units/OU=Users/CN=sthakur/CN=764789/CN=Shalini Thakur', u'cms', u'None', u'None', u'ExLepMuMuZ_M500_MC_20191101-00000000000000000000000000000000', u'F', u'T2_IN_TIFR', u'https://cmsweb.cern.ch/dbs/prod/global/DBSReader', u'https://cmsweb.cern.ch/dbs/prod/phys03/DBSWriter', u'T', u'[]', u"['ExLepMuMuZ_M500_MC_20191101_Ntuple.root']", u'[]', u'Analysis', u'pythia', u'None', u'{}', u'[]', u'F', u'crab-prod-tw01', u'[]', u'1250', u'1', u'2000', u'10', u'None', u'[]', u'http://vocms0137.cern.ch/mon/cms251/191101_121724:sthakur_crab_ExLepMuMuZ_M500_MC_20191101', u'None', u'[]', u'[]', u'https://cmsweb.cern.ch/crabserver/prod', u'cmsgwms-collector-global.cern.ch:9620,cmssrv623.fnal.gov:9620', u'crab3@vocms0137.cern.ch', u'F', u'[]', u'T', u'/store/user/sthakur/ntuple_for2017MC_20191101/MC_20191101/ExLepMuMuZ_M500_MC_20191101', u'F', u'None', u'F', u'None', u'ExcitedLepton_MuMuZ-500_TuneCP5_13TeV-pythia8', u'None', u'851d717f33ed58e9d27293b3678dcb27676d64248c5e9f9ca2faf5804ccaeb5c.tar.gz', u'44019025', u'filetransfers', u'F', u'2001:1458:d00:2e::100:9b', u'0.0', u'None'], u'desc': {u'columns': [u'tm_taskname', u'tm_activity', u'panda_jobset_id', u'tm_task_status', u'tm_task_command', u'tm_start_time', u'tm_start_injection', u'tm_end_injection', u'tm_task_failure', u'tm_job_sw', u'tm_job_arch', u'tm_input_dataset', u'tm_nonvalid_input_dataset', u'tm_use_parent', u'tm_site_whitelist', u'tm_site_blacklist', u'tm_split_algo', u'tm_split_args', u'tm_user_sandbox', u'tm_cache_url', u'tm_username', u'tm_user_dn', u'tm_user_vo', u'tm_user_role', u'tm_user_group', u'tm_publish_name', u'tm_publish_groupname', u'tm_asyncdest', u'tm_dbs_url', u'tm_publish_dbs_url', u'tm_publication', u'tm_outfiles', u'tm_tfile_outfiles', u'tm_edm_outfiles', u'tm_job_type', u'tm_generator', u'tm_events_per_lumi', u'tm_arguments', u'panda_resubmitted_jobs', u'tm_save_logs', u'tw_name', u'tm_user_infiles', u'tm_maxjobruntime', u'tm_numcores', u'tm_maxmemory', u'tm_priority', u'tm_output_dataset', u'tm_task_warnings', u'tm_user_webdir', u'tm_scriptexe', u'tm_scriptargs', u'tm_extrajdl', u'tm_asourl', u'tm_collector', u'tm_schedd', u'tm_dry_run', u'tm_user_files', u'tm_transfer_outputs', u'tm_output_lfn', u'tm_ignore_locality', u'tm_fail_limit', u'tm_one_event_mode', u'tm_secondary_input_dataset', u'tm_primary_dataset', u'tm_last_publication', u'tm_debug_files', u'clusterid', u'tm_asodb', u'tm_ignore_global_blacklist', u'tm_submitter_ip_addr', u'tm_totalunits', u'tm_ddm_reqid']}}
INFO 2019-11-03 18:03:09.811 UTC: 	 CRAB project directory:		/afs/cern.ch/work/s/sthakur/xRavindra/MiniTree2017Data/CMSSW_10_4_0/src/ExLep2017Crab/crab/CrabMC_20191101/crab_ExLepMuMuZ_M500_MC_20191101
INFO 2019-11-03 18:03:09.811 UTC: 	 Task name:			191101_121724:sthakur_crab_ExLepMuMuZ_M500_MC_20191101
INFO 2019-11-03 18:03:09.811 UTC: 	 Grid scheduler - Task Worker:	crab3@vocms0137.cern.ch - crab-prod-tw01
INFO 2019-11-03 18:03:09.812 UTC: 	 Status on the CRAB server:	SUBMITTED
INFO 2019-11-03 18:03:09.812 UTC: 	 Task URL to use for HELP:	https://cmsweb.cern.ch/crabserver/ui/task/191101_121724%3Asthakur_crab_ExLepMuMuZ_M500_MC_20191101
INFO 2019-11-03 18:03:09.812 UTC: 	 Dashboard monitoring URL:	https://monit-grafana.cern.ch/d/cmsTMDetail/cms-task-monitoring-task-view?orgId=11&var-user=sthakur&var-task=191101_121724%3Asthakur_crab_ExLepMuMuZ_M500_MC_20191101
INFO 2019-11-03 18:03:09.812 UTC: 	 In case of issues with the dashboard, please provide feedback to hn-cms-computing-tools@cern.ch
DEBUG 2019-11-03 18:03:09.812 UTC: 	 The CRAB server submitted your task to the Grid scheduler (cluster ID: 44019025)
DEBUG 2019-11-03 18:03:09.812 UTC: 	 Webdir is located at http://vocms0137.cern.ch/mon/cms251/191101_121724:sthakur_crab_ExLepMuMuZ_M500_MC_20191101
DEBUG 2019-11-03 18:03:09.923 UTC: 	 Proxied webdir is located at https://cmsweb.cern.ch/scheddmon/0137/cms251/191101_121724:sthakur_crab_ExLepMuMuZ_M500_MC_20191101
DEBUG 2019-11-03 18:03:09.923 UTC: 	 Retrieving 'status_cache' file from https://cmsweb.cern.ch/scheddmon/0137/cms251/191101_121724:sthakur_crab_ExLepMuMuZ_M500_MC_20191101/status_cache
DEBUG 2019-11-03 18:03:09.977 UTC: 	 Got information from status cache file: {'1': {'Retries': 0, 'WallDurations': [8.0, 5574.0], 'StartTimes': [1572612147.0], 'SubmitTimes': [1572610714.0], 'JobIds': ['44019028.0'], 'EndTimes': [1572617721.0], 'Restarts': 0, 'RecordedSite': True, 'State': 'finished', 'ResidentSetSize': [716816], 'TotalUserCpuTimeHistory': [1041], 'SiteHistory': ['Unknown', 'T2_US_MIT'], 'TotalSysCpuTimeHistory': [51]}, '2': {'Retries': 0, 'WallDurations': [8.0, 2152.0], 'StartTimes': [1572612152.0], 'SubmitTimes': [1572610715.0], 'JobIds': ['44019029.0'], 'EndTimes': [1572614304.0], 'Restarts': 0, 'RecordedSite': True, 'State': 'finished', 'ResidentSetSize': [787412], 'TotalUserCpuTimeHistory': [385], 'SiteHistory': ['Unknown', 'T2_US_MIT'], 'TotalSysCpuTimeHistory': [18]}}
INFO 2019-11-03 18:03:09.978 UTC: 	 Status on the scheduler:	COMPLETED
INFO 2019-11-03 18:03:09.978 UTC: 	 
Jobs status:                    finished     		100.0% (2/2)
INFO 2019-11-03 18:03:10.078 UTC: 	 
No publication information available yet
INFO 2019-11-03 18:03:10.078 UTC: 	 
Warning: the max jobs runtime is less than 30% of the task requested value (1250 min), please consider to request a lower value for failed jobs (allowed through crab resubmit) and/or improve the jobs splitting (e.g. config.Data.splitting = 'Automatic') in a new task.
INFO 2019-11-03 18:03:10.078 UTC: 	 
Warning: the average jobs CPU efficiency is less than 50%, please consider to improve the jobs splitting (e.g. config.Data.splitting = 'Automatic') in a new task
INFO 2019-11-03 18:03:10.078 UTC: 	 
Summary of run jobs:
 * Memory: 700MB min, 768MB max, 734MB ave
 * Runtime: 0:35:52 min, 1:32:54 max, 1:04:23 ave
 * CPU eff: 19% min, 20% max, 19% ave
 * Waste: 0:00:16 (0% of total)

DEBUG 2019-11-03 18:03:10.082 UTC: 	 Requesting resubmission of failed jobs in task 191101_121724:sthakur_crab_ExLepMuMuZ_M500_MC_20191101
ERROR 2019-11-03 18:03:10.083 UTC: 	 Found no jobs to resubmit. Only jobs in status failed can be resubmitted. Jobs in status finished can also be resubmitted, but only if the jobids are specified and the force option is set.
ERROR 2019-11-03 18:03:10.083 UTC: 	 Caught exception
Traceback (most recent call last):
  File "/cvmfs/cms.cern.ch/crab3/slc6_amd64_gcc493/cms/crabclient/3.3.1910.patch2/bin/crab", line 160, in <module>
    client()
  File "/cvmfs/cms.cern.ch/crab3/slc6_amd64_gcc493/cms/crabclient/3.3.1910.patch2/bin/crab", line 147, in __call__
    self.cmd()
  File "/cvmfs/cms.cern.ch/crab3/slc6_amd64_gcc493/cms/crabclient/3.3.1910.patch2/lib/python2.7/site-packages/CRABClient/Commands/resubmit.py", line 63, in __call__
    self.jobids = self.processJobIds(jobList)
  File "/cvmfs/cms.cern.ch/crab3/slc6_amd64_gcc493/cms/crabclient/3.3.1910.patch2/lib/python2.7/site-packages/CRABClient/Commands/resubmit.py", line 172, in processJobIds
    raise ConfigurationException(msg)
ConfigurationException: Found no jobs to resubmit. Only jobs in status failed can be resubmitted. Jobs in status finished can also be resubmitted, but only if the jobids are specified and the force option is set.
DEBUG 2019-11-04 17:52:59.998 UTC: 	 Running on: Linux lxplus794.cern.ch 3.10.0-1062.4.1.el7.x86_64 #1 SMP Fri Oct 18 17:15:30 UTC 2019 x86_64 x86_64 x86_64 GNU/Linux
Description:	CentOS Linux release 7.7.1908 (Core) 

DEBUG 2019-11-04 17:52:59.999 UTC: 	 Executing command: 'status'
DEBUG 2019-11-04 17:52:59.999 UTC: 	 Found CRAB cache file /afs/cern.ch/user/s/sthakur/.crab3
DEBUG 2019-11-04 17:53:00.061 UTC: 	 Checking credentials
DEBUG 2019-11-04 17:53:00.062 UTC: 	 Found proxy file /tmp/x509up_u77410
DEBUG 2019-11-04 17:53:00.062 UTC: 	 Getting proxy life time left
DEBUG 2019-11-04 17:53:00.770 UTC: 	 Executing : 
 command : voms-proxy-info -file /tmp/x509up_u77410 -timeleft
 output : 43009

 error: 
 retcode : 0
DEBUG 2019-11-04 17:53:01.477 UTC: 	 Executing : 
 command : voms-proxy-info -file /tmp/x509up_u77410 -actimeleft
 output : 43008

 error: 
 retcode : 0
DEBUG 2019-11-04 17:53:01.477 UTC: 	 Proxy lifetime 43009 secs is different from voms extension lifetime 43008 secs for proxy: /tmp/x509up_u77410
DEBUG 2019-11-04 17:53:01.477 UTC: 	 Proxy valid for 11:56:48 hours
DEBUG 2019-11-04 17:53:01.737 UTC: 	 Executing : 
 command : openssl x509 -in ~/.globus/usercert.pem -subject -noout
 output : subject= /DC=ch/DC=cern/OU=Organic Units/OU=Users/CN=sthakur/CN=764789/CN=Shalini Thakur

 error: 
 retcode : 0
DEBUG 2019-11-04 17:53:01.738 UTC: 	 Checking credentials
DEBUG 2019-11-04 17:53:01.738 UTC: 	 Found proxy file /tmp/x509up_u77410
DEBUG 2019-11-04 17:53:01.738 UTC: 	 Getting proxy life time left
DEBUG 2019-11-04 17:53:02.447 UTC: 	 Executing : 
 command : voms-proxy-info -file /tmp/x509up_u77410 -timeleft
 output : 43007

 error: 
 retcode : 0
DEBUG 2019-11-04 17:53:03.155 UTC: 	 Executing : 
 command : voms-proxy-info -file /tmp/x509up_u77410 -actimeleft
 output : 43006

 error: 
 retcode : 0
DEBUG 2019-11-04 17:53:03.155 UTC: 	 Proxy lifetime 43007 secs is different from voms extension lifetime 43006 secs for proxy: /tmp/x509up_u77410
DEBUG 2019-11-04 17:53:03.155 UTC: 	 Proxy valid for 11:56:46 hours
DEBUG 2019-11-04 17:53:03.239 UTC: 	 Registering user credentials for server /DC=ch/DC=cern/OU=computers/CN=vocms(052|058|030|0118|0105|0109).cern.ch|/DC=ch/DC=cern/OU=computers/CN=crab-(preprod|prod)-tw(02|01).cern.ch
DEBUG 2019-11-04 17:53:03.361 UTC: 	 Executing : 
 command : openssl x509 -in ~/.globus/usercert.pem -subject -noout
 output : subject= /DC=ch/DC=cern/OU=Organic Units/OU=Users/CN=sthakur/CN=764789/CN=Shalini Thakur

 error: 
 retcode : 0
DEBUG 2019-11-04 17:53:03.361 UTC: 	 Getting myproxy life time left for myproxy.cern.ch
DEBUG 2019-11-04 17:53:03.361 UTC: 	 Calculating hash of /DC=ch/DC=cern/OU=Organic Units/OU=Users/CN=sthakur/CN=764789/CN=Shalini Thakur_cmsweb.cern.ch for credential name
DEBUG 2019-11-04 17:53:03.566 UTC: 	 Executing : 
 command : myproxy-info -l 9cd94953387eeee7bf4da2b7588630639ea1153b -s myproxy.cern.ch
 output : username: 9cd94953387eeee7bf4da2b7588630639ea1153b
owner: /DC=ch/DC=cern/OU=Organic Units/OU=Users/CN=sthakur/CN=764789/CN=Shalini Thakur
  renewal policy: /DC=ch/DC=cern/OU=computers/CN=vocms(052|058|030|0118|0105|0109).cern.ch|/DC=ch/DC=cern/OU=computers/CN=crab-(preprod|prod)-tw(02|01).cern.ch
  trusted retrieval policy: /DC=ch/DC=cern/OU=computers/CN=vocms(052|058|030|0118|0105|0109).cern.ch|/DC=ch/DC=cern/OU=computers/CN=crab-(preprod|prod)-tw(02|01).cern.ch
  timeleft: 480:44:57  (20.0 days)

 error: 
 retcode : 0
DEBUG 2019-11-04 17:53:03.567 UTC: 	 Myproxy is valid: 1730697
DEBUG 2019-11-04 17:53:03.568 UTC: 	 Command use: status
DEBUG 2019-11-04 17:53:03.568 UTC: 	 Options use: ['--verboseErrors', 'CrabMC_20191101/crab_ExLepMuMuZ_M500_MC_20191101']
DEBUG 2019-11-04 17:53:03.672 UTC: 	 CRABClient version: 3.3.1910.patch2
DEBUG 2019-11-04 17:53:03.673 UTC: 	 Instance is prod
DEBUG 2019-11-04 17:53:03.673 UTC: 	 Server base url is cmsweb.cern.ch
DEBUG 2019-11-04 17:53:03.673 UTC: 	 Command url /crabserver/prod/workflow
DEBUG 2019-11-04 17:53:03.882 UTC: 	 Got information from server oracle database: {u'result': [u'191101_121724:sthakur_crab_ExLepMuMuZ_M500_MC_20191101', u'None', u'None', u'SUBMITTED', u'SUBMIT', u'2019-11-01 12:17:24.697917', u'None', u'2019-11-01 12:18:23.156077', u'None', u'CMSSW_10_4_0', u'slc7_amd64_gcc700', u'/ExcitedLepton_MuMuZ-500_TuneCP5_13TeV-pythia8/RunIIFall17MiniAODv2-PU2017_12Apr2018_94X_mc2017_realistic_v14-v1/MINIAODSIM', u'T', u'0', u'[]', u'[]', u'FileBased', u"{'splitOnRun': False, 'halt_job_on_file_boundaries': False, 'files_per_job': 10, 'runs': [], 'lumis': []}", u'c2f5ec21a3c12fafeb808e4282a7954012f6932adcff971aae1b396c83f540a9.tar.gz', u'https://cmsweb.cern.ch/crabcache', u'sthakur', u'/DC=ch/DC=cern/OU=Organic Units/OU=Users/CN=sthakur/CN=764789/CN=Shalini Thakur', u'cms', u'None', u'None', u'ExLepMuMuZ_M500_MC_20191101-00000000000000000000000000000000', u'F', u'T2_IN_TIFR', u'https://cmsweb.cern.ch/dbs/prod/global/DBSReader', u'https://cmsweb.cern.ch/dbs/prod/phys03/DBSWriter', u'T', u'[]', u"['ExLepMuMuZ_M500_MC_20191101_Ntuple.root']", u'[]', u'Analysis', u'pythia', u'None', u'{}', u'[]', u'F', u'crab-prod-tw01', u'[]', u'1250', u'1', u'2000', u'10', u'None', u'[]', u'http://vocms0137.cern.ch/mon/cms251/191101_121724:sthakur_crab_ExLepMuMuZ_M500_MC_20191101', u'None', u'[]', u'[]', u'https://cmsweb.cern.ch/crabserver/prod', u'cmsgwms-collector-global.cern.ch:9620,cmssrv623.fnal.gov:9620', u'crab3@vocms0137.cern.ch', u'F', u'[]', u'T', u'/store/user/sthakur/ntuple_for2017MC_20191101/MC_20191101/ExLepMuMuZ_M500_MC_20191101', u'F', u'None', u'F', u'None', u'ExcitedLepton_MuMuZ-500_TuneCP5_13TeV-pythia8', u'None', u'851d717f33ed58e9d27293b3678dcb27676d64248c5e9f9ca2faf5804ccaeb5c.tar.gz', u'44019025', u'filetransfers', u'F', u'2001:1458:d00:2e::100:9b', u'0.0', u'None'], u'desc': {u'columns': [u'tm_taskname', u'tm_activity', u'panda_jobset_id', u'tm_task_status', u'tm_task_command', u'tm_start_time', u'tm_start_injection', u'tm_end_injection', u'tm_task_failure', u'tm_job_sw', u'tm_job_arch', u'tm_input_dataset', u'tm_nonvalid_input_dataset', u'tm_use_parent', u'tm_site_whitelist', u'tm_site_blacklist', u'tm_split_algo', u'tm_split_args', u'tm_user_sandbox', u'tm_cache_url', u'tm_username', u'tm_user_dn', u'tm_user_vo', u'tm_user_role', u'tm_user_group', u'tm_publish_name', u'tm_publish_groupname', u'tm_asyncdest', u'tm_dbs_url', u'tm_publish_dbs_url', u'tm_publication', u'tm_outfiles', u'tm_tfile_outfiles', u'tm_edm_outfiles', u'tm_job_type', u'tm_generator', u'tm_events_per_lumi', u'tm_arguments', u'panda_resubmitted_jobs', u'tm_save_logs', u'tw_name', u'tm_user_infiles', u'tm_maxjobruntime', u'tm_numcores', u'tm_maxmemory', u'tm_priority', u'tm_output_dataset', u'tm_task_warnings', u'tm_user_webdir', u'tm_scriptexe', u'tm_scriptargs', u'tm_extrajdl', u'tm_asourl', u'tm_collector', u'tm_schedd', u'tm_dry_run', u'tm_user_files', u'tm_transfer_outputs', u'tm_output_lfn', u'tm_ignore_locality', u'tm_fail_limit', u'tm_one_event_mode', u'tm_secondary_input_dataset', u'tm_primary_dataset', u'tm_last_publication', u'tm_debug_files', u'clusterid', u'tm_asodb', u'tm_ignore_global_blacklist', u'tm_submitter_ip_addr', u'tm_totalunits', u'tm_ddm_reqid']}}
INFO 2019-11-04 17:53:03.883 UTC: 	 CRAB project directory:		/afs/cern.ch/work/s/sthakur/xRavindra/MiniTree2017Data/CMSSW_10_4_0/src/ExLep2017Crab/crab/CrabMC_20191101/crab_ExLepMuMuZ_M500_MC_20191101
INFO 2019-11-04 17:53:03.883 UTC: 	 Task name:			191101_121724:sthakur_crab_ExLepMuMuZ_M500_MC_20191101
INFO 2019-11-04 17:53:03.883 UTC: 	 Grid scheduler - Task Worker:	crab3@vocms0137.cern.ch - crab-prod-tw01
INFO 2019-11-04 17:53:03.883 UTC: 	 Status on the CRAB server:	SUBMITTED
INFO 2019-11-04 17:53:03.883 UTC: 	 Task URL to use for HELP:	https://cmsweb.cern.ch/crabserver/ui/task/191101_121724%3Asthakur_crab_ExLepMuMuZ_M500_MC_20191101
INFO 2019-11-04 17:53:03.883 UTC: 	 Dashboard monitoring URL:	https://monit-grafana.cern.ch/d/cmsTMDetail/cms-task-monitoring-task-view?orgId=11&var-user=sthakur&var-task=191101_121724%3Asthakur_crab_ExLepMuMuZ_M500_MC_20191101
INFO 2019-11-04 17:53:03.883 UTC: 	 In case of issues with the dashboard, please provide feedback to hn-cms-computing-tools@cern.ch
DEBUG 2019-11-04 17:53:03.883 UTC: 	 The CRAB server submitted your task to the Grid scheduler (cluster ID: 44019025)
DEBUG 2019-11-04 17:53:03.883 UTC: 	 Webdir is located at http://vocms0137.cern.ch/mon/cms251/191101_121724:sthakur_crab_ExLepMuMuZ_M500_MC_20191101
DEBUG 2019-11-04 17:53:03.988 UTC: 	 Proxied webdir is located at https://cmsweb.cern.ch/scheddmon/0137/cms251/191101_121724:sthakur_crab_ExLepMuMuZ_M500_MC_20191101
DEBUG 2019-11-04 17:53:03.988 UTC: 	 Retrieving 'status_cache' file from https://cmsweb.cern.ch/scheddmon/0137/cms251/191101_121724:sthakur_crab_ExLepMuMuZ_M500_MC_20191101/status_cache
DEBUG 2019-11-04 17:53:04.078 UTC: 	 Got information from status cache file: {'1': {'Retries': 0, 'WallDurations': [8.0, 5574.0], 'StartTimes': [1572612147.0], 'SubmitTimes': [1572610714.0], 'JobIds': ['44019028.0'], 'EndTimes': [1572617721.0], 'Restarts': 0, 'RecordedSite': True, 'State': 'finished', 'ResidentSetSize': [716816], 'TotalUserCpuTimeHistory': [1041], 'SiteHistory': ['Unknown', 'T2_US_MIT'], 'TotalSysCpuTimeHistory': [51]}, '2': {'Retries': 0, 'WallDurations': [8.0, 2152.0], 'StartTimes': [1572612152.0], 'SubmitTimes': [1572610715.0], 'JobIds': ['44019029.0'], 'EndTimes': [1572614304.0], 'Restarts': 0, 'RecordedSite': True, 'State': 'finished', 'ResidentSetSize': [787412], 'TotalUserCpuTimeHistory': [385], 'SiteHistory': ['Unknown', 'T2_US_MIT'], 'TotalSysCpuTimeHistory': [18]}}
INFO 2019-11-04 17:53:04.078 UTC: 	 Status on the scheduler:	COMPLETED
INFO 2019-11-04 17:53:04.078 UTC: 	 
Jobs status:                    finished     		100.0% (2/2)
INFO 2019-11-04 17:53:04.216 UTC: 	 
No publication information available yet
INFO 2019-11-04 17:53:04.216 UTC: 	 
Warning: the max jobs runtime is less than 30% of the task requested value (1250 min), please consider to request a lower value for failed jobs (allowed through crab resubmit) and/or improve the jobs splitting (e.g. config.Data.splitting = 'Automatic') in a new task.
INFO 2019-11-04 17:53:04.216 UTC: 	 
Warning: the average jobs CPU efficiency is less than 50%, please consider to improve the jobs splitting (e.g. config.Data.splitting = 'Automatic') in a new task
INFO 2019-11-04 17:53:04.216 UTC: 	 
Summary of run jobs:
 * Memory: 700MB min, 768MB max, 734MB ave
 * Runtime: 0:35:52 min, 1:32:54 max, 1:04:23 ave
 * CPU eff: 19% min, 20% max, 19% ave
 * Waste: 0:00:16 (0% of total)

INFO 2019-11-04 17:53:04.260 UTC: 	 Log file is /afs/cern.ch/work/s/sthakur/xRavindra/MiniTree2017Data/CMSSW_10_4_0/src/ExLep2017Crab/crab/CrabMC_20191101/crab_ExLepMuMuZ_M500_MC_20191101/crab.log
DEBUG 2019-11-11 18:33:01.628 UTC: 	 Running on: Linux lxplus745.cern.ch 3.10.0-1062.4.1.el7.x86_64 #1 SMP Fri Oct 18 17:15:30 UTC 2019 x86_64 x86_64 x86_64 GNU/Linux - CentOS Linux 7 (Core)
DEBUG 2019-11-11 18:33:01.637 UTC: 	 OpenSSl version: OpenSSL 1.0.2h  3 May 2016
DEBUG 2019-11-11 18:33:01.637 UTC: 	 Executing command: 'status'
DEBUG 2019-11-11 18:33:01.637 UTC: 	 Found CRAB cache file /afs/cern.ch/user/s/sthakur/.crab3
DEBUG 2019-11-11 18:33:01.649 UTC: 	 Checking credentials
DEBUG 2019-11-11 18:33:01.650 UTC: 	 Found proxy file /tmp/x509up_u77410
DEBUG 2019-11-11 18:33:01.650 UTC: 	 Getting proxy life time left
DEBUG 2019-11-11 18:33:02.357 UTC: 	 Executing : 
 command : voms-proxy-info -file /tmp/x509up_u77410 -timeleft
 output : 38878

 error: 
 retcode : 0
DEBUG 2019-11-11 18:33:03.062 UTC: 	 Executing : 
 command : voms-proxy-info -file /tmp/x509up_u77410 -actimeleft
 output : 38878

 error: 
 retcode : 0
DEBUG 2019-11-11 18:33:03.063 UTC: 	 Proxy valid for 10:47:58 hours
DEBUG 2019-11-11 18:33:03.326 UTC: 	 Executing : 
 command : openssl x509 -in ~/.globus/usercert.pem -subject -noout
 output : subject= /DC=ch/DC=cern/OU=Organic Units/OU=Users/CN=sthakur/CN=764789/CN=Shalini Thakur

 error: 
 retcode : 0
DEBUG 2019-11-11 18:33:03.326 UTC: 	 Checking credentials
DEBUG 2019-11-11 18:33:03.326 UTC: 	 Found proxy file /tmp/x509up_u77410
DEBUG 2019-11-11 18:33:03.326 UTC: 	 Getting proxy life time left
DEBUG 2019-11-11 18:33:04.034 UTC: 	 Executing : 
 command : voms-proxy-info -file /tmp/x509up_u77410 -timeleft
 output : 38877

 error: 
 retcode : 0
DEBUG 2019-11-11 18:33:04.741 UTC: 	 Executing : 
 command : voms-proxy-info -file /tmp/x509up_u77410 -actimeleft
 output : 38876

 error: 
 retcode : 0
DEBUG 2019-11-11 18:33:04.741 UTC: 	 Proxy lifetime 38877 secs is different from voms extension lifetime 38876 secs for proxy: /tmp/x509up_u77410
DEBUG 2019-11-11 18:33:04.741 UTC: 	 Proxy valid for 10:47:56 hours
DEBUG 2019-11-11 18:33:04.825 UTC: 	 Registering user credentials for server /DC=ch/DC=cern/OU=computers/CN=vocms(052|058|030|0118|0105|0109).cern.ch|/DC=ch/DC=cern/OU=computers/CN=crab-(preprod|prod)-tw(02|01).cern.ch
DEBUG 2019-11-11 18:33:04.935 UTC: 	 Executing : 
 command : openssl x509 -in ~/.globus/usercert.pem -subject -noout
 output : subject= /DC=ch/DC=cern/OU=Organic Units/OU=Users/CN=sthakur/CN=764789/CN=Shalini Thakur

 error: 
 retcode : 0
DEBUG 2019-11-11 18:33:04.935 UTC: 	 Getting myproxy life time left for myproxy.cern.ch
DEBUG 2019-11-11 18:33:04.935 UTC: 	 Calculating hash of /DC=ch/DC=cern/OU=Organic Units/OU=Users/CN=sthakur/CN=764789/CN=Shalini Thakur_cmsweb.cern.ch for credential name
DEBUG 2019-11-11 18:33:05.140 UTC: 	 Executing : 
 command : myproxy-info -l 9cd94953387eeee7bf4da2b7588630639ea1153b -s myproxy.cern.ch
 output : username: 9cd94953387eeee7bf4da2b7588630639ea1153b
owner: /DC=ch/DC=cern/OU=Organic Units/OU=Users/CN=sthakur/CN=764789/CN=Shalini Thakur
  renewal policy: /DC=ch/DC=cern/OU=computers/CN=vocms(052|058|030|0118|0105|0109).cern.ch|/DC=ch/DC=cern/OU=computers/CN=crab-(preprod|prod)-tw(02|01).cern.ch
  trusted retrieval policy: /DC=ch/DC=cern/OU=computers/CN=vocms(052|058|030|0118|0105|0109).cern.ch|/DC=ch/DC=cern/OU=computers/CN=crab-(preprod|prod)-tw(02|01).cern.ch
  timeleft: 711:00:14  (29.6 days)

 error: 
 retcode : 0
DEBUG 2019-11-11 18:33:05.141 UTC: 	 Myproxy is valid: 2559614
DEBUG 2019-11-11 18:33:05.142 UTC: 	 Command use: status
DEBUG 2019-11-11 18:33:05.142 UTC: 	 Options use: ['--verboseErrors', 'CrabMC_20191101/crab_ExLepMuMuZ_M500_MC_20191101']
DEBUG 2019-11-11 18:33:05.210 UTC: 	 CRABClient version: 3.3.1911
DEBUG 2019-11-11 18:33:05.210 UTC: 	 Instance is prod
DEBUG 2019-11-11 18:33:05.210 UTC: 	 Server base url is cmsweb.cern.ch
DEBUG 2019-11-11 18:33:05.210 UTC: 	 Command url /crabserver/prod/workflow
DEBUG 2019-11-11 18:33:05.308 UTC: 	 Got information from server oracle database: {u'result': [u'191101_121724:sthakur_crab_ExLepMuMuZ_M500_MC_20191101', u'None', u'None', u'SUBMITTED', u'SUBMIT', u'2019-11-01 12:17:24.697917', u'None', u'2019-11-01 12:18:23.156077', u'None', u'CMSSW_10_4_0', u'slc7_amd64_gcc700', u'/ExcitedLepton_MuMuZ-500_TuneCP5_13TeV-pythia8/RunIIFall17MiniAODv2-PU2017_12Apr2018_94X_mc2017_realistic_v14-v1/MINIAODSIM', u'T', u'0', u'[]', u'[]', u'FileBased', u"{'splitOnRun': False, 'halt_job_on_file_boundaries': False, 'files_per_job': 10, 'runs': [], 'lumis': []}", u'c2f5ec21a3c12fafeb808e4282a7954012f6932adcff971aae1b396c83f540a9.tar.gz', u'https://cmsweb.cern.ch/crabcache', u'sthakur', u'/DC=ch/DC=cern/OU=Organic Units/OU=Users/CN=sthakur/CN=764789/CN=Shalini Thakur', u'cms', u'None', u'None', u'ExLepMuMuZ_M500_MC_20191101-00000000000000000000000000000000', u'F', u'T2_IN_TIFR', u'https://cmsweb.cern.ch/dbs/prod/global/DBSReader', u'https://cmsweb.cern.ch/dbs/prod/phys03/DBSWriter', u'T', u'[]', u"['ExLepMuMuZ_M500_MC_20191101_Ntuple.root']", u'[]', u'Analysis', u'pythia', u'None', u'{}', u'[]', u'F', u'crab-prod-tw01', u'[]', u'1250', u'1', u'2000', u'10', u'None', u'[]', u'http://vocms0137.cern.ch/mon/cms251/191101_121724:sthakur_crab_ExLepMuMuZ_M500_MC_20191101', u'None', u'[]', u'[]', u'https://cmsweb.cern.ch/crabserver/prod', u'cmsgwms-collector-global.cern.ch:9620,cmssrv623.fnal.gov:9620', u'crab3@vocms0137.cern.ch', u'F', u'[]', u'T', u'/store/user/sthakur/ntuple_for2017MC_20191101/MC_20191101/ExLepMuMuZ_M500_MC_20191101', u'F', u'None', u'F', u'None', u'ExcitedLepton_MuMuZ-500_TuneCP5_13TeV-pythia8', u'None', u'851d717f33ed58e9d27293b3678dcb27676d64248c5e9f9ca2faf5804ccaeb5c.tar.gz', u'44019025', u'filetransfers', u'F', u'2001:1458:d00:2e::100:9b', u'0.0', u'None'], u'desc': {u'columns': [u'tm_taskname', u'tm_activity', u'panda_jobset_id', u'tm_task_status', u'tm_task_command', u'tm_start_time', u'tm_start_injection', u'tm_end_injection', u'tm_task_failure', u'tm_job_sw', u'tm_job_arch', u'tm_input_dataset', u'tm_nonvalid_input_dataset', u'tm_use_parent', u'tm_site_whitelist', u'tm_site_blacklist', u'tm_split_algo', u'tm_split_args', u'tm_user_sandbox', u'tm_cache_url', u'tm_username', u'tm_user_dn', u'tm_user_vo', u'tm_user_role', u'tm_user_group', u'tm_publish_name', u'tm_publish_groupname', u'tm_asyncdest', u'tm_dbs_url', u'tm_publish_dbs_url', u'tm_publication', u'tm_outfiles', u'tm_tfile_outfiles', u'tm_edm_outfiles', u'tm_job_type', u'tm_generator', u'tm_events_per_lumi', u'tm_arguments', u'panda_resubmitted_jobs', u'tm_save_logs', u'tw_name', u'tm_user_infiles', u'tm_maxjobruntime', u'tm_numcores', u'tm_maxmemory', u'tm_priority', u'tm_output_dataset', u'tm_task_warnings', u'tm_user_webdir', u'tm_scriptexe', u'tm_scriptargs', u'tm_extrajdl', u'tm_asourl', u'tm_collector', u'tm_schedd', u'tm_dry_run', u'tm_user_files', u'tm_transfer_outputs', u'tm_output_lfn', u'tm_ignore_locality', u'tm_fail_limit', u'tm_one_event_mode', u'tm_secondary_input_dataset', u'tm_primary_dataset', u'tm_last_publication', u'tm_debug_files', u'clusterid', u'tm_asodb', u'tm_ignore_global_blacklist', u'tm_submitter_ip_addr', u'tm_totalunits', u'tm_ddm_reqid']}}
INFO 2019-11-11 18:33:05.308 UTC: 	 CRAB project directory:		/afs/cern.ch/work/s/sthakur/xRavindra/MiniTree2017Data/CMSSW_10_4_0/src/ExLep2017Crab/crab/CrabMC_20191101/crab_ExLepMuMuZ_M500_MC_20191101
INFO 2019-11-11 18:33:05.308 UTC: 	 Task name:			191101_121724:sthakur_crab_ExLepMuMuZ_M500_MC_20191101
INFO 2019-11-11 18:33:05.308 UTC: 	 Grid scheduler - Task Worker:	crab3@vocms0137.cern.ch - crab-prod-tw01
INFO 2019-11-11 18:33:05.308 UTC: 	 Status on the CRAB server:	SUBMITTED
INFO 2019-11-11 18:33:05.308 UTC: 	 Task URL to use for HELP:	https://cmsweb.cern.ch/crabserver/ui/task/191101_121724%3Asthakur_crab_ExLepMuMuZ_M500_MC_20191101
INFO 2019-11-11 18:33:05.309 UTC: 	 Dashboard monitoring URL:	https://monit-grafana.cern.ch/d/cmsTMDetail/cms-task-monitoring-task-view?orgId=11&var-user=sthakur&var-task=191101_121724%3Asthakur_crab_ExLepMuMuZ_M500_MC_20191101
INFO 2019-11-11 18:33:05.309 UTC: 	 In case of issues with the dashboard, please provide feedback to hn-cms-computing-tools@cern.ch
DEBUG 2019-11-11 18:33:05.309 UTC: 	 The CRAB server submitted your task to the Grid scheduler (cluster ID: 44019025)
DEBUG 2019-11-11 18:33:05.309 UTC: 	 Webdir is located at http://vocms0137.cern.ch/mon/cms251/191101_121724:sthakur_crab_ExLepMuMuZ_M500_MC_20191101
DEBUG 2019-11-11 18:33:05.548 UTC: 	 Proxied webdir is located at https://cmsweb.cern.ch/scheddmon/0137/cms251/191101_121724:sthakur_crab_ExLepMuMuZ_M500_MC_20191101
DEBUG 2019-11-11 18:33:05.548 UTC: 	 Retrieving 'status_cache' file from https://cmsweb.cern.ch/scheddmon/0137/cms251/191101_121724:sthakur_crab_ExLepMuMuZ_M500_MC_20191101/status_cache
DEBUG 2019-11-11 18:33:05.719 UTC: 	 Got information from status cache file: {'1': {'Retries': 0, 'WallDurations': [8.0, 5574.0], 'StartTimes': [1572612147.0], 'SubmitTimes': [1572610714.0], 'JobIds': ['44019028.0'], 'EndTimes': [1572617721.0], 'Restarts': 0, 'RecordedSite': True, 'State': 'finished', 'ResidentSetSize': [716816], 'TotalUserCpuTimeHistory': [1041], 'SiteHistory': ['Unknown', 'T2_US_MIT'], 'TotalSysCpuTimeHistory': [51]}, '2': {'Retries': 0, 'WallDurations': [8.0, 2152.0], 'StartTimes': [1572612152.0], 'SubmitTimes': [1572610715.0], 'JobIds': ['44019029.0'], 'EndTimes': [1572614304.0], 'Restarts': 0, 'RecordedSite': True, 'State': 'finished', 'ResidentSetSize': [787412], 'TotalUserCpuTimeHistory': [385], 'SiteHistory': ['Unknown', 'T2_US_MIT'], 'TotalSysCpuTimeHistory': [18]}}
INFO 2019-11-11 18:33:05.719 UTC: 	 Status on the scheduler:	COMPLETED
INFO 2019-11-11 18:33:05.719 UTC: 	 
Jobs status:                    finished     		100.0% (2/2)
INFO 2019-11-11 18:33:05.804 UTC: 	 
No publication information available yet
INFO 2019-11-11 18:33:05.804 UTC: 	 
Warning: the max jobs runtime is less than 30% of the task requested value (1250 min), please consider to request a lower value for failed jobs (allowed through crab resubmit) and/or improve the jobs splitting (e.g. config.Data.splitting = 'Automatic') in a new task.
INFO 2019-11-11 18:33:05.804 UTC: 	 
Warning: the average jobs CPU efficiency is less than 50%, please consider to improve the jobs splitting (e.g. config.Data.splitting = 'Automatic') in a new task
INFO 2019-11-11 18:33:05.805 UTC: 	 
Summary of run jobs:
 * Memory: 700MB min, 768MB max, 734MB ave
 * Runtime: 0:35:52 min, 1:32:54 max, 1:04:23 ave
 * CPU eff: 19% min, 20% max, 19% ave
 * Waste: 0:00:16 (0% of total)

INFO 2019-11-11 18:33:05.813 UTC: 	 Log file is /afs/cern.ch/work/s/sthakur/xRavindra/MiniTree2017Data/CMSSW_10_4_0/src/ExLep2017Crab/crab/CrabMC_20191101/crab_ExLepMuMuZ_M500_MC_20191101/crab.log
DEBUG 2019-11-11 18:48:52.602 UTC: 	 Running on: Linux lxplus714.cern.ch 3.10.0-1062.4.1.el7.x86_64 #1 SMP Fri Oct 18 17:15:30 UTC 2019 x86_64 x86_64 x86_64 GNU/Linux - CentOS Linux 7 (Core)
DEBUG 2019-11-11 18:48:52.629 UTC: 	 OpenSSl version: OpenSSL 1.0.2k-fips  26 Jan 2017 (Library: OpenSSL 1.0.2d-fips 9 Jul 2015)
DEBUG 2019-11-11 18:48:52.630 UTC: 	 Executing command: 'status'
DEBUG 2019-11-11 18:48:52.630 UTC: 	 Found CRAB cache file /afs/cern.ch/user/s/sthakur/.crab3
DEBUG 2019-11-11 18:48:52.643 UTC: 	 Checking credentials
DEBUG 2019-11-11 18:48:52.644 UTC: 	 Found proxy file /tmp/x509up_u77410
DEBUG 2019-11-11 18:48:52.644 UTC: 	 Getting proxy life time left
DEBUG 2019-11-11 18:48:53.350 UTC: 	 Executing : 
 command : voms-proxy-info -file /tmp/x509up_u77410 -timeleft
 output : 43058

 error: 
 retcode : 0
DEBUG 2019-11-11 18:48:54.059 UTC: 	 Executing : 
 command : voms-proxy-info -file /tmp/x509up_u77410 -actimeleft
 output : 43057

 error: 
 retcode : 0
DEBUG 2019-11-11 18:48:54.059 UTC: 	 Proxy lifetime 43058 secs is different from voms extension lifetime 43057 secs for proxy: /tmp/x509up_u77410
DEBUG 2019-11-11 18:48:54.059 UTC: 	 Proxy valid for 11:57:37 hours
DEBUG 2019-11-11 18:48:54.218 UTC: 	 Executing : 
 command : openssl x509 -in ~/.globus/usercert.pem -subject -noout
 output : subject= /DC=ch/DC=cern/OU=Organic Units/OU=Users/CN=sthakur/CN=764789/CN=Shalini Thakur

 error: 
 retcode : 0
DEBUG 2019-11-11 18:48:54.218 UTC: 	 Checking credentials
DEBUG 2019-11-11 18:48:54.218 UTC: 	 Found proxy file /tmp/x509up_u77410
DEBUG 2019-11-11 18:48:54.218 UTC: 	 Getting proxy life time left
DEBUG 2019-11-11 18:48:54.926 UTC: 	 Executing : 
 command : voms-proxy-info -file /tmp/x509up_u77410 -timeleft
 output : 43057

 error: 
 retcode : 0
DEBUG 2019-11-11 18:48:55.737 UTC: 	 Executing : 
 command : voms-proxy-info -file /tmp/x509up_u77410 -actimeleft
 output : 43056

 error: 
 retcode : 0
DEBUG 2019-11-11 18:48:55.737 UTC: 	 Proxy lifetime 43057 secs is different from voms extension lifetime 43056 secs for proxy: /tmp/x509up_u77410
DEBUG 2019-11-11 18:48:55.737 UTC: 	 Proxy valid for 11:57:36 hours
DEBUG 2019-11-11 18:48:55.824 UTC: 	 Registering user credentials for server /DC=ch/DC=cern/OU=computers/CN=vocms(052|058|030|0118|0105|0109).cern.ch|/DC=ch/DC=cern/OU=computers/CN=crab-(preprod|prod)-tw(02|01).cern.ch
DEBUG 2019-11-11 18:48:55.935 UTC: 	 Executing : 
 command : openssl x509 -in ~/.globus/usercert.pem -subject -noout
 output : subject= /DC=ch/DC=cern/OU=Organic Units/OU=Users/CN=sthakur/CN=764789/CN=Shalini Thakur

 error: 
 retcode : 0
DEBUG 2019-11-11 18:48:55.936 UTC: 	 Getting myproxy life time left for myproxy.cern.ch
DEBUG 2019-11-11 18:48:55.936 UTC: 	 Calculating hash of /DC=ch/DC=cern/OU=Organic Units/OU=Users/CN=sthakur/CN=764789/CN=Shalini Thakur_cmsweb.cern.ch for credential name
DEBUG 2019-11-11 18:48:56.142 UTC: 	 Executing : 
 command : myproxy-info -l 9cd94953387eeee7bf4da2b7588630639ea1153b -s myproxy.cern.ch
 output : username: 9cd94953387eeee7bf4da2b7588630639ea1153b
owner: /DC=ch/DC=cern/OU=Organic Units/OU=Users/CN=sthakur/CN=764789/CN=Shalini Thakur
  renewal policy: /DC=ch/DC=cern/OU=computers/CN=vocms(052|058|030|0118|0105|0109).cern.ch|/DC=ch/DC=cern/OU=computers/CN=crab-(preprod|prod)-tw(02|01).cern.ch
  trusted retrieval policy: /DC=ch/DC=cern/OU=computers/CN=vocms(052|058|030|0118|0105|0109).cern.ch|/DC=ch/DC=cern/OU=computers/CN=crab-(preprod|prod)-tw(02|01).cern.ch
  timeleft: 710:44:23  (29.6 days)

 error: 
 retcode : 0
DEBUG 2019-11-11 18:48:56.143 UTC: 	 Myproxy is valid: 2558663
DEBUG 2019-11-11 18:48:56.143 UTC: 	 Command use: status
DEBUG 2019-11-11 18:48:56.143 UTC: 	 Options use: ['--verboseErrors', 'CrabMC_20191101/crab_ExLepMuMuZ_M500_MC_20191101']
DEBUG 2019-11-11 18:48:56.282 UTC: 	 CRABClient version: 3.3.1911
DEBUG 2019-11-11 18:48:56.282 UTC: 	 Instance is prod
DEBUG 2019-11-11 18:48:56.282 UTC: 	 Server base url is cmsweb.cern.ch
DEBUG 2019-11-11 18:48:56.282 UTC: 	 Command url /crabserver/prod/workflow
DEBUG 2019-11-11 18:48:56.524 UTC: 	 Got information from server oracle database: {u'result': [u'191101_121724:sthakur_crab_ExLepMuMuZ_M500_MC_20191101', u'None', u'None', u'SUBMITTED', u'SUBMIT', u'2019-11-01 12:17:24.697917', u'None', u'2019-11-01 12:18:23.156077', u'None', u'CMSSW_10_4_0', u'slc7_amd64_gcc700', u'/ExcitedLepton_MuMuZ-500_TuneCP5_13TeV-pythia8/RunIIFall17MiniAODv2-PU2017_12Apr2018_94X_mc2017_realistic_v14-v1/MINIAODSIM', u'T', u'0', u'[]', u'[]', u'FileBased', u"{'splitOnRun': False, 'halt_job_on_file_boundaries': False, 'files_per_job': 10, 'runs': [], 'lumis': []}", u'c2f5ec21a3c12fafeb808e4282a7954012f6932adcff971aae1b396c83f540a9.tar.gz', u'https://cmsweb.cern.ch/crabcache', u'sthakur', u'/DC=ch/DC=cern/OU=Organic Units/OU=Users/CN=sthakur/CN=764789/CN=Shalini Thakur', u'cms', u'None', u'None', u'ExLepMuMuZ_M500_MC_20191101-00000000000000000000000000000000', u'F', u'T2_IN_TIFR', u'https://cmsweb.cern.ch/dbs/prod/global/DBSReader', u'https://cmsweb.cern.ch/dbs/prod/phys03/DBSWriter', u'T', u'[]', u"['ExLepMuMuZ_M500_MC_20191101_Ntuple.root']", u'[]', u'Analysis', u'pythia', u'None', u'{}', u'[]', u'F', u'crab-prod-tw01', u'[]', u'1250', u'1', u'2000', u'10', u'None', u'[]', u'http://vocms0137.cern.ch/mon/cms251/191101_121724:sthakur_crab_ExLepMuMuZ_M500_MC_20191101', u'None', u'[]', u'[]', u'https://cmsweb.cern.ch/crabserver/prod', u'cmsgwms-collector-global.cern.ch:9620,cmssrv623.fnal.gov:9620', u'crab3@vocms0137.cern.ch', u'F', u'[]', u'T', u'/store/user/sthakur/ntuple_for2017MC_20191101/MC_20191101/ExLepMuMuZ_M500_MC_20191101', u'F', u'None', u'F', u'None', u'ExcitedLepton_MuMuZ-500_TuneCP5_13TeV-pythia8', u'None', u'851d717f33ed58e9d27293b3678dcb27676d64248c5e9f9ca2faf5804ccaeb5c.tar.gz', u'44019025', u'filetransfers', u'F', u'2001:1458:d00:2e::100:9b', u'0.0', u'None'], u'desc': {u'columns': [u'tm_taskname', u'tm_activity', u'panda_jobset_id', u'tm_task_status', u'tm_task_command', u'tm_start_time', u'tm_start_injection', u'tm_end_injection', u'tm_task_failure', u'tm_job_sw', u'tm_job_arch', u'tm_input_dataset', u'tm_nonvalid_input_dataset', u'tm_use_parent', u'tm_site_whitelist', u'tm_site_blacklist', u'tm_split_algo', u'tm_split_args', u'tm_user_sandbox', u'tm_cache_url', u'tm_username', u'tm_user_dn', u'tm_user_vo', u'tm_user_role', u'tm_user_group', u'tm_publish_name', u'tm_publish_groupname', u'tm_asyncdest', u'tm_dbs_url', u'tm_publish_dbs_url', u'tm_publication', u'tm_outfiles', u'tm_tfile_outfiles', u'tm_edm_outfiles', u'tm_job_type', u'tm_generator', u'tm_events_per_lumi', u'tm_arguments', u'panda_resubmitted_jobs', u'tm_save_logs', u'tw_name', u'tm_user_infiles', u'tm_maxjobruntime', u'tm_numcores', u'tm_maxmemory', u'tm_priority', u'tm_output_dataset', u'tm_task_warnings', u'tm_user_webdir', u'tm_scriptexe', u'tm_scriptargs', u'tm_extrajdl', u'tm_asourl', u'tm_collector', u'tm_schedd', u'tm_dry_run', u'tm_user_files', u'tm_transfer_outputs', u'tm_output_lfn', u'tm_ignore_locality', u'tm_fail_limit', u'tm_one_event_mode', u'tm_secondary_input_dataset', u'tm_primary_dataset', u'tm_last_publication', u'tm_debug_files', u'clusterid', u'tm_asodb', u'tm_ignore_global_blacklist', u'tm_submitter_ip_addr', u'tm_totalunits', u'tm_ddm_reqid']}}
INFO 2019-11-11 18:48:56.525 UTC: 	 CRAB project directory:		/afs/cern.ch/work/s/sthakur/xRavindra/MiniTree2017Data/CMSSW_10_4_0/src/ExLep2017Crab/crab/CrabMC_20191101/crab_ExLepMuMuZ_M500_MC_20191101
INFO 2019-11-11 18:48:56.525 UTC: 	 Task name:			191101_121724:sthakur_crab_ExLepMuMuZ_M500_MC_20191101
INFO 2019-11-11 18:48:56.525 UTC: 	 Grid scheduler - Task Worker:	crab3@vocms0137.cern.ch - crab-prod-tw01
INFO 2019-11-11 18:48:56.525 UTC: 	 Status on the CRAB server:	SUBMITTED
INFO 2019-11-11 18:48:56.525 UTC: 	 Task URL to use for HELP:	https://cmsweb.cern.ch/crabserver/ui/task/191101_121724%3Asthakur_crab_ExLepMuMuZ_M500_MC_20191101
INFO 2019-11-11 18:48:56.526 UTC: 	 Dashboard monitoring URL:	https://monit-grafana.cern.ch/d/cmsTMDetail/cms-task-monitoring-task-view?orgId=11&var-user=sthakur&var-task=191101_121724%3Asthakur_crab_ExLepMuMuZ_M500_MC_20191101
INFO 2019-11-11 18:48:56.526 UTC: 	 In case of issues with the dashboard, please provide feedback to hn-cms-computing-tools@cern.ch
DEBUG 2019-11-11 18:48:56.526 UTC: 	 The CRAB server submitted your task to the Grid scheduler (cluster ID: 44019025)
DEBUG 2019-11-11 18:48:56.526 UTC: 	 Webdir is located at http://vocms0137.cern.ch/mon/cms251/191101_121724:sthakur_crab_ExLepMuMuZ_M500_MC_20191101
DEBUG 2019-11-11 18:48:56.756 UTC: 	 Proxied webdir is located at https://cmsweb.cern.ch/scheddmon/0137/cms251/191101_121724:sthakur_crab_ExLepMuMuZ_M500_MC_20191101
DEBUG 2019-11-11 18:48:56.756 UTC: 	 Retrieving 'status_cache' file from https://cmsweb.cern.ch/scheddmon/0137/cms251/191101_121724:sthakur_crab_ExLepMuMuZ_M500_MC_20191101/status_cache
DEBUG 2019-11-11 18:48:57.056 UTC: 	 Got information from status cache file: {'1': {'Retries': 0, 'WallDurations': [8.0, 5574.0], 'StartTimes': [1572612147.0], 'SubmitTimes': [1572610714.0], 'JobIds': ['44019028.0'], 'EndTimes': [1572617721.0], 'Restarts': 0, 'RecordedSite': True, 'State': 'finished', 'ResidentSetSize': [716816], 'TotalUserCpuTimeHistory': [1041], 'SiteHistory': ['Unknown', 'T2_US_MIT'], 'TotalSysCpuTimeHistory': [51]}, '2': {'Retries': 0, 'WallDurations': [8.0, 2152.0], 'StartTimes': [1572612152.0], 'SubmitTimes': [1572610715.0], 'JobIds': ['44019029.0'], 'EndTimes': [1572614304.0], 'Restarts': 0, 'RecordedSite': True, 'State': 'finished', 'ResidentSetSize': [787412], 'TotalUserCpuTimeHistory': [385], 'SiteHistory': ['Unknown', 'T2_US_MIT'], 'TotalSysCpuTimeHistory': [18]}}
INFO 2019-11-11 18:48:57.057 UTC: 	 Status on the scheduler:	COMPLETED
INFO 2019-11-11 18:48:57.057 UTC: 	 
Jobs status:                    finished     		100.0% (2/2)
INFO 2019-11-11 18:48:57.341 UTC: 	 
No publication information available yet
INFO 2019-11-11 18:48:57.341 UTC: 	 
Warning: the max jobs runtime is less than 30% of the task requested value (1250 min), please consider to request a lower value for failed jobs (allowed through crab resubmit) and/or improve the jobs splitting (e.g. config.Data.splitting = 'Automatic') in a new task.
INFO 2019-11-11 18:48:57.341 UTC: 	 
Warning: the average jobs CPU efficiency is less than 50%, please consider to improve the jobs splitting (e.g. config.Data.splitting = 'Automatic') in a new task
INFO 2019-11-11 18:48:57.342 UTC: 	 
Summary of run jobs:
 * Memory: 700MB min, 768MB max, 734MB ave
 * Runtime: 0:35:52 min, 1:32:54 max, 1:04:23 ave
 * CPU eff: 19% min, 20% max, 19% ave
 * Waste: 0:00:16 (0% of total)

INFO 2019-11-11 18:48:57.351 UTC: 	 Log file is /afs/cern.ch/work/s/sthakur/xRavindra/MiniTree2017Data/CMSSW_10_4_0/src/ExLep2017Crab/crab/CrabMC_20191101/crab_ExLepMuMuZ_M500_MC_20191101/crab.log
