DEBUG 2019-11-16 18:49:12.557 UTC: 	 Running on: Linux lxplus745.cern.ch 3.10.0-1062.4.1.el7.x86_64 #1 SMP Fri Oct 18 17:15:30 UTC 2019 x86_64 x86_64 x86_64 GNU/Linux - CentOS Linux 7 (Core)
DEBUG 2019-11-16 18:49:12.575 UTC: 	 OpenSSl version: OpenSSL 1.0.2k-fips  26 Jan 2017 (Library: OpenSSL 1.0.2d-fips 9 Jul 2015)
DEBUG 2019-11-16 18:49:12.575 UTC: 	 Executing command: 'submit'
DEBUG 2019-11-16 18:49:12.582 UTC: 	 Found CRAB cache file /afs/cern.ch/user/s/sthakur/.crab3
DEBUG 2019-11-16 18:49:12.590 UTC: 	 Checking credentials
DEBUG 2019-11-16 18:49:12.590 UTC: 	 Found proxy file /tmp/x509up_u77410
DEBUG 2019-11-16 18:49:12.590 UTC: 	 Getting proxy life time left
DEBUG 2019-11-16 18:49:13.296 UTC: 	 Executing : 
 command : voms-proxy-info -file /tmp/x509up_u77410 -timeleft
 output : 40345

 error: 
 retcode : 0
DEBUG 2019-11-16 18:49:14.007 UTC: 	 Executing : 
 command : voms-proxy-info -file /tmp/x509up_u77410 -actimeleft
 output : 40345

 error: 
 retcode : 0
DEBUG 2019-11-16 18:49:14.007 UTC: 	 Proxy valid for 11:12:25 hours
DEBUG 2019-11-16 18:49:14.008 UTC: 	 Will use CRAB Analysis plugin (i.e. will run an analysis job type).
DEBUG 2019-11-16 18:49:14.238 UTC: 	 Executing : 
 command : openssl x509 -in ~/.globus/usercert.pem -subject -noout
 output : subject= /DC=ch/DC=cern/OU=Organic Units/OU=Users/CN=sthakur/CN=764789/CN=Shalini Thakur

 error: 
 retcode : 0
DEBUG 2019-11-16 18:49:14.238 UTC: 	 Checking credentials
DEBUG 2019-11-16 18:49:14.238 UTC: 	 Found proxy file /tmp/x509up_u77410
DEBUG 2019-11-16 18:49:14.238 UTC: 	 Getting proxy life time left
DEBUG 2019-11-16 18:49:15.045 UTC: 	 Executing : 
 command : voms-proxy-info -file /tmp/x509up_u77410 -timeleft
 output : 40344

 error: 
 retcode : 0
DEBUG 2019-11-16 18:49:15.755 UTC: 	 Executing : 
 command : voms-proxy-info -file /tmp/x509up_u77410 -actimeleft
 output : 40343

 error: 
 retcode : 0
DEBUG 2019-11-16 18:49:15.756 UTC: 	 Proxy lifetime 40344 secs is different from voms extension lifetime 40343 secs for proxy: /tmp/x509up_u77410
DEBUG 2019-11-16 18:49:15.756 UTC: 	 Proxy valid for 11:12:23 hours
DEBUG 2019-11-16 18:49:16.462 UTC: 	 Executing : 
 command : env X509_USER_PROXY=/tmp/x509up_u77410 voms-proxy-info -fqan
 output : /cms/Role=NULL/Capability=NULL

 error: 
 retcode : 0
DEBUG 2019-11-16 18:49:16.571 UTC: 	 Registering user credentials for server /DC=ch/DC=cern/OU=computers/CN=vocms(052|058|030|0118|0105|0109).cern.ch|/DC=ch/DC=cern/OU=computers/CN=crab-(preprod|prod)-tw(02|01).cern.ch
DEBUG 2019-11-16 18:49:16.696 UTC: 	 Executing : 
 command : openssl x509 -in ~/.globus/usercert.pem -subject -noout
 output : subject= /DC=ch/DC=cern/OU=Organic Units/OU=Users/CN=sthakur/CN=764789/CN=Shalini Thakur

 error: 
 retcode : 0
DEBUG 2019-11-16 18:49:16.697 UTC: 	 Getting myproxy life time left for myproxy.cern.ch
DEBUG 2019-11-16 18:49:16.697 UTC: 	 Calculating hash of /DC=ch/DC=cern/OU=Organic Units/OU=Users/CN=sthakur/CN=764789/CN=Shalini Thakur_cmsweb.cern.ch for credential name
DEBUG 2019-11-16 18:49:16.901 UTC: 	 Executing : 
 command : myproxy-info -l 9cd94953387eeee7bf4da2b7588630639ea1153b -s myproxy.cern.ch
 output : username: 9cd94953387eeee7bf4da2b7588630639ea1153b
owner: /DC=ch/DC=cern/OU=Organic Units/OU=Users/CN=sthakur/CN=764789/CN=Shalini Thakur
  renewal policy: /DC=ch/DC=cern/OU=computers/CN=vocms(052|058|030|0118|0105|0109).cern.ch|/DC=ch/DC=cern/OU=computers/CN=crab-(preprod|prod)-tw(02|01).cern.ch
  trusted retrieval policy: /DC=ch/DC=cern/OU=computers/CN=vocms(052|058|030|0118|0105|0109).cern.ch|/DC=ch/DC=cern/OU=computers/CN=crab-(preprod|prod)-tw(02|01).cern.ch
  timeleft: 590:44:03  (24.6 days)

 error: 
 retcode : 0
DEBUG 2019-11-16 18:49:16.902 UTC: 	 Myproxy is valid: 2126643
DEBUG 2019-11-16 18:49:16.902 UTC: 	 Command use: submit
DEBUG 2019-11-16 18:49:16.902 UTC: 	 Options use: ['--config', <WMCore.Configuration.Configuration object at 0x7fe17e854fd0>]
DEBUG 2019-11-16 18:49:16.970 UTC: 	 CRABClient version: 3.3.1911.patch1
DEBUG 2019-11-16 18:49:16.970 UTC: 	 Instance is prod
DEBUG 2019-11-16 18:49:16.970 UTC: 	 Server base url is cmsweb.cern.ch
DEBUG 2019-11-16 18:49:16.970 UTC: 	 Command url /crabserver/prod/workflow
DEBUG 2019-11-16 18:49:16.971 UTC: 	 Started submission
DEBUG 2019-11-16 18:49:16.971 UTC: 	 Working on /afs/cern.ch/work/s/sthakur/xRavindra/MiniTree2017Data/CMSSW_10_4_0/src/ExLep2017Crab/crab/CrabMC_20191116/crab_ExLepEEZ_M1500_MC_20191116
DEBUG 2019-11-16 18:49:17.064 UTC: 	 Loading required information from the environment
DEBUG 2019-11-16 18:49:17.065 UTC: 	 Found CMSSW_10_4_0 for slc7_amd64_gcc700 with base /afs/cern.ch/work/s/sthakur/xRavindra/MiniTree2017Data/CMSSW_10_4_0
DEBUG 2019-11-16 18:49:17.065 UTC: 	 Loading required information from the environment
DEBUG 2019-11-16 18:49:17.065 UTC: 	 Found CMSSW_10_4_0 for slc7_amd64_gcc700 with base /afs/cern.ch/work/s/sthakur/xRavindra/MiniTree2017Data/CMSSW_10_4_0
DEBUG 2019-11-16 18:49:17.081 UTC: 	 UNIQUE NAME: tarUUID 687a5780-9335-42d0-9b19-6a99fe01dc5d 
DEBUG 2019-11-16 18:49:17.082 UTC: 	 self.config: from WMCore.Configuration import Configuration
config = Configuration()
config.section_('General')
config.General.workArea = 'CrabMC_20191116'
config.General.transferOutputs = True
config.General.transferLogs = False
config.General.requestName = 'ExLepEEZ_M1500_MC_20191116'
config.section_('JobType')
config.JobType.psetName = '20191116/config/ExLepEEZ_M1500_MC_20191116_cfg.py'
config.JobType.pluginName = 'Analysis'
config.JobType.inputFiles = ['../../ExLep2017Tree/Selection/test/Fall17_V3_MC_PtResolution_AK8PF.txt', '../../ExLep2017Tree/Selection/test/Fall17_V3_MC_SF_AK8PF.txt']
config.JobType.allowUndistributedCMSSW = True
config.JobType.maxMemoryMB = 2000
config.section_('Data')
config.Data.inputDataset = '/ExcitedLepton_EEZ-1500_TuneCP5_13TeV-pythia8/RunIIFall17MiniAODv2-PU2017_12Apr2018_94X_mc2017_realistic_v14-v1/MINIAODSIM'
config.Data.allowNonValidInputDataset = True
config.Data.unitsPerJob = 10
config.Data.inputDBS = 'global'
config.Data.splitting = 'FileBased'
config.Data.outputDatasetTag = 'ExLepEEZ_M1500_MC_20191116'
config.Data.outLFNDirBase = '/store/user/sthakur/ntuple_for2017MC_20191116/MC_20191116/ExLepEEZ_M1500_MC_20191116'
config.section_('Site')
config.Site.storageSite = 'T2_IN_TIFR'
config.section_('User')
config.section_('Debug')

DEBUG 2019-11-16 18:49:17.082 UTC: 	 self.config.JobType.psetName: 20191116/config/ExLepEEZ_M1500_MC_20191116_cfg.py
INFO 2019-11-16 18:49:17.082 UTC: 	 Importing CMSSW configuration 20191116/config/ExLepEEZ_M1500_MC_20191116_cfg.py
INFO 2019-11-16 18:49:17.297 UTC: 	 Finished importing CMSSW configuration 20191116/config/ExLepEEZ_M1500_MC_20191116_cfg.py
DEBUG 2019-11-16 18:49:17.298 UTC: 	 Writing CMSSW configuration to /afs/cern.ch/work/s/sthakur/xRavindra/MiniTree2017Data/CMSSW_10_4_0/src/ExLep2017Crab/crab/CrabMC_20191116/crab_ExLepEEZ_M1500_MC_20191116/inputs/PSet.py
DEBUG 2019-11-16 18:49:17.436 UTC: 	 The following EDM output files will be collected: []
DEBUG 2019-11-16 18:49:17.437 UTC: 	 The following TFile output files will be collected: ['ExLepEEZ_M1500_MC_20191116_Ntuple.root']
DEBUG 2019-11-16 18:49:17.437 UTC: 	 The following user output files (not listed as PoolOuputModule or TFileService in the CMSSW PSet) will be collected: 
DEBUG 2019-11-16 18:49:17.437 UTC: 	 Loading required information from the environment
DEBUG 2019-11-16 18:49:17.437 UTC: 	 Found CMSSW_10_4_0 for slc7_amd64_gcc700 with base /afs/cern.ch/work/s/sthakur/xRavindra/MiniTree2017Data/CMSSW_10_4_0
DEBUG 2019-11-16 18:49:17.437 UTC: 	 Making tarball in /afs/cern.ch/work/s/sthakur/xRavindra/MiniTree2017Data/CMSSW_10_4_0/src/ExLep2017Crab/crab/CrabMC_20191116/crab_ExLepEEZ_M1500_MC_20191116/inputs/687a5780-9335-42d0-9b19-6a99fe01dc5ddefault.tgz
DEBUG 2019-11-16 18:49:17.444 UTC: 	 Checking directory /afs/cern.ch/work/s/sthakur/xRavindra/MiniTree2017Data/CMSSW_10_4_0/lib
DEBUG 2019-11-16 18:49:17.444 UTC: 	 Adding directory /afs/cern.ch/work/s/sthakur/xRavindra/MiniTree2017Data/CMSSW_10_4_0/lib to tarball
DEBUG 2019-11-16 18:49:17.456 UTC: 	 Checking directory /afs/cern.ch/work/s/sthakur/xRavindra/MiniTree2017Data/CMSSW_10_4_0/biglib
DEBUG 2019-11-16 18:49:17.456 UTC: 	 Adding directory /afs/cern.ch/work/s/sthakur/xRavindra/MiniTree2017Data/CMSSW_10_4_0/biglib to tarball
DEBUG 2019-11-16 18:49:17.457 UTC: 	 Checking directory /afs/cern.ch/work/s/sthakur/xRavindra/MiniTree2017Data/CMSSW_10_4_0/module
DEBUG 2019-11-16 18:49:17.465 UTC: 	 Adding data directory /afs/cern.ch/work/s/sthakur/xRavindra/MiniTree2017Data/CMSSW_10_4_0/src/ExLep2017Tree/Selection/interface to tarball
DEBUG 2019-11-16 18:49:17.505 UTC: 	 Adding file ../../ExLep2017Tree/Selection/test/Fall17_V3_MC_PtResolution_AK8PF.txt to tarball
DEBUG 2019-11-16 18:49:17.506 UTC: 	 Adding file ../../ExLep2017Tree/Selection/test/Fall17_V3_MC_SF_AK8PF.txt to tarball
DEBUG 2019-11-16 18:49:17.668 UTC: 	 Uploading archive /afs/cern.ch/work/s/sthakur/xRavindra/MiniTree2017Data/CMSSW_10_4_0/src/ExLep2017Crab/crab/CrabMC_20191116/crab_ExLepEEZ_M1500_MC_20191116/inputs/687a5780-9335-42d0-9b19-6a99fe01dc5ddefault.tgz (239 KB) to the CRAB cache. Using URI https://cmsweb.cern.ch/crabcache
DEBUG 2019-11-16 18:49:17.985 UTC: 	 Loading required information from the environment
DEBUG 2019-11-16 18:49:17.985 UTC: 	 Found CMSSW_10_4_0 for slc7_amd64_gcc700 with base /afs/cern.ch/work/s/sthakur/xRavindra/MiniTree2017Data/CMSSW_10_4_0
DEBUG 2019-11-16 18:49:17.985 UTC: 	 Making tarball in /afs/cern.ch/work/s/sthakur/xRavindra/MiniTree2017Data/CMSSW_10_4_0/src/ExLep2017Crab/crab/CrabMC_20191116/crab_ExLepEEZ_M1500_MC_20191116/inputs/debugFiles.tgz
DEBUG 2019-11-16 18:49:18.016 UTC: 	 Uploading archive /afs/cern.ch/work/s/sthakur/xRavindra/MiniTree2017Data/CMSSW_10_4_0/src/ExLep2017Crab/crab/CrabMC_20191116/crab_ExLepEEZ_M1500_MC_20191116/inputs/debugFiles.tgz (2 KB) to the CRAB cache. Using URI https://cmsweb.cern.ch/crabcache
DEBUG 2019-11-16 18:49:18.105 UTC: 	 Result uploading input files: 9ecde91563138b86c3ca71910376019f0eb8b2a1cac6b52a15c78479cc1eb288.tar.gz 
WARNING 2019-11-16 18:49:18.105 UTC: 	 Warning: The following output files will not be published, as they are not EDM files: ['ExLepEEZ_M1500_MC_20191116_Ntuple.root']
INFO 2019-11-16 18:49:18.105 UTC: 	 Sending the request to the server at cmsweb.cern.ch
DEBUG 2019-11-16 18:49:18.105 UTC: 	 Submitting {'maxjobruntime': 1250, 'extrajdl': [], 'ignorelocality': 0, 'savelogsflag': 0, 'useparent': 0, 'asyncdest': 'T2_IN_TIFR', 'algoargs': 10, 'cachefilename': '9ecde91563138b86c3ca71910376019f0eb8b2a1cac6b52a15c78479cc1eb288.tar.gz', 'numcores': 1, 'addoutputfiles': [], 'generator': 'pythia', 'maxmemory': 2000, 'publishdbsurl': 'https://cmsweb.cern.ch/dbs/prod/phys03/DBSWriter', 'priority': 10, 'jobsw': 'CMSSW_10_4_0', 'edmoutfiles': [], 'userfiles': [], 'primarydataset': '', 'inputdata': '/ExcitedLepton_EEZ-1500_TuneCP5_13TeV-pythia8/RunIIFall17MiniAODv2-PU2017_12Apr2018_94X_mc2017_realistic_v14-v1/MINIAODSIM', 'lfn': '/store/user/sthakur/ntuple_for2017MC_20191116/MC_20191116/ExLepEEZ_M1500_MC_20191116', 'dryrun': 0, 'workflow': 'crab_ExLepEEZ_M1500_MC_20191116', 'cacheurl': u'https://cmsweb.cern.ch/crabcache', 'nonprodsw': 1, 'tfileoutfiles': ['ExLepEEZ_M1500_MC_20191116_Ntuple.root'], 'oneEventMode': 0, 'debugfilename': '38671b7f34a7eed56c23567a35a389697419fda2ffb3601a1d1a7d6045ac0878.tar.gz', 'saveoutput': 1, 'publication': 1, 'jobarch': 'slc7_amd64_gcc700', 'totalunits': 0, 'splitalgo': 'FileBased', 'ignoreglobalblacklist': 0, 'nonvaliddata': 1, 'dbsurl': 'https://cmsweb.cern.ch/dbs/prod/global/DBSReader', 'publishgroupname': 0, 'jobtype': 'Analysis', 'publishname2': 'ExLepEEZ_M1500_MC_20191116'} 
DEBUG 2019-11-16 18:49:18.106 UTC: 	 Encoded submit request: maxjobruntime=1250&ignorelocality=0&savelogsflag=0&useparent=0&asyncdest=T2_IN_TIFR&algoargs=10&cachefilename=9ecde91563138b86c3ca71910376019f0eb8b2a1cac6b52a15c78479cc1eb288.tar.gz&numcores=1&generator=pythia&maxmemory=2000&publishdbsurl=https%3A%2F%2Fcmsweb.cern.ch%2Fdbs%2Fprod%2Fphys03%2FDBSWriter&priority=10&jobsw=CMSSW_10_4_0&primarydataset=&inputdata=%2FExcitedLepton_EEZ-1500_TuneCP5_13TeV-pythia8%2FRunIIFall17MiniAODv2-PU2017_12Apr2018_94X_mc2017_realistic_v14-v1%2FMINIAODSIM&lfn=%2Fstore%2Fuser%2Fsthakur%2Fntuple_for2017MC_20191116%2FMC_20191116%2FExLepEEZ_M1500_MC_20191116&dryrun=0&workflow=crab_ExLepEEZ_M1500_MC_20191116&cacheurl=https%3A%2F%2Fcmsweb.cern.ch%2Fcrabcache&nonprodsw=1&oneEventMode=0&debugfilename=38671b7f34a7eed56c23567a35a389697419fda2ffb3601a1d1a7d6045ac0878.tar.gz&saveoutput=1&publication=1&jobarch=slc7_amd64_gcc700&totalunits=0&splitalgo=FileBased&ignoreglobalblacklist=0&nonvaliddata=1&dbsurl=https%3A%2F%2Fcmsweb.cern.ch%2Fdbs%2Fprod%2Fglobal%2FDBSReader&publishgroupname=0&jobtype=Analysis&publishname2=ExLepEEZ_M1500_MC_20191116&tfileoutfiles=ExLepEEZ_M1500_MC_20191116_Ntuple.root
DEBUG 2019-11-16 18:49:18.192 UTC: 	 Result: {u'result': [{u'RequestName': u'191116_184918:sthakur_crab_ExLepEEZ_M1500_MC_20191116'}]}
INFO 2019-11-16 18:49:18.213 UTC: 	 Success: Your task has been delivered to the prod CRAB3 server.
INFO 2019-11-16 18:49:18.214 UTC: 	 Task name: 191116_184918:sthakur_crab_ExLepEEZ_M1500_MC_20191116
INFO 2019-11-16 18:49:18.214 UTC: 	 Project dir: CrabMC_20191116/crab_ExLepEEZ_M1500_MC_20191116
INFO 2019-11-16 18:49:18.214 UTC: 	 Please use 'crab status -d CrabMC_20191116/crab_ExLepEEZ_M1500_MC_20191116' to check how the submission process proceeds.
DEBUG 2019-11-16 18:49:18.214 UTC: 	 About to return
DEBUG 2019-11-16 18:58:02.535 UTC: 	 Running on: Linux lxplus745.cern.ch 3.10.0-1062.4.1.el7.x86_64 #1 SMP Fri Oct 18 17:15:30 UTC 2019 x86_64 x86_64 x86_64 GNU/Linux - CentOS Linux 7 (Core)
DEBUG 2019-11-16 18:58:02.551 UTC: 	 OpenSSl version: OpenSSL 1.0.2k-fips  26 Jan 2017 (Library: OpenSSL 1.0.2d-fips 9 Jul 2015)
DEBUG 2019-11-16 18:58:02.551 UTC: 	 Executing command: 'status'
DEBUG 2019-11-16 18:58:02.552 UTC: 	 Found CRAB cache file /afs/cern.ch/user/s/sthakur/.crab3
DEBUG 2019-11-16 18:58:02.560 UTC: 	 Checking credentials
DEBUG 2019-11-16 18:58:02.560 UTC: 	 Found proxy file /tmp/x509up_u77410
DEBUG 2019-11-16 18:58:02.560 UTC: 	 Getting proxy life time left
DEBUG 2019-11-16 18:58:03.264 UTC: 	 Executing : 
 command : voms-proxy-info -file /tmp/x509up_u77410 -timeleft
 output : 39815

 error: 
 retcode : 0
DEBUG 2019-11-16 18:58:03.973 UTC: 	 Executing : 
 command : voms-proxy-info -file /tmp/x509up_u77410 -actimeleft
 output : 39815

 error: 
 retcode : 0
DEBUG 2019-11-16 18:58:03.973 UTC: 	 Proxy valid for 11:03:35 hours
DEBUG 2019-11-16 18:58:04.189 UTC: 	 Executing : 
 command : openssl x509 -in ~/.globus/usercert.pem -subject -noout
 output : subject= /DC=ch/DC=cern/OU=Organic Units/OU=Users/CN=sthakur/CN=764789/CN=Shalini Thakur

 error: 
 retcode : 0
DEBUG 2019-11-16 18:58:04.189 UTC: 	 Checking credentials
DEBUG 2019-11-16 18:58:04.189 UTC: 	 Found proxy file /tmp/x509up_u77410
DEBUG 2019-11-16 18:58:04.190 UTC: 	 Getting proxy life time left
DEBUG 2019-11-16 18:58:04.996 UTC: 	 Executing : 
 command : voms-proxy-info -file /tmp/x509up_u77410 -timeleft
 output : 39814

 error: 
 retcode : 0
DEBUG 2019-11-16 18:58:05.703 UTC: 	 Executing : 
 command : voms-proxy-info -file /tmp/x509up_u77410 -actimeleft
 output : 39813

 error: 
 retcode : 0
DEBUG 2019-11-16 18:58:05.703 UTC: 	 Proxy lifetime 39814 secs is different from voms extension lifetime 39813 secs for proxy: /tmp/x509up_u77410
DEBUG 2019-11-16 18:58:05.703 UTC: 	 Proxy valid for 11:03:33 hours
DEBUG 2019-11-16 18:58:05.799 UTC: 	 Registering user credentials for server /DC=ch/DC=cern/OU=computers/CN=vocms(052|058|030|0118|0105|0109).cern.ch|/DC=ch/DC=cern/OU=computers/CN=crab-(preprod|prod)-tw(02|01).cern.ch
DEBUG 2019-11-16 18:58:05.910 UTC: 	 Executing : 
 command : openssl x509 -in ~/.globus/usercert.pem -subject -noout
 output : subject= /DC=ch/DC=cern/OU=Organic Units/OU=Users/CN=sthakur/CN=764789/CN=Shalini Thakur

 error: 
 retcode : 0
DEBUG 2019-11-16 18:58:05.910 UTC: 	 Getting myproxy life time left for myproxy.cern.ch
DEBUG 2019-11-16 18:58:05.910 UTC: 	 Calculating hash of /DC=ch/DC=cern/OU=Organic Units/OU=Users/CN=sthakur/CN=764789/CN=Shalini Thakur_cmsweb.cern.ch for credential name
DEBUG 2019-11-16 18:58:06.114 UTC: 	 Executing : 
 command : myproxy-info -l 9cd94953387eeee7bf4da2b7588630639ea1153b -s myproxy.cern.ch
 output : username: 9cd94953387eeee7bf4da2b7588630639ea1153b
owner: /DC=ch/DC=cern/OU=Organic Units/OU=Users/CN=sthakur/CN=764789/CN=Shalini Thakur
  renewal policy: /DC=ch/DC=cern/OU=computers/CN=vocms(052|058|030|0118|0105|0109).cern.ch|/DC=ch/DC=cern/OU=computers/CN=crab-(preprod|prod)-tw(02|01).cern.ch
  trusted retrieval policy: /DC=ch/DC=cern/OU=computers/CN=vocms(052|058|030|0118|0105|0109).cern.ch|/DC=ch/DC=cern/OU=computers/CN=crab-(preprod|prod)-tw(02|01).cern.ch
  timeleft: 590:35:13  (24.6 days)

 error: 
 retcode : 0
DEBUG 2019-11-16 18:58:06.115 UTC: 	 Myproxy is valid: 2126113
DEBUG 2019-11-16 18:58:06.116 UTC: 	 Command use: status
DEBUG 2019-11-16 18:58:06.116 UTC: 	 Options use: ['--verboseErrors', 'CrabMC_20191116/crab_ExLepEEZ_M1500_MC_20191116']
DEBUG 2019-11-16 18:58:06.215 UTC: 	 CRABClient version: 3.3.1911.patch1
DEBUG 2019-11-16 18:58:06.215 UTC: 	 Instance is prod
DEBUG 2019-11-16 18:58:06.215 UTC: 	 Server base url is cmsweb.cern.ch
DEBUG 2019-11-16 18:58:06.215 UTC: 	 Command url /crabserver/prod/workflow
DEBUG 2019-11-16 18:58:06.293 UTC: 	 Got information from server oracle database: {u'result': [u'191116_184918:sthakur_crab_ExLepEEZ_M1500_MC_20191116', u'None', u'None', u'SUBMITTED', u'SUBMIT', u'2019-11-16 18:49:18.184819', u'None', u'2019-11-16 18:50:28.566600', u'None', u'CMSSW_10_4_0', u'slc7_amd64_gcc700', u'/ExcitedLepton_EEZ-1500_TuneCP5_13TeV-pythia8/RunIIFall17MiniAODv2-PU2017_12Apr2018_94X_mc2017_realistic_v14-v1/MINIAODSIM', u'T', u'0', u'[]', u'[]', u'FileBased', u"{'splitOnRun': False, 'halt_job_on_file_boundaries': False, 'files_per_job': 10, 'runs': [], 'lumis': []}", u'9ecde91563138b86c3ca71910376019f0eb8b2a1cac6b52a15c78479cc1eb288.tar.gz', u'https://cmsweb.cern.ch/crabcache', u'sthakur', u'/DC=ch/DC=cern/OU=Organic Units/OU=Users/CN=sthakur/CN=764789/CN=Shalini Thakur', u'cms', u'None', u'None', u'ExLepEEZ_M1500_MC_20191116-00000000000000000000000000000000', u'F', u'T2_IN_TIFR', u'https://cmsweb.cern.ch/dbs/prod/global/DBSReader', u'https://cmsweb.cern.ch/dbs/prod/phys03/DBSWriter', u'T', u'[]', u"['ExLepEEZ_M1500_MC_20191116_Ntuple.root']", u'[]', u'Analysis', u'pythia', u'None', u'{}', u'[]', u'F', u'crab-prod-tw01', u'[]', u'1250', u'1', u'2000', u'10', u'None', u'[]', u'http://vocms0194.cern.ch/mon/cms251/191116_184918:sthakur_crab_ExLepEEZ_M1500_MC_20191116', u'None', u'[]', u'[]', u'https://cmsweb.cern.ch/crabserver/prod', u'cmsgwms-collector-global.cern.ch:9620,cmssrv623.fnal.gov:9620', u'crab3@vocms0194.cern.ch', u'F', u'[]', u'T', u'/store/user/sthakur/ntuple_for2017MC_20191116/MC_20191116/ExLepEEZ_M1500_MC_20191116', u'F', u'None', u'F', u'None', u'ExcitedLepton_EEZ-1500_TuneCP5_13TeV-pythia8', u'None', u'38671b7f34a7eed56c23567a35a389697419fda2ffb3601a1d1a7d6045ac0878.tar.gz', u'46010039', u'filetransfers', u'F', u'2001:1458:d00:13::2e5', u'0.0', u'None'], u'desc': {u'columns': [u'tm_taskname', u'tm_activity', u'panda_jobset_id', u'tm_task_status', u'tm_task_command', u'tm_start_time', u'tm_start_injection', u'tm_end_injection', u'tm_task_failure', u'tm_job_sw', u'tm_job_arch', u'tm_input_dataset', u'tm_nonvalid_input_dataset', u'tm_use_parent', u'tm_site_whitelist', u'tm_site_blacklist', u'tm_split_algo', u'tm_split_args', u'tm_user_sandbox', u'tm_cache_url', u'tm_username', u'tm_user_dn', u'tm_user_vo', u'tm_user_role', u'tm_user_group', u'tm_publish_name', u'tm_publish_groupname', u'tm_asyncdest', u'tm_dbs_url', u'tm_publish_dbs_url', u'tm_publication', u'tm_outfiles', u'tm_tfile_outfiles', u'tm_edm_outfiles', u'tm_job_type', u'tm_generator', u'tm_events_per_lumi', u'tm_arguments', u'panda_resubmitted_jobs', u'tm_save_logs', u'tw_name', u'tm_user_infiles', u'tm_maxjobruntime', u'tm_numcores', u'tm_maxmemory', u'tm_priority', u'tm_output_dataset', u'tm_task_warnings', u'tm_user_webdir', u'tm_scriptexe', u'tm_scriptargs', u'tm_extrajdl', u'tm_asourl', u'tm_collector', u'tm_schedd', u'tm_dry_run', u'tm_user_files', u'tm_transfer_outputs', u'tm_output_lfn', u'tm_ignore_locality', u'tm_fail_limit', u'tm_one_event_mode', u'tm_secondary_input_dataset', u'tm_primary_dataset', u'tm_last_publication', u'tm_debug_files', u'clusterid', u'tm_asodb', u'tm_ignore_global_blacklist', u'tm_submitter_ip_addr', u'tm_totalunits', u'tm_ddm_reqid']}}
INFO 2019-11-16 18:58:06.293 UTC: 	 CRAB project directory:		/afs/cern.ch/work/s/sthakur/xRavindra/MiniTree2017Data/CMSSW_10_4_0/src/ExLep2017Crab/crab/CrabMC_20191116/crab_ExLepEEZ_M1500_MC_20191116
INFO 2019-11-16 18:58:06.293 UTC: 	 Task name:			191116_184918:sthakur_crab_ExLepEEZ_M1500_MC_20191116
INFO 2019-11-16 18:58:06.293 UTC: 	 Grid scheduler - Task Worker:	crab3@vocms0194.cern.ch - crab-prod-tw01
INFO 2019-11-16 18:58:06.293 UTC: 	 Status on the CRAB server:	SUBMITTED
INFO 2019-11-16 18:58:06.294 UTC: 	 Task URL to use for HELP:	https://cmsweb.cern.ch/crabserver/ui/task/191116_184918%3Asthakur_crab_ExLepEEZ_M1500_MC_20191116
INFO 2019-11-16 18:58:06.294 UTC: 	 Dashboard monitoring URL:	https://monit-grafana.cern.ch/d/cmsTMDetail/cms-task-monitoring-task-view?orgId=11&var-user=sthakur&var-task=191116_184918%3Asthakur_crab_ExLepEEZ_M1500_MC_20191116
INFO 2019-11-16 18:58:06.294 UTC: 	 In case of issues with the dashboard, please provide feedback to hn-cms-computing-tools@cern.ch
DEBUG 2019-11-16 18:58:06.294 UTC: 	 The CRAB server submitted your task to the Grid scheduler (cluster ID: 46010039)
DEBUG 2019-11-16 18:58:06.294 UTC: 	 Webdir is located at http://vocms0194.cern.ch/mon/cms251/191116_184918:sthakur_crab_ExLepEEZ_M1500_MC_20191116
DEBUG 2019-11-16 18:58:06.406 UTC: 	 Proxied webdir is located at https://cmsweb.cern.ch/scheddmon/0194/cms251/191116_184918:sthakur_crab_ExLepEEZ_M1500_MC_20191116
DEBUG 2019-11-16 18:58:06.406 UTC: 	 Retrieving 'status_cache' file from https://cmsweb.cern.ch/scheddmon/0194/cms251/191116_184918:sthakur_crab_ExLepEEZ_M1500_MC_20191116/status_cache
DEBUG 2019-11-16 18:58:06.457 UTC: 	 Got information from status cache file: {'1': {'Retries': 0, 'WallDurations': [0], 'StartTimes': [], 'SubmitTimes': [1573930240.0], 'JobIds': ['46010042.0'], 'EndTimes': [], 'Restarts': 0, 'RecordedSite': False, 'State': 'idle', 'ResidentSetSize': [0], 'TotalUserCpuTimeHistory': [0.0], 'SiteHistory': ['Unknown'], 'TotalSysCpuTimeHistory': [0.0]}, '2': {'Retries': 0, 'WallDurations': [0], 'StartTimes': [], 'SubmitTimes': [1573930241.0], 'JobIds': ['46010043.0'], 'EndTimes': [], 'Restarts': 0, 'RecordedSite': False, 'State': 'idle', 'ResidentSetSize': [0], 'TotalUserCpuTimeHistory': [0.0], 'SiteHistory': ['Unknown'], 'TotalSysCpuTimeHistory': [0.0]}}
INFO 2019-11-16 18:58:06.457 UTC: 	 Status on the scheduler:	SUBMITTED
INFO 2019-11-16 18:58:06.457 UTC: 	 
Jobs status:                    idle         		100.0% (2/2)
INFO 2019-11-16 18:58:06.457 UTC: 	 
No publication information available yet
INFO 2019-11-16 18:58:06.468 UTC: 	 Log file is /afs/cern.ch/work/s/sthakur/xRavindra/MiniTree2017Data/CMSSW_10_4_0/src/ExLep2017Crab/crab/CrabMC_20191116/crab_ExLepEEZ_M1500_MC_20191116/crab.log
DEBUG 2019-11-17 16:04:18.766 UTC: 	 Running on: Linux lxplus744.cern.ch 3.10.0-1062.4.1.el7.x86_64 #1 SMP Fri Oct 18 17:15:30 UTC 2019 x86_64 x86_64 x86_64 GNU/Linux - CentOS Linux 7 (Core)
DEBUG 2019-11-17 16:04:18.780 UTC: 	 OpenSSl version: OpenSSL 1.0.2k-fips  26 Jan 2017 (Library: OpenSSL 1.0.2d-fips 9 Jul 2015)
DEBUG 2019-11-17 16:04:18.780 UTC: 	 Executing command: 'status'
DEBUG 2019-11-17 16:04:18.780 UTC: 	 Found CRAB cache file /afs/cern.ch/user/s/sthakur/.crab3
DEBUG 2019-11-17 16:04:18.799 UTC: 	 Checking credentials
DEBUG 2019-11-17 16:04:18.799 UTC: 	 Found proxy file /tmp/x509up_u77410
DEBUG 2019-11-17 16:04:18.799 UTC: 	 Getting proxy life time left
DEBUG 2019-11-17 16:04:19.403 UTC: 	 Executing : 
 command : voms-proxy-info -file /tmp/x509up_u77410 -timeleft
 output : 43172

 error: 
 retcode : 0
DEBUG 2019-11-17 16:04:20.008 UTC: 	 Executing : 
 command : voms-proxy-info -file /tmp/x509up_u77410 -actimeleft
 output : 43172

 error: 
 retcode : 0
DEBUG 2019-11-17 16:04:20.008 UTC: 	 Proxy valid for 11:59:32 hours
DEBUG 2019-11-17 16:04:20.193 UTC: 	 Executing : 
 command : openssl x509 -in ~/.globus/usercert.pem -subject -noout
 output : subject= /DC=ch/DC=cern/OU=Organic Units/OU=Users/CN=sthakur/CN=764789/CN=Shalini Thakur

 error: 
 retcode : 0
DEBUG 2019-11-17 16:04:20.194 UTC: 	 Checking credentials
DEBUG 2019-11-17 16:04:20.194 UTC: 	 Found proxy file /tmp/x509up_u77410
DEBUG 2019-11-17 16:04:20.194 UTC: 	 Getting proxy life time left
DEBUG 2019-11-17 16:04:20.799 UTC: 	 Executing : 
 command : voms-proxy-info -file /tmp/x509up_u77410 -timeleft
 output : 43171

 error: 
 retcode : 0
DEBUG 2019-11-17 16:04:21.405 UTC: 	 Executing : 
 command : voms-proxy-info -file /tmp/x509up_u77410 -actimeleft
 output : 43170

 error: 
 retcode : 0
DEBUG 2019-11-17 16:04:21.406 UTC: 	 Proxy lifetime 43171 secs is different from voms extension lifetime 43170 secs for proxy: /tmp/x509up_u77410
DEBUG 2019-11-17 16:04:21.406 UTC: 	 Proxy valid for 11:59:30 hours
DEBUG 2019-11-17 16:04:21.484 UTC: 	 Registering user credentials for server /DC=ch/DC=cern/OU=computers/CN=vocms(052|058|030|0118|0105|0109).cern.ch|/DC=ch/DC=cern/OU=computers/CN=crab-(preprod|prod)-tw(02|01).cern.ch
DEBUG 2019-11-17 16:04:21.594 UTC: 	 Executing : 
 command : openssl x509 -in ~/.globus/usercert.pem -subject -noout
 output : subject= /DC=ch/DC=cern/OU=Organic Units/OU=Users/CN=sthakur/CN=764789/CN=Shalini Thakur

 error: 
 retcode : 0
DEBUG 2019-11-17 16:04:21.594 UTC: 	 Getting myproxy life time left for myproxy.cern.ch
DEBUG 2019-11-17 16:04:21.594 UTC: 	 Calculating hash of /DC=ch/DC=cern/OU=Organic Units/OU=Users/CN=sthakur/CN=764789/CN=Shalini Thakur_cmsweb.cern.ch for credential name
DEBUG 2019-11-17 16:04:21.798 UTC: 	 Executing : 
 command : myproxy-info -l 9cd94953387eeee7bf4da2b7588630639ea1153b -s myproxy.cern.ch
 output : username: 9cd94953387eeee7bf4da2b7588630639ea1153b
owner: /DC=ch/DC=cern/OU=Organic Units/OU=Users/CN=sthakur/CN=764789/CN=Shalini Thakur
  renewal policy: /DC=ch/DC=cern/OU=computers/CN=vocms(052|058|030|0118|0105|0109).cern.ch|/DC=ch/DC=cern/OU=computers/CN=crab-(preprod|prod)-tw(02|01).cern.ch
  trusted retrieval policy: /DC=ch/DC=cern/OU=computers/CN=vocms(052|058|030|0118|0105|0109).cern.ch|/DC=ch/DC=cern/OU=computers/CN=crab-(preprod|prod)-tw(02|01).cern.ch
  timeleft: 569:28:58  (23.7 days)

 error: 
 retcode : 0
DEBUG 2019-11-17 16:04:21.799 UTC: 	 Myproxy is valid: 2050138
DEBUG 2019-11-17 16:04:21.800 UTC: 	 Command use: status
DEBUG 2019-11-17 16:04:21.800 UTC: 	 Options use: ['--verboseErrors', 'CrabMC_20191116/crab_ExLepEEZ_M1500_MC_20191116']
DEBUG 2019-11-17 16:04:22.042 UTC: 	 CRABClient version: 3.3.1911.patch1
DEBUG 2019-11-17 16:04:22.042 UTC: 	 Instance is prod
DEBUG 2019-11-17 16:04:22.042 UTC: 	 Server base url is cmsweb.cern.ch
DEBUG 2019-11-17 16:04:22.042 UTC: 	 Command url /crabserver/prod/workflow
DEBUG 2019-11-17 16:04:22.163 UTC: 	 Got information from server oracle database: {u'result': [u'191116_184918:sthakur_crab_ExLepEEZ_M1500_MC_20191116', u'None', u'None', u'SUBMITTED', u'SUBMIT', u'2019-11-16 18:49:18.184819', u'None', u'2019-11-16 18:50:28.566600', u'None', u'CMSSW_10_4_0', u'slc7_amd64_gcc700', u'/ExcitedLepton_EEZ-1500_TuneCP5_13TeV-pythia8/RunIIFall17MiniAODv2-PU2017_12Apr2018_94X_mc2017_realistic_v14-v1/MINIAODSIM', u'T', u'0', u'[]', u'[]', u'FileBased', u"{'splitOnRun': False, 'halt_job_on_file_boundaries': False, 'files_per_job': 10, 'runs': [], 'lumis': []}", u'9ecde91563138b86c3ca71910376019f0eb8b2a1cac6b52a15c78479cc1eb288.tar.gz', u'https://cmsweb.cern.ch/crabcache', u'sthakur', u'/DC=ch/DC=cern/OU=Organic Units/OU=Users/CN=sthakur/CN=764789/CN=Shalini Thakur', u'cms', u'None', u'None', u'ExLepEEZ_M1500_MC_20191116-00000000000000000000000000000000', u'F', u'T2_IN_TIFR', u'https://cmsweb.cern.ch/dbs/prod/global/DBSReader', u'https://cmsweb.cern.ch/dbs/prod/phys03/DBSWriter', u'T', u'[]', u"['ExLepEEZ_M1500_MC_20191116_Ntuple.root']", u'[]', u'Analysis', u'pythia', u'None', u'{}', u'[]', u'F', u'crab-prod-tw01', u'[]', u'1250', u'1', u'2000', u'10', u'None', u'[]', u'http://vocms0194.cern.ch/mon/cms251/191116_184918:sthakur_crab_ExLepEEZ_M1500_MC_20191116', u'None', u'[]', u'[]', u'https://cmsweb.cern.ch/crabserver/prod', u'cmsgwms-collector-global.cern.ch:9620,cmssrv623.fnal.gov:9620', u'crab3@vocms0194.cern.ch', u'F', u'[]', u'T', u'/store/user/sthakur/ntuple_for2017MC_20191116/MC_20191116/ExLepEEZ_M1500_MC_20191116', u'F', u'None', u'F', u'None', u'ExcitedLepton_EEZ-1500_TuneCP5_13TeV-pythia8', u'None', u'38671b7f34a7eed56c23567a35a389697419fda2ffb3601a1d1a7d6045ac0878.tar.gz', u'46010039', u'filetransfers', u'F', u'2001:1458:d00:13::2e5', u'0.0', u'None'], u'desc': {u'columns': [u'tm_taskname', u'tm_activity', u'panda_jobset_id', u'tm_task_status', u'tm_task_command', u'tm_start_time', u'tm_start_injection', u'tm_end_injection', u'tm_task_failure', u'tm_job_sw', u'tm_job_arch', u'tm_input_dataset', u'tm_nonvalid_input_dataset', u'tm_use_parent', u'tm_site_whitelist', u'tm_site_blacklist', u'tm_split_algo', u'tm_split_args', u'tm_user_sandbox', u'tm_cache_url', u'tm_username', u'tm_user_dn', u'tm_user_vo', u'tm_user_role', u'tm_user_group', u'tm_publish_name', u'tm_publish_groupname', u'tm_asyncdest', u'tm_dbs_url', u'tm_publish_dbs_url', u'tm_publication', u'tm_outfiles', u'tm_tfile_outfiles', u'tm_edm_outfiles', u'tm_job_type', u'tm_generator', u'tm_events_per_lumi', u'tm_arguments', u'panda_resubmitted_jobs', u'tm_save_logs', u'tw_name', u'tm_user_infiles', u'tm_maxjobruntime', u'tm_numcores', u'tm_maxmemory', u'tm_priority', u'tm_output_dataset', u'tm_task_warnings', u'tm_user_webdir', u'tm_scriptexe', u'tm_scriptargs', u'tm_extrajdl', u'tm_asourl', u'tm_collector', u'tm_schedd', u'tm_dry_run', u'tm_user_files', u'tm_transfer_outputs', u'tm_output_lfn', u'tm_ignore_locality', u'tm_fail_limit', u'tm_one_event_mode', u'tm_secondary_input_dataset', u'tm_primary_dataset', u'tm_last_publication', u'tm_debug_files', u'clusterid', u'tm_asodb', u'tm_ignore_global_blacklist', u'tm_submitter_ip_addr', u'tm_totalunits', u'tm_ddm_reqid']}}
INFO 2019-11-17 16:04:22.163 UTC: 	 CRAB project directory:		/afs/cern.ch/work/s/sthakur/xRavindra/MiniTree2017Data/CMSSW_10_4_0/src/ExLep2017Crab/crab/CrabMC_20191116/crab_ExLepEEZ_M1500_MC_20191116
INFO 2019-11-17 16:04:22.163 UTC: 	 Task name:			191116_184918:sthakur_crab_ExLepEEZ_M1500_MC_20191116
INFO 2019-11-17 16:04:22.164 UTC: 	 Grid scheduler - Task Worker:	crab3@vocms0194.cern.ch - crab-prod-tw01
INFO 2019-11-17 16:04:22.164 UTC: 	 Status on the CRAB server:	SUBMITTED
INFO 2019-11-17 16:04:22.164 UTC: 	 Task URL to use for HELP:	https://cmsweb.cern.ch/crabserver/ui/task/191116_184918%3Asthakur_crab_ExLepEEZ_M1500_MC_20191116
INFO 2019-11-17 16:04:22.164 UTC: 	 Dashboard monitoring URL:	https://monit-grafana.cern.ch/d/cmsTMDetail/cms-task-monitoring-task-view?orgId=11&var-user=sthakur&var-task=191116_184918%3Asthakur_crab_ExLepEEZ_M1500_MC_20191116
INFO 2019-11-17 16:04:22.164 UTC: 	 In case of issues with the dashboard, please provide feedback to hn-cms-computing-tools@cern.ch
DEBUG 2019-11-17 16:04:22.164 UTC: 	 The CRAB server submitted your task to the Grid scheduler (cluster ID: 46010039)
DEBUG 2019-11-17 16:04:22.164 UTC: 	 Webdir is located at http://vocms0194.cern.ch/mon/cms251/191116_184918:sthakur_crab_ExLepEEZ_M1500_MC_20191116
DEBUG 2019-11-17 16:04:22.235 UTC: 	 Proxied webdir is located at https://cmsweb.cern.ch/scheddmon/0194/cms251/191116_184918:sthakur_crab_ExLepEEZ_M1500_MC_20191116
DEBUG 2019-11-17 16:04:22.236 UTC: 	 Retrieving 'status_cache' file from https://cmsweb.cern.ch/scheddmon/0194/cms251/191116_184918:sthakur_crab_ExLepEEZ_M1500_MC_20191116/status_cache
DEBUG 2019-11-17 16:04:22.411 UTC: 	 Got information from status cache file: {'1': {'Retries': 0, 'WallDurations': [9.0, 2153.0], 'StartTimes': [1573930735.0], 'SubmitTimes': [1573930240.0], 'JobIds': ['46010042.0'], 'EndTimes': [1573932888.0], 'Restarts': 0, 'RecordedSite': True, 'State': 'finished', 'ResidentSetSize': [811500], 'TotalUserCpuTimeHistory': [1091], 'SiteHistory': ['Unknown', 'T2_US_Caltech'], 'TotalSysCpuTimeHistory': [30]}, '2': {'Retries': 0, 'WallDurations': [9.0, 1646.0], 'StartTimes': [1573930720.0], 'SubmitTimes': [1573930241.0], 'JobIds': ['46010043.0'], 'EndTimes': [1573932366.0], 'Restarts': 0, 'RecordedSite': True, 'State': 'finished', 'ResidentSetSize': [709808], 'TotalUserCpuTimeHistory': [892], 'SiteHistory': ['Unknown', 'T2_US_Caltech'], 'TotalSysCpuTimeHistory': [30]}}
INFO 2019-11-17 16:04:22.412 UTC: 	 Status on the scheduler:	COMPLETED
INFO 2019-11-17 16:04:22.412 UTC: 	 
Jobs status:                    finished     		100.0% (2/2)
INFO 2019-11-17 16:04:22.543 UTC: 	 
No publication information available yet
INFO 2019-11-17 16:04:22.543 UTC: 	 
Warning: the max jobs runtime is less than 30% of the task requested value (1250 min), please consider to request a lower value for failed jobs (allowed through crab resubmit) and/or improve the jobs splitting (e.g. config.Data.splitting = 'Automatic') in a new task.
INFO 2019-11-17 16:04:22.543 UTC: 	 
Summary of run jobs:
 * Memory: 792MB min, 792MB max, 743MB ave
 * Runtime: 0:27:26 min, 0:35:53 max, 0:31:39 ave
 * CPU eff: 52% min, 56% max, 54% ave
 * Waste: 0:00:18 (0% of total)

INFO 2019-11-17 16:04:22.566 UTC: 	 Log file is /afs/cern.ch/work/s/sthakur/xRavindra/MiniTree2017Data/CMSSW_10_4_0/src/ExLep2017Crab/crab/CrabMC_20191116/crab_ExLepEEZ_M1500_MC_20191116/crab.log
