DEBUG 2019-11-16 18:51:54.967 UTC: 	 Running on: Linux lxplus745.cern.ch 3.10.0-1062.4.1.el7.x86_64 #1 SMP Fri Oct 18 17:15:30 UTC 2019 x86_64 x86_64 x86_64 GNU/Linux - CentOS Linux 7 (Core)
DEBUG 2019-11-16 18:51:54.985 UTC: 	 OpenSSl version: OpenSSL 1.0.2k-fips  26 Jan 2017 (Library: OpenSSL 1.0.2d-fips 9 Jul 2015)
DEBUG 2019-11-16 18:51:54.986 UTC: 	 Executing command: 'submit'
DEBUG 2019-11-16 18:51:54.997 UTC: 	 Found CRAB cache file /afs/cern.ch/user/s/sthakur/.crab3
DEBUG 2019-11-16 18:51:55.004 UTC: 	 Checking credentials
DEBUG 2019-11-16 18:51:55.005 UTC: 	 Found proxy file /tmp/x509up_u77410
DEBUG 2019-11-16 18:51:55.005 UTC: 	 Getting proxy life time left
DEBUG 2019-11-16 18:51:55.710 UTC: 	 Executing : 
 command : voms-proxy-info -file /tmp/x509up_u77410 -timeleft
 output : 40183

 error: 
 retcode : 0
DEBUG 2019-11-16 18:51:56.417 UTC: 	 Executing : 
 command : voms-proxy-info -file /tmp/x509up_u77410 -actimeleft
 output : 40182

 error: 
 retcode : 0
DEBUG 2019-11-16 18:51:56.417 UTC: 	 Proxy lifetime 40183 secs is different from voms extension lifetime 40182 secs for proxy: /tmp/x509up_u77410
DEBUG 2019-11-16 18:51:56.417 UTC: 	 Proxy valid for 11:09:42 hours
DEBUG 2019-11-16 18:51:56.418 UTC: 	 Will use CRAB Analysis plugin (i.e. will run an analysis job type).
DEBUG 2019-11-16 18:51:56.604 UTC: 	 Executing : 
 command : openssl x509 -in ~/.globus/usercert.pem -subject -noout
 output : subject= /DC=ch/DC=cern/OU=Organic Units/OU=Users/CN=sthakur/CN=764789/CN=Shalini Thakur

 error: 
 retcode : 0
DEBUG 2019-11-16 18:51:56.605 UTC: 	 Checking credentials
DEBUG 2019-11-16 18:51:56.605 UTC: 	 Found proxy file /tmp/x509up_u77410
DEBUG 2019-11-16 18:51:56.605 UTC: 	 Getting proxy life time left
DEBUG 2019-11-16 18:51:57.315 UTC: 	 Executing : 
 command : voms-proxy-info -file /tmp/x509up_u77410 -timeleft
 output : 40181

 error: 
 retcode : 0
DEBUG 2019-11-16 18:51:58.123 UTC: 	 Executing : 
 command : voms-proxy-info -file /tmp/x509up_u77410 -actimeleft
 output : 40180

 error: 
 retcode : 0
DEBUG 2019-11-16 18:51:58.123 UTC: 	 Proxy lifetime 40181 secs is different from voms extension lifetime 40180 secs for proxy: /tmp/x509up_u77410
DEBUG 2019-11-16 18:51:58.123 UTC: 	 Proxy valid for 11:09:40 hours
DEBUG 2019-11-16 18:51:58.931 UTC: 	 Executing : 
 command : env X509_USER_PROXY=/tmp/x509up_u77410 voms-proxy-info -fqan
 output : /cms/Role=NULL/Capability=NULL

 error: 
 retcode : 0
DEBUG 2019-11-16 18:51:59.044 UTC: 	 Registering user credentials for server /DC=ch/DC=cern/OU=computers/CN=vocms(052|058|030|0118|0105|0109).cern.ch|/DC=ch/DC=cern/OU=computers/CN=crab-(preprod|prod)-tw(02|01).cern.ch
DEBUG 2019-11-16 18:51:59.155 UTC: 	 Executing : 
 command : openssl x509 -in ~/.globus/usercert.pem -subject -noout
 output : subject= /DC=ch/DC=cern/OU=Organic Units/OU=Users/CN=sthakur/CN=764789/CN=Shalini Thakur

 error: 
 retcode : 0
DEBUG 2019-11-16 18:51:59.156 UTC: 	 Getting myproxy life time left for myproxy.cern.ch
DEBUG 2019-11-16 18:51:59.156 UTC: 	 Calculating hash of /DC=ch/DC=cern/OU=Organic Units/OU=Users/CN=sthakur/CN=764789/CN=Shalini Thakur_cmsweb.cern.ch for credential name
DEBUG 2019-11-16 18:51:59.362 UTC: 	 Executing : 
 command : myproxy-info -l 9cd94953387eeee7bf4da2b7588630639ea1153b -s myproxy.cern.ch
 output : username: 9cd94953387eeee7bf4da2b7588630639ea1153b
owner: /DC=ch/DC=cern/OU=Organic Units/OU=Users/CN=sthakur/CN=764789/CN=Shalini Thakur
  renewal policy: /DC=ch/DC=cern/OU=computers/CN=vocms(052|058|030|0118|0105|0109).cern.ch|/DC=ch/DC=cern/OU=computers/CN=crab-(preprod|prod)-tw(02|01).cern.ch
  trusted retrieval policy: /DC=ch/DC=cern/OU=computers/CN=vocms(052|058|030|0118|0105|0109).cern.ch|/DC=ch/DC=cern/OU=computers/CN=crab-(preprod|prod)-tw(02|01).cern.ch
  timeleft: 590:41:20  (24.6 days)

 error: 
 retcode : 0
DEBUG 2019-11-16 18:51:59.363 UTC: 	 Myproxy is valid: 2126480
DEBUG 2019-11-16 18:51:59.364 UTC: 	 Command use: submit
DEBUG 2019-11-16 18:51:59.364 UTC: 	 Options use: ['--config', <WMCore.Configuration.Configuration object at 0x7fa21f04efd0>]
DEBUG 2019-11-16 18:51:59.440 UTC: 	 CRABClient version: 3.3.1911.patch1
DEBUG 2019-11-16 18:51:59.440 UTC: 	 Instance is prod
DEBUG 2019-11-16 18:51:59.440 UTC: 	 Server base url is cmsweb.cern.ch
DEBUG 2019-11-16 18:51:59.440 UTC: 	 Command url /crabserver/prod/workflow
DEBUG 2019-11-16 18:51:59.440 UTC: 	 Started submission
DEBUG 2019-11-16 18:51:59.440 UTC: 	 Working on /afs/cern.ch/work/s/sthakur/xRavindra/MiniTree2017Data/CMSSW_10_4_0/src/ExLep2017Crab/crab/CrabMC_20191116/crab_ExLepEEZ_M5000_MC_20191116
DEBUG 2019-11-16 18:51:59.658 UTC: 	 Loading required information from the environment
DEBUG 2019-11-16 18:51:59.658 UTC: 	 Found CMSSW_10_4_0 for slc7_amd64_gcc700 with base /afs/cern.ch/work/s/sthakur/xRavindra/MiniTree2017Data/CMSSW_10_4_0
DEBUG 2019-11-16 18:51:59.658 UTC: 	 Loading required information from the environment
DEBUG 2019-11-16 18:51:59.658 UTC: 	 Found CMSSW_10_4_0 for slc7_amd64_gcc700 with base /afs/cern.ch/work/s/sthakur/xRavindra/MiniTree2017Data/CMSSW_10_4_0
DEBUG 2019-11-16 18:51:59.676 UTC: 	 UNIQUE NAME: tarUUID 63daeec0-e926-47dd-839f-4101b3037293 
DEBUG 2019-11-16 18:51:59.677 UTC: 	 self.config: from WMCore.Configuration import Configuration
config = Configuration()
config.section_('General')
config.General.workArea = 'CrabMC_20191116'
config.General.transferOutputs = True
config.General.transferLogs = False
config.General.requestName = 'ExLepEEZ_M5000_MC_20191116'
config.section_('JobType')
config.JobType.psetName = '20191116/config/ExLepEEZ_M5000_MC_20191116_cfg.py'
config.JobType.pluginName = 'Analysis'
config.JobType.inputFiles = ['../../ExLep2017Tree/Selection/test/Fall17_V3_MC_PtResolution_AK8PF.txt', '../../ExLep2017Tree/Selection/test/Fall17_V3_MC_SF_AK8PF.txt']
config.JobType.allowUndistributedCMSSW = True
config.JobType.maxMemoryMB = 2000
config.section_('Data')
config.Data.inputDataset = '/ExcitedLepton_EEZ-5000_TuneCP5_13TeV-pythia8/RunIIFall17MiniAODv2-PU2017_12Apr2018_94X_mc2017_realistic_v14-v1/MINIAODSIM'
config.Data.allowNonValidInputDataset = True
config.Data.unitsPerJob = 10
config.Data.inputDBS = 'global'
config.Data.splitting = 'FileBased'
config.Data.outputDatasetTag = 'ExLepEEZ_M5000_MC_20191116'
config.Data.outLFNDirBase = '/store/user/sthakur/ntuple_for2017MC_20191116/MC_20191116/ExLepEEZ_M5000_MC_20191116'
config.section_('Site')
config.Site.storageSite = 'T2_IN_TIFR'
config.section_('User')
config.section_('Debug')

DEBUG 2019-11-16 18:51:59.677 UTC: 	 self.config.JobType.psetName: 20191116/config/ExLepEEZ_M5000_MC_20191116_cfg.py
INFO 2019-11-16 18:51:59.677 UTC: 	 Importing CMSSW configuration 20191116/config/ExLepEEZ_M5000_MC_20191116_cfg.py
INFO 2019-11-16 18:51:59.997 UTC: 	 Finished importing CMSSW configuration 20191116/config/ExLepEEZ_M5000_MC_20191116_cfg.py
DEBUG 2019-11-16 18:51:59.997 UTC: 	 Writing CMSSW configuration to /afs/cern.ch/work/s/sthakur/xRavindra/MiniTree2017Data/CMSSW_10_4_0/src/ExLep2017Crab/crab/CrabMC_20191116/crab_ExLepEEZ_M5000_MC_20191116/inputs/PSet.py
DEBUG 2019-11-16 18:52:00.048 UTC: 	 The following EDM output files will be collected: []
DEBUG 2019-11-16 18:52:00.048 UTC: 	 The following TFile output files will be collected: ['ExLepEEZ_M5000_MC_20191116_Ntuple.root']
DEBUG 2019-11-16 18:52:00.048 UTC: 	 The following user output files (not listed as PoolOuputModule or TFileService in the CMSSW PSet) will be collected: 
DEBUG 2019-11-16 18:52:00.048 UTC: 	 Loading required information from the environment
DEBUG 2019-11-16 18:52:00.048 UTC: 	 Found CMSSW_10_4_0 for slc7_amd64_gcc700 with base /afs/cern.ch/work/s/sthakur/xRavindra/MiniTree2017Data/CMSSW_10_4_0
DEBUG 2019-11-16 18:52:00.048 UTC: 	 Making tarball in /afs/cern.ch/work/s/sthakur/xRavindra/MiniTree2017Data/CMSSW_10_4_0/src/ExLep2017Crab/crab/CrabMC_20191116/crab_ExLepEEZ_M5000_MC_20191116/inputs/63daeec0-e926-47dd-839f-4101b3037293default.tgz
DEBUG 2019-11-16 18:52:00.049 UTC: 	 Checking directory /afs/cern.ch/work/s/sthakur/xRavindra/MiniTree2017Data/CMSSW_10_4_0/lib
DEBUG 2019-11-16 18:52:00.049 UTC: 	 Adding directory /afs/cern.ch/work/s/sthakur/xRavindra/MiniTree2017Data/CMSSW_10_4_0/lib to tarball
DEBUG 2019-11-16 18:52:00.062 UTC: 	 Checking directory /afs/cern.ch/work/s/sthakur/xRavindra/MiniTree2017Data/CMSSW_10_4_0/biglib
DEBUG 2019-11-16 18:52:00.062 UTC: 	 Adding directory /afs/cern.ch/work/s/sthakur/xRavindra/MiniTree2017Data/CMSSW_10_4_0/biglib to tarball
DEBUG 2019-11-16 18:52:00.063 UTC: 	 Checking directory /afs/cern.ch/work/s/sthakur/xRavindra/MiniTree2017Data/CMSSW_10_4_0/module
DEBUG 2019-11-16 18:52:00.072 UTC: 	 Adding data directory /afs/cern.ch/work/s/sthakur/xRavindra/MiniTree2017Data/CMSSW_10_4_0/src/ExLep2017Tree/Selection/interface to tarball
DEBUG 2019-11-16 18:52:00.100 UTC: 	 Adding file ../../ExLep2017Tree/Selection/test/Fall17_V3_MC_PtResolution_AK8PF.txt to tarball
DEBUG 2019-11-16 18:52:00.100 UTC: 	 Adding file ../../ExLep2017Tree/Selection/test/Fall17_V3_MC_SF_AK8PF.txt to tarball
DEBUG 2019-11-16 18:52:00.208 UTC: 	 Uploading archive /afs/cern.ch/work/s/sthakur/xRavindra/MiniTree2017Data/CMSSW_10_4_0/src/ExLep2017Crab/crab/CrabMC_20191116/crab_ExLepEEZ_M5000_MC_20191116/inputs/63daeec0-e926-47dd-839f-4101b3037293default.tgz (239 KB) to the CRAB cache. Using URI https://cmsweb.cern.ch/crabcache
DEBUG 2019-11-16 18:52:00.524 UTC: 	 Loading required information from the environment
DEBUG 2019-11-16 18:52:00.525 UTC: 	 Found CMSSW_10_4_0 for slc7_amd64_gcc700 with base /afs/cern.ch/work/s/sthakur/xRavindra/MiniTree2017Data/CMSSW_10_4_0
DEBUG 2019-11-16 18:52:00.525 UTC: 	 Making tarball in /afs/cern.ch/work/s/sthakur/xRavindra/MiniTree2017Data/CMSSW_10_4_0/src/ExLep2017Crab/crab/CrabMC_20191116/crab_ExLepEEZ_M5000_MC_20191116/inputs/debugFiles.tgz
DEBUG 2019-11-16 18:52:00.530 UTC: 	 Uploading archive /afs/cern.ch/work/s/sthakur/xRavindra/MiniTree2017Data/CMSSW_10_4_0/src/ExLep2017Crab/crab/CrabMC_20191116/crab_ExLepEEZ_M5000_MC_20191116/inputs/debugFiles.tgz (2 KB) to the CRAB cache. Using URI https://cmsweb.cern.ch/crabcache
DEBUG 2019-11-16 18:52:00.631 UTC: 	 Result uploading input files: 2c97723d578b25528b57fc4a4129689e7b3598fbe4187172fc6004bd029751c3.tar.gz 
WARNING 2019-11-16 18:52:00.631 UTC: 	 Warning: The following output files will not be published, as they are not EDM files: ['ExLepEEZ_M5000_MC_20191116_Ntuple.root']
INFO 2019-11-16 18:52:00.631 UTC: 	 Sending the request to the server at cmsweb.cern.ch
DEBUG 2019-11-16 18:52:00.631 UTC: 	 Submitting {'maxjobruntime': 1250, 'extrajdl': [], 'ignorelocality': 0, 'savelogsflag': 0, 'useparent': 0, 'asyncdest': 'T2_IN_TIFR', 'algoargs': 10, 'cachefilename': '2c97723d578b25528b57fc4a4129689e7b3598fbe4187172fc6004bd029751c3.tar.gz', 'numcores': 1, 'addoutputfiles': [], 'generator': 'pythia', 'maxmemory': 2000, 'publishdbsurl': 'https://cmsweb.cern.ch/dbs/prod/phys03/DBSWriter', 'priority': 10, 'jobsw': 'CMSSW_10_4_0', 'edmoutfiles': [], 'userfiles': [], 'primarydataset': '', 'inputdata': '/ExcitedLepton_EEZ-5000_TuneCP5_13TeV-pythia8/RunIIFall17MiniAODv2-PU2017_12Apr2018_94X_mc2017_realistic_v14-v1/MINIAODSIM', 'lfn': '/store/user/sthakur/ntuple_for2017MC_20191116/MC_20191116/ExLepEEZ_M5000_MC_20191116', 'dryrun': 0, 'workflow': 'crab_ExLepEEZ_M5000_MC_20191116', 'cacheurl': u'https://cmsweb.cern.ch/crabcache', 'nonprodsw': 1, 'tfileoutfiles': ['ExLepEEZ_M5000_MC_20191116_Ntuple.root'], 'oneEventMode': 0, 'debugfilename': '4753aadcd9fd60fd880267d245f9d712785244dc4ec6a1694cade66a15abf6de.tar.gz', 'saveoutput': 1, 'publication': 1, 'jobarch': 'slc7_amd64_gcc700', 'totalunits': 0, 'splitalgo': 'FileBased', 'ignoreglobalblacklist': 0, 'nonvaliddata': 1, 'dbsurl': 'https://cmsweb.cern.ch/dbs/prod/global/DBSReader', 'publishgroupname': 0, 'jobtype': 'Analysis', 'publishname2': 'ExLepEEZ_M5000_MC_20191116'} 
DEBUG 2019-11-16 18:52:00.632 UTC: 	 Encoded submit request: maxjobruntime=1250&ignorelocality=0&savelogsflag=0&useparent=0&asyncdest=T2_IN_TIFR&algoargs=10&cachefilename=2c97723d578b25528b57fc4a4129689e7b3598fbe4187172fc6004bd029751c3.tar.gz&numcores=1&generator=pythia&maxmemory=2000&publishdbsurl=https%3A%2F%2Fcmsweb.cern.ch%2Fdbs%2Fprod%2Fphys03%2FDBSWriter&priority=10&jobsw=CMSSW_10_4_0&primarydataset=&inputdata=%2FExcitedLepton_EEZ-5000_TuneCP5_13TeV-pythia8%2FRunIIFall17MiniAODv2-PU2017_12Apr2018_94X_mc2017_realistic_v14-v1%2FMINIAODSIM&lfn=%2Fstore%2Fuser%2Fsthakur%2Fntuple_for2017MC_20191116%2FMC_20191116%2FExLepEEZ_M5000_MC_20191116&dryrun=0&workflow=crab_ExLepEEZ_M5000_MC_20191116&cacheurl=https%3A%2F%2Fcmsweb.cern.ch%2Fcrabcache&nonprodsw=1&oneEventMode=0&debugfilename=4753aadcd9fd60fd880267d245f9d712785244dc4ec6a1694cade66a15abf6de.tar.gz&saveoutput=1&publication=1&jobarch=slc7_amd64_gcc700&totalunits=0&splitalgo=FileBased&ignoreglobalblacklist=0&nonvaliddata=1&dbsurl=https%3A%2F%2Fcmsweb.cern.ch%2Fdbs%2Fprod%2Fglobal%2FDBSReader&publishgroupname=0&jobtype=Analysis&publishname2=ExLepEEZ_M5000_MC_20191116&tfileoutfiles=ExLepEEZ_M5000_MC_20191116_Ntuple.root
DEBUG 2019-11-16 18:52:00.759 UTC: 	 Result: {u'result': [{u'RequestName': u'191116_185200:sthakur_crab_ExLepEEZ_M5000_MC_20191116'}]}
INFO 2019-11-16 18:52:00.763 UTC: 	 Success: Your task has been delivered to the prod CRAB3 server.
INFO 2019-11-16 18:52:00.764 UTC: 	 Task name: 191116_185200:sthakur_crab_ExLepEEZ_M5000_MC_20191116
INFO 2019-11-16 18:52:00.764 UTC: 	 Project dir: CrabMC_20191116/crab_ExLepEEZ_M5000_MC_20191116
INFO 2019-11-16 18:52:00.764 UTC: 	 Please use 'crab status -d CrabMC_20191116/crab_ExLepEEZ_M5000_MC_20191116' to check how the submission process proceeds.
DEBUG 2019-11-16 18:52:00.764 UTC: 	 About to return
DEBUG 2019-11-16 18:58:46.195 UTC: 	 Running on: Linux lxplus745.cern.ch 3.10.0-1062.4.1.el7.x86_64 #1 SMP Fri Oct 18 17:15:30 UTC 2019 x86_64 x86_64 x86_64 GNU/Linux - CentOS Linux 7 (Core)
DEBUG 2019-11-16 18:58:46.214 UTC: 	 OpenSSl version: OpenSSL 1.0.2k-fips  26 Jan 2017 (Library: OpenSSL 1.0.2d-fips 9 Jul 2015)
DEBUG 2019-11-16 18:58:46.215 UTC: 	 Executing command: 'status'
DEBUG 2019-11-16 18:58:46.215 UTC: 	 Found CRAB cache file /afs/cern.ch/user/s/sthakur/.crab3
DEBUG 2019-11-16 18:58:46.224 UTC: 	 Checking credentials
DEBUG 2019-11-16 18:58:46.225 UTC: 	 Found proxy file /tmp/x509up_u77410
DEBUG 2019-11-16 18:58:46.225 UTC: 	 Getting proxy life time left
DEBUG 2019-11-16 18:58:46.930 UTC: 	 Executing : 
 command : voms-proxy-info -file /tmp/x509up_u77410 -timeleft
 output : 39772

 error: 
 retcode : 0
DEBUG 2019-11-16 18:58:47.637 UTC: 	 Executing : 
 command : voms-proxy-info -file /tmp/x509up_u77410 -actimeleft
 output : 39771

 error: 
 retcode : 0
DEBUG 2019-11-16 18:58:47.637 UTC: 	 Proxy lifetime 39772 secs is different from voms extension lifetime 39771 secs for proxy: /tmp/x509up_u77410
DEBUG 2019-11-16 18:58:47.637 UTC: 	 Proxy valid for 11:02:51 hours
DEBUG 2019-11-16 18:58:47.792 UTC: 	 Executing : 
 command : openssl x509 -in ~/.globus/usercert.pem -subject -noout
 output : subject= /DC=ch/DC=cern/OU=Organic Units/OU=Users/CN=sthakur/CN=764789/CN=Shalini Thakur

 error: 
 retcode : 0
DEBUG 2019-11-16 18:58:47.792 UTC: 	 Checking credentials
DEBUG 2019-11-16 18:58:47.793 UTC: 	 Found proxy file /tmp/x509up_u77410
DEBUG 2019-11-16 18:58:47.793 UTC: 	 Getting proxy life time left
DEBUG 2019-11-16 18:58:48.498 UTC: 	 Executing : 
 command : voms-proxy-info -file /tmp/x509up_u77410 -timeleft
 output : 39770

 error: 
 retcode : 0
DEBUG 2019-11-16 18:58:49.205 UTC: 	 Executing : 
 command : voms-proxy-info -file /tmp/x509up_u77410 -actimeleft
 output : 39769

 error: 
 retcode : 0
DEBUG 2019-11-16 18:58:49.205 UTC: 	 Proxy lifetime 39770 secs is different from voms extension lifetime 39769 secs for proxy: /tmp/x509up_u77410
DEBUG 2019-11-16 18:58:49.205 UTC: 	 Proxy valid for 11:02:49 hours
DEBUG 2019-11-16 18:58:49.303 UTC: 	 Registering user credentials for server /DC=ch/DC=cern/OU=computers/CN=vocms(052|058|030|0118|0105|0109).cern.ch|/DC=ch/DC=cern/OU=computers/CN=crab-(preprod|prod)-tw(02|01).cern.ch
DEBUG 2019-11-16 18:58:49.414 UTC: 	 Executing : 
 command : openssl x509 -in ~/.globus/usercert.pem -subject -noout
 output : subject= /DC=ch/DC=cern/OU=Organic Units/OU=Users/CN=sthakur/CN=764789/CN=Shalini Thakur

 error: 
 retcode : 0
DEBUG 2019-11-16 18:58:49.415 UTC: 	 Getting myproxy life time left for myproxy.cern.ch
DEBUG 2019-11-16 18:58:49.415 UTC: 	 Calculating hash of /DC=ch/DC=cern/OU=Organic Units/OU=Users/CN=sthakur/CN=764789/CN=Shalini Thakur_cmsweb.cern.ch for credential name
DEBUG 2019-11-16 18:58:49.619 UTC: 	 Executing : 
 command : myproxy-info -l 9cd94953387eeee7bf4da2b7588630639ea1153b -s myproxy.cern.ch
 output : username: 9cd94953387eeee7bf4da2b7588630639ea1153b
owner: /DC=ch/DC=cern/OU=Organic Units/OU=Users/CN=sthakur/CN=764789/CN=Shalini Thakur
  renewal policy: /DC=ch/DC=cern/OU=computers/CN=vocms(052|058|030|0118|0105|0109).cern.ch|/DC=ch/DC=cern/OU=computers/CN=crab-(preprod|prod)-tw(02|01).cern.ch
  trusted retrieval policy: /DC=ch/DC=cern/OU=computers/CN=vocms(052|058|030|0118|0105|0109).cern.ch|/DC=ch/DC=cern/OU=computers/CN=crab-(preprod|prod)-tw(02|01).cern.ch
  timeleft: 590:34:30  (24.6 days)

 error: 
 retcode : 0
DEBUG 2019-11-16 18:58:49.620 UTC: 	 Myproxy is valid: 2126070
DEBUG 2019-11-16 18:58:49.621 UTC: 	 Command use: status
DEBUG 2019-11-16 18:58:49.621 UTC: 	 Options use: ['--verboseErrors', 'CrabMC_20191116/crab_ExLepEEZ_M5000_MC_20191116']
DEBUG 2019-11-16 18:58:49.694 UTC: 	 CRABClient version: 3.3.1911.patch1
DEBUG 2019-11-16 18:58:49.694 UTC: 	 Instance is prod
DEBUG 2019-11-16 18:58:49.694 UTC: 	 Server base url is cmsweb.cern.ch
DEBUG 2019-11-16 18:58:49.694 UTC: 	 Command url /crabserver/prod/workflow
DEBUG 2019-11-16 18:58:49.774 UTC: 	 Got information from server oracle database: {u'result': [u'191116_185200:sthakur_crab_ExLepEEZ_M5000_MC_20191116', u'None', u'None', u'SUBMITTED', u'SUBMIT', u'2019-11-16 18:52:00.729807', u'None', u'2019-11-16 18:53:33.965032', u'None', u'CMSSW_10_4_0', u'slc7_amd64_gcc700', u'/ExcitedLepton_EEZ-5000_TuneCP5_13TeV-pythia8/RunIIFall17MiniAODv2-PU2017_12Apr2018_94X_mc2017_realistic_v14-v1/MINIAODSIM', u'T', u'0', u'[]', u'[]', u'FileBased', u"{'splitOnRun': False, 'halt_job_on_file_boundaries': False, 'files_per_job': 10, 'runs': [], 'lumis': []}", u'2c97723d578b25528b57fc4a4129689e7b3598fbe4187172fc6004bd029751c3.tar.gz', u'https://cmsweb.cern.ch/crabcache', u'sthakur', u'/DC=ch/DC=cern/OU=Organic Units/OU=Users/CN=sthakur/CN=764789/CN=Shalini Thakur', u'cms', u'None', u'None', u'ExLepEEZ_M5000_MC_20191116-00000000000000000000000000000000', u'F', u'T2_IN_TIFR', u'https://cmsweb.cern.ch/dbs/prod/global/DBSReader', u'https://cmsweb.cern.ch/dbs/prod/phys03/DBSWriter', u'T', u'[]', u"['ExLepEEZ_M5000_MC_20191116_Ntuple.root']", u'[]', u'Analysis', u'pythia', u'None', u'{}', u'[]', u'F', u'crab-prod-tw01', u'[]', u'1250', u'1', u'2000', u'10', u'None', u'[]', u'http://vocms0198.cern.ch/mon/cms251/191116_185200:sthakur_crab_ExLepEEZ_M5000_MC_20191116', u'None', u'[]', u'[]', u'https://cmsweb.cern.ch/crabserver/prod', u'cmsgwms-collector-global.cern.ch:9620,cmssrv623.fnal.gov:9620', u'crab3@vocms0198.cern.ch', u'F', u'[]', u'T', u'/store/user/sthakur/ntuple_for2017MC_20191116/MC_20191116/ExLepEEZ_M5000_MC_20191116', u'F', u'None', u'F', u'None', u'ExcitedLepton_EEZ-5000_TuneCP5_13TeV-pythia8', u'None', u'4753aadcd9fd60fd880267d245f9d712785244dc4ec6a1694cade66a15abf6de.tar.gz', u'41031501', u'filetransfers', u'F', u'2001:1458:d00:13::2e5', u'0.0', u'None'], u'desc': {u'columns': [u'tm_taskname', u'tm_activity', u'panda_jobset_id', u'tm_task_status', u'tm_task_command', u'tm_start_time', u'tm_start_injection', u'tm_end_injection', u'tm_task_failure', u'tm_job_sw', u'tm_job_arch', u'tm_input_dataset', u'tm_nonvalid_input_dataset', u'tm_use_parent', u'tm_site_whitelist', u'tm_site_blacklist', u'tm_split_algo', u'tm_split_args', u'tm_user_sandbox', u'tm_cache_url', u'tm_username', u'tm_user_dn', u'tm_user_vo', u'tm_user_role', u'tm_user_group', u'tm_publish_name', u'tm_publish_groupname', u'tm_asyncdest', u'tm_dbs_url', u'tm_publish_dbs_url', u'tm_publication', u'tm_outfiles', u'tm_tfile_outfiles', u'tm_edm_outfiles', u'tm_job_type', u'tm_generator', u'tm_events_per_lumi', u'tm_arguments', u'panda_resubmitted_jobs', u'tm_save_logs', u'tw_name', u'tm_user_infiles', u'tm_maxjobruntime', u'tm_numcores', u'tm_maxmemory', u'tm_priority', u'tm_output_dataset', u'tm_task_warnings', u'tm_user_webdir', u'tm_scriptexe', u'tm_scriptargs', u'tm_extrajdl', u'tm_asourl', u'tm_collector', u'tm_schedd', u'tm_dry_run', u'tm_user_files', u'tm_transfer_outputs', u'tm_output_lfn', u'tm_ignore_locality', u'tm_fail_limit', u'tm_one_event_mode', u'tm_secondary_input_dataset', u'tm_primary_dataset', u'tm_last_publication', u'tm_debug_files', u'clusterid', u'tm_asodb', u'tm_ignore_global_blacklist', u'tm_submitter_ip_addr', u'tm_totalunits', u'tm_ddm_reqid']}}
INFO 2019-11-16 18:58:49.775 UTC: 	 CRAB project directory:		/afs/cern.ch/work/s/sthakur/xRavindra/MiniTree2017Data/CMSSW_10_4_0/src/ExLep2017Crab/crab/CrabMC_20191116/crab_ExLepEEZ_M5000_MC_20191116
INFO 2019-11-16 18:58:49.775 UTC: 	 Task name:			191116_185200:sthakur_crab_ExLepEEZ_M5000_MC_20191116
INFO 2019-11-16 18:58:49.775 UTC: 	 Grid scheduler - Task Worker:	crab3@vocms0198.cern.ch - crab-prod-tw01
INFO 2019-11-16 18:58:49.775 UTC: 	 Status on the CRAB server:	SUBMITTED
INFO 2019-11-16 18:58:49.775 UTC: 	 Task URL to use for HELP:	https://cmsweb.cern.ch/crabserver/ui/task/191116_185200%3Asthakur_crab_ExLepEEZ_M5000_MC_20191116
INFO 2019-11-16 18:58:49.775 UTC: 	 Dashboard monitoring URL:	https://monit-grafana.cern.ch/d/cmsTMDetail/cms-task-monitoring-task-view?orgId=11&var-user=sthakur&var-task=191116_185200%3Asthakur_crab_ExLepEEZ_M5000_MC_20191116
INFO 2019-11-16 18:58:49.775 UTC: 	 In case of issues with the dashboard, please provide feedback to hn-cms-computing-tools@cern.ch
DEBUG 2019-11-16 18:58:49.775 UTC: 	 The CRAB server submitted your task to the Grid scheduler (cluster ID: 41031501)
DEBUG 2019-11-16 18:58:49.775 UTC: 	 Webdir is located at http://vocms0198.cern.ch/mon/cms251/191116_185200:sthakur_crab_ExLepEEZ_M5000_MC_20191116
DEBUG 2019-11-16 18:58:49.920 UTC: 	 Proxied webdir is located at https://cmsweb.cern.ch/scheddmon/0198/cms251/191116_185200:sthakur_crab_ExLepEEZ_M5000_MC_20191116
DEBUG 2019-11-16 18:58:49.920 UTC: 	 Retrieving 'status_cache' file from https://cmsweb.cern.ch/scheddmon/0198/cms251/191116_185200:sthakur_crab_ExLepEEZ_M5000_MC_20191116/status_cache
DEBUG 2019-11-16 18:58:49.977 UTC: 	 Got information from status cache file: {'1': {'Retries': 0, 'WallDurations': [10.0], 'StartTimes': [1573930471.0], 'SubmitTimes': [1573930426.0], 'JobIds': ['41031505.0'], 'EndTimes': [], 'Restarts': 0, 'RecordedSite': True, 'State': 'running', 'ResidentSetSize': [38584], 'TotalUserCpuTimeHistory': [0.0], 'SiteHistory': ['T1_US_FNAL'], 'TotalSysCpuTimeHistory': [0.0]}, '3': {'Retries': 0, 'WallDurations': [9.0], 'StartTimes': [1573930468.0], 'SubmitTimes': [1573930426.0], 'JobIds': ['41031506.0'], 'EndTimes': [], 'Restarts': 0, 'RecordedSite': True, 'State': 'running', 'ResidentSetSize': [46972], 'TotalUserCpuTimeHistory': [0.0], 'SiteHistory': ['T1_US_FNAL'], 'TotalSysCpuTimeHistory': [0.0]}, '2': {'Retries': 0, 'WallDurations': [11.0], 'StartTimes': [1573930471.0], 'SubmitTimes': [1573930427.0], 'JobIds': ['41031507.0'], 'EndTimes': [], 'Restarts': 0, 'RecordedSite': True, 'State': 'running', 'ResidentSetSize': [136160], 'TotalUserCpuTimeHistory': [0.0], 'SiteHistory': ['T1_US_FNAL'], 'TotalSysCpuTimeHistory': [0.0]}}
INFO 2019-11-16 18:58:49.977 UTC: 	 Status on the scheduler:	SUBMITTED
INFO 2019-11-16 18:58:49.977 UTC: 	 
Jobs status:                    running      		100.0% (3/3)
INFO 2019-11-16 18:58:49.977 UTC: 	 
No publication information available yet
INFO 2019-11-16 18:58:49.985 UTC: 	 Log file is /afs/cern.ch/work/s/sthakur/xRavindra/MiniTree2017Data/CMSSW_10_4_0/src/ExLep2017Crab/crab/CrabMC_20191116/crab_ExLepEEZ_M5000_MC_20191116/crab.log
DEBUG 2019-11-17 16:04:57.277 UTC: 	 Running on: Linux lxplus744.cern.ch 3.10.0-1062.4.1.el7.x86_64 #1 SMP Fri Oct 18 17:15:30 UTC 2019 x86_64 x86_64 x86_64 GNU/Linux - CentOS Linux 7 (Core)
DEBUG 2019-11-17 16:04:57.291 UTC: 	 OpenSSl version: OpenSSL 1.0.2k-fips  26 Jan 2017 (Library: OpenSSL 1.0.2d-fips 9 Jul 2015)
DEBUG 2019-11-17 16:04:57.292 UTC: 	 Executing command: 'status'
DEBUG 2019-11-17 16:04:57.292 UTC: 	 Found CRAB cache file /afs/cern.ch/user/s/sthakur/.crab3
DEBUG 2019-11-17 16:04:57.302 UTC: 	 Checking credentials
DEBUG 2019-11-17 16:04:57.302 UTC: 	 Found proxy file /tmp/x509up_u77410
DEBUG 2019-11-17 16:04:57.302 UTC: 	 Getting proxy life time left
DEBUG 2019-11-17 16:04:57.906 UTC: 	 Executing : 
 command : voms-proxy-info -file /tmp/x509up_u77410 -timeleft
 output : 43134

 error: 
 retcode : 0
DEBUG 2019-11-17 16:04:58.511 UTC: 	 Executing : 
 command : voms-proxy-info -file /tmp/x509up_u77410 -actimeleft
 output : 43133

 error: 
 retcode : 0
DEBUG 2019-11-17 16:04:58.511 UTC: 	 Proxy lifetime 43134 secs is different from voms extension lifetime 43133 secs for proxy: /tmp/x509up_u77410
DEBUG 2019-11-17 16:04:58.511 UTC: 	 Proxy valid for 11:58:53 hours
DEBUG 2019-11-17 16:04:58.722 UTC: 	 Executing : 
 command : openssl x509 -in ~/.globus/usercert.pem -subject -noout
 output : subject= /DC=ch/DC=cern/OU=Organic Units/OU=Users/CN=sthakur/CN=764789/CN=Shalini Thakur

 error: 
 retcode : 0
DEBUG 2019-11-17 16:04:58.723 UTC: 	 Checking credentials
DEBUG 2019-11-17 16:04:58.723 UTC: 	 Found proxy file /tmp/x509up_u77410
DEBUG 2019-11-17 16:04:58.723 UTC: 	 Getting proxy life time left
DEBUG 2019-11-17 16:04:59.327 UTC: 	 Executing : 
 command : voms-proxy-info -file /tmp/x509up_u77410 -timeleft
 output : 43132

 error: 
 retcode : 0
DEBUG 2019-11-17 16:04:59.932 UTC: 	 Executing : 
 command : voms-proxy-info -file /tmp/x509up_u77410 -actimeleft
 output : 43132

 error: 
 retcode : 0
DEBUG 2019-11-17 16:04:59.932 UTC: 	 Proxy valid for 11:58:52 hours
DEBUG 2019-11-17 16:05:00.007 UTC: 	 Registering user credentials for server /DC=ch/DC=cern/OU=computers/CN=vocms(052|058|030|0118|0105|0109).cern.ch|/DC=ch/DC=cern/OU=computers/CN=crab-(preprod|prod)-tw(02|01).cern.ch
DEBUG 2019-11-17 16:05:00.117 UTC: 	 Executing : 
 command : openssl x509 -in ~/.globus/usercert.pem -subject -noout
 output : subject= /DC=ch/DC=cern/OU=Organic Units/OU=Users/CN=sthakur/CN=764789/CN=Shalini Thakur

 error: 
 retcode : 0
DEBUG 2019-11-17 16:05:00.117 UTC: 	 Getting myproxy life time left for myproxy.cern.ch
DEBUG 2019-11-17 16:05:00.117 UTC: 	 Calculating hash of /DC=ch/DC=cern/OU=Organic Units/OU=Users/CN=sthakur/CN=764789/CN=Shalini Thakur_cmsweb.cern.ch for credential name
DEBUG 2019-11-17 16:05:00.322 UTC: 	 Executing : 
 command : myproxy-info -l 9cd94953387eeee7bf4da2b7588630639ea1153b -s myproxy.cern.ch
 output : username: 9cd94953387eeee7bf4da2b7588630639ea1153b
owner: /DC=ch/DC=cern/OU=Organic Units/OU=Users/CN=sthakur/CN=764789/CN=Shalini Thakur
  renewal policy: /DC=ch/DC=cern/OU=computers/CN=vocms(052|058|030|0118|0105|0109).cern.ch|/DC=ch/DC=cern/OU=computers/CN=crab-(preprod|prod)-tw(02|01).cern.ch
  trusted retrieval policy: /DC=ch/DC=cern/OU=computers/CN=vocms(052|058|030|0118|0105|0109).cern.ch|/DC=ch/DC=cern/OU=computers/CN=crab-(preprod|prod)-tw(02|01).cern.ch
  timeleft: 569:28:19  (23.7 days)

 error: 
 retcode : 0
DEBUG 2019-11-17 16:05:00.323 UTC: 	 Myproxy is valid: 2050099
DEBUG 2019-11-17 16:05:00.323 UTC: 	 Command use: status
DEBUG 2019-11-17 16:05:00.323 UTC: 	 Options use: ['--verboseErrors', 'CrabMC_20191116/crab_ExLepEEZ_M5000_MC_20191116']
DEBUG 2019-11-17 16:05:00.391 UTC: 	 CRABClient version: 3.3.1911.patch1
DEBUG 2019-11-17 16:05:00.391 UTC: 	 Instance is prod
DEBUG 2019-11-17 16:05:00.391 UTC: 	 Server base url is cmsweb.cern.ch
DEBUG 2019-11-17 16:05:00.391 UTC: 	 Command url /crabserver/prod/workflow
DEBUG 2019-11-17 16:05:00.464 UTC: 	 Got information from server oracle database: {u'result': [u'191116_185200:sthakur_crab_ExLepEEZ_M5000_MC_20191116', u'None', u'None', u'SUBMITTED', u'SUBMIT', u'2019-11-16 18:52:00.729807', u'None', u'2019-11-16 18:53:33.965032', u'None', u'CMSSW_10_4_0', u'slc7_amd64_gcc700', u'/ExcitedLepton_EEZ-5000_TuneCP5_13TeV-pythia8/RunIIFall17MiniAODv2-PU2017_12Apr2018_94X_mc2017_realistic_v14-v1/MINIAODSIM', u'T', u'0', u'[]', u'[]', u'FileBased', u"{'splitOnRun': False, 'halt_job_on_file_boundaries': False, 'files_per_job': 10, 'runs': [], 'lumis': []}", u'2c97723d578b25528b57fc4a4129689e7b3598fbe4187172fc6004bd029751c3.tar.gz', u'https://cmsweb.cern.ch/crabcache', u'sthakur', u'/DC=ch/DC=cern/OU=Organic Units/OU=Users/CN=sthakur/CN=764789/CN=Shalini Thakur', u'cms', u'None', u'None', u'ExLepEEZ_M5000_MC_20191116-00000000000000000000000000000000', u'F', u'T2_IN_TIFR', u'https://cmsweb.cern.ch/dbs/prod/global/DBSReader', u'https://cmsweb.cern.ch/dbs/prod/phys03/DBSWriter', u'T', u'[]', u"['ExLepEEZ_M5000_MC_20191116_Ntuple.root']", u'[]', u'Analysis', u'pythia', u'None', u'{}', u'[]', u'F', u'crab-prod-tw01', u'[]', u'1250', u'1', u'2000', u'10', u'None', u'[]', u'http://vocms0198.cern.ch/mon/cms251/191116_185200:sthakur_crab_ExLepEEZ_M5000_MC_20191116', u'None', u'[]', u'[]', u'https://cmsweb.cern.ch/crabserver/prod', u'cmsgwms-collector-global.cern.ch:9620,cmssrv623.fnal.gov:9620', u'crab3@vocms0198.cern.ch', u'F', u'[]', u'T', u'/store/user/sthakur/ntuple_for2017MC_20191116/MC_20191116/ExLepEEZ_M5000_MC_20191116', u'F', u'None', u'F', u'None', u'ExcitedLepton_EEZ-5000_TuneCP5_13TeV-pythia8', u'None', u'4753aadcd9fd60fd880267d245f9d712785244dc4ec6a1694cade66a15abf6de.tar.gz', u'41031501', u'filetransfers', u'F', u'2001:1458:d00:13::2e5', u'0.0', u'None'], u'desc': {u'columns': [u'tm_taskname', u'tm_activity', u'panda_jobset_id', u'tm_task_status', u'tm_task_command', u'tm_start_time', u'tm_start_injection', u'tm_end_injection', u'tm_task_failure', u'tm_job_sw', u'tm_job_arch', u'tm_input_dataset', u'tm_nonvalid_input_dataset', u'tm_use_parent', u'tm_site_whitelist', u'tm_site_blacklist', u'tm_split_algo', u'tm_split_args', u'tm_user_sandbox', u'tm_cache_url', u'tm_username', u'tm_user_dn', u'tm_user_vo', u'tm_user_role', u'tm_user_group', u'tm_publish_name', u'tm_publish_groupname', u'tm_asyncdest', u'tm_dbs_url', u'tm_publish_dbs_url', u'tm_publication', u'tm_outfiles', u'tm_tfile_outfiles', u'tm_edm_outfiles', u'tm_job_type', u'tm_generator', u'tm_events_per_lumi', u'tm_arguments', u'panda_resubmitted_jobs', u'tm_save_logs', u'tw_name', u'tm_user_infiles', u'tm_maxjobruntime', u'tm_numcores', u'tm_maxmemory', u'tm_priority', u'tm_output_dataset', u'tm_task_warnings', u'tm_user_webdir', u'tm_scriptexe', u'tm_scriptargs', u'tm_extrajdl', u'tm_asourl', u'tm_collector', u'tm_schedd', u'tm_dry_run', u'tm_user_files', u'tm_transfer_outputs', u'tm_output_lfn', u'tm_ignore_locality', u'tm_fail_limit', u'tm_one_event_mode', u'tm_secondary_input_dataset', u'tm_primary_dataset', u'tm_last_publication', u'tm_debug_files', u'clusterid', u'tm_asodb', u'tm_ignore_global_blacklist', u'tm_submitter_ip_addr', u'tm_totalunits', u'tm_ddm_reqid']}}
INFO 2019-11-17 16:05:00.464 UTC: 	 CRAB project directory:		/afs/cern.ch/work/s/sthakur/xRavindra/MiniTree2017Data/CMSSW_10_4_0/src/ExLep2017Crab/crab/CrabMC_20191116/crab_ExLepEEZ_M5000_MC_20191116
INFO 2019-11-17 16:05:00.464 UTC: 	 Task name:			191116_185200:sthakur_crab_ExLepEEZ_M5000_MC_20191116
INFO 2019-11-17 16:05:00.464 UTC: 	 Grid scheduler - Task Worker:	crab3@vocms0198.cern.ch - crab-prod-tw01
INFO 2019-11-17 16:05:00.464 UTC: 	 Status on the CRAB server:	SUBMITTED
INFO 2019-11-17 16:05:00.465 UTC: 	 Task URL to use for HELP:	https://cmsweb.cern.ch/crabserver/ui/task/191116_185200%3Asthakur_crab_ExLepEEZ_M5000_MC_20191116
INFO 2019-11-17 16:05:00.465 UTC: 	 Dashboard monitoring URL:	https://monit-grafana.cern.ch/d/cmsTMDetail/cms-task-monitoring-task-view?orgId=11&var-user=sthakur&var-task=191116_185200%3Asthakur_crab_ExLepEEZ_M5000_MC_20191116
INFO 2019-11-17 16:05:00.465 UTC: 	 In case of issues with the dashboard, please provide feedback to hn-cms-computing-tools@cern.ch
DEBUG 2019-11-17 16:05:00.465 UTC: 	 The CRAB server submitted your task to the Grid scheduler (cluster ID: 41031501)
DEBUG 2019-11-17 16:05:00.465 UTC: 	 Webdir is located at http://vocms0198.cern.ch/mon/cms251/191116_185200:sthakur_crab_ExLepEEZ_M5000_MC_20191116
DEBUG 2019-11-17 16:05:00.567 UTC: 	 Proxied webdir is located at https://cmsweb.cern.ch/scheddmon/0198/cms251/191116_185200:sthakur_crab_ExLepEEZ_M5000_MC_20191116
DEBUG 2019-11-17 16:05:00.567 UTC: 	 Retrieving 'status_cache' file from https://cmsweb.cern.ch/scheddmon/0198/cms251/191116_185200:sthakur_crab_ExLepEEZ_M5000_MC_20191116/status_cache
DEBUG 2019-11-17 16:05:00.615 UTC: 	 Got information from status cache file: {'1': {'Retries': 0, 'WallDurations': [1305.0], 'StartTimes': [1573930471.0], 'SubmitTimes': [1573930426.0], 'JobIds': ['41031505.0'], 'EndTimes': [1573931776.0], 'Restarts': 0, 'RecordedSite': True, 'State': 'finished', 'ResidentSetSize': [826676], 'TotalUserCpuTimeHistory': [1083], 'SiteHistory': ['T1_US_FNAL'], 'TotalSysCpuTimeHistory': [27]}, '3': {'Retries': 0, 'WallDurations': [168.0], 'StartTimes': [1573930468.0], 'SubmitTimes': [1573930426.0], 'JobIds': ['41031506.0'], 'EndTimes': [1573930636.0], 'Restarts': 0, 'RecordedSite': True, 'State': 'finished', 'ResidentSetSize': [46972], 'TotalUserCpuTimeHistory': [22], 'SiteHistory': ['T1_US_FNAL'], 'TotalSysCpuTimeHistory': [2]}, '2': {'Retries': 0, 'WallDurations': [928.0], 'StartTimes': [1573930471.0], 'SubmitTimes': [1573930427.0], 'JobIds': ['41031507.0'], 'EndTimes': [1573931399.0], 'Restarts': 0, 'RecordedSite': True, 'State': 'finished', 'ResidentSetSize': [738864], 'TotalUserCpuTimeHistory': [737], 'SiteHistory': ['T1_US_FNAL'], 'TotalSysCpuTimeHistory': [21]}}
INFO 2019-11-17 16:05:00.615 UTC: 	 Status on the scheduler:	COMPLETED
INFO 2019-11-17 16:05:00.615 UTC: 	 
Jobs status:                    finished     		100.0% (3/3)
INFO 2019-11-17 16:05:00.741 UTC: 	 
No publication information available yet
INFO 2019-11-17 16:05:00.742 UTC: 	 
Warning: the max jobs runtime is less than 30% of the task requested value (1250 min), please consider to request a lower value for failed jobs (allowed through crab resubmit) and/or improve the jobs splitting (e.g. config.Data.splitting = 'Automatic') in a new task.
INFO 2019-11-17 16:05:00.742 UTC: 	 
Summary of run jobs:
 * Memory: 45MB min, 807MB max, 525MB ave
 * Runtime: 0:02:48 min, 0:21:45 max, 0:13:20 ave
 * CPU eff: 14% min, 85% max, 79% ave
 * Waste: 0:00:00 (0% of total)

INFO 2019-11-17 16:05:00.756 UTC: 	 Log file is /afs/cern.ch/work/s/sthakur/xRavindra/MiniTree2017Data/CMSSW_10_4_0/src/ExLep2017Crab/crab/CrabMC_20191116/crab_ExLepEEZ_M5000_MC_20191116/crab.log
