DEBUG 2019-11-16 18:49:31.591 UTC: 	 Running on: Linux lxplus745.cern.ch 3.10.0-1062.4.1.el7.x86_64 #1 SMP Fri Oct 18 17:15:30 UTC 2019 x86_64 x86_64 x86_64 GNU/Linux - CentOS Linux 7 (Core)
DEBUG 2019-11-16 18:49:31.610 UTC: 	 OpenSSl version: OpenSSL 1.0.2k-fips  26 Jan 2017 (Library: OpenSSL 1.0.2d-fips 9 Jul 2015)
DEBUG 2019-11-16 18:49:31.610 UTC: 	 Executing command: 'submit'
DEBUG 2019-11-16 18:49:31.622 UTC: 	 Found CRAB cache file /afs/cern.ch/user/s/sthakur/.crab3
DEBUG 2019-11-16 18:49:31.631 UTC: 	 Checking credentials
DEBUG 2019-11-16 18:49:31.631 UTC: 	 Found proxy file /tmp/x509up_u77410
DEBUG 2019-11-16 18:49:31.632 UTC: 	 Getting proxy life time left
DEBUG 2019-11-16 18:49:32.337 UTC: 	 Executing : 
 command : voms-proxy-info -file /tmp/x509up_u77410 -timeleft
 output : 40326

 error: 
 retcode : 0
DEBUG 2019-11-16 18:49:33.043 UTC: 	 Executing : 
 command : voms-proxy-info -file /tmp/x509up_u77410 -actimeleft
 output : 40326

 error: 
 retcode : 0
DEBUG 2019-11-16 18:49:33.043 UTC: 	 Proxy valid for 11:12:06 hours
DEBUG 2019-11-16 18:49:33.044 UTC: 	 Will use CRAB Analysis plugin (i.e. will run an analysis job type).
DEBUG 2019-11-16 18:49:33.251 UTC: 	 Executing : 
 command : openssl x509 -in ~/.globus/usercert.pem -subject -noout
 output : subject= /DC=ch/DC=cern/OU=Organic Units/OU=Users/CN=sthakur/CN=764789/CN=Shalini Thakur

 error: 
 retcode : 0
DEBUG 2019-11-16 18:49:33.252 UTC: 	 Checking credentials
DEBUG 2019-11-16 18:49:33.252 UTC: 	 Found proxy file /tmp/x509up_u77410
DEBUG 2019-11-16 18:49:33.252 UTC: 	 Getting proxy life time left
DEBUG 2019-11-16 18:49:33.958 UTC: 	 Executing : 
 command : voms-proxy-info -file /tmp/x509up_u77410 -timeleft
 output : 40325

 error: 
 retcode : 0
DEBUG 2019-11-16 18:49:34.663 UTC: 	 Executing : 
 command : voms-proxy-info -file /tmp/x509up_u77410 -actimeleft
 output : 40324

 error: 
 retcode : 0
DEBUG 2019-11-16 18:49:34.664 UTC: 	 Proxy lifetime 40325 secs is different from voms extension lifetime 40324 secs for proxy: /tmp/x509up_u77410
DEBUG 2019-11-16 18:49:34.664 UTC: 	 Proxy valid for 11:12:04 hours
DEBUG 2019-11-16 18:49:35.372 UTC: 	 Executing : 
 command : env X509_USER_PROXY=/tmp/x509up_u77410 voms-proxy-info -fqan
 output : /cms/Role=NULL/Capability=NULL

 error: 
 retcode : 0
DEBUG 2019-11-16 18:49:35.468 UTC: 	 Registering user credentials for server /DC=ch/DC=cern/OU=computers/CN=vocms(052|058|030|0118|0105|0109).cern.ch|/DC=ch/DC=cern/OU=computers/CN=crab-(preprod|prod)-tw(02|01).cern.ch
DEBUG 2019-11-16 18:49:35.580 UTC: 	 Executing : 
 command : openssl x509 -in ~/.globus/usercert.pem -subject -noout
 output : subject= /DC=ch/DC=cern/OU=Organic Units/OU=Users/CN=sthakur/CN=764789/CN=Shalini Thakur

 error: 
 retcode : 0
DEBUG 2019-11-16 18:49:35.581 UTC: 	 Getting myproxy life time left for myproxy.cern.ch
DEBUG 2019-11-16 18:49:35.581 UTC: 	 Calculating hash of /DC=ch/DC=cern/OU=Organic Units/OU=Users/CN=sthakur/CN=764789/CN=Shalini Thakur_cmsweb.cern.ch for credential name
DEBUG 2019-11-16 18:49:35.786 UTC: 	 Executing : 
 command : myproxy-info -l 9cd94953387eeee7bf4da2b7588630639ea1153b -s myproxy.cern.ch
 output : username: 9cd94953387eeee7bf4da2b7588630639ea1153b
owner: /DC=ch/DC=cern/OU=Organic Units/OU=Users/CN=sthakur/CN=764789/CN=Shalini Thakur
  renewal policy: /DC=ch/DC=cern/OU=computers/CN=vocms(052|058|030|0118|0105|0109).cern.ch|/DC=ch/DC=cern/OU=computers/CN=crab-(preprod|prod)-tw(02|01).cern.ch
  trusted retrieval policy: /DC=ch/DC=cern/OU=computers/CN=vocms(052|058|030|0118|0105|0109).cern.ch|/DC=ch/DC=cern/OU=computers/CN=crab-(preprod|prod)-tw(02|01).cern.ch
  timeleft: 590:43:44  (24.6 days)

 error: 
 retcode : 0
DEBUG 2019-11-16 18:49:35.788 UTC: 	 Myproxy is valid: 2126624
DEBUG 2019-11-16 18:49:35.788 UTC: 	 Command use: submit
DEBUG 2019-11-16 18:49:35.788 UTC: 	 Options use: ['--config', <WMCore.Configuration.Configuration object at 0x7f4059355fd0>]
DEBUG 2019-11-16 18:49:35.858 UTC: 	 CRABClient version: 3.3.1911.patch1
DEBUG 2019-11-16 18:49:35.858 UTC: 	 Instance is prod
DEBUG 2019-11-16 18:49:35.858 UTC: 	 Server base url is cmsweb.cern.ch
DEBUG 2019-11-16 18:49:35.858 UTC: 	 Command url /crabserver/prod/workflow
DEBUG 2019-11-16 18:49:35.858 UTC: 	 Started submission
DEBUG 2019-11-16 18:49:35.858 UTC: 	 Working on /afs/cern.ch/work/s/sthakur/xRavindra/MiniTree2017Data/CMSSW_10_4_0/src/ExLep2017Crab/crab/CrabMC_20191116/crab_ExLepEEZ_M1750_MC_20191116
DEBUG 2019-11-16 18:49:36.094 UTC: 	 Loading required information from the environment
DEBUG 2019-11-16 18:49:36.094 UTC: 	 Found CMSSW_10_4_0 for slc7_amd64_gcc700 with base /afs/cern.ch/work/s/sthakur/xRavindra/MiniTree2017Data/CMSSW_10_4_0
DEBUG 2019-11-16 18:49:36.094 UTC: 	 Loading required information from the environment
DEBUG 2019-11-16 18:49:36.094 UTC: 	 Found CMSSW_10_4_0 for slc7_amd64_gcc700 with base /afs/cern.ch/work/s/sthakur/xRavindra/MiniTree2017Data/CMSSW_10_4_0
DEBUG 2019-11-16 18:49:36.111 UTC: 	 UNIQUE NAME: tarUUID a8cd3cdf-1167-438c-8d6c-7995f8409a1b 
DEBUG 2019-11-16 18:49:36.111 UTC: 	 self.config: from WMCore.Configuration import Configuration
config = Configuration()
config.section_('General')
config.General.workArea = 'CrabMC_20191116'
config.General.transferOutputs = True
config.General.transferLogs = False
config.General.requestName = 'ExLepEEZ_M1750_MC_20191116'
config.section_('JobType')
config.JobType.psetName = '20191116/config/ExLepEEZ_M1750_MC_20191116_cfg.py'
config.JobType.pluginName = 'Analysis'
config.JobType.inputFiles = ['../../ExLep2017Tree/Selection/test/Fall17_V3_MC_PtResolution_AK8PF.txt', '../../ExLep2017Tree/Selection/test/Fall17_V3_MC_SF_AK8PF.txt']
config.JobType.allowUndistributedCMSSW = True
config.JobType.maxMemoryMB = 2000
config.section_('Data')
config.Data.inputDataset = '/ExcitedLepton_EEZ-1750_TuneCP5_13TeV-pythia8/RunIIFall17MiniAODv2-PU2017_12Apr2018_94X_mc2017_realistic_v14-v1/MINIAODSIM'
config.Data.allowNonValidInputDataset = True
config.Data.unitsPerJob = 10
config.Data.inputDBS = 'global'
config.Data.splitting = 'FileBased'
config.Data.outputDatasetTag = 'ExLepEEZ_M1750_MC_20191116'
config.Data.outLFNDirBase = '/store/user/sthakur/ntuple_for2017MC_20191116/MC_20191116/ExLepEEZ_M1750_MC_20191116'
config.section_('Site')
config.Site.storageSite = 'T2_IN_TIFR'
config.section_('User')
config.section_('Debug')

DEBUG 2019-11-16 18:49:36.111 UTC: 	 self.config.JobType.psetName: 20191116/config/ExLepEEZ_M1750_MC_20191116_cfg.py
INFO 2019-11-16 18:49:36.112 UTC: 	 Importing CMSSW configuration 20191116/config/ExLepEEZ_M1750_MC_20191116_cfg.py
INFO 2019-11-16 18:49:36.524 UTC: 	 Finished importing CMSSW configuration 20191116/config/ExLepEEZ_M1750_MC_20191116_cfg.py
DEBUG 2019-11-16 18:49:36.524 UTC: 	 Writing CMSSW configuration to /afs/cern.ch/work/s/sthakur/xRavindra/MiniTree2017Data/CMSSW_10_4_0/src/ExLep2017Crab/crab/CrabMC_20191116/crab_ExLepEEZ_M1750_MC_20191116/inputs/PSet.py
DEBUG 2019-11-16 18:49:36.668 UTC: 	 The following EDM output files will be collected: []
DEBUG 2019-11-16 18:49:36.668 UTC: 	 The following TFile output files will be collected: ['ExLepEEZ_M1750_MC_20191116_Ntuple.root']
DEBUG 2019-11-16 18:49:36.668 UTC: 	 The following user output files (not listed as PoolOuputModule or TFileService in the CMSSW PSet) will be collected: 
DEBUG 2019-11-16 18:49:36.669 UTC: 	 Loading required information from the environment
DEBUG 2019-11-16 18:49:36.669 UTC: 	 Found CMSSW_10_4_0 for slc7_amd64_gcc700 with base /afs/cern.ch/work/s/sthakur/xRavindra/MiniTree2017Data/CMSSW_10_4_0
DEBUG 2019-11-16 18:49:36.669 UTC: 	 Making tarball in /afs/cern.ch/work/s/sthakur/xRavindra/MiniTree2017Data/CMSSW_10_4_0/src/ExLep2017Crab/crab/CrabMC_20191116/crab_ExLepEEZ_M1750_MC_20191116/inputs/a8cd3cdf-1167-438c-8d6c-7995f8409a1bdefault.tgz
DEBUG 2019-11-16 18:49:36.676 UTC: 	 Checking directory /afs/cern.ch/work/s/sthakur/xRavindra/MiniTree2017Data/CMSSW_10_4_0/lib
DEBUG 2019-11-16 18:49:36.676 UTC: 	 Adding directory /afs/cern.ch/work/s/sthakur/xRavindra/MiniTree2017Data/CMSSW_10_4_0/lib to tarball
DEBUG 2019-11-16 18:49:36.688 UTC: 	 Checking directory /afs/cern.ch/work/s/sthakur/xRavindra/MiniTree2017Data/CMSSW_10_4_0/biglib
DEBUG 2019-11-16 18:49:36.688 UTC: 	 Adding directory /afs/cern.ch/work/s/sthakur/xRavindra/MiniTree2017Data/CMSSW_10_4_0/biglib to tarball
DEBUG 2019-11-16 18:49:36.688 UTC: 	 Checking directory /afs/cern.ch/work/s/sthakur/xRavindra/MiniTree2017Data/CMSSW_10_4_0/module
DEBUG 2019-11-16 18:49:36.697 UTC: 	 Adding data directory /afs/cern.ch/work/s/sthakur/xRavindra/MiniTree2017Data/CMSSW_10_4_0/src/ExLep2017Tree/Selection/interface to tarball
DEBUG 2019-11-16 18:49:36.730 UTC: 	 Adding file ../../ExLep2017Tree/Selection/test/Fall17_V3_MC_PtResolution_AK8PF.txt to tarball
DEBUG 2019-11-16 18:49:36.730 UTC: 	 Adding file ../../ExLep2017Tree/Selection/test/Fall17_V3_MC_SF_AK8PF.txt to tarball
DEBUG 2019-11-16 18:49:36.893 UTC: 	 Uploading archive /afs/cern.ch/work/s/sthakur/xRavindra/MiniTree2017Data/CMSSW_10_4_0/src/ExLep2017Crab/crab/CrabMC_20191116/crab_ExLepEEZ_M1750_MC_20191116/inputs/a8cd3cdf-1167-438c-8d6c-7995f8409a1bdefault.tgz (239 KB) to the CRAB cache. Using URI https://cmsweb.cern.ch/crabcache
DEBUG 2019-11-16 18:49:37.294 UTC: 	 Loading required information from the environment
DEBUG 2019-11-16 18:49:37.294 UTC: 	 Found CMSSW_10_4_0 for slc7_amd64_gcc700 with base /afs/cern.ch/work/s/sthakur/xRavindra/MiniTree2017Data/CMSSW_10_4_0
DEBUG 2019-11-16 18:49:37.294 UTC: 	 Making tarball in /afs/cern.ch/work/s/sthakur/xRavindra/MiniTree2017Data/CMSSW_10_4_0/src/ExLep2017Crab/crab/CrabMC_20191116/crab_ExLepEEZ_M1750_MC_20191116/inputs/debugFiles.tgz
DEBUG 2019-11-16 18:49:37.318 UTC: 	 Uploading archive /afs/cern.ch/work/s/sthakur/xRavindra/MiniTree2017Data/CMSSW_10_4_0/src/ExLep2017Crab/crab/CrabMC_20191116/crab_ExLepEEZ_M1750_MC_20191116/inputs/debugFiles.tgz (2 KB) to the CRAB cache. Using URI https://cmsweb.cern.ch/crabcache
DEBUG 2019-11-16 18:49:37.397 UTC: 	 Result uploading input files: 51c3f40954883960fdef3815daf817ddcc5b68dec72a0f03764bc10e10e27c24.tar.gz 
WARNING 2019-11-16 18:49:37.397 UTC: 	 Warning: The following output files will not be published, as they are not EDM files: ['ExLepEEZ_M1750_MC_20191116_Ntuple.root']
INFO 2019-11-16 18:49:37.397 UTC: 	 Sending the request to the server at cmsweb.cern.ch
DEBUG 2019-11-16 18:49:37.397 UTC: 	 Submitting {'maxjobruntime': 1250, 'extrajdl': [], 'ignorelocality': 0, 'savelogsflag': 0, 'useparent': 0, 'asyncdest': 'T2_IN_TIFR', 'algoargs': 10, 'cachefilename': '51c3f40954883960fdef3815daf817ddcc5b68dec72a0f03764bc10e10e27c24.tar.gz', 'numcores': 1, 'addoutputfiles': [], 'generator': 'pythia', 'maxmemory': 2000, 'publishdbsurl': 'https://cmsweb.cern.ch/dbs/prod/phys03/DBSWriter', 'priority': 10, 'jobsw': 'CMSSW_10_4_0', 'edmoutfiles': [], 'userfiles': [], 'primarydataset': '', 'inputdata': '/ExcitedLepton_EEZ-1750_TuneCP5_13TeV-pythia8/RunIIFall17MiniAODv2-PU2017_12Apr2018_94X_mc2017_realistic_v14-v1/MINIAODSIM', 'lfn': '/store/user/sthakur/ntuple_for2017MC_20191116/MC_20191116/ExLepEEZ_M1750_MC_20191116', 'dryrun': 0, 'workflow': 'crab_ExLepEEZ_M1750_MC_20191116', 'cacheurl': u'https://cmsweb.cern.ch/crabcache', 'nonprodsw': 1, 'tfileoutfiles': ['ExLepEEZ_M1750_MC_20191116_Ntuple.root'], 'oneEventMode': 0, 'debugfilename': 'f54ddc630b52a6437a3ecacd1a864b153c9d91457b80a28e5f6b216235c85f1a.tar.gz', 'saveoutput': 1, 'publication': 1, 'jobarch': 'slc7_amd64_gcc700', 'totalunits': 0, 'splitalgo': 'FileBased', 'ignoreglobalblacklist': 0, 'nonvaliddata': 1, 'dbsurl': 'https://cmsweb.cern.ch/dbs/prod/global/DBSReader', 'publishgroupname': 0, 'jobtype': 'Analysis', 'publishname2': 'ExLepEEZ_M1750_MC_20191116'} 
DEBUG 2019-11-16 18:49:37.397 UTC: 	 Encoded submit request: maxjobruntime=1250&ignorelocality=0&savelogsflag=0&useparent=0&asyncdest=T2_IN_TIFR&algoargs=10&cachefilename=51c3f40954883960fdef3815daf817ddcc5b68dec72a0f03764bc10e10e27c24.tar.gz&numcores=1&generator=pythia&maxmemory=2000&publishdbsurl=https%3A%2F%2Fcmsweb.cern.ch%2Fdbs%2Fprod%2Fphys03%2FDBSWriter&priority=10&jobsw=CMSSW_10_4_0&primarydataset=&inputdata=%2FExcitedLepton_EEZ-1750_TuneCP5_13TeV-pythia8%2FRunIIFall17MiniAODv2-PU2017_12Apr2018_94X_mc2017_realistic_v14-v1%2FMINIAODSIM&lfn=%2Fstore%2Fuser%2Fsthakur%2Fntuple_for2017MC_20191116%2FMC_20191116%2FExLepEEZ_M1750_MC_20191116&dryrun=0&workflow=crab_ExLepEEZ_M1750_MC_20191116&cacheurl=https%3A%2F%2Fcmsweb.cern.ch%2Fcrabcache&nonprodsw=1&oneEventMode=0&debugfilename=f54ddc630b52a6437a3ecacd1a864b153c9d91457b80a28e5f6b216235c85f1a.tar.gz&saveoutput=1&publication=1&jobarch=slc7_amd64_gcc700&totalunits=0&splitalgo=FileBased&ignoreglobalblacklist=0&nonvaliddata=1&dbsurl=https%3A%2F%2Fcmsweb.cern.ch%2Fdbs%2Fprod%2Fglobal%2FDBSReader&publishgroupname=0&jobtype=Analysis&publishname2=ExLepEEZ_M1750_MC_20191116&tfileoutfiles=ExLepEEZ_M1750_MC_20191116_Ntuple.root
DEBUG 2019-11-16 18:49:37.533 UTC: 	 Result: {u'result': [{u'RequestName': u'191116_184937:sthakur_crab_ExLepEEZ_M1750_MC_20191116'}]}
INFO 2019-11-16 18:49:37.553 UTC: 	 Success: Your task has been delivered to the prod CRAB3 server.
INFO 2019-11-16 18:49:37.554 UTC: 	 Task name: 191116_184937:sthakur_crab_ExLepEEZ_M1750_MC_20191116
INFO 2019-11-16 18:49:37.554 UTC: 	 Project dir: CrabMC_20191116/crab_ExLepEEZ_M1750_MC_20191116
INFO 2019-11-16 18:49:37.554 UTC: 	 Please use 'crab status -d CrabMC_20191116/crab_ExLepEEZ_M1750_MC_20191116' to check how the submission process proceeds.
DEBUG 2019-11-16 18:49:37.554 UTC: 	 About to return
DEBUG 2019-11-16 18:58:06.790 UTC: 	 Running on: Linux lxplus745.cern.ch 3.10.0-1062.4.1.el7.x86_64 #1 SMP Fri Oct 18 17:15:30 UTC 2019 x86_64 x86_64 x86_64 GNU/Linux - CentOS Linux 7 (Core)
DEBUG 2019-11-16 18:58:06.805 UTC: 	 OpenSSl version: OpenSSL 1.0.2k-fips  26 Jan 2017 (Library: OpenSSL 1.0.2d-fips 9 Jul 2015)
DEBUG 2019-11-16 18:58:06.806 UTC: 	 Executing command: 'status'
DEBUG 2019-11-16 18:58:06.806 UTC: 	 Found CRAB cache file /afs/cern.ch/user/s/sthakur/.crab3
DEBUG 2019-11-16 18:58:06.814 UTC: 	 Checking credentials
DEBUG 2019-11-16 18:58:06.814 UTC: 	 Found proxy file /tmp/x509up_u77410
DEBUG 2019-11-16 18:58:06.814 UTC: 	 Getting proxy life time left
DEBUG 2019-11-16 18:58:07.520 UTC: 	 Executing : 
 command : voms-proxy-info -file /tmp/x509up_u77410 -timeleft
 output : 39811

 error: 
 retcode : 0
DEBUG 2019-11-16 18:58:08.226 UTC: 	 Executing : 
 command : voms-proxy-info -file /tmp/x509up_u77410 -actimeleft
 output : 39810

 error: 
 retcode : 0
DEBUG 2019-11-16 18:58:08.226 UTC: 	 Proxy lifetime 39811 secs is different from voms extension lifetime 39810 secs for proxy: /tmp/x509up_u77410
DEBUG 2019-11-16 18:58:08.227 UTC: 	 Proxy valid for 11:03:30 hours
DEBUG 2019-11-16 18:58:08.430 UTC: 	 Executing : 
 command : openssl x509 -in ~/.globus/usercert.pem -subject -noout
 output : subject= /DC=ch/DC=cern/OU=Organic Units/OU=Users/CN=sthakur/CN=764789/CN=Shalini Thakur

 error: 
 retcode : 0
DEBUG 2019-11-16 18:58:08.431 UTC: 	 Checking credentials
DEBUG 2019-11-16 18:58:08.431 UTC: 	 Found proxy file /tmp/x509up_u77410
DEBUG 2019-11-16 18:58:08.431 UTC: 	 Getting proxy life time left
DEBUG 2019-11-16 18:58:09.036 UTC: 	 Executing : 
 command : voms-proxy-info -file /tmp/x509up_u77410 -timeleft
 output : 39809

 error: 
 retcode : 0
DEBUG 2019-11-16 18:58:09.742 UTC: 	 Executing : 
 command : voms-proxy-info -file /tmp/x509up_u77410 -actimeleft
 output : 39809

 error: 
 retcode : 0
DEBUG 2019-11-16 18:58:09.742 UTC: 	 Proxy valid for 11:03:29 hours
DEBUG 2019-11-16 18:58:09.839 UTC: 	 Registering user credentials for server /DC=ch/DC=cern/OU=computers/CN=vocms(052|058|030|0118|0105|0109).cern.ch|/DC=ch/DC=cern/OU=computers/CN=crab-(preprod|prod)-tw(02|01).cern.ch
DEBUG 2019-11-16 18:58:09.950 UTC: 	 Executing : 
 command : openssl x509 -in ~/.globus/usercert.pem -subject -noout
 output : subject= /DC=ch/DC=cern/OU=Organic Units/OU=Users/CN=sthakur/CN=764789/CN=Shalini Thakur

 error: 
 retcode : 0
DEBUG 2019-11-16 18:58:09.950 UTC: 	 Getting myproxy life time left for myproxy.cern.ch
DEBUG 2019-11-16 18:58:09.950 UTC: 	 Calculating hash of /DC=ch/DC=cern/OU=Organic Units/OU=Users/CN=sthakur/CN=764789/CN=Shalini Thakur_cmsweb.cern.ch for credential name
DEBUG 2019-11-16 18:58:10.155 UTC: 	 Executing : 
 command : myproxy-info -l 9cd94953387eeee7bf4da2b7588630639ea1153b -s myproxy.cern.ch
 output : username: 9cd94953387eeee7bf4da2b7588630639ea1153b
owner: /DC=ch/DC=cern/OU=Organic Units/OU=Users/CN=sthakur/CN=764789/CN=Shalini Thakur
  renewal policy: /DC=ch/DC=cern/OU=computers/CN=vocms(052|058|030|0118|0105|0109).cern.ch|/DC=ch/DC=cern/OU=computers/CN=crab-(preprod|prod)-tw(02|01).cern.ch
  trusted retrieval policy: /DC=ch/DC=cern/OU=computers/CN=vocms(052|058|030|0118|0105|0109).cern.ch|/DC=ch/DC=cern/OU=computers/CN=crab-(preprod|prod)-tw(02|01).cern.ch
  timeleft: 590:35:09  (24.6 days)

 error: 
 retcode : 0
DEBUG 2019-11-16 18:58:10.156 UTC: 	 Myproxy is valid: 2126109
DEBUG 2019-11-16 18:58:10.157 UTC: 	 Command use: status
DEBUG 2019-11-16 18:58:10.157 UTC: 	 Options use: ['--verboseErrors', 'CrabMC_20191116/crab_ExLepEEZ_M1750_MC_20191116']
DEBUG 2019-11-16 18:58:10.225 UTC: 	 CRABClient version: 3.3.1911.patch1
DEBUG 2019-11-16 18:58:10.226 UTC: 	 Instance is prod
DEBUG 2019-11-16 18:58:10.226 UTC: 	 Server base url is cmsweb.cern.ch
DEBUG 2019-11-16 18:58:10.226 UTC: 	 Command url /crabserver/prod/workflow
DEBUG 2019-11-16 18:58:10.307 UTC: 	 Got information from server oracle database: {u'result': [u'191116_184937:sthakur_crab_ExLepEEZ_M1750_MC_20191116', u'None', u'None', u'SUBMITTED', u'SUBMIT', u'2019-11-16 18:49:37.525163', u'None', u'2019-11-16 18:50:24.635817', u'None', u'CMSSW_10_4_0', u'slc7_amd64_gcc700', u'/ExcitedLepton_EEZ-1750_TuneCP5_13TeV-pythia8/RunIIFall17MiniAODv2-PU2017_12Apr2018_94X_mc2017_realistic_v14-v1/MINIAODSIM', u'T', u'0', u'[]', u'[]', u'FileBased', u"{'splitOnRun': False, 'halt_job_on_file_boundaries': False, 'files_per_job': 10, 'runs': [], 'lumis': []}", u'51c3f40954883960fdef3815daf817ddcc5b68dec72a0f03764bc10e10e27c24.tar.gz', u'https://cmsweb.cern.ch/crabcache', u'sthakur', u'/DC=ch/DC=cern/OU=Organic Units/OU=Users/CN=sthakur/CN=764789/CN=Shalini Thakur', u'cms', u'None', u'None', u'ExLepEEZ_M1750_MC_20191116-00000000000000000000000000000000', u'F', u'T2_IN_TIFR', u'https://cmsweb.cern.ch/dbs/prod/global/DBSReader', u'https://cmsweb.cern.ch/dbs/prod/phys03/DBSWriter', u'T', u'[]', u"['ExLepEEZ_M1750_MC_20191116_Ntuple.root']", u'[]', u'Analysis', u'pythia', u'None', u'{}', u'[]', u'F', u'crab-prod-tw01', u'[]', u'1250', u'1', u'2000', u'10', u'None', u'[]', u'http://vocms0106.cern.ch/mon/cms251/191116_184937:sthakur_crab_ExLepEEZ_M1750_MC_20191116', u'None', u'[]', u'[]', u'https://cmsweb.cern.ch/crabserver/prod', u'cmsgwms-collector-global.cern.ch:9620,cmssrv623.fnal.gov:9620', u'crab3@vocms0106.cern.ch', u'F', u'[]', u'T', u'/store/user/sthakur/ntuple_for2017MC_20191116/MC_20191116/ExLepEEZ_M1750_MC_20191116', u'F', u'None', u'F', u'None', u'ExcitedLepton_EEZ-1750_TuneCP5_13TeV-pythia8', u'None', u'f54ddc630b52a6437a3ecacd1a864b153c9d91457b80a28e5f6b216235c85f1a.tar.gz', u'35736151', u'filetransfers', u'F', u'2001:1458:d00:13::2e5', u'0.0', u'None'], u'desc': {u'columns': [u'tm_taskname', u'tm_activity', u'panda_jobset_id', u'tm_task_status', u'tm_task_command', u'tm_start_time', u'tm_start_injection', u'tm_end_injection', u'tm_task_failure', u'tm_job_sw', u'tm_job_arch', u'tm_input_dataset', u'tm_nonvalid_input_dataset', u'tm_use_parent', u'tm_site_whitelist', u'tm_site_blacklist', u'tm_split_algo', u'tm_split_args', u'tm_user_sandbox', u'tm_cache_url', u'tm_username', u'tm_user_dn', u'tm_user_vo', u'tm_user_role', u'tm_user_group', u'tm_publish_name', u'tm_publish_groupname', u'tm_asyncdest', u'tm_dbs_url', u'tm_publish_dbs_url', u'tm_publication', u'tm_outfiles', u'tm_tfile_outfiles', u'tm_edm_outfiles', u'tm_job_type', u'tm_generator', u'tm_events_per_lumi', u'tm_arguments', u'panda_resubmitted_jobs', u'tm_save_logs', u'tw_name', u'tm_user_infiles', u'tm_maxjobruntime', u'tm_numcores', u'tm_maxmemory', u'tm_priority', u'tm_output_dataset', u'tm_task_warnings', u'tm_user_webdir', u'tm_scriptexe', u'tm_scriptargs', u'tm_extrajdl', u'tm_asourl', u'tm_collector', u'tm_schedd', u'tm_dry_run', u'tm_user_files', u'tm_transfer_outputs', u'tm_output_lfn', u'tm_ignore_locality', u'tm_fail_limit', u'tm_one_event_mode', u'tm_secondary_input_dataset', u'tm_primary_dataset', u'tm_last_publication', u'tm_debug_files', u'clusterid', u'tm_asodb', u'tm_ignore_global_blacklist', u'tm_submitter_ip_addr', u'tm_totalunits', u'tm_ddm_reqid']}}
INFO 2019-11-16 18:58:10.308 UTC: 	 CRAB project directory:		/afs/cern.ch/work/s/sthakur/xRavindra/MiniTree2017Data/CMSSW_10_4_0/src/ExLep2017Crab/crab/CrabMC_20191116/crab_ExLepEEZ_M1750_MC_20191116
INFO 2019-11-16 18:58:10.308 UTC: 	 Task name:			191116_184937:sthakur_crab_ExLepEEZ_M1750_MC_20191116
INFO 2019-11-16 18:58:10.308 UTC: 	 Grid scheduler - Task Worker:	crab3@vocms0106.cern.ch - crab-prod-tw01
INFO 2019-11-16 18:58:10.308 UTC: 	 Status on the CRAB server:	SUBMITTED
INFO 2019-11-16 18:58:10.308 UTC: 	 Task URL to use for HELP:	https://cmsweb.cern.ch/crabserver/ui/task/191116_184937%3Asthakur_crab_ExLepEEZ_M1750_MC_20191116
INFO 2019-11-16 18:58:10.308 UTC: 	 Dashboard monitoring URL:	https://monit-grafana.cern.ch/d/cmsTMDetail/cms-task-monitoring-task-view?orgId=11&var-user=sthakur&var-task=191116_184937%3Asthakur_crab_ExLepEEZ_M1750_MC_20191116
INFO 2019-11-16 18:58:10.308 UTC: 	 In case of issues with the dashboard, please provide feedback to hn-cms-computing-tools@cern.ch
DEBUG 2019-11-16 18:58:10.308 UTC: 	 The CRAB server submitted your task to the Grid scheduler (cluster ID: 35736151)
DEBUG 2019-11-16 18:58:10.309 UTC: 	 Webdir is located at http://vocms0106.cern.ch/mon/cms251/191116_184937:sthakur_crab_ExLepEEZ_M1750_MC_20191116
DEBUG 2019-11-16 18:58:10.418 UTC: 	 Proxied webdir is located at https://cmsweb.cern.ch/scheddmon/0106/cms251/191116_184937:sthakur_crab_ExLepEEZ_M1750_MC_20191116
DEBUG 2019-11-16 18:58:10.418 UTC: 	 Retrieving 'status_cache' file from https://cmsweb.cern.ch/scheddmon/0106/cms251/191116_184937:sthakur_crab_ExLepEEZ_M1750_MC_20191116/status_cache
DEBUG 2019-11-16 18:58:10.467 UTC: 	 Got information from status cache file: {'1': {'Retries': 0, 'WallDurations': [9.0, 142.40014791488647], 'StartTimes': [1573930453.0], 'SubmitTimes': [1573930239.0], 'JobIds': ['35736153.0'], 'EndTimes': [], 'Restarts': 0, 'RecordedSite': True, 'State': 'running', 'ResidentSetSize': [29460], 'TotalUserCpuTimeHistory': [0.0], 'SiteHistory': ['Unknown', 'T2_US_MIT'], 'TotalSysCpuTimeHistory': [0.0]}, '2': {'Retries': 0, 'WallDurations': [9.0, 127.40014791488647], 'StartTimes': [1573930468.0], 'SubmitTimes': [1573930239.0], 'JobIds': ['35736154.0'], 'EndTimes': [], 'Restarts': 0, 'RecordedSite': True, 'State': 'running', 'ResidentSetSize': [47620], 'TotalUserCpuTimeHistory': [0.0], 'SiteHistory': ['Unknown', 'T2_US_Caltech'], 'TotalSysCpuTimeHistory': [0.0]}}
INFO 2019-11-16 18:58:10.467 UTC: 	 Status on the scheduler:	SUBMITTED
INFO 2019-11-16 18:58:10.467 UTC: 	 
Jobs status:                    running      		100.0% (2/2)
INFO 2019-11-16 18:58:10.467 UTC: 	 
No publication information available yet
INFO 2019-11-16 18:58:10.475 UTC: 	 Log file is /afs/cern.ch/work/s/sthakur/xRavindra/MiniTree2017Data/CMSSW_10_4_0/src/ExLep2017Crab/crab/CrabMC_20191116/crab_ExLepEEZ_M1750_MC_20191116/crab.log
DEBUG 2019-11-17 16:04:22.840 UTC: 	 Running on: Linux lxplus744.cern.ch 3.10.0-1062.4.1.el7.x86_64 #1 SMP Fri Oct 18 17:15:30 UTC 2019 x86_64 x86_64 x86_64 GNU/Linux - CentOS Linux 7 (Core)
DEBUG 2019-11-17 16:04:22.854 UTC: 	 OpenSSl version: OpenSSL 1.0.2k-fips  26 Jan 2017 (Library: OpenSSL 1.0.2d-fips 9 Jul 2015)
DEBUG 2019-11-17 16:04:22.854 UTC: 	 Executing command: 'status'
DEBUG 2019-11-17 16:04:22.854 UTC: 	 Found CRAB cache file /afs/cern.ch/user/s/sthakur/.crab3
DEBUG 2019-11-17 16:04:22.881 UTC: 	 Checking credentials
DEBUG 2019-11-17 16:04:22.881 UTC: 	 Found proxy file /tmp/x509up_u77410
DEBUG 2019-11-17 16:04:22.881 UTC: 	 Getting proxy life time left
DEBUG 2019-11-17 16:04:23.486 UTC: 	 Executing : 
 command : voms-proxy-info -file /tmp/x509up_u77410 -timeleft
 output : 43168

 error: 
 retcode : 0
DEBUG 2019-11-17 16:04:24.091 UTC: 	 Executing : 
 command : voms-proxy-info -file /tmp/x509up_u77410 -actimeleft
 output : 43167

 error: 
 retcode : 0
DEBUG 2019-11-17 16:04:24.091 UTC: 	 Proxy lifetime 43168 secs is different from voms extension lifetime 43167 secs for proxy: /tmp/x509up_u77410
DEBUG 2019-11-17 16:04:24.091 UTC: 	 Proxy valid for 11:59:27 hours
DEBUG 2019-11-17 16:04:24.278 UTC: 	 Executing : 
 command : openssl x509 -in ~/.globus/usercert.pem -subject -noout
 output : subject= /DC=ch/DC=cern/OU=Organic Units/OU=Users/CN=sthakur/CN=764789/CN=Shalini Thakur

 error: 
 retcode : 0
DEBUG 2019-11-17 16:04:24.278 UTC: 	 Checking credentials
DEBUG 2019-11-17 16:04:24.278 UTC: 	 Found proxy file /tmp/x509up_u77410
DEBUG 2019-11-17 16:04:24.278 UTC: 	 Getting proxy life time left
DEBUG 2019-11-17 16:04:24.883 UTC: 	 Executing : 
 command : voms-proxy-info -file /tmp/x509up_u77410 -timeleft
 output : 43167

 error: 
 retcode : 0
DEBUG 2019-11-17 16:04:25.488 UTC: 	 Executing : 
 command : voms-proxy-info -file /tmp/x509up_u77410 -actimeleft
 output : 43166

 error: 
 retcode : 0
DEBUG 2019-11-17 16:04:25.488 UTC: 	 Proxy lifetime 43167 secs is different from voms extension lifetime 43166 secs for proxy: /tmp/x509up_u77410
DEBUG 2019-11-17 16:04:25.488 UTC: 	 Proxy valid for 11:59:26 hours
DEBUG 2019-11-17 16:04:25.578 UTC: 	 Registering user credentials for server /DC=ch/DC=cern/OU=computers/CN=vocms(052|058|030|0118|0105|0109).cern.ch|/DC=ch/DC=cern/OU=computers/CN=crab-(preprod|prod)-tw(02|01).cern.ch
DEBUG 2019-11-17 16:04:25.689 UTC: 	 Executing : 
 command : openssl x509 -in ~/.globus/usercert.pem -subject -noout
 output : subject= /DC=ch/DC=cern/OU=Organic Units/OU=Users/CN=sthakur/CN=764789/CN=Shalini Thakur

 error: 
 retcode : 0
DEBUG 2019-11-17 16:04:25.689 UTC: 	 Getting myproxy life time left for myproxy.cern.ch
DEBUG 2019-11-17 16:04:25.689 UTC: 	 Calculating hash of /DC=ch/DC=cern/OU=Organic Units/OU=Users/CN=sthakur/CN=764789/CN=Shalini Thakur_cmsweb.cern.ch for credential name
DEBUG 2019-11-17 16:04:25.893 UTC: 	 Executing : 
 command : myproxy-info -l 9cd94953387eeee7bf4da2b7588630639ea1153b -s myproxy.cern.ch
 output : username: 9cd94953387eeee7bf4da2b7588630639ea1153b
owner: /DC=ch/DC=cern/OU=Organic Units/OU=Users/CN=sthakur/CN=764789/CN=Shalini Thakur
  renewal policy: /DC=ch/DC=cern/OU=computers/CN=vocms(052|058|030|0118|0105|0109).cern.ch|/DC=ch/DC=cern/OU=computers/CN=crab-(preprod|prod)-tw(02|01).cern.ch
  trusted retrieval policy: /DC=ch/DC=cern/OU=computers/CN=vocms(052|058|030|0118|0105|0109).cern.ch|/DC=ch/DC=cern/OU=computers/CN=crab-(preprod|prod)-tw(02|01).cern.ch
  timeleft: 569:28:54  (23.7 days)

 error: 
 retcode : 0
DEBUG 2019-11-17 16:04:25.894 UTC: 	 Myproxy is valid: 2050134
DEBUG 2019-11-17 16:04:25.895 UTC: 	 Command use: status
DEBUG 2019-11-17 16:04:25.895 UTC: 	 Options use: ['--verboseErrors', 'CrabMC_20191116/crab_ExLepEEZ_M1750_MC_20191116']
DEBUG 2019-11-17 16:04:25.961 UTC: 	 CRABClient version: 3.3.1911.patch1
DEBUG 2019-11-17 16:04:25.961 UTC: 	 Instance is prod
DEBUG 2019-11-17 16:04:25.961 UTC: 	 Server base url is cmsweb.cern.ch
DEBUG 2019-11-17 16:04:25.961 UTC: 	 Command url /crabserver/prod/workflow
DEBUG 2019-11-17 16:04:26.118 UTC: 	 Got information from server oracle database: {u'result': [u'191116_184937:sthakur_crab_ExLepEEZ_M1750_MC_20191116', u'None', u'None', u'SUBMITTED', u'SUBMIT', u'2019-11-16 18:49:37.525163', u'None', u'2019-11-16 18:50:24.635817', u'None', u'CMSSW_10_4_0', u'slc7_amd64_gcc700', u'/ExcitedLepton_EEZ-1750_TuneCP5_13TeV-pythia8/RunIIFall17MiniAODv2-PU2017_12Apr2018_94X_mc2017_realistic_v14-v1/MINIAODSIM', u'T', u'0', u'[]', u'[]', u'FileBased', u"{'splitOnRun': False, 'halt_job_on_file_boundaries': False, 'files_per_job': 10, 'runs': [], 'lumis': []}", u'51c3f40954883960fdef3815daf817ddcc5b68dec72a0f03764bc10e10e27c24.tar.gz', u'https://cmsweb.cern.ch/crabcache', u'sthakur', u'/DC=ch/DC=cern/OU=Organic Units/OU=Users/CN=sthakur/CN=764789/CN=Shalini Thakur', u'cms', u'None', u'None', u'ExLepEEZ_M1750_MC_20191116-00000000000000000000000000000000', u'F', u'T2_IN_TIFR', u'https://cmsweb.cern.ch/dbs/prod/global/DBSReader', u'https://cmsweb.cern.ch/dbs/prod/phys03/DBSWriter', u'T', u'[]', u"['ExLepEEZ_M1750_MC_20191116_Ntuple.root']", u'[]', u'Analysis', u'pythia', u'None', u'{}', u'[]', u'F', u'crab-prod-tw01', u'[]', u'1250', u'1', u'2000', u'10', u'None', u'[]', u'http://vocms0106.cern.ch/mon/cms251/191116_184937:sthakur_crab_ExLepEEZ_M1750_MC_20191116', u'None', u'[]', u'[]', u'https://cmsweb.cern.ch/crabserver/prod', u'cmsgwms-collector-global.cern.ch:9620,cmssrv623.fnal.gov:9620', u'crab3@vocms0106.cern.ch', u'F', u'[]', u'T', u'/store/user/sthakur/ntuple_for2017MC_20191116/MC_20191116/ExLepEEZ_M1750_MC_20191116', u'F', u'None', u'F', u'None', u'ExcitedLepton_EEZ-1750_TuneCP5_13TeV-pythia8', u'None', u'f54ddc630b52a6437a3ecacd1a864b153c9d91457b80a28e5f6b216235c85f1a.tar.gz', u'35736151', u'filetransfers', u'F', u'2001:1458:d00:13::2e5', u'0.0', u'None'], u'desc': {u'columns': [u'tm_taskname', u'tm_activity', u'panda_jobset_id', u'tm_task_status', u'tm_task_command', u'tm_start_time', u'tm_start_injection', u'tm_end_injection', u'tm_task_failure', u'tm_job_sw', u'tm_job_arch', u'tm_input_dataset', u'tm_nonvalid_input_dataset', u'tm_use_parent', u'tm_site_whitelist', u'tm_site_blacklist', u'tm_split_algo', u'tm_split_args', u'tm_user_sandbox', u'tm_cache_url', u'tm_username', u'tm_user_dn', u'tm_user_vo', u'tm_user_role', u'tm_user_group', u'tm_publish_name', u'tm_publish_groupname', u'tm_asyncdest', u'tm_dbs_url', u'tm_publish_dbs_url', u'tm_publication', u'tm_outfiles', u'tm_tfile_outfiles', u'tm_edm_outfiles', u'tm_job_type', u'tm_generator', u'tm_events_per_lumi', u'tm_arguments', u'panda_resubmitted_jobs', u'tm_save_logs', u'tw_name', u'tm_user_infiles', u'tm_maxjobruntime', u'tm_numcores', u'tm_maxmemory', u'tm_priority', u'tm_output_dataset', u'tm_task_warnings', u'tm_user_webdir', u'tm_scriptexe', u'tm_scriptargs', u'tm_extrajdl', u'tm_asourl', u'tm_collector', u'tm_schedd', u'tm_dry_run', u'tm_user_files', u'tm_transfer_outputs', u'tm_output_lfn', u'tm_ignore_locality', u'tm_fail_limit', u'tm_one_event_mode', u'tm_secondary_input_dataset', u'tm_primary_dataset', u'tm_last_publication', u'tm_debug_files', u'clusterid', u'tm_asodb', u'tm_ignore_global_blacklist', u'tm_submitter_ip_addr', u'tm_totalunits', u'tm_ddm_reqid']}}
INFO 2019-11-17 16:04:26.119 UTC: 	 CRAB project directory:		/afs/cern.ch/work/s/sthakur/xRavindra/MiniTree2017Data/CMSSW_10_4_0/src/ExLep2017Crab/crab/CrabMC_20191116/crab_ExLepEEZ_M1750_MC_20191116
INFO 2019-11-17 16:04:26.119 UTC: 	 Task name:			191116_184937:sthakur_crab_ExLepEEZ_M1750_MC_20191116
INFO 2019-11-17 16:04:26.119 UTC: 	 Grid scheduler - Task Worker:	crab3@vocms0106.cern.ch - crab-prod-tw01
INFO 2019-11-17 16:04:26.119 UTC: 	 Status on the CRAB server:	SUBMITTED
INFO 2019-11-17 16:04:26.119 UTC: 	 Task URL to use for HELP:	https://cmsweb.cern.ch/crabserver/ui/task/191116_184937%3Asthakur_crab_ExLepEEZ_M1750_MC_20191116
INFO 2019-11-17 16:04:26.119 UTC: 	 Dashboard monitoring URL:	https://monit-grafana.cern.ch/d/cmsTMDetail/cms-task-monitoring-task-view?orgId=11&var-user=sthakur&var-task=191116_184937%3Asthakur_crab_ExLepEEZ_M1750_MC_20191116
INFO 2019-11-17 16:04:26.119 UTC: 	 In case of issues with the dashboard, please provide feedback to hn-cms-computing-tools@cern.ch
DEBUG 2019-11-17 16:04:26.119 UTC: 	 The CRAB server submitted your task to the Grid scheduler (cluster ID: 35736151)
DEBUG 2019-11-17 16:04:26.119 UTC: 	 Webdir is located at http://vocms0106.cern.ch/mon/cms251/191116_184937:sthakur_crab_ExLepEEZ_M1750_MC_20191116
DEBUG 2019-11-17 16:04:26.187 UTC: 	 Proxied webdir is located at https://cmsweb.cern.ch/scheddmon/0106/cms251/191116_184937:sthakur_crab_ExLepEEZ_M1750_MC_20191116
DEBUG 2019-11-17 16:04:26.187 UTC: 	 Retrieving 'status_cache' file from https://cmsweb.cern.ch/scheddmon/0106/cms251/191116_184937:sthakur_crab_ExLepEEZ_M1750_MC_20191116/status_cache
DEBUG 2019-11-17 16:04:26.355 UTC: 	 Got information from status cache file: {'1': {'Retries': 0, 'WallDurations': [9.0, 2449.0], 'StartTimes': [1573930453.0], 'SubmitTimes': [1573930239.0], 'JobIds': ['35736153.0'], 'EndTimes': [1573932902.0], 'Restarts': 0, 'RecordedSite': True, 'State': 'finished', 'ResidentSetSize': [751504], 'TotalUserCpuTimeHistory': [1945], 'SiteHistory': ['Unknown', 'T2_US_MIT'], 'TotalSysCpuTimeHistory': [53]}, '2': {'Retries': 0, 'WallDurations': [9.0, 663.0], 'StartTimes': [1573930468.0], 'SubmitTimes': [1573930239.0], 'JobIds': ['35736154.0'], 'EndTimes': [1573931131.0], 'Restarts': 0, 'RecordedSite': True, 'State': 'finished', 'ResidentSetSize': [760668], 'TotalUserCpuTimeHistory': [245], 'SiteHistory': ['Unknown', 'T2_US_Caltech'], 'TotalSysCpuTimeHistory': [9]}}
INFO 2019-11-17 16:04:26.355 UTC: 	 Status on the scheduler:	COMPLETED
INFO 2019-11-17 16:04:26.355 UTC: 	 
Jobs status:                    finished     		100.0% (2/2)
INFO 2019-11-17 16:04:26.468 UTC: 	 
No publication information available yet
INFO 2019-11-17 16:04:26.468 UTC: 	 
Warning: the max jobs runtime is less than 30% of the task requested value (1250 min), please consider to request a lower value for failed jobs (allowed through crab resubmit) and/or improve the jobs splitting (e.g. config.Data.splitting = 'Automatic') in a new task.
INFO 2019-11-17 16:04:26.468 UTC: 	 
Summary of run jobs:
 * Memory: 742MB min, 742MB max, 738MB ave
 * Runtime: 0:11:03 min, 0:40:49 max, 0:25:56 ave
 * CPU eff: 38% min, 82% max, 72% ave
 * Waste: 0:00:18 (1% of total)

INFO 2019-11-17 16:04:26.487 UTC: 	 Log file is /afs/cern.ch/work/s/sthakur/xRavindra/MiniTree2017Data/CMSSW_10_4_0/src/ExLep2017Crab/crab/CrabMC_20191116/crab_ExLepEEZ_M1750_MC_20191116/crab.log
