DEBUG 2019-11-16 18:54:59.390 UTC: 	 Running on: Linux lxplus745.cern.ch 3.10.0-1062.4.1.el7.x86_64 #1 SMP Fri Oct 18 17:15:30 UTC 2019 x86_64 x86_64 x86_64 GNU/Linux - CentOS Linux 7 (Core)
DEBUG 2019-11-16 18:54:59.409 UTC: 	 OpenSSl version: OpenSSL 1.0.2k-fips  26 Jan 2017 (Library: OpenSSL 1.0.2d-fips 9 Jul 2015)
DEBUG 2019-11-16 18:54:59.409 UTC: 	 Executing command: 'submit'
DEBUG 2019-11-16 18:54:59.500 UTC: 	 Found CRAB cache file /afs/cern.ch/user/s/sthakur/.crab3
DEBUG 2019-11-16 18:54:59.507 UTC: 	 Checking credentials
DEBUG 2019-11-16 18:54:59.507 UTC: 	 Found proxy file /tmp/x509up_u77410
DEBUG 2019-11-16 18:54:59.508 UTC: 	 Getting proxy life time left
DEBUG 2019-11-16 18:55:00.214 UTC: 	 Executing : 
 command : voms-proxy-info -file /tmp/x509up_u77410 -timeleft
 output : 39998

 error: 
 retcode : 0
DEBUG 2019-11-16 18:55:00.919 UTC: 	 Executing : 
 command : voms-proxy-info -file /tmp/x509up_u77410 -actimeleft
 output : 39998

 error: 
 retcode : 0
DEBUG 2019-11-16 18:55:00.920 UTC: 	 Proxy valid for 11:06:38 hours
DEBUG 2019-11-16 18:55:00.920 UTC: 	 Will use CRAB Analysis plugin (i.e. will run an analysis job type).
DEBUG 2019-11-16 18:55:01.103 UTC: 	 Executing : 
 command : openssl x509 -in ~/.globus/usercert.pem -subject -noout
 output : subject= /DC=ch/DC=cern/OU=Organic Units/OU=Users/CN=sthakur/CN=764789/CN=Shalini Thakur

 error: 
 retcode : 0
DEBUG 2019-11-16 18:55:01.104 UTC: 	 Checking credentials
DEBUG 2019-11-16 18:55:01.104 UTC: 	 Found proxy file /tmp/x509up_u77410
DEBUG 2019-11-16 18:55:01.104 UTC: 	 Getting proxy life time left
DEBUG 2019-11-16 18:55:01.925 UTC: 	 Executing : 
 command : voms-proxy-info -file /tmp/x509up_u77410 -timeleft
 output : 39997

 error: 
 retcode : 0
DEBUG 2019-11-16 18:55:02.631 UTC: 	 Executing : 
 command : voms-proxy-info -file /tmp/x509up_u77410 -actimeleft
 output : 39996

 error: 
 retcode : 0
DEBUG 2019-11-16 18:55:02.632 UTC: 	 Proxy lifetime 39997 secs is different from voms extension lifetime 39996 secs for proxy: /tmp/x509up_u77410
DEBUG 2019-11-16 18:55:02.632 UTC: 	 Proxy valid for 11:06:36 hours
DEBUG 2019-11-16 18:55:03.448 UTC: 	 Executing : 
 command : env X509_USER_PROXY=/tmp/x509up_u77410 voms-proxy-info -fqan
 output : /cms/Role=NULL/Capability=NULL

 error: 
 retcode : 0
DEBUG 2019-11-16 18:55:03.531 UTC: 	 Registering user credentials for server /DC=ch/DC=cern/OU=computers/CN=vocms(052|058|030|0118|0105|0109).cern.ch|/DC=ch/DC=cern/OU=computers/CN=crab-(preprod|prod)-tw(02|01).cern.ch
DEBUG 2019-11-16 18:55:03.643 UTC: 	 Executing : 
 command : openssl x509 -in ~/.globus/usercert.pem -subject -noout
 output : subject= /DC=ch/DC=cern/OU=Organic Units/OU=Users/CN=sthakur/CN=764789/CN=Shalini Thakur

 error: 
 retcode : 0
DEBUG 2019-11-16 18:55:03.643 UTC: 	 Getting myproxy life time left for myproxy.cern.ch
DEBUG 2019-11-16 18:55:03.643 UTC: 	 Calculating hash of /DC=ch/DC=cern/OU=Organic Units/OU=Users/CN=sthakur/CN=764789/CN=Shalini Thakur_cmsweb.cern.ch for credential name
DEBUG 2019-11-16 18:55:03.851 UTC: 	 Executing : 
 command : myproxy-info -l 9cd94953387eeee7bf4da2b7588630639ea1153b -s myproxy.cern.ch
 output : username: 9cd94953387eeee7bf4da2b7588630639ea1153b
owner: /DC=ch/DC=cern/OU=Organic Units/OU=Users/CN=sthakur/CN=764789/CN=Shalini Thakur
  renewal policy: /DC=ch/DC=cern/OU=computers/CN=vocms(052|058|030|0118|0105|0109).cern.ch|/DC=ch/DC=cern/OU=computers/CN=crab-(preprod|prod)-tw(02|01).cern.ch
  trusted retrieval policy: /DC=ch/DC=cern/OU=computers/CN=vocms(052|058|030|0118|0105|0109).cern.ch|/DC=ch/DC=cern/OU=computers/CN=crab-(preprod|prod)-tw(02|01).cern.ch
  timeleft: 590:38:16  (24.6 days)

 error: 
 retcode : 0
DEBUG 2019-11-16 18:55:03.852 UTC: 	 Myproxy is valid: 2126296
DEBUG 2019-11-16 18:55:03.852 UTC: 	 Command use: submit
DEBUG 2019-11-16 18:55:03.852 UTC: 	 Options use: ['--config', <WMCore.Configuration.Configuration object at 0x7f029a6befd0>]
DEBUG 2019-11-16 18:55:03.934 UTC: 	 CRABClient version: 3.3.1911.patch1
DEBUG 2019-11-16 18:55:03.934 UTC: 	 Instance is prod
DEBUG 2019-11-16 18:55:03.934 UTC: 	 Server base url is cmsweb.cern.ch
DEBUG 2019-11-16 18:55:03.934 UTC: 	 Command url /crabserver/prod/workflow
DEBUG 2019-11-16 18:55:03.934 UTC: 	 Started submission
DEBUG 2019-11-16 18:55:03.934 UTC: 	 Working on /afs/cern.ch/work/s/sthakur/xRavindra/MiniTree2017Data/CMSSW_10_4_0/src/ExLep2017Crab/crab/CrabMC_20191116/crab_ExLepMuMuZ_M750_MC_20191116
DEBUG 2019-11-16 18:55:04.120 UTC: 	 Loading required information from the environment
DEBUG 2019-11-16 18:55:04.121 UTC: 	 Found CMSSW_10_4_0 for slc7_amd64_gcc700 with base /afs/cern.ch/work/s/sthakur/xRavindra/MiniTree2017Data/CMSSW_10_4_0
DEBUG 2019-11-16 18:55:04.121 UTC: 	 Loading required information from the environment
DEBUG 2019-11-16 18:55:04.121 UTC: 	 Found CMSSW_10_4_0 for slc7_amd64_gcc700 with base /afs/cern.ch/work/s/sthakur/xRavindra/MiniTree2017Data/CMSSW_10_4_0
DEBUG 2019-11-16 18:55:04.141 UTC: 	 UNIQUE NAME: tarUUID 92f3847b-8926-4edd-ad2d-cdad914e9768 
DEBUG 2019-11-16 18:55:04.141 UTC: 	 self.config: from WMCore.Configuration import Configuration
config = Configuration()
config.section_('General')
config.General.workArea = 'CrabMC_20191116'
config.General.transferOutputs = True
config.General.transferLogs = False
config.General.requestName = 'ExLepMuMuZ_M750_MC_20191116'
config.section_('JobType')
config.JobType.psetName = '20191116/config/ExLepMuMuZ_M750_MC_20191116_cfg.py'
config.JobType.pluginName = 'Analysis'
config.JobType.inputFiles = ['../../ExLep2017Tree/Selection/test/Fall17_V3_MC_PtResolution_AK8PF.txt', '../../ExLep2017Tree/Selection/test/Fall17_V3_MC_SF_AK8PF.txt']
config.JobType.allowUndistributedCMSSW = True
config.JobType.maxMemoryMB = 2000
config.section_('Data')
config.Data.inputDataset = '/ExcitedLepton_MuMuZ-750_TuneCP5_13TeV-pythia8/RunIIFall17MiniAODv2-PU2017_12Apr2018_94X_mc2017_realistic_v14-v1/MINIAODSIM'
config.Data.allowNonValidInputDataset = True
config.Data.unitsPerJob = 10
config.Data.inputDBS = 'global'
config.Data.splitting = 'FileBased'
config.Data.outputDatasetTag = 'ExLepMuMuZ_M750_MC_20191116'
config.Data.outLFNDirBase = '/store/user/sthakur/ntuple_for2017MC_20191116/MC_20191116/ExLepMuMuZ_M750_MC_20191116'
config.section_('Site')
config.Site.storageSite = 'T2_IN_TIFR'
config.section_('User')
config.section_('Debug')

DEBUG 2019-11-16 18:55:04.141 UTC: 	 self.config.JobType.psetName: 20191116/config/ExLepMuMuZ_M750_MC_20191116_cfg.py
INFO 2019-11-16 18:55:04.141 UTC: 	 Importing CMSSW configuration 20191116/config/ExLepMuMuZ_M750_MC_20191116_cfg.py
INFO 2019-11-16 18:55:04.505 UTC: 	 Finished importing CMSSW configuration 20191116/config/ExLepMuMuZ_M750_MC_20191116_cfg.py
DEBUG 2019-11-16 18:55:04.506 UTC: 	 Writing CMSSW configuration to /afs/cern.ch/work/s/sthakur/xRavindra/MiniTree2017Data/CMSSW_10_4_0/src/ExLep2017Crab/crab/CrabMC_20191116/crab_ExLepMuMuZ_M750_MC_20191116/inputs/PSet.py
DEBUG 2019-11-16 18:55:04.565 UTC: 	 The following EDM output files will be collected: []
DEBUG 2019-11-16 18:55:04.565 UTC: 	 The following TFile output files will be collected: ['ExLepMuMuZ_M750_MC_20191116_Ntuple.root']
DEBUG 2019-11-16 18:55:04.565 UTC: 	 The following user output files (not listed as PoolOuputModule or TFileService in the CMSSW PSet) will be collected: 
DEBUG 2019-11-16 18:55:04.565 UTC: 	 Loading required information from the environment
DEBUG 2019-11-16 18:55:04.565 UTC: 	 Found CMSSW_10_4_0 for slc7_amd64_gcc700 with base /afs/cern.ch/work/s/sthakur/xRavindra/MiniTree2017Data/CMSSW_10_4_0
DEBUG 2019-11-16 18:55:04.565 UTC: 	 Making tarball in /afs/cern.ch/work/s/sthakur/xRavindra/MiniTree2017Data/CMSSW_10_4_0/src/ExLep2017Crab/crab/CrabMC_20191116/crab_ExLepMuMuZ_M750_MC_20191116/inputs/92f3847b-8926-4edd-ad2d-cdad914e9768default.tgz
DEBUG 2019-11-16 18:55:04.566 UTC: 	 Checking directory /afs/cern.ch/work/s/sthakur/xRavindra/MiniTree2017Data/CMSSW_10_4_0/lib
DEBUG 2019-11-16 18:55:04.566 UTC: 	 Adding directory /afs/cern.ch/work/s/sthakur/xRavindra/MiniTree2017Data/CMSSW_10_4_0/lib to tarball
DEBUG 2019-11-16 18:55:04.583 UTC: 	 Checking directory /afs/cern.ch/work/s/sthakur/xRavindra/MiniTree2017Data/CMSSW_10_4_0/biglib
DEBUG 2019-11-16 18:55:04.583 UTC: 	 Adding directory /afs/cern.ch/work/s/sthakur/xRavindra/MiniTree2017Data/CMSSW_10_4_0/biglib to tarball
DEBUG 2019-11-16 18:55:04.584 UTC: 	 Checking directory /afs/cern.ch/work/s/sthakur/xRavindra/MiniTree2017Data/CMSSW_10_4_0/module
DEBUG 2019-11-16 18:55:04.595 UTC: 	 Adding data directory /afs/cern.ch/work/s/sthakur/xRavindra/MiniTree2017Data/CMSSW_10_4_0/src/ExLep2017Tree/Selection/interface to tarball
DEBUG 2019-11-16 18:55:04.632 UTC: 	 Adding file ../../ExLep2017Tree/Selection/test/Fall17_V3_MC_PtResolution_AK8PF.txt to tarball
DEBUG 2019-11-16 18:55:04.633 UTC: 	 Adding file ../../ExLep2017Tree/Selection/test/Fall17_V3_MC_SF_AK8PF.txt to tarball
DEBUG 2019-11-16 18:55:04.742 UTC: 	 Uploading archive /afs/cern.ch/work/s/sthakur/xRavindra/MiniTree2017Data/CMSSW_10_4_0/src/ExLep2017Crab/crab/CrabMC_20191116/crab_ExLepMuMuZ_M750_MC_20191116/inputs/92f3847b-8926-4edd-ad2d-cdad914e9768default.tgz (239 KB) to the CRAB cache. Using URI https://cmsweb.cern.ch/crabcache
DEBUG 2019-11-16 18:55:05.057 UTC: 	 Loading required information from the environment
DEBUG 2019-11-16 18:55:05.057 UTC: 	 Found CMSSW_10_4_0 for slc7_amd64_gcc700 with base /afs/cern.ch/work/s/sthakur/xRavindra/MiniTree2017Data/CMSSW_10_4_0
DEBUG 2019-11-16 18:55:05.057 UTC: 	 Making tarball in /afs/cern.ch/work/s/sthakur/xRavindra/MiniTree2017Data/CMSSW_10_4_0/src/ExLep2017Crab/crab/CrabMC_20191116/crab_ExLepMuMuZ_M750_MC_20191116/inputs/debugFiles.tgz
DEBUG 2019-11-16 18:55:05.073 UTC: 	 Uploading archive /afs/cern.ch/work/s/sthakur/xRavindra/MiniTree2017Data/CMSSW_10_4_0/src/ExLep2017Crab/crab/CrabMC_20191116/crab_ExLepMuMuZ_M750_MC_20191116/inputs/debugFiles.tgz (2 KB) to the CRAB cache. Using URI https://cmsweb.cern.ch/crabcache
DEBUG 2019-11-16 18:55:05.162 UTC: 	 Result uploading input files: 2928781cb8339c2076deb26b2d70a46677bdbec5eae04419666f77155ca19738.tar.gz 
WARNING 2019-11-16 18:55:05.162 UTC: 	 Warning: The following output files will not be published, as they are not EDM files: ['ExLepMuMuZ_M750_MC_20191116_Ntuple.root']
INFO 2019-11-16 18:55:05.163 UTC: 	 Sending the request to the server at cmsweb.cern.ch
DEBUG 2019-11-16 18:55:05.163 UTC: 	 Submitting {'maxjobruntime': 1250, 'extrajdl': [], 'ignorelocality': 0, 'savelogsflag': 0, 'useparent': 0, 'asyncdest': 'T2_IN_TIFR', 'algoargs': 10, 'cachefilename': '2928781cb8339c2076deb26b2d70a46677bdbec5eae04419666f77155ca19738.tar.gz', 'numcores': 1, 'addoutputfiles': [], 'generator': 'pythia', 'maxmemory': 2000, 'publishdbsurl': 'https://cmsweb.cern.ch/dbs/prod/phys03/DBSWriter', 'priority': 10, 'jobsw': 'CMSSW_10_4_0', 'edmoutfiles': [], 'userfiles': [], 'primarydataset': '', 'inputdata': '/ExcitedLepton_MuMuZ-750_TuneCP5_13TeV-pythia8/RunIIFall17MiniAODv2-PU2017_12Apr2018_94X_mc2017_realistic_v14-v1/MINIAODSIM', 'lfn': '/store/user/sthakur/ntuple_for2017MC_20191116/MC_20191116/ExLepMuMuZ_M750_MC_20191116', 'dryrun': 0, 'workflow': 'crab_ExLepMuMuZ_M750_MC_20191116', 'cacheurl': u'https://cmsweb.cern.ch/crabcache', 'nonprodsw': 1, 'tfileoutfiles': ['ExLepMuMuZ_M750_MC_20191116_Ntuple.root'], 'oneEventMode': 0, 'debugfilename': '4b3a78f357b87d7b0e9c1fdee5fa056fa74f96a22987de4ccbd0bb37c7045c94.tar.gz', 'saveoutput': 1, 'publication': 1, 'jobarch': 'slc7_amd64_gcc700', 'totalunits': 0, 'splitalgo': 'FileBased', 'ignoreglobalblacklist': 0, 'nonvaliddata': 1, 'dbsurl': 'https://cmsweb.cern.ch/dbs/prod/global/DBSReader', 'publishgroupname': 0, 'jobtype': 'Analysis', 'publishname2': 'ExLepMuMuZ_M750_MC_20191116'} 
DEBUG 2019-11-16 18:55:05.163 UTC: 	 Encoded submit request: maxjobruntime=1250&ignorelocality=0&savelogsflag=0&useparent=0&asyncdest=T2_IN_TIFR&algoargs=10&cachefilename=2928781cb8339c2076deb26b2d70a46677bdbec5eae04419666f77155ca19738.tar.gz&numcores=1&generator=pythia&maxmemory=2000&publishdbsurl=https%3A%2F%2Fcmsweb.cern.ch%2Fdbs%2Fprod%2Fphys03%2FDBSWriter&priority=10&jobsw=CMSSW_10_4_0&primarydataset=&inputdata=%2FExcitedLepton_MuMuZ-750_TuneCP5_13TeV-pythia8%2FRunIIFall17MiniAODv2-PU2017_12Apr2018_94X_mc2017_realistic_v14-v1%2FMINIAODSIM&lfn=%2Fstore%2Fuser%2Fsthakur%2Fntuple_for2017MC_20191116%2FMC_20191116%2FExLepMuMuZ_M750_MC_20191116&dryrun=0&workflow=crab_ExLepMuMuZ_M750_MC_20191116&cacheurl=https%3A%2F%2Fcmsweb.cern.ch%2Fcrabcache&nonprodsw=1&oneEventMode=0&debugfilename=4b3a78f357b87d7b0e9c1fdee5fa056fa74f96a22987de4ccbd0bb37c7045c94.tar.gz&saveoutput=1&publication=1&jobarch=slc7_amd64_gcc700&totalunits=0&splitalgo=FileBased&ignoreglobalblacklist=0&nonvaliddata=1&dbsurl=https%3A%2F%2Fcmsweb.cern.ch%2Fdbs%2Fprod%2Fglobal%2FDBSReader&publishgroupname=0&jobtype=Analysis&publishname2=ExLepMuMuZ_M750_MC_20191116&tfileoutfiles=ExLepMuMuZ_M750_MC_20191116_Ntuple.root
DEBUG 2019-11-16 18:55:05.240 UTC: 	 Result: {u'result': [{u'RequestName': u'191116_185505:sthakur_crab_ExLepMuMuZ_M750_MC_20191116'}]}
INFO 2019-11-16 18:55:05.243 UTC: 	 Success: Your task has been delivered to the prod CRAB3 server.
INFO 2019-11-16 18:55:05.243 UTC: 	 Task name: 191116_185505:sthakur_crab_ExLepMuMuZ_M750_MC_20191116
INFO 2019-11-16 18:55:05.243 UTC: 	 Project dir: CrabMC_20191116/crab_ExLepMuMuZ_M750_MC_20191116
INFO 2019-11-16 18:55:05.243 UTC: 	 Please use 'crab status -d CrabMC_20191116/crab_ExLepMuMuZ_M750_MC_20191116' to check how the submission process proceeds.
DEBUG 2019-11-16 18:55:05.244 UTC: 	 About to return
DEBUG 2019-11-16 18:59:57.057 UTC: 	 Running on: Linux lxplus745.cern.ch 3.10.0-1062.4.1.el7.x86_64 #1 SMP Fri Oct 18 17:15:30 UTC 2019 x86_64 x86_64 x86_64 GNU/Linux - CentOS Linux 7 (Core)
DEBUG 2019-11-16 18:59:57.075 UTC: 	 OpenSSl version: OpenSSL 1.0.2k-fips  26 Jan 2017 (Library: OpenSSL 1.0.2d-fips 9 Jul 2015)
DEBUG 2019-11-16 18:59:57.076 UTC: 	 Executing command: 'status'
DEBUG 2019-11-16 18:59:57.076 UTC: 	 Found CRAB cache file /afs/cern.ch/user/s/sthakur/.crab3
DEBUG 2019-11-16 18:59:57.084 UTC: 	 Checking credentials
DEBUG 2019-11-16 18:59:57.084 UTC: 	 Found proxy file /tmp/x509up_u77410
DEBUG 2019-11-16 18:59:57.084 UTC: 	 Getting proxy life time left
DEBUG 2019-11-16 18:59:57.789 UTC: 	 Executing : 
 command : voms-proxy-info -file /tmp/x509up_u77410 -timeleft
 output : 39701

 error: 
 retcode : 0
DEBUG 2019-11-16 18:59:58.596 UTC: 	 Executing : 
 command : voms-proxy-info -file /tmp/x509up_u77410 -actimeleft
 output : 39700

 error: 
 retcode : 0
DEBUG 2019-11-16 18:59:58.596 UTC: 	 Proxy lifetime 39701 secs is different from voms extension lifetime 39700 secs for proxy: /tmp/x509up_u77410
DEBUG 2019-11-16 18:59:58.596 UTC: 	 Proxy valid for 11:01:40 hours
DEBUG 2019-11-16 18:59:58.922 UTC: 	 Executing : 
 command : openssl x509 -in ~/.globus/usercert.pem -subject -noout
 output : subject= /DC=ch/DC=cern/OU=Organic Units/OU=Users/CN=sthakur/CN=764789/CN=Shalini Thakur

 error: 
 retcode : 0
DEBUG 2019-11-16 18:59:58.923 UTC: 	 Checking credentials
DEBUG 2019-11-16 18:59:58.923 UTC: 	 Found proxy file /tmp/x509up_u77410
DEBUG 2019-11-16 18:59:58.923 UTC: 	 Getting proxy life time left
DEBUG 2019-11-16 18:59:59.629 UTC: 	 Executing : 
 command : voms-proxy-info -file /tmp/x509up_u77410 -timeleft
 output : 39699

 error: 
 retcode : 0
DEBUG 2019-11-16 19:00:00.339 UTC: 	 Executing : 
 command : voms-proxy-info -file /tmp/x509up_u77410 -actimeleft
 output : 39698

 error: 
 retcode : 0
DEBUG 2019-11-16 19:00:00.339 UTC: 	 Proxy lifetime 39699 secs is different from voms extension lifetime 39698 secs for proxy: /tmp/x509up_u77410
DEBUG 2019-11-16 19:00:00.339 UTC: 	 Proxy valid for 11:01:38 hours
DEBUG 2019-11-16 19:00:00.421 UTC: 	 Registering user credentials for server /DC=ch/DC=cern/OU=computers/CN=vocms(052|058|030|0118|0105|0109).cern.ch|/DC=ch/DC=cern/OU=computers/CN=crab-(preprod|prod)-tw(02|01).cern.ch
DEBUG 2019-11-16 19:00:00.533 UTC: 	 Executing : 
 command : openssl x509 -in ~/.globus/usercert.pem -subject -noout
 output : subject= /DC=ch/DC=cern/OU=Organic Units/OU=Users/CN=sthakur/CN=764789/CN=Shalini Thakur

 error: 
 retcode : 0
DEBUG 2019-11-16 19:00:00.534 UTC: 	 Getting myproxy life time left for myproxy.cern.ch
DEBUG 2019-11-16 19:00:00.534 UTC: 	 Calculating hash of /DC=ch/DC=cern/OU=Organic Units/OU=Users/CN=sthakur/CN=764789/CN=Shalini Thakur_cmsweb.cern.ch for credential name
DEBUG 2019-11-16 19:00:00.738 UTC: 	 Executing : 
 command : myproxy-info -l 9cd94953387eeee7bf4da2b7588630639ea1153b -s myproxy.cern.ch
 output : username: 9cd94953387eeee7bf4da2b7588630639ea1153b
owner: /DC=ch/DC=cern/OU=Organic Units/OU=Users/CN=sthakur/CN=764789/CN=Shalini Thakur
  renewal policy: /DC=ch/DC=cern/OU=computers/CN=vocms(052|058|030|0118|0105|0109).cern.ch|/DC=ch/DC=cern/OU=computers/CN=crab-(preprod|prod)-tw(02|01).cern.ch
  trusted retrieval policy: /DC=ch/DC=cern/OU=computers/CN=vocms(052|058|030|0118|0105|0109).cern.ch|/DC=ch/DC=cern/OU=computers/CN=crab-(preprod|prod)-tw(02|01).cern.ch
  timeleft: 590:33:19  (24.6 days)

 error: 
 retcode : 0
DEBUG 2019-11-16 19:00:00.739 UTC: 	 Myproxy is valid: 2125999
DEBUG 2019-11-16 19:00:00.740 UTC: 	 Command use: status
DEBUG 2019-11-16 19:00:00.740 UTC: 	 Options use: ['--verboseErrors', 'CrabMC_20191116/crab_ExLepMuMuZ_M750_MC_20191116']
DEBUG 2019-11-16 19:00:00.826 UTC: 	 CRABClient version: 3.3.1911.patch1
DEBUG 2019-11-16 19:00:00.827 UTC: 	 Instance is prod
DEBUG 2019-11-16 19:00:00.827 UTC: 	 Server base url is cmsweb.cern.ch
DEBUG 2019-11-16 19:00:00.827 UTC: 	 Command url /crabserver/prod/workflow
DEBUG 2019-11-16 19:00:00.962 UTC: 	 Got information from server oracle database: {u'result': [u'191116_185505:sthakur_crab_ExLepMuMuZ_M750_MC_20191116', u'None', u'None', u'SUBMITTED', u'SUBMIT', u'2019-11-16 18:55:05.233626', u'None', u'2019-11-16 18:55:45.358838', u'None', u'CMSSW_10_4_0', u'slc7_amd64_gcc700', u'/ExcitedLepton_MuMuZ-750_TuneCP5_13TeV-pythia8/RunIIFall17MiniAODv2-PU2017_12Apr2018_94X_mc2017_realistic_v14-v1/MINIAODSIM', u'T', u'0', u'[]', u'[]', u'FileBased', u"{'splitOnRun': False, 'halt_job_on_file_boundaries': False, 'files_per_job': 10, 'runs': [], 'lumis': []}", u'2928781cb8339c2076deb26b2d70a46677bdbec5eae04419666f77155ca19738.tar.gz', u'https://cmsweb.cern.ch/crabcache', u'sthakur', u'/DC=ch/DC=cern/OU=Organic Units/OU=Users/CN=sthakur/CN=764789/CN=Shalini Thakur', u'cms', u'None', u'None', u'ExLepMuMuZ_M750_MC_20191116-00000000000000000000000000000000', u'F', u'T2_IN_TIFR', u'https://cmsweb.cern.ch/dbs/prod/global/DBSReader', u'https://cmsweb.cern.ch/dbs/prod/phys03/DBSWriter', u'T', u'[]', u"['ExLepMuMuZ_M750_MC_20191116_Ntuple.root']", u'[]', u'Analysis', u'pythia', u'None', u'{}', u'[]', u'F', u'crab-prod-tw01', u'[]', u'1250', u'1', u'2000', u'10', u'None', u'[]', u'http://vocms0107.cern.ch/mon/cms251/191116_185505:sthakur_crab_ExLepMuMuZ_M750_MC_20191116', u'None', u'[]', u'[]', u'https://cmsweb.cern.ch/crabserver/prod', u'cmsgwms-collector-global.cern.ch:9620,cmssrv623.fnal.gov:9620', u'crab3@vocms0107.cern.ch', u'F', u'[]', u'T', u'/store/user/sthakur/ntuple_for2017MC_20191116/MC_20191116/ExLepMuMuZ_M750_MC_20191116', u'F', u'None', u'F', u'None', u'ExcitedLepton_MuMuZ-750_TuneCP5_13TeV-pythia8', u'None', u'4b3a78f357b87d7b0e9c1fdee5fa056fa74f96a22987de4ccbd0bb37c7045c94.tar.gz', u'47440241', u'filetransfers', u'F', u'2001:1458:d00:13::2e5', u'0.0', u'None'], u'desc': {u'columns': [u'tm_taskname', u'tm_activity', u'panda_jobset_id', u'tm_task_status', u'tm_task_command', u'tm_start_time', u'tm_start_injection', u'tm_end_injection', u'tm_task_failure', u'tm_job_sw', u'tm_job_arch', u'tm_input_dataset', u'tm_nonvalid_input_dataset', u'tm_use_parent', u'tm_site_whitelist', u'tm_site_blacklist', u'tm_split_algo', u'tm_split_args', u'tm_user_sandbox', u'tm_cache_url', u'tm_username', u'tm_user_dn', u'tm_user_vo', u'tm_user_role', u'tm_user_group', u'tm_publish_name', u'tm_publish_groupname', u'tm_asyncdest', u'tm_dbs_url', u'tm_publish_dbs_url', u'tm_publication', u'tm_outfiles', u'tm_tfile_outfiles', u'tm_edm_outfiles', u'tm_job_type', u'tm_generator', u'tm_events_per_lumi', u'tm_arguments', u'panda_resubmitted_jobs', u'tm_save_logs', u'tw_name', u'tm_user_infiles', u'tm_maxjobruntime', u'tm_numcores', u'tm_maxmemory', u'tm_priority', u'tm_output_dataset', u'tm_task_warnings', u'tm_user_webdir', u'tm_scriptexe', u'tm_scriptargs', u'tm_extrajdl', u'tm_asourl', u'tm_collector', u'tm_schedd', u'tm_dry_run', u'tm_user_files', u'tm_transfer_outputs', u'tm_output_lfn', u'tm_ignore_locality', u'tm_fail_limit', u'tm_one_event_mode', u'tm_secondary_input_dataset', u'tm_primary_dataset', u'tm_last_publication', u'tm_debug_files', u'clusterid', u'tm_asodb', u'tm_ignore_global_blacklist', u'tm_submitter_ip_addr', u'tm_totalunits', u'tm_ddm_reqid']}}
INFO 2019-11-16 19:00:00.963 UTC: 	 CRAB project directory:		/afs/cern.ch/work/s/sthakur/xRavindra/MiniTree2017Data/CMSSW_10_4_0/src/ExLep2017Crab/crab/CrabMC_20191116/crab_ExLepMuMuZ_M750_MC_20191116
INFO 2019-11-16 19:00:00.963 UTC: 	 Task name:			191116_185505:sthakur_crab_ExLepMuMuZ_M750_MC_20191116
INFO 2019-11-16 19:00:00.963 UTC: 	 Grid scheduler - Task Worker:	crab3@vocms0107.cern.ch - crab-prod-tw01
INFO 2019-11-16 19:00:00.963 UTC: 	 Status on the CRAB server:	SUBMITTED
INFO 2019-11-16 19:00:00.963 UTC: 	 Task URL to use for HELP:	https://cmsweb.cern.ch/crabserver/ui/task/191116_185505%3Asthakur_crab_ExLepMuMuZ_M750_MC_20191116
INFO 2019-11-16 19:00:00.963 UTC: 	 Dashboard monitoring URL:	https://monit-grafana.cern.ch/d/cmsTMDetail/cms-task-monitoring-task-view?orgId=11&var-user=sthakur&var-task=191116_185505%3Asthakur_crab_ExLepMuMuZ_M750_MC_20191116
INFO 2019-11-16 19:00:00.963 UTC: 	 In case of issues with the dashboard, please provide feedback to hn-cms-computing-tools@cern.ch
DEBUG 2019-11-16 19:00:00.963 UTC: 	 The CRAB server submitted your task to the Grid scheduler (cluster ID: 47440241)
DEBUG 2019-11-16 19:00:00.963 UTC: 	 Webdir is located at http://vocms0107.cern.ch/mon/cms251/191116_185505:sthakur_crab_ExLepMuMuZ_M750_MC_20191116
DEBUG 2019-11-16 19:00:01.097 UTC: 	 Proxied webdir is located at https://cmsweb.cern.ch/scheddmon/0107/cms251/191116_185505:sthakur_crab_ExLepMuMuZ_M750_MC_20191116
DEBUG 2019-11-16 19:00:01.097 UTC: 	 Retrieving 'status_cache' file from https://cmsweb.cern.ch/scheddmon/0107/cms251/191116_185505:sthakur_crab_ExLepMuMuZ_M750_MC_20191116/status_cache
DEBUG 2019-11-16 19:00:01.150 UTC: 	 Got information from status cache file: {'1': {'Retries': 0, 'WallDurations': [0], 'StartTimes': [], 'SubmitTimes': [1573930560.0], 'JobIds': ['47440249.0'], 'EndTimes': [], 'Restarts': 0, 'RecordedSite': False, 'State': 'idle', 'ResidentSetSize': [0], 'TotalUserCpuTimeHistory': [0.0], 'SiteHistory': ['Unknown'], 'TotalSysCpuTimeHistory': [0.0]}, '2': {'Retries': 0, 'WallDurations': [0], 'StartTimes': [], 'SubmitTimes': [1573930560.0], 'JobIds': ['47440250.0'], 'EndTimes': [], 'Restarts': 0, 'RecordedSite': False, 'State': 'idle', 'ResidentSetSize': [0], 'TotalUserCpuTimeHistory': [0.0], 'SiteHistory': ['Unknown'], 'TotalSysCpuTimeHistory': [0.0]}}
INFO 2019-11-16 19:00:01.150 UTC: 	 Status on the scheduler:	SUBMITTED
INFO 2019-11-16 19:00:01.150 UTC: 	 
Jobs status:                    idle         		100.0% (2/2)
INFO 2019-11-16 19:00:01.150 UTC: 	 
No publication information available yet
INFO 2019-11-16 19:00:01.158 UTC: 	 Log file is /afs/cern.ch/work/s/sthakur/xRavindra/MiniTree2017Data/CMSSW_10_4_0/src/ExLep2017Crab/crab/CrabMC_20191116/crab_ExLepMuMuZ_M750_MC_20191116/crab.log
DEBUG 2019-11-17 16:05:55.025 UTC: 	 Running on: Linux lxplus744.cern.ch 3.10.0-1062.4.1.el7.x86_64 #1 SMP Fri Oct 18 17:15:30 UTC 2019 x86_64 x86_64 x86_64 GNU/Linux - CentOS Linux 7 (Core)
DEBUG 2019-11-17 16:05:55.038 UTC: 	 OpenSSl version: OpenSSL 1.0.2k-fips  26 Jan 2017 (Library: OpenSSL 1.0.2d-fips 9 Jul 2015)
DEBUG 2019-11-17 16:05:55.038 UTC: 	 Executing command: 'status'
DEBUG 2019-11-17 16:05:55.039 UTC: 	 Found CRAB cache file /afs/cern.ch/user/s/sthakur/.crab3
DEBUG 2019-11-17 16:05:55.059 UTC: 	 Checking credentials
DEBUG 2019-11-17 16:05:55.059 UTC: 	 Found proxy file /tmp/x509up_u77410
DEBUG 2019-11-17 16:05:55.059 UTC: 	 Getting proxy life time left
DEBUG 2019-11-17 16:05:55.663 UTC: 	 Executing : 
 command : voms-proxy-info -file /tmp/x509up_u77410 -timeleft
 output : 43076

 error: 
 retcode : 0
DEBUG 2019-11-17 16:05:56.269 UTC: 	 Executing : 
 command : voms-proxy-info -file /tmp/x509up_u77410 -actimeleft
 output : 43075

 error: 
 retcode : 0
DEBUG 2019-11-17 16:05:56.269 UTC: 	 Proxy lifetime 43076 secs is different from voms extension lifetime 43075 secs for proxy: /tmp/x509up_u77410
DEBUG 2019-11-17 16:05:56.269 UTC: 	 Proxy valid for 11:57:55 hours
DEBUG 2019-11-17 16:05:56.467 UTC: 	 Executing : 
 command : openssl x509 -in ~/.globus/usercert.pem -subject -noout
 output : subject= /DC=ch/DC=cern/OU=Organic Units/OU=Users/CN=sthakur/CN=764789/CN=Shalini Thakur

 error: 
 retcode : 0
DEBUG 2019-11-17 16:05:56.467 UTC: 	 Checking credentials
DEBUG 2019-11-17 16:05:56.467 UTC: 	 Found proxy file /tmp/x509up_u77410
DEBUG 2019-11-17 16:05:56.468 UTC: 	 Getting proxy life time left
DEBUG 2019-11-17 16:05:57.072 UTC: 	 Executing : 
 command : voms-proxy-info -file /tmp/x509up_u77410 -timeleft
 output : 43074

 error: 
 retcode : 0
DEBUG 2019-11-17 16:05:57.677 UTC: 	 Executing : 
 command : voms-proxy-info -file /tmp/x509up_u77410 -actimeleft
 output : 43074

 error: 
 retcode : 0
DEBUG 2019-11-17 16:05:57.677 UTC: 	 Proxy valid for 11:57:54 hours
DEBUG 2019-11-17 16:05:57.750 UTC: 	 Registering user credentials for server /DC=ch/DC=cern/OU=computers/CN=vocms(052|058|030|0118|0105|0109).cern.ch|/DC=ch/DC=cern/OU=computers/CN=crab-(preprod|prod)-tw(02|01).cern.ch
DEBUG 2019-11-17 16:05:57.859 UTC: 	 Executing : 
 command : openssl x509 -in ~/.globus/usercert.pem -subject -noout
 output : subject= /DC=ch/DC=cern/OU=Organic Units/OU=Users/CN=sthakur/CN=764789/CN=Shalini Thakur

 error: 
 retcode : 0
DEBUG 2019-11-17 16:05:57.859 UTC: 	 Getting myproxy life time left for myproxy.cern.ch
DEBUG 2019-11-17 16:05:57.859 UTC: 	 Calculating hash of /DC=ch/DC=cern/OU=Organic Units/OU=Users/CN=sthakur/CN=764789/CN=Shalini Thakur_cmsweb.cern.ch for credential name
DEBUG 2019-11-17 16:05:58.063 UTC: 	 Executing : 
 command : myproxy-info -l 9cd94953387eeee7bf4da2b7588630639ea1153b -s myproxy.cern.ch
 output : username: 9cd94953387eeee7bf4da2b7588630639ea1153b
owner: /DC=ch/DC=cern/OU=Organic Units/OU=Users/CN=sthakur/CN=764789/CN=Shalini Thakur
  renewal policy: /DC=ch/DC=cern/OU=computers/CN=vocms(052|058|030|0118|0105|0109).cern.ch|/DC=ch/DC=cern/OU=computers/CN=crab-(preprod|prod)-tw(02|01).cern.ch
  trusted retrieval policy: /DC=ch/DC=cern/OU=computers/CN=vocms(052|058|030|0118|0105|0109).cern.ch|/DC=ch/DC=cern/OU=computers/CN=crab-(preprod|prod)-tw(02|01).cern.ch
  timeleft: 569:27:22  (23.7 days)

 error: 
 retcode : 0
DEBUG 2019-11-17 16:05:58.064 UTC: 	 Myproxy is valid: 2050042
DEBUG 2019-11-17 16:05:58.064 UTC: 	 Command use: status
DEBUG 2019-11-17 16:05:58.065 UTC: 	 Options use: ['--verboseErrors', 'CrabMC_20191116/crab_ExLepMuMuZ_M750_MC_20191116']
DEBUG 2019-11-17 16:05:58.219 UTC: 	 CRABClient version: 3.3.1911.patch1
DEBUG 2019-11-17 16:05:58.219 UTC: 	 Instance is prod
DEBUG 2019-11-17 16:05:58.220 UTC: 	 Server base url is cmsweb.cern.ch
DEBUG 2019-11-17 16:05:58.220 UTC: 	 Command url /crabserver/prod/workflow
DEBUG 2019-11-17 16:05:58.305 UTC: 	 Got information from server oracle database: {u'result': [u'191116_185505:sthakur_crab_ExLepMuMuZ_M750_MC_20191116', u'None', u'None', u'SUBMITTED', u'SUBMIT', u'2019-11-16 18:55:05.233626', u'None', u'2019-11-16 18:55:45.358838', u'None', u'CMSSW_10_4_0', u'slc7_amd64_gcc700', u'/ExcitedLepton_MuMuZ-750_TuneCP5_13TeV-pythia8/RunIIFall17MiniAODv2-PU2017_12Apr2018_94X_mc2017_realistic_v14-v1/MINIAODSIM', u'T', u'0', u'[]', u'[]', u'FileBased', u"{'splitOnRun': False, 'halt_job_on_file_boundaries': False, 'files_per_job': 10, 'runs': [], 'lumis': []}", u'2928781cb8339c2076deb26b2d70a46677bdbec5eae04419666f77155ca19738.tar.gz', u'https://cmsweb.cern.ch/crabcache', u'sthakur', u'/DC=ch/DC=cern/OU=Organic Units/OU=Users/CN=sthakur/CN=764789/CN=Shalini Thakur', u'cms', u'None', u'None', u'ExLepMuMuZ_M750_MC_20191116-00000000000000000000000000000000', u'F', u'T2_IN_TIFR', u'https://cmsweb.cern.ch/dbs/prod/global/DBSReader', u'https://cmsweb.cern.ch/dbs/prod/phys03/DBSWriter', u'T', u'[]', u"['ExLepMuMuZ_M750_MC_20191116_Ntuple.root']", u'[]', u'Analysis', u'pythia', u'None', u'{}', u'[]', u'F', u'crab-prod-tw01', u'[]', u'1250', u'1', u'2000', u'10', u'None', u'[]', u'http://vocms0107.cern.ch/mon/cms251/191116_185505:sthakur_crab_ExLepMuMuZ_M750_MC_20191116', u'None', u'[]', u'[]', u'https://cmsweb.cern.ch/crabserver/prod', u'cmsgwms-collector-global.cern.ch:9620,cmssrv623.fnal.gov:9620', u'crab3@vocms0107.cern.ch', u'F', u'[]', u'T', u'/store/user/sthakur/ntuple_for2017MC_20191116/MC_20191116/ExLepMuMuZ_M750_MC_20191116', u'F', u'None', u'F', u'None', u'ExcitedLepton_MuMuZ-750_TuneCP5_13TeV-pythia8', u'None', u'4b3a78f357b87d7b0e9c1fdee5fa056fa74f96a22987de4ccbd0bb37c7045c94.tar.gz', u'47440241', u'filetransfers', u'F', u'2001:1458:d00:13::2e5', u'0.0', u'None'], u'desc': {u'columns': [u'tm_taskname', u'tm_activity', u'panda_jobset_id', u'tm_task_status', u'tm_task_command', u'tm_start_time', u'tm_start_injection', u'tm_end_injection', u'tm_task_failure', u'tm_job_sw', u'tm_job_arch', u'tm_input_dataset', u'tm_nonvalid_input_dataset', u'tm_use_parent', u'tm_site_whitelist', u'tm_site_blacklist', u'tm_split_algo', u'tm_split_args', u'tm_user_sandbox', u'tm_cache_url', u'tm_username', u'tm_user_dn', u'tm_user_vo', u'tm_user_role', u'tm_user_group', u'tm_publish_name', u'tm_publish_groupname', u'tm_asyncdest', u'tm_dbs_url', u'tm_publish_dbs_url', u'tm_publication', u'tm_outfiles', u'tm_tfile_outfiles', u'tm_edm_outfiles', u'tm_job_type', u'tm_generator', u'tm_events_per_lumi', u'tm_arguments', u'panda_resubmitted_jobs', u'tm_save_logs', u'tw_name', u'tm_user_infiles', u'tm_maxjobruntime', u'tm_numcores', u'tm_maxmemory', u'tm_priority', u'tm_output_dataset', u'tm_task_warnings', u'tm_user_webdir', u'tm_scriptexe', u'tm_scriptargs', u'tm_extrajdl', u'tm_asourl', u'tm_collector', u'tm_schedd', u'tm_dry_run', u'tm_user_files', u'tm_transfer_outputs', u'tm_output_lfn', u'tm_ignore_locality', u'tm_fail_limit', u'tm_one_event_mode', u'tm_secondary_input_dataset', u'tm_primary_dataset', u'tm_last_publication', u'tm_debug_files', u'clusterid', u'tm_asodb', u'tm_ignore_global_blacklist', u'tm_submitter_ip_addr', u'tm_totalunits', u'tm_ddm_reqid']}}
INFO 2019-11-17 16:05:58.305 UTC: 	 CRAB project directory:		/afs/cern.ch/work/s/sthakur/xRavindra/MiniTree2017Data/CMSSW_10_4_0/src/ExLep2017Crab/crab/CrabMC_20191116/crab_ExLepMuMuZ_M750_MC_20191116
INFO 2019-11-17 16:05:58.305 UTC: 	 Task name:			191116_185505:sthakur_crab_ExLepMuMuZ_M750_MC_20191116
INFO 2019-11-17 16:05:58.305 UTC: 	 Grid scheduler - Task Worker:	crab3@vocms0107.cern.ch - crab-prod-tw01
INFO 2019-11-17 16:05:58.305 UTC: 	 Status on the CRAB server:	SUBMITTED
INFO 2019-11-17 16:05:58.305 UTC: 	 Task URL to use for HELP:	https://cmsweb.cern.ch/crabserver/ui/task/191116_185505%3Asthakur_crab_ExLepMuMuZ_M750_MC_20191116
INFO 2019-11-17 16:05:58.305 UTC: 	 Dashboard monitoring URL:	https://monit-grafana.cern.ch/d/cmsTMDetail/cms-task-monitoring-task-view?orgId=11&var-user=sthakur&var-task=191116_185505%3Asthakur_crab_ExLepMuMuZ_M750_MC_20191116
INFO 2019-11-17 16:05:58.305 UTC: 	 In case of issues with the dashboard, please provide feedback to hn-cms-computing-tools@cern.ch
DEBUG 2019-11-17 16:05:58.306 UTC: 	 The CRAB server submitted your task to the Grid scheduler (cluster ID: 47440241)
DEBUG 2019-11-17 16:05:58.306 UTC: 	 Webdir is located at http://vocms0107.cern.ch/mon/cms251/191116_185505:sthakur_crab_ExLepMuMuZ_M750_MC_20191116
DEBUG 2019-11-17 16:05:58.386 UTC: 	 Proxied webdir is located at https://cmsweb.cern.ch/scheddmon/0107/cms251/191116_185505:sthakur_crab_ExLepMuMuZ_M750_MC_20191116
DEBUG 2019-11-17 16:05:58.386 UTC: 	 Retrieving 'status_cache' file from https://cmsweb.cern.ch/scheddmon/0107/cms251/191116_185505:sthakur_crab_ExLepMuMuZ_M750_MC_20191116/status_cache
DEBUG 2019-11-17 16:05:58.467 UTC: 	 Got information from status cache file: {'1': {'Retries': 0, 'WallDurations': [9.0, 1866.0], 'StartTimes': [1573930788.0], 'SubmitTimes': [1573930560.0], 'JobIds': ['47440249.0'], 'EndTimes': [1573932654.0], 'Restarts': 0, 'RecordedSite': True, 'State': 'finished', 'ResidentSetSize': [813176], 'TotalUserCpuTimeHistory': [1526], 'SiteHistory': ['Unknown', 'T1_US_FNAL'], 'TotalSysCpuTimeHistory': [45]}, '2': {'Retries': 0, 'WallDurations': [10.0, 168.0], 'StartTimes': [1573930788.0], 'SubmitTimes': [1573930560.0], 'JobIds': ['47440250.0'], 'EndTimes': [1573930956.0], 'Restarts': 0, 'RecordedSite': True, 'State': 'finished', 'ResidentSetSize': [46844], 'TotalUserCpuTimeHistory': [25], 'SiteHistory': ['Unknown', 'T1_US_FNAL'], 'TotalSysCpuTimeHistory': [1]}}
INFO 2019-11-17 16:05:58.467 UTC: 	 Status on the scheduler:	COMPLETED
INFO 2019-11-17 16:05:58.467 UTC: 	 
Jobs status:                    finished     		100.0% (2/2)
INFO 2019-11-17 16:05:58.533 UTC: 	 
No publication information available yet
INFO 2019-11-17 16:05:58.533 UTC: 	 
Warning: the max jobs runtime is less than 30% of the task requested value (1250 min), please consider to request a lower value for failed jobs (allowed through crab resubmit) and/or improve the jobs splitting (e.g. config.Data.splitting = 'Automatic') in a new task.
INFO 2019-11-17 16:05:58.533 UTC: 	 
Summary of run jobs:
 * Memory: 45MB min, 794MB max, 420MB ave
 * Runtime: 0:02:48 min, 0:31:06 max, 0:16:57 ave
 * CPU eff: 15% min, 84% max, 79% ave
 * Waste: 0:00:19 (1% of total)

INFO 2019-11-17 16:05:58.555 UTC: 	 Log file is /afs/cern.ch/work/s/sthakur/xRavindra/MiniTree2017Data/CMSSW_10_4_0/src/ExLep2017Crab/crab/CrabMC_20191116/crab_ExLepMuMuZ_M750_MC_20191116/crab.log
