DEBUG 2019-11-01 12:17:35.811 UTC: 	 Running on: Linux lxplus707.cern.ch 3.10.0-1062.1.2.el7.x86_64 #1 SMP Mon Sep 30 14:19:46 UTC 2019 x86_64 x86_64 x86_64 GNU/Linux
Description:	CentOS Linux release 7.7.1908 (Core) 

DEBUG 2019-11-01 12:17:35.811 UTC: 	 Executing command: 'submit'
DEBUG 2019-11-01 12:17:35.819 UTC: 	 Found CRAB cache file /afs/cern.ch/user/s/sthakur/.crab3
DEBUG 2019-11-01 12:17:35.826 UTC: 	 Checking credentials
DEBUG 2019-11-01 12:17:35.826 UTC: 	 Found proxy file /tmp/x509up_u77410
DEBUG 2019-11-01 12:17:35.826 UTC: 	 Getting proxy life time left
DEBUG 2019-11-01 12:17:36.635 UTC: 	 Executing : 
 command : voms-proxy-info -file /tmp/x509up_u77410 -timeleft
 output : 42742

 error: 
 retcode : 0
DEBUG 2019-11-01 12:17:37.341 UTC: 	 Executing : 
 command : voms-proxy-info -file /tmp/x509up_u77410 -actimeleft
 output : 42741

 error: 
 retcode : 0
DEBUG 2019-11-01 12:17:37.341 UTC: 	 Proxy lifetime 42742 secs is different from voms extension lifetime 42741 secs for proxy: /tmp/x509up_u77410
DEBUG 2019-11-01 12:17:37.341 UTC: 	 Proxy valid for 11:52:21 hours
DEBUG 2019-11-01 12:17:37.342 UTC: 	 Will use CRAB Analysis plugin (i.e. will run an analysis job type).
DEBUG 2019-11-01 12:17:37.466 UTC: 	 Executing : 
 command : openssl x509 -in ~/.globus/usercert.pem -subject -noout
 output : subject= /DC=ch/DC=cern/OU=Organic Units/OU=Users/CN=sthakur/CN=764789/CN=Shalini Thakur

 error: 
 retcode : 0
DEBUG 2019-11-01 12:17:37.467 UTC: 	 Checking credentials
DEBUG 2019-11-01 12:17:37.467 UTC: 	 Found proxy file /tmp/x509up_u77410
DEBUG 2019-11-01 12:17:37.467 UTC: 	 Getting proxy life time left
DEBUG 2019-11-01 12:17:38.172 UTC: 	 Executing : 
 command : voms-proxy-info -file /tmp/x509up_u77410 -timeleft
 output : 42740

 error: 
 retcode : 0
DEBUG 2019-11-01 12:17:38.878 UTC: 	 Executing : 
 command : voms-proxy-info -file /tmp/x509up_u77410 -actimeleft
 output : 42740

 error: 
 retcode : 0
DEBUG 2019-11-01 12:17:38.878 UTC: 	 Proxy valid for 11:52:20 hours
DEBUG 2019-11-01 12:17:39.584 UTC: 	 Executing : 
 command : env X509_USER_PROXY=/tmp/x509up_u77410 voms-proxy-info -fqan
 output : /cms/Role=NULL/Capability=NULL

 error: 
 retcode : 0
DEBUG 2019-11-01 12:17:39.672 UTC: 	 Registering user credentials for server /DC=ch/DC=cern/OU=computers/CN=vocms(052|058|030|0118|0105|0109).cern.ch|/DC=ch/DC=cern/OU=computers/CN=crab-(preprod|prod)-tw(02|01).cern.ch
DEBUG 2019-11-01 12:17:39.785 UTC: 	 Executing : 
 command : openssl x509 -in ~/.globus/usercert.pem -subject -noout
 output : subject= /DC=ch/DC=cern/OU=Organic Units/OU=Users/CN=sthakur/CN=764789/CN=Shalini Thakur

 error: 
 retcode : 0
DEBUG 2019-11-01 12:17:39.785 UTC: 	 Getting myproxy life time left for myproxy.cern.ch
DEBUG 2019-11-01 12:17:39.785 UTC: 	 Calculating hash of /DC=ch/DC=cern/OU=Organic Units/OU=Users/CN=sthakur/CN=764789/CN=Shalini Thakur_cmsweb.cern.ch for credential name
DEBUG 2019-11-01 12:17:40.492 UTC: 	 Executing : 
 command : myproxy-info -l 9cd94953387eeee7bf4da2b7588630639ea1153b -s myproxy.cern.ch
 output : username: 9cd94953387eeee7bf4da2b7588630639ea1153b
owner: /DC=ch/DC=cern/OU=Organic Units/OU=Users/CN=sthakur/CN=764789/CN=Shalini Thakur
  renewal policy: /DC=ch/DC=cern/OU=computers/CN=vocms(052|058|030|0118|0105|0109).cern.ch|/DC=ch/DC=cern/OU=computers/CN=crab-(preprod|prod)-tw(02|01).cern.ch
  trusted retrieval policy: /DC=ch/DC=cern/OU=computers/CN=vocms(052|058|030|0118|0105|0109).cern.ch|/DC=ch/DC=cern/OU=computers/CN=crab-(preprod|prod)-tw(02|01).cern.ch
  timeleft: 558:20:20  (23.3 days)

 error: 
 retcode : 0
DEBUG 2019-11-01 12:17:40.493 UTC: 	 Myproxy is valid: 2010020
DEBUG 2019-11-01 12:17:40.493 UTC: 	 Command use: submit
DEBUG 2019-11-01 12:17:40.493 UTC: 	 Options use: ['--config', <WMCore.Configuration.Configuration object at 0x7f3151f91f50>]
DEBUG 2019-11-01 12:17:40.608 UTC: 	 CRABClient version: 3.3.1910.patch2
DEBUG 2019-11-01 12:17:40.608 UTC: 	 Instance is prod
DEBUG 2019-11-01 12:17:40.608 UTC: 	 Server base url is cmsweb.cern.ch
DEBUG 2019-11-01 12:17:40.608 UTC: 	 Command url /crabserver/prod/workflow
DEBUG 2019-11-01 12:17:40.608 UTC: 	 Started submission
DEBUG 2019-11-01 12:17:40.608 UTC: 	 Working on /afs/cern.ch/work/s/sthakur/xRavindra/MiniTree2017Data/CMSSW_10_4_0/src/ExLep2017Crab/crab/CrabMC_20191101/crab_ExLepMuMuZ_M5000_MC_20191101
DEBUG 2019-11-01 12:17:40.758 UTC: 	 Loading required information from the environment
DEBUG 2019-11-01 12:17:40.758 UTC: 	 Found CMSSW_10_4_0 for slc7_amd64_gcc700 with base /afs/cern.ch/work/s/sthakur/xRavindra/MiniTree2017Data/CMSSW_10_4_0
DEBUG 2019-11-01 12:17:40.758 UTC: 	 Loading required information from the environment
DEBUG 2019-11-01 12:17:40.758 UTC: 	 Found CMSSW_10_4_0 for slc7_amd64_gcc700 with base /afs/cern.ch/work/s/sthakur/xRavindra/MiniTree2017Data/CMSSW_10_4_0
DEBUG 2019-11-01 12:17:40.774 UTC: 	 UNIQUE NAME: tarUUID 9c60f80b-b5ad-4ab8-9c9a-ba33dd1e83e5 
DEBUG 2019-11-01 12:17:40.775 UTC: 	 self.config: from WMCore.Configuration import Configuration
config = Configuration()
config.section_('General')
config.General.workArea = 'CrabMC_20191101'
config.General.transferOutputs = True
config.General.transferLogs = False
config.General.requestName = 'ExLepMuMuZ_M5000_MC_20191101'
config.section_('JobType')
config.JobType.psetName = '20191101/config/ExLepMuMuZ_M5000_MC_20191101_cfg.py'
config.JobType.pluginName = 'Analysis'
config.JobType.inputFiles = ['../../ExLep2017Tree/Selection/test/Fall17_V3_MC_PtResolution_AK8PF.txt', '../../ExLep2017Tree/Selection/test/Fall17_V3_MC_SF_AK8PF.txt']
config.JobType.allowUndistributedCMSSW = True
config.JobType.maxMemoryMB = 2000
config.section_('Data')
config.Data.inputDataset = '/ExcitedLepton_MuMuZ-5000_TuneCP5_13TeV-pythia8/RunIIFall17MiniAODv2-PU2017_12Apr2018_94X_mc2017_realistic_v14-v1/MINIAODSIM'
config.Data.allowNonValidInputDataset = True
config.Data.unitsPerJob = 10
config.Data.inputDBS = 'global'
config.Data.splitting = 'FileBased'
config.Data.outputDatasetTag = 'ExLepMuMuZ_M5000_MC_20191101'
config.Data.outLFNDirBase = '/store/user/sthakur/ntuple_for2017MC_20191101/MC_20191101/ExLepMuMuZ_M5000_MC_20191101'
config.section_('Site')
config.Site.storageSite = 'T2_IN_TIFR'
config.section_('User')
config.section_('Debug')

DEBUG 2019-11-01 12:17:40.775 UTC: 	 self.config.JobType.psetName: 20191101/config/ExLepMuMuZ_M5000_MC_20191101_cfg.py
INFO 2019-11-01 12:17:40.775 UTC: 	 Importing CMSSW configuration 20191101/config/ExLepMuMuZ_M5000_MC_20191101_cfg.py
INFO 2019-11-01 12:17:41.022 UTC: 	 Finished importing CMSSW configuration 20191101/config/ExLepMuMuZ_M5000_MC_20191101_cfg.py
DEBUG 2019-11-01 12:17:41.022 UTC: 	 Writing CMSSW configuration to /afs/cern.ch/work/s/sthakur/xRavindra/MiniTree2017Data/CMSSW_10_4_0/src/ExLep2017Crab/crab/CrabMC_20191101/crab_ExLepMuMuZ_M5000_MC_20191101/inputs/PSet.py
DEBUG 2019-11-01 12:17:41.070 UTC: 	 The following EDM output files will be collected: []
DEBUG 2019-11-01 12:17:41.070 UTC: 	 The following TFile output files will be collected: ['ExLepMuMuZ_M5000_MC_20191101_Ntuple.root']
DEBUG 2019-11-01 12:17:41.070 UTC: 	 The following user output files (not listed as PoolOuputModule or TFileService in the CMSSW PSet) will be collected: 
DEBUG 2019-11-01 12:17:41.071 UTC: 	 Loading required information from the environment
DEBUG 2019-11-01 12:17:41.071 UTC: 	 Found CMSSW_10_4_0 for slc7_amd64_gcc700 with base /afs/cern.ch/work/s/sthakur/xRavindra/MiniTree2017Data/CMSSW_10_4_0
DEBUG 2019-11-01 12:17:41.071 UTC: 	 Making tarball in /afs/cern.ch/work/s/sthakur/xRavindra/MiniTree2017Data/CMSSW_10_4_0/src/ExLep2017Crab/crab/CrabMC_20191101/crab_ExLepMuMuZ_M5000_MC_20191101/inputs/9c60f80b-b5ad-4ab8-9c9a-ba33dd1e83e5default.tgz
DEBUG 2019-11-01 12:17:41.072 UTC: 	 Checking directory /afs/cern.ch/work/s/sthakur/xRavindra/MiniTree2017Data/CMSSW_10_4_0/lib
DEBUG 2019-11-01 12:17:41.072 UTC: 	 Adding directory /afs/cern.ch/work/s/sthakur/xRavindra/MiniTree2017Data/CMSSW_10_4_0/lib to tarball
DEBUG 2019-11-01 12:17:41.085 UTC: 	 Checking directory /afs/cern.ch/work/s/sthakur/xRavindra/MiniTree2017Data/CMSSW_10_4_0/biglib
DEBUG 2019-11-01 12:17:41.085 UTC: 	 Adding directory /afs/cern.ch/work/s/sthakur/xRavindra/MiniTree2017Data/CMSSW_10_4_0/biglib to tarball
DEBUG 2019-11-01 12:17:41.086 UTC: 	 Checking directory /afs/cern.ch/work/s/sthakur/xRavindra/MiniTree2017Data/CMSSW_10_4_0/module
DEBUG 2019-11-01 12:17:41.094 UTC: 	 Adding data directory /afs/cern.ch/work/s/sthakur/xRavindra/MiniTree2017Data/CMSSW_10_4_0/src/ExLep2017Tree/Selection/interface to tarball
DEBUG 2019-11-01 12:17:41.112 UTC: 	 Adding file ../../ExLep2017Tree/Selection/test/Fall17_V3_MC_PtResolution_AK8PF.txt to tarball
DEBUG 2019-11-01 12:17:41.113 UTC: 	 Adding file ../../ExLep2017Tree/Selection/test/Fall17_V3_MC_SF_AK8PF.txt to tarball
DEBUG 2019-11-01 12:17:41.216 UTC: 	 Uploading archive /afs/cern.ch/work/s/sthakur/xRavindra/MiniTree2017Data/CMSSW_10_4_0/src/ExLep2017Crab/crab/CrabMC_20191101/crab_ExLepMuMuZ_M5000_MC_20191101/inputs/9c60f80b-b5ad-4ab8-9c9a-ba33dd1e83e5default.tgz (239 KB) to the CRAB cache. Using URI https://cmsweb.cern.ch/crabcache
DEBUG 2019-11-01 12:17:41.597 UTC: 	 Loading required information from the environment
DEBUG 2019-11-01 12:17:41.597 UTC: 	 Found CMSSW_10_4_0 for slc7_amd64_gcc700 with base /afs/cern.ch/work/s/sthakur/xRavindra/MiniTree2017Data/CMSSW_10_4_0
DEBUG 2019-11-01 12:17:41.598 UTC: 	 Making tarball in /afs/cern.ch/work/s/sthakur/xRavindra/MiniTree2017Data/CMSSW_10_4_0/src/ExLep2017Crab/crab/CrabMC_20191101/crab_ExLepMuMuZ_M5000_MC_20191101/inputs/debugFiles.tgz
DEBUG 2019-11-01 12:17:41.604 UTC: 	 Uploading archive /afs/cern.ch/work/s/sthakur/xRavindra/MiniTree2017Data/CMSSW_10_4_0/src/ExLep2017Crab/crab/CrabMC_20191101/crab_ExLepMuMuZ_M5000_MC_20191101/inputs/debugFiles.tgz (2 KB) to the CRAB cache. Using URI https://cmsweb.cern.ch/crabcache
DEBUG 2019-11-01 12:17:41.690 UTC: 	 Result uploading input files: e9535b3b7630ae3a52de718c0efd4b067d439ed9979ecd87621746c9798977d6.tar.gz 
WARNING 2019-11-01 12:17:41.690 UTC: 	 Warning: The following output files will not be published, as they are not EDM files: ['ExLepMuMuZ_M5000_MC_20191101_Ntuple.root']
INFO 2019-11-01 12:17:41.690 UTC: 	 Sending the request to the server at cmsweb.cern.ch
DEBUG 2019-11-01 12:17:41.690 UTC: 	 Submitting {'maxjobruntime': 1250, 'extrajdl': [], 'ignorelocality': 0, 'savelogsflag': 0, 'useparent': 0, 'asyncdest': 'T2_IN_TIFR', 'algoargs': 10, 'cachefilename': 'e9535b3b7630ae3a52de718c0efd4b067d439ed9979ecd87621746c9798977d6.tar.gz', 'numcores': 1, 'addoutputfiles': [], 'generator': 'pythia', 'maxmemory': 2000, 'publishdbsurl': 'https://cmsweb.cern.ch/dbs/prod/phys03/DBSWriter', 'priority': 10, 'jobsw': 'CMSSW_10_4_0', 'edmoutfiles': [], 'userfiles': [], 'primarydataset': '', 'inputdata': '/ExcitedLepton_MuMuZ-5000_TuneCP5_13TeV-pythia8/RunIIFall17MiniAODv2-PU2017_12Apr2018_94X_mc2017_realistic_v14-v1/MINIAODSIM', 'lfn': '/store/user/sthakur/ntuple_for2017MC_20191101/MC_20191101/ExLepMuMuZ_M5000_MC_20191101', 'dryrun': 0, 'workflow': 'crab_ExLepMuMuZ_M5000_MC_20191101', 'cacheurl': u'https://cmsweb.cern.ch/crabcache', 'nonprodsw': 1, 'tfileoutfiles': ['ExLepMuMuZ_M5000_MC_20191101_Ntuple.root'], 'oneEventMode': 0, 'debugfilename': '21abb952064d3b80c6c823716f1d0f1196f429cc32d4f4cee739c44d742128bb.tar.gz', 'saveoutput': 1, 'publication': 1, 'jobarch': 'slc7_amd64_gcc700', 'totalunits': 0, 'splitalgo': 'FileBased', 'ignoreglobalblacklist': 0, 'nonvaliddata': 1, 'dbsurl': 'https://cmsweb.cern.ch/dbs/prod/global/DBSReader', 'publishgroupname': 0, 'jobtype': 'Analysis', 'publishname2': 'ExLepMuMuZ_M5000_MC_20191101'} 
DEBUG 2019-11-01 12:17:41.691 UTC: 	 Encoded submit request: maxjobruntime=1250&ignorelocality=0&savelogsflag=0&useparent=0&asyncdest=T2_IN_TIFR&algoargs=10&cachefilename=e9535b3b7630ae3a52de718c0efd4b067d439ed9979ecd87621746c9798977d6.tar.gz&numcores=1&generator=pythia&maxmemory=2000&publishdbsurl=https%3A%2F%2Fcmsweb.cern.ch%2Fdbs%2Fprod%2Fphys03%2FDBSWriter&priority=10&jobsw=CMSSW_10_4_0&primarydataset=&inputdata=%2FExcitedLepton_MuMuZ-5000_TuneCP5_13TeV-pythia8%2FRunIIFall17MiniAODv2-PU2017_12Apr2018_94X_mc2017_realistic_v14-v1%2FMINIAODSIM&lfn=%2Fstore%2Fuser%2Fsthakur%2Fntuple_for2017MC_20191101%2FMC_20191101%2FExLepMuMuZ_M5000_MC_20191101&dryrun=0&workflow=crab_ExLepMuMuZ_M5000_MC_20191101&cacheurl=https%3A%2F%2Fcmsweb.cern.ch%2Fcrabcache&nonprodsw=1&oneEventMode=0&debugfilename=21abb952064d3b80c6c823716f1d0f1196f429cc32d4f4cee739c44d742128bb.tar.gz&saveoutput=1&publication=1&jobarch=slc7_amd64_gcc700&totalunits=0&splitalgo=FileBased&ignoreglobalblacklist=0&nonvaliddata=1&dbsurl=https%3A%2F%2Fcmsweb.cern.ch%2Fdbs%2Fprod%2Fglobal%2FDBSReader&publishgroupname=0&jobtype=Analysis&publishname2=ExLepMuMuZ_M5000_MC_20191101&tfileoutfiles=ExLepMuMuZ_M5000_MC_20191101_Ntuple.root
DEBUG 2019-11-01 12:17:41.961 UTC: 	 Result: {u'result': [{u'RequestName': u'191101_121741:sthakur_crab_ExLepMuMuZ_M5000_MC_20191101'}]}
INFO 2019-11-01 12:17:41.964 UTC: 	 Success: Your task has been delivered to the prod CRAB3 server.
INFO 2019-11-01 12:17:41.965 UTC: 	 Task name: 191101_121741:sthakur_crab_ExLepMuMuZ_M5000_MC_20191101
INFO 2019-11-01 12:17:41.965 UTC: 	 Project dir: CrabMC_20191101/crab_ExLepMuMuZ_M5000_MC_20191101
INFO 2019-11-01 12:17:41.965 UTC: 	 Please use 'crab status -d CrabMC_20191101/crab_ExLepMuMuZ_M5000_MC_20191101' to check how the submission process proceeds.
DEBUG 2019-11-01 12:17:41.965 UTC: 	 About to return
DEBUG 2019-11-01 12:49:54.510 UTC: 	 Running on: Linux lxplus707.cern.ch 3.10.0-1062.1.2.el7.x86_64 #1 SMP Mon Sep 30 14:19:46 UTC 2019 x86_64 x86_64 x86_64 GNU/Linux
Description:	CentOS Linux release 7.7.1908 (Core) 

DEBUG 2019-11-01 12:49:54.510 UTC: 	 Executing command: 'status'
DEBUG 2019-11-01 12:49:54.510 UTC: 	 Found CRAB cache file /afs/cern.ch/user/s/sthakur/.crab3
DEBUG 2019-11-01 12:49:54.521 UTC: 	 Checking credentials
DEBUG 2019-11-01 12:49:54.521 UTC: 	 Found proxy file /tmp/x509up_u77410
DEBUG 2019-11-01 12:49:54.521 UTC: 	 Getting proxy life time left
DEBUG 2019-11-01 12:49:55.229 UTC: 	 Executing : 
 command : voms-proxy-info -file /tmp/x509up_u77410 -timeleft
 output : 40803

 error: 
 retcode : 0
DEBUG 2019-11-01 12:49:55.836 UTC: 	 Executing : 
 command : voms-proxy-info -file /tmp/x509up_u77410 -actimeleft
 output : 40803

 error: 
 retcode : 0
DEBUG 2019-11-01 12:49:55.836 UTC: 	 Proxy valid for 11:20:03 hours
DEBUG 2019-11-01 12:49:56.026 UTC: 	 Executing : 
 command : openssl x509 -in ~/.globus/usercert.pem -subject -noout
 output : subject= /DC=ch/DC=cern/OU=Organic Units/OU=Users/CN=sthakur/CN=764789/CN=Shalini Thakur

 error: 
 retcode : 0
DEBUG 2019-11-01 12:49:56.026 UTC: 	 Checking credentials
DEBUG 2019-11-01 12:49:56.026 UTC: 	 Found proxy file /tmp/x509up_u77410
DEBUG 2019-11-01 12:49:56.026 UTC: 	 Getting proxy life time left
DEBUG 2019-11-01 12:49:56.731 UTC: 	 Executing : 
 command : voms-proxy-info -file /tmp/x509up_u77410 -timeleft
 output : 40802

 error: 
 retcode : 0
DEBUG 2019-11-01 12:49:57.437 UTC: 	 Executing : 
 command : voms-proxy-info -file /tmp/x509up_u77410 -actimeleft
 output : 40801

 error: 
 retcode : 0
DEBUG 2019-11-01 12:49:57.438 UTC: 	 Proxy lifetime 40802 secs is different from voms extension lifetime 40801 secs for proxy: /tmp/x509up_u77410
DEBUG 2019-11-01 12:49:57.438 UTC: 	 Proxy valid for 11:20:01 hours
DEBUG 2019-11-01 12:49:57.531 UTC: 	 Registering user credentials for server /DC=ch/DC=cern/OU=computers/CN=vocms(052|058|030|0118|0105|0109).cern.ch|/DC=ch/DC=cern/OU=computers/CN=crab-(preprod|prod)-tw(02|01).cern.ch
DEBUG 2019-11-01 12:49:57.642 UTC: 	 Executing : 
 command : openssl x509 -in ~/.globus/usercert.pem -subject -noout
 output : subject= /DC=ch/DC=cern/OU=Organic Units/OU=Users/CN=sthakur/CN=764789/CN=Shalini Thakur

 error: 
 retcode : 0
DEBUG 2019-11-01 12:49:57.642 UTC: 	 Getting myproxy life time left for myproxy.cern.ch
DEBUG 2019-11-01 12:49:57.642 UTC: 	 Calculating hash of /DC=ch/DC=cern/OU=Organic Units/OU=Users/CN=sthakur/CN=764789/CN=Shalini Thakur_cmsweb.cern.ch for credential name
DEBUG 2019-11-01 12:49:58.047 UTC: 	 Executing : 
 command : myproxy-info -l 9cd94953387eeee7bf4da2b7588630639ea1153b -s myproxy.cern.ch
 output : username: 9cd94953387eeee7bf4da2b7588630639ea1153b
owner: /DC=ch/DC=cern/OU=Organic Units/OU=Users/CN=sthakur/CN=764789/CN=Shalini Thakur
  renewal policy: /DC=ch/DC=cern/OU=computers/CN=vocms(052|058|030|0118|0105|0109).cern.ch|/DC=ch/DC=cern/OU=computers/CN=crab-(preprod|prod)-tw(02|01).cern.ch
  trusted retrieval policy: /DC=ch/DC=cern/OU=computers/CN=vocms(052|058|030|0118|0105|0109).cern.ch|/DC=ch/DC=cern/OU=computers/CN=crab-(preprod|prod)-tw(02|01).cern.ch
  timeleft: 557:48:03  (23.2 days)

 error: 
 retcode : 0
DEBUG 2019-11-01 12:49:58.049 UTC: 	 Myproxy is valid: 2008083
DEBUG 2019-11-01 12:49:58.049 UTC: 	 Command use: status
DEBUG 2019-11-01 12:49:58.049 UTC: 	 Options use: ['--verboseErrors', 'CrabMC_20191101/crab_ExLepMuMuZ_M5000_MC_20191101']
DEBUG 2019-11-01 12:49:58.175 UTC: 	 CRABClient version: 3.3.1910.patch2
DEBUG 2019-11-01 12:49:58.175 UTC: 	 Instance is prod
DEBUG 2019-11-01 12:49:58.175 UTC: 	 Server base url is cmsweb.cern.ch
DEBUG 2019-11-01 12:49:58.175 UTC: 	 Command url /crabserver/prod/workflow
DEBUG 2019-11-01 12:49:58.294 UTC: 	 Got information from server oracle database: {u'result': [u'191101_121741:sthakur_crab_ExLepMuMuZ_M5000_MC_20191101', u'None', u'None', u'SUBMITTED', u'SUBMIT', u'2019-11-01 12:17:41.950469', u'None', u'2019-11-01 12:18:23.961955', u'None', u'CMSSW_10_4_0', u'slc7_amd64_gcc700', u'/ExcitedLepton_MuMuZ-5000_TuneCP5_13TeV-pythia8/RunIIFall17MiniAODv2-PU2017_12Apr2018_94X_mc2017_realistic_v14-v1/MINIAODSIM', u'T', u'0', u'[]', u'[]', u'FileBased', u"{'splitOnRun': False, 'halt_job_on_file_boundaries': False, 'files_per_job': 10, 'runs': [], 'lumis': []}", u'e9535b3b7630ae3a52de718c0efd4b067d439ed9979ecd87621746c9798977d6.tar.gz', u'https://cmsweb.cern.ch/crabcache', u'sthakur', u'/DC=ch/DC=cern/OU=Organic Units/OU=Users/CN=sthakur/CN=764789/CN=Shalini Thakur', u'cms', u'None', u'None', u'ExLepMuMuZ_M5000_MC_20191101-00000000000000000000000000000000', u'F', u'T2_IN_TIFR', u'https://cmsweb.cern.ch/dbs/prod/global/DBSReader', u'https://cmsweb.cern.ch/dbs/prod/phys03/DBSWriter', u'T', u'[]', u"['ExLepMuMuZ_M5000_MC_20191101_Ntuple.root']", u'[]', u'Analysis', u'pythia', u'None', u'{}', u'[]', u'F', u'crab-prod-tw01', u'[]', u'1250', u'1', u'2000', u'10', u'None', u'[]', u'http://vocms0121.cern.ch/mon/cms251/191101_121741:sthakur_crab_ExLepMuMuZ_M5000_MC_20191101', u'None', u'[]', u'[]', u'https://cmsweb.cern.ch/crabserver/prod', u'cmsgwms-collector-global.cern.ch:9620,cmssrv623.fnal.gov:9620', u'crab3@vocms0121.cern.ch', u'F', u'[]', u'T', u'/store/user/sthakur/ntuple_for2017MC_20191101/MC_20191101/ExLepMuMuZ_M5000_MC_20191101', u'F', u'None', u'F', u'None', u'ExcitedLepton_MuMuZ-5000_TuneCP5_13TeV-pythia8', u'None', u'21abb952064d3b80c6c823716f1d0f1196f429cc32d4f4cee739c44d742128bb.tar.gz', u'45910316', u'filetransfers', u'F', u'2001:1458:d00:2e::100:9b', u'0.0', u'None'], u'desc': {u'columns': [u'tm_taskname', u'tm_activity', u'panda_jobset_id', u'tm_task_status', u'tm_task_command', u'tm_start_time', u'tm_start_injection', u'tm_end_injection', u'tm_task_failure', u'tm_job_sw', u'tm_job_arch', u'tm_input_dataset', u'tm_nonvalid_input_dataset', u'tm_use_parent', u'tm_site_whitelist', u'tm_site_blacklist', u'tm_split_algo', u'tm_split_args', u'tm_user_sandbox', u'tm_cache_url', u'tm_username', u'tm_user_dn', u'tm_user_vo', u'tm_user_role', u'tm_user_group', u'tm_publish_name', u'tm_publish_groupname', u'tm_asyncdest', u'tm_dbs_url', u'tm_publish_dbs_url', u'tm_publication', u'tm_outfiles', u'tm_tfile_outfiles', u'tm_edm_outfiles', u'tm_job_type', u'tm_generator', u'tm_events_per_lumi', u'tm_arguments', u'panda_resubmitted_jobs', u'tm_save_logs', u'tw_name', u'tm_user_infiles', u'tm_maxjobruntime', u'tm_numcores', u'tm_maxmemory', u'tm_priority', u'tm_output_dataset', u'tm_task_warnings', u'tm_user_webdir', u'tm_scriptexe', u'tm_scriptargs', u'tm_extrajdl', u'tm_asourl', u'tm_collector', u'tm_schedd', u'tm_dry_run', u'tm_user_files', u'tm_transfer_outputs', u'tm_output_lfn', u'tm_ignore_locality', u'tm_fail_limit', u'tm_one_event_mode', u'tm_secondary_input_dataset', u'tm_primary_dataset', u'tm_last_publication', u'tm_debug_files', u'clusterid', u'tm_asodb', u'tm_ignore_global_blacklist', u'tm_submitter_ip_addr', u'tm_totalunits', u'tm_ddm_reqid']}}
INFO 2019-11-01 12:49:58.295 UTC: 	 CRAB project directory:		/afs/cern.ch/work/s/sthakur/xRavindra/MiniTree2017Data/CMSSW_10_4_0/src/ExLep2017Crab/crab/CrabMC_20191101/crab_ExLepMuMuZ_M5000_MC_20191101
INFO 2019-11-01 12:49:58.295 UTC: 	 Task name:			191101_121741:sthakur_crab_ExLepMuMuZ_M5000_MC_20191101
INFO 2019-11-01 12:49:58.296 UTC: 	 Grid scheduler - Task Worker:	crab3@vocms0121.cern.ch - crab-prod-tw01
INFO 2019-11-01 12:49:58.296 UTC: 	 Status on the CRAB server:	SUBMITTED
INFO 2019-11-01 12:49:58.296 UTC: 	 Task URL to use for HELP:	https://cmsweb.cern.ch/crabserver/ui/task/191101_121741%3Asthakur_crab_ExLepMuMuZ_M5000_MC_20191101
INFO 2019-11-01 12:49:58.296 UTC: 	 Dashboard monitoring URL:	https://monit-grafana.cern.ch/d/cmsTMDetail/cms-task-monitoring-task-view?orgId=11&var-user=sthakur&var-task=191101_121741%3Asthakur_crab_ExLepMuMuZ_M5000_MC_20191101
INFO 2019-11-01 12:49:58.296 UTC: 	 In case of issues with the dashboard, please provide feedback to hn-cms-computing-tools@cern.ch
DEBUG 2019-11-01 12:49:58.296 UTC: 	 The CRAB server submitted your task to the Grid scheduler (cluster ID: 45910316)
DEBUG 2019-11-01 12:49:58.296 UTC: 	 Webdir is located at http://vocms0121.cern.ch/mon/cms251/191101_121741:sthakur_crab_ExLepMuMuZ_M5000_MC_20191101
DEBUG 2019-11-01 12:49:58.372 UTC: 	 Proxied webdir is located at https://cmsweb.cern.ch/scheddmon/0121/cms251/191101_121741:sthakur_crab_ExLepMuMuZ_M5000_MC_20191101
DEBUG 2019-11-01 12:49:58.372 UTC: 	 Retrieving 'status_cache' file from https://cmsweb.cern.ch/scheddmon/0121/cms251/191101_121741:sthakur_crab_ExLepMuMuZ_M5000_MC_20191101/status_cache
DEBUG 2019-11-01 12:49:58.456 UTC: 	 Got information from status cache file: {'1': {'Retries': 0, 'WallDurations': [8.0, 1209.0], 'StartTimes': [1572610930.0], 'SubmitTimes': [1572610718.0], 'JobIds': ['45910319.0'], 'EndTimes': [], 'Restarts': 0, 'RecordedSite': True, 'State': 'running', 'ResidentSetSize': [773816], 'TotalUserCpuTimeHistory': [693.0], 'SiteHistory': ['Unknown', 'T2_US_Caltech'], 'TotalSysCpuTimeHistory': [38.0]}, '2': {'Retries': 0, 'WallDurations': [8.0, 1210.0], 'StartTimes': [1572610916.0], 'SubmitTimes': [1572610718.0], 'JobIds': ['45910320.0'], 'EndTimes': [], 'Restarts': 0, 'RecordedSite': True, 'State': 'running', 'ResidentSetSize': [879792], 'TotalUserCpuTimeHistory': [759.0], 'SiteHistory': ['Unknown', 'T2_US_Florida'], 'TotalSysCpuTimeHistory': [40.0]}}
INFO 2019-11-01 12:49:58.456 UTC: 	 Status on the scheduler:	SUBMITTED
INFO 2019-11-01 12:49:58.456 UTC: 	 
Jobs status:                    running      		100.0% (2/2)
INFO 2019-11-01 12:49:58.456 UTC: 	 
No publication information available yet
INFO 2019-11-01 12:49:58.468 UTC: 	 Log file is /afs/cern.ch/work/s/sthakur/xRavindra/MiniTree2017Data/CMSSW_10_4_0/src/ExLep2017Crab/crab/CrabMC_20191101/crab_ExLepMuMuZ_M5000_MC_20191101/crab.log
DEBUG 2019-11-01 16:57:22.043 UTC: 	 Running on: Linux lxplus721.cern.ch 3.10.0-1062.1.2.el7.x86_64 #1 SMP Mon Sep 30 14:19:46 UTC 2019 x86_64 x86_64 x86_64 GNU/Linux
Description:	CentOS Linux release 7.7.1908 (Core) 

DEBUG 2019-11-01 16:57:22.043 UTC: 	 Executing command: 'status'
DEBUG 2019-11-01 16:57:22.044 UTC: 	 Found CRAB cache file /afs/cern.ch/user/s/sthakur/.crab3
DEBUG 2019-11-01 16:57:22.082 UTC: 	 Checking credentials
DEBUG 2019-11-01 16:57:22.082 UTC: 	 Found proxy file /tmp/x509up_u77410
DEBUG 2019-11-01 16:57:22.082 UTC: 	 Getting proxy life time left
DEBUG 2019-11-01 16:57:22.991 UTC: 	 Executing : 
 command : voms-proxy-info -file /tmp/x509up_u77410 -timeleft
 output : 42986

 error: 
 retcode : 0
DEBUG 2019-11-01 16:57:23.802 UTC: 	 Executing : 
 command : voms-proxy-info -file /tmp/x509up_u77410 -actimeleft
 output : 42985

 error: 
 retcode : 0
DEBUG 2019-11-01 16:57:23.802 UTC: 	 Proxy lifetime 42986 secs is different from voms extension lifetime 42985 secs for proxy: /tmp/x509up_u77410
DEBUG 2019-11-01 16:57:23.802 UTC: 	 Proxy valid for 11:56:25 hours
DEBUG 2019-11-01 16:57:23.997 UTC: 	 Executing : 
 command : openssl x509 -in ~/.globus/usercert.pem -subject -noout
 output : subject= /DC=ch/DC=cern/OU=Organic Units/OU=Users/CN=sthakur/CN=764789/CN=Shalini Thakur

 error: 
 retcode : 0
DEBUG 2019-11-01 16:57:23.997 UTC: 	 Checking credentials
DEBUG 2019-11-01 16:57:23.997 UTC: 	 Found proxy file /tmp/x509up_u77410
DEBUG 2019-11-01 16:57:23.997 UTC: 	 Getting proxy life time left
DEBUG 2019-11-01 16:57:24.704 UTC: 	 Executing : 
 command : voms-proxy-info -file /tmp/x509up_u77410 -timeleft
 output : 42984

 error: 
 retcode : 0
DEBUG 2019-11-01 16:57:25.521 UTC: 	 Executing : 
 command : voms-proxy-info -file /tmp/x509up_u77410 -actimeleft
 output : 42983

 error: 
 retcode : 0
DEBUG 2019-11-01 16:57:25.521 UTC: 	 Proxy lifetime 42984 secs is different from voms extension lifetime 42983 secs for proxy: /tmp/x509up_u77410
DEBUG 2019-11-01 16:57:25.522 UTC: 	 Proxy valid for 11:56:23 hours
DEBUG 2019-11-01 16:57:25.599 UTC: 	 Registering user credentials for server /DC=ch/DC=cern/OU=computers/CN=vocms(052|058|030|0118|0105|0109).cern.ch|/DC=ch/DC=cern/OU=computers/CN=crab-(preprod|prod)-tw(02|01).cern.ch
DEBUG 2019-11-01 16:57:25.710 UTC: 	 Executing : 
 command : openssl x509 -in ~/.globus/usercert.pem -subject -noout
 output : subject= /DC=ch/DC=cern/OU=Organic Units/OU=Users/CN=sthakur/CN=764789/CN=Shalini Thakur

 error: 
 retcode : 0
DEBUG 2019-11-01 16:57:25.710 UTC: 	 Getting myproxy life time left for myproxy.cern.ch
DEBUG 2019-11-01 16:57:25.710 UTC: 	 Calculating hash of /DC=ch/DC=cern/OU=Organic Units/OU=Users/CN=sthakur/CN=764789/CN=Shalini Thakur_cmsweb.cern.ch for credential name
DEBUG 2019-11-01 16:57:26.122 UTC: 	 Executing : 
 command : myproxy-info -l 9cd94953387eeee7bf4da2b7588630639ea1153b -s myproxy.cern.ch
 output : username: 9cd94953387eeee7bf4da2b7588630639ea1153b
owner: /DC=ch/DC=cern/OU=Organic Units/OU=Users/CN=sthakur/CN=764789/CN=Shalini Thakur
  renewal policy: /DC=ch/DC=cern/OU=computers/CN=vocms(052|058|030|0118|0105|0109).cern.ch|/DC=ch/DC=cern/OU=computers/CN=crab-(preprod|prod)-tw(02|01).cern.ch
  trusted retrieval policy: /DC=ch/DC=cern/OU=computers/CN=vocms(052|058|030|0118|0105|0109).cern.ch|/DC=ch/DC=cern/OU=computers/CN=crab-(preprod|prod)-tw(02|01).cern.ch
  timeleft: 553:40:34  (23.1 days)

 error: 
 retcode : 0
DEBUG 2019-11-01 16:57:26.123 UTC: 	 Myproxy is valid: 1993234
DEBUG 2019-11-01 16:57:26.125 UTC: 	 Command use: status
DEBUG 2019-11-01 16:57:26.125 UTC: 	 Options use: ['--verboseErrors', 'CrabMC_20191101/crab_ExLepMuMuZ_M5000_MC_20191101']
DEBUG 2019-11-01 16:57:26.265 UTC: 	 CRABClient version: 3.3.1910.patch2
DEBUG 2019-11-01 16:57:26.265 UTC: 	 Instance is prod
DEBUG 2019-11-01 16:57:26.265 UTC: 	 Server base url is cmsweb.cern.ch
DEBUG 2019-11-01 16:57:26.265 UTC: 	 Command url /crabserver/prod/workflow
DEBUG 2019-11-01 16:57:26.376 UTC: 	 Got information from server oracle database: {u'result': [u'191101_121741:sthakur_crab_ExLepMuMuZ_M5000_MC_20191101', u'None', u'None', u'SUBMITTED', u'SUBMIT', u'2019-11-01 12:17:41.950469', u'None', u'2019-11-01 12:18:23.961955', u'None', u'CMSSW_10_4_0', u'slc7_amd64_gcc700', u'/ExcitedLepton_MuMuZ-5000_TuneCP5_13TeV-pythia8/RunIIFall17MiniAODv2-PU2017_12Apr2018_94X_mc2017_realistic_v14-v1/MINIAODSIM', u'T', u'0', u'[]', u'[]', u'FileBased', u"{'splitOnRun': False, 'halt_job_on_file_boundaries': False, 'files_per_job': 10, 'runs': [], 'lumis': []}", u'e9535b3b7630ae3a52de718c0efd4b067d439ed9979ecd87621746c9798977d6.tar.gz', u'https://cmsweb.cern.ch/crabcache', u'sthakur', u'/DC=ch/DC=cern/OU=Organic Units/OU=Users/CN=sthakur/CN=764789/CN=Shalini Thakur', u'cms', u'None', u'None', u'ExLepMuMuZ_M5000_MC_20191101-00000000000000000000000000000000', u'F', u'T2_IN_TIFR', u'https://cmsweb.cern.ch/dbs/prod/global/DBSReader', u'https://cmsweb.cern.ch/dbs/prod/phys03/DBSWriter', u'T', u'[]', u"['ExLepMuMuZ_M5000_MC_20191101_Ntuple.root']", u'[]', u'Analysis', u'pythia', u'None', u'{}', u'[]', u'F', u'crab-prod-tw01', u'[]', u'1250', u'1', u'2000', u'10', u'None', u'[]', u'http://vocms0121.cern.ch/mon/cms251/191101_121741:sthakur_crab_ExLepMuMuZ_M5000_MC_20191101', u'None', u'[]', u'[]', u'https://cmsweb.cern.ch/crabserver/prod', u'cmsgwms-collector-global.cern.ch:9620,cmssrv623.fnal.gov:9620', u'crab3@vocms0121.cern.ch', u'F', u'[]', u'T', u'/store/user/sthakur/ntuple_for2017MC_20191101/MC_20191101/ExLepMuMuZ_M5000_MC_20191101', u'F', u'None', u'F', u'None', u'ExcitedLepton_MuMuZ-5000_TuneCP5_13TeV-pythia8', u'None', u'21abb952064d3b80c6c823716f1d0f1196f429cc32d4f4cee739c44d742128bb.tar.gz', u'45910316', u'filetransfers', u'F', u'2001:1458:d00:2e::100:9b', u'0.0', u'None'], u'desc': {u'columns': [u'tm_taskname', u'tm_activity', u'panda_jobset_id', u'tm_task_status', u'tm_task_command', u'tm_start_time', u'tm_start_injection', u'tm_end_injection', u'tm_task_failure', u'tm_job_sw', u'tm_job_arch', u'tm_input_dataset', u'tm_nonvalid_input_dataset', u'tm_use_parent', u'tm_site_whitelist', u'tm_site_blacklist', u'tm_split_algo', u'tm_split_args', u'tm_user_sandbox', u'tm_cache_url', u'tm_username', u'tm_user_dn', u'tm_user_vo', u'tm_user_role', u'tm_user_group', u'tm_publish_name', u'tm_publish_groupname', u'tm_asyncdest', u'tm_dbs_url', u'tm_publish_dbs_url', u'tm_publication', u'tm_outfiles', u'tm_tfile_outfiles', u'tm_edm_outfiles', u'tm_job_type', u'tm_generator', u'tm_events_per_lumi', u'tm_arguments', u'panda_resubmitted_jobs', u'tm_save_logs', u'tw_name', u'tm_user_infiles', u'tm_maxjobruntime', u'tm_numcores', u'tm_maxmemory', u'tm_priority', u'tm_output_dataset', u'tm_task_warnings', u'tm_user_webdir', u'tm_scriptexe', u'tm_scriptargs', u'tm_extrajdl', u'tm_asourl', u'tm_collector', u'tm_schedd', u'tm_dry_run', u'tm_user_files', u'tm_transfer_outputs', u'tm_output_lfn', u'tm_ignore_locality', u'tm_fail_limit', u'tm_one_event_mode', u'tm_secondary_input_dataset', u'tm_primary_dataset', u'tm_last_publication', u'tm_debug_files', u'clusterid', u'tm_asodb', u'tm_ignore_global_blacklist', u'tm_submitter_ip_addr', u'tm_totalunits', u'tm_ddm_reqid']}}
INFO 2019-11-01 16:57:26.376 UTC: 	 CRAB project directory:		/afs/cern.ch/work/s/sthakur/xRavindra/MiniTree2017Data/CMSSW_10_4_0/src/ExLep2017Crab/crab/CrabMC_20191101/crab_ExLepMuMuZ_M5000_MC_20191101
INFO 2019-11-01 16:57:26.377 UTC: 	 Task name:			191101_121741:sthakur_crab_ExLepMuMuZ_M5000_MC_20191101
INFO 2019-11-01 16:57:26.377 UTC: 	 Grid scheduler - Task Worker:	crab3@vocms0121.cern.ch - crab-prod-tw01
INFO 2019-11-01 16:57:26.377 UTC: 	 Status on the CRAB server:	SUBMITTED
INFO 2019-11-01 16:57:26.377 UTC: 	 Task URL to use for HELP:	https://cmsweb.cern.ch/crabserver/ui/task/191101_121741%3Asthakur_crab_ExLepMuMuZ_M5000_MC_20191101
INFO 2019-11-01 16:57:26.377 UTC: 	 Dashboard monitoring URL:	https://monit-grafana.cern.ch/d/cmsTMDetail/cms-task-monitoring-task-view?orgId=11&var-user=sthakur&var-task=191101_121741%3Asthakur_crab_ExLepMuMuZ_M5000_MC_20191101
INFO 2019-11-01 16:57:26.377 UTC: 	 In case of issues with the dashboard, please provide feedback to hn-cms-computing-tools@cern.ch
DEBUG 2019-11-01 16:57:26.377 UTC: 	 The CRAB server submitted your task to the Grid scheduler (cluster ID: 45910316)
DEBUG 2019-11-01 16:57:26.377 UTC: 	 Webdir is located at http://vocms0121.cern.ch/mon/cms251/191101_121741:sthakur_crab_ExLepMuMuZ_M5000_MC_20191101
DEBUG 2019-11-01 16:57:26.446 UTC: 	 Proxied webdir is located at https://cmsweb.cern.ch/scheddmon/0121/cms251/191101_121741:sthakur_crab_ExLepMuMuZ_M5000_MC_20191101
DEBUG 2019-11-01 16:57:26.446 UTC: 	 Retrieving 'status_cache' file from https://cmsweb.cern.ch/scheddmon/0121/cms251/191101_121741:sthakur_crab_ExLepMuMuZ_M5000_MC_20191101/status_cache
DEBUG 2019-11-01 16:57:26.495 UTC: 	 Got information from status cache file: {'1': {'Retries': 0, 'WallDurations': [8.0, 2534.0], 'StartTimes': [1572610930.0], 'SubmitTimes': [1572610718.0], 'JobIds': ['45910319.0'], 'EndTimes': [1572613464.0], 'Restarts': 0, 'RecordedSite': True, 'State': 'finished', 'ResidentSetSize': [783280], 'TotalUserCpuTimeHistory': [1402], 'SiteHistory': ['Unknown', 'T2_US_Caltech'], 'TotalSysCpuTimeHistory': [78]}, '2': {'Retries': 0, 'WallDurations': [8.0, 1413.0], 'StartTimes': [1572610916.0], 'SubmitTimes': [1572610718.0], 'JobIds': ['45910320.0'], 'EndTimes': [1572612329.0], 'Restarts': 0, 'RecordedSite': True, 'State': 'finished', 'ResidentSetSize': [879792], 'TotalUserCpuTimeHistory': [874], 'SiteHistory': ['Unknown', 'T2_US_Florida'], 'TotalSysCpuTimeHistory': [46]}}
INFO 2019-11-01 16:57:26.495 UTC: 	 Status on the scheduler:	COMPLETED
INFO 2019-11-01 16:57:26.495 UTC: 	 
Jobs status:                    finished     		100.0% (2/2)
INFO 2019-11-01 16:57:26.565 UTC: 	 
No publication information available yet
INFO 2019-11-01 16:57:26.565 UTC: 	 
Warning: the max jobs runtime is less than 30% of the task requested value (1250 min), please consider to request a lower value for failed jobs (allowed through crab resubmit) and/or improve the jobs splitting (e.g. config.Data.splitting = 'Automatic') in a new task.
INFO 2019-11-01 16:57:26.565 UTC: 	 
Summary of run jobs:
 * Memory: 764MB min, 859MB max, 812MB ave
 * Runtime: 0:23:33 min, 0:42:14 max, 0:32:53 ave
 * CPU eff: 58% min, 65% max, 61% ave
 * Waste: 0:00:16 (0% of total)

INFO 2019-11-01 16:57:26.596 UTC: 	 Log file is /afs/cern.ch/work/s/sthakur/xRavindra/MiniTree2017Data/CMSSW_10_4_0/src/ExLep2017Crab/crab/CrabMC_20191101/crab_ExLepMuMuZ_M5000_MC_20191101/crab.log
DEBUG 2019-11-03 17:56:59.738 UTC: 	 Running on: Linux lxplus737.cern.ch 3.10.0-1062.1.2.el7.x86_64 #1 SMP Mon Sep 30 14:19:46 UTC 2019 x86_64 x86_64 x86_64 GNU/Linux
Description:	CentOS Linux release 7.7.1908 (Core) 

DEBUG 2019-11-03 17:56:59.739 UTC: 	 Executing command: 'status'
DEBUG 2019-11-03 17:56:59.739 UTC: 	 Found CRAB cache file /afs/cern.ch/user/s/sthakur/.crab3
DEBUG 2019-11-03 17:56:59.760 UTC: 	 Checking credentials
DEBUG 2019-11-03 17:56:59.760 UTC: 	 Found proxy file /tmp/x509up_u77410
DEBUG 2019-11-03 17:56:59.760 UTC: 	 Getting proxy life time left
DEBUG 2019-11-03 17:57:00.465 UTC: 	 Executing : 
 command : voms-proxy-info -file /tmp/x509up_u77410 -timeleft
 output : 42986

 error: 
 retcode : 0
DEBUG 2019-11-03 17:57:01.171 UTC: 	 Executing : 
 command : voms-proxy-info -file /tmp/x509up_u77410 -actimeleft
 output : 42985

 error: 
 retcode : 0
DEBUG 2019-11-03 17:57:01.172 UTC: 	 Proxy lifetime 42986 secs is different from voms extension lifetime 42985 secs for proxy: /tmp/x509up_u77410
DEBUG 2019-11-03 17:57:01.172 UTC: 	 Proxy valid for 11:56:25 hours
DEBUG 2019-11-03 17:57:01.508 UTC: 	 Executing : 
 command : openssl x509 -in ~/.globus/usercert.pem -subject -noout
 output : subject= /DC=ch/DC=cern/OU=Organic Units/OU=Users/CN=sthakur/CN=764789/CN=Shalini Thakur

 error: 
 retcode : 0
DEBUG 2019-11-03 17:57:01.508 UTC: 	 Checking credentials
DEBUG 2019-11-03 17:57:01.508 UTC: 	 Found proxy file /tmp/x509up_u77410
DEBUG 2019-11-03 17:57:01.508 UTC: 	 Getting proxy life time left
DEBUG 2019-11-03 17:57:02.215 UTC: 	 Executing : 
 command : voms-proxy-info -file /tmp/x509up_u77410 -timeleft
 output : 42984

 error: 
 retcode : 0
DEBUG 2019-11-03 17:57:02.921 UTC: 	 Executing : 
 command : voms-proxy-info -file /tmp/x509up_u77410 -actimeleft
 output : 42984

 error: 
 retcode : 0
DEBUG 2019-11-03 17:57:02.921 UTC: 	 Proxy valid for 11:56:24 hours
DEBUG 2019-11-03 17:57:02.994 UTC: 	 Registering user credentials for server /DC=ch/DC=cern/OU=computers/CN=vocms(052|058|030|0118|0105|0109).cern.ch|/DC=ch/DC=cern/OU=computers/CN=crab-(preprod|prod)-tw(02|01).cern.ch
DEBUG 2019-11-03 17:57:03.106 UTC: 	 Executing : 
 command : openssl x509 -in ~/.globus/usercert.pem -subject -noout
 output : subject= /DC=ch/DC=cern/OU=Organic Units/OU=Users/CN=sthakur/CN=764789/CN=Shalini Thakur

 error: 
 retcode : 0
DEBUG 2019-11-03 17:57:03.107 UTC: 	 Getting myproxy life time left for myproxy.cern.ch
DEBUG 2019-11-03 17:57:03.107 UTC: 	 Calculating hash of /DC=ch/DC=cern/OU=Organic Units/OU=Users/CN=sthakur/CN=764789/CN=Shalini Thakur_cmsweb.cern.ch for credential name
DEBUG 2019-11-03 17:57:03.512 UTC: 	 Executing : 
 command : myproxy-info -l 9cd94953387eeee7bf4da2b7588630639ea1153b -s myproxy.cern.ch
 output : username: 9cd94953387eeee7bf4da2b7588630639ea1153b
owner: /DC=ch/DC=cern/OU=Organic Units/OU=Users/CN=sthakur/CN=764789/CN=Shalini Thakur
  renewal policy: /DC=ch/DC=cern/OU=computers/CN=vocms(052|058|030|0118|0105|0109).cern.ch|/DC=ch/DC=cern/OU=computers/CN=crab-(preprod|prod)-tw(02|01).cern.ch
  trusted retrieval policy: /DC=ch/DC=cern/OU=computers/CN=vocms(052|058|030|0118|0105|0109).cern.ch|/DC=ch/DC=cern/OU=computers/CN=crab-(preprod|prod)-tw(02|01).cern.ch
  timeleft: 504:40:57  (21.0 days)

 error: 
 retcode : 0
DEBUG 2019-11-03 17:57:03.514 UTC: 	 Myproxy is valid: 1816857
DEBUG 2019-11-03 17:57:03.514 UTC: 	 Command use: status
DEBUG 2019-11-03 17:57:03.514 UTC: 	 Options use: ['--verboseErrors', 'CrabMC_20191101/crab_ExLepMuMuZ_M5000_MC_20191101']
DEBUG 2019-11-03 17:57:03.605 UTC: 	 CRABClient version: 3.3.1910.patch2
DEBUG 2019-11-03 17:57:03.605 UTC: 	 Instance is prod
DEBUG 2019-11-03 17:57:03.605 UTC: 	 Server base url is cmsweb.cern.ch
DEBUG 2019-11-03 17:57:03.605 UTC: 	 Command url /crabserver/prod/workflow
DEBUG 2019-11-03 17:57:03.681 UTC: 	 Got information from server oracle database: {u'result': [u'191101_121741:sthakur_crab_ExLepMuMuZ_M5000_MC_20191101', u'None', u'None', u'SUBMITTED', u'SUBMIT', u'2019-11-01 12:17:41.950469', u'None', u'2019-11-01 12:18:23.961955', u'None', u'CMSSW_10_4_0', u'slc7_amd64_gcc700', u'/ExcitedLepton_MuMuZ-5000_TuneCP5_13TeV-pythia8/RunIIFall17MiniAODv2-PU2017_12Apr2018_94X_mc2017_realistic_v14-v1/MINIAODSIM', u'T', u'0', u'[]', u'[]', u'FileBased', u"{'splitOnRun': False, 'halt_job_on_file_boundaries': False, 'files_per_job': 10, 'runs': [], 'lumis': []}", u'e9535b3b7630ae3a52de718c0efd4b067d439ed9979ecd87621746c9798977d6.tar.gz', u'https://cmsweb.cern.ch/crabcache', u'sthakur', u'/DC=ch/DC=cern/OU=Organic Units/OU=Users/CN=sthakur/CN=764789/CN=Shalini Thakur', u'cms', u'None', u'None', u'ExLepMuMuZ_M5000_MC_20191101-00000000000000000000000000000000', u'F', u'T2_IN_TIFR', u'https://cmsweb.cern.ch/dbs/prod/global/DBSReader', u'https://cmsweb.cern.ch/dbs/prod/phys03/DBSWriter', u'T', u'[]', u"['ExLepMuMuZ_M5000_MC_20191101_Ntuple.root']", u'[]', u'Analysis', u'pythia', u'None', u'{}', u'[]', u'F', u'crab-prod-tw01', u'[]', u'1250', u'1', u'2000', u'10', u'None', u'[]', u'http://vocms0121.cern.ch/mon/cms251/191101_121741:sthakur_crab_ExLepMuMuZ_M5000_MC_20191101', u'None', u'[]', u'[]', u'https://cmsweb.cern.ch/crabserver/prod', u'cmsgwms-collector-global.cern.ch:9620,cmssrv623.fnal.gov:9620', u'crab3@vocms0121.cern.ch', u'F', u'[]', u'T', u'/store/user/sthakur/ntuple_for2017MC_20191101/MC_20191101/ExLepMuMuZ_M5000_MC_20191101', u'F', u'None', u'F', u'None', u'ExcitedLepton_MuMuZ-5000_TuneCP5_13TeV-pythia8', u'None', u'21abb952064d3b80c6c823716f1d0f1196f429cc32d4f4cee739c44d742128bb.tar.gz', u'45910316', u'filetransfers', u'F', u'2001:1458:d00:2e::100:9b', u'0.0', u'None'], u'desc': {u'columns': [u'tm_taskname', u'tm_activity', u'panda_jobset_id', u'tm_task_status', u'tm_task_command', u'tm_start_time', u'tm_start_injection', u'tm_end_injection', u'tm_task_failure', u'tm_job_sw', u'tm_job_arch', u'tm_input_dataset', u'tm_nonvalid_input_dataset', u'tm_use_parent', u'tm_site_whitelist', u'tm_site_blacklist', u'tm_split_algo', u'tm_split_args', u'tm_user_sandbox', u'tm_cache_url', u'tm_username', u'tm_user_dn', u'tm_user_vo', u'tm_user_role', u'tm_user_group', u'tm_publish_name', u'tm_publish_groupname', u'tm_asyncdest', u'tm_dbs_url', u'tm_publish_dbs_url', u'tm_publication', u'tm_outfiles', u'tm_tfile_outfiles', u'tm_edm_outfiles', u'tm_job_type', u'tm_generator', u'tm_events_per_lumi', u'tm_arguments', u'panda_resubmitted_jobs', u'tm_save_logs', u'tw_name', u'tm_user_infiles', u'tm_maxjobruntime', u'tm_numcores', u'tm_maxmemory', u'tm_priority', u'tm_output_dataset', u'tm_task_warnings', u'tm_user_webdir', u'tm_scriptexe', u'tm_scriptargs', u'tm_extrajdl', u'tm_asourl', u'tm_collector', u'tm_schedd', u'tm_dry_run', u'tm_user_files', u'tm_transfer_outputs', u'tm_output_lfn', u'tm_ignore_locality', u'tm_fail_limit', u'tm_one_event_mode', u'tm_secondary_input_dataset', u'tm_primary_dataset', u'tm_last_publication', u'tm_debug_files', u'clusterid', u'tm_asodb', u'tm_ignore_global_blacklist', u'tm_submitter_ip_addr', u'tm_totalunits', u'tm_ddm_reqid']}}
INFO 2019-11-03 17:57:03.681 UTC: 	 CRAB project directory:		/afs/cern.ch/work/s/sthakur/xRavindra/MiniTree2017Data/CMSSW_10_4_0/src/ExLep2017Crab/crab/CrabMC_20191101/crab_ExLepMuMuZ_M5000_MC_20191101
INFO 2019-11-03 17:57:03.682 UTC: 	 Task name:			191101_121741:sthakur_crab_ExLepMuMuZ_M5000_MC_20191101
INFO 2019-11-03 17:57:03.682 UTC: 	 Grid scheduler - Task Worker:	crab3@vocms0121.cern.ch - crab-prod-tw01
INFO 2019-11-03 17:57:03.682 UTC: 	 Status on the CRAB server:	SUBMITTED
INFO 2019-11-03 17:57:03.682 UTC: 	 Task URL to use for HELP:	https://cmsweb.cern.ch/crabserver/ui/task/191101_121741%3Asthakur_crab_ExLepMuMuZ_M5000_MC_20191101
INFO 2019-11-03 17:57:03.682 UTC: 	 Dashboard monitoring URL:	https://monit-grafana.cern.ch/d/cmsTMDetail/cms-task-monitoring-task-view?orgId=11&var-user=sthakur&var-task=191101_121741%3Asthakur_crab_ExLepMuMuZ_M5000_MC_20191101
INFO 2019-11-03 17:57:03.682 UTC: 	 In case of issues with the dashboard, please provide feedback to hn-cms-computing-tools@cern.ch
DEBUG 2019-11-03 17:57:03.682 UTC: 	 The CRAB server submitted your task to the Grid scheduler (cluster ID: 45910316)
DEBUG 2019-11-03 17:57:03.682 UTC: 	 Webdir is located at http://vocms0121.cern.ch/mon/cms251/191101_121741:sthakur_crab_ExLepMuMuZ_M5000_MC_20191101
DEBUG 2019-11-03 17:57:03.764 UTC: 	 Proxied webdir is located at https://cmsweb.cern.ch/scheddmon/0121/cms251/191101_121741:sthakur_crab_ExLepMuMuZ_M5000_MC_20191101
DEBUG 2019-11-03 17:57:03.765 UTC: 	 Retrieving 'status_cache' file from https://cmsweb.cern.ch/scheddmon/0121/cms251/191101_121741:sthakur_crab_ExLepMuMuZ_M5000_MC_20191101/status_cache
DEBUG 2019-11-03 17:57:04.219 UTC: 	 Got information from status cache file: {'1': {'Retries': 0, 'WallDurations': [8.0, 2534.0], 'StartTimes': [1572610930.0], 'SubmitTimes': [1572610718.0], 'JobIds': ['45910319.0'], 'EndTimes': [1572613464.0], 'Restarts': 0, 'RecordedSite': True, 'State': 'finished', 'ResidentSetSize': [783280], 'TotalUserCpuTimeHistory': [1402], 'SiteHistory': ['Unknown', 'T2_US_Caltech'], 'TotalSysCpuTimeHistory': [78]}, '2': {'Retries': 0, 'WallDurations': [8.0, 1413.0], 'StartTimes': [1572610916.0], 'SubmitTimes': [1572610718.0], 'JobIds': ['45910320.0'], 'EndTimes': [1572612329.0], 'Restarts': 0, 'RecordedSite': True, 'State': 'finished', 'ResidentSetSize': [879792], 'TotalUserCpuTimeHistory': [874], 'SiteHistory': ['Unknown', 'T2_US_Florida'], 'TotalSysCpuTimeHistory': [46]}}
INFO 2019-11-03 17:57:04.219 UTC: 	 Status on the scheduler:	COMPLETED
INFO 2019-11-03 17:57:04.219 UTC: 	 
Jobs status:                    finished     		100.0% (2/2)
INFO 2019-11-03 17:57:04.315 UTC: 	 
No publication information available yet
INFO 2019-11-03 17:57:04.315 UTC: 	 
Warning: the max jobs runtime is less than 30% of the task requested value (1250 min), please consider to request a lower value for failed jobs (allowed through crab resubmit) and/or improve the jobs splitting (e.g. config.Data.splitting = 'Automatic') in a new task.
INFO 2019-11-03 17:57:04.315 UTC: 	 
Summary of run jobs:
 * Memory: 764MB min, 859MB max, 812MB ave
 * Runtime: 0:23:33 min, 0:42:14 max, 0:32:53 ave
 * CPU eff: 58% min, 65% max, 61% ave
 * Waste: 0:00:16 (0% of total)

INFO 2019-11-03 17:57:04.339 UTC: 	 Log file is /afs/cern.ch/work/s/sthakur/xRavindra/MiniTree2017Data/CMSSW_10_4_0/src/ExLep2017Crab/crab/CrabMC_20191101/crab_ExLepMuMuZ_M5000_MC_20191101/crab.log
DEBUG 2019-11-03 18:03:10.522 UTC: 	 Running on: Linux lxplus737.cern.ch 3.10.0-1062.1.2.el7.x86_64 #1 SMP Mon Sep 30 14:19:46 UTC 2019 x86_64 x86_64 x86_64 GNU/Linux
Description:	CentOS Linux release 7.7.1908 (Core) 

DEBUG 2019-11-03 18:03:10.522 UTC: 	 Executing command: 'resubmit'
DEBUG 2019-11-03 18:03:10.523 UTC: 	 Found CRAB cache file /afs/cern.ch/user/s/sthakur/.crab3
DEBUG 2019-11-03 18:03:10.534 UTC: 	 Checking credentials
DEBUG 2019-11-03 18:03:10.535 UTC: 	 Found proxy file /tmp/x509up_u77410
DEBUG 2019-11-03 18:03:10.535 UTC: 	 Getting proxy life time left
DEBUG 2019-11-03 18:03:11.243 UTC: 	 Executing : 
 command : voms-proxy-info -file /tmp/x509up_u77410 -timeleft
 output : 42615

 error: 
 retcode : 0
DEBUG 2019-11-03 18:03:12.050 UTC: 	 Executing : 
 command : voms-proxy-info -file /tmp/x509up_u77410 -actimeleft
 output : 42615

 error: 
 retcode : 0
DEBUG 2019-11-03 18:03:12.050 UTC: 	 Proxy valid for 11:50:15 hours
DEBUG 2019-11-03 18:03:12.231 UTC: 	 Executing : 
 command : openssl x509 -in ~/.globus/usercert.pem -subject -noout
 output : subject= /DC=ch/DC=cern/OU=Organic Units/OU=Users/CN=sthakur/CN=764789/CN=Shalini Thakur

 error: 
 retcode : 0
DEBUG 2019-11-03 18:03:12.231 UTC: 	 Checking credentials
DEBUG 2019-11-03 18:03:12.231 UTC: 	 Found proxy file /tmp/x509up_u77410
DEBUG 2019-11-03 18:03:12.231 UTC: 	 Getting proxy life time left
DEBUG 2019-11-03 18:03:12.938 UTC: 	 Executing : 
 command : voms-proxy-info -file /tmp/x509up_u77410 -timeleft
 output : 42614

 error: 
 retcode : 0
DEBUG 2019-11-03 18:03:13.647 UTC: 	 Executing : 
 command : voms-proxy-info -file /tmp/x509up_u77410 -actimeleft
 output : 42613

 error: 
 retcode : 0
DEBUG 2019-11-03 18:03:13.648 UTC: 	 Proxy lifetime 42614 secs is different from voms extension lifetime 42613 secs for proxy: /tmp/x509up_u77410
DEBUG 2019-11-03 18:03:13.648 UTC: 	 Proxy valid for 11:50:13 hours
DEBUG 2019-11-03 18:03:13.724 UTC: 	 Registering user credentials for server /DC=ch/DC=cern/OU=computers/CN=vocms(052|058|030|0118|0105|0109).cern.ch|/DC=ch/DC=cern/OU=computers/CN=crab-(preprod|prod)-tw(02|01).cern.ch
DEBUG 2019-11-03 18:03:13.836 UTC: 	 Executing : 
 command : openssl x509 -in ~/.globus/usercert.pem -subject -noout
 output : subject= /DC=ch/DC=cern/OU=Organic Units/OU=Users/CN=sthakur/CN=764789/CN=Shalini Thakur

 error: 
 retcode : 0
DEBUG 2019-11-03 18:03:13.837 UTC: 	 Getting myproxy life time left for myproxy.cern.ch
DEBUG 2019-11-03 18:03:13.837 UTC: 	 Calculating hash of /DC=ch/DC=cern/OU=Organic Units/OU=Users/CN=sthakur/CN=764789/CN=Shalini Thakur_cmsweb.cern.ch for credential name
DEBUG 2019-11-03 18:03:14.243 UTC: 	 Executing : 
 command : myproxy-info -l 9cd94953387eeee7bf4da2b7588630639ea1153b -s myproxy.cern.ch
 output : username: 9cd94953387eeee7bf4da2b7588630639ea1153b
owner: /DC=ch/DC=cern/OU=Organic Units/OU=Users/CN=sthakur/CN=764789/CN=Shalini Thakur
  renewal policy: /DC=ch/DC=cern/OU=computers/CN=vocms(052|058|030|0118|0105|0109).cern.ch|/DC=ch/DC=cern/OU=computers/CN=crab-(preprod|prod)-tw(02|01).cern.ch
  trusted retrieval policy: /DC=ch/DC=cern/OU=computers/CN=vocms(052|058|030|0118|0105|0109).cern.ch|/DC=ch/DC=cern/OU=computers/CN=crab-(preprod|prod)-tw(02|01).cern.ch
  timeleft: 504:34:46  (21.0 days)

 error: 
 retcode : 0
DEBUG 2019-11-03 18:03:14.244 UTC: 	 Myproxy is valid: 1816486
DEBUG 2019-11-03 18:03:14.332 UTC: 	 Command use: resubmit
DEBUG 2019-11-03 18:03:14.332 UTC: 	 Options use: ['CrabMC_20191101/crab_ExLepMuMuZ_M5000_MC_20191101']
DEBUG 2019-11-03 18:03:14.432 UTC: 	 CRABClient version: 3.3.1910.patch2
DEBUG 2019-11-03 18:03:14.432 UTC: 	 Instance is prod
DEBUG 2019-11-03 18:03:14.432 UTC: 	 Server base url is cmsweb.cern.ch
DEBUG 2019-11-03 18:03:14.432 UTC: 	 Command url /crabserver/prod/workflow
DEBUG 2019-11-03 18:03:14.468 UTC: 	 Running on: Linux lxplus737.cern.ch 3.10.0-1062.1.2.el7.x86_64 #1 SMP Mon Sep 30 14:19:46 UTC 2019 x86_64 x86_64 x86_64 GNU/Linux
Description:	CentOS Linux release 7.7.1908 (Core) 

DEBUG 2019-11-03 18:03:14.468 UTC: 	 Executing command: 'status'
DEBUG 2019-11-03 18:03:14.468 UTC: 	 Found CRAB cache file /afs/cern.ch/user/s/sthakur/.crab3
DEBUG 2019-11-03 18:03:14.476 UTC: 	 Checking credentials
DEBUG 2019-11-03 18:03:14.477 UTC: 	 Found proxy file /tmp/x509up_u77410
DEBUG 2019-11-03 18:03:14.477 UTC: 	 Getting proxy life time left
DEBUG 2019-11-03 18:03:15.185 UTC: 	 Executing : 
 command : voms-proxy-info -file /tmp/x509up_u77410 -timeleft
 output : 42611

 error: 
 retcode : 0
DEBUG 2019-11-03 18:03:15.893 UTC: 	 Executing : 
 command : voms-proxy-info -file /tmp/x509up_u77410 -actimeleft
 output : 42611

 error: 
 retcode : 0
DEBUG 2019-11-03 18:03:15.893 UTC: 	 Proxy valid for 11:50:11 hours
DEBUG 2019-11-03 18:03:16.078 UTC: 	 Executing : 
 command : openssl x509 -in ~/.globus/usercert.pem -subject -noout
 output : subject= /DC=ch/DC=cern/OU=Organic Units/OU=Users/CN=sthakur/CN=764789/CN=Shalini Thakur

 error: 
 retcode : 0
DEBUG 2019-11-03 18:03:16.078 UTC: 	 Checking credentials
DEBUG 2019-11-03 18:03:16.078 UTC: 	 Found proxy file /tmp/x509up_u77410
DEBUG 2019-11-03 18:03:16.078 UTC: 	 Getting proxy life time left
DEBUG 2019-11-03 18:03:16.786 UTC: 	 Executing : 
 command : voms-proxy-info -file /tmp/x509up_u77410 -timeleft
 output : 42610

 error: 
 retcode : 0
DEBUG 2019-11-03 18:03:17.504 UTC: 	 Executing : 
 command : voms-proxy-info -file /tmp/x509up_u77410 -actimeleft
 output : 42609

 error: 
 retcode : 0
DEBUG 2019-11-03 18:03:17.505 UTC: 	 Proxy lifetime 42610 secs is different from voms extension lifetime 42609 secs for proxy: /tmp/x509up_u77410
DEBUG 2019-11-03 18:03:17.505 UTC: 	 Proxy valid for 11:50:09 hours
DEBUG 2019-11-03 18:03:17.603 UTC: 	 Registering user credentials for server /DC=ch/DC=cern/OU=computers/CN=vocms(052|058|030|0118|0105|0109).cern.ch|/DC=ch/DC=cern/OU=computers/CN=crab-(preprod|prod)-tw(02|01).cern.ch
DEBUG 2019-11-03 18:03:17.715 UTC: 	 Executing : 
 command : openssl x509 -in ~/.globus/usercert.pem -subject -noout
 output : subject= /DC=ch/DC=cern/OU=Organic Units/OU=Users/CN=sthakur/CN=764789/CN=Shalini Thakur

 error: 
 retcode : 0
DEBUG 2019-11-03 18:03:17.715 UTC: 	 Getting myproxy life time left for myproxy.cern.ch
DEBUG 2019-11-03 18:03:17.715 UTC: 	 Calculating hash of /DC=ch/DC=cern/OU=Organic Units/OU=Users/CN=sthakur/CN=764789/CN=Shalini Thakur_cmsweb.cern.ch for credential name
DEBUG 2019-11-03 18:03:18.122 UTC: 	 Executing : 
 command : myproxy-info -l 9cd94953387eeee7bf4da2b7588630639ea1153b -s myproxy.cern.ch
 output : username: 9cd94953387eeee7bf4da2b7588630639ea1153b
owner: /DC=ch/DC=cern/OU=Organic Units/OU=Users/CN=sthakur/CN=764789/CN=Shalini Thakur
  renewal policy: /DC=ch/DC=cern/OU=computers/CN=vocms(052|058|030|0118|0105|0109).cern.ch|/DC=ch/DC=cern/OU=computers/CN=crab-(preprod|prod)-tw(02|01).cern.ch
  trusted retrieval policy: /DC=ch/DC=cern/OU=computers/CN=vocms(052|058|030|0118|0105|0109).cern.ch|/DC=ch/DC=cern/OU=computers/CN=crab-(preprod|prod)-tw(02|01).cern.ch
  timeleft: 504:34:42  (21.0 days)

 error: 
 retcode : 0
DEBUG 2019-11-03 18:03:18.122 UTC: 	 Myproxy is valid: 1816482
DEBUG 2019-11-03 18:03:18.123 UTC: 	 Command use: status
DEBUG 2019-11-03 18:03:18.123 UTC: 	 Options use: []
DEBUG 2019-11-03 18:03:18.217 UTC: 	 CRABClient version: 3.3.1910.patch2
DEBUG 2019-11-03 18:03:18.217 UTC: 	 Instance is prod
DEBUG 2019-11-03 18:03:18.217 UTC: 	 Server base url is cmsweb.cern.ch
DEBUG 2019-11-03 18:03:18.217 UTC: 	 Command url /crabserver/prod/workflow
DEBUG 2019-11-03 18:03:18.487 UTC: 	 Got information from server oracle database: {u'result': [u'191101_121741:sthakur_crab_ExLepMuMuZ_M5000_MC_20191101', u'None', u'None', u'SUBMITTED', u'SUBMIT', u'2019-11-01 12:17:41.950469', u'None', u'2019-11-01 12:18:23.961955', u'None', u'CMSSW_10_4_0', u'slc7_amd64_gcc700', u'/ExcitedLepton_MuMuZ-5000_TuneCP5_13TeV-pythia8/RunIIFall17MiniAODv2-PU2017_12Apr2018_94X_mc2017_realistic_v14-v1/MINIAODSIM', u'T', u'0', u'[]', u'[]', u'FileBased', u"{'splitOnRun': False, 'halt_job_on_file_boundaries': False, 'files_per_job': 10, 'runs': [], 'lumis': []}", u'e9535b3b7630ae3a52de718c0efd4b067d439ed9979ecd87621746c9798977d6.tar.gz', u'https://cmsweb.cern.ch/crabcache', u'sthakur', u'/DC=ch/DC=cern/OU=Organic Units/OU=Users/CN=sthakur/CN=764789/CN=Shalini Thakur', u'cms', u'None', u'None', u'ExLepMuMuZ_M5000_MC_20191101-00000000000000000000000000000000', u'F', u'T2_IN_TIFR', u'https://cmsweb.cern.ch/dbs/prod/global/DBSReader', u'https://cmsweb.cern.ch/dbs/prod/phys03/DBSWriter', u'T', u'[]', u"['ExLepMuMuZ_M5000_MC_20191101_Ntuple.root']", u'[]', u'Analysis', u'pythia', u'None', u'{}', u'[]', u'F', u'crab-prod-tw01', u'[]', u'1250', u'1', u'2000', u'10', u'None', u'[]', u'http://vocms0121.cern.ch/mon/cms251/191101_121741:sthakur_crab_ExLepMuMuZ_M5000_MC_20191101', u'None', u'[]', u'[]', u'https://cmsweb.cern.ch/crabserver/prod', u'cmsgwms-collector-global.cern.ch:9620,cmssrv623.fnal.gov:9620', u'crab3@vocms0121.cern.ch', u'F', u'[]', u'T', u'/store/user/sthakur/ntuple_for2017MC_20191101/MC_20191101/ExLepMuMuZ_M5000_MC_20191101', u'F', u'None', u'F', u'None', u'ExcitedLepton_MuMuZ-5000_TuneCP5_13TeV-pythia8', u'None', u'21abb952064d3b80c6c823716f1d0f1196f429cc32d4f4cee739c44d742128bb.tar.gz', u'45910316', u'filetransfers', u'F', u'2001:1458:d00:2e::100:9b', u'0.0', u'None'], u'desc': {u'columns': [u'tm_taskname', u'tm_activity', u'panda_jobset_id', u'tm_task_status', u'tm_task_command', u'tm_start_time', u'tm_start_injection', u'tm_end_injection', u'tm_task_failure', u'tm_job_sw', u'tm_job_arch', u'tm_input_dataset', u'tm_nonvalid_input_dataset', u'tm_use_parent', u'tm_site_whitelist', u'tm_site_blacklist', u'tm_split_algo', u'tm_split_args', u'tm_user_sandbox', u'tm_cache_url', u'tm_username', u'tm_user_dn', u'tm_user_vo', u'tm_user_role', u'tm_user_group', u'tm_publish_name', u'tm_publish_groupname', u'tm_asyncdest', u'tm_dbs_url', u'tm_publish_dbs_url', u'tm_publication', u'tm_outfiles', u'tm_tfile_outfiles', u'tm_edm_outfiles', u'tm_job_type', u'tm_generator', u'tm_events_per_lumi', u'tm_arguments', u'panda_resubmitted_jobs', u'tm_save_logs', u'tw_name', u'tm_user_infiles', u'tm_maxjobruntime', u'tm_numcores', u'tm_maxmemory', u'tm_priority', u'tm_output_dataset', u'tm_task_warnings', u'tm_user_webdir', u'tm_scriptexe', u'tm_scriptargs', u'tm_extrajdl', u'tm_asourl', u'tm_collector', u'tm_schedd', u'tm_dry_run', u'tm_user_files', u'tm_transfer_outputs', u'tm_output_lfn', u'tm_ignore_locality', u'tm_fail_limit', u'tm_one_event_mode', u'tm_secondary_input_dataset', u'tm_primary_dataset', u'tm_last_publication', u'tm_debug_files', u'clusterid', u'tm_asodb', u'tm_ignore_global_blacklist', u'tm_submitter_ip_addr', u'tm_totalunits', u'tm_ddm_reqid']}}
INFO 2019-11-03 18:03:18.488 UTC: 	 CRAB project directory:		/afs/cern.ch/work/s/sthakur/xRavindra/MiniTree2017Data/CMSSW_10_4_0/src/ExLep2017Crab/crab/CrabMC_20191101/crab_ExLepMuMuZ_M5000_MC_20191101
INFO 2019-11-03 18:03:18.488 UTC: 	 Task name:			191101_121741:sthakur_crab_ExLepMuMuZ_M5000_MC_20191101
INFO 2019-11-03 18:03:18.488 UTC: 	 Grid scheduler - Task Worker:	crab3@vocms0121.cern.ch - crab-prod-tw01
INFO 2019-11-03 18:03:18.488 UTC: 	 Status on the CRAB server:	SUBMITTED
INFO 2019-11-03 18:03:18.488 UTC: 	 Task URL to use for HELP:	https://cmsweb.cern.ch/crabserver/ui/task/191101_121741%3Asthakur_crab_ExLepMuMuZ_M5000_MC_20191101
INFO 2019-11-03 18:03:18.489 UTC: 	 Dashboard monitoring URL:	https://monit-grafana.cern.ch/d/cmsTMDetail/cms-task-monitoring-task-view?orgId=11&var-user=sthakur&var-task=191101_121741%3Asthakur_crab_ExLepMuMuZ_M5000_MC_20191101
INFO 2019-11-03 18:03:18.489 UTC: 	 In case of issues with the dashboard, please provide feedback to hn-cms-computing-tools@cern.ch
DEBUG 2019-11-03 18:03:18.489 UTC: 	 The CRAB server submitted your task to the Grid scheduler (cluster ID: 45910316)
DEBUG 2019-11-03 18:03:18.489 UTC: 	 Webdir is located at http://vocms0121.cern.ch/mon/cms251/191101_121741:sthakur_crab_ExLepMuMuZ_M5000_MC_20191101
DEBUG 2019-11-03 18:03:18.568 UTC: 	 Proxied webdir is located at https://cmsweb.cern.ch/scheddmon/0121/cms251/191101_121741:sthakur_crab_ExLepMuMuZ_M5000_MC_20191101
DEBUG 2019-11-03 18:03:18.568 UTC: 	 Retrieving 'status_cache' file from https://cmsweb.cern.ch/scheddmon/0121/cms251/191101_121741:sthakur_crab_ExLepMuMuZ_M5000_MC_20191101/status_cache
DEBUG 2019-11-03 18:03:18.627 UTC: 	 Got information from status cache file: {'1': {'Retries': 0, 'WallDurations': [8.0, 2534.0], 'StartTimes': [1572610930.0], 'SubmitTimes': [1572610718.0], 'JobIds': ['45910319.0'], 'EndTimes': [1572613464.0], 'Restarts': 0, 'RecordedSite': True, 'State': 'finished', 'ResidentSetSize': [783280], 'TotalUserCpuTimeHistory': [1402], 'SiteHistory': ['Unknown', 'T2_US_Caltech'], 'TotalSysCpuTimeHistory': [78]}, '2': {'Retries': 0, 'WallDurations': [8.0, 1413.0], 'StartTimes': [1572610916.0], 'SubmitTimes': [1572610718.0], 'JobIds': ['45910320.0'], 'EndTimes': [1572612329.0], 'Restarts': 0, 'RecordedSite': True, 'State': 'finished', 'ResidentSetSize': [879792], 'TotalUserCpuTimeHistory': [874], 'SiteHistory': ['Unknown', 'T2_US_Florida'], 'TotalSysCpuTimeHistory': [46]}}
INFO 2019-11-03 18:03:18.627 UTC: 	 Status on the scheduler:	COMPLETED
INFO 2019-11-03 18:03:18.627 UTC: 	 
Jobs status:                    finished     		100.0% (2/2)
INFO 2019-11-03 18:03:18.766 UTC: 	 
No publication information available yet
INFO 2019-11-03 18:03:18.766 UTC: 	 
Warning: the max jobs runtime is less than 30% of the task requested value (1250 min), please consider to request a lower value for failed jobs (allowed through crab resubmit) and/or improve the jobs splitting (e.g. config.Data.splitting = 'Automatic') in a new task.
INFO 2019-11-03 18:03:18.766 UTC: 	 
Summary of run jobs:
 * Memory: 764MB min, 859MB max, 812MB ave
 * Runtime: 0:23:33 min, 0:42:14 max, 0:32:53 ave
 * CPU eff: 58% min, 65% max, 61% ave
 * Waste: 0:00:16 (0% of total)

DEBUG 2019-11-03 18:03:18.770 UTC: 	 Requesting resubmission of failed jobs in task 191101_121741:sthakur_crab_ExLepMuMuZ_M5000_MC_20191101
ERROR 2019-11-03 18:03:18.770 UTC: 	 Found no jobs to resubmit. Only jobs in status failed can be resubmitted. Jobs in status finished can also be resubmitted, but only if the jobids are specified and the force option is set.
ERROR 2019-11-03 18:03:18.770 UTC: 	 Caught exception
Traceback (most recent call last):
  File "/cvmfs/cms.cern.ch/crab3/slc6_amd64_gcc493/cms/crabclient/3.3.1910.patch2/bin/crab", line 160, in <module>
    client()
  File "/cvmfs/cms.cern.ch/crab3/slc6_amd64_gcc493/cms/crabclient/3.3.1910.patch2/bin/crab", line 147, in __call__
    self.cmd()
  File "/cvmfs/cms.cern.ch/crab3/slc6_amd64_gcc493/cms/crabclient/3.3.1910.patch2/lib/python2.7/site-packages/CRABClient/Commands/resubmit.py", line 63, in __call__
    self.jobids = self.processJobIds(jobList)
  File "/cvmfs/cms.cern.ch/crab3/slc6_amd64_gcc493/cms/crabclient/3.3.1910.patch2/lib/python2.7/site-packages/CRABClient/Commands/resubmit.py", line 172, in processJobIds
    raise ConfigurationException(msg)
ConfigurationException: Found no jobs to resubmit. Only jobs in status failed can be resubmitted. Jobs in status finished can also be resubmitted, but only if the jobids are specified and the force option is set.
DEBUG 2019-11-04 17:53:04.795 UTC: 	 Running on: Linux lxplus794.cern.ch 3.10.0-1062.4.1.el7.x86_64 #1 SMP Fri Oct 18 17:15:30 UTC 2019 x86_64 x86_64 x86_64 GNU/Linux
Description:	CentOS Linux release 7.7.1908 (Core) 

DEBUG 2019-11-04 17:53:04.795 UTC: 	 Executing command: 'status'
DEBUG 2019-11-04 17:53:04.795 UTC: 	 Found CRAB cache file /afs/cern.ch/user/s/sthakur/.crab3
DEBUG 2019-11-04 17:53:04.822 UTC: 	 Checking credentials
DEBUG 2019-11-04 17:53:04.823 UTC: 	 Found proxy file /tmp/x509up_u77410
DEBUG 2019-11-04 17:53:04.823 UTC: 	 Getting proxy life time left
DEBUG 2019-11-04 17:53:05.528 UTC: 	 Executing : 
 command : voms-proxy-info -file /tmp/x509up_u77410 -timeleft
 output : 43004

 error: 
 retcode : 0
DEBUG 2019-11-04 17:53:06.135 UTC: 	 Executing : 
 command : voms-proxy-info -file /tmp/x509up_u77410 -actimeleft
 output : 43003

 error: 
 retcode : 0
DEBUG 2019-11-04 17:53:06.135 UTC: 	 Proxy lifetime 43004 secs is different from voms extension lifetime 43003 secs for proxy: /tmp/x509up_u77410
DEBUG 2019-11-04 17:53:06.135 UTC: 	 Proxy valid for 11:56:43 hours
DEBUG 2019-11-04 17:53:06.283 UTC: 	 Executing : 
 command : openssl x509 -in ~/.globus/usercert.pem -subject -noout
 output : subject= /DC=ch/DC=cern/OU=Organic Units/OU=Users/CN=sthakur/CN=764789/CN=Shalini Thakur

 error: 
 retcode : 0
DEBUG 2019-11-04 17:53:06.284 UTC: 	 Checking credentials
DEBUG 2019-11-04 17:53:06.284 UTC: 	 Found proxy file /tmp/x509up_u77410
DEBUG 2019-11-04 17:53:06.284 UTC: 	 Getting proxy life time left
DEBUG 2019-11-04 17:53:06.994 UTC: 	 Executing : 
 command : voms-proxy-info -file /tmp/x509up_u77410 -timeleft
 output : 43003

 error: 
 retcode : 0
DEBUG 2019-11-04 17:53:07.700 UTC: 	 Executing : 
 command : voms-proxy-info -file /tmp/x509up_u77410 -actimeleft
 output : 43002

 error: 
 retcode : 0
DEBUG 2019-11-04 17:53:07.701 UTC: 	 Proxy lifetime 43003 secs is different from voms extension lifetime 43002 secs for proxy: /tmp/x509up_u77410
DEBUG 2019-11-04 17:53:07.701 UTC: 	 Proxy valid for 11:56:42 hours
DEBUG 2019-11-04 17:53:07.902 UTC: 	 Registering user credentials for server /DC=ch/DC=cern/OU=computers/CN=vocms(052|058|030|0118|0105|0109).cern.ch|/DC=ch/DC=cern/OU=computers/CN=crab-(preprod|prod)-tw(02|01).cern.ch
DEBUG 2019-11-04 17:53:08.018 UTC: 	 Executing : 
 command : openssl x509 -in ~/.globus/usercert.pem -subject -noout
 output : subject= /DC=ch/DC=cern/OU=Organic Units/OU=Users/CN=sthakur/CN=764789/CN=Shalini Thakur

 error: 
 retcode : 0
DEBUG 2019-11-04 17:53:08.019 UTC: 	 Getting myproxy life time left for myproxy.cern.ch
DEBUG 2019-11-04 17:53:08.019 UTC: 	 Calculating hash of /DC=ch/DC=cern/OU=Organic Units/OU=Users/CN=sthakur/CN=764789/CN=Shalini Thakur_cmsweb.cern.ch for credential name
DEBUG 2019-11-04 17:53:08.224 UTC: 	 Executing : 
 command : myproxy-info -l 9cd94953387eeee7bf4da2b7588630639ea1153b -s myproxy.cern.ch
 output : username: 9cd94953387eeee7bf4da2b7588630639ea1153b
owner: /DC=ch/DC=cern/OU=Organic Units/OU=Users/CN=sthakur/CN=764789/CN=Shalini Thakur
  renewal policy: /DC=ch/DC=cern/OU=computers/CN=vocms(052|058|030|0118|0105|0109).cern.ch|/DC=ch/DC=cern/OU=computers/CN=crab-(preprod|prod)-tw(02|01).cern.ch
  trusted retrieval policy: /DC=ch/DC=cern/OU=computers/CN=vocms(052|058|030|0118|0105|0109).cern.ch|/DC=ch/DC=cern/OU=computers/CN=crab-(preprod|prod)-tw(02|01).cern.ch
  timeleft: 480:44:52  (20.0 days)

 error: 
 retcode : 0
DEBUG 2019-11-04 17:53:08.225 UTC: 	 Myproxy is valid: 1730692
DEBUG 2019-11-04 17:53:08.225 UTC: 	 Command use: status
DEBUG 2019-11-04 17:53:08.225 UTC: 	 Options use: ['--verboseErrors', 'CrabMC_20191101/crab_ExLepMuMuZ_M5000_MC_20191101']
DEBUG 2019-11-04 17:53:08.329 UTC: 	 CRABClient version: 3.3.1910.patch2
DEBUG 2019-11-04 17:53:08.330 UTC: 	 Instance is prod
DEBUG 2019-11-04 17:53:08.330 UTC: 	 Server base url is cmsweb.cern.ch
DEBUG 2019-11-04 17:53:08.330 UTC: 	 Command url /crabserver/prod/workflow
DEBUG 2019-11-04 17:53:08.447 UTC: 	 Got information from server oracle database: {u'result': [u'191101_121741:sthakur_crab_ExLepMuMuZ_M5000_MC_20191101', u'None', u'None', u'SUBMITTED', u'SUBMIT', u'2019-11-01 12:17:41.950469', u'None', u'2019-11-01 12:18:23.961955', u'None', u'CMSSW_10_4_0', u'slc7_amd64_gcc700', u'/ExcitedLepton_MuMuZ-5000_TuneCP5_13TeV-pythia8/RunIIFall17MiniAODv2-PU2017_12Apr2018_94X_mc2017_realistic_v14-v1/MINIAODSIM', u'T', u'0', u'[]', u'[]', u'FileBased', u"{'splitOnRun': False, 'halt_job_on_file_boundaries': False, 'files_per_job': 10, 'runs': [], 'lumis': []}", u'e9535b3b7630ae3a52de718c0efd4b067d439ed9979ecd87621746c9798977d6.tar.gz', u'https://cmsweb.cern.ch/crabcache', u'sthakur', u'/DC=ch/DC=cern/OU=Organic Units/OU=Users/CN=sthakur/CN=764789/CN=Shalini Thakur', u'cms', u'None', u'None', u'ExLepMuMuZ_M5000_MC_20191101-00000000000000000000000000000000', u'F', u'T2_IN_TIFR', u'https://cmsweb.cern.ch/dbs/prod/global/DBSReader', u'https://cmsweb.cern.ch/dbs/prod/phys03/DBSWriter', u'T', u'[]', u"['ExLepMuMuZ_M5000_MC_20191101_Ntuple.root']", u'[]', u'Analysis', u'pythia', u'None', u'{}', u'[]', u'F', u'crab-prod-tw01', u'[]', u'1250', u'1', u'2000', u'10', u'None', u'[]', u'http://vocms0121.cern.ch/mon/cms251/191101_121741:sthakur_crab_ExLepMuMuZ_M5000_MC_20191101', u'None', u'[]', u'[]', u'https://cmsweb.cern.ch/crabserver/prod', u'cmsgwms-collector-global.cern.ch:9620,cmssrv623.fnal.gov:9620', u'crab3@vocms0121.cern.ch', u'F', u'[]', u'T', u'/store/user/sthakur/ntuple_for2017MC_20191101/MC_20191101/ExLepMuMuZ_M5000_MC_20191101', u'F', u'None', u'F', u'None', u'ExcitedLepton_MuMuZ-5000_TuneCP5_13TeV-pythia8', u'None', u'21abb952064d3b80c6c823716f1d0f1196f429cc32d4f4cee739c44d742128bb.tar.gz', u'45910316', u'filetransfers', u'F', u'2001:1458:d00:2e::100:9b', u'0.0', u'None'], u'desc': {u'columns': [u'tm_taskname', u'tm_activity', u'panda_jobset_id', u'tm_task_status', u'tm_task_command', u'tm_start_time', u'tm_start_injection', u'tm_end_injection', u'tm_task_failure', u'tm_job_sw', u'tm_job_arch', u'tm_input_dataset', u'tm_nonvalid_input_dataset', u'tm_use_parent', u'tm_site_whitelist', u'tm_site_blacklist', u'tm_split_algo', u'tm_split_args', u'tm_user_sandbox', u'tm_cache_url', u'tm_username', u'tm_user_dn', u'tm_user_vo', u'tm_user_role', u'tm_user_group', u'tm_publish_name', u'tm_publish_groupname', u'tm_asyncdest', u'tm_dbs_url', u'tm_publish_dbs_url', u'tm_publication', u'tm_outfiles', u'tm_tfile_outfiles', u'tm_edm_outfiles', u'tm_job_type', u'tm_generator', u'tm_events_per_lumi', u'tm_arguments', u'panda_resubmitted_jobs', u'tm_save_logs', u'tw_name', u'tm_user_infiles', u'tm_maxjobruntime', u'tm_numcores', u'tm_maxmemory', u'tm_priority', u'tm_output_dataset', u'tm_task_warnings', u'tm_user_webdir', u'tm_scriptexe', u'tm_scriptargs', u'tm_extrajdl', u'tm_asourl', u'tm_collector', u'tm_schedd', u'tm_dry_run', u'tm_user_files', u'tm_transfer_outputs', u'tm_output_lfn', u'tm_ignore_locality', u'tm_fail_limit', u'tm_one_event_mode', u'tm_secondary_input_dataset', u'tm_primary_dataset', u'tm_last_publication', u'tm_debug_files', u'clusterid', u'tm_asodb', u'tm_ignore_global_blacklist', u'tm_submitter_ip_addr', u'tm_totalunits', u'tm_ddm_reqid']}}
INFO 2019-11-04 17:53:08.448 UTC: 	 CRAB project directory:		/afs/cern.ch/work/s/sthakur/xRavindra/MiniTree2017Data/CMSSW_10_4_0/src/ExLep2017Crab/crab/CrabMC_20191101/crab_ExLepMuMuZ_M5000_MC_20191101
INFO 2019-11-04 17:53:08.448 UTC: 	 Task name:			191101_121741:sthakur_crab_ExLepMuMuZ_M5000_MC_20191101
INFO 2019-11-04 17:53:08.448 UTC: 	 Grid scheduler - Task Worker:	crab3@vocms0121.cern.ch - crab-prod-tw01
INFO 2019-11-04 17:53:08.448 UTC: 	 Status on the CRAB server:	SUBMITTED
INFO 2019-11-04 17:53:08.448 UTC: 	 Task URL to use for HELP:	https://cmsweb.cern.ch/crabserver/ui/task/191101_121741%3Asthakur_crab_ExLepMuMuZ_M5000_MC_20191101
INFO 2019-11-04 17:53:08.449 UTC: 	 Dashboard monitoring URL:	https://monit-grafana.cern.ch/d/cmsTMDetail/cms-task-monitoring-task-view?orgId=11&var-user=sthakur&var-task=191101_121741%3Asthakur_crab_ExLepMuMuZ_M5000_MC_20191101
INFO 2019-11-04 17:53:08.449 UTC: 	 In case of issues with the dashboard, please provide feedback to hn-cms-computing-tools@cern.ch
DEBUG 2019-11-04 17:53:08.449 UTC: 	 The CRAB server submitted your task to the Grid scheduler (cluster ID: 45910316)
DEBUG 2019-11-04 17:53:08.449 UTC: 	 Webdir is located at http://vocms0121.cern.ch/mon/cms251/191101_121741:sthakur_crab_ExLepMuMuZ_M5000_MC_20191101
DEBUG 2019-11-04 17:53:08.532 UTC: 	 Proxied webdir is located at https://cmsweb.cern.ch/scheddmon/0121/cms251/191101_121741:sthakur_crab_ExLepMuMuZ_M5000_MC_20191101
DEBUG 2019-11-04 17:53:08.533 UTC: 	 Retrieving 'status_cache' file from https://cmsweb.cern.ch/scheddmon/0121/cms251/191101_121741:sthakur_crab_ExLepMuMuZ_M5000_MC_20191101/status_cache
DEBUG 2019-11-04 17:53:09.090 UTC: 	 Got information from status cache file: {'1': {'Retries': 0, 'WallDurations': [8.0, 2534.0], 'StartTimes': [1572610930.0], 'SubmitTimes': [1572610718.0], 'JobIds': ['45910319.0'], 'EndTimes': [1572613464.0], 'Restarts': 0, 'RecordedSite': True, 'State': 'finished', 'ResidentSetSize': [783280], 'TotalUserCpuTimeHistory': [1402], 'SiteHistory': ['Unknown', 'T2_US_Caltech'], 'TotalSysCpuTimeHistory': [78]}, '2': {'Retries': 0, 'WallDurations': [8.0, 1413.0], 'StartTimes': [1572610916.0], 'SubmitTimes': [1572610718.0], 'JobIds': ['45910320.0'], 'EndTimes': [1572612329.0], 'Restarts': 0, 'RecordedSite': True, 'State': 'finished', 'ResidentSetSize': [879792], 'TotalUserCpuTimeHistory': [874], 'SiteHistory': ['Unknown', 'T2_US_Florida'], 'TotalSysCpuTimeHistory': [46]}}
INFO 2019-11-04 17:53:09.090 UTC: 	 Status on the scheduler:	COMPLETED
INFO 2019-11-04 17:53:09.090 UTC: 	 
Jobs status:                    finished     		100.0% (2/2)
INFO 2019-11-04 17:53:09.168 UTC: 	 
No publication information available yet
INFO 2019-11-04 17:53:09.170 UTC: 	 
Warning: the max jobs runtime is less than 30% of the task requested value (1250 min), please consider to request a lower value for failed jobs (allowed through crab resubmit) and/or improve the jobs splitting (e.g. config.Data.splitting = 'Automatic') in a new task.
INFO 2019-11-04 17:53:09.170 UTC: 	 
Summary of run jobs:
 * Memory: 764MB min, 859MB max, 812MB ave
 * Runtime: 0:23:33 min, 0:42:14 max, 0:32:53 ave
 * CPU eff: 58% min, 65% max, 61% ave
 * Waste: 0:00:16 (0% of total)

INFO 2019-11-04 17:53:09.202 UTC: 	 Log file is /afs/cern.ch/work/s/sthakur/xRavindra/MiniTree2017Data/CMSSW_10_4_0/src/ExLep2017Crab/crab/CrabMC_20191101/crab_ExLepMuMuZ_M5000_MC_20191101/crab.log
DEBUG 2019-11-11 18:33:06.134 UTC: 	 Running on: Linux lxplus745.cern.ch 3.10.0-1062.4.1.el7.x86_64 #1 SMP Fri Oct 18 17:15:30 UTC 2019 x86_64 x86_64 x86_64 GNU/Linux - CentOS Linux 7 (Core)
DEBUG 2019-11-11 18:33:06.143 UTC: 	 OpenSSl version: OpenSSL 1.0.2h  3 May 2016
DEBUG 2019-11-11 18:33:06.143 UTC: 	 Executing command: 'status'
DEBUG 2019-11-11 18:33:06.143 UTC: 	 Found CRAB cache file /afs/cern.ch/user/s/sthakur/.crab3
DEBUG 2019-11-11 18:33:06.156 UTC: 	 Checking credentials
DEBUG 2019-11-11 18:33:06.156 UTC: 	 Found proxy file /tmp/x509up_u77410
DEBUG 2019-11-11 18:33:06.156 UTC: 	 Getting proxy life time left
DEBUG 2019-11-11 18:33:06.863 UTC: 	 Executing : 
 command : voms-proxy-info -file /tmp/x509up_u77410 -timeleft
 output : 38874

 error: 
 retcode : 0
DEBUG 2019-11-11 18:33:07.569 UTC: 	 Executing : 
 command : voms-proxy-info -file /tmp/x509up_u77410 -actimeleft
 output : 38873

 error: 
 retcode : 0
DEBUG 2019-11-11 18:33:07.569 UTC: 	 Proxy lifetime 38874 secs is different from voms extension lifetime 38873 secs for proxy: /tmp/x509up_u77410
DEBUG 2019-11-11 18:33:07.569 UTC: 	 Proxy valid for 10:47:53 hours
DEBUG 2019-11-11 18:33:07.790 UTC: 	 Executing : 
 command : openssl x509 -in ~/.globus/usercert.pem -subject -noout
 output : subject= /DC=ch/DC=cern/OU=Organic Units/OU=Users/CN=sthakur/CN=764789/CN=Shalini Thakur

 error: 
 retcode : 0
DEBUG 2019-11-11 18:33:07.790 UTC: 	 Checking credentials
DEBUG 2019-11-11 18:33:07.791 UTC: 	 Found proxy file /tmp/x509up_u77410
DEBUG 2019-11-11 18:33:07.791 UTC: 	 Getting proxy life time left
DEBUG 2019-11-11 18:33:08.497 UTC: 	 Executing : 
 command : voms-proxy-info -file /tmp/x509up_u77410 -timeleft
 output : 38872

 error: 
 retcode : 0
DEBUG 2019-11-11 18:33:09.207 UTC: 	 Executing : 
 command : voms-proxy-info -file /tmp/x509up_u77410 -actimeleft
 output : 38871

 error: 
 retcode : 0
DEBUG 2019-11-11 18:33:09.207 UTC: 	 Proxy lifetime 38872 secs is different from voms extension lifetime 38871 secs for proxy: /tmp/x509up_u77410
DEBUG 2019-11-11 18:33:09.207 UTC: 	 Proxy valid for 10:47:51 hours
DEBUG 2019-11-11 18:33:09.290 UTC: 	 Registering user credentials for server /DC=ch/DC=cern/OU=computers/CN=vocms(052|058|030|0118|0105|0109).cern.ch|/DC=ch/DC=cern/OU=computers/CN=crab-(preprod|prod)-tw(02|01).cern.ch
DEBUG 2019-11-11 18:33:09.402 UTC: 	 Executing : 
 command : openssl x509 -in ~/.globus/usercert.pem -subject -noout
 output : subject= /DC=ch/DC=cern/OU=Organic Units/OU=Users/CN=sthakur/CN=764789/CN=Shalini Thakur

 error: 
 retcode : 0
DEBUG 2019-11-11 18:33:09.403 UTC: 	 Getting myproxy life time left for myproxy.cern.ch
DEBUG 2019-11-11 18:33:09.403 UTC: 	 Calculating hash of /DC=ch/DC=cern/OU=Organic Units/OU=Users/CN=sthakur/CN=764789/CN=Shalini Thakur_cmsweb.cern.ch for credential name
DEBUG 2019-11-11 18:33:09.607 UTC: 	 Executing : 
 command : myproxy-info -l 9cd94953387eeee7bf4da2b7588630639ea1153b -s myproxy.cern.ch
 output : username: 9cd94953387eeee7bf4da2b7588630639ea1153b
owner: /DC=ch/DC=cern/OU=Organic Units/OU=Users/CN=sthakur/CN=764789/CN=Shalini Thakur
  renewal policy: /DC=ch/DC=cern/OU=computers/CN=vocms(052|058|030|0118|0105|0109).cern.ch|/DC=ch/DC=cern/OU=computers/CN=crab-(preprod|prod)-tw(02|01).cern.ch
  trusted retrieval policy: /DC=ch/DC=cern/OU=computers/CN=vocms(052|058|030|0118|0105|0109).cern.ch|/DC=ch/DC=cern/OU=computers/CN=crab-(preprod|prod)-tw(02|01).cern.ch
  timeleft: 711:00:10  (29.6 days)

 error: 
 retcode : 0
DEBUG 2019-11-11 18:33:09.608 UTC: 	 Myproxy is valid: 2559610
DEBUG 2019-11-11 18:33:09.609 UTC: 	 Command use: status
DEBUG 2019-11-11 18:33:09.609 UTC: 	 Options use: ['--verboseErrors', 'CrabMC_20191101/crab_ExLepMuMuZ_M5000_MC_20191101']
DEBUG 2019-11-11 18:33:09.681 UTC: 	 CRABClient version: 3.3.1911
DEBUG 2019-11-11 18:33:09.681 UTC: 	 Instance is prod
DEBUG 2019-11-11 18:33:09.681 UTC: 	 Server base url is cmsweb.cern.ch
DEBUG 2019-11-11 18:33:09.682 UTC: 	 Command url /crabserver/prod/workflow
DEBUG 2019-11-11 18:33:09.761 UTC: 	 Got information from server oracle database: {u'result': [u'191101_121741:sthakur_crab_ExLepMuMuZ_M5000_MC_20191101', u'None', u'None', u'SUBMITTED', u'SUBMIT', u'2019-11-01 12:17:41.950469', u'None', u'2019-11-01 12:18:23.961955', u'None', u'CMSSW_10_4_0', u'slc7_amd64_gcc700', u'/ExcitedLepton_MuMuZ-5000_TuneCP5_13TeV-pythia8/RunIIFall17MiniAODv2-PU2017_12Apr2018_94X_mc2017_realistic_v14-v1/MINIAODSIM', u'T', u'0', u'[]', u'[]', u'FileBased', u"{'splitOnRun': False, 'halt_job_on_file_boundaries': False, 'files_per_job': 10, 'runs': [], 'lumis': []}", u'e9535b3b7630ae3a52de718c0efd4b067d439ed9979ecd87621746c9798977d6.tar.gz', u'https://cmsweb.cern.ch/crabcache', u'sthakur', u'/DC=ch/DC=cern/OU=Organic Units/OU=Users/CN=sthakur/CN=764789/CN=Shalini Thakur', u'cms', u'None', u'None', u'ExLepMuMuZ_M5000_MC_20191101-00000000000000000000000000000000', u'F', u'T2_IN_TIFR', u'https://cmsweb.cern.ch/dbs/prod/global/DBSReader', u'https://cmsweb.cern.ch/dbs/prod/phys03/DBSWriter', u'T', u'[]', u"['ExLepMuMuZ_M5000_MC_20191101_Ntuple.root']", u'[]', u'Analysis', u'pythia', u'None', u'{}', u'[]', u'F', u'crab-prod-tw01', u'[]', u'1250', u'1', u'2000', u'10', u'None', u'[]', u'http://vocms0121.cern.ch/mon/cms251/191101_121741:sthakur_crab_ExLepMuMuZ_M5000_MC_20191101', u'None', u'[]', u'[]', u'https://cmsweb.cern.ch/crabserver/prod', u'cmsgwms-collector-global.cern.ch:9620,cmssrv623.fnal.gov:9620', u'crab3@vocms0121.cern.ch', u'F', u'[]', u'T', u'/store/user/sthakur/ntuple_for2017MC_20191101/MC_20191101/ExLepMuMuZ_M5000_MC_20191101', u'F', u'None', u'F', u'None', u'ExcitedLepton_MuMuZ-5000_TuneCP5_13TeV-pythia8', u'None', u'21abb952064d3b80c6c823716f1d0f1196f429cc32d4f4cee739c44d742128bb.tar.gz', u'45910316', u'filetransfers', u'F', u'2001:1458:d00:2e::100:9b', u'0.0', u'None'], u'desc': {u'columns': [u'tm_taskname', u'tm_activity', u'panda_jobset_id', u'tm_task_status', u'tm_task_command', u'tm_start_time', u'tm_start_injection', u'tm_end_injection', u'tm_task_failure', u'tm_job_sw', u'tm_job_arch', u'tm_input_dataset', u'tm_nonvalid_input_dataset', u'tm_use_parent', u'tm_site_whitelist', u'tm_site_blacklist', u'tm_split_algo', u'tm_split_args', u'tm_user_sandbox', u'tm_cache_url', u'tm_username', u'tm_user_dn', u'tm_user_vo', u'tm_user_role', u'tm_user_group', u'tm_publish_name', u'tm_publish_groupname', u'tm_asyncdest', u'tm_dbs_url', u'tm_publish_dbs_url', u'tm_publication', u'tm_outfiles', u'tm_tfile_outfiles', u'tm_edm_outfiles', u'tm_job_type', u'tm_generator', u'tm_events_per_lumi', u'tm_arguments', u'panda_resubmitted_jobs', u'tm_save_logs', u'tw_name', u'tm_user_infiles', u'tm_maxjobruntime', u'tm_numcores', u'tm_maxmemory', u'tm_priority', u'tm_output_dataset', u'tm_task_warnings', u'tm_user_webdir', u'tm_scriptexe', u'tm_scriptargs', u'tm_extrajdl', u'tm_asourl', u'tm_collector', u'tm_schedd', u'tm_dry_run', u'tm_user_files', u'tm_transfer_outputs', u'tm_output_lfn', u'tm_ignore_locality', u'tm_fail_limit', u'tm_one_event_mode', u'tm_secondary_input_dataset', u'tm_primary_dataset', u'tm_last_publication', u'tm_debug_files', u'clusterid', u'tm_asodb', u'tm_ignore_global_blacklist', u'tm_submitter_ip_addr', u'tm_totalunits', u'tm_ddm_reqid']}}
INFO 2019-11-11 18:33:09.761 UTC: 	 CRAB project directory:		/afs/cern.ch/work/s/sthakur/xRavindra/MiniTree2017Data/CMSSW_10_4_0/src/ExLep2017Crab/crab/CrabMC_20191101/crab_ExLepMuMuZ_M5000_MC_20191101
INFO 2019-11-11 18:33:09.761 UTC: 	 Task name:			191101_121741:sthakur_crab_ExLepMuMuZ_M5000_MC_20191101
INFO 2019-11-11 18:33:09.762 UTC: 	 Grid scheduler - Task Worker:	crab3@vocms0121.cern.ch - crab-prod-tw01
INFO 2019-11-11 18:33:09.762 UTC: 	 Status on the CRAB server:	SUBMITTED
INFO 2019-11-11 18:33:09.762 UTC: 	 Task URL to use for HELP:	https://cmsweb.cern.ch/crabserver/ui/task/191101_121741%3Asthakur_crab_ExLepMuMuZ_M5000_MC_20191101
INFO 2019-11-11 18:33:09.762 UTC: 	 Dashboard monitoring URL:	https://monit-grafana.cern.ch/d/cmsTMDetail/cms-task-monitoring-task-view?orgId=11&var-user=sthakur&var-task=191101_121741%3Asthakur_crab_ExLepMuMuZ_M5000_MC_20191101
INFO 2019-11-11 18:33:09.762 UTC: 	 In case of issues with the dashboard, please provide feedback to hn-cms-computing-tools@cern.ch
DEBUG 2019-11-11 18:33:09.762 UTC: 	 The CRAB server submitted your task to the Grid scheduler (cluster ID: 45910316)
DEBUG 2019-11-11 18:33:09.762 UTC: 	 Webdir is located at http://vocms0121.cern.ch/mon/cms251/191101_121741:sthakur_crab_ExLepMuMuZ_M5000_MC_20191101
DEBUG 2019-11-11 18:33:09.897 UTC: 	 Proxied webdir is located at https://cmsweb.cern.ch/scheddmon/0121/cms251/191101_121741:sthakur_crab_ExLepMuMuZ_M5000_MC_20191101
DEBUG 2019-11-11 18:33:09.897 UTC: 	 Retrieving 'status_cache' file from https://cmsweb.cern.ch/scheddmon/0121/cms251/191101_121741:sthakur_crab_ExLepMuMuZ_M5000_MC_20191101/status_cache
DEBUG 2019-11-11 18:33:10.239 UTC: 	 Got information from status cache file: {'1': {'Retries': 0, 'WallDurations': [8.0, 2534.0], 'StartTimes': [1572610930.0], 'SubmitTimes': [1572610718.0], 'JobIds': ['45910319.0'], 'EndTimes': [1572613464.0], 'Restarts': 0, 'RecordedSite': True, 'State': 'finished', 'ResidentSetSize': [783280], 'TotalUserCpuTimeHistory': [1402], 'SiteHistory': ['Unknown', 'T2_US_Caltech'], 'TotalSysCpuTimeHistory': [78]}, '2': {'Retries': 0, 'WallDurations': [8.0, 1413.0], 'StartTimes': [1572610916.0], 'SubmitTimes': [1572610718.0], 'JobIds': ['45910320.0'], 'EndTimes': [1572612329.0], 'Restarts': 0, 'RecordedSite': True, 'State': 'finished', 'ResidentSetSize': [879792], 'TotalUserCpuTimeHistory': [874], 'SiteHistory': ['Unknown', 'T2_US_Florida'], 'TotalSysCpuTimeHistory': [46]}}
INFO 2019-11-11 18:33:10.240 UTC: 	 Status on the scheduler:	COMPLETED
INFO 2019-11-11 18:33:10.240 UTC: 	 
Jobs status:                    finished     		100.0% (2/2)
INFO 2019-11-11 18:33:10.313 UTC: 	 
No publication information available yet
INFO 2019-11-11 18:33:10.313 UTC: 	 
Warning: the max jobs runtime is less than 30% of the task requested value (1250 min), please consider to request a lower value for failed jobs (allowed through crab resubmit) and/or improve the jobs splitting (e.g. config.Data.splitting = 'Automatic') in a new task.
INFO 2019-11-11 18:33:10.314 UTC: 	 
Summary of run jobs:
 * Memory: 764MB min, 859MB max, 812MB ave
 * Runtime: 0:23:33 min, 0:42:14 max, 0:32:53 ave
 * CPU eff: 58% min, 65% max, 61% ave
 * Waste: 0:00:16 (0% of total)

INFO 2019-11-11 18:33:10.324 UTC: 	 Log file is /afs/cern.ch/work/s/sthakur/xRavindra/MiniTree2017Data/CMSSW_10_4_0/src/ExLep2017Crab/crab/CrabMC_20191101/crab_ExLepMuMuZ_M5000_MC_20191101/crab.log
DEBUG 2019-11-11 18:48:58.186 UTC: 	 Running on: Linux lxplus714.cern.ch 3.10.0-1062.4.1.el7.x86_64 #1 SMP Fri Oct 18 17:15:30 UTC 2019 x86_64 x86_64 x86_64 GNU/Linux - CentOS Linux 7 (Core)
DEBUG 2019-11-11 18:48:58.205 UTC: 	 OpenSSl version: OpenSSL 1.0.2k-fips  26 Jan 2017 (Library: OpenSSL 1.0.2d-fips 9 Jul 2015)
DEBUG 2019-11-11 18:48:58.206 UTC: 	 Executing command: 'status'
DEBUG 2019-11-11 18:48:58.206 UTC: 	 Found CRAB cache file /afs/cern.ch/user/s/sthakur/.crab3
DEBUG 2019-11-11 18:48:58.262 UTC: 	 Checking credentials
DEBUG 2019-11-11 18:48:58.263 UTC: 	 Found proxy file /tmp/x509up_u77410
DEBUG 2019-11-11 18:48:58.263 UTC: 	 Getting proxy life time left
DEBUG 2019-11-11 18:48:58.973 UTC: 	 Executing : 
 command : voms-proxy-info -file /tmp/x509up_u77410 -timeleft
 output : 43053

 error: 
 retcode : 0
DEBUG 2019-11-11 18:48:59.680 UTC: 	 Executing : 
 command : voms-proxy-info -file /tmp/x509up_u77410 -actimeleft
 output : 43052

 error: 
 retcode : 0
DEBUG 2019-11-11 18:48:59.681 UTC: 	 Proxy lifetime 43053 secs is different from voms extension lifetime 43052 secs for proxy: /tmp/x509up_u77410
DEBUG 2019-11-11 18:48:59.681 UTC: 	 Proxy valid for 11:57:32 hours
DEBUG 2019-11-11 18:48:59.915 UTC: 	 Executing : 
 command : openssl x509 -in ~/.globus/usercert.pem -subject -noout
 output : subject= /DC=ch/DC=cern/OU=Organic Units/OU=Users/CN=sthakur/CN=764789/CN=Shalini Thakur

 error: 
 retcode : 0
DEBUG 2019-11-11 18:48:59.915 UTC: 	 Checking credentials
DEBUG 2019-11-11 18:48:59.915 UTC: 	 Found proxy file /tmp/x509up_u77410
DEBUG 2019-11-11 18:48:59.915 UTC: 	 Getting proxy life time left
DEBUG 2019-11-11 18:49:00.625 UTC: 	 Executing : 
 command : voms-proxy-info -file /tmp/x509up_u77410 -timeleft
 output : 43051

 error: 
 retcode : 0
DEBUG 2019-11-11 18:49:01.333 UTC: 	 Executing : 
 command : voms-proxy-info -file /tmp/x509up_u77410 -actimeleft
 output : 43050

 error: 
 retcode : 0
DEBUG 2019-11-11 18:49:01.334 UTC: 	 Proxy lifetime 43051 secs is different from voms extension lifetime 43050 secs for proxy: /tmp/x509up_u77410
DEBUG 2019-11-11 18:49:01.334 UTC: 	 Proxy valid for 11:57:30 hours
DEBUG 2019-11-11 18:49:01.412 UTC: 	 Registering user credentials for server /DC=ch/DC=cern/OU=computers/CN=vocms(052|058|030|0118|0105|0109).cern.ch|/DC=ch/DC=cern/OU=computers/CN=crab-(preprod|prod)-tw(02|01).cern.ch
DEBUG 2019-11-11 18:49:01.526 UTC: 	 Executing : 
 command : openssl x509 -in ~/.globus/usercert.pem -subject -noout
 output : subject= /DC=ch/DC=cern/OU=Organic Units/OU=Users/CN=sthakur/CN=764789/CN=Shalini Thakur

 error: 
 retcode : 0
DEBUG 2019-11-11 18:49:01.526 UTC: 	 Getting myproxy life time left for myproxy.cern.ch
DEBUG 2019-11-11 18:49:01.527 UTC: 	 Calculating hash of /DC=ch/DC=cern/OU=Organic Units/OU=Users/CN=sthakur/CN=764789/CN=Shalini Thakur_cmsweb.cern.ch for credential name
DEBUG 2019-11-11 18:49:01.733 UTC: 	 Executing : 
 command : myproxy-info -l 9cd94953387eeee7bf4da2b7588630639ea1153b -s myproxy.cern.ch
 output : username: 9cd94953387eeee7bf4da2b7588630639ea1153b
owner: /DC=ch/DC=cern/OU=Organic Units/OU=Users/CN=sthakur/CN=764789/CN=Shalini Thakur
  renewal policy: /DC=ch/DC=cern/OU=computers/CN=vocms(052|058|030|0118|0105|0109).cern.ch|/DC=ch/DC=cern/OU=computers/CN=crab-(preprod|prod)-tw(02|01).cern.ch
  trusted retrieval policy: /DC=ch/DC=cern/OU=computers/CN=vocms(052|058|030|0118|0105|0109).cern.ch|/DC=ch/DC=cern/OU=computers/CN=crab-(preprod|prod)-tw(02|01).cern.ch
  timeleft: 710:44:18  (29.6 days)

 error: 
 retcode : 0
DEBUG 2019-11-11 18:49:01.734 UTC: 	 Myproxy is valid: 2558658
DEBUG 2019-11-11 18:49:01.735 UTC: 	 Command use: status
DEBUG 2019-11-11 18:49:01.735 UTC: 	 Options use: ['--verboseErrors', 'CrabMC_20191101/crab_ExLepMuMuZ_M5000_MC_20191101']
DEBUG 2019-11-11 18:49:01.874 UTC: 	 CRABClient version: 3.3.1911
DEBUG 2019-11-11 18:49:01.874 UTC: 	 Instance is prod
DEBUG 2019-11-11 18:49:01.875 UTC: 	 Server base url is cmsweb.cern.ch
DEBUG 2019-11-11 18:49:01.875 UTC: 	 Command url /crabserver/prod/workflow
DEBUG 2019-11-11 18:49:01.968 UTC: 	 Got information from server oracle database: {u'result': [u'191101_121741:sthakur_crab_ExLepMuMuZ_M5000_MC_20191101', u'None', u'None', u'SUBMITTED', u'SUBMIT', u'2019-11-01 12:17:41.950469', u'None', u'2019-11-01 12:18:23.961955', u'None', u'CMSSW_10_4_0', u'slc7_amd64_gcc700', u'/ExcitedLepton_MuMuZ-5000_TuneCP5_13TeV-pythia8/RunIIFall17MiniAODv2-PU2017_12Apr2018_94X_mc2017_realistic_v14-v1/MINIAODSIM', u'T', u'0', u'[]', u'[]', u'FileBased', u"{'splitOnRun': False, 'halt_job_on_file_boundaries': False, 'files_per_job': 10, 'runs': [], 'lumis': []}", u'e9535b3b7630ae3a52de718c0efd4b067d439ed9979ecd87621746c9798977d6.tar.gz', u'https://cmsweb.cern.ch/crabcache', u'sthakur', u'/DC=ch/DC=cern/OU=Organic Units/OU=Users/CN=sthakur/CN=764789/CN=Shalini Thakur', u'cms', u'None', u'None', u'ExLepMuMuZ_M5000_MC_20191101-00000000000000000000000000000000', u'F', u'T2_IN_TIFR', u'https://cmsweb.cern.ch/dbs/prod/global/DBSReader', u'https://cmsweb.cern.ch/dbs/prod/phys03/DBSWriter', u'T', u'[]', u"['ExLepMuMuZ_M5000_MC_20191101_Ntuple.root']", u'[]', u'Analysis', u'pythia', u'None', u'{}', u'[]', u'F', u'crab-prod-tw01', u'[]', u'1250', u'1', u'2000', u'10', u'None', u'[]', u'http://vocms0121.cern.ch/mon/cms251/191101_121741:sthakur_crab_ExLepMuMuZ_M5000_MC_20191101', u'None', u'[]', u'[]', u'https://cmsweb.cern.ch/crabserver/prod', u'cmsgwms-collector-global.cern.ch:9620,cmssrv623.fnal.gov:9620', u'crab3@vocms0121.cern.ch', u'F', u'[]', u'T', u'/store/user/sthakur/ntuple_for2017MC_20191101/MC_20191101/ExLepMuMuZ_M5000_MC_20191101', u'F', u'None', u'F', u'None', u'ExcitedLepton_MuMuZ-5000_TuneCP5_13TeV-pythia8', u'None', u'21abb952064d3b80c6c823716f1d0f1196f429cc32d4f4cee739c44d742128bb.tar.gz', u'45910316', u'filetransfers', u'F', u'2001:1458:d00:2e::100:9b', u'0.0', u'None'], u'desc': {u'columns': [u'tm_taskname', u'tm_activity', u'panda_jobset_id', u'tm_task_status', u'tm_task_command', u'tm_start_time', u'tm_start_injection', u'tm_end_injection', u'tm_task_failure', u'tm_job_sw', u'tm_job_arch', u'tm_input_dataset', u'tm_nonvalid_input_dataset', u'tm_use_parent', u'tm_site_whitelist', u'tm_site_blacklist', u'tm_split_algo', u'tm_split_args', u'tm_user_sandbox', u'tm_cache_url', u'tm_username', u'tm_user_dn', u'tm_user_vo', u'tm_user_role', u'tm_user_group', u'tm_publish_name', u'tm_publish_groupname', u'tm_asyncdest', u'tm_dbs_url', u'tm_publish_dbs_url', u'tm_publication', u'tm_outfiles', u'tm_tfile_outfiles', u'tm_edm_outfiles', u'tm_job_type', u'tm_generator', u'tm_events_per_lumi', u'tm_arguments', u'panda_resubmitted_jobs', u'tm_save_logs', u'tw_name', u'tm_user_infiles', u'tm_maxjobruntime', u'tm_numcores', u'tm_maxmemory', u'tm_priority', u'tm_output_dataset', u'tm_task_warnings', u'tm_user_webdir', u'tm_scriptexe', u'tm_scriptargs', u'tm_extrajdl', u'tm_asourl', u'tm_collector', u'tm_schedd', u'tm_dry_run', u'tm_user_files', u'tm_transfer_outputs', u'tm_output_lfn', u'tm_ignore_locality', u'tm_fail_limit', u'tm_one_event_mode', u'tm_secondary_input_dataset', u'tm_primary_dataset', u'tm_last_publication', u'tm_debug_files', u'clusterid', u'tm_asodb', u'tm_ignore_global_blacklist', u'tm_submitter_ip_addr', u'tm_totalunits', u'tm_ddm_reqid']}}
INFO 2019-11-11 18:49:01.969 UTC: 	 CRAB project directory:		/afs/cern.ch/work/s/sthakur/xRavindra/MiniTree2017Data/CMSSW_10_4_0/src/ExLep2017Crab/crab/CrabMC_20191101/crab_ExLepMuMuZ_M5000_MC_20191101
INFO 2019-11-11 18:49:01.969 UTC: 	 Task name:			191101_121741:sthakur_crab_ExLepMuMuZ_M5000_MC_20191101
INFO 2019-11-11 18:49:01.969 UTC: 	 Grid scheduler - Task Worker:	crab3@vocms0121.cern.ch - crab-prod-tw01
INFO 2019-11-11 18:49:01.969 UTC: 	 Status on the CRAB server:	SUBMITTED
INFO 2019-11-11 18:49:01.969 UTC: 	 Task URL to use for HELP:	https://cmsweb.cern.ch/crabserver/ui/task/191101_121741%3Asthakur_crab_ExLepMuMuZ_M5000_MC_20191101
INFO 2019-11-11 18:49:01.969 UTC: 	 Dashboard monitoring URL:	https://monit-grafana.cern.ch/d/cmsTMDetail/cms-task-monitoring-task-view?orgId=11&var-user=sthakur&var-task=191101_121741%3Asthakur_crab_ExLepMuMuZ_M5000_MC_20191101
INFO 2019-11-11 18:49:01.969 UTC: 	 In case of issues with the dashboard, please provide feedback to hn-cms-computing-tools@cern.ch
DEBUG 2019-11-11 18:49:01.969 UTC: 	 The CRAB server submitted your task to the Grid scheduler (cluster ID: 45910316)
DEBUG 2019-11-11 18:49:01.969 UTC: 	 Webdir is located at http://vocms0121.cern.ch/mon/cms251/191101_121741:sthakur_crab_ExLepMuMuZ_M5000_MC_20191101
DEBUG 2019-11-11 18:49:02.083 UTC: 	 Proxied webdir is located at https://cmsweb.cern.ch/scheddmon/0121/cms251/191101_121741:sthakur_crab_ExLepMuMuZ_M5000_MC_20191101
DEBUG 2019-11-11 18:49:02.084 UTC: 	 Retrieving 'status_cache' file from https://cmsweb.cern.ch/scheddmon/0121/cms251/191101_121741:sthakur_crab_ExLepMuMuZ_M5000_MC_20191101/status_cache
DEBUG 2019-11-11 18:49:02.159 UTC: 	 Got information from status cache file: {'1': {'Retries': 0, 'WallDurations': [8.0, 2534.0], 'StartTimes': [1572610930.0], 'SubmitTimes': [1572610718.0], 'JobIds': ['45910319.0'], 'EndTimes': [1572613464.0], 'Restarts': 0, 'RecordedSite': True, 'State': 'finished', 'ResidentSetSize': [783280], 'TotalUserCpuTimeHistory': [1402], 'SiteHistory': ['Unknown', 'T2_US_Caltech'], 'TotalSysCpuTimeHistory': [78]}, '2': {'Retries': 0, 'WallDurations': [8.0, 1413.0], 'StartTimes': [1572610916.0], 'SubmitTimes': [1572610718.0], 'JobIds': ['45910320.0'], 'EndTimes': [1572612329.0], 'Restarts': 0, 'RecordedSite': True, 'State': 'finished', 'ResidentSetSize': [879792], 'TotalUserCpuTimeHistory': [874], 'SiteHistory': ['Unknown', 'T2_US_Florida'], 'TotalSysCpuTimeHistory': [46]}}
INFO 2019-11-11 18:49:02.159 UTC: 	 Status on the scheduler:	COMPLETED
INFO 2019-11-11 18:49:02.159 UTC: 	 
Jobs status:                    finished     		100.0% (2/2)
INFO 2019-11-11 18:49:02.250 UTC: 	 
No publication information available yet
INFO 2019-11-11 18:49:02.251 UTC: 	 
Warning: the max jobs runtime is less than 30% of the task requested value (1250 min), please consider to request a lower value for failed jobs (allowed through crab resubmit) and/or improve the jobs splitting (e.g. config.Data.splitting = 'Automatic') in a new task.
INFO 2019-11-11 18:49:02.251 UTC: 	 
Summary of run jobs:
 * Memory: 764MB min, 859MB max, 812MB ave
 * Runtime: 0:23:33 min, 0:42:14 max, 0:32:53 ave
 * CPU eff: 58% min, 65% max, 61% ave
 * Waste: 0:00:16 (0% of total)

INFO 2019-11-11 18:49:02.268 UTC: 	 Log file is /afs/cern.ch/work/s/sthakur/xRavindra/MiniTree2017Data/CMSSW_10_4_0/src/ExLep2017Crab/crab/CrabMC_20191101/crab_ExLepMuMuZ_M5000_MC_20191101/crab.log
