DEBUG 2019-11-01 12:14:01.862 UTC: 	 Running on: Linux lxplus707.cern.ch 3.10.0-1062.1.2.el7.x86_64 #1 SMP Mon Sep 30 14:19:46 UTC 2019 x86_64 x86_64 x86_64 GNU/Linux
Description:	CentOS Linux release 7.7.1908 (Core) 

DEBUG 2019-11-01 12:14:01.862 UTC: 	 Executing command: 'submit'
DEBUG 2019-11-01 12:14:01.871 UTC: 	 Found CRAB cache file /afs/cern.ch/user/s/sthakur/.crab3
DEBUG 2019-11-01 12:14:01.878 UTC: 	 Checking credentials
DEBUG 2019-11-01 12:14:01.878 UTC: 	 Found proxy file /tmp/x509up_u77410
DEBUG 2019-11-01 12:14:01.878 UTC: 	 Getting proxy life time left
DEBUG 2019-11-01 12:14:02.594 UTC: 	 Executing : 
 command : voms-proxy-info -file /tmp/x509up_u77410 -timeleft
 output : 42956

 error: 
 retcode : 0
DEBUG 2019-11-01 12:14:03.300 UTC: 	 Executing : 
 command : voms-proxy-info -file /tmp/x509up_u77410 -actimeleft
 output : 42955

 error: 
 retcode : 0
DEBUG 2019-11-01 12:14:03.301 UTC: 	 Proxy lifetime 42956 secs is different from voms extension lifetime 42955 secs for proxy: /tmp/x509up_u77410
DEBUG 2019-11-01 12:14:03.301 UTC: 	 Proxy valid for 11:55:55 hours
DEBUG 2019-11-01 12:14:03.301 UTC: 	 Will use CRAB Analysis plugin (i.e. will run an analysis job type).
DEBUG 2019-11-01 12:14:03.421 UTC: 	 Executing : 
 command : openssl x509 -in ~/.globus/usercert.pem -subject -noout
 output : subject= /DC=ch/DC=cern/OU=Organic Units/OU=Users/CN=sthakur/CN=764789/CN=Shalini Thakur

 error: 
 retcode : 0
DEBUG 2019-11-01 12:14:03.421 UTC: 	 Checking credentials
DEBUG 2019-11-01 12:14:03.421 UTC: 	 Found proxy file /tmp/x509up_u77410
DEBUG 2019-11-01 12:14:03.421 UTC: 	 Getting proxy life time left
DEBUG 2019-11-01 12:14:04.130 UTC: 	 Executing : 
 command : voms-proxy-info -file /tmp/x509up_u77410 -timeleft
 output : 42954

 error: 
 retcode : 0
DEBUG 2019-11-01 12:14:04.837 UTC: 	 Executing : 
 command : voms-proxy-info -file /tmp/x509up_u77410 -actimeleft
 output : 42954

 error: 
 retcode : 0
DEBUG 2019-11-01 12:14:04.837 UTC: 	 Proxy valid for 11:55:54 hours
DEBUG 2019-11-01 12:14:05.549 UTC: 	 Executing : 
 command : env X509_USER_PROXY=/tmp/x509up_u77410 voms-proxy-info -fqan
 output : /cms/Role=NULL/Capability=NULL

 error: 
 retcode : 0
DEBUG 2019-11-01 12:14:05.623 UTC: 	 Registering user credentials for server /DC=ch/DC=cern/OU=computers/CN=vocms(052|058|030|0118|0105|0109).cern.ch|/DC=ch/DC=cern/OU=computers/CN=crab-(preprod|prod)-tw(02|01).cern.ch
DEBUG 2019-11-01 12:14:05.734 UTC: 	 Executing : 
 command : openssl x509 -in ~/.globus/usercert.pem -subject -noout
 output : subject= /DC=ch/DC=cern/OU=Organic Units/OU=Users/CN=sthakur/CN=764789/CN=Shalini Thakur

 error: 
 retcode : 0
DEBUG 2019-11-01 12:14:05.735 UTC: 	 Getting myproxy life time left for myproxy.cern.ch
DEBUG 2019-11-01 12:14:05.735 UTC: 	 Calculating hash of /DC=ch/DC=cern/OU=Organic Units/OU=Users/CN=sthakur/CN=764789/CN=Shalini Thakur_cmsweb.cern.ch for credential name
DEBUG 2019-11-01 12:14:06.040 UTC: 	 Executing : 
 command : myproxy-info -l 9cd94953387eeee7bf4da2b7588630639ea1153b -s myproxy.cern.ch
 output : username: 9cd94953387eeee7bf4da2b7588630639ea1153b
owner: /DC=ch/DC=cern/OU=Organic Units/OU=Users/CN=sthakur/CN=764789/CN=Shalini Thakur
  renewal policy: /DC=ch/DC=cern/OU=computers/CN=vocms(052|058|030|0118|0105|0109).cern.ch|/DC=ch/DC=cern/OU=computers/CN=crab-(preprod|prod)-tw(02|01).cern.ch
  trusted retrieval policy: /DC=ch/DC=cern/OU=computers/CN=vocms(052|058|030|0118|0105|0109).cern.ch|/DC=ch/DC=cern/OU=computers/CN=crab-(preprod|prod)-tw(02|01).cern.ch
  timeleft: 558:23:54  (23.3 days)

 error: 
 retcode : 0
DEBUG 2019-11-01 12:14:06.041 UTC: 	 Myproxy is valid: 2010234
DEBUG 2019-11-01 12:14:06.041 UTC: 	 Command use: submit
DEBUG 2019-11-01 12:14:06.041 UTC: 	 Options use: ['--config', <WMCore.Configuration.Configuration object at 0x7fcfae42df90>]
DEBUG 2019-11-01 12:14:06.147 UTC: 	 CRABClient version: 3.3.1910.patch2
DEBUG 2019-11-01 12:14:06.147 UTC: 	 Instance is prod
DEBUG 2019-11-01 12:14:06.147 UTC: 	 Server base url is cmsweb.cern.ch
DEBUG 2019-11-01 12:14:06.147 UTC: 	 Command url /crabserver/prod/workflow
DEBUG 2019-11-01 12:14:06.147 UTC: 	 Started submission
DEBUG 2019-11-01 12:14:06.147 UTC: 	 Working on /afs/cern.ch/work/s/sthakur/xRavindra/MiniTree2017Data/CMSSW_10_4_0/src/ExLep2017Crab/crab/CrabMC_20191101/crab_ExLepEEZ_M750_MC_20191101
DEBUG 2019-11-01 12:14:06.296 UTC: 	 Loading required information from the environment
DEBUG 2019-11-01 12:14:06.297 UTC: 	 Found CMSSW_10_4_0 for slc7_amd64_gcc700 with base /afs/cern.ch/work/s/sthakur/xRavindra/MiniTree2017Data/CMSSW_10_4_0
DEBUG 2019-11-01 12:14:06.297 UTC: 	 Loading required information from the environment
DEBUG 2019-11-01 12:14:06.297 UTC: 	 Found CMSSW_10_4_0 for slc7_amd64_gcc700 with base /afs/cern.ch/work/s/sthakur/xRavindra/MiniTree2017Data/CMSSW_10_4_0
DEBUG 2019-11-01 12:14:06.316 UTC: 	 UNIQUE NAME: tarUUID 55a43179-412d-4a03-bc5a-67dac6ad1868 
DEBUG 2019-11-01 12:14:06.317 UTC: 	 self.config: from WMCore.Configuration import Configuration
config = Configuration()
config.section_('General')
config.General.workArea = 'CrabMC_20191101'
config.General.transferOutputs = True
config.General.transferLogs = False
config.General.requestName = 'ExLepEEZ_M750_MC_20191101'
config.section_('JobType')
config.JobType.psetName = '20191101/config/ExLepEEZ_M750_MC_20191101_cfg.py'
config.JobType.pluginName = 'Analysis'
config.JobType.inputFiles = ['../../ExLep2017Tree/Selection/test/Fall17_V3_MC_PtResolution_AK8PF.txt', '../../ExLep2017Tree/Selection/test/Fall17_V3_MC_SF_AK8PF.txt']
config.JobType.allowUndistributedCMSSW = True
config.JobType.maxMemoryMB = 2000
config.section_('Data')
config.Data.inputDataset = '/ExcitedLepton_EEZ-750_TuneCP5_13TeV-pythia8/RunIIFall17MiniAODv2-PU2017_12Apr2018_94X_mc2017_realistic_v14-v1/MINIAODSIM'
config.Data.allowNonValidInputDataset = True
config.Data.unitsPerJob = 10
config.Data.inputDBS = 'global'
config.Data.splitting = 'FileBased'
config.Data.outputDatasetTag = 'ExLepEEZ_M750_MC_20191101'
config.Data.outLFNDirBase = '/store/user/sthakur/ntuple_for2017MC_20191101/MC_20191101/ExLepEEZ_M750_MC_20191101'
config.section_('Site')
config.Site.storageSite = 'T2_IN_TIFR'
config.section_('User')
config.section_('Debug')

DEBUG 2019-11-01 12:14:06.317 UTC: 	 self.config.JobType.psetName: 20191101/config/ExLepEEZ_M750_MC_20191101_cfg.py
INFO 2019-11-01 12:14:06.318 UTC: 	 Importing CMSSW configuration 20191101/config/ExLepEEZ_M750_MC_20191101_cfg.py
INFO 2019-11-01 12:14:06.518 UTC: 	 Finished importing CMSSW configuration 20191101/config/ExLepEEZ_M750_MC_20191101_cfg.py
DEBUG 2019-11-01 12:14:06.518 UTC: 	 Writing CMSSW configuration to /afs/cern.ch/work/s/sthakur/xRavindra/MiniTree2017Data/CMSSW_10_4_0/src/ExLep2017Crab/crab/CrabMC_20191101/crab_ExLepEEZ_M750_MC_20191101/inputs/PSet.py
DEBUG 2019-11-01 12:14:06.560 UTC: 	 The following EDM output files will be collected: []
DEBUG 2019-11-01 12:14:06.560 UTC: 	 The following TFile output files will be collected: ['ExLepEEZ_M750_MC_20191101_Ntuple.root']
DEBUG 2019-11-01 12:14:06.560 UTC: 	 The following user output files (not listed as PoolOuputModule or TFileService in the CMSSW PSet) will be collected: 
DEBUG 2019-11-01 12:14:06.560 UTC: 	 Loading required information from the environment
DEBUG 2019-11-01 12:14:06.560 UTC: 	 Found CMSSW_10_4_0 for slc7_amd64_gcc700 with base /afs/cern.ch/work/s/sthakur/xRavindra/MiniTree2017Data/CMSSW_10_4_0
DEBUG 2019-11-01 12:14:06.560 UTC: 	 Making tarball in /afs/cern.ch/work/s/sthakur/xRavindra/MiniTree2017Data/CMSSW_10_4_0/src/ExLep2017Crab/crab/CrabMC_20191101/crab_ExLepEEZ_M750_MC_20191101/inputs/55a43179-412d-4a03-bc5a-67dac6ad1868default.tgz
DEBUG 2019-11-01 12:14:06.562 UTC: 	 Checking directory /afs/cern.ch/work/s/sthakur/xRavindra/MiniTree2017Data/CMSSW_10_4_0/lib
DEBUG 2019-11-01 12:14:06.562 UTC: 	 Adding directory /afs/cern.ch/work/s/sthakur/xRavindra/MiniTree2017Data/CMSSW_10_4_0/lib to tarball
DEBUG 2019-11-01 12:14:06.573 UTC: 	 Checking directory /afs/cern.ch/work/s/sthakur/xRavindra/MiniTree2017Data/CMSSW_10_4_0/biglib
DEBUG 2019-11-01 12:14:06.573 UTC: 	 Adding directory /afs/cern.ch/work/s/sthakur/xRavindra/MiniTree2017Data/CMSSW_10_4_0/biglib to tarball
DEBUG 2019-11-01 12:14:06.574 UTC: 	 Checking directory /afs/cern.ch/work/s/sthakur/xRavindra/MiniTree2017Data/CMSSW_10_4_0/module
DEBUG 2019-11-01 12:14:06.583 UTC: 	 Adding data directory /afs/cern.ch/work/s/sthakur/xRavindra/MiniTree2017Data/CMSSW_10_4_0/src/ExLep2017Tree/Selection/interface to tarball
DEBUG 2019-11-01 12:14:06.600 UTC: 	 Adding file ../../ExLep2017Tree/Selection/test/Fall17_V3_MC_PtResolution_AK8PF.txt to tarball
DEBUG 2019-11-01 12:14:06.600 UTC: 	 Adding file ../../ExLep2017Tree/Selection/test/Fall17_V3_MC_SF_AK8PF.txt to tarball
DEBUG 2019-11-01 12:14:06.704 UTC: 	 Uploading archive /afs/cern.ch/work/s/sthakur/xRavindra/MiniTree2017Data/CMSSW_10_4_0/src/ExLep2017Crab/crab/CrabMC_20191101/crab_ExLepEEZ_M750_MC_20191101/inputs/55a43179-412d-4a03-bc5a-67dac6ad1868default.tgz (239 KB) to the CRAB cache. Using URI https://cmsweb.cern.ch/crabcache
DEBUG 2019-11-01 12:14:07.034 UTC: 	 Loading required information from the environment
DEBUG 2019-11-01 12:14:07.034 UTC: 	 Found CMSSW_10_4_0 for slc7_amd64_gcc700 with base /afs/cern.ch/work/s/sthakur/xRavindra/MiniTree2017Data/CMSSW_10_4_0
DEBUG 2019-11-01 12:14:07.034 UTC: 	 Making tarball in /afs/cern.ch/work/s/sthakur/xRavindra/MiniTree2017Data/CMSSW_10_4_0/src/ExLep2017Crab/crab/CrabMC_20191101/crab_ExLepEEZ_M750_MC_20191101/inputs/debugFiles.tgz
DEBUG 2019-11-01 12:14:07.275 UTC: 	 Uploading archive /afs/cern.ch/work/s/sthakur/xRavindra/MiniTree2017Data/CMSSW_10_4_0/src/ExLep2017Crab/crab/CrabMC_20191101/crab_ExLepEEZ_M750_MC_20191101/inputs/debugFiles.tgz (2 KB) to the CRAB cache. Using URI https://cmsweb.cern.ch/crabcache
DEBUG 2019-11-01 12:14:07.355 UTC: 	 Result uploading input files: f2d23dcf4fe8be67a7d8dbe078f0a369b98bbc34e60b0c6a19f0530fa99a5117.tar.gz 
WARNING 2019-11-01 12:14:07.356 UTC: 	 Warning: The following output files will not be published, as they are not EDM files: ['ExLepEEZ_M750_MC_20191101_Ntuple.root']
INFO 2019-11-01 12:14:07.356 UTC: 	 Sending the request to the server at cmsweb.cern.ch
DEBUG 2019-11-01 12:14:07.356 UTC: 	 Submitting {'maxjobruntime': 1250, 'extrajdl': [], 'ignorelocality': 0, 'savelogsflag': 0, 'useparent': 0, 'asyncdest': 'T2_IN_TIFR', 'algoargs': 10, 'cachefilename': 'f2d23dcf4fe8be67a7d8dbe078f0a369b98bbc34e60b0c6a19f0530fa99a5117.tar.gz', 'numcores': 1, 'addoutputfiles': [], 'generator': 'pythia', 'maxmemory': 2000, 'publishdbsurl': 'https://cmsweb.cern.ch/dbs/prod/phys03/DBSWriter', 'priority': 10, 'jobsw': 'CMSSW_10_4_0', 'edmoutfiles': [], 'userfiles': [], 'primarydataset': '', 'inputdata': '/ExcitedLepton_EEZ-750_TuneCP5_13TeV-pythia8/RunIIFall17MiniAODv2-PU2017_12Apr2018_94X_mc2017_realistic_v14-v1/MINIAODSIM', 'lfn': '/store/user/sthakur/ntuple_for2017MC_20191101/MC_20191101/ExLepEEZ_M750_MC_20191101', 'dryrun': 0, 'workflow': 'crab_ExLepEEZ_M750_MC_20191101', 'cacheurl': u'https://cmsweb.cern.ch/crabcache', 'nonprodsw': 1, 'tfileoutfiles': ['ExLepEEZ_M750_MC_20191101_Ntuple.root'], 'oneEventMode': 0, 'debugfilename': '1da6c38d3fe534b177dc8068940559a3f6c5d86b261aa5b6b2d277e17940059f.tar.gz', 'saveoutput': 1, 'publication': 1, 'jobarch': 'slc7_amd64_gcc700', 'totalunits': 0, 'splitalgo': 'FileBased', 'ignoreglobalblacklist': 0, 'nonvaliddata': 1, 'dbsurl': 'https://cmsweb.cern.ch/dbs/prod/global/DBSReader', 'publishgroupname': 0, 'jobtype': 'Analysis', 'publishname2': 'ExLepEEZ_M750_MC_20191101'} 
DEBUG 2019-11-01 12:14:07.357 UTC: 	 Encoded submit request: maxjobruntime=1250&ignorelocality=0&savelogsflag=0&useparent=0&asyncdest=T2_IN_TIFR&algoargs=10&cachefilename=f2d23dcf4fe8be67a7d8dbe078f0a369b98bbc34e60b0c6a19f0530fa99a5117.tar.gz&numcores=1&generator=pythia&maxmemory=2000&publishdbsurl=https%3A%2F%2Fcmsweb.cern.ch%2Fdbs%2Fprod%2Fphys03%2FDBSWriter&priority=10&jobsw=CMSSW_10_4_0&primarydataset=&inputdata=%2FExcitedLepton_EEZ-750_TuneCP5_13TeV-pythia8%2FRunIIFall17MiniAODv2-PU2017_12Apr2018_94X_mc2017_realistic_v14-v1%2FMINIAODSIM&lfn=%2Fstore%2Fuser%2Fsthakur%2Fntuple_for2017MC_20191101%2FMC_20191101%2FExLepEEZ_M750_MC_20191101&dryrun=0&workflow=crab_ExLepEEZ_M750_MC_20191101&cacheurl=https%3A%2F%2Fcmsweb.cern.ch%2Fcrabcache&nonprodsw=1&oneEventMode=0&debugfilename=1da6c38d3fe534b177dc8068940559a3f6c5d86b261aa5b6b2d277e17940059f.tar.gz&saveoutput=1&publication=1&jobarch=slc7_amd64_gcc700&totalunits=0&splitalgo=FileBased&ignoreglobalblacklist=0&nonvaliddata=1&dbsurl=https%3A%2F%2Fcmsweb.cern.ch%2Fdbs%2Fprod%2Fglobal%2FDBSReader&publishgroupname=0&jobtype=Analysis&publishname2=ExLepEEZ_M750_MC_20191101&tfileoutfiles=ExLepEEZ_M750_MC_20191101_Ntuple.root
DEBUG 2019-11-01 12:14:07.471 UTC: 	 Result: {u'result': [{u'RequestName': u'191101_121407:sthakur_crab_ExLepEEZ_M750_MC_20191101'}]}
INFO 2019-11-01 12:14:07.474 UTC: 	 Success: Your task has been delivered to the prod CRAB3 server.
INFO 2019-11-01 12:14:07.475 UTC: 	 Task name: 191101_121407:sthakur_crab_ExLepEEZ_M750_MC_20191101
INFO 2019-11-01 12:14:07.475 UTC: 	 Project dir: CrabMC_20191101/crab_ExLepEEZ_M750_MC_20191101
INFO 2019-11-01 12:14:07.475 UTC: 	 Please use 'crab status -d CrabMC_20191101/crab_ExLepEEZ_M750_MC_20191101' to check how the submission process proceeds.
DEBUG 2019-11-01 12:14:07.475 UTC: 	 About to return
DEBUG 2019-11-01 12:48:58.861 UTC: 	 Running on: Linux lxplus707.cern.ch 3.10.0-1062.1.2.el7.x86_64 #1 SMP Mon Sep 30 14:19:46 UTC 2019 x86_64 x86_64 x86_64 GNU/Linux
Description:	CentOS Linux release 7.7.1908 (Core) 

DEBUG 2019-11-01 12:48:58.861 UTC: 	 Executing command: 'status'
DEBUG 2019-11-01 12:48:58.861 UTC: 	 Found CRAB cache file /afs/cern.ch/user/s/sthakur/.crab3
DEBUG 2019-11-01 12:48:58.873 UTC: 	 Checking credentials
DEBUG 2019-11-01 12:48:58.873 UTC: 	 Found proxy file /tmp/x509up_u77410
DEBUG 2019-11-01 12:48:58.873 UTC: 	 Getting proxy life time left
DEBUG 2019-11-01 12:48:59.481 UTC: 	 Executing : 
 command : voms-proxy-info -file /tmp/x509up_u77410 -timeleft
 output : 40859

 error: 
 retcode : 0
DEBUG 2019-11-01 12:49:00.190 UTC: 	 Executing : 
 command : voms-proxy-info -file /tmp/x509up_u77410 -actimeleft
 output : 40858

 error: 
 retcode : 0
DEBUG 2019-11-01 12:49:00.190 UTC: 	 Proxy lifetime 40859 secs is different from voms extension lifetime 40858 secs for proxy: /tmp/x509up_u77410
DEBUG 2019-11-01 12:49:00.190 UTC: 	 Proxy valid for 11:20:58 hours
DEBUG 2019-11-01 12:49:00.359 UTC: 	 Executing : 
 command : openssl x509 -in ~/.globus/usercert.pem -subject -noout
 output : subject= /DC=ch/DC=cern/OU=Organic Units/OU=Users/CN=sthakur/CN=764789/CN=Shalini Thakur

 error: 
 retcode : 0
DEBUG 2019-11-01 12:49:00.359 UTC: 	 Checking credentials
DEBUG 2019-11-01 12:49:00.359 UTC: 	 Found proxy file /tmp/x509up_u77410
DEBUG 2019-11-01 12:49:00.359 UTC: 	 Getting proxy life time left
DEBUG 2019-11-01 12:49:01.065 UTC: 	 Executing : 
 command : voms-proxy-info -file /tmp/x509up_u77410 -timeleft
 output : 40858

 error: 
 retcode : 0
DEBUG 2019-11-01 12:49:01.671 UTC: 	 Executing : 
 command : voms-proxy-info -file /tmp/x509up_u77410 -actimeleft
 output : 40857

 error: 
 retcode : 0
DEBUG 2019-11-01 12:49:01.671 UTC: 	 Proxy lifetime 40858 secs is different from voms extension lifetime 40857 secs for proxy: /tmp/x509up_u77410
DEBUG 2019-11-01 12:49:01.671 UTC: 	 Proxy valid for 11:20:57 hours
DEBUG 2019-11-01 12:49:01.784 UTC: 	 Registering user credentials for server /DC=ch/DC=cern/OU=computers/CN=vocms(052|058|030|0118|0105|0109).cern.ch|/DC=ch/DC=cern/OU=computers/CN=crab-(preprod|prod)-tw(02|01).cern.ch
DEBUG 2019-11-01 12:49:01.894 UTC: 	 Executing : 
 command : openssl x509 -in ~/.globus/usercert.pem -subject -noout
 output : subject= /DC=ch/DC=cern/OU=Organic Units/OU=Users/CN=sthakur/CN=764789/CN=Shalini Thakur

 error: 
 retcode : 0
DEBUG 2019-11-01 12:49:01.894 UTC: 	 Getting myproxy life time left for myproxy.cern.ch
DEBUG 2019-11-01 12:49:01.894 UTC: 	 Calculating hash of /DC=ch/DC=cern/OU=Organic Units/OU=Users/CN=sthakur/CN=764789/CN=Shalini Thakur_cmsweb.cern.ch for credential name
DEBUG 2019-11-01 12:49:02.299 UTC: 	 Executing : 
 command : myproxy-info -l 9cd94953387eeee7bf4da2b7588630639ea1153b -s myproxy.cern.ch
 output : username: 9cd94953387eeee7bf4da2b7588630639ea1153b
owner: /DC=ch/DC=cern/OU=Organic Units/OU=Users/CN=sthakur/CN=764789/CN=Shalini Thakur
  renewal policy: /DC=ch/DC=cern/OU=computers/CN=vocms(052|058|030|0118|0105|0109).cern.ch|/DC=ch/DC=cern/OU=computers/CN=crab-(preprod|prod)-tw(02|01).cern.ch
  trusted retrieval policy: /DC=ch/DC=cern/OU=computers/CN=vocms(052|058|030|0118|0105|0109).cern.ch|/DC=ch/DC=cern/OU=computers/CN=crab-(preprod|prod)-tw(02|01).cern.ch
  timeleft: 557:48:58  (23.2 days)

 error: 
 retcode : 0
DEBUG 2019-11-01 12:49:02.300 UTC: 	 Myproxy is valid: 2008138
DEBUG 2019-11-01 12:49:02.301 UTC: 	 Command use: status
DEBUG 2019-11-01 12:49:02.301 UTC: 	 Options use: ['--verboseErrors', 'CrabMC_20191101/crab_ExLepEEZ_M750_MC_20191101']
DEBUG 2019-11-01 12:49:02.389 UTC: 	 CRABClient version: 3.3.1910.patch2
DEBUG 2019-11-01 12:49:02.389 UTC: 	 Instance is prod
DEBUG 2019-11-01 12:49:02.390 UTC: 	 Server base url is cmsweb.cern.ch
DEBUG 2019-11-01 12:49:02.390 UTC: 	 Command url /crabserver/prod/workflow
DEBUG 2019-11-01 12:49:02.489 UTC: 	 Got information from server oracle database: {u'result': [u'191101_121407:sthakur_crab_ExLepEEZ_M750_MC_20191101', u'None', u'None', u'SUBMITTED', u'SUBMIT', u'2019-11-01 12:14:07.462986', u'None', u'2019-11-01 12:16:54.136108', u'None', u'CMSSW_10_4_0', u'slc7_amd64_gcc700', u'/ExcitedLepton_EEZ-750_TuneCP5_13TeV-pythia8/RunIIFall17MiniAODv2-PU2017_12Apr2018_94X_mc2017_realistic_v14-v1/MINIAODSIM', u'T', u'0', u'[]', u'[]', u'FileBased', u"{'splitOnRun': False, 'halt_job_on_file_boundaries': False, 'files_per_job': 10, 'runs': [], 'lumis': []}", u'f2d23dcf4fe8be67a7d8dbe078f0a369b98bbc34e60b0c6a19f0530fa99a5117.tar.gz', u'https://cmsweb.cern.ch/crabcache', u'sthakur', u'/DC=ch/DC=cern/OU=Organic Units/OU=Users/CN=sthakur/CN=764789/CN=Shalini Thakur', u'cms', u'None', u'None', u'ExLepEEZ_M750_MC_20191101-00000000000000000000000000000000', u'F', u'T2_IN_TIFR', u'https://cmsweb.cern.ch/dbs/prod/global/DBSReader', u'https://cmsweb.cern.ch/dbs/prod/phys03/DBSWriter', u'T', u'[]', u"['ExLepEEZ_M750_MC_20191101_Ntuple.root']", u'[]', u'Analysis', u'pythia', u'None', u'{}', u'[]', u'F', u'crab-prod-tw01', u'[]', u'1250', u'1', u'2000', u'10', u'None', u"['The CRAB3 server got a non-critical error while checking stageout permissions. Please use checkwrite to check if everything is fine.']", u'http://vocms0199.cern.ch/mon/cms251/191101_121407:sthakur_crab_ExLepEEZ_M750_MC_20191101', u'None', u'[]', u'[]', u'https://cmsweb.cern.ch/crabserver/prod', u'cmsgwms-collector-global.cern.ch:9620,cmssrv623.fnal.gov:9620', u'crab3@vocms0199.cern.ch', u'F', u'[]', u'T', u'/store/user/sthakur/ntuple_for2017MC_20191101/MC_20191101/ExLepEEZ_M750_MC_20191101', u'F', u'None', u'F', u'None', u'ExcitedLepton_EEZ-750_TuneCP5_13TeV-pythia8', u'None', u'1da6c38d3fe534b177dc8068940559a3f6c5d86b261aa5b6b2d277e17940059f.tar.gz', u'5034413', u'filetransfers', u'F', u'2001:1458:d00:2e::100:9b', u'0.0', u'None'], u'desc': {u'columns': [u'tm_taskname', u'tm_activity', u'panda_jobset_id', u'tm_task_status', u'tm_task_command', u'tm_start_time', u'tm_start_injection', u'tm_end_injection', u'tm_task_failure', u'tm_job_sw', u'tm_job_arch', u'tm_input_dataset', u'tm_nonvalid_input_dataset', u'tm_use_parent', u'tm_site_whitelist', u'tm_site_blacklist', u'tm_split_algo', u'tm_split_args', u'tm_user_sandbox', u'tm_cache_url', u'tm_username', u'tm_user_dn', u'tm_user_vo', u'tm_user_role', u'tm_user_group', u'tm_publish_name', u'tm_publish_groupname', u'tm_asyncdest', u'tm_dbs_url', u'tm_publish_dbs_url', u'tm_publication', u'tm_outfiles', u'tm_tfile_outfiles', u'tm_edm_outfiles', u'tm_job_type', u'tm_generator', u'tm_events_per_lumi', u'tm_arguments', u'panda_resubmitted_jobs', u'tm_save_logs', u'tw_name', u'tm_user_infiles', u'tm_maxjobruntime', u'tm_numcores', u'tm_maxmemory', u'tm_priority', u'tm_output_dataset', u'tm_task_warnings', u'tm_user_webdir', u'tm_scriptexe', u'tm_scriptargs', u'tm_extrajdl', u'tm_asourl', u'tm_collector', u'tm_schedd', u'tm_dry_run', u'tm_user_files', u'tm_transfer_outputs', u'tm_output_lfn', u'tm_ignore_locality', u'tm_fail_limit', u'tm_one_event_mode', u'tm_secondary_input_dataset', u'tm_primary_dataset', u'tm_last_publication', u'tm_debug_files', u'clusterid', u'tm_asodb', u'tm_ignore_global_blacklist', u'tm_submitter_ip_addr', u'tm_totalunits', u'tm_ddm_reqid']}}
INFO 2019-11-01 12:49:02.490 UTC: 	 CRAB project directory:		/afs/cern.ch/work/s/sthakur/xRavindra/MiniTree2017Data/CMSSW_10_4_0/src/ExLep2017Crab/crab/CrabMC_20191101/crab_ExLepEEZ_M750_MC_20191101
INFO 2019-11-01 12:49:02.490 UTC: 	 Task name:			191101_121407:sthakur_crab_ExLepEEZ_M750_MC_20191101
INFO 2019-11-01 12:49:02.490 UTC: 	 Grid scheduler - Task Worker:	crab3@vocms0199.cern.ch - crab-prod-tw01
INFO 2019-11-01 12:49:02.490 UTC: 	 Status on the CRAB server:	SUBMITTED
INFO 2019-11-01 12:49:02.490 UTC: 	 Task URL to use for HELP:	https://cmsweb.cern.ch/crabserver/ui/task/191101_121407%3Asthakur_crab_ExLepEEZ_M750_MC_20191101
INFO 2019-11-01 12:49:02.490 UTC: 	 Dashboard monitoring URL:	https://monit-grafana.cern.ch/d/cmsTMDetail/cms-task-monitoring-task-view?orgId=11&var-user=sthakur&var-task=191101_121407%3Asthakur_crab_ExLepEEZ_M750_MC_20191101
INFO 2019-11-01 12:49:02.490 UTC: 	 In case of issues with the dashboard, please provide feedback to hn-cms-computing-tools@cern.ch
WARNING 2019-11-01 12:49:02.490 UTC: 	 Warning:			The CRAB3 server got a non-critical error while checking stageout permissions. Please use checkwrite to check if everything is fine.
DEBUG 2019-11-01 12:49:02.490 UTC: 	 The CRAB server submitted your task to the Grid scheduler (cluster ID: 5034413)
DEBUG 2019-11-01 12:49:02.490 UTC: 	 Webdir is located at http://vocms0199.cern.ch/mon/cms251/191101_121407:sthakur_crab_ExLepEEZ_M750_MC_20191101
DEBUG 2019-11-01 12:49:02.695 UTC: 	 Proxied webdir is located at https://cmsweb.cern.ch/scheddmon/0199/cms251/191101_121407:sthakur_crab_ExLepEEZ_M750_MC_20191101
DEBUG 2019-11-01 12:49:02.695 UTC: 	 Retrieving 'status_cache' file from https://cmsweb.cern.ch/scheddmon/0199/cms251/191101_121407:sthakur_crab_ExLepEEZ_M750_MC_20191101/status_cache
DEBUG 2019-11-01 12:49:02.747 UTC: 	 Got information from status cache file: {'1': {'Retries': 0, 'WallDurations': [10.0, 1515.0], 'StartTimes': [1572610832.0], 'SubmitTimes': [1572610632.0], 'JobIds': ['5034416.0'], 'EndTimes': [], 'Restarts': 0, 'RecordedSite': True, 'State': 'running', 'ResidentSetSize': [740824], 'TotalUserCpuTimeHistory': [1125.0], 'SiteHistory': ['Unknown', 'T1_US_FNAL'], 'TotalSysCpuTimeHistory': [58.0]}, '3': {'Retries': 0, 'WallDurations': [10.0, 453.0], 'StartTimes': [1572610837.0], 'SubmitTimes': [1572610632.0], 'JobIds': ['5034418.0'], 'EndTimes': [1572611290.0], 'Restarts': 0, 'RecordedSite': True, 'State': 'transferring', 'ResidentSetSize': [651560], 'TotalUserCpuTimeHistory': [316], 'SiteHistory': ['Unknown', 'T1_US_FNAL'], 'TotalSysCpuTimeHistory': [23]}, '2': {'Retries': 0, 'WallDurations': [10.0, 1067.0], 'StartTimes': [1572610834.0], 'SubmitTimes': [1572610632.0], 'JobIds': ['5034417.0'], 'EndTimes': [1572611901.0], 'Restarts': 0, 'RecordedSite': True, 'State': 'transferring', 'ResidentSetSize': [702020], 'TotalUserCpuTimeHistory': [865], 'SiteHistory': ['Unknown', 'T1_US_FNAL'], 'TotalSysCpuTimeHistory': [52]}}
INFO 2019-11-01 12:49:02.747 UTC: 	 Status on the scheduler:	SUBMITTED
INFO 2019-11-01 12:49:02.747 UTC: 	 
Jobs status:                    running      		 33.3% (1/3)
INFO 2019-11-01 12:49:02.747 UTC: 	 				transferring 		 66.7% (2/3)
INFO 2019-11-01 12:49:02.747 UTC: 	 
No publication information available yet
INFO 2019-11-01 12:49:02.747 UTC: 	 
Warning: the max jobs runtime is less than 30% of the task requested value (1250 min), please consider to request a lower value for failed jobs (allowed through crab resubmit) and/or improve the jobs splitting (e.g. config.Data.splitting = 'Automatic') in a new task.
INFO 2019-11-01 12:49:02.747 UTC: 	 
Summary of run jobs:
 * Memory: 636MB min, 685MB max, 661MB ave
 * Runtime: 0:07:33 min, 0:17:47 max, 0:12:40 ave
 * CPU eff: 75% min, 86% max, 83% ave
 * Waste: 0:00:20 (1% of total)

INFO 2019-11-01 12:49:02.760 UTC: 	 Log file is /afs/cern.ch/work/s/sthakur/xRavindra/MiniTree2017Data/CMSSW_10_4_0/src/ExLep2017Crab/crab/CrabMC_20191101/crab_ExLepEEZ_M750_MC_20191101/crab.log
DEBUG 2019-11-01 16:55:37.704 UTC: 	 Running on: Linux lxplus721.cern.ch 3.10.0-1062.1.2.el7.x86_64 #1 SMP Mon Sep 30 14:19:46 UTC 2019 x86_64 x86_64 x86_64 GNU/Linux
Description:	CentOS Linux release 7.7.1908 (Core) 

DEBUG 2019-11-01 16:55:37.704 UTC: 	 Executing command: 'status'
DEBUG 2019-11-01 16:55:37.704 UTC: 	 Found CRAB cache file /afs/cern.ch/user/s/sthakur/.crab3
DEBUG 2019-11-01 16:55:37.715 UTC: 	 Checking credentials
DEBUG 2019-11-01 16:55:37.715 UTC: 	 Found proxy file /tmp/x509up_u77410
DEBUG 2019-11-01 16:55:37.715 UTC: 	 Getting proxy life time left
DEBUG 2019-11-01 16:55:38.322 UTC: 	 Executing : 
 command : voms-proxy-info -file /tmp/x509up_u77410 -timeleft
 output : 43090

 error: 
 retcode : 0
DEBUG 2019-11-01 16:55:38.930 UTC: 	 Executing : 
 command : voms-proxy-info -file /tmp/x509up_u77410 -actimeleft
 output : 43090

 error: 
 retcode : 0
DEBUG 2019-11-01 16:55:38.930 UTC: 	 Proxy valid for 11:58:10 hours
DEBUG 2019-11-01 16:55:39.131 UTC: 	 Executing : 
 command : openssl x509 -in ~/.globus/usercert.pem -subject -noout
 output : subject= /DC=ch/DC=cern/OU=Organic Units/OU=Users/CN=sthakur/CN=764789/CN=Shalini Thakur

 error: 
 retcode : 0
DEBUG 2019-11-01 16:55:39.131 UTC: 	 Checking credentials
DEBUG 2019-11-01 16:55:39.131 UTC: 	 Found proxy file /tmp/x509up_u77410
DEBUG 2019-11-01 16:55:39.132 UTC: 	 Getting proxy life time left
DEBUG 2019-11-01 16:55:39.839 UTC: 	 Executing : 
 command : voms-proxy-info -file /tmp/x509up_u77410 -timeleft
 output : 43089

 error: 
 retcode : 0
DEBUG 2019-11-01 16:55:40.549 UTC: 	 Executing : 
 command : voms-proxy-info -file /tmp/x509up_u77410 -actimeleft
 output : 43088

 error: 
 retcode : 0
DEBUG 2019-11-01 16:55:40.550 UTC: 	 Proxy lifetime 43089 secs is different from voms extension lifetime 43088 secs for proxy: /tmp/x509up_u77410
DEBUG 2019-11-01 16:55:40.550 UTC: 	 Proxy valid for 11:58:08 hours
DEBUG 2019-11-01 16:55:40.642 UTC: 	 Registering user credentials for server /DC=ch/DC=cern/OU=computers/CN=vocms(052|058|030|0118|0105|0109).cern.ch|/DC=ch/DC=cern/OU=computers/CN=crab-(preprod|prod)-tw(02|01).cern.ch
DEBUG 2019-11-01 16:55:40.753 UTC: 	 Executing : 
 command : openssl x509 -in ~/.globus/usercert.pem -subject -noout
 output : subject= /DC=ch/DC=cern/OU=Organic Units/OU=Users/CN=sthakur/CN=764789/CN=Shalini Thakur

 error: 
 retcode : 0
DEBUG 2019-11-01 16:55:40.753 UTC: 	 Getting myproxy life time left for myproxy.cern.ch
DEBUG 2019-11-01 16:55:40.753 UTC: 	 Calculating hash of /DC=ch/DC=cern/OU=Organic Units/OU=Users/CN=sthakur/CN=764789/CN=Shalini Thakur_cmsweb.cern.ch for credential name
DEBUG 2019-11-01 16:55:41.159 UTC: 	 Executing : 
 command : myproxy-info -l 9cd94953387eeee7bf4da2b7588630639ea1153b -s myproxy.cern.ch
 output : username: 9cd94953387eeee7bf4da2b7588630639ea1153b
owner: /DC=ch/DC=cern/OU=Organic Units/OU=Users/CN=sthakur/CN=764789/CN=Shalini Thakur
  renewal policy: /DC=ch/DC=cern/OU=computers/CN=vocms(052|058|030|0118|0105|0109).cern.ch|/DC=ch/DC=cern/OU=computers/CN=crab-(preprod|prod)-tw(02|01).cern.ch
  trusted retrieval policy: /DC=ch/DC=cern/OU=computers/CN=vocms(052|058|030|0118|0105|0109).cern.ch|/DC=ch/DC=cern/OU=computers/CN=crab-(preprod|prod)-tw(02|01).cern.ch
  timeleft: 553:42:19  (23.1 days)

 error: 
 retcode : 0
DEBUG 2019-11-01 16:55:41.160 UTC: 	 Myproxy is valid: 1993339
DEBUG 2019-11-01 16:55:41.161 UTC: 	 Command use: status
DEBUG 2019-11-01 16:55:41.161 UTC: 	 Options use: ['--verboseErrors', 'CrabMC_20191101/crab_ExLepEEZ_M750_MC_20191101']
DEBUG 2019-11-01 16:55:41.292 UTC: 	 CRABClient version: 3.3.1910.patch2
DEBUG 2019-11-01 16:55:41.292 UTC: 	 Instance is prod
DEBUG 2019-11-01 16:55:41.292 UTC: 	 Server base url is cmsweb.cern.ch
DEBUG 2019-11-01 16:55:41.292 UTC: 	 Command url /crabserver/prod/workflow
DEBUG 2019-11-01 16:55:41.392 UTC: 	 Got information from server oracle database: {u'result': [u'191101_121407:sthakur_crab_ExLepEEZ_M750_MC_20191101', u'None', u'None', u'SUBMITTED', u'SUBMIT', u'2019-11-01 12:14:07.462986', u'None', u'2019-11-01 12:16:54.136108', u'None', u'CMSSW_10_4_0', u'slc7_amd64_gcc700', u'/ExcitedLepton_EEZ-750_TuneCP5_13TeV-pythia8/RunIIFall17MiniAODv2-PU2017_12Apr2018_94X_mc2017_realistic_v14-v1/MINIAODSIM', u'T', u'0', u'[]', u'[]', u'FileBased', u"{'splitOnRun': False, 'halt_job_on_file_boundaries': False, 'files_per_job': 10, 'runs': [], 'lumis': []}", u'f2d23dcf4fe8be67a7d8dbe078f0a369b98bbc34e60b0c6a19f0530fa99a5117.tar.gz', u'https://cmsweb.cern.ch/crabcache', u'sthakur', u'/DC=ch/DC=cern/OU=Organic Units/OU=Users/CN=sthakur/CN=764789/CN=Shalini Thakur', u'cms', u'None', u'None', u'ExLepEEZ_M750_MC_20191101-00000000000000000000000000000000', u'F', u'T2_IN_TIFR', u'https://cmsweb.cern.ch/dbs/prod/global/DBSReader', u'https://cmsweb.cern.ch/dbs/prod/phys03/DBSWriter', u'T', u'[]', u"['ExLepEEZ_M750_MC_20191101_Ntuple.root']", u'[]', u'Analysis', u'pythia', u'None', u'{}', u'[]', u'F', u'crab-prod-tw01', u'[]', u'1250', u'1', u'2000', u'10', u'None', u"['The CRAB3 server got a non-critical error while checking stageout permissions. Please use checkwrite to check if everything is fine.']", u'http://vocms0199.cern.ch/mon/cms251/191101_121407:sthakur_crab_ExLepEEZ_M750_MC_20191101', u'None', u'[]', u'[]', u'https://cmsweb.cern.ch/crabserver/prod', u'cmsgwms-collector-global.cern.ch:9620,cmssrv623.fnal.gov:9620', u'crab3@vocms0199.cern.ch', u'F', u'[]', u'T', u'/store/user/sthakur/ntuple_for2017MC_20191101/MC_20191101/ExLepEEZ_M750_MC_20191101', u'F', u'None', u'F', u'None', u'ExcitedLepton_EEZ-750_TuneCP5_13TeV-pythia8', u'None', u'1da6c38d3fe534b177dc8068940559a3f6c5d86b261aa5b6b2d277e17940059f.tar.gz', u'5034413', u'filetransfers', u'F', u'2001:1458:d00:2e::100:9b', u'0.0', u'None'], u'desc': {u'columns': [u'tm_taskname', u'tm_activity', u'panda_jobset_id', u'tm_task_status', u'tm_task_command', u'tm_start_time', u'tm_start_injection', u'tm_end_injection', u'tm_task_failure', u'tm_job_sw', u'tm_job_arch', u'tm_input_dataset', u'tm_nonvalid_input_dataset', u'tm_use_parent', u'tm_site_whitelist', u'tm_site_blacklist', u'tm_split_algo', u'tm_split_args', u'tm_user_sandbox', u'tm_cache_url', u'tm_username', u'tm_user_dn', u'tm_user_vo', u'tm_user_role', u'tm_user_group', u'tm_publish_name', u'tm_publish_groupname', u'tm_asyncdest', u'tm_dbs_url', u'tm_publish_dbs_url', u'tm_publication', u'tm_outfiles', u'tm_tfile_outfiles', u'tm_edm_outfiles', u'tm_job_type', u'tm_generator', u'tm_events_per_lumi', u'tm_arguments', u'panda_resubmitted_jobs', u'tm_save_logs', u'tw_name', u'tm_user_infiles', u'tm_maxjobruntime', u'tm_numcores', u'tm_maxmemory', u'tm_priority', u'tm_output_dataset', u'tm_task_warnings', u'tm_user_webdir', u'tm_scriptexe', u'tm_scriptargs', u'tm_extrajdl', u'tm_asourl', u'tm_collector', u'tm_schedd', u'tm_dry_run', u'tm_user_files', u'tm_transfer_outputs', u'tm_output_lfn', u'tm_ignore_locality', u'tm_fail_limit', u'tm_one_event_mode', u'tm_secondary_input_dataset', u'tm_primary_dataset', u'tm_last_publication', u'tm_debug_files', u'clusterid', u'tm_asodb', u'tm_ignore_global_blacklist', u'tm_submitter_ip_addr', u'tm_totalunits', u'tm_ddm_reqid']}}
INFO 2019-11-01 16:55:41.393 UTC: 	 CRAB project directory:		/afs/cern.ch/work/s/sthakur/xRavindra/MiniTree2017Data/CMSSW_10_4_0/src/ExLep2017Crab/crab/CrabMC_20191101/crab_ExLepEEZ_M750_MC_20191101
INFO 2019-11-01 16:55:41.393 UTC: 	 Task name:			191101_121407:sthakur_crab_ExLepEEZ_M750_MC_20191101
INFO 2019-11-01 16:55:41.393 UTC: 	 Grid scheduler - Task Worker:	crab3@vocms0199.cern.ch - crab-prod-tw01
INFO 2019-11-01 16:55:41.393 UTC: 	 Status on the CRAB server:	SUBMITTED
INFO 2019-11-01 16:55:41.393 UTC: 	 Task URL to use for HELP:	https://cmsweb.cern.ch/crabserver/ui/task/191101_121407%3Asthakur_crab_ExLepEEZ_M750_MC_20191101
INFO 2019-11-01 16:55:41.393 UTC: 	 Dashboard monitoring URL:	https://monit-grafana.cern.ch/d/cmsTMDetail/cms-task-monitoring-task-view?orgId=11&var-user=sthakur&var-task=191101_121407%3Asthakur_crab_ExLepEEZ_M750_MC_20191101
INFO 2019-11-01 16:55:41.394 UTC: 	 In case of issues with the dashboard, please provide feedback to hn-cms-computing-tools@cern.ch
WARNING 2019-11-01 16:55:41.394 UTC: 	 Warning:			The CRAB3 server got a non-critical error while checking stageout permissions. Please use checkwrite to check if everything is fine.
DEBUG 2019-11-01 16:55:41.394 UTC: 	 The CRAB server submitted your task to the Grid scheduler (cluster ID: 5034413)
DEBUG 2019-11-01 16:55:41.394 UTC: 	 Webdir is located at http://vocms0199.cern.ch/mon/cms251/191101_121407:sthakur_crab_ExLepEEZ_M750_MC_20191101
DEBUG 2019-11-01 16:55:41.476 UTC: 	 Proxied webdir is located at https://cmsweb.cern.ch/scheddmon/0199/cms251/191101_121407:sthakur_crab_ExLepEEZ_M750_MC_20191101
DEBUG 2019-11-01 16:55:41.476 UTC: 	 Retrieving 'status_cache' file from https://cmsweb.cern.ch/scheddmon/0199/cms251/191101_121407:sthakur_crab_ExLepEEZ_M750_MC_20191101/status_cache
DEBUG 2019-11-01 16:55:41.526 UTC: 	 Got information from status cache file: {'1': {'Retries': 0, 'WallDurations': [10.0, 1754.0], 'StartTimes': [1572610832.0], 'SubmitTimes': [1572610632.0], 'JobIds': ['5034416.0'], 'EndTimes': [1572612586.0], 'Restarts': 0, 'RecordedSite': True, 'State': 'finished', 'ResidentSetSize': [740824], 'TotalUserCpuTimeHistory': [1327], 'SiteHistory': ['Unknown', 'T1_US_FNAL'], 'TotalSysCpuTimeHistory': [70]}, '3': {'Retries': 0, 'WallDurations': [10.0, 453.0], 'StartTimes': [1572610837.0], 'SubmitTimes': [1572610632.0], 'JobIds': ['5034418.0'], 'EndTimes': [1572611290.0], 'Restarts': 0, 'RecordedSite': True, 'State': 'finished', 'ResidentSetSize': [651560], 'TotalUserCpuTimeHistory': [316], 'SiteHistory': ['Unknown', 'T1_US_FNAL'], 'TotalSysCpuTimeHistory': [23]}, '2': {'Retries': 0, 'WallDurations': [10.0, 1067.0], 'StartTimes': [1572610834.0], 'SubmitTimes': [1572610632.0], 'JobIds': ['5034417.0'], 'EndTimes': [1572611901.0], 'Restarts': 0, 'RecordedSite': True, 'State': 'finished', 'ResidentSetSize': [702020], 'TotalUserCpuTimeHistory': [865], 'SiteHistory': ['Unknown', 'T1_US_FNAL'], 'TotalSysCpuTimeHistory': [52]}}
INFO 2019-11-01 16:55:41.526 UTC: 	 Status on the scheduler:	COMPLETED
INFO 2019-11-01 16:55:41.526 UTC: 	 
Jobs status:                    finished     		100.0% (3/3)
INFO 2019-11-01 16:55:41.624 UTC: 	 
No publication information available yet
INFO 2019-11-01 16:55:41.625 UTC: 	 
Warning: the max jobs runtime is less than 30% of the task requested value (1250 min), please consider to request a lower value for failed jobs (allowed through crab resubmit) and/or improve the jobs splitting (e.g. config.Data.splitting = 'Automatic') in a new task.
INFO 2019-11-01 16:55:41.625 UTC: 	 
Summary of run jobs:
 * Memory: 636MB min, 723MB max, 682MB ave
 * Runtime: 0:07:33 min, 0:29:14 max, 0:18:11 ave
 * CPU eff: 75% min, 86% max, 81% ave
 * Waste: 0:00:30 (1% of total)

INFO 2019-11-01 16:55:41.662 UTC: 	 Log file is /afs/cern.ch/work/s/sthakur/xRavindra/MiniTree2017Data/CMSSW_10_4_0/src/ExLep2017Crab/crab/CrabMC_20191101/crab_ExLepEEZ_M750_MC_20191101/crab.log
DEBUG 2019-11-03 17:55:44.716 UTC: 	 Running on: Linux lxplus737.cern.ch 3.10.0-1062.1.2.el7.x86_64 #1 SMP Mon Sep 30 14:19:46 UTC 2019 x86_64 x86_64 x86_64 GNU/Linux
Description:	CentOS Linux release 7.7.1908 (Core) 

DEBUG 2019-11-03 17:55:44.716 UTC: 	 Executing command: 'status'
DEBUG 2019-11-03 17:55:44.717 UTC: 	 Found CRAB cache file /afs/cern.ch/user/s/sthakur/.crab3
DEBUG 2019-11-03 17:55:44.763 UTC: 	 Checking credentials
DEBUG 2019-11-03 17:55:44.763 UTC: 	 Found proxy file /tmp/x509up_u77410
DEBUG 2019-11-03 17:55:44.763 UTC: 	 Getting proxy life time left
DEBUG 2019-11-03 17:55:45.977 UTC: 	 Executing : 
 command : voms-proxy-info -file /tmp/x509up_u77410 -timeleft
 output : 43061

 error: 
 retcode : 0
DEBUG 2019-11-03 17:55:47.085 UTC: 	 Executing : 
 command : voms-proxy-info -file /tmp/x509up_u77410 -actimeleft
 output : 43059

 error: 
 retcode : 0
DEBUG 2019-11-03 17:55:47.085 UTC: 	 Proxy lifetime 43061 secs is different from voms extension lifetime 43059 secs for proxy: /tmp/x509up_u77410
DEBUG 2019-11-03 17:55:47.085 UTC: 	 Proxy valid for 11:57:39 hours
DEBUG 2019-11-03 17:55:47.228 UTC: 	 Executing : 
 command : openssl x509 -in ~/.globus/usercert.pem -subject -noout
 output : subject= /DC=ch/DC=cern/OU=Organic Units/OU=Users/CN=sthakur/CN=764789/CN=Shalini Thakur

 error: 
 retcode : 0
DEBUG 2019-11-03 17:55:47.229 UTC: 	 Checking credentials
DEBUG 2019-11-03 17:55:47.229 UTC: 	 Found proxy file /tmp/x509up_u77410
DEBUG 2019-11-03 17:55:47.229 UTC: 	 Getting proxy life time left
DEBUG 2019-11-03 17:55:48.337 UTC: 	 Executing : 
 command : voms-proxy-info -file /tmp/x509up_u77410 -timeleft
 output : 43058

 error: 
 retcode : 0
DEBUG 2019-11-03 17:55:49.448 UTC: 	 Executing : 
 command : voms-proxy-info -file /tmp/x509up_u77410 -actimeleft
 output : 43057

 error: 
 retcode : 0
DEBUG 2019-11-03 17:55:49.449 UTC: 	 Proxy lifetime 43058 secs is different from voms extension lifetime 43057 secs for proxy: /tmp/x509up_u77410
DEBUG 2019-11-03 17:55:49.449 UTC: 	 Proxy valid for 11:57:37 hours
DEBUG 2019-11-03 17:55:49.549 UTC: 	 Registering user credentials for server /DC=ch/DC=cern/OU=computers/CN=vocms(052|058|030|0118|0105|0109).cern.ch|/DC=ch/DC=cern/OU=computers/CN=crab-(preprod|prod)-tw(02|01).cern.ch
DEBUG 2019-11-03 17:55:49.801 UTC: 	 Executing : 
 command : openssl x509 -in ~/.globus/usercert.pem -subject -noout
 output : subject= /DC=ch/DC=cern/OU=Organic Units/OU=Users/CN=sthakur/CN=764789/CN=Shalini Thakur

 error: 
 retcode : 0
DEBUG 2019-11-03 17:55:49.801 UTC: 	 Getting myproxy life time left for myproxy.cern.ch
DEBUG 2019-11-03 17:55:49.801 UTC: 	 Calculating hash of /DC=ch/DC=cern/OU=Organic Units/OU=Users/CN=sthakur/CN=764789/CN=Shalini Thakur_cmsweb.cern.ch for credential name
DEBUG 2019-11-03 17:55:50.409 UTC: 	 Executing : 
 command : myproxy-info -l 9cd94953387eeee7bf4da2b7588630639ea1153b -s myproxy.cern.ch
 output : username: 9cd94953387eeee7bf4da2b7588630639ea1153b
owner: /DC=ch/DC=cern/OU=Organic Units/OU=Users/CN=sthakur/CN=764789/CN=Shalini Thakur
  renewal policy: /DC=ch/DC=cern/OU=computers/CN=vocms(052|058|030|0118|0105|0109).cern.ch|/DC=ch/DC=cern/OU=computers/CN=crab-(preprod|prod)-tw(02|01).cern.ch
  trusted retrieval policy: /DC=ch/DC=cern/OU=computers/CN=vocms(052|058|030|0118|0105|0109).cern.ch|/DC=ch/DC=cern/OU=computers/CN=crab-(preprod|prod)-tw(02|01).cern.ch
  timeleft: 504:42:10  (21.0 days)

 error: 
 retcode : 0
DEBUG 2019-11-03 17:55:50.411 UTC: 	 Myproxy is valid: 1816930
DEBUG 2019-11-03 17:55:50.411 UTC: 	 Command use: status
DEBUG 2019-11-03 17:55:50.411 UTC: 	 Options use: ['--verboseErrors', 'CrabMC_20191101/crab_ExLepEEZ_M750_MC_20191101']
DEBUG 2019-11-03 17:55:50.484 UTC: 	 CRABClient version: 3.3.1910.patch2
DEBUG 2019-11-03 17:55:50.484 UTC: 	 Instance is prod
DEBUG 2019-11-03 17:55:50.484 UTC: 	 Server base url is cmsweb.cern.ch
DEBUG 2019-11-03 17:55:50.484 UTC: 	 Command url /crabserver/prod/workflow
DEBUG 2019-11-03 17:55:50.605 UTC: 	 Got information from server oracle database: {u'result': [u'191101_121407:sthakur_crab_ExLepEEZ_M750_MC_20191101', u'None', u'None', u'SUBMITTED', u'SUBMIT', u'2019-11-01 12:14:07.462986', u'None', u'2019-11-01 12:16:54.136108', u'None', u'CMSSW_10_4_0', u'slc7_amd64_gcc700', u'/ExcitedLepton_EEZ-750_TuneCP5_13TeV-pythia8/RunIIFall17MiniAODv2-PU2017_12Apr2018_94X_mc2017_realistic_v14-v1/MINIAODSIM', u'T', u'0', u'[]', u'[]', u'FileBased', u"{'splitOnRun': False, 'halt_job_on_file_boundaries': False, 'files_per_job': 10, 'runs': [], 'lumis': []}", u'f2d23dcf4fe8be67a7d8dbe078f0a369b98bbc34e60b0c6a19f0530fa99a5117.tar.gz', u'https://cmsweb.cern.ch/crabcache', u'sthakur', u'/DC=ch/DC=cern/OU=Organic Units/OU=Users/CN=sthakur/CN=764789/CN=Shalini Thakur', u'cms', u'None', u'None', u'ExLepEEZ_M750_MC_20191101-00000000000000000000000000000000', u'F', u'T2_IN_TIFR', u'https://cmsweb.cern.ch/dbs/prod/global/DBSReader', u'https://cmsweb.cern.ch/dbs/prod/phys03/DBSWriter', u'T', u'[]', u"['ExLepEEZ_M750_MC_20191101_Ntuple.root']", u'[]', u'Analysis', u'pythia', u'None', u'{}', u'[]', u'F', u'crab-prod-tw01', u'[]', u'1250', u'1', u'2000', u'10', u'None', u"['The CRAB3 server got a non-critical error while checking stageout permissions. Please use checkwrite to check if everything is fine.']", u'http://vocms0199.cern.ch/mon/cms251/191101_121407:sthakur_crab_ExLepEEZ_M750_MC_20191101', u'None', u'[]', u'[]', u'https://cmsweb.cern.ch/crabserver/prod', u'cmsgwms-collector-global.cern.ch:9620,cmssrv623.fnal.gov:9620', u'crab3@vocms0199.cern.ch', u'F', u'[]', u'T', u'/store/user/sthakur/ntuple_for2017MC_20191101/MC_20191101/ExLepEEZ_M750_MC_20191101', u'F', u'None', u'F', u'None', u'ExcitedLepton_EEZ-750_TuneCP5_13TeV-pythia8', u'None', u'1da6c38d3fe534b177dc8068940559a3f6c5d86b261aa5b6b2d277e17940059f.tar.gz', u'5034413', u'filetransfers', u'F', u'2001:1458:d00:2e::100:9b', u'0.0', u'None'], u'desc': {u'columns': [u'tm_taskname', u'tm_activity', u'panda_jobset_id', u'tm_task_status', u'tm_task_command', u'tm_start_time', u'tm_start_injection', u'tm_end_injection', u'tm_task_failure', u'tm_job_sw', u'tm_job_arch', u'tm_input_dataset', u'tm_nonvalid_input_dataset', u'tm_use_parent', u'tm_site_whitelist', u'tm_site_blacklist', u'tm_split_algo', u'tm_split_args', u'tm_user_sandbox', u'tm_cache_url', u'tm_username', u'tm_user_dn', u'tm_user_vo', u'tm_user_role', u'tm_user_group', u'tm_publish_name', u'tm_publish_groupname', u'tm_asyncdest', u'tm_dbs_url', u'tm_publish_dbs_url', u'tm_publication', u'tm_outfiles', u'tm_tfile_outfiles', u'tm_edm_outfiles', u'tm_job_type', u'tm_generator', u'tm_events_per_lumi', u'tm_arguments', u'panda_resubmitted_jobs', u'tm_save_logs', u'tw_name', u'tm_user_infiles', u'tm_maxjobruntime', u'tm_numcores', u'tm_maxmemory', u'tm_priority', u'tm_output_dataset', u'tm_task_warnings', u'tm_user_webdir', u'tm_scriptexe', u'tm_scriptargs', u'tm_extrajdl', u'tm_asourl', u'tm_collector', u'tm_schedd', u'tm_dry_run', u'tm_user_files', u'tm_transfer_outputs', u'tm_output_lfn', u'tm_ignore_locality', u'tm_fail_limit', u'tm_one_event_mode', u'tm_secondary_input_dataset', u'tm_primary_dataset', u'tm_last_publication', u'tm_debug_files', u'clusterid', u'tm_asodb', u'tm_ignore_global_blacklist', u'tm_submitter_ip_addr', u'tm_totalunits', u'tm_ddm_reqid']}}
INFO 2019-11-03 17:55:50.606 UTC: 	 CRAB project directory:		/afs/cern.ch/work/s/sthakur/xRavindra/MiniTree2017Data/CMSSW_10_4_0/src/ExLep2017Crab/crab/CrabMC_20191101/crab_ExLepEEZ_M750_MC_20191101
INFO 2019-11-03 17:55:50.606 UTC: 	 Task name:			191101_121407:sthakur_crab_ExLepEEZ_M750_MC_20191101
INFO 2019-11-03 17:55:50.606 UTC: 	 Grid scheduler - Task Worker:	crab3@vocms0199.cern.ch - crab-prod-tw01
INFO 2019-11-03 17:55:50.606 UTC: 	 Status on the CRAB server:	SUBMITTED
INFO 2019-11-03 17:55:50.606 UTC: 	 Task URL to use for HELP:	https://cmsweb.cern.ch/crabserver/ui/task/191101_121407%3Asthakur_crab_ExLepEEZ_M750_MC_20191101
INFO 2019-11-03 17:55:50.606 UTC: 	 Dashboard monitoring URL:	https://monit-grafana.cern.ch/d/cmsTMDetail/cms-task-monitoring-task-view?orgId=11&var-user=sthakur&var-task=191101_121407%3Asthakur_crab_ExLepEEZ_M750_MC_20191101
INFO 2019-11-03 17:55:50.606 UTC: 	 In case of issues with the dashboard, please provide feedback to hn-cms-computing-tools@cern.ch
WARNING 2019-11-03 17:55:50.606 UTC: 	 Warning:			The CRAB3 server got a non-critical error while checking stageout permissions. Please use checkwrite to check if everything is fine.
DEBUG 2019-11-03 17:55:50.606 UTC: 	 The CRAB server submitted your task to the Grid scheduler (cluster ID: 5034413)
DEBUG 2019-11-03 17:55:50.606 UTC: 	 Webdir is located at http://vocms0199.cern.ch/mon/cms251/191101_121407:sthakur_crab_ExLepEEZ_M750_MC_20191101
DEBUG 2019-11-03 17:55:50.707 UTC: 	 Proxied webdir is located at https://cmsweb.cern.ch/scheddmon/0199/cms251/191101_121407:sthakur_crab_ExLepEEZ_M750_MC_20191101
DEBUG 2019-11-03 17:55:50.707 UTC: 	 Retrieving 'status_cache' file from https://cmsweb.cern.ch/scheddmon/0199/cms251/191101_121407:sthakur_crab_ExLepEEZ_M750_MC_20191101/status_cache
DEBUG 2019-11-03 17:55:50.933 UTC: 	 Got information from status cache file: {'1': {'Retries': 0, 'WallDurations': [10.0, 1754.0], 'StartTimes': [1572610832.0], 'SubmitTimes': [1572610632.0], 'JobIds': ['5034416.0'], 'EndTimes': [1572612586.0], 'Restarts': 0, 'RecordedSite': True, 'State': 'finished', 'ResidentSetSize': [740824], 'TotalUserCpuTimeHistory': [1327], 'SiteHistory': ['Unknown', 'T1_US_FNAL'], 'TotalSysCpuTimeHistory': [70]}, '3': {'Retries': 0, 'WallDurations': [10.0, 453.0], 'StartTimes': [1572610837.0], 'SubmitTimes': [1572610632.0], 'JobIds': ['5034418.0'], 'EndTimes': [1572611290.0], 'Restarts': 0, 'RecordedSite': True, 'State': 'finished', 'ResidentSetSize': [651560], 'TotalUserCpuTimeHistory': [316], 'SiteHistory': ['Unknown', 'T1_US_FNAL'], 'TotalSysCpuTimeHistory': [23]}, '2': {'Retries': 0, 'WallDurations': [10.0, 1067.0], 'StartTimes': [1572610834.0], 'SubmitTimes': [1572610632.0], 'JobIds': ['5034417.0'], 'EndTimes': [1572611901.0], 'Restarts': 0, 'RecordedSite': True, 'State': 'finished', 'ResidentSetSize': [702020], 'TotalUserCpuTimeHistory': [865], 'SiteHistory': ['Unknown', 'T1_US_FNAL'], 'TotalSysCpuTimeHistory': [52]}}
INFO 2019-11-03 17:55:50.933 UTC: 	 Status on the scheduler:	COMPLETED
INFO 2019-11-03 17:55:50.934 UTC: 	 
Jobs status:                    finished     		100.0% (3/3)
INFO 2019-11-03 17:55:51.014 UTC: 	 
No publication information available yet
INFO 2019-11-03 17:55:51.015 UTC: 	 
Warning: the max jobs runtime is less than 30% of the task requested value (1250 min), please consider to request a lower value for failed jobs (allowed through crab resubmit) and/or improve the jobs splitting (e.g. config.Data.splitting = 'Automatic') in a new task.
INFO 2019-11-03 17:55:51.015 UTC: 	 
Summary of run jobs:
 * Memory: 636MB min, 723MB max, 682MB ave
 * Runtime: 0:07:33 min, 0:29:14 max, 0:18:11 ave
 * CPU eff: 75% min, 86% max, 81% ave
 * Waste: 0:00:30 (1% of total)

INFO 2019-11-03 17:55:51.047 UTC: 	 Log file is /afs/cern.ch/work/s/sthakur/xRavindra/MiniTree2017Data/CMSSW_10_4_0/src/ExLep2017Crab/crab/CrabMC_20191101/crab_ExLepEEZ_M750_MC_20191101/crab.log
DEBUG 2019-11-03 18:01:11.427 UTC: 	 Running on: Linux lxplus737.cern.ch 3.10.0-1062.1.2.el7.x86_64 #1 SMP Mon Sep 30 14:19:46 UTC 2019 x86_64 x86_64 x86_64 GNU/Linux
Description:	CentOS Linux release 7.7.1908 (Core) 

DEBUG 2019-11-03 18:01:11.427 UTC: 	 Executing command: 'resubmit'
DEBUG 2019-11-03 18:01:11.428 UTC: 	 Found CRAB cache file /afs/cern.ch/user/s/sthakur/.crab3
DEBUG 2019-11-03 18:01:11.440 UTC: 	 Checking credentials
DEBUG 2019-11-03 18:01:11.440 UTC: 	 Found proxy file /tmp/x509up_u77410
DEBUG 2019-11-03 18:01:11.440 UTC: 	 Getting proxy life time left
DEBUG 2019-11-03 18:01:12.148 UTC: 	 Executing : 
 command : voms-proxy-info -file /tmp/x509up_u77410 -timeleft
 output : 42734

 error: 
 retcode : 0
DEBUG 2019-11-03 18:01:12.964 UTC: 	 Executing : 
 command : voms-proxy-info -file /tmp/x509up_u77410 -actimeleft
 output : 42734

 error: 
 retcode : 0
DEBUG 2019-11-03 18:01:12.965 UTC: 	 Proxy valid for 11:52:14 hours
DEBUG 2019-11-03 18:01:13.357 UTC: 	 Executing : 
 command : openssl x509 -in ~/.globus/usercert.pem -subject -noout
 output : subject= /DC=ch/DC=cern/OU=Organic Units/OU=Users/CN=sthakur/CN=764789/CN=Shalini Thakur

 error: 
 retcode : 0
DEBUG 2019-11-03 18:01:13.357 UTC: 	 Checking credentials
DEBUG 2019-11-03 18:01:13.358 UTC: 	 Found proxy file /tmp/x509up_u77410
DEBUG 2019-11-03 18:01:13.358 UTC: 	 Getting proxy life time left
DEBUG 2019-11-03 18:01:14.265 UTC: 	 Executing : 
 command : voms-proxy-info -file /tmp/x509up_u77410 -timeleft
 output : 42732

 error: 
 retcode : 0
DEBUG 2019-11-03 18:01:14.980 UTC: 	 Executing : 
 command : voms-proxy-info -file /tmp/x509up_u77410 -actimeleft
 output : 42732

 error: 
 retcode : 0
DEBUG 2019-11-03 18:01:14.980 UTC: 	 Proxy valid for 11:52:12 hours
DEBUG 2019-11-03 18:01:15.084 UTC: 	 Registering user credentials for server /DC=ch/DC=cern/OU=computers/CN=vocms(052|058|030|0118|0105|0109).cern.ch|/DC=ch/DC=cern/OU=computers/CN=crab-(preprod|prod)-tw(02|01).cern.ch
DEBUG 2019-11-03 18:01:15.202 UTC: 	 Executing : 
 command : openssl x509 -in ~/.globus/usercert.pem -subject -noout
 output : subject= /DC=ch/DC=cern/OU=Organic Units/OU=Users/CN=sthakur/CN=764789/CN=Shalini Thakur

 error: 
 retcode : 0
DEBUG 2019-11-03 18:01:15.202 UTC: 	 Getting myproxy life time left for myproxy.cern.ch
DEBUG 2019-11-03 18:01:15.202 UTC: 	 Calculating hash of /DC=ch/DC=cern/OU=Organic Units/OU=Users/CN=sthakur/CN=764789/CN=Shalini Thakur_cmsweb.cern.ch for credential name
DEBUG 2019-11-03 18:01:15.808 UTC: 	 Executing : 
 command : myproxy-info -l 9cd94953387eeee7bf4da2b7588630639ea1153b -s myproxy.cern.ch
 output : username: 9cd94953387eeee7bf4da2b7588630639ea1153b
owner: /DC=ch/DC=cern/OU=Organic Units/OU=Users/CN=sthakur/CN=764789/CN=Shalini Thakur
  renewal policy: /DC=ch/DC=cern/OU=computers/CN=vocms(052|058|030|0118|0105|0109).cern.ch|/DC=ch/DC=cern/OU=computers/CN=crab-(preprod|prod)-tw(02|01).cern.ch
  trusted retrieval policy: /DC=ch/DC=cern/OU=computers/CN=vocms(052|058|030|0118|0105|0109).cern.ch|/DC=ch/DC=cern/OU=computers/CN=crab-(preprod|prod)-tw(02|01).cern.ch
  timeleft: 504:36:45  (21.0 days)

 error: 
 retcode : 0
DEBUG 2019-11-03 18:01:15.809 UTC: 	 Myproxy is valid: 1816605
DEBUG 2019-11-03 18:01:15.922 UTC: 	 Command use: resubmit
DEBUG 2019-11-03 18:01:15.923 UTC: 	 Options use: ['CrabMC_20191101/crab_ExLepEEZ_M750_MC_20191101']
DEBUG 2019-11-03 18:01:15.992 UTC: 	 CRABClient version: 3.3.1910.patch2
DEBUG 2019-11-03 18:01:15.992 UTC: 	 Instance is prod
DEBUG 2019-11-03 18:01:15.992 UTC: 	 Server base url is cmsweb.cern.ch
DEBUG 2019-11-03 18:01:15.992 UTC: 	 Command url /crabserver/prod/workflow
DEBUG 2019-11-03 18:01:16.027 UTC: 	 Running on: Linux lxplus737.cern.ch 3.10.0-1062.1.2.el7.x86_64 #1 SMP Mon Sep 30 14:19:46 UTC 2019 x86_64 x86_64 x86_64 GNU/Linux
Description:	CentOS Linux release 7.7.1908 (Core) 

DEBUG 2019-11-03 18:01:16.027 UTC: 	 Executing command: 'status'
DEBUG 2019-11-03 18:01:16.028 UTC: 	 Found CRAB cache file /afs/cern.ch/user/s/sthakur/.crab3
DEBUG 2019-11-03 18:01:16.036 UTC: 	 Checking credentials
DEBUG 2019-11-03 18:01:16.036 UTC: 	 Found proxy file /tmp/x509up_u77410
DEBUG 2019-11-03 18:01:16.036 UTC: 	 Getting proxy life time left
DEBUG 2019-11-03 18:01:16.952 UTC: 	 Executing : 
 command : voms-proxy-info -file /tmp/x509up_u77410 -timeleft
 output : 42730

 error: 
 retcode : 0
DEBUG 2019-11-03 18:01:17.761 UTC: 	 Executing : 
 command : voms-proxy-info -file /tmp/x509up_u77410 -actimeleft
 output : 42729

 error: 
 retcode : 0
DEBUG 2019-11-03 18:01:17.762 UTC: 	 Proxy lifetime 42730 secs is different from voms extension lifetime 42729 secs for proxy: /tmp/x509up_u77410
DEBUG 2019-11-03 18:01:17.762 UTC: 	 Proxy valid for 11:52:09 hours
DEBUG 2019-11-03 18:01:17.979 UTC: 	 Executing : 
 command : openssl x509 -in ~/.globus/usercert.pem -subject -noout
 output : subject= /DC=ch/DC=cern/OU=Organic Units/OU=Users/CN=sthakur/CN=764789/CN=Shalini Thakur

 error: 
 retcode : 0
DEBUG 2019-11-03 18:01:17.979 UTC: 	 Checking credentials
DEBUG 2019-11-03 18:01:17.979 UTC: 	 Found proxy file /tmp/x509up_u77410
DEBUG 2019-11-03 18:01:17.979 UTC: 	 Getting proxy life time left
DEBUG 2019-11-03 18:01:18.888 UTC: 	 Executing : 
 command : voms-proxy-info -file /tmp/x509up_u77410 -timeleft
 output : 42728

 error: 
 retcode : 0
DEBUG 2019-11-03 18:01:19.599 UTC: 	 Executing : 
 command : voms-proxy-info -file /tmp/x509up_u77410 -actimeleft
 output : 42727

 error: 
 retcode : 0
DEBUG 2019-11-03 18:01:19.599 UTC: 	 Proxy lifetime 42728 secs is different from voms extension lifetime 42727 secs for proxy: /tmp/x509up_u77410
DEBUG 2019-11-03 18:01:19.599 UTC: 	 Proxy valid for 11:52:07 hours
DEBUG 2019-11-03 18:01:19.668 UTC: 	 Registering user credentials for server /DC=ch/DC=cern/OU=computers/CN=vocms(052|058|030|0118|0105|0109).cern.ch|/DC=ch/DC=cern/OU=computers/CN=crab-(preprod|prod)-tw(02|01).cern.ch
DEBUG 2019-11-03 18:01:19.780 UTC: 	 Executing : 
 command : openssl x509 -in ~/.globus/usercert.pem -subject -noout
 output : subject= /DC=ch/DC=cern/OU=Organic Units/OU=Users/CN=sthakur/CN=764789/CN=Shalini Thakur

 error: 
 retcode : 0
DEBUG 2019-11-03 18:01:19.780 UTC: 	 Getting myproxy life time left for myproxy.cern.ch
DEBUG 2019-11-03 18:01:19.780 UTC: 	 Calculating hash of /DC=ch/DC=cern/OU=Organic Units/OU=Users/CN=sthakur/CN=764789/CN=Shalini Thakur_cmsweb.cern.ch for credential name
DEBUG 2019-11-03 18:01:20.287 UTC: 	 Executing : 
 command : myproxy-info -l 9cd94953387eeee7bf4da2b7588630639ea1153b -s myproxy.cern.ch
 output : username: 9cd94953387eeee7bf4da2b7588630639ea1153b
owner: /DC=ch/DC=cern/OU=Organic Units/OU=Users/CN=sthakur/CN=764789/CN=Shalini Thakur
  renewal policy: /DC=ch/DC=cern/OU=computers/CN=vocms(052|058|030|0118|0105|0109).cern.ch|/DC=ch/DC=cern/OU=computers/CN=crab-(preprod|prod)-tw(02|01).cern.ch
  trusted retrieval policy: /DC=ch/DC=cern/OU=computers/CN=vocms(052|058|030|0118|0105|0109).cern.ch|/DC=ch/DC=cern/OU=computers/CN=crab-(preprod|prod)-tw(02|01).cern.ch
  timeleft: 504:36:40  (21.0 days)

 error: 
 retcode : 0
DEBUG 2019-11-03 18:01:20.287 UTC: 	 Myproxy is valid: 1816600
DEBUG 2019-11-03 18:01:20.288 UTC: 	 Command use: status
DEBUG 2019-11-03 18:01:20.288 UTC: 	 Options use: []
DEBUG 2019-11-03 18:01:20.387 UTC: 	 CRABClient version: 3.3.1910.patch2
DEBUG 2019-11-03 18:01:20.387 UTC: 	 Instance is prod
DEBUG 2019-11-03 18:01:20.387 UTC: 	 Server base url is cmsweb.cern.ch
DEBUG 2019-11-03 18:01:20.387 UTC: 	 Command url /crabserver/prod/workflow
DEBUG 2019-11-03 18:01:20.493 UTC: 	 Got information from server oracle database: {u'result': [u'191101_121407:sthakur_crab_ExLepEEZ_M750_MC_20191101', u'None', u'None', u'SUBMITTED', u'SUBMIT', u'2019-11-01 12:14:07.462986', u'None', u'2019-11-01 12:16:54.136108', u'None', u'CMSSW_10_4_0', u'slc7_amd64_gcc700', u'/ExcitedLepton_EEZ-750_TuneCP5_13TeV-pythia8/RunIIFall17MiniAODv2-PU2017_12Apr2018_94X_mc2017_realistic_v14-v1/MINIAODSIM', u'T', u'0', u'[]', u'[]', u'FileBased', u"{'splitOnRun': False, 'halt_job_on_file_boundaries': False, 'files_per_job': 10, 'runs': [], 'lumis': []}", u'f2d23dcf4fe8be67a7d8dbe078f0a369b98bbc34e60b0c6a19f0530fa99a5117.tar.gz', u'https://cmsweb.cern.ch/crabcache', u'sthakur', u'/DC=ch/DC=cern/OU=Organic Units/OU=Users/CN=sthakur/CN=764789/CN=Shalini Thakur', u'cms', u'None', u'None', u'ExLepEEZ_M750_MC_20191101-00000000000000000000000000000000', u'F', u'T2_IN_TIFR', u'https://cmsweb.cern.ch/dbs/prod/global/DBSReader', u'https://cmsweb.cern.ch/dbs/prod/phys03/DBSWriter', u'T', u'[]', u"['ExLepEEZ_M750_MC_20191101_Ntuple.root']", u'[]', u'Analysis', u'pythia', u'None', u'{}', u'[]', u'F', u'crab-prod-tw01', u'[]', u'1250', u'1', u'2000', u'10', u'None', u"['The CRAB3 server got a non-critical error while checking stageout permissions. Please use checkwrite to check if everything is fine.']", u'http://vocms0199.cern.ch/mon/cms251/191101_121407:sthakur_crab_ExLepEEZ_M750_MC_20191101', u'None', u'[]', u'[]', u'https://cmsweb.cern.ch/crabserver/prod', u'cmsgwms-collector-global.cern.ch:9620,cmssrv623.fnal.gov:9620', u'crab3@vocms0199.cern.ch', u'F', u'[]', u'T', u'/store/user/sthakur/ntuple_for2017MC_20191101/MC_20191101/ExLepEEZ_M750_MC_20191101', u'F', u'None', u'F', u'None', u'ExcitedLepton_EEZ-750_TuneCP5_13TeV-pythia8', u'None', u'1da6c38d3fe534b177dc8068940559a3f6c5d86b261aa5b6b2d277e17940059f.tar.gz', u'5034413', u'filetransfers', u'F', u'2001:1458:d00:2e::100:9b', u'0.0', u'None'], u'desc': {u'columns': [u'tm_taskname', u'tm_activity', u'panda_jobset_id', u'tm_task_status', u'tm_task_command', u'tm_start_time', u'tm_start_injection', u'tm_end_injection', u'tm_task_failure', u'tm_job_sw', u'tm_job_arch', u'tm_input_dataset', u'tm_nonvalid_input_dataset', u'tm_use_parent', u'tm_site_whitelist', u'tm_site_blacklist', u'tm_split_algo', u'tm_split_args', u'tm_user_sandbox', u'tm_cache_url', u'tm_username', u'tm_user_dn', u'tm_user_vo', u'tm_user_role', u'tm_user_group', u'tm_publish_name', u'tm_publish_groupname', u'tm_asyncdest', u'tm_dbs_url', u'tm_publish_dbs_url', u'tm_publication', u'tm_outfiles', u'tm_tfile_outfiles', u'tm_edm_outfiles', u'tm_job_type', u'tm_generator', u'tm_events_per_lumi', u'tm_arguments', u'panda_resubmitted_jobs', u'tm_save_logs', u'tw_name', u'tm_user_infiles', u'tm_maxjobruntime', u'tm_numcores', u'tm_maxmemory', u'tm_priority', u'tm_output_dataset', u'tm_task_warnings', u'tm_user_webdir', u'tm_scriptexe', u'tm_scriptargs', u'tm_extrajdl', u'tm_asourl', u'tm_collector', u'tm_schedd', u'tm_dry_run', u'tm_user_files', u'tm_transfer_outputs', u'tm_output_lfn', u'tm_ignore_locality', u'tm_fail_limit', u'tm_one_event_mode', u'tm_secondary_input_dataset', u'tm_primary_dataset', u'tm_last_publication', u'tm_debug_files', u'clusterid', u'tm_asodb', u'tm_ignore_global_blacklist', u'tm_submitter_ip_addr', u'tm_totalunits', u'tm_ddm_reqid']}}
INFO 2019-11-03 18:01:20.493 UTC: 	 CRAB project directory:		/afs/cern.ch/work/s/sthakur/xRavindra/MiniTree2017Data/CMSSW_10_4_0/src/ExLep2017Crab/crab/CrabMC_20191101/crab_ExLepEEZ_M750_MC_20191101
INFO 2019-11-03 18:01:20.493 UTC: 	 Task name:			191101_121407:sthakur_crab_ExLepEEZ_M750_MC_20191101
INFO 2019-11-03 18:01:20.493 UTC: 	 Grid scheduler - Task Worker:	crab3@vocms0199.cern.ch - crab-prod-tw01
INFO 2019-11-03 18:01:20.494 UTC: 	 Status on the CRAB server:	SUBMITTED
INFO 2019-11-03 18:01:20.494 UTC: 	 Task URL to use for HELP:	https://cmsweb.cern.ch/crabserver/ui/task/191101_121407%3Asthakur_crab_ExLepEEZ_M750_MC_20191101
INFO 2019-11-03 18:01:20.494 UTC: 	 Dashboard monitoring URL:	https://monit-grafana.cern.ch/d/cmsTMDetail/cms-task-monitoring-task-view?orgId=11&var-user=sthakur&var-task=191101_121407%3Asthakur_crab_ExLepEEZ_M750_MC_20191101
INFO 2019-11-03 18:01:20.494 UTC: 	 In case of issues with the dashboard, please provide feedback to hn-cms-computing-tools@cern.ch
WARNING 2019-11-03 18:01:20.494 UTC: 	 Warning:			The CRAB3 server got a non-critical error while checking stageout permissions. Please use checkwrite to check if everything is fine.
DEBUG 2019-11-03 18:01:20.494 UTC: 	 The CRAB server submitted your task to the Grid scheduler (cluster ID: 5034413)
DEBUG 2019-11-03 18:01:20.494 UTC: 	 Webdir is located at http://vocms0199.cern.ch/mon/cms251/191101_121407:sthakur_crab_ExLepEEZ_M750_MC_20191101
DEBUG 2019-11-03 18:01:20.567 UTC: 	 Proxied webdir is located at https://cmsweb.cern.ch/scheddmon/0199/cms251/191101_121407:sthakur_crab_ExLepEEZ_M750_MC_20191101
DEBUG 2019-11-03 18:01:20.567 UTC: 	 Retrieving 'status_cache' file from https://cmsweb.cern.ch/scheddmon/0199/cms251/191101_121407:sthakur_crab_ExLepEEZ_M750_MC_20191101/status_cache
DEBUG 2019-11-03 18:01:20.616 UTC: 	 Got information from status cache file: {'1': {'Retries': 0, 'WallDurations': [10.0, 1754.0], 'StartTimes': [1572610832.0], 'SubmitTimes': [1572610632.0], 'JobIds': ['5034416.0'], 'EndTimes': [1572612586.0], 'Restarts': 0, 'RecordedSite': True, 'State': 'finished', 'ResidentSetSize': [740824], 'TotalUserCpuTimeHistory': [1327], 'SiteHistory': ['Unknown', 'T1_US_FNAL'], 'TotalSysCpuTimeHistory': [70]}, '3': {'Retries': 0, 'WallDurations': [10.0, 453.0], 'StartTimes': [1572610837.0], 'SubmitTimes': [1572610632.0], 'JobIds': ['5034418.0'], 'EndTimes': [1572611290.0], 'Restarts': 0, 'RecordedSite': True, 'State': 'finished', 'ResidentSetSize': [651560], 'TotalUserCpuTimeHistory': [316], 'SiteHistory': ['Unknown', 'T1_US_FNAL'], 'TotalSysCpuTimeHistory': [23]}, '2': {'Retries': 0, 'WallDurations': [10.0, 1067.0], 'StartTimes': [1572610834.0], 'SubmitTimes': [1572610632.0], 'JobIds': ['5034417.0'], 'EndTimes': [1572611901.0], 'Restarts': 0, 'RecordedSite': True, 'State': 'finished', 'ResidentSetSize': [702020], 'TotalUserCpuTimeHistory': [865], 'SiteHistory': ['Unknown', 'T1_US_FNAL'], 'TotalSysCpuTimeHistory': [52]}}
INFO 2019-11-03 18:01:20.616 UTC: 	 Status on the scheduler:	COMPLETED
INFO 2019-11-03 18:01:20.616 UTC: 	 
Jobs status:                    finished     		100.0% (3/3)
INFO 2019-11-03 18:01:20.691 UTC: 	 
No publication information available yet
INFO 2019-11-03 18:01:20.692 UTC: 	 
Warning: the max jobs runtime is less than 30% of the task requested value (1250 min), please consider to request a lower value for failed jobs (allowed through crab resubmit) and/or improve the jobs splitting (e.g. config.Data.splitting = 'Automatic') in a new task.
INFO 2019-11-03 18:01:20.692 UTC: 	 
Summary of run jobs:
 * Memory: 636MB min, 723MB max, 682MB ave
 * Runtime: 0:07:33 min, 0:29:14 max, 0:18:11 ave
 * CPU eff: 75% min, 86% max, 81% ave
 * Waste: 0:00:30 (1% of total)

DEBUG 2019-11-03 18:01:20.699 UTC: 	 Requesting resubmission of failed jobs in task 191101_121407:sthakur_crab_ExLepEEZ_M750_MC_20191101
ERROR 2019-11-03 18:01:20.699 UTC: 	 Found no jobs to resubmit. Only jobs in status failed can be resubmitted. Jobs in status finished can also be resubmitted, but only if the jobids are specified and the force option is set.
ERROR 2019-11-03 18:01:20.699 UTC: 	 Caught exception
Traceback (most recent call last):
  File "/cvmfs/cms.cern.ch/crab3/slc6_amd64_gcc493/cms/crabclient/3.3.1910.patch2/bin/crab", line 160, in <module>
    client()
  File "/cvmfs/cms.cern.ch/crab3/slc6_amd64_gcc493/cms/crabclient/3.3.1910.patch2/bin/crab", line 147, in __call__
    self.cmd()
  File "/cvmfs/cms.cern.ch/crab3/slc6_amd64_gcc493/cms/crabclient/3.3.1910.patch2/lib/python2.7/site-packages/CRABClient/Commands/resubmit.py", line 63, in __call__
    self.jobids = self.processJobIds(jobList)
  File "/cvmfs/cms.cern.ch/crab3/slc6_amd64_gcc493/cms/crabclient/3.3.1910.patch2/lib/python2.7/site-packages/CRABClient/Commands/resubmit.py", line 172, in processJobIds
    raise ConfigurationException(msg)
ConfigurationException: Found no jobs to resubmit. Only jobs in status failed can be resubmitted. Jobs in status finished can also be resubmitted, but only if the jobids are specified and the force option is set.
DEBUG 2019-11-04 17:52:06.037 UTC: 	 Running on: Linux lxplus794.cern.ch 3.10.0-1062.4.1.el7.x86_64 #1 SMP Fri Oct 18 17:15:30 UTC 2019 x86_64 x86_64 x86_64 GNU/Linux
Description:	CentOS Linux release 7.7.1908 (Core) 

DEBUG 2019-11-04 17:52:06.037 UTC: 	 Executing command: 'status'
DEBUG 2019-11-04 17:52:06.038 UTC: 	 Found CRAB cache file /afs/cern.ch/user/s/sthakur/.crab3
DEBUG 2019-11-04 17:52:06.069 UTC: 	 Checking credentials
DEBUG 2019-11-04 17:52:06.069 UTC: 	 Found proxy file /tmp/x509up_u77410
DEBUG 2019-11-04 17:52:06.069 UTC: 	 Getting proxy life time left
DEBUG 2019-11-04 17:52:06.675 UTC: 	 Executing : 
 command : voms-proxy-info -file /tmp/x509up_u77410 -timeleft
 output : 43063

 error: 
 retcode : 0
DEBUG 2019-11-04 17:52:07.281 UTC: 	 Executing : 
 command : voms-proxy-info -file /tmp/x509up_u77410 -actimeleft
 output : 43062

 error: 
 retcode : 0
DEBUG 2019-11-04 17:52:07.281 UTC: 	 Proxy lifetime 43063 secs is different from voms extension lifetime 43062 secs for proxy: /tmp/x509up_u77410
DEBUG 2019-11-04 17:52:07.281 UTC: 	 Proxy valid for 11:57:42 hours
DEBUG 2019-11-04 17:52:07.615 UTC: 	 Executing : 
 command : openssl x509 -in ~/.globus/usercert.pem -subject -noout
 output : subject= /DC=ch/DC=cern/OU=Organic Units/OU=Users/CN=sthakur/CN=764789/CN=Shalini Thakur

 error: 
 retcode : 0
DEBUG 2019-11-04 17:52:07.615 UTC: 	 Checking credentials
DEBUG 2019-11-04 17:52:07.615 UTC: 	 Found proxy file /tmp/x509up_u77410
DEBUG 2019-11-04 17:52:07.615 UTC: 	 Getting proxy life time left
DEBUG 2019-11-04 17:52:08.221 UTC: 	 Executing : 
 command : voms-proxy-info -file /tmp/x509up_u77410 -timeleft
 output : 43061

 error: 
 retcode : 0
DEBUG 2019-11-04 17:52:08.828 UTC: 	 Executing : 
 command : voms-proxy-info -file /tmp/x509up_u77410 -actimeleft
 output : 43061

 error: 
 retcode : 0
DEBUG 2019-11-04 17:52:08.828 UTC: 	 Proxy valid for 11:57:41 hours
DEBUG 2019-11-04 17:52:09.005 UTC: 	 Registering user credentials for server /DC=ch/DC=cern/OU=computers/CN=vocms(052|058|030|0118|0105|0109).cern.ch|/DC=ch/DC=cern/OU=computers/CN=crab-(preprod|prod)-tw(02|01).cern.ch
DEBUG 2019-11-04 17:52:09.115 UTC: 	 Executing : 
 command : openssl x509 -in ~/.globus/usercert.pem -subject -noout
 output : subject= /DC=ch/DC=cern/OU=Organic Units/OU=Users/CN=sthakur/CN=764789/CN=Shalini Thakur

 error: 
 retcode : 0
DEBUG 2019-11-04 17:52:09.115 UTC: 	 Getting myproxy life time left for myproxy.cern.ch
DEBUG 2019-11-04 17:52:09.115 UTC: 	 Calculating hash of /DC=ch/DC=cern/OU=Organic Units/OU=Users/CN=sthakur/CN=764789/CN=Shalini Thakur_cmsweb.cern.ch for credential name
DEBUG 2019-11-04 17:52:09.320 UTC: 	 Executing : 
 command : myproxy-info -l 9cd94953387eeee7bf4da2b7588630639ea1153b -s myproxy.cern.ch
 output : username: 9cd94953387eeee7bf4da2b7588630639ea1153b
owner: /DC=ch/DC=cern/OU=Organic Units/OU=Users/CN=sthakur/CN=764789/CN=Shalini Thakur
  renewal policy: /DC=ch/DC=cern/OU=computers/CN=vocms(052|058|030|0118|0105|0109).cern.ch|/DC=ch/DC=cern/OU=computers/CN=crab-(preprod|prod)-tw(02|01).cern.ch
  trusted retrieval policy: /DC=ch/DC=cern/OU=computers/CN=vocms(052|058|030|0118|0105|0109).cern.ch|/DC=ch/DC=cern/OU=computers/CN=crab-(preprod|prod)-tw(02|01).cern.ch
  timeleft: 480:45:51  (20.0 days)

 error: 
 retcode : 0
DEBUG 2019-11-04 17:52:09.321 UTC: 	 Myproxy is valid: 1730751
DEBUG 2019-11-04 17:52:09.322 UTC: 	 Command use: status
DEBUG 2019-11-04 17:52:09.322 UTC: 	 Options use: ['--verboseErrors', 'CrabMC_20191101/crab_ExLepEEZ_M750_MC_20191101']
DEBUG 2019-11-04 17:52:09.600 UTC: 	 CRABClient version: 3.3.1910.patch2
DEBUG 2019-11-04 17:52:09.600 UTC: 	 Instance is prod
DEBUG 2019-11-04 17:52:09.600 UTC: 	 Server base url is cmsweb.cern.ch
DEBUG 2019-11-04 17:52:09.600 UTC: 	 Command url /crabserver/prod/workflow
DEBUG 2019-11-04 17:52:09.685 UTC: 	 Got information from server oracle database: {u'result': [u'191101_121407:sthakur_crab_ExLepEEZ_M750_MC_20191101', u'None', u'None', u'SUBMITTED', u'SUBMIT', u'2019-11-01 12:14:07.462986', u'None', u'2019-11-01 12:16:54.136108', u'None', u'CMSSW_10_4_0', u'slc7_amd64_gcc700', u'/ExcitedLepton_EEZ-750_TuneCP5_13TeV-pythia8/RunIIFall17MiniAODv2-PU2017_12Apr2018_94X_mc2017_realistic_v14-v1/MINIAODSIM', u'T', u'0', u'[]', u'[]', u'FileBased', u"{'splitOnRun': False, 'halt_job_on_file_boundaries': False, 'files_per_job': 10, 'runs': [], 'lumis': []}", u'f2d23dcf4fe8be67a7d8dbe078f0a369b98bbc34e60b0c6a19f0530fa99a5117.tar.gz', u'https://cmsweb.cern.ch/crabcache', u'sthakur', u'/DC=ch/DC=cern/OU=Organic Units/OU=Users/CN=sthakur/CN=764789/CN=Shalini Thakur', u'cms', u'None', u'None', u'ExLepEEZ_M750_MC_20191101-00000000000000000000000000000000', u'F', u'T2_IN_TIFR', u'https://cmsweb.cern.ch/dbs/prod/global/DBSReader', u'https://cmsweb.cern.ch/dbs/prod/phys03/DBSWriter', u'T', u'[]', u"['ExLepEEZ_M750_MC_20191101_Ntuple.root']", u'[]', u'Analysis', u'pythia', u'None', u'{}', u'[]', u'F', u'crab-prod-tw01', u'[]', u'1250', u'1', u'2000', u'10', u'None', u"['The CRAB3 server got a non-critical error while checking stageout permissions. Please use checkwrite to check if everything is fine.']", u'http://vocms0199.cern.ch/mon/cms251/191101_121407:sthakur_crab_ExLepEEZ_M750_MC_20191101', u'None', u'[]', u'[]', u'https://cmsweb.cern.ch/crabserver/prod', u'cmsgwms-collector-global.cern.ch:9620,cmssrv623.fnal.gov:9620', u'crab3@vocms0199.cern.ch', u'F', u'[]', u'T', u'/store/user/sthakur/ntuple_for2017MC_20191101/MC_20191101/ExLepEEZ_M750_MC_20191101', u'F', u'None', u'F', u'None', u'ExcitedLepton_EEZ-750_TuneCP5_13TeV-pythia8', u'None', u'1da6c38d3fe534b177dc8068940559a3f6c5d86b261aa5b6b2d277e17940059f.tar.gz', u'5034413', u'filetransfers', u'F', u'2001:1458:d00:2e::100:9b', u'0.0', u'None'], u'desc': {u'columns': [u'tm_taskname', u'tm_activity', u'panda_jobset_id', u'tm_task_status', u'tm_task_command', u'tm_start_time', u'tm_start_injection', u'tm_end_injection', u'tm_task_failure', u'tm_job_sw', u'tm_job_arch', u'tm_input_dataset', u'tm_nonvalid_input_dataset', u'tm_use_parent', u'tm_site_whitelist', u'tm_site_blacklist', u'tm_split_algo', u'tm_split_args', u'tm_user_sandbox', u'tm_cache_url', u'tm_username', u'tm_user_dn', u'tm_user_vo', u'tm_user_role', u'tm_user_group', u'tm_publish_name', u'tm_publish_groupname', u'tm_asyncdest', u'tm_dbs_url', u'tm_publish_dbs_url', u'tm_publication', u'tm_outfiles', u'tm_tfile_outfiles', u'tm_edm_outfiles', u'tm_job_type', u'tm_generator', u'tm_events_per_lumi', u'tm_arguments', u'panda_resubmitted_jobs', u'tm_save_logs', u'tw_name', u'tm_user_infiles', u'tm_maxjobruntime', u'tm_numcores', u'tm_maxmemory', u'tm_priority', u'tm_output_dataset', u'tm_task_warnings', u'tm_user_webdir', u'tm_scriptexe', u'tm_scriptargs', u'tm_extrajdl', u'tm_asourl', u'tm_collector', u'tm_schedd', u'tm_dry_run', u'tm_user_files', u'tm_transfer_outputs', u'tm_output_lfn', u'tm_ignore_locality', u'tm_fail_limit', u'tm_one_event_mode', u'tm_secondary_input_dataset', u'tm_primary_dataset', u'tm_last_publication', u'tm_debug_files', u'clusterid', u'tm_asodb', u'tm_ignore_global_blacklist', u'tm_submitter_ip_addr', u'tm_totalunits', u'tm_ddm_reqid']}}
INFO 2019-11-04 17:52:09.685 UTC: 	 CRAB project directory:		/afs/cern.ch/work/s/sthakur/xRavindra/MiniTree2017Data/CMSSW_10_4_0/src/ExLep2017Crab/crab/CrabMC_20191101/crab_ExLepEEZ_M750_MC_20191101
INFO 2019-11-04 17:52:09.686 UTC: 	 Task name:			191101_121407:sthakur_crab_ExLepEEZ_M750_MC_20191101
INFO 2019-11-04 17:52:09.686 UTC: 	 Grid scheduler - Task Worker:	crab3@vocms0199.cern.ch - crab-prod-tw01
INFO 2019-11-04 17:52:09.686 UTC: 	 Status on the CRAB server:	SUBMITTED
INFO 2019-11-04 17:52:09.686 UTC: 	 Task URL to use for HELP:	https://cmsweb.cern.ch/crabserver/ui/task/191101_121407%3Asthakur_crab_ExLepEEZ_M750_MC_20191101
INFO 2019-11-04 17:52:09.686 UTC: 	 Dashboard monitoring URL:	https://monit-grafana.cern.ch/d/cmsTMDetail/cms-task-monitoring-task-view?orgId=11&var-user=sthakur&var-task=191101_121407%3Asthakur_crab_ExLepEEZ_M750_MC_20191101
INFO 2019-11-04 17:52:09.687 UTC: 	 In case of issues with the dashboard, please provide feedback to hn-cms-computing-tools@cern.ch
WARNING 2019-11-04 17:52:09.687 UTC: 	 Warning:			The CRAB3 server got a non-critical error while checking stageout permissions. Please use checkwrite to check if everything is fine.
DEBUG 2019-11-04 17:52:09.687 UTC: 	 The CRAB server submitted your task to the Grid scheduler (cluster ID: 5034413)
DEBUG 2019-11-04 17:52:09.687 UTC: 	 Webdir is located at http://vocms0199.cern.ch/mon/cms251/191101_121407:sthakur_crab_ExLepEEZ_M750_MC_20191101
DEBUG 2019-11-04 17:52:09.780 UTC: 	 Proxied webdir is located at https://cmsweb.cern.ch/scheddmon/0199/cms251/191101_121407:sthakur_crab_ExLepEEZ_M750_MC_20191101
DEBUG 2019-11-04 17:52:09.780 UTC: 	 Retrieving 'status_cache' file from https://cmsweb.cern.ch/scheddmon/0199/cms251/191101_121407:sthakur_crab_ExLepEEZ_M750_MC_20191101/status_cache
DEBUG 2019-11-04 17:52:10.446 UTC: 	 Got information from status cache file: {'1': {'Retries': 0, 'WallDurations': [10.0, 1754.0], 'StartTimes': [1572610832.0], 'SubmitTimes': [1572610632.0], 'JobIds': ['5034416.0'], 'EndTimes': [1572612586.0], 'Restarts': 0, 'RecordedSite': True, 'State': 'finished', 'ResidentSetSize': [740824], 'TotalUserCpuTimeHistory': [1327], 'SiteHistory': ['Unknown', 'T1_US_FNAL'], 'TotalSysCpuTimeHistory': [70]}, '3': {'Retries': 0, 'WallDurations': [10.0, 453.0], 'StartTimes': [1572610837.0], 'SubmitTimes': [1572610632.0], 'JobIds': ['5034418.0'], 'EndTimes': [1572611290.0], 'Restarts': 0, 'RecordedSite': True, 'State': 'finished', 'ResidentSetSize': [651560], 'TotalUserCpuTimeHistory': [316], 'SiteHistory': ['Unknown', 'T1_US_FNAL'], 'TotalSysCpuTimeHistory': [23]}, '2': {'Retries': 0, 'WallDurations': [10.0, 1067.0], 'StartTimes': [1572610834.0], 'SubmitTimes': [1572610632.0], 'JobIds': ['5034417.0'], 'EndTimes': [1572611901.0], 'Restarts': 0, 'RecordedSite': True, 'State': 'finished', 'ResidentSetSize': [702020], 'TotalUserCpuTimeHistory': [865], 'SiteHistory': ['Unknown', 'T1_US_FNAL'], 'TotalSysCpuTimeHistory': [52]}}
INFO 2019-11-04 17:52:10.446 UTC: 	 Status on the scheduler:	COMPLETED
INFO 2019-11-04 17:52:10.447 UTC: 	 
Jobs status:                    finished     		100.0% (3/3)
INFO 2019-11-04 17:52:10.549 UTC: 	 
No publication information available yet
INFO 2019-11-04 17:52:10.549 UTC: 	 
Warning: the max jobs runtime is less than 30% of the task requested value (1250 min), please consider to request a lower value for failed jobs (allowed through crab resubmit) and/or improve the jobs splitting (e.g. config.Data.splitting = 'Automatic') in a new task.
INFO 2019-11-04 17:52:10.549 UTC: 	 
Summary of run jobs:
 * Memory: 636MB min, 723MB max, 682MB ave
 * Runtime: 0:07:33 min, 0:29:14 max, 0:18:11 ave
 * CPU eff: 75% min, 86% max, 81% ave
 * Waste: 0:00:30 (1% of total)

INFO 2019-11-04 17:52:10.574 UTC: 	 Log file is /afs/cern.ch/work/s/sthakur/xRavindra/MiniTree2017Data/CMSSW_10_4_0/src/ExLep2017Crab/crab/CrabMC_20191101/crab_ExLepEEZ_M750_MC_20191101/crab.log
DEBUG 2019-11-11 18:31:26.305 UTC: 	 Running on: Linux lxplus745.cern.ch 3.10.0-1062.4.1.el7.x86_64 #1 SMP Fri Oct 18 17:15:30 UTC 2019 x86_64 x86_64 x86_64 GNU/Linux - CentOS Linux 7 (Core)
DEBUG 2019-11-11 18:31:26.313 UTC: 	 OpenSSl version: OpenSSL 1.0.2h  3 May 2016
DEBUG 2019-11-11 18:31:26.315 UTC: 	 Executing command: 'status'
DEBUG 2019-11-11 18:31:26.316 UTC: 	 Found CRAB cache file /afs/cern.ch/user/s/sthakur/.crab3
DEBUG 2019-11-11 18:31:26.333 UTC: 	 Checking credentials
DEBUG 2019-11-11 18:31:26.333 UTC: 	 Found proxy file /tmp/x509up_u77410
DEBUG 2019-11-11 18:31:26.333 UTC: 	 Getting proxy life time left
DEBUG 2019-11-11 18:31:27.040 UTC: 	 Executing : 
 command : voms-proxy-info -file /tmp/x509up_u77410 -timeleft
 output : 38974

 error: 
 retcode : 0
DEBUG 2019-11-11 18:31:27.747 UTC: 	 Executing : 
 command : voms-proxy-info -file /tmp/x509up_u77410 -actimeleft
 output : 38973

 error: 
 retcode : 0
DEBUG 2019-11-11 18:31:27.748 UTC: 	 Proxy lifetime 38974 secs is different from voms extension lifetime 38973 secs for proxy: /tmp/x509up_u77410
DEBUG 2019-11-11 18:31:27.748 UTC: 	 Proxy valid for 10:49:33 hours
DEBUG 2019-11-11 18:31:27.916 UTC: 	 Executing : 
 command : openssl x509 -in ~/.globus/usercert.pem -subject -noout
 output : subject= /DC=ch/DC=cern/OU=Organic Units/OU=Users/CN=sthakur/CN=764789/CN=Shalini Thakur

 error: 
 retcode : 0
DEBUG 2019-11-11 18:31:27.916 UTC: 	 Checking credentials
DEBUG 2019-11-11 18:31:27.916 UTC: 	 Found proxy file /tmp/x509up_u77410
DEBUG 2019-11-11 18:31:27.916 UTC: 	 Getting proxy life time left
DEBUG 2019-11-11 18:31:28.623 UTC: 	 Executing : 
 command : voms-proxy-info -file /tmp/x509up_u77410 -timeleft
 output : 38972

 error: 
 retcode : 0
DEBUG 2019-11-11 18:31:29.330 UTC: 	 Executing : 
 command : voms-proxy-info -file /tmp/x509up_u77410 -actimeleft
 output : 38971

 error: 
 retcode : 0
DEBUG 2019-11-11 18:31:29.330 UTC: 	 Proxy lifetime 38972 secs is different from voms extension lifetime 38971 secs for proxy: /tmp/x509up_u77410
DEBUG 2019-11-11 18:31:29.330 UTC: 	 Proxy valid for 10:49:31 hours
DEBUG 2019-11-11 18:31:29.433 UTC: 	 Registering user credentials for server /DC=ch/DC=cern/OU=computers/CN=vocms(052|058|030|0118|0105|0109).cern.ch|/DC=ch/DC=cern/OU=computers/CN=crab-(preprod|prod)-tw(02|01).cern.ch
DEBUG 2019-11-11 18:31:29.544 UTC: 	 Executing : 
 command : openssl x509 -in ~/.globus/usercert.pem -subject -noout
 output : subject= /DC=ch/DC=cern/OU=Organic Units/OU=Users/CN=sthakur/CN=764789/CN=Shalini Thakur

 error: 
 retcode : 0
DEBUG 2019-11-11 18:31:29.544 UTC: 	 Getting myproxy life time left for myproxy.cern.ch
DEBUG 2019-11-11 18:31:29.545 UTC: 	 Calculating hash of /DC=ch/DC=cern/OU=Organic Units/OU=Users/CN=sthakur/CN=764789/CN=Shalini Thakur_cmsweb.cern.ch for credential name
DEBUG 2019-11-11 18:31:29.750 UTC: 	 Executing : 
 command : myproxy-info -l 9cd94953387eeee7bf4da2b7588630639ea1153b -s myproxy.cern.ch
 output : username: 9cd94953387eeee7bf4da2b7588630639ea1153b
owner: /DC=ch/DC=cern/OU=Organic Units/OU=Users/CN=sthakur/CN=764789/CN=Shalini Thakur
  renewal policy: /DC=ch/DC=cern/OU=computers/CN=vocms(052|058|030|0118|0105|0109).cern.ch|/DC=ch/DC=cern/OU=computers/CN=crab-(preprod|prod)-tw(02|01).cern.ch
  trusted retrieval policy: /DC=ch/DC=cern/OU=computers/CN=vocms(052|058|030|0118|0105|0109).cern.ch|/DC=ch/DC=cern/OU=computers/CN=crab-(preprod|prod)-tw(02|01).cern.ch
  timeleft: 711:01:50  (29.6 days)

 error: 
 retcode : 0
DEBUG 2019-11-11 18:31:29.751 UTC: 	 Myproxy is valid: 2559710
DEBUG 2019-11-11 18:31:29.751 UTC: 	 Command use: status
DEBUG 2019-11-11 18:31:29.751 UTC: 	 Options use: ['--verboseErrors', 'CrabMC_20191101/crab_ExLepEEZ_M750_MC_20191101']
DEBUG 2019-11-11 18:31:29.869 UTC: 	 CRABClient version: 3.3.1911
DEBUG 2019-11-11 18:31:29.869 UTC: 	 Instance is prod
DEBUG 2019-11-11 18:31:29.869 UTC: 	 Server base url is cmsweb.cern.ch
DEBUG 2019-11-11 18:31:29.869 UTC: 	 Command url /crabserver/prod/workflow
DEBUG 2019-11-11 18:31:30.466 UTC: 	 Got information from server oracle database: {u'result': [u'191101_121407:sthakur_crab_ExLepEEZ_M750_MC_20191101', u'None', u'None', u'SUBMITTED', u'SUBMIT', u'2019-11-01 12:14:07.462986', u'None', u'2019-11-01 12:16:54.136108', u'None', u'CMSSW_10_4_0', u'slc7_amd64_gcc700', u'/ExcitedLepton_EEZ-750_TuneCP5_13TeV-pythia8/RunIIFall17MiniAODv2-PU2017_12Apr2018_94X_mc2017_realistic_v14-v1/MINIAODSIM', u'T', u'0', u'[]', u'[]', u'FileBased', u"{'splitOnRun': False, 'halt_job_on_file_boundaries': False, 'files_per_job': 10, 'runs': [], 'lumis': []}", u'f2d23dcf4fe8be67a7d8dbe078f0a369b98bbc34e60b0c6a19f0530fa99a5117.tar.gz', u'https://cmsweb.cern.ch/crabcache', u'sthakur', u'/DC=ch/DC=cern/OU=Organic Units/OU=Users/CN=sthakur/CN=764789/CN=Shalini Thakur', u'cms', u'None', u'None', u'ExLepEEZ_M750_MC_20191101-00000000000000000000000000000000', u'F', u'T2_IN_TIFR', u'https://cmsweb.cern.ch/dbs/prod/global/DBSReader', u'https://cmsweb.cern.ch/dbs/prod/phys03/DBSWriter', u'T', u'[]', u"['ExLepEEZ_M750_MC_20191101_Ntuple.root']", u'[]', u'Analysis', u'pythia', u'None', u'{}', u'[]', u'F', u'crab-prod-tw01', u'[]', u'1250', u'1', u'2000', u'10', u'None', u"['The CRAB3 server got a non-critical error while checking stageout permissions. Please use checkwrite to check if everything is fine.']", u'http://vocms0199.cern.ch/mon/cms251/191101_121407:sthakur_crab_ExLepEEZ_M750_MC_20191101', u'None', u'[]', u'[]', u'https://cmsweb.cern.ch/crabserver/prod', u'cmsgwms-collector-global.cern.ch:9620,cmssrv623.fnal.gov:9620', u'crab3@vocms0199.cern.ch', u'F', u'[]', u'T', u'/store/user/sthakur/ntuple_for2017MC_20191101/MC_20191101/ExLepEEZ_M750_MC_20191101', u'F', u'None', u'F', u'None', u'ExcitedLepton_EEZ-750_TuneCP5_13TeV-pythia8', u'None', u'1da6c38d3fe534b177dc8068940559a3f6c5d86b261aa5b6b2d277e17940059f.tar.gz', u'5034413', u'filetransfers', u'F', u'2001:1458:d00:2e::100:9b', u'0.0', u'None'], u'desc': {u'columns': [u'tm_taskname', u'tm_activity', u'panda_jobset_id', u'tm_task_status', u'tm_task_command', u'tm_start_time', u'tm_start_injection', u'tm_end_injection', u'tm_task_failure', u'tm_job_sw', u'tm_job_arch', u'tm_input_dataset', u'tm_nonvalid_input_dataset', u'tm_use_parent', u'tm_site_whitelist', u'tm_site_blacklist', u'tm_split_algo', u'tm_split_args', u'tm_user_sandbox', u'tm_cache_url', u'tm_username', u'tm_user_dn', u'tm_user_vo', u'tm_user_role', u'tm_user_group', u'tm_publish_name', u'tm_publish_groupname', u'tm_asyncdest', u'tm_dbs_url', u'tm_publish_dbs_url', u'tm_publication', u'tm_outfiles', u'tm_tfile_outfiles', u'tm_edm_outfiles', u'tm_job_type', u'tm_generator', u'tm_events_per_lumi', u'tm_arguments', u'panda_resubmitted_jobs', u'tm_save_logs', u'tw_name', u'tm_user_infiles', u'tm_maxjobruntime', u'tm_numcores', u'tm_maxmemory', u'tm_priority', u'tm_output_dataset', u'tm_task_warnings', u'tm_user_webdir', u'tm_scriptexe', u'tm_scriptargs', u'tm_extrajdl', u'tm_asourl', u'tm_collector', u'tm_schedd', u'tm_dry_run', u'tm_user_files', u'tm_transfer_outputs', u'tm_output_lfn', u'tm_ignore_locality', u'tm_fail_limit', u'tm_one_event_mode', u'tm_secondary_input_dataset', u'tm_primary_dataset', u'tm_last_publication', u'tm_debug_files', u'clusterid', u'tm_asodb', u'tm_ignore_global_blacklist', u'tm_submitter_ip_addr', u'tm_totalunits', u'tm_ddm_reqid']}}
INFO 2019-11-11 18:31:30.467 UTC: 	 CRAB project directory:		/afs/cern.ch/work/s/sthakur/xRavindra/MiniTree2017Data/CMSSW_10_4_0/src/ExLep2017Crab/crab/CrabMC_20191101/crab_ExLepEEZ_M750_MC_20191101
INFO 2019-11-11 18:31:30.468 UTC: 	 Task name:			191101_121407:sthakur_crab_ExLepEEZ_M750_MC_20191101
INFO 2019-11-11 18:31:30.468 UTC: 	 Grid scheduler - Task Worker:	crab3@vocms0199.cern.ch - crab-prod-tw01
INFO 2019-11-11 18:31:30.468 UTC: 	 Status on the CRAB server:	SUBMITTED
INFO 2019-11-11 18:31:30.468 UTC: 	 Task URL to use for HELP:	https://cmsweb.cern.ch/crabserver/ui/task/191101_121407%3Asthakur_crab_ExLepEEZ_M750_MC_20191101
INFO 2019-11-11 18:31:30.468 UTC: 	 Dashboard monitoring URL:	https://monit-grafana.cern.ch/d/cmsTMDetail/cms-task-monitoring-task-view?orgId=11&var-user=sthakur&var-task=191101_121407%3Asthakur_crab_ExLepEEZ_M750_MC_20191101
INFO 2019-11-11 18:31:30.468 UTC: 	 In case of issues with the dashboard, please provide feedback to hn-cms-computing-tools@cern.ch
WARNING 2019-11-11 18:31:30.468 UTC: 	 Warning:			The CRAB3 server got a non-critical error while checking stageout permissions. Please use checkwrite to check if everything is fine.
DEBUG 2019-11-11 18:31:30.468 UTC: 	 The CRAB server submitted your task to the Grid scheduler (cluster ID: 5034413)
DEBUG 2019-11-11 18:31:30.468 UTC: 	 Webdir is located at http://vocms0199.cern.ch/mon/cms251/191101_121407:sthakur_crab_ExLepEEZ_M750_MC_20191101
DEBUG 2019-11-11 18:31:30.571 UTC: 	 Proxied webdir is located at https://cmsweb.cern.ch/scheddmon/0199/cms251/191101_121407:sthakur_crab_ExLepEEZ_M750_MC_20191101
DEBUG 2019-11-11 18:31:30.571 UTC: 	 Retrieving 'status_cache' file from https://cmsweb.cern.ch/scheddmon/0199/cms251/191101_121407:sthakur_crab_ExLepEEZ_M750_MC_20191101/status_cache
DEBUG 2019-11-11 18:31:31.064 UTC: 	 Got information from status cache file: {'1': {'Retries': 0, 'WallDurations': [10.0, 1754.0], 'StartTimes': [1572610832.0], 'SubmitTimes': [1572610632.0], 'JobIds': ['5034416.0'], 'EndTimes': [1572612586.0], 'Restarts': 0, 'RecordedSite': True, 'State': 'finished', 'ResidentSetSize': [740824], 'TotalUserCpuTimeHistory': [1327], 'SiteHistory': ['Unknown', 'T1_US_FNAL'], 'TotalSysCpuTimeHistory': [70]}, '3': {'Retries': 0, 'WallDurations': [10.0, 453.0], 'StartTimes': [1572610837.0], 'SubmitTimes': [1572610632.0], 'JobIds': ['5034418.0'], 'EndTimes': [1572611290.0], 'Restarts': 0, 'RecordedSite': True, 'State': 'finished', 'ResidentSetSize': [651560], 'TotalUserCpuTimeHistory': [316], 'SiteHistory': ['Unknown', 'T1_US_FNAL'], 'TotalSysCpuTimeHistory': [23]}, '2': {'Retries': 0, 'WallDurations': [10.0, 1067.0], 'StartTimes': [1572610834.0], 'SubmitTimes': [1572610632.0], 'JobIds': ['5034417.0'], 'EndTimes': [1572611901.0], 'Restarts': 0, 'RecordedSite': True, 'State': 'finished', 'ResidentSetSize': [702020], 'TotalUserCpuTimeHistory': [865], 'SiteHistory': ['Unknown', 'T1_US_FNAL'], 'TotalSysCpuTimeHistory': [52]}}
INFO 2019-11-11 18:31:31.065 UTC: 	 Status on the scheduler:	COMPLETED
INFO 2019-11-11 18:31:31.065 UTC: 	 
Jobs status:                    finished     		100.0% (3/3)
INFO 2019-11-11 18:31:31.147 UTC: 	 
No publication information available yet
INFO 2019-11-11 18:31:31.147 UTC: 	 
Warning: the max jobs runtime is less than 30% of the task requested value (1250 min), please consider to request a lower value for failed jobs (allowed through crab resubmit) and/or improve the jobs splitting (e.g. config.Data.splitting = 'Automatic') in a new task.
INFO 2019-11-11 18:31:31.148 UTC: 	 
Summary of run jobs:
 * Memory: 636MB min, 723MB max, 682MB ave
 * Runtime: 0:07:33 min, 0:29:14 max, 0:18:11 ave
 * CPU eff: 75% min, 86% max, 81% ave
 * Waste: 0:00:30 (1% of total)

INFO 2019-11-11 18:31:31.161 UTC: 	 Log file is /afs/cern.ch/work/s/sthakur/xRavindra/MiniTree2017Data/CMSSW_10_4_0/src/ExLep2017Crab/crab/CrabMC_20191101/crab_ExLepEEZ_M750_MC_20191101/crab.log
DEBUG 2019-11-11 18:47:56.302 UTC: 	 Running on: Linux lxplus714.cern.ch 3.10.0-1062.4.1.el7.x86_64 #1 SMP Fri Oct 18 17:15:30 UTC 2019 x86_64 x86_64 x86_64 GNU/Linux - CentOS Linux 7 (Core)
DEBUG 2019-11-11 18:47:56.320 UTC: 	 OpenSSl version: OpenSSL 1.0.2k-fips  26 Jan 2017 (Library: OpenSSL 1.0.2d-fips 9 Jul 2015)
DEBUG 2019-11-11 18:47:56.321 UTC: 	 Executing command: 'status'
DEBUG 2019-11-11 18:47:56.321 UTC: 	 Found CRAB cache file /afs/cern.ch/user/s/sthakur/.crab3
DEBUG 2019-11-11 18:47:56.348 UTC: 	 Checking credentials
DEBUG 2019-11-11 18:47:56.348 UTC: 	 Found proxy file /tmp/x509up_u77410
DEBUG 2019-11-11 18:47:56.348 UTC: 	 Getting proxy life time left
DEBUG 2019-11-11 18:47:57.053 UTC: 	 Executing : 
 command : voms-proxy-info -file /tmp/x509up_u77410 -timeleft
 output : 43114

 error: 
 retcode : 0
DEBUG 2019-11-11 18:47:57.859 UTC: 	 Executing : 
 command : voms-proxy-info -file /tmp/x509up_u77410 -actimeleft
 output : 43114

 error: 
 retcode : 0
DEBUG 2019-11-11 18:47:57.860 UTC: 	 Proxy valid for 11:58:34 hours
DEBUG 2019-11-11 18:47:58.085 UTC: 	 Executing : 
 command : openssl x509 -in ~/.globus/usercert.pem -subject -noout
 output : subject= /DC=ch/DC=cern/OU=Organic Units/OU=Users/CN=sthakur/CN=764789/CN=Shalini Thakur

 error: 
 retcode : 0
DEBUG 2019-11-11 18:47:58.085 UTC: 	 Checking credentials
DEBUG 2019-11-11 18:47:58.085 UTC: 	 Found proxy file /tmp/x509up_u77410
DEBUG 2019-11-11 18:47:58.085 UTC: 	 Getting proxy life time left
DEBUG 2019-11-11 18:47:58.790 UTC: 	 Executing : 
 command : voms-proxy-info -file /tmp/x509up_u77410 -timeleft
 output : 43113

 error: 
 retcode : 0
DEBUG 2019-11-11 18:47:59.502 UTC: 	 Executing : 
 command : voms-proxy-info -file /tmp/x509up_u77410 -actimeleft
 output : 43112

 error: 
 retcode : 0
DEBUG 2019-11-11 18:47:59.502 UTC: 	 Proxy lifetime 43113 secs is different from voms extension lifetime 43112 secs for proxy: /tmp/x509up_u77410
DEBUG 2019-11-11 18:47:59.502 UTC: 	 Proxy valid for 11:58:32 hours
DEBUG 2019-11-11 18:47:59.584 UTC: 	 Registering user credentials for server /DC=ch/DC=cern/OU=computers/CN=vocms(052|058|030|0118|0105|0109).cern.ch|/DC=ch/DC=cern/OU=computers/CN=crab-(preprod|prod)-tw(02|01).cern.ch
DEBUG 2019-11-11 18:47:59.701 UTC: 	 Executing : 
 command : openssl x509 -in ~/.globus/usercert.pem -subject -noout
 output : subject= /DC=ch/DC=cern/OU=Organic Units/OU=Users/CN=sthakur/CN=764789/CN=Shalini Thakur

 error: 
 retcode : 0
DEBUG 2019-11-11 18:47:59.701 UTC: 	 Getting myproxy life time left for myproxy.cern.ch
DEBUG 2019-11-11 18:47:59.701 UTC: 	 Calculating hash of /DC=ch/DC=cern/OU=Organic Units/OU=Users/CN=sthakur/CN=764789/CN=Shalini Thakur_cmsweb.cern.ch for credential name
DEBUG 2019-11-11 18:47:59.907 UTC: 	 Executing : 
 command : myproxy-info -l 9cd94953387eeee7bf4da2b7588630639ea1153b -s myproxy.cern.ch
 output : username: 9cd94953387eeee7bf4da2b7588630639ea1153b
owner: /DC=ch/DC=cern/OU=Organic Units/OU=Users/CN=sthakur/CN=764789/CN=Shalini Thakur
  renewal policy: /DC=ch/DC=cern/OU=computers/CN=vocms(052|058|030|0118|0105|0109).cern.ch|/DC=ch/DC=cern/OU=computers/CN=crab-(preprod|prod)-tw(02|01).cern.ch
  trusted retrieval policy: /DC=ch/DC=cern/OU=computers/CN=vocms(052|058|030|0118|0105|0109).cern.ch|/DC=ch/DC=cern/OU=computers/CN=crab-(preprod|prod)-tw(02|01).cern.ch
  timeleft: 710:45:20  (29.6 days)

 error: 
 retcode : 0
DEBUG 2019-11-11 18:47:59.908 UTC: 	 Myproxy is valid: 2558720
DEBUG 2019-11-11 18:47:59.909 UTC: 	 Command use: status
DEBUG 2019-11-11 18:47:59.909 UTC: 	 Options use: ['--verboseErrors', 'CrabMC_20191101/crab_ExLepEEZ_M750_MC_20191101']
DEBUG 2019-11-11 18:47:59.996 UTC: 	 CRABClient version: 3.3.1911
DEBUG 2019-11-11 18:47:59.996 UTC: 	 Instance is prod
DEBUG 2019-11-11 18:47:59.996 UTC: 	 Server base url is cmsweb.cern.ch
DEBUG 2019-11-11 18:47:59.996 UTC: 	 Command url /crabserver/prod/workflow
DEBUG 2019-11-11 18:48:00.113 UTC: 	 Got information from server oracle database: {u'result': [u'191101_121407:sthakur_crab_ExLepEEZ_M750_MC_20191101', u'None', u'None', u'SUBMITTED', u'SUBMIT', u'2019-11-01 12:14:07.462986', u'None', u'2019-11-01 12:16:54.136108', u'None', u'CMSSW_10_4_0', u'slc7_amd64_gcc700', u'/ExcitedLepton_EEZ-750_TuneCP5_13TeV-pythia8/RunIIFall17MiniAODv2-PU2017_12Apr2018_94X_mc2017_realistic_v14-v1/MINIAODSIM', u'T', u'0', u'[]', u'[]', u'FileBased', u"{'splitOnRun': False, 'halt_job_on_file_boundaries': False, 'files_per_job': 10, 'runs': [], 'lumis': []}", u'f2d23dcf4fe8be67a7d8dbe078f0a369b98bbc34e60b0c6a19f0530fa99a5117.tar.gz', u'https://cmsweb.cern.ch/crabcache', u'sthakur', u'/DC=ch/DC=cern/OU=Organic Units/OU=Users/CN=sthakur/CN=764789/CN=Shalini Thakur', u'cms', u'None', u'None', u'ExLepEEZ_M750_MC_20191101-00000000000000000000000000000000', u'F', u'T2_IN_TIFR', u'https://cmsweb.cern.ch/dbs/prod/global/DBSReader', u'https://cmsweb.cern.ch/dbs/prod/phys03/DBSWriter', u'T', u'[]', u"['ExLepEEZ_M750_MC_20191101_Ntuple.root']", u'[]', u'Analysis', u'pythia', u'None', u'{}', u'[]', u'F', u'crab-prod-tw01', u'[]', u'1250', u'1', u'2000', u'10', u'None', u"['The CRAB3 server got a non-critical error while checking stageout permissions. Please use checkwrite to check if everything is fine.']", u'http://vocms0199.cern.ch/mon/cms251/191101_121407:sthakur_crab_ExLepEEZ_M750_MC_20191101', u'None', u'[]', u'[]', u'https://cmsweb.cern.ch/crabserver/prod', u'cmsgwms-collector-global.cern.ch:9620,cmssrv623.fnal.gov:9620', u'crab3@vocms0199.cern.ch', u'F', u'[]', u'T', u'/store/user/sthakur/ntuple_for2017MC_20191101/MC_20191101/ExLepEEZ_M750_MC_20191101', u'F', u'None', u'F', u'None', u'ExcitedLepton_EEZ-750_TuneCP5_13TeV-pythia8', u'None', u'1da6c38d3fe534b177dc8068940559a3f6c5d86b261aa5b6b2d277e17940059f.tar.gz', u'5034413', u'filetransfers', u'F', u'2001:1458:d00:2e::100:9b', u'0.0', u'None'], u'desc': {u'columns': [u'tm_taskname', u'tm_activity', u'panda_jobset_id', u'tm_task_status', u'tm_task_command', u'tm_start_time', u'tm_start_injection', u'tm_end_injection', u'tm_task_failure', u'tm_job_sw', u'tm_job_arch', u'tm_input_dataset', u'tm_nonvalid_input_dataset', u'tm_use_parent', u'tm_site_whitelist', u'tm_site_blacklist', u'tm_split_algo', u'tm_split_args', u'tm_user_sandbox', u'tm_cache_url', u'tm_username', u'tm_user_dn', u'tm_user_vo', u'tm_user_role', u'tm_user_group', u'tm_publish_name', u'tm_publish_groupname', u'tm_asyncdest', u'tm_dbs_url', u'tm_publish_dbs_url', u'tm_publication', u'tm_outfiles', u'tm_tfile_outfiles', u'tm_edm_outfiles', u'tm_job_type', u'tm_generator', u'tm_events_per_lumi', u'tm_arguments', u'panda_resubmitted_jobs', u'tm_save_logs', u'tw_name', u'tm_user_infiles', u'tm_maxjobruntime', u'tm_numcores', u'tm_maxmemory', u'tm_priority', u'tm_output_dataset', u'tm_task_warnings', u'tm_user_webdir', u'tm_scriptexe', u'tm_scriptargs', u'tm_extrajdl', u'tm_asourl', u'tm_collector', u'tm_schedd', u'tm_dry_run', u'tm_user_files', u'tm_transfer_outputs', u'tm_output_lfn', u'tm_ignore_locality', u'tm_fail_limit', u'tm_one_event_mode', u'tm_secondary_input_dataset', u'tm_primary_dataset', u'tm_last_publication', u'tm_debug_files', u'clusterid', u'tm_asodb', u'tm_ignore_global_blacklist', u'tm_submitter_ip_addr', u'tm_totalunits', u'tm_ddm_reqid']}}
INFO 2019-11-11 18:48:00.114 UTC: 	 CRAB project directory:		/afs/cern.ch/work/s/sthakur/xRavindra/MiniTree2017Data/CMSSW_10_4_0/src/ExLep2017Crab/crab/CrabMC_20191101/crab_ExLepEEZ_M750_MC_20191101
INFO 2019-11-11 18:48:00.114 UTC: 	 Task name:			191101_121407:sthakur_crab_ExLepEEZ_M750_MC_20191101
INFO 2019-11-11 18:48:00.114 UTC: 	 Grid scheduler - Task Worker:	crab3@vocms0199.cern.ch - crab-prod-tw01
INFO 2019-11-11 18:48:00.114 UTC: 	 Status on the CRAB server:	SUBMITTED
INFO 2019-11-11 18:48:00.114 UTC: 	 Task URL to use for HELP:	https://cmsweb.cern.ch/crabserver/ui/task/191101_121407%3Asthakur_crab_ExLepEEZ_M750_MC_20191101
INFO 2019-11-11 18:48:00.114 UTC: 	 Dashboard monitoring URL:	https://monit-grafana.cern.ch/d/cmsTMDetail/cms-task-monitoring-task-view?orgId=11&var-user=sthakur&var-task=191101_121407%3Asthakur_crab_ExLepEEZ_M750_MC_20191101
INFO 2019-11-11 18:48:00.114 UTC: 	 In case of issues with the dashboard, please provide feedback to hn-cms-computing-tools@cern.ch
WARNING 2019-11-11 18:48:00.114 UTC: 	 Warning:			The CRAB3 server got a non-critical error while checking stageout permissions. Please use checkwrite to check if everything is fine.
DEBUG 2019-11-11 18:48:00.114 UTC: 	 The CRAB server submitted your task to the Grid scheduler (cluster ID: 5034413)
DEBUG 2019-11-11 18:48:00.114 UTC: 	 Webdir is located at http://vocms0199.cern.ch/mon/cms251/191101_121407:sthakur_crab_ExLepEEZ_M750_MC_20191101
DEBUG 2019-11-11 18:48:00.210 UTC: 	 Proxied webdir is located at https://cmsweb.cern.ch/scheddmon/0199/cms251/191101_121407:sthakur_crab_ExLepEEZ_M750_MC_20191101
DEBUG 2019-11-11 18:48:00.210 UTC: 	 Retrieving 'status_cache' file from https://cmsweb.cern.ch/scheddmon/0199/cms251/191101_121407:sthakur_crab_ExLepEEZ_M750_MC_20191101/status_cache
DEBUG 2019-11-11 18:48:00.267 UTC: 	 Got information from status cache file: {'1': {'Retries': 0, 'WallDurations': [10.0, 1754.0], 'StartTimes': [1572610832.0], 'SubmitTimes': [1572610632.0], 'JobIds': ['5034416.0'], 'EndTimes': [1572612586.0], 'Restarts': 0, 'RecordedSite': True, 'State': 'finished', 'ResidentSetSize': [740824], 'TotalUserCpuTimeHistory': [1327], 'SiteHistory': ['Unknown', 'T1_US_FNAL'], 'TotalSysCpuTimeHistory': [70]}, '3': {'Retries': 0, 'WallDurations': [10.0, 453.0], 'StartTimes': [1572610837.0], 'SubmitTimes': [1572610632.0], 'JobIds': ['5034418.0'], 'EndTimes': [1572611290.0], 'Restarts': 0, 'RecordedSite': True, 'State': 'finished', 'ResidentSetSize': [651560], 'TotalUserCpuTimeHistory': [316], 'SiteHistory': ['Unknown', 'T1_US_FNAL'], 'TotalSysCpuTimeHistory': [23]}, '2': {'Retries': 0, 'WallDurations': [10.0, 1067.0], 'StartTimes': [1572610834.0], 'SubmitTimes': [1572610632.0], 'JobIds': ['5034417.0'], 'EndTimes': [1572611901.0], 'Restarts': 0, 'RecordedSite': True, 'State': 'finished', 'ResidentSetSize': [702020], 'TotalUserCpuTimeHistory': [865], 'SiteHistory': ['Unknown', 'T1_US_FNAL'], 'TotalSysCpuTimeHistory': [52]}}
INFO 2019-11-11 18:48:00.267 UTC: 	 Status on the scheduler:	COMPLETED
INFO 2019-11-11 18:48:00.267 UTC: 	 
Jobs status:                    finished     		100.0% (3/3)
INFO 2019-11-11 18:48:00.354 UTC: 	 
No publication information available yet
INFO 2019-11-11 18:48:00.354 UTC: 	 
Warning: the max jobs runtime is less than 30% of the task requested value (1250 min), please consider to request a lower value for failed jobs (allowed through crab resubmit) and/or improve the jobs splitting (e.g. config.Data.splitting = 'Automatic') in a new task.
INFO 2019-11-11 18:48:00.354 UTC: 	 
Summary of run jobs:
 * Memory: 636MB min, 723MB max, 682MB ave
 * Runtime: 0:07:33 min, 0:29:14 max, 0:18:11 ave
 * CPU eff: 75% min, 86% max, 81% ave
 * Waste: 0:00:30 (1% of total)

INFO 2019-11-11 18:48:00.391 UTC: 	 Log file is /afs/cern.ch/work/s/sthakur/xRavindra/MiniTree2017Data/CMSSW_10_4_0/src/ExLep2017Crab/crab/CrabMC_20191101/crab_ExLepEEZ_M750_MC_20191101/crab.log
