DEBUG 2019-11-01 12:12:57.258 UTC: 	 Running on: Linux lxplus707.cern.ch 3.10.0-1062.1.2.el7.x86_64 #1 SMP Mon Sep 30 14:19:46 UTC 2019 x86_64 x86_64 x86_64 GNU/Linux
Description:	CentOS Linux release 7.7.1908 (Core) 

DEBUG 2019-11-01 12:12:57.258 UTC: 	 Executing command: 'submit'
DEBUG 2019-11-01 12:12:57.266 UTC: 	 Found CRAB cache file /afs/cern.ch/user/s/sthakur/.crab3
DEBUG 2019-11-01 12:12:57.273 UTC: 	 Checking credentials
DEBUG 2019-11-01 12:12:57.274 UTC: 	 Found proxy file /tmp/x509up_u77410
DEBUG 2019-11-01 12:12:57.274 UTC: 	 Getting proxy life time left
DEBUG 2019-11-01 12:12:57.979 UTC: 	 Executing : 
 command : voms-proxy-info -file /tmp/x509up_u77410 -timeleft
 output : 43021

 error: 
 retcode : 0
DEBUG 2019-11-01 12:12:58.685 UTC: 	 Executing : 
 command : voms-proxy-info -file /tmp/x509up_u77410 -actimeleft
 output : 43020

 error: 
 retcode : 0
DEBUG 2019-11-01 12:12:58.685 UTC: 	 Proxy lifetime 43021 secs is different from voms extension lifetime 43020 secs for proxy: /tmp/x509up_u77410
DEBUG 2019-11-01 12:12:58.685 UTC: 	 Proxy valid for 11:57:00 hours
DEBUG 2019-11-01 12:12:58.686 UTC: 	 Will use CRAB Analysis plugin (i.e. will run an analysis job type).
DEBUG 2019-11-01 12:12:58.807 UTC: 	 Executing : 
 command : openssl x509 -in ~/.globus/usercert.pem -subject -noout
 output : subject= /DC=ch/DC=cern/OU=Organic Units/OU=Users/CN=sthakur/CN=764789/CN=Shalini Thakur

 error: 
 retcode : 0
DEBUG 2019-11-01 12:12:58.807 UTC: 	 Checking credentials
DEBUG 2019-11-01 12:12:58.807 UTC: 	 Found proxy file /tmp/x509up_u77410
DEBUG 2019-11-01 12:12:58.807 UTC: 	 Getting proxy life time left
DEBUG 2019-11-01 12:12:59.517 UTC: 	 Executing : 
 command : voms-proxy-info -file /tmp/x509up_u77410 -timeleft
 output : 43019

 error: 
 retcode : 0
DEBUG 2019-11-01 12:13:00.223 UTC: 	 Executing : 
 command : voms-proxy-info -file /tmp/x509up_u77410 -actimeleft
 output : 43018

 error: 
 retcode : 0
DEBUG 2019-11-01 12:13:00.223 UTC: 	 Proxy lifetime 43019 secs is different from voms extension lifetime 43018 secs for proxy: /tmp/x509up_u77410
DEBUG 2019-11-01 12:13:00.223 UTC: 	 Proxy valid for 11:56:58 hours
DEBUG 2019-11-01 12:13:00.933 UTC: 	 Executing : 
 command : env X509_USER_PROXY=/tmp/x509up_u77410 voms-proxy-info -fqan
 output : /cms/Role=NULL/Capability=NULL

 error: 
 retcode : 0
DEBUG 2019-11-01 12:13:01.034 UTC: 	 Registering user credentials for server /DC=ch/DC=cern/OU=computers/CN=vocms(052|058|030|0118|0105|0109).cern.ch|/DC=ch/DC=cern/OU=computers/CN=crab-(preprod|prod)-tw(02|01).cern.ch
DEBUG 2019-11-01 12:13:01.145 UTC: 	 Executing : 
 command : openssl x509 -in ~/.globus/usercert.pem -subject -noout
 output : subject= /DC=ch/DC=cern/OU=Organic Units/OU=Users/CN=sthakur/CN=764789/CN=Shalini Thakur

 error: 
 retcode : 0
DEBUG 2019-11-01 12:13:01.145 UTC: 	 Getting myproxy life time left for myproxy.cern.ch
DEBUG 2019-11-01 12:13:01.146 UTC: 	 Calculating hash of /DC=ch/DC=cern/OU=Organic Units/OU=Users/CN=sthakur/CN=764789/CN=Shalini Thakur_cmsweb.cern.ch for credential name
DEBUG 2019-11-01 12:13:01.451 UTC: 	 Executing : 
 command : myproxy-info -l 9cd94953387eeee7bf4da2b7588630639ea1153b -s myproxy.cern.ch
 output : username: 9cd94953387eeee7bf4da2b7588630639ea1153b
owner: /DC=ch/DC=cern/OU=Organic Units/OU=Users/CN=sthakur/CN=764789/CN=Shalini Thakur
  renewal policy: /DC=ch/DC=cern/OU=computers/CN=vocms(052|058|030|0118|0105|0109).cern.ch|/DC=ch/DC=cern/OU=computers/CN=crab-(preprod|prod)-tw(02|01).cern.ch
  trusted retrieval policy: /DC=ch/DC=cern/OU=computers/CN=vocms(052|058|030|0118|0105|0109).cern.ch|/DC=ch/DC=cern/OU=computers/CN=crab-(preprod|prod)-tw(02|01).cern.ch
  timeleft: 558:24:59  (23.3 days)

 error: 
 retcode : 0
DEBUG 2019-11-01 12:13:01.452 UTC: 	 Myproxy is valid: 2010299
DEBUG 2019-11-01 12:13:01.452 UTC: 	 Command use: submit
DEBUG 2019-11-01 12:13:01.452 UTC: 	 Options use: ['--config', <WMCore.Configuration.Configuration object at 0x7f47f7615f90>]
DEBUG 2019-11-01 12:13:01.534 UTC: 	 CRABClient version: 3.3.1910.patch2
DEBUG 2019-11-01 12:13:01.534 UTC: 	 Instance is prod
DEBUG 2019-11-01 12:13:01.534 UTC: 	 Server base url is cmsweb.cern.ch
DEBUG 2019-11-01 12:13:01.534 UTC: 	 Command url /crabserver/prod/workflow
DEBUG 2019-11-01 12:13:01.534 UTC: 	 Started submission
DEBUG 2019-11-01 12:13:01.534 UTC: 	 Working on /afs/cern.ch/work/s/sthakur/xRavindra/MiniTree2017Data/CMSSW_10_4_0/src/ExLep2017Crab/crab/CrabMC_20191101/crab_ExLepEEZ_M4000_MC_20191101
DEBUG 2019-11-01 12:13:01.639 UTC: 	 Loading required information from the environment
DEBUG 2019-11-01 12:13:01.639 UTC: 	 Found CMSSW_10_4_0 for slc7_amd64_gcc700 with base /afs/cern.ch/work/s/sthakur/xRavindra/MiniTree2017Data/CMSSW_10_4_0
DEBUG 2019-11-01 12:13:01.639 UTC: 	 Loading required information from the environment
DEBUG 2019-11-01 12:13:01.639 UTC: 	 Found CMSSW_10_4_0 for slc7_amd64_gcc700 with base /afs/cern.ch/work/s/sthakur/xRavindra/MiniTree2017Data/CMSSW_10_4_0
DEBUG 2019-11-01 12:13:01.654 UTC: 	 UNIQUE NAME: tarUUID cd55aae2-3e78-44fd-9d40-f2aba828cdfe 
DEBUG 2019-11-01 12:13:01.654 UTC: 	 self.config: from WMCore.Configuration import Configuration
config = Configuration()
config.section_('General')
config.General.workArea = 'CrabMC_20191101'
config.General.transferOutputs = True
config.General.transferLogs = False
config.General.requestName = 'ExLepEEZ_M4000_MC_20191101'
config.section_('JobType')
config.JobType.psetName = '20191101/config/ExLepEEZ_M4000_MC_20191101_cfg.py'
config.JobType.pluginName = 'Analysis'
config.JobType.inputFiles = ['../../ExLep2017Tree/Selection/test/Fall17_V3_MC_PtResolution_AK8PF.txt', '../../ExLep2017Tree/Selection/test/Fall17_V3_MC_SF_AK8PF.txt']
config.JobType.allowUndistributedCMSSW = True
config.JobType.maxMemoryMB = 2000
config.section_('Data')
config.Data.inputDataset = '/ExcitedLepton_EEZ-4000_TuneCP5_13TeV-pythia8/RunIIFall17MiniAODv2-PU2017_12Apr2018_94X_mc2017_realistic_v14-v1/MINIAODSIM'
config.Data.allowNonValidInputDataset = True
config.Data.unitsPerJob = 10
config.Data.inputDBS = 'global'
config.Data.splitting = 'FileBased'
config.Data.outputDatasetTag = 'ExLepEEZ_M4000_MC_20191101'
config.Data.outLFNDirBase = '/store/user/sthakur/ntuple_for2017MC_20191101/MC_20191101/ExLepEEZ_M4000_MC_20191101'
config.section_('Site')
config.Site.storageSite = 'T2_IN_TIFR'
config.section_('User')
config.section_('Debug')

DEBUG 2019-11-01 12:13:01.654 UTC: 	 self.config.JobType.psetName: 20191101/config/ExLepEEZ_M4000_MC_20191101_cfg.py
INFO 2019-11-01 12:13:01.654 UTC: 	 Importing CMSSW configuration 20191101/config/ExLepEEZ_M4000_MC_20191101_cfg.py
INFO 2019-11-01 12:13:01.855 UTC: 	 Finished importing CMSSW configuration 20191101/config/ExLepEEZ_M4000_MC_20191101_cfg.py
DEBUG 2019-11-01 12:13:01.855 UTC: 	 Writing CMSSW configuration to /afs/cern.ch/work/s/sthakur/xRavindra/MiniTree2017Data/CMSSW_10_4_0/src/ExLep2017Crab/crab/CrabMC_20191101/crab_ExLepEEZ_M4000_MC_20191101/inputs/PSet.py
DEBUG 2019-11-01 12:13:01.900 UTC: 	 The following EDM output files will be collected: []
DEBUG 2019-11-01 12:13:01.900 UTC: 	 The following TFile output files will be collected: ['ExLepEEZ_M4000_MC_20191101_Ntuple.root']
DEBUG 2019-11-01 12:13:01.900 UTC: 	 The following user output files (not listed as PoolOuputModule or TFileService in the CMSSW PSet) will be collected: 
DEBUG 2019-11-01 12:13:01.900 UTC: 	 Loading required information from the environment
DEBUG 2019-11-01 12:13:01.900 UTC: 	 Found CMSSW_10_4_0 for slc7_amd64_gcc700 with base /afs/cern.ch/work/s/sthakur/xRavindra/MiniTree2017Data/CMSSW_10_4_0
DEBUG 2019-11-01 12:13:01.900 UTC: 	 Making tarball in /afs/cern.ch/work/s/sthakur/xRavindra/MiniTree2017Data/CMSSW_10_4_0/src/ExLep2017Crab/crab/CrabMC_20191101/crab_ExLepEEZ_M4000_MC_20191101/inputs/cd55aae2-3e78-44fd-9d40-f2aba828cdfedefault.tgz
DEBUG 2019-11-01 12:13:01.901 UTC: 	 Checking directory /afs/cern.ch/work/s/sthakur/xRavindra/MiniTree2017Data/CMSSW_10_4_0/lib
DEBUG 2019-11-01 12:13:01.901 UTC: 	 Adding directory /afs/cern.ch/work/s/sthakur/xRavindra/MiniTree2017Data/CMSSW_10_4_0/lib to tarball
DEBUG 2019-11-01 12:13:01.913 UTC: 	 Checking directory /afs/cern.ch/work/s/sthakur/xRavindra/MiniTree2017Data/CMSSW_10_4_0/biglib
DEBUG 2019-11-01 12:13:01.913 UTC: 	 Adding directory /afs/cern.ch/work/s/sthakur/xRavindra/MiniTree2017Data/CMSSW_10_4_0/biglib to tarball
DEBUG 2019-11-01 12:13:01.914 UTC: 	 Checking directory /afs/cern.ch/work/s/sthakur/xRavindra/MiniTree2017Data/CMSSW_10_4_0/module
DEBUG 2019-11-01 12:13:01.923 UTC: 	 Adding data directory /afs/cern.ch/work/s/sthakur/xRavindra/MiniTree2017Data/CMSSW_10_4_0/src/ExLep2017Tree/Selection/interface to tarball
DEBUG 2019-11-01 12:13:01.938 UTC: 	 Adding file ../../ExLep2017Tree/Selection/test/Fall17_V3_MC_PtResolution_AK8PF.txt to tarball
DEBUG 2019-11-01 12:13:01.938 UTC: 	 Adding file ../../ExLep2017Tree/Selection/test/Fall17_V3_MC_SF_AK8PF.txt to tarball
DEBUG 2019-11-01 12:13:02.039 UTC: 	 Uploading archive /afs/cern.ch/work/s/sthakur/xRavindra/MiniTree2017Data/CMSSW_10_4_0/src/ExLep2017Crab/crab/CrabMC_20191101/crab_ExLepEEZ_M4000_MC_20191101/inputs/cd55aae2-3e78-44fd-9d40-f2aba828cdfedefault.tgz (239 KB) to the CRAB cache. Using URI https://cmsweb.cern.ch/crabcache
DEBUG 2019-11-01 12:13:02.344 UTC: 	 Loading required information from the environment
DEBUG 2019-11-01 12:13:02.345 UTC: 	 Found CMSSW_10_4_0 for slc7_amd64_gcc700 with base /afs/cern.ch/work/s/sthakur/xRavindra/MiniTree2017Data/CMSSW_10_4_0
DEBUG 2019-11-01 12:13:02.345 UTC: 	 Making tarball in /afs/cern.ch/work/s/sthakur/xRavindra/MiniTree2017Data/CMSSW_10_4_0/src/ExLep2017Crab/crab/CrabMC_20191101/crab_ExLepEEZ_M4000_MC_20191101/inputs/debugFiles.tgz
DEBUG 2019-11-01 12:13:02.401 UTC: 	 Uploading archive /afs/cern.ch/work/s/sthakur/xRavindra/MiniTree2017Data/CMSSW_10_4_0/src/ExLep2017Crab/crab/CrabMC_20191101/crab_ExLepEEZ_M4000_MC_20191101/inputs/debugFiles.tgz (2 KB) to the CRAB cache. Using URI https://cmsweb.cern.ch/crabcache
DEBUG 2019-11-01 12:13:02.480 UTC: 	 Result uploading input files: 0aa7da6c6ee64b1dcfcaf54c763720056da6a81de43a9905602a680162af0d40.tar.gz 
WARNING 2019-11-01 12:13:02.480 UTC: 	 Warning: The following output files will not be published, as they are not EDM files: ['ExLepEEZ_M4000_MC_20191101_Ntuple.root']
INFO 2019-11-01 12:13:02.481 UTC: 	 Sending the request to the server at cmsweb.cern.ch
DEBUG 2019-11-01 12:13:02.481 UTC: 	 Submitting {'maxjobruntime': 1250, 'extrajdl': [], 'ignorelocality': 0, 'savelogsflag': 0, 'useparent': 0, 'asyncdest': 'T2_IN_TIFR', 'algoargs': 10, 'cachefilename': '0aa7da6c6ee64b1dcfcaf54c763720056da6a81de43a9905602a680162af0d40.tar.gz', 'numcores': 1, 'addoutputfiles': [], 'generator': 'pythia', 'maxmemory': 2000, 'publishdbsurl': 'https://cmsweb.cern.ch/dbs/prod/phys03/DBSWriter', 'priority': 10, 'jobsw': 'CMSSW_10_4_0', 'edmoutfiles': [], 'userfiles': [], 'primarydataset': '', 'inputdata': '/ExcitedLepton_EEZ-4000_TuneCP5_13TeV-pythia8/RunIIFall17MiniAODv2-PU2017_12Apr2018_94X_mc2017_realistic_v14-v1/MINIAODSIM', 'lfn': '/store/user/sthakur/ntuple_for2017MC_20191101/MC_20191101/ExLepEEZ_M4000_MC_20191101', 'dryrun': 0, 'workflow': 'crab_ExLepEEZ_M4000_MC_20191101', 'cacheurl': u'https://cmsweb.cern.ch/crabcache', 'nonprodsw': 1, 'tfileoutfiles': ['ExLepEEZ_M4000_MC_20191101_Ntuple.root'], 'oneEventMode': 0, 'debugfilename': '01e1391463b5092d2d0f00e1398ef3a52f367d67b7f50ef7e8f8ca17a6125d40.tar.gz', 'saveoutput': 1, 'publication': 1, 'jobarch': 'slc7_amd64_gcc700', 'totalunits': 0, 'splitalgo': 'FileBased', 'ignoreglobalblacklist': 0, 'nonvaliddata': 1, 'dbsurl': 'https://cmsweb.cern.ch/dbs/prod/global/DBSReader', 'publishgroupname': 0, 'jobtype': 'Analysis', 'publishname2': 'ExLepEEZ_M4000_MC_20191101'} 
DEBUG 2019-11-01 12:13:02.482 UTC: 	 Encoded submit request: maxjobruntime=1250&ignorelocality=0&savelogsflag=0&useparent=0&asyncdest=T2_IN_TIFR&algoargs=10&cachefilename=0aa7da6c6ee64b1dcfcaf54c763720056da6a81de43a9905602a680162af0d40.tar.gz&numcores=1&generator=pythia&maxmemory=2000&publishdbsurl=https%3A%2F%2Fcmsweb.cern.ch%2Fdbs%2Fprod%2Fphys03%2FDBSWriter&priority=10&jobsw=CMSSW_10_4_0&primarydataset=&inputdata=%2FExcitedLepton_EEZ-4000_TuneCP5_13TeV-pythia8%2FRunIIFall17MiniAODv2-PU2017_12Apr2018_94X_mc2017_realistic_v14-v1%2FMINIAODSIM&lfn=%2Fstore%2Fuser%2Fsthakur%2Fntuple_for2017MC_20191101%2FMC_20191101%2FExLepEEZ_M4000_MC_20191101&dryrun=0&workflow=crab_ExLepEEZ_M4000_MC_20191101&cacheurl=https%3A%2F%2Fcmsweb.cern.ch%2Fcrabcache&nonprodsw=1&oneEventMode=0&debugfilename=01e1391463b5092d2d0f00e1398ef3a52f367d67b7f50ef7e8f8ca17a6125d40.tar.gz&saveoutput=1&publication=1&jobarch=slc7_amd64_gcc700&totalunits=0&splitalgo=FileBased&ignoreglobalblacklist=0&nonvaliddata=1&dbsurl=https%3A%2F%2Fcmsweb.cern.ch%2Fdbs%2Fprod%2Fglobal%2FDBSReader&publishgroupname=0&jobtype=Analysis&publishname2=ExLepEEZ_M4000_MC_20191101&tfileoutfiles=ExLepEEZ_M4000_MC_20191101_Ntuple.root
DEBUG 2019-11-01 12:13:02.590 UTC: 	 Result: {u'result': [{u'RequestName': u'191101_121302:sthakur_crab_ExLepEEZ_M4000_MC_20191101'}]}
INFO 2019-11-01 12:13:02.593 UTC: 	 Success: Your task has been delivered to the prod CRAB3 server.
INFO 2019-11-01 12:13:02.593 UTC: 	 Task name: 191101_121302:sthakur_crab_ExLepEEZ_M4000_MC_20191101
INFO 2019-11-01 12:13:02.593 UTC: 	 Project dir: CrabMC_20191101/crab_ExLepEEZ_M4000_MC_20191101
INFO 2019-11-01 12:13:02.594 UTC: 	 Please use 'crab status -d CrabMC_20191101/crab_ExLepEEZ_M4000_MC_20191101' to check how the submission process proceeds.
DEBUG 2019-11-01 12:13:02.594 UTC: 	 About to return
DEBUG 2019-11-01 12:48:39.893 UTC: 	 Running on: Linux lxplus707.cern.ch 3.10.0-1062.1.2.el7.x86_64 #1 SMP Mon Sep 30 14:19:46 UTC 2019 x86_64 x86_64 x86_64 GNU/Linux
Description:	CentOS Linux release 7.7.1908 (Core) 

DEBUG 2019-11-01 12:48:39.893 UTC: 	 Executing command: 'status'
DEBUG 2019-11-01 12:48:39.893 UTC: 	 Found CRAB cache file /afs/cern.ch/user/s/sthakur/.crab3
DEBUG 2019-11-01 12:48:39.904 UTC: 	 Checking credentials
DEBUG 2019-11-01 12:48:39.904 UTC: 	 Found proxy file /tmp/x509up_u77410
DEBUG 2019-11-01 12:48:39.904 UTC: 	 Getting proxy life time left
DEBUG 2019-11-01 12:48:40.609 UTC: 	 Executing : 
 command : voms-proxy-info -file /tmp/x509up_u77410 -timeleft
 output : 40878

 error: 
 retcode : 0
DEBUG 2019-11-01 12:48:41.315 UTC: 	 Executing : 
 command : voms-proxy-info -file /tmp/x509up_u77410 -actimeleft
 output : 40877

 error: 
 retcode : 0
DEBUG 2019-11-01 12:48:41.315 UTC: 	 Proxy lifetime 40878 secs is different from voms extension lifetime 40877 secs for proxy: /tmp/x509up_u77410
DEBUG 2019-11-01 12:48:41.315 UTC: 	 Proxy valid for 11:21:17 hours
DEBUG 2019-11-01 12:48:41.430 UTC: 	 Executing : 
 command : openssl x509 -in ~/.globus/usercert.pem -subject -noout
 output : subject= /DC=ch/DC=cern/OU=Organic Units/OU=Users/CN=sthakur/CN=764789/CN=Shalini Thakur

 error: 
 retcode : 0
DEBUG 2019-11-01 12:48:41.430 UTC: 	 Checking credentials
DEBUG 2019-11-01 12:48:41.430 UTC: 	 Found proxy file /tmp/x509up_u77410
DEBUG 2019-11-01 12:48:41.430 UTC: 	 Getting proxy life time left
DEBUG 2019-11-01 12:48:42.142 UTC: 	 Executing : 
 command : voms-proxy-info -file /tmp/x509up_u77410 -timeleft
 output : 40876

 error: 
 retcode : 0
DEBUG 2019-11-01 12:48:43.150 UTC: 	 Executing : 
 command : voms-proxy-info -file /tmp/x509up_u77410 -actimeleft
 output : 40875

 error: 
 retcode : 0
DEBUG 2019-11-01 12:48:43.151 UTC: 	 Proxy lifetime 40876 secs is different from voms extension lifetime 40875 secs for proxy: /tmp/x509up_u77410
DEBUG 2019-11-01 12:48:43.151 UTC: 	 Proxy valid for 11:21:15 hours
DEBUG 2019-11-01 12:48:43.241 UTC: 	 Registering user credentials for server /DC=ch/DC=cern/OU=computers/CN=vocms(052|058|030|0118|0105|0109).cern.ch|/DC=ch/DC=cern/OU=computers/CN=crab-(preprod|prod)-tw(02|01).cern.ch
DEBUG 2019-11-01 12:48:43.352 UTC: 	 Executing : 
 command : openssl x509 -in ~/.globus/usercert.pem -subject -noout
 output : subject= /DC=ch/DC=cern/OU=Organic Units/OU=Users/CN=sthakur/CN=764789/CN=Shalini Thakur

 error: 
 retcode : 0
DEBUG 2019-11-01 12:48:43.352 UTC: 	 Getting myproxy life time left for myproxy.cern.ch
DEBUG 2019-11-01 12:48:43.352 UTC: 	 Calculating hash of /DC=ch/DC=cern/OU=Organic Units/OU=Users/CN=sthakur/CN=764789/CN=Shalini Thakur_cmsweb.cern.ch for credential name
DEBUG 2019-11-01 12:48:43.672 UTC: 	 Executing : 
 command : myproxy-info -l 9cd94953387eeee7bf4da2b7588630639ea1153b -s myproxy.cern.ch
 output : username: 9cd94953387eeee7bf4da2b7588630639ea1153b
owner: /DC=ch/DC=cern/OU=Organic Units/OU=Users/CN=sthakur/CN=764789/CN=Shalini Thakur
  renewal policy: /DC=ch/DC=cern/OU=computers/CN=vocms(052|058|030|0118|0105|0109).cern.ch|/DC=ch/DC=cern/OU=computers/CN=crab-(preprod|prod)-tw(02|01).cern.ch
  trusted retrieval policy: /DC=ch/DC=cern/OU=computers/CN=vocms(052|058|030|0118|0105|0109).cern.ch|/DC=ch/DC=cern/OU=computers/CN=crab-(preprod|prod)-tw(02|01).cern.ch
  timeleft: 557:49:17  (23.2 days)

 error: 
 retcode : 0
DEBUG 2019-11-01 12:48:43.673 UTC: 	 Myproxy is valid: 2008157
DEBUG 2019-11-01 12:48:43.674 UTC: 	 Command use: status
DEBUG 2019-11-01 12:48:43.674 UTC: 	 Options use: ['--verboseErrors', 'CrabMC_20191101/crab_ExLepEEZ_M4000_MC_20191101']
DEBUG 2019-11-01 12:48:43.772 UTC: 	 CRABClient version: 3.3.1910.patch2
DEBUG 2019-11-01 12:48:43.772 UTC: 	 Instance is prod
DEBUG 2019-11-01 12:48:43.772 UTC: 	 Server base url is cmsweb.cern.ch
DEBUG 2019-11-01 12:48:43.772 UTC: 	 Command url /crabserver/prod/workflow
DEBUG 2019-11-01 12:48:43.913 UTC: 	 Got information from server oracle database: {u'result': [u'191101_121302:sthakur_crab_ExLepEEZ_M4000_MC_20191101', u'None', u'None', u'SUBMITTED', u'SUBMIT', u'2019-11-01 12:13:02.560563', u'None', u'2019-11-01 12:14:03.047933', u'None', u'CMSSW_10_4_0', u'slc7_amd64_gcc700', u'/ExcitedLepton_EEZ-4000_TuneCP5_13TeV-pythia8/RunIIFall17MiniAODv2-PU2017_12Apr2018_94X_mc2017_realistic_v14-v1/MINIAODSIM', u'T', u'0', u'[]', u'[]', u'FileBased', u"{'splitOnRun': False, 'halt_job_on_file_boundaries': False, 'files_per_job': 10, 'runs': [], 'lumis': []}", u'0aa7da6c6ee64b1dcfcaf54c763720056da6a81de43a9905602a680162af0d40.tar.gz', u'https://cmsweb.cern.ch/crabcache', u'sthakur', u'/DC=ch/DC=cern/OU=Organic Units/OU=Users/CN=sthakur/CN=764789/CN=Shalini Thakur', u'cms', u'None', u'None', u'ExLepEEZ_M4000_MC_20191101-00000000000000000000000000000000', u'F', u'T2_IN_TIFR', u'https://cmsweb.cern.ch/dbs/prod/global/DBSReader', u'https://cmsweb.cern.ch/dbs/prod/phys03/DBSWriter', u'T', u'[]', u"['ExLepEEZ_M4000_MC_20191101_Ntuple.root']", u'[]', u'Analysis', u'pythia', u'None', u'{}', u'[]', u'F', u'crab-prod-tw01', u'[]', u'1250', u'1', u'2000', u'10', u'None', u'[]', u'http://vocms0120.cern.ch/mon/cms251/191101_121302:sthakur_crab_ExLepEEZ_M4000_MC_20191101', u'None', u'[]', u'[]', u'https://cmsweb.cern.ch/crabserver/prod', u'cmsgwms-collector-global.cern.ch:9620,cmssrv623.fnal.gov:9620', u'crab3@vocms0120.cern.ch', u'F', u'[]', u'T', u'/store/user/sthakur/ntuple_for2017MC_20191101/MC_20191101/ExLepEEZ_M4000_MC_20191101', u'F', u'None', u'F', u'None', u'ExcitedLepton_EEZ-4000_TuneCP5_13TeV-pythia8', u'None', u'01e1391463b5092d2d0f00e1398ef3a52f367d67b7f50ef7e8f8ca17a6125d40.tar.gz', u'45456951', u'filetransfers', u'F', u'2001:1458:d00:2e::100:9b', u'0.0', u'None'], u'desc': {u'columns': [u'tm_taskname', u'tm_activity', u'panda_jobset_id', u'tm_task_status', u'tm_task_command', u'tm_start_time', u'tm_start_injection', u'tm_end_injection', u'tm_task_failure', u'tm_job_sw', u'tm_job_arch', u'tm_input_dataset', u'tm_nonvalid_input_dataset', u'tm_use_parent', u'tm_site_whitelist', u'tm_site_blacklist', u'tm_split_algo', u'tm_split_args', u'tm_user_sandbox', u'tm_cache_url', u'tm_username', u'tm_user_dn', u'tm_user_vo', u'tm_user_role', u'tm_user_group', u'tm_publish_name', u'tm_publish_groupname', u'tm_asyncdest', u'tm_dbs_url', u'tm_publish_dbs_url', u'tm_publication', u'tm_outfiles', u'tm_tfile_outfiles', u'tm_edm_outfiles', u'tm_job_type', u'tm_generator', u'tm_events_per_lumi', u'tm_arguments', u'panda_resubmitted_jobs', u'tm_save_logs', u'tw_name', u'tm_user_infiles', u'tm_maxjobruntime', u'tm_numcores', u'tm_maxmemory', u'tm_priority', u'tm_output_dataset', u'tm_task_warnings', u'tm_user_webdir', u'tm_scriptexe', u'tm_scriptargs', u'tm_extrajdl', u'tm_asourl', u'tm_collector', u'tm_schedd', u'tm_dry_run', u'tm_user_files', u'tm_transfer_outputs', u'tm_output_lfn', u'tm_ignore_locality', u'tm_fail_limit', u'tm_one_event_mode', u'tm_secondary_input_dataset', u'tm_primary_dataset', u'tm_last_publication', u'tm_debug_files', u'clusterid', u'tm_asodb', u'tm_ignore_global_blacklist', u'tm_submitter_ip_addr', u'tm_totalunits', u'tm_ddm_reqid']}}
INFO 2019-11-01 12:48:43.913 UTC: 	 CRAB project directory:		/afs/cern.ch/work/s/sthakur/xRavindra/MiniTree2017Data/CMSSW_10_4_0/src/ExLep2017Crab/crab/CrabMC_20191101/crab_ExLepEEZ_M4000_MC_20191101
INFO 2019-11-01 12:48:43.913 UTC: 	 Task name:			191101_121302:sthakur_crab_ExLepEEZ_M4000_MC_20191101
INFO 2019-11-01 12:48:43.914 UTC: 	 Grid scheduler - Task Worker:	crab3@vocms0120.cern.ch - crab-prod-tw01
INFO 2019-11-01 12:48:43.914 UTC: 	 Status on the CRAB server:	SUBMITTED
INFO 2019-11-01 12:48:43.914 UTC: 	 Task URL to use for HELP:	https://cmsweb.cern.ch/crabserver/ui/task/191101_121302%3Asthakur_crab_ExLepEEZ_M4000_MC_20191101
INFO 2019-11-01 12:48:43.914 UTC: 	 Dashboard monitoring URL:	https://monit-grafana.cern.ch/d/cmsTMDetail/cms-task-monitoring-task-view?orgId=11&var-user=sthakur&var-task=191101_121302%3Asthakur_crab_ExLepEEZ_M4000_MC_20191101
INFO 2019-11-01 12:48:43.914 UTC: 	 In case of issues with the dashboard, please provide feedback to hn-cms-computing-tools@cern.ch
DEBUG 2019-11-01 12:48:43.914 UTC: 	 The CRAB server submitted your task to the Grid scheduler (cluster ID: 45456951)
DEBUG 2019-11-01 12:48:43.914 UTC: 	 Webdir is located at http://vocms0120.cern.ch/mon/cms251/191101_121302:sthakur_crab_ExLepEEZ_M4000_MC_20191101
DEBUG 2019-11-01 12:48:43.999 UTC: 	 Proxied webdir is located at https://cmsweb.cern.ch/scheddmon/0120/cms251/191101_121302:sthakur_crab_ExLepEEZ_M4000_MC_20191101
DEBUG 2019-11-01 12:48:43.999 UTC: 	 Retrieving 'status_cache' file from https://cmsweb.cern.ch/scheddmon/0120/cms251/191101_121302:sthakur_crab_ExLepEEZ_M4000_MC_20191101/status_cache
DEBUG 2019-11-01 12:48:44.085 UTC: 	 Got information from status cache file: {'1': {'Retries': 0, 'WallDurations': [9.0, 1535.0], 'StartTimes': [1572610686.0], 'SubmitTimes': [1572610454.0], 'JobIds': ['45456953.0'], 'EndTimes': [1572612221.0], 'Restarts': 0, 'RecordedSite': True, 'State': 'transferring', 'ResidentSetSize': [860056], 'TotalUserCpuTimeHistory': [1166], 'SiteHistory': ['Unknown', 'T1_RU_JINR'], 'TotalSysCpuTimeHistory': [26]}, '2': {'Retries': 0, 'WallDurations': [9.0, 770.0], 'StartTimes': [1572610650.0], 'SubmitTimes': [1572610454.0], 'JobIds': ['45456954.0'], 'EndTimes': [1572611420.0], 'Restarts': 0, 'RecordedSite': True, 'State': 'transferring', 'ResidentSetSize': [813844], 'TotalUserCpuTimeHistory': [474], 'SiteHistory': ['Unknown', 'T1_RU_JINR'], 'TotalSysCpuTimeHistory': [17]}}
INFO 2019-11-01 12:48:44.085 UTC: 	 Status on the scheduler:	SUBMITTED
INFO 2019-11-01 12:48:44.085 UTC: 	 
Jobs status:                    transferring 		100.0% (2/2)
INFO 2019-11-01 12:48:44.086 UTC: 	 
No publication information available yet
INFO 2019-11-01 12:48:44.086 UTC: 	 
Warning: the max jobs runtime is less than 30% of the task requested value (1250 min), please consider to request a lower value for failed jobs (allowed through crab resubmit) and/or improve the jobs splitting (e.g. config.Data.splitting = 'Automatic') in a new task.
INFO 2019-11-01 12:48:44.086 UTC: 	 
Summary of run jobs:
 * Memory: 794MB min, 839MB max, 817MB ave
 * Runtime: 0:12:50 min, 0:25:35 max, 0:19:12 ave
 * CPU eff: 64% min, 78% max, 73% ave
 * Waste: 0:00:18 (1% of total)

INFO 2019-11-01 12:48:44.103 UTC: 	 Log file is /afs/cern.ch/work/s/sthakur/xRavindra/MiniTree2017Data/CMSSW_10_4_0/src/ExLep2017Crab/crab/CrabMC_20191101/crab_ExLepEEZ_M4000_MC_20191101/crab.log
DEBUG 2019-11-01 16:55:18.479 UTC: 	 Running on: Linux lxplus721.cern.ch 3.10.0-1062.1.2.el7.x86_64 #1 SMP Mon Sep 30 14:19:46 UTC 2019 x86_64 x86_64 x86_64 GNU/Linux
Description:	CentOS Linux release 7.7.1908 (Core) 

DEBUG 2019-11-01 16:55:18.479 UTC: 	 Executing command: 'status'
DEBUG 2019-11-01 16:55:18.479 UTC: 	 Found CRAB cache file /afs/cern.ch/user/s/sthakur/.crab3
DEBUG 2019-11-01 16:55:18.515 UTC: 	 Checking credentials
DEBUG 2019-11-01 16:55:18.515 UTC: 	 Found proxy file /tmp/x509up_u77410
DEBUG 2019-11-01 16:55:18.515 UTC: 	 Getting proxy life time left
DEBUG 2019-11-01 16:55:19.222 UTC: 	 Executing : 
 command : voms-proxy-info -file /tmp/x509up_u77410 -timeleft
 output : 43109

 error: 
 retcode : 0
DEBUG 2019-11-01 16:55:19.933 UTC: 	 Executing : 
 command : voms-proxy-info -file /tmp/x509up_u77410 -actimeleft
 output : 43109

 error: 
 retcode : 0
DEBUG 2019-11-01 16:55:19.934 UTC: 	 Proxy valid for 11:58:29 hours
DEBUG 2019-11-01 16:55:20.129 UTC: 	 Executing : 
 command : openssl x509 -in ~/.globus/usercert.pem -subject -noout
 output : subject= /DC=ch/DC=cern/OU=Organic Units/OU=Users/CN=sthakur/CN=764789/CN=Shalini Thakur

 error: 
 retcode : 0
DEBUG 2019-11-01 16:55:20.129 UTC: 	 Checking credentials
DEBUG 2019-11-01 16:55:20.129 UTC: 	 Found proxy file /tmp/x509up_u77410
DEBUG 2019-11-01 16:55:20.129 UTC: 	 Getting proxy life time left
DEBUG 2019-11-01 16:55:20.837 UTC: 	 Executing : 
 command : voms-proxy-info -file /tmp/x509up_u77410 -timeleft
 output : 43108

 error: 
 retcode : 0
DEBUG 2019-11-01 16:55:21.546 UTC: 	 Executing : 
 command : voms-proxy-info -file /tmp/x509up_u77410 -actimeleft
 output : 43107

 error: 
 retcode : 0
DEBUG 2019-11-01 16:55:21.546 UTC: 	 Proxy lifetime 43108 secs is different from voms extension lifetime 43107 secs for proxy: /tmp/x509up_u77410
DEBUG 2019-11-01 16:55:21.546 UTC: 	 Proxy valid for 11:58:27 hours
DEBUG 2019-11-01 16:55:21.618 UTC: 	 Registering user credentials for server /DC=ch/DC=cern/OU=computers/CN=vocms(052|058|030|0118|0105|0109).cern.ch|/DC=ch/DC=cern/OU=computers/CN=crab-(preprod|prod)-tw(02|01).cern.ch
DEBUG 2019-11-01 16:55:21.728 UTC: 	 Executing : 
 command : openssl x509 -in ~/.globus/usercert.pem -subject -noout
 output : subject= /DC=ch/DC=cern/OU=Organic Units/OU=Users/CN=sthakur/CN=764789/CN=Shalini Thakur

 error: 
 retcode : 0
DEBUG 2019-11-01 16:55:21.729 UTC: 	 Getting myproxy life time left for myproxy.cern.ch
DEBUG 2019-11-01 16:55:21.729 UTC: 	 Calculating hash of /DC=ch/DC=cern/OU=Organic Units/OU=Users/CN=sthakur/CN=764789/CN=Shalini Thakur_cmsweb.cern.ch for credential name
DEBUG 2019-11-01 16:55:22.134 UTC: 	 Executing : 
 command : myproxy-info -l 9cd94953387eeee7bf4da2b7588630639ea1153b -s myproxy.cern.ch
 output : username: 9cd94953387eeee7bf4da2b7588630639ea1153b
owner: /DC=ch/DC=cern/OU=Organic Units/OU=Users/CN=sthakur/CN=764789/CN=Shalini Thakur
  renewal policy: /DC=ch/DC=cern/OU=computers/CN=vocms(052|058|030|0118|0105|0109).cern.ch|/DC=ch/DC=cern/OU=computers/CN=crab-(preprod|prod)-tw(02|01).cern.ch
  trusted retrieval policy: /DC=ch/DC=cern/OU=computers/CN=vocms(052|058|030|0118|0105|0109).cern.ch|/DC=ch/DC=cern/OU=computers/CN=crab-(preprod|prod)-tw(02|01).cern.ch
  timeleft: 553:42:38  (23.1 days)

 error: 
 retcode : 0
DEBUG 2019-11-01 16:55:22.135 UTC: 	 Myproxy is valid: 1993358
DEBUG 2019-11-01 16:55:22.136 UTC: 	 Command use: status
DEBUG 2019-11-01 16:55:22.136 UTC: 	 Options use: ['--verboseErrors', 'CrabMC_20191101/crab_ExLepEEZ_M4000_MC_20191101']
DEBUG 2019-11-01 16:55:22.207 UTC: 	 CRABClient version: 3.3.1910.patch2
DEBUG 2019-11-01 16:55:22.207 UTC: 	 Instance is prod
DEBUG 2019-11-01 16:55:22.207 UTC: 	 Server base url is cmsweb.cern.ch
DEBUG 2019-11-01 16:55:22.207 UTC: 	 Command url /crabserver/prod/workflow
DEBUG 2019-11-01 16:55:22.440 UTC: 	 Got information from server oracle database: {u'result': [u'191101_121302:sthakur_crab_ExLepEEZ_M4000_MC_20191101', u'None', u'None', u'SUBMITTED', u'SUBMIT', u'2019-11-01 12:13:02.560563', u'None', u'2019-11-01 12:14:03.047933', u'None', u'CMSSW_10_4_0', u'slc7_amd64_gcc700', u'/ExcitedLepton_EEZ-4000_TuneCP5_13TeV-pythia8/RunIIFall17MiniAODv2-PU2017_12Apr2018_94X_mc2017_realistic_v14-v1/MINIAODSIM', u'T', u'0', u'[]', u'[]', u'FileBased', u"{'splitOnRun': False, 'halt_job_on_file_boundaries': False, 'files_per_job': 10, 'runs': [], 'lumis': []}", u'0aa7da6c6ee64b1dcfcaf54c763720056da6a81de43a9905602a680162af0d40.tar.gz', u'https://cmsweb.cern.ch/crabcache', u'sthakur', u'/DC=ch/DC=cern/OU=Organic Units/OU=Users/CN=sthakur/CN=764789/CN=Shalini Thakur', u'cms', u'None', u'None', u'ExLepEEZ_M4000_MC_20191101-00000000000000000000000000000000', u'F', u'T2_IN_TIFR', u'https://cmsweb.cern.ch/dbs/prod/global/DBSReader', u'https://cmsweb.cern.ch/dbs/prod/phys03/DBSWriter', u'T', u'[]', u"['ExLepEEZ_M4000_MC_20191101_Ntuple.root']", u'[]', u'Analysis', u'pythia', u'None', u'{}', u'[]', u'F', u'crab-prod-tw01', u'[]', u'1250', u'1', u'2000', u'10', u'None', u'[]', u'http://vocms0120.cern.ch/mon/cms251/191101_121302:sthakur_crab_ExLepEEZ_M4000_MC_20191101', u'None', u'[]', u'[]', u'https://cmsweb.cern.ch/crabserver/prod', u'cmsgwms-collector-global.cern.ch:9620,cmssrv623.fnal.gov:9620', u'crab3@vocms0120.cern.ch', u'F', u'[]', u'T', u'/store/user/sthakur/ntuple_for2017MC_20191101/MC_20191101/ExLepEEZ_M4000_MC_20191101', u'F', u'None', u'F', u'None', u'ExcitedLepton_EEZ-4000_TuneCP5_13TeV-pythia8', u'None', u'01e1391463b5092d2d0f00e1398ef3a52f367d67b7f50ef7e8f8ca17a6125d40.tar.gz', u'45456951', u'filetransfers', u'F', u'2001:1458:d00:2e::100:9b', u'0.0', u'None'], u'desc': {u'columns': [u'tm_taskname', u'tm_activity', u'panda_jobset_id', u'tm_task_status', u'tm_task_command', u'tm_start_time', u'tm_start_injection', u'tm_end_injection', u'tm_task_failure', u'tm_job_sw', u'tm_job_arch', u'tm_input_dataset', u'tm_nonvalid_input_dataset', u'tm_use_parent', u'tm_site_whitelist', u'tm_site_blacklist', u'tm_split_algo', u'tm_split_args', u'tm_user_sandbox', u'tm_cache_url', u'tm_username', u'tm_user_dn', u'tm_user_vo', u'tm_user_role', u'tm_user_group', u'tm_publish_name', u'tm_publish_groupname', u'tm_asyncdest', u'tm_dbs_url', u'tm_publish_dbs_url', u'tm_publication', u'tm_outfiles', u'tm_tfile_outfiles', u'tm_edm_outfiles', u'tm_job_type', u'tm_generator', u'tm_events_per_lumi', u'tm_arguments', u'panda_resubmitted_jobs', u'tm_save_logs', u'tw_name', u'tm_user_infiles', u'tm_maxjobruntime', u'tm_numcores', u'tm_maxmemory', u'tm_priority', u'tm_output_dataset', u'tm_task_warnings', u'tm_user_webdir', u'tm_scriptexe', u'tm_scriptargs', u'tm_extrajdl', u'tm_asourl', u'tm_collector', u'tm_schedd', u'tm_dry_run', u'tm_user_files', u'tm_transfer_outputs', u'tm_output_lfn', u'tm_ignore_locality', u'tm_fail_limit', u'tm_one_event_mode', u'tm_secondary_input_dataset', u'tm_primary_dataset', u'tm_last_publication', u'tm_debug_files', u'clusterid', u'tm_asodb', u'tm_ignore_global_blacklist', u'tm_submitter_ip_addr', u'tm_totalunits', u'tm_ddm_reqid']}}
INFO 2019-11-01 16:55:22.441 UTC: 	 CRAB project directory:		/afs/cern.ch/work/s/sthakur/xRavindra/MiniTree2017Data/CMSSW_10_4_0/src/ExLep2017Crab/crab/CrabMC_20191101/crab_ExLepEEZ_M4000_MC_20191101
INFO 2019-11-01 16:55:22.441 UTC: 	 Task name:			191101_121302:sthakur_crab_ExLepEEZ_M4000_MC_20191101
INFO 2019-11-01 16:55:22.441 UTC: 	 Grid scheduler - Task Worker:	crab3@vocms0120.cern.ch - crab-prod-tw01
INFO 2019-11-01 16:55:22.441 UTC: 	 Status on the CRAB server:	SUBMITTED
INFO 2019-11-01 16:55:22.441 UTC: 	 Task URL to use for HELP:	https://cmsweb.cern.ch/crabserver/ui/task/191101_121302%3Asthakur_crab_ExLepEEZ_M4000_MC_20191101
INFO 2019-11-01 16:55:22.441 UTC: 	 Dashboard monitoring URL:	https://monit-grafana.cern.ch/d/cmsTMDetail/cms-task-monitoring-task-view?orgId=11&var-user=sthakur&var-task=191101_121302%3Asthakur_crab_ExLepEEZ_M4000_MC_20191101
INFO 2019-11-01 16:55:22.441 UTC: 	 In case of issues with the dashboard, please provide feedback to hn-cms-computing-tools@cern.ch
DEBUG 2019-11-01 16:55:22.441 UTC: 	 The CRAB server submitted your task to the Grid scheduler (cluster ID: 45456951)
DEBUG 2019-11-01 16:55:22.441 UTC: 	 Webdir is located at http://vocms0120.cern.ch/mon/cms251/191101_121302:sthakur_crab_ExLepEEZ_M4000_MC_20191101
DEBUG 2019-11-01 16:55:22.541 UTC: 	 Proxied webdir is located at https://cmsweb.cern.ch/scheddmon/0120/cms251/191101_121302:sthakur_crab_ExLepEEZ_M4000_MC_20191101
DEBUG 2019-11-01 16:55:22.541 UTC: 	 Retrieving 'status_cache' file from https://cmsweb.cern.ch/scheddmon/0120/cms251/191101_121302:sthakur_crab_ExLepEEZ_M4000_MC_20191101/status_cache
DEBUG 2019-11-01 16:55:22.588 UTC: 	 Got information from status cache file: {'1': {'Retries': 0, 'WallDurations': [9.0, 1535.0], 'StartTimes': [1572610686.0], 'SubmitTimes': [1572610454.0], 'JobIds': ['45456953.0'], 'EndTimes': [1572612221.0], 'Restarts': 0, 'RecordedSite': True, 'State': 'finished', 'ResidentSetSize': [860056], 'TotalUserCpuTimeHistory': [1166], 'SiteHistory': ['Unknown', 'T1_RU_JINR'], 'TotalSysCpuTimeHistory': [26]}, '2': {'Retries': 0, 'WallDurations': [9.0, 770.0], 'StartTimes': [1572610650.0], 'SubmitTimes': [1572610454.0], 'JobIds': ['45456954.0'], 'EndTimes': [1572611420.0], 'Restarts': 0, 'RecordedSite': True, 'State': 'finished', 'ResidentSetSize': [813844], 'TotalUserCpuTimeHistory': [474], 'SiteHistory': ['Unknown', 'T1_RU_JINR'], 'TotalSysCpuTimeHistory': [17]}}
INFO 2019-11-01 16:55:22.588 UTC: 	 Status on the scheduler:	COMPLETED
INFO 2019-11-01 16:55:22.588 UTC: 	 
Jobs status:                    finished     		100.0% (2/2)
INFO 2019-11-01 16:55:22.683 UTC: 	 
No publication information available yet
INFO 2019-11-01 16:55:22.683 UTC: 	 
Warning: the max jobs runtime is less than 30% of the task requested value (1250 min), please consider to request a lower value for failed jobs (allowed through crab resubmit) and/or improve the jobs splitting (e.g. config.Data.splitting = 'Automatic') in a new task.
INFO 2019-11-01 16:55:22.684 UTC: 	 
Summary of run jobs:
 * Memory: 794MB min, 839MB max, 817MB ave
 * Runtime: 0:12:50 min, 0:25:35 max, 0:19:12 ave
 * CPU eff: 64% min, 78% max, 73% ave
 * Waste: 0:00:18 (1% of total)

INFO 2019-11-01 16:55:22.701 UTC: 	 Log file is /afs/cern.ch/work/s/sthakur/xRavindra/MiniTree2017Data/CMSSW_10_4_0/src/ExLep2017Crab/crab/CrabMC_20191101/crab_ExLepEEZ_M4000_MC_20191101/crab.log
DEBUG 2019-11-03 17:55:00.305 UTC: 	 Running on: Linux lxplus737.cern.ch 3.10.0-1062.1.2.el7.x86_64 #1 SMP Mon Sep 30 14:19:46 UTC 2019 x86_64 x86_64 x86_64 GNU/Linux
Description:	CentOS Linux release 7.7.1908 (Core) 

DEBUG 2019-11-03 17:55:00.305 UTC: 	 Executing command: 'status'
DEBUG 2019-11-03 17:55:00.305 UTC: 	 Found CRAB cache file /afs/cern.ch/user/s/sthakur/.crab3
DEBUG 2019-11-03 17:55:00.343 UTC: 	 Checking credentials
DEBUG 2019-11-03 17:55:00.343 UTC: 	 Found proxy file /tmp/x509up_u77410
DEBUG 2019-11-03 17:55:00.343 UTC: 	 Getting proxy life time left
DEBUG 2019-11-03 17:55:01.150 UTC: 	 Executing : 
 command : voms-proxy-info -file /tmp/x509up_u77410 -timeleft
 output : 43105

 error: 
 retcode : 0
DEBUG 2019-11-03 17:55:01.857 UTC: 	 Executing : 
 command : voms-proxy-info -file /tmp/x509up_u77410 -actimeleft
 output : 43105

 error: 
 retcode : 0
DEBUG 2019-11-03 17:55:01.857 UTC: 	 Proxy valid for 11:58:25 hours
DEBUG 2019-11-03 17:55:02.094 UTC: 	 Executing : 
 command : openssl x509 -in ~/.globus/usercert.pem -subject -noout
 output : subject= /DC=ch/DC=cern/OU=Organic Units/OU=Users/CN=sthakur/CN=764789/CN=Shalini Thakur

 error: 
 retcode : 0
DEBUG 2019-11-03 17:55:02.094 UTC: 	 Checking credentials
DEBUG 2019-11-03 17:55:02.094 UTC: 	 Found proxy file /tmp/x509up_u77410
DEBUG 2019-11-03 17:55:02.094 UTC: 	 Getting proxy life time left
DEBUG 2019-11-03 17:55:02.801 UTC: 	 Executing : 
 command : voms-proxy-info -file /tmp/x509up_u77410 -timeleft
 output : 43104

 error: 
 retcode : 0
DEBUG 2019-11-03 17:55:03.509 UTC: 	 Executing : 
 command : voms-proxy-info -file /tmp/x509up_u77410 -actimeleft
 output : 43103

 error: 
 retcode : 0
DEBUG 2019-11-03 17:55:03.510 UTC: 	 Proxy lifetime 43104 secs is different from voms extension lifetime 43103 secs for proxy: /tmp/x509up_u77410
DEBUG 2019-11-03 17:55:03.510 UTC: 	 Proxy valid for 11:58:23 hours
DEBUG 2019-11-03 17:55:03.606 UTC: 	 Registering user credentials for server /DC=ch/DC=cern/OU=computers/CN=vocms(052|058|030|0118|0105|0109).cern.ch|/DC=ch/DC=cern/OU=computers/CN=crab-(preprod|prod)-tw(02|01).cern.ch
DEBUG 2019-11-03 17:55:03.723 UTC: 	 Executing : 
 command : openssl x509 -in ~/.globus/usercert.pem -subject -noout
 output : subject= /DC=ch/DC=cern/OU=Organic Units/OU=Users/CN=sthakur/CN=764789/CN=Shalini Thakur

 error: 
 retcode : 0
DEBUG 2019-11-03 17:55:03.723 UTC: 	 Getting myproxy life time left for myproxy.cern.ch
DEBUG 2019-11-03 17:55:03.723 UTC: 	 Calculating hash of /DC=ch/DC=cern/OU=Organic Units/OU=Users/CN=sthakur/CN=764789/CN=Shalini Thakur_cmsweb.cern.ch for credential name
DEBUG 2019-11-03 17:55:04.029 UTC: 	 Executing : 
 command : myproxy-info -l 9cd94953387eeee7bf4da2b7588630639ea1153b -s myproxy.cern.ch
 output : username: 9cd94953387eeee7bf4da2b7588630639ea1153b
owner: /DC=ch/DC=cern/OU=Organic Units/OU=Users/CN=sthakur/CN=764789/CN=Shalini Thakur
  renewal policy: /DC=ch/DC=cern/OU=computers/CN=vocms(052|058|030|0118|0105|0109).cern.ch|/DC=ch/DC=cern/OU=computers/CN=crab-(preprod|prod)-tw(02|01).cern.ch
  trusted retrieval policy: /DC=ch/DC=cern/OU=computers/CN=vocms(052|058|030|0118|0105|0109).cern.ch|/DC=ch/DC=cern/OU=computers/CN=crab-(preprod|prod)-tw(02|01).cern.ch
  timeleft: 504:42:56  (21.0 days)

 error: 
 retcode : 0
DEBUG 2019-11-03 17:55:04.030 UTC: 	 Myproxy is valid: 1816976
DEBUG 2019-11-03 17:55:04.031 UTC: 	 Command use: status
DEBUG 2019-11-03 17:55:04.031 UTC: 	 Options use: ['--verboseErrors', 'CrabMC_20191101/crab_ExLepEEZ_M4000_MC_20191101']
DEBUG 2019-11-03 17:55:04.106 UTC: 	 CRABClient version: 3.3.1910.patch2
DEBUG 2019-11-03 17:55:04.107 UTC: 	 Instance is prod
DEBUG 2019-11-03 17:55:04.107 UTC: 	 Server base url is cmsweb.cern.ch
DEBUG 2019-11-03 17:55:04.107 UTC: 	 Command url /crabserver/prod/workflow
DEBUG 2019-11-03 17:55:04.187 UTC: 	 Got information from server oracle database: {u'result': [u'191101_121302:sthakur_crab_ExLepEEZ_M4000_MC_20191101', u'None', u'None', u'SUBMITTED', u'SUBMIT', u'2019-11-01 12:13:02.560563', u'None', u'2019-11-01 12:14:03.047933', u'None', u'CMSSW_10_4_0', u'slc7_amd64_gcc700', u'/ExcitedLepton_EEZ-4000_TuneCP5_13TeV-pythia8/RunIIFall17MiniAODv2-PU2017_12Apr2018_94X_mc2017_realistic_v14-v1/MINIAODSIM', u'T', u'0', u'[]', u'[]', u'FileBased', u"{'splitOnRun': False, 'halt_job_on_file_boundaries': False, 'files_per_job': 10, 'runs': [], 'lumis': []}", u'0aa7da6c6ee64b1dcfcaf54c763720056da6a81de43a9905602a680162af0d40.tar.gz', u'https://cmsweb.cern.ch/crabcache', u'sthakur', u'/DC=ch/DC=cern/OU=Organic Units/OU=Users/CN=sthakur/CN=764789/CN=Shalini Thakur', u'cms', u'None', u'None', u'ExLepEEZ_M4000_MC_20191101-00000000000000000000000000000000', u'F', u'T2_IN_TIFR', u'https://cmsweb.cern.ch/dbs/prod/global/DBSReader', u'https://cmsweb.cern.ch/dbs/prod/phys03/DBSWriter', u'T', u'[]', u"['ExLepEEZ_M4000_MC_20191101_Ntuple.root']", u'[]', u'Analysis', u'pythia', u'None', u'{}', u'[]', u'F', u'crab-prod-tw01', u'[]', u'1250', u'1', u'2000', u'10', u'None', u'[]', u'http://vocms0120.cern.ch/mon/cms251/191101_121302:sthakur_crab_ExLepEEZ_M4000_MC_20191101', u'None', u'[]', u'[]', u'https://cmsweb.cern.ch/crabserver/prod', u'cmsgwms-collector-global.cern.ch:9620,cmssrv623.fnal.gov:9620', u'crab3@vocms0120.cern.ch', u'F', u'[]', u'T', u'/store/user/sthakur/ntuple_for2017MC_20191101/MC_20191101/ExLepEEZ_M4000_MC_20191101', u'F', u'None', u'F', u'None', u'ExcitedLepton_EEZ-4000_TuneCP5_13TeV-pythia8', u'None', u'01e1391463b5092d2d0f00e1398ef3a52f367d67b7f50ef7e8f8ca17a6125d40.tar.gz', u'45456951', u'filetransfers', u'F', u'2001:1458:d00:2e::100:9b', u'0.0', u'None'], u'desc': {u'columns': [u'tm_taskname', u'tm_activity', u'panda_jobset_id', u'tm_task_status', u'tm_task_command', u'tm_start_time', u'tm_start_injection', u'tm_end_injection', u'tm_task_failure', u'tm_job_sw', u'tm_job_arch', u'tm_input_dataset', u'tm_nonvalid_input_dataset', u'tm_use_parent', u'tm_site_whitelist', u'tm_site_blacklist', u'tm_split_algo', u'tm_split_args', u'tm_user_sandbox', u'tm_cache_url', u'tm_username', u'tm_user_dn', u'tm_user_vo', u'tm_user_role', u'tm_user_group', u'tm_publish_name', u'tm_publish_groupname', u'tm_asyncdest', u'tm_dbs_url', u'tm_publish_dbs_url', u'tm_publication', u'tm_outfiles', u'tm_tfile_outfiles', u'tm_edm_outfiles', u'tm_job_type', u'tm_generator', u'tm_events_per_lumi', u'tm_arguments', u'panda_resubmitted_jobs', u'tm_save_logs', u'tw_name', u'tm_user_infiles', u'tm_maxjobruntime', u'tm_numcores', u'tm_maxmemory', u'tm_priority', u'tm_output_dataset', u'tm_task_warnings', u'tm_user_webdir', u'tm_scriptexe', u'tm_scriptargs', u'tm_extrajdl', u'tm_asourl', u'tm_collector', u'tm_schedd', u'tm_dry_run', u'tm_user_files', u'tm_transfer_outputs', u'tm_output_lfn', u'tm_ignore_locality', u'tm_fail_limit', u'tm_one_event_mode', u'tm_secondary_input_dataset', u'tm_primary_dataset', u'tm_last_publication', u'tm_debug_files', u'clusterid', u'tm_asodb', u'tm_ignore_global_blacklist', u'tm_submitter_ip_addr', u'tm_totalunits', u'tm_ddm_reqid']}}
INFO 2019-11-03 17:55:04.188 UTC: 	 CRAB project directory:		/afs/cern.ch/work/s/sthakur/xRavindra/MiniTree2017Data/CMSSW_10_4_0/src/ExLep2017Crab/crab/CrabMC_20191101/crab_ExLepEEZ_M4000_MC_20191101
INFO 2019-11-03 17:55:04.188 UTC: 	 Task name:			191101_121302:sthakur_crab_ExLepEEZ_M4000_MC_20191101
INFO 2019-11-03 17:55:04.188 UTC: 	 Grid scheduler - Task Worker:	crab3@vocms0120.cern.ch - crab-prod-tw01
INFO 2019-11-03 17:55:04.188 UTC: 	 Status on the CRAB server:	SUBMITTED
INFO 2019-11-03 17:55:04.189 UTC: 	 Task URL to use for HELP:	https://cmsweb.cern.ch/crabserver/ui/task/191101_121302%3Asthakur_crab_ExLepEEZ_M4000_MC_20191101
INFO 2019-11-03 17:55:04.189 UTC: 	 Dashboard monitoring URL:	https://monit-grafana.cern.ch/d/cmsTMDetail/cms-task-monitoring-task-view?orgId=11&var-user=sthakur&var-task=191101_121302%3Asthakur_crab_ExLepEEZ_M4000_MC_20191101
INFO 2019-11-03 17:55:04.189 UTC: 	 In case of issues with the dashboard, please provide feedback to hn-cms-computing-tools@cern.ch
DEBUG 2019-11-03 17:55:04.189 UTC: 	 The CRAB server submitted your task to the Grid scheduler (cluster ID: 45456951)
DEBUG 2019-11-03 17:55:04.189 UTC: 	 Webdir is located at http://vocms0120.cern.ch/mon/cms251/191101_121302:sthakur_crab_ExLepEEZ_M4000_MC_20191101
DEBUG 2019-11-03 17:55:04.285 UTC: 	 Proxied webdir is located at https://cmsweb.cern.ch/scheddmon/0120/cms251/191101_121302:sthakur_crab_ExLepEEZ_M4000_MC_20191101
DEBUG 2019-11-03 17:55:04.285 UTC: 	 Retrieving 'status_cache' file from https://cmsweb.cern.ch/scheddmon/0120/cms251/191101_121302:sthakur_crab_ExLepEEZ_M4000_MC_20191101/status_cache
DEBUG 2019-11-03 17:55:04.606 UTC: 	 Got information from status cache file: {'1': {'Retries': 0, 'WallDurations': [9.0, 1535.0], 'StartTimes': [1572610686.0], 'SubmitTimes': [1572610454.0], 'JobIds': ['45456953.0'], 'EndTimes': [1572612221.0], 'Restarts': 0, 'RecordedSite': True, 'State': 'finished', 'ResidentSetSize': [860056], 'TotalUserCpuTimeHistory': [1166], 'SiteHistory': ['Unknown', 'T1_RU_JINR'], 'TotalSysCpuTimeHistory': [26]}, '2': {'Retries': 0, 'WallDurations': [9.0, 770.0], 'StartTimes': [1572610650.0], 'SubmitTimes': [1572610454.0], 'JobIds': ['45456954.0'], 'EndTimes': [1572611420.0], 'Restarts': 0, 'RecordedSite': True, 'State': 'finished', 'ResidentSetSize': [813844], 'TotalUserCpuTimeHistory': [474], 'SiteHistory': ['Unknown', 'T1_RU_JINR'], 'TotalSysCpuTimeHistory': [17]}}
INFO 2019-11-03 17:55:04.606 UTC: 	 Status on the scheduler:	COMPLETED
INFO 2019-11-03 17:55:04.607 UTC: 	 
Jobs status:                    finished     		100.0% (2/2)
INFO 2019-11-03 17:55:04.707 UTC: 	 
No publication information available yet
INFO 2019-11-03 17:55:04.707 UTC: 	 
Warning: the max jobs runtime is less than 30% of the task requested value (1250 min), please consider to request a lower value for failed jobs (allowed through crab resubmit) and/or improve the jobs splitting (e.g. config.Data.splitting = 'Automatic') in a new task.
INFO 2019-11-03 17:55:04.707 UTC: 	 
Summary of run jobs:
 * Memory: 794MB min, 839MB max, 817MB ave
 * Runtime: 0:12:50 min, 0:25:35 max, 0:19:12 ave
 * CPU eff: 64% min, 78% max, 73% ave
 * Waste: 0:00:18 (1% of total)

INFO 2019-11-03 17:55:04.735 UTC: 	 Log file is /afs/cern.ch/work/s/sthakur/xRavindra/MiniTree2017Data/CMSSW_10_4_0/src/ExLep2017Crab/crab/CrabMC_20191101/crab_ExLepEEZ_M4000_MC_20191101/crab.log
DEBUG 2019-11-03 18:00:36.185 UTC: 	 Running on: Linux lxplus737.cern.ch 3.10.0-1062.1.2.el7.x86_64 #1 SMP Mon Sep 30 14:19:46 UTC 2019 x86_64 x86_64 x86_64 GNU/Linux
Description:	CentOS Linux release 7.7.1908 (Core) 

DEBUG 2019-11-03 18:00:36.185 UTC: 	 Executing command: 'resubmit'
DEBUG 2019-11-03 18:00:36.185 UTC: 	 Found CRAB cache file /afs/cern.ch/user/s/sthakur/.crab3
DEBUG 2019-11-03 18:00:36.195 UTC: 	 Checking credentials
DEBUG 2019-11-03 18:00:36.195 UTC: 	 Found proxy file /tmp/x509up_u77410
DEBUG 2019-11-03 18:00:36.195 UTC: 	 Getting proxy life time left
DEBUG 2019-11-03 18:00:36.900 UTC: 	 Executing : 
 command : voms-proxy-info -file /tmp/x509up_u77410 -timeleft
 output : 42770

 error: 
 retcode : 0
DEBUG 2019-11-03 18:00:37.607 UTC: 	 Executing : 
 command : voms-proxy-info -file /tmp/x509up_u77410 -actimeleft
 output : 42769

 error: 
 retcode : 0
DEBUG 2019-11-03 18:00:37.607 UTC: 	 Proxy lifetime 42770 secs is different from voms extension lifetime 42769 secs for proxy: /tmp/x509up_u77410
DEBUG 2019-11-03 18:00:37.607 UTC: 	 Proxy valid for 11:52:49 hours
DEBUG 2019-11-03 18:00:37.803 UTC: 	 Executing : 
 command : openssl x509 -in ~/.globus/usercert.pem -subject -noout
 output : subject= /DC=ch/DC=cern/OU=Organic Units/OU=Users/CN=sthakur/CN=764789/CN=Shalini Thakur

 error: 
 retcode : 0
DEBUG 2019-11-03 18:00:37.804 UTC: 	 Checking credentials
DEBUG 2019-11-03 18:00:37.804 UTC: 	 Found proxy file /tmp/x509up_u77410
DEBUG 2019-11-03 18:00:37.804 UTC: 	 Getting proxy life time left
DEBUG 2019-11-03 18:00:38.613 UTC: 	 Executing : 
 command : voms-proxy-info -file /tmp/x509up_u77410 -timeleft
 output : 42768

 error: 
 retcode : 0
DEBUG 2019-11-03 18:00:39.426 UTC: 	 Executing : 
 command : voms-proxy-info -file /tmp/x509up_u77410 -actimeleft
 output : 42767

 error: 
 retcode : 0
DEBUG 2019-11-03 18:00:39.426 UTC: 	 Proxy lifetime 42768 secs is different from voms extension lifetime 42767 secs for proxy: /tmp/x509up_u77410
DEBUG 2019-11-03 18:00:39.427 UTC: 	 Proxy valid for 11:52:47 hours
DEBUG 2019-11-03 18:00:39.515 UTC: 	 Registering user credentials for server /DC=ch/DC=cern/OU=computers/CN=vocms(052|058|030|0118|0105|0109).cern.ch|/DC=ch/DC=cern/OU=computers/CN=crab-(preprod|prod)-tw(02|01).cern.ch
DEBUG 2019-11-03 18:00:39.627 UTC: 	 Executing : 
 command : openssl x509 -in ~/.globus/usercert.pem -subject -noout
 output : subject= /DC=ch/DC=cern/OU=Organic Units/OU=Users/CN=sthakur/CN=764789/CN=Shalini Thakur

 error: 
 retcode : 0
DEBUG 2019-11-03 18:00:39.627 UTC: 	 Getting myproxy life time left for myproxy.cern.ch
DEBUG 2019-11-03 18:00:39.627 UTC: 	 Calculating hash of /DC=ch/DC=cern/OU=Organic Units/OU=Users/CN=sthakur/CN=764789/CN=Shalini Thakur_cmsweb.cern.ch for credential name
DEBUG 2019-11-03 18:00:39.933 UTC: 	 Executing : 
 command : myproxy-info -l 9cd94953387eeee7bf4da2b7588630639ea1153b -s myproxy.cern.ch
 output : username: 9cd94953387eeee7bf4da2b7588630639ea1153b
owner: /DC=ch/DC=cern/OU=Organic Units/OU=Users/CN=sthakur/CN=764789/CN=Shalini Thakur
  renewal policy: /DC=ch/DC=cern/OU=computers/CN=vocms(052|058|030|0118|0105|0109).cern.ch|/DC=ch/DC=cern/OU=computers/CN=crab-(preprod|prod)-tw(02|01).cern.ch
  trusted retrieval policy: /DC=ch/DC=cern/OU=computers/CN=vocms(052|058|030|0118|0105|0109).cern.ch|/DC=ch/DC=cern/OU=computers/CN=crab-(preprod|prod)-tw(02|01).cern.ch
  timeleft: 504:37:21  (21.0 days)

 error: 
 retcode : 0
DEBUG 2019-11-03 18:00:39.934 UTC: 	 Myproxy is valid: 1816641
DEBUG 2019-11-03 18:00:40.020 UTC: 	 Command use: resubmit
DEBUG 2019-11-03 18:00:40.021 UTC: 	 Options use: ['CrabMC_20191101/crab_ExLepEEZ_M4000_MC_20191101']
DEBUG 2019-11-03 18:00:40.128 UTC: 	 CRABClient version: 3.3.1910.patch2
DEBUG 2019-11-03 18:00:40.128 UTC: 	 Instance is prod
DEBUG 2019-11-03 18:00:40.128 UTC: 	 Server base url is cmsweb.cern.ch
DEBUG 2019-11-03 18:00:40.128 UTC: 	 Command url /crabserver/prod/workflow
DEBUG 2019-11-03 18:00:40.165 UTC: 	 Running on: Linux lxplus737.cern.ch 3.10.0-1062.1.2.el7.x86_64 #1 SMP Mon Sep 30 14:19:46 UTC 2019 x86_64 x86_64 x86_64 GNU/Linux
Description:	CentOS Linux release 7.7.1908 (Core) 

DEBUG 2019-11-03 18:00:40.166 UTC: 	 Executing command: 'status'
DEBUG 2019-11-03 18:00:40.166 UTC: 	 Found CRAB cache file /afs/cern.ch/user/s/sthakur/.crab3
DEBUG 2019-11-03 18:00:40.176 UTC: 	 Checking credentials
DEBUG 2019-11-03 18:00:40.176 UTC: 	 Found proxy file /tmp/x509up_u77410
DEBUG 2019-11-03 18:00:40.176 UTC: 	 Getting proxy life time left
DEBUG 2019-11-03 18:00:40.983 UTC: 	 Executing : 
 command : voms-proxy-info -file /tmp/x509up_u77410 -timeleft
 output : 42766

 error: 
 retcode : 0
DEBUG 2019-11-03 18:00:41.796 UTC: 	 Executing : 
 command : voms-proxy-info -file /tmp/x509up_u77410 -actimeleft
 output : 42765

 error: 
 retcode : 0
DEBUG 2019-11-03 18:00:41.796 UTC: 	 Proxy lifetime 42766 secs is different from voms extension lifetime 42765 secs for proxy: /tmp/x509up_u77410
DEBUG 2019-11-03 18:00:41.796 UTC: 	 Proxy valid for 11:52:45 hours
DEBUG 2019-11-03 18:00:41.967 UTC: 	 Executing : 
 command : openssl x509 -in ~/.globus/usercert.pem -subject -noout
 output : subject= /DC=ch/DC=cern/OU=Organic Units/OU=Users/CN=sthakur/CN=764789/CN=Shalini Thakur

 error: 
 retcode : 0
DEBUG 2019-11-03 18:00:41.967 UTC: 	 Checking credentials
DEBUG 2019-11-03 18:00:41.967 UTC: 	 Found proxy file /tmp/x509up_u77410
DEBUG 2019-11-03 18:00:41.967 UTC: 	 Getting proxy life time left
DEBUG 2019-11-03 18:00:42.774 UTC: 	 Executing : 
 command : voms-proxy-info -file /tmp/x509up_u77410 -timeleft
 output : 42764

 error: 
 retcode : 0
DEBUG 2019-11-03 18:00:43.482 UTC: 	 Executing : 
 command : voms-proxy-info -file /tmp/x509up_u77410 -actimeleft
 output : 42763

 error: 
 retcode : 0
DEBUG 2019-11-03 18:00:43.483 UTC: 	 Proxy lifetime 42764 secs is different from voms extension lifetime 42763 secs for proxy: /tmp/x509up_u77410
DEBUG 2019-11-03 18:00:43.483 UTC: 	 Proxy valid for 11:52:43 hours
DEBUG 2019-11-03 18:00:43.587 UTC: 	 Registering user credentials for server /DC=ch/DC=cern/OU=computers/CN=vocms(052|058|030|0118|0105|0109).cern.ch|/DC=ch/DC=cern/OU=computers/CN=crab-(preprod|prod)-tw(02|01).cern.ch
DEBUG 2019-11-03 18:00:43.699 UTC: 	 Executing : 
 command : openssl x509 -in ~/.globus/usercert.pem -subject -noout
 output : subject= /DC=ch/DC=cern/OU=Organic Units/OU=Users/CN=sthakur/CN=764789/CN=Shalini Thakur

 error: 
 retcode : 0
DEBUG 2019-11-03 18:00:43.699 UTC: 	 Getting myproxy life time left for myproxy.cern.ch
DEBUG 2019-11-03 18:00:43.699 UTC: 	 Calculating hash of /DC=ch/DC=cern/OU=Organic Units/OU=Users/CN=sthakur/CN=764789/CN=Shalini Thakur_cmsweb.cern.ch for credential name
DEBUG 2019-11-03 18:00:44.108 UTC: 	 Executing : 
 command : myproxy-info -l 9cd94953387eeee7bf4da2b7588630639ea1153b -s myproxy.cern.ch
 output : username: 9cd94953387eeee7bf4da2b7588630639ea1153b
owner: /DC=ch/DC=cern/OU=Organic Units/OU=Users/CN=sthakur/CN=764789/CN=Shalini Thakur
  renewal policy: /DC=ch/DC=cern/OU=computers/CN=vocms(052|058|030|0118|0105|0109).cern.ch|/DC=ch/DC=cern/OU=computers/CN=crab-(preprod|prod)-tw(02|01).cern.ch
  trusted retrieval policy: /DC=ch/DC=cern/OU=computers/CN=vocms(052|058|030|0118|0105|0109).cern.ch|/DC=ch/DC=cern/OU=computers/CN=crab-(preprod|prod)-tw(02|01).cern.ch
  timeleft: 504:37:16  (21.0 days)

 error: 
 retcode : 0
DEBUG 2019-11-03 18:00:44.109 UTC: 	 Myproxy is valid: 1816636
DEBUG 2019-11-03 18:00:44.109 UTC: 	 Command use: status
DEBUG 2019-11-03 18:00:44.110 UTC: 	 Options use: []
DEBUG 2019-11-03 18:00:44.221 UTC: 	 CRABClient version: 3.3.1910.patch2
DEBUG 2019-11-03 18:00:44.221 UTC: 	 Instance is prod
DEBUG 2019-11-03 18:00:44.221 UTC: 	 Server base url is cmsweb.cern.ch
DEBUG 2019-11-03 18:00:44.221 UTC: 	 Command url /crabserver/prod/workflow
DEBUG 2019-11-03 18:00:44.304 UTC: 	 Got information from server oracle database: {u'result': [u'191101_121302:sthakur_crab_ExLepEEZ_M4000_MC_20191101', u'None', u'None', u'SUBMITTED', u'SUBMIT', u'2019-11-01 12:13:02.560563', u'None', u'2019-11-01 12:14:03.047933', u'None', u'CMSSW_10_4_0', u'slc7_amd64_gcc700', u'/ExcitedLepton_EEZ-4000_TuneCP5_13TeV-pythia8/RunIIFall17MiniAODv2-PU2017_12Apr2018_94X_mc2017_realistic_v14-v1/MINIAODSIM', u'T', u'0', u'[]', u'[]', u'FileBased', u"{'splitOnRun': False, 'halt_job_on_file_boundaries': False, 'files_per_job': 10, 'runs': [], 'lumis': []}", u'0aa7da6c6ee64b1dcfcaf54c763720056da6a81de43a9905602a680162af0d40.tar.gz', u'https://cmsweb.cern.ch/crabcache', u'sthakur', u'/DC=ch/DC=cern/OU=Organic Units/OU=Users/CN=sthakur/CN=764789/CN=Shalini Thakur', u'cms', u'None', u'None', u'ExLepEEZ_M4000_MC_20191101-00000000000000000000000000000000', u'F', u'T2_IN_TIFR', u'https://cmsweb.cern.ch/dbs/prod/global/DBSReader', u'https://cmsweb.cern.ch/dbs/prod/phys03/DBSWriter', u'T', u'[]', u"['ExLepEEZ_M4000_MC_20191101_Ntuple.root']", u'[]', u'Analysis', u'pythia', u'None', u'{}', u'[]', u'F', u'crab-prod-tw01', u'[]', u'1250', u'1', u'2000', u'10', u'None', u'[]', u'http://vocms0120.cern.ch/mon/cms251/191101_121302:sthakur_crab_ExLepEEZ_M4000_MC_20191101', u'None', u'[]', u'[]', u'https://cmsweb.cern.ch/crabserver/prod', u'cmsgwms-collector-global.cern.ch:9620,cmssrv623.fnal.gov:9620', u'crab3@vocms0120.cern.ch', u'F', u'[]', u'T', u'/store/user/sthakur/ntuple_for2017MC_20191101/MC_20191101/ExLepEEZ_M4000_MC_20191101', u'F', u'None', u'F', u'None', u'ExcitedLepton_EEZ-4000_TuneCP5_13TeV-pythia8', u'None', u'01e1391463b5092d2d0f00e1398ef3a52f367d67b7f50ef7e8f8ca17a6125d40.tar.gz', u'45456951', u'filetransfers', u'F', u'2001:1458:d00:2e::100:9b', u'0.0', u'None'], u'desc': {u'columns': [u'tm_taskname', u'tm_activity', u'panda_jobset_id', u'tm_task_status', u'tm_task_command', u'tm_start_time', u'tm_start_injection', u'tm_end_injection', u'tm_task_failure', u'tm_job_sw', u'tm_job_arch', u'tm_input_dataset', u'tm_nonvalid_input_dataset', u'tm_use_parent', u'tm_site_whitelist', u'tm_site_blacklist', u'tm_split_algo', u'tm_split_args', u'tm_user_sandbox', u'tm_cache_url', u'tm_username', u'tm_user_dn', u'tm_user_vo', u'tm_user_role', u'tm_user_group', u'tm_publish_name', u'tm_publish_groupname', u'tm_asyncdest', u'tm_dbs_url', u'tm_publish_dbs_url', u'tm_publication', u'tm_outfiles', u'tm_tfile_outfiles', u'tm_edm_outfiles', u'tm_job_type', u'tm_generator', u'tm_events_per_lumi', u'tm_arguments', u'panda_resubmitted_jobs', u'tm_save_logs', u'tw_name', u'tm_user_infiles', u'tm_maxjobruntime', u'tm_numcores', u'tm_maxmemory', u'tm_priority', u'tm_output_dataset', u'tm_task_warnings', u'tm_user_webdir', u'tm_scriptexe', u'tm_scriptargs', u'tm_extrajdl', u'tm_asourl', u'tm_collector', u'tm_schedd', u'tm_dry_run', u'tm_user_files', u'tm_transfer_outputs', u'tm_output_lfn', u'tm_ignore_locality', u'tm_fail_limit', u'tm_one_event_mode', u'tm_secondary_input_dataset', u'tm_primary_dataset', u'tm_last_publication', u'tm_debug_files', u'clusterid', u'tm_asodb', u'tm_ignore_global_blacklist', u'tm_submitter_ip_addr', u'tm_totalunits', u'tm_ddm_reqid']}}
INFO 2019-11-03 18:00:44.306 UTC: 	 CRAB project directory:		/afs/cern.ch/work/s/sthakur/xRavindra/MiniTree2017Data/CMSSW_10_4_0/src/ExLep2017Crab/crab/CrabMC_20191101/crab_ExLepEEZ_M4000_MC_20191101
INFO 2019-11-03 18:00:44.306 UTC: 	 Task name:			191101_121302:sthakur_crab_ExLepEEZ_M4000_MC_20191101
INFO 2019-11-03 18:00:44.306 UTC: 	 Grid scheduler - Task Worker:	crab3@vocms0120.cern.ch - crab-prod-tw01
INFO 2019-11-03 18:00:44.306 UTC: 	 Status on the CRAB server:	SUBMITTED
INFO 2019-11-03 18:00:44.306 UTC: 	 Task URL to use for HELP:	https://cmsweb.cern.ch/crabserver/ui/task/191101_121302%3Asthakur_crab_ExLepEEZ_M4000_MC_20191101
INFO 2019-11-03 18:00:44.306 UTC: 	 Dashboard monitoring URL:	https://monit-grafana.cern.ch/d/cmsTMDetail/cms-task-monitoring-task-view?orgId=11&var-user=sthakur&var-task=191101_121302%3Asthakur_crab_ExLepEEZ_M4000_MC_20191101
INFO 2019-11-03 18:00:44.306 UTC: 	 In case of issues with the dashboard, please provide feedback to hn-cms-computing-tools@cern.ch
DEBUG 2019-11-03 18:00:44.306 UTC: 	 The CRAB server submitted your task to the Grid scheduler (cluster ID: 45456951)
DEBUG 2019-11-03 18:00:44.306 UTC: 	 Webdir is located at http://vocms0120.cern.ch/mon/cms251/191101_121302:sthakur_crab_ExLepEEZ_M4000_MC_20191101
DEBUG 2019-11-03 18:00:44.376 UTC: 	 Proxied webdir is located at https://cmsweb.cern.ch/scheddmon/0120/cms251/191101_121302:sthakur_crab_ExLepEEZ_M4000_MC_20191101
DEBUG 2019-11-03 18:00:44.377 UTC: 	 Retrieving 'status_cache' file from https://cmsweb.cern.ch/scheddmon/0120/cms251/191101_121302:sthakur_crab_ExLepEEZ_M4000_MC_20191101/status_cache
DEBUG 2019-11-03 18:00:44.458 UTC: 	 Got information from status cache file: {'1': {'Retries': 0, 'WallDurations': [9.0, 1535.0], 'StartTimes': [1572610686.0], 'SubmitTimes': [1572610454.0], 'JobIds': ['45456953.0'], 'EndTimes': [1572612221.0], 'Restarts': 0, 'RecordedSite': True, 'State': 'finished', 'ResidentSetSize': [860056], 'TotalUserCpuTimeHistory': [1166], 'SiteHistory': ['Unknown', 'T1_RU_JINR'], 'TotalSysCpuTimeHistory': [26]}, '2': {'Retries': 0, 'WallDurations': [9.0, 770.0], 'StartTimes': [1572610650.0], 'SubmitTimes': [1572610454.0], 'JobIds': ['45456954.0'], 'EndTimes': [1572611420.0], 'Restarts': 0, 'RecordedSite': True, 'State': 'finished', 'ResidentSetSize': [813844], 'TotalUserCpuTimeHistory': [474], 'SiteHistory': ['Unknown', 'T1_RU_JINR'], 'TotalSysCpuTimeHistory': [17]}}
INFO 2019-11-03 18:00:44.458 UTC: 	 Status on the scheduler:	COMPLETED
INFO 2019-11-03 18:00:44.459 UTC: 	 
Jobs status:                    finished     		100.0% (2/2)
INFO 2019-11-03 18:00:44.607 UTC: 	 
No publication information available yet
INFO 2019-11-03 18:00:44.607 UTC: 	 
Warning: the max jobs runtime is less than 30% of the task requested value (1250 min), please consider to request a lower value for failed jobs (allowed through crab resubmit) and/or improve the jobs splitting (e.g. config.Data.splitting = 'Automatic') in a new task.
INFO 2019-11-03 18:00:44.607 UTC: 	 
Summary of run jobs:
 * Memory: 794MB min, 839MB max, 817MB ave
 * Runtime: 0:12:50 min, 0:25:35 max, 0:19:12 ave
 * CPU eff: 64% min, 78% max, 73% ave
 * Waste: 0:00:18 (1% of total)

DEBUG 2019-11-03 18:00:44.612 UTC: 	 Requesting resubmission of failed jobs in task 191101_121302:sthakur_crab_ExLepEEZ_M4000_MC_20191101
ERROR 2019-11-03 18:00:44.612 UTC: 	 Found no jobs to resubmit. Only jobs in status failed can be resubmitted. Jobs in status finished can also be resubmitted, but only if the jobids are specified and the force option is set.
ERROR 2019-11-03 18:00:44.612 UTC: 	 Caught exception
Traceback (most recent call last):
  File "/cvmfs/cms.cern.ch/crab3/slc6_amd64_gcc493/cms/crabclient/3.3.1910.patch2/bin/crab", line 160, in <module>
    client()
  File "/cvmfs/cms.cern.ch/crab3/slc6_amd64_gcc493/cms/crabclient/3.3.1910.patch2/bin/crab", line 147, in __call__
    self.cmd()
  File "/cvmfs/cms.cern.ch/crab3/slc6_amd64_gcc493/cms/crabclient/3.3.1910.patch2/lib/python2.7/site-packages/CRABClient/Commands/resubmit.py", line 63, in __call__
    self.jobids = self.processJobIds(jobList)
  File "/cvmfs/cms.cern.ch/crab3/slc6_amd64_gcc493/cms/crabclient/3.3.1910.patch2/lib/python2.7/site-packages/CRABClient/Commands/resubmit.py", line 172, in processJobIds
    raise ConfigurationException(msg)
ConfigurationException: Found no jobs to resubmit. Only jobs in status failed can be resubmitted. Jobs in status finished can also be resubmitted, but only if the jobids are specified and the force option is set.
DEBUG 2019-11-04 17:51:46.308 UTC: 	 Running on: Linux lxplus794.cern.ch 3.10.0-1062.4.1.el7.x86_64 #1 SMP Fri Oct 18 17:15:30 UTC 2019 x86_64 x86_64 x86_64 GNU/Linux
Description:	CentOS Linux release 7.7.1908 (Core) 

DEBUG 2019-11-04 17:51:46.308 UTC: 	 Executing command: 'status'
DEBUG 2019-11-04 17:51:46.308 UTC: 	 Found CRAB cache file /afs/cern.ch/user/s/sthakur/.crab3
DEBUG 2019-11-04 17:51:46.349 UTC: 	 Checking credentials
DEBUG 2019-11-04 17:51:46.349 UTC: 	 Found proxy file /tmp/x509up_u77410
DEBUG 2019-11-04 17:51:46.349 UTC: 	 Getting proxy life time left
DEBUG 2019-11-04 17:51:46.954 UTC: 	 Executing : 
 command : voms-proxy-info -file /tmp/x509up_u77410 -timeleft
 output : 43083

 error: 
 retcode : 0
DEBUG 2019-11-04 17:51:47.560 UTC: 	 Executing : 
 command : voms-proxy-info -file /tmp/x509up_u77410 -actimeleft
 output : 43082

 error: 
 retcode : 0
DEBUG 2019-11-04 17:51:47.560 UTC: 	 Proxy lifetime 43083 secs is different from voms extension lifetime 43082 secs for proxy: /tmp/x509up_u77410
DEBUG 2019-11-04 17:51:47.560 UTC: 	 Proxy valid for 11:58:02 hours
DEBUG 2019-11-04 17:51:47.821 UTC: 	 Executing : 
 command : openssl x509 -in ~/.globus/usercert.pem -subject -noout
 output : subject= /DC=ch/DC=cern/OU=Organic Units/OU=Users/CN=sthakur/CN=764789/CN=Shalini Thakur

 error: 
 retcode : 0
DEBUG 2019-11-04 17:51:47.821 UTC: 	 Checking credentials
DEBUG 2019-11-04 17:51:47.821 UTC: 	 Found proxy file /tmp/x509up_u77410
DEBUG 2019-11-04 17:51:47.821 UTC: 	 Getting proxy life time left
DEBUG 2019-11-04 17:51:48.526 UTC: 	 Executing : 
 command : voms-proxy-info -file /tmp/x509up_u77410 -timeleft
 output : 43081

 error: 
 retcode : 0
DEBUG 2019-11-04 17:51:49.134 UTC: 	 Executing : 
 command : voms-proxy-info -file /tmp/x509up_u77410 -actimeleft
 output : 43080

 error: 
 retcode : 0
DEBUG 2019-11-04 17:51:49.134 UTC: 	 Proxy lifetime 43081 secs is different from voms extension lifetime 43080 secs for proxy: /tmp/x509up_u77410
DEBUG 2019-11-04 17:51:49.134 UTC: 	 Proxy valid for 11:58:00 hours
DEBUG 2019-11-04 17:51:49.397 UTC: 	 Registering user credentials for server /DC=ch/DC=cern/OU=computers/CN=vocms(052|058|030|0118|0105|0109).cern.ch|/DC=ch/DC=cern/OU=computers/CN=crab-(preprod|prod)-tw(02|01).cern.ch
DEBUG 2019-11-04 17:51:49.508 UTC: 	 Executing : 
 command : openssl x509 -in ~/.globus/usercert.pem -subject -noout
 output : subject= /DC=ch/DC=cern/OU=Organic Units/OU=Users/CN=sthakur/CN=764789/CN=Shalini Thakur

 error: 
 retcode : 0
DEBUG 2019-11-04 17:51:49.508 UTC: 	 Getting myproxy life time left for myproxy.cern.ch
DEBUG 2019-11-04 17:51:49.508 UTC: 	 Calculating hash of /DC=ch/DC=cern/OU=Organic Units/OU=Users/CN=sthakur/CN=764789/CN=Shalini Thakur_cmsweb.cern.ch for credential name
DEBUG 2019-11-04 17:51:49.713 UTC: 	 Executing : 
 command : myproxy-info -l 9cd94953387eeee7bf4da2b7588630639ea1153b -s myproxy.cern.ch
 output : username: 9cd94953387eeee7bf4da2b7588630639ea1153b
owner: /DC=ch/DC=cern/OU=Organic Units/OU=Users/CN=sthakur/CN=764789/CN=Shalini Thakur
  renewal policy: /DC=ch/DC=cern/OU=computers/CN=vocms(052|058|030|0118|0105|0109).cern.ch|/DC=ch/DC=cern/OU=computers/CN=crab-(preprod|prod)-tw(02|01).cern.ch
  trusted retrieval policy: /DC=ch/DC=cern/OU=computers/CN=vocms(052|058|030|0118|0105|0109).cern.ch|/DC=ch/DC=cern/OU=computers/CN=crab-(preprod|prod)-tw(02|01).cern.ch
  timeleft: 480:46:11  (20.0 days)

 error: 
 retcode : 0
DEBUG 2019-11-04 17:51:49.714 UTC: 	 Myproxy is valid: 1730771
DEBUG 2019-11-04 17:51:49.714 UTC: 	 Command use: status
DEBUG 2019-11-04 17:51:49.714 UTC: 	 Options use: ['--verboseErrors', 'CrabMC_20191101/crab_ExLepEEZ_M4000_MC_20191101']
DEBUG 2019-11-04 17:51:49.848 UTC: 	 CRABClient version: 3.3.1910.patch2
DEBUG 2019-11-04 17:51:49.848 UTC: 	 Instance is prod
DEBUG 2019-11-04 17:51:49.848 UTC: 	 Server base url is cmsweb.cern.ch
DEBUG 2019-11-04 17:51:49.848 UTC: 	 Command url /crabserver/prod/workflow
DEBUG 2019-11-04 17:51:49.952 UTC: 	 Got information from server oracle database: {u'result': [u'191101_121302:sthakur_crab_ExLepEEZ_M4000_MC_20191101', u'None', u'None', u'SUBMITTED', u'SUBMIT', u'2019-11-01 12:13:02.560563', u'None', u'2019-11-01 12:14:03.047933', u'None', u'CMSSW_10_4_0', u'slc7_amd64_gcc700', u'/ExcitedLepton_EEZ-4000_TuneCP5_13TeV-pythia8/RunIIFall17MiniAODv2-PU2017_12Apr2018_94X_mc2017_realistic_v14-v1/MINIAODSIM', u'T', u'0', u'[]', u'[]', u'FileBased', u"{'splitOnRun': False, 'halt_job_on_file_boundaries': False, 'files_per_job': 10, 'runs': [], 'lumis': []}", u'0aa7da6c6ee64b1dcfcaf54c763720056da6a81de43a9905602a680162af0d40.tar.gz', u'https://cmsweb.cern.ch/crabcache', u'sthakur', u'/DC=ch/DC=cern/OU=Organic Units/OU=Users/CN=sthakur/CN=764789/CN=Shalini Thakur', u'cms', u'None', u'None', u'ExLepEEZ_M4000_MC_20191101-00000000000000000000000000000000', u'F', u'T2_IN_TIFR', u'https://cmsweb.cern.ch/dbs/prod/global/DBSReader', u'https://cmsweb.cern.ch/dbs/prod/phys03/DBSWriter', u'T', u'[]', u"['ExLepEEZ_M4000_MC_20191101_Ntuple.root']", u'[]', u'Analysis', u'pythia', u'None', u'{}', u'[]', u'F', u'crab-prod-tw01', u'[]', u'1250', u'1', u'2000', u'10', u'None', u'[]', u'http://vocms0120.cern.ch/mon/cms251/191101_121302:sthakur_crab_ExLepEEZ_M4000_MC_20191101', u'None', u'[]', u'[]', u'https://cmsweb.cern.ch/crabserver/prod', u'cmsgwms-collector-global.cern.ch:9620,cmssrv623.fnal.gov:9620', u'crab3@vocms0120.cern.ch', u'F', u'[]', u'T', u'/store/user/sthakur/ntuple_for2017MC_20191101/MC_20191101/ExLepEEZ_M4000_MC_20191101', u'F', u'None', u'F', u'None', u'ExcitedLepton_EEZ-4000_TuneCP5_13TeV-pythia8', u'None', u'01e1391463b5092d2d0f00e1398ef3a52f367d67b7f50ef7e8f8ca17a6125d40.tar.gz', u'45456951', u'filetransfers', u'F', u'2001:1458:d00:2e::100:9b', u'0.0', u'None'], u'desc': {u'columns': [u'tm_taskname', u'tm_activity', u'panda_jobset_id', u'tm_task_status', u'tm_task_command', u'tm_start_time', u'tm_start_injection', u'tm_end_injection', u'tm_task_failure', u'tm_job_sw', u'tm_job_arch', u'tm_input_dataset', u'tm_nonvalid_input_dataset', u'tm_use_parent', u'tm_site_whitelist', u'tm_site_blacklist', u'tm_split_algo', u'tm_split_args', u'tm_user_sandbox', u'tm_cache_url', u'tm_username', u'tm_user_dn', u'tm_user_vo', u'tm_user_role', u'tm_user_group', u'tm_publish_name', u'tm_publish_groupname', u'tm_asyncdest', u'tm_dbs_url', u'tm_publish_dbs_url', u'tm_publication', u'tm_outfiles', u'tm_tfile_outfiles', u'tm_edm_outfiles', u'tm_job_type', u'tm_generator', u'tm_events_per_lumi', u'tm_arguments', u'panda_resubmitted_jobs', u'tm_save_logs', u'tw_name', u'tm_user_infiles', u'tm_maxjobruntime', u'tm_numcores', u'tm_maxmemory', u'tm_priority', u'tm_output_dataset', u'tm_task_warnings', u'tm_user_webdir', u'tm_scriptexe', u'tm_scriptargs', u'tm_extrajdl', u'tm_asourl', u'tm_collector', u'tm_schedd', u'tm_dry_run', u'tm_user_files', u'tm_transfer_outputs', u'tm_output_lfn', u'tm_ignore_locality', u'tm_fail_limit', u'tm_one_event_mode', u'tm_secondary_input_dataset', u'tm_primary_dataset', u'tm_last_publication', u'tm_debug_files', u'clusterid', u'tm_asodb', u'tm_ignore_global_blacklist', u'tm_submitter_ip_addr', u'tm_totalunits', u'tm_ddm_reqid']}}
INFO 2019-11-04 17:51:49.952 UTC: 	 CRAB project directory:		/afs/cern.ch/work/s/sthakur/xRavindra/MiniTree2017Data/CMSSW_10_4_0/src/ExLep2017Crab/crab/CrabMC_20191101/crab_ExLepEEZ_M4000_MC_20191101
INFO 2019-11-04 17:51:49.953 UTC: 	 Task name:			191101_121302:sthakur_crab_ExLepEEZ_M4000_MC_20191101
INFO 2019-11-04 17:51:49.953 UTC: 	 Grid scheduler - Task Worker:	crab3@vocms0120.cern.ch - crab-prod-tw01
INFO 2019-11-04 17:51:49.953 UTC: 	 Status on the CRAB server:	SUBMITTED
INFO 2019-11-04 17:51:49.953 UTC: 	 Task URL to use for HELP:	https://cmsweb.cern.ch/crabserver/ui/task/191101_121302%3Asthakur_crab_ExLepEEZ_M4000_MC_20191101
INFO 2019-11-04 17:51:49.953 UTC: 	 Dashboard monitoring URL:	https://monit-grafana.cern.ch/d/cmsTMDetail/cms-task-monitoring-task-view?orgId=11&var-user=sthakur&var-task=191101_121302%3Asthakur_crab_ExLepEEZ_M4000_MC_20191101
INFO 2019-11-04 17:51:49.953 UTC: 	 In case of issues with the dashboard, please provide feedback to hn-cms-computing-tools@cern.ch
DEBUG 2019-11-04 17:51:49.953 UTC: 	 The CRAB server submitted your task to the Grid scheduler (cluster ID: 45456951)
DEBUG 2019-11-04 17:51:49.953 UTC: 	 Webdir is located at http://vocms0120.cern.ch/mon/cms251/191101_121302:sthakur_crab_ExLepEEZ_M4000_MC_20191101
DEBUG 2019-11-04 17:51:50.023 UTC: 	 Proxied webdir is located at https://cmsweb.cern.ch/scheddmon/0120/cms251/191101_121302:sthakur_crab_ExLepEEZ_M4000_MC_20191101
DEBUG 2019-11-04 17:51:50.024 UTC: 	 Retrieving 'status_cache' file from https://cmsweb.cern.ch/scheddmon/0120/cms251/191101_121302:sthakur_crab_ExLepEEZ_M4000_MC_20191101/status_cache
DEBUG 2019-11-04 17:51:50.556 UTC: 	 Got information from status cache file: {'1': {'Retries': 0, 'WallDurations': [9.0, 1535.0], 'StartTimes': [1572610686.0], 'SubmitTimes': [1572610454.0], 'JobIds': ['45456953.0'], 'EndTimes': [1572612221.0], 'Restarts': 0, 'RecordedSite': True, 'State': 'finished', 'ResidentSetSize': [860056], 'TotalUserCpuTimeHistory': [1166], 'SiteHistory': ['Unknown', 'T1_RU_JINR'], 'TotalSysCpuTimeHistory': [26]}, '2': {'Retries': 0, 'WallDurations': [9.0, 770.0], 'StartTimes': [1572610650.0], 'SubmitTimes': [1572610454.0], 'JobIds': ['45456954.0'], 'EndTimes': [1572611420.0], 'Restarts': 0, 'RecordedSite': True, 'State': 'finished', 'ResidentSetSize': [813844], 'TotalUserCpuTimeHistory': [474], 'SiteHistory': ['Unknown', 'T1_RU_JINR'], 'TotalSysCpuTimeHistory': [17]}}
INFO 2019-11-04 17:51:50.556 UTC: 	 Status on the scheduler:	COMPLETED
INFO 2019-11-04 17:51:50.556 UTC: 	 
Jobs status:                    finished     		100.0% (2/2)
INFO 2019-11-04 17:51:50.655 UTC: 	 
No publication information available yet
INFO 2019-11-04 17:51:50.655 UTC: 	 
Warning: the max jobs runtime is less than 30% of the task requested value (1250 min), please consider to request a lower value for failed jobs (allowed through crab resubmit) and/or improve the jobs splitting (e.g. config.Data.splitting = 'Automatic') in a new task.
INFO 2019-11-04 17:51:50.655 UTC: 	 
Summary of run jobs:
 * Memory: 794MB min, 839MB max, 817MB ave
 * Runtime: 0:12:50 min, 0:25:35 max, 0:19:12 ave
 * CPU eff: 64% min, 78% max, 73% ave
 * Waste: 0:00:18 (1% of total)

INFO 2019-11-04 17:51:50.701 UTC: 	 Log file is /afs/cern.ch/work/s/sthakur/xRavindra/MiniTree2017Data/CMSSW_10_4_0/src/ExLep2017Crab/crab/CrabMC_20191101/crab_ExLepEEZ_M4000_MC_20191101/crab.log
DEBUG 2019-11-11 18:31:05.312 UTC: 	 Running on: Linux lxplus745.cern.ch 3.10.0-1062.4.1.el7.x86_64 #1 SMP Fri Oct 18 17:15:30 UTC 2019 x86_64 x86_64 x86_64 GNU/Linux - CentOS Linux 7 (Core)
DEBUG 2019-11-11 18:31:05.334 UTC: 	 OpenSSl version: OpenSSL 1.0.2h  3 May 2016
DEBUG 2019-11-11 18:31:05.334 UTC: 	 Executing command: 'status'
DEBUG 2019-11-11 18:31:05.335 UTC: 	 Found CRAB cache file /afs/cern.ch/user/s/sthakur/.crab3
DEBUG 2019-11-11 18:31:05.355 UTC: 	 Checking credentials
DEBUG 2019-11-11 18:31:05.355 UTC: 	 Found proxy file /tmp/x509up_u77410
DEBUG 2019-11-11 18:31:05.355 UTC: 	 Getting proxy life time left
DEBUG 2019-11-11 18:31:06.476 UTC: 	 Executing : 
 command : voms-proxy-info -file /tmp/x509up_u77410 -timeleft
 output : 38994

 error: 
 retcode : 0
DEBUG 2019-11-11 18:31:07.306 UTC: 	 Executing : 
 command : voms-proxy-info -file /tmp/x509up_u77410 -actimeleft
 output : 38993

 error: 
 retcode : 0
DEBUG 2019-11-11 18:31:07.306 UTC: 	 Proxy lifetime 38994 secs is different from voms extension lifetime 38993 secs for proxy: /tmp/x509up_u77410
DEBUG 2019-11-11 18:31:07.308 UTC: 	 Proxy valid for 10:49:53 hours
DEBUG 2019-11-11 18:31:07.482 UTC: 	 Executing : 
 command : openssl x509 -in ~/.globus/usercert.pem -subject -noout
 output : subject= /DC=ch/DC=cern/OU=Organic Units/OU=Users/CN=sthakur/CN=764789/CN=Shalini Thakur

 error: 
 retcode : 0
DEBUG 2019-11-11 18:31:07.482 UTC: 	 Checking credentials
DEBUG 2019-11-11 18:31:07.482 UTC: 	 Found proxy file /tmp/x509up_u77410
DEBUG 2019-11-11 18:31:07.482 UTC: 	 Getting proxy life time left
DEBUG 2019-11-11 18:31:08.304 UTC: 	 Executing : 
 command : voms-proxy-info -file /tmp/x509up_u77410 -timeleft
 output : 38992

 error: 
 retcode : 0
DEBUG 2019-11-11 18:31:09.219 UTC: 	 Executing : 
 command : voms-proxy-info -file /tmp/x509up_u77410 -actimeleft
 output : 38991

 error: 
 retcode : 0
DEBUG 2019-11-11 18:31:09.220 UTC: 	 Proxy lifetime 38992 secs is different from voms extension lifetime 38991 secs for proxy: /tmp/x509up_u77410
DEBUG 2019-11-11 18:31:09.220 UTC: 	 Proxy valid for 10:49:51 hours
DEBUG 2019-11-11 18:31:09.322 UTC: 	 Registering user credentials for server /DC=ch/DC=cern/OU=computers/CN=vocms(052|058|030|0118|0105|0109).cern.ch|/DC=ch/DC=cern/OU=computers/CN=crab-(preprod|prod)-tw(02|01).cern.ch
DEBUG 2019-11-11 18:31:09.437 UTC: 	 Executing : 
 command : openssl x509 -in ~/.globus/usercert.pem -subject -noout
 output : subject= /DC=ch/DC=cern/OU=Organic Units/OU=Users/CN=sthakur/CN=764789/CN=Shalini Thakur

 error: 
 retcode : 0
DEBUG 2019-11-11 18:31:09.437 UTC: 	 Getting myproxy life time left for myproxy.cern.ch
DEBUG 2019-11-11 18:31:09.437 UTC: 	 Calculating hash of /DC=ch/DC=cern/OU=Organic Units/OU=Users/CN=sthakur/CN=764789/CN=Shalini Thakur_cmsweb.cern.ch for credential name
DEBUG 2019-11-11 18:31:09.643 UTC: 	 Executing : 
 command : myproxy-info -l 9cd94953387eeee7bf4da2b7588630639ea1153b -s myproxy.cern.ch
 output : username: 9cd94953387eeee7bf4da2b7588630639ea1153b
owner: /DC=ch/DC=cern/OU=Organic Units/OU=Users/CN=sthakur/CN=764789/CN=Shalini Thakur
  renewal policy: /DC=ch/DC=cern/OU=computers/CN=vocms(052|058|030|0118|0105|0109).cern.ch|/DC=ch/DC=cern/OU=computers/CN=crab-(preprod|prod)-tw(02|01).cern.ch
  trusted retrieval policy: /DC=ch/DC=cern/OU=computers/CN=vocms(052|058|030|0118|0105|0109).cern.ch|/DC=ch/DC=cern/OU=computers/CN=crab-(preprod|prod)-tw(02|01).cern.ch
  timeleft: 711:02:10  (29.6 days)

 error: 
 retcode : 0
DEBUG 2019-11-11 18:31:09.644 UTC: 	 Myproxy is valid: 2559730
DEBUG 2019-11-11 18:31:09.645 UTC: 	 Command use: status
DEBUG 2019-11-11 18:31:09.645 UTC: 	 Options use: ['--verboseErrors', 'CrabMC_20191101/crab_ExLepEEZ_M4000_MC_20191101']
DEBUG 2019-11-11 18:31:09.785 UTC: 	 CRABClient version: 3.3.1911
DEBUG 2019-11-11 18:31:09.785 UTC: 	 Instance is prod
DEBUG 2019-11-11 18:31:09.785 UTC: 	 Server base url is cmsweb.cern.ch
DEBUG 2019-11-11 18:31:09.785 UTC: 	 Command url /crabserver/prod/workflow
DEBUG 2019-11-11 18:31:09.862 UTC: 	 Got information from server oracle database: {u'result': [u'191101_121302:sthakur_crab_ExLepEEZ_M4000_MC_20191101', u'None', u'None', u'SUBMITTED', u'SUBMIT', u'2019-11-01 12:13:02.560563', u'None', u'2019-11-01 12:14:03.047933', u'None', u'CMSSW_10_4_0', u'slc7_amd64_gcc700', u'/ExcitedLepton_EEZ-4000_TuneCP5_13TeV-pythia8/RunIIFall17MiniAODv2-PU2017_12Apr2018_94X_mc2017_realistic_v14-v1/MINIAODSIM', u'T', u'0', u'[]', u'[]', u'FileBased', u"{'splitOnRun': False, 'halt_job_on_file_boundaries': False, 'files_per_job': 10, 'runs': [], 'lumis': []}", u'0aa7da6c6ee64b1dcfcaf54c763720056da6a81de43a9905602a680162af0d40.tar.gz', u'https://cmsweb.cern.ch/crabcache', u'sthakur', u'/DC=ch/DC=cern/OU=Organic Units/OU=Users/CN=sthakur/CN=764789/CN=Shalini Thakur', u'cms', u'None', u'None', u'ExLepEEZ_M4000_MC_20191101-00000000000000000000000000000000', u'F', u'T2_IN_TIFR', u'https://cmsweb.cern.ch/dbs/prod/global/DBSReader', u'https://cmsweb.cern.ch/dbs/prod/phys03/DBSWriter', u'T', u'[]', u"['ExLepEEZ_M4000_MC_20191101_Ntuple.root']", u'[]', u'Analysis', u'pythia', u'None', u'{}', u'[]', u'F', u'crab-prod-tw01', u'[]', u'1250', u'1', u'2000', u'10', u'None', u'[]', u'http://vocms0120.cern.ch/mon/cms251/191101_121302:sthakur_crab_ExLepEEZ_M4000_MC_20191101', u'None', u'[]', u'[]', u'https://cmsweb.cern.ch/crabserver/prod', u'cmsgwms-collector-global.cern.ch:9620,cmssrv623.fnal.gov:9620', u'crab3@vocms0120.cern.ch', u'F', u'[]', u'T', u'/store/user/sthakur/ntuple_for2017MC_20191101/MC_20191101/ExLepEEZ_M4000_MC_20191101', u'F', u'None', u'F', u'None', u'ExcitedLepton_EEZ-4000_TuneCP5_13TeV-pythia8', u'None', u'01e1391463b5092d2d0f00e1398ef3a52f367d67b7f50ef7e8f8ca17a6125d40.tar.gz', u'45456951', u'filetransfers', u'F', u'2001:1458:d00:2e::100:9b', u'0.0', u'None'], u'desc': {u'columns': [u'tm_taskname', u'tm_activity', u'panda_jobset_id', u'tm_task_status', u'tm_task_command', u'tm_start_time', u'tm_start_injection', u'tm_end_injection', u'tm_task_failure', u'tm_job_sw', u'tm_job_arch', u'tm_input_dataset', u'tm_nonvalid_input_dataset', u'tm_use_parent', u'tm_site_whitelist', u'tm_site_blacklist', u'tm_split_algo', u'tm_split_args', u'tm_user_sandbox', u'tm_cache_url', u'tm_username', u'tm_user_dn', u'tm_user_vo', u'tm_user_role', u'tm_user_group', u'tm_publish_name', u'tm_publish_groupname', u'tm_asyncdest', u'tm_dbs_url', u'tm_publish_dbs_url', u'tm_publication', u'tm_outfiles', u'tm_tfile_outfiles', u'tm_edm_outfiles', u'tm_job_type', u'tm_generator', u'tm_events_per_lumi', u'tm_arguments', u'panda_resubmitted_jobs', u'tm_save_logs', u'tw_name', u'tm_user_infiles', u'tm_maxjobruntime', u'tm_numcores', u'tm_maxmemory', u'tm_priority', u'tm_output_dataset', u'tm_task_warnings', u'tm_user_webdir', u'tm_scriptexe', u'tm_scriptargs', u'tm_extrajdl', u'tm_asourl', u'tm_collector', u'tm_schedd', u'tm_dry_run', u'tm_user_files', u'tm_transfer_outputs', u'tm_output_lfn', u'tm_ignore_locality', u'tm_fail_limit', u'tm_one_event_mode', u'tm_secondary_input_dataset', u'tm_primary_dataset', u'tm_last_publication', u'tm_debug_files', u'clusterid', u'tm_asodb', u'tm_ignore_global_blacklist', u'tm_submitter_ip_addr', u'tm_totalunits', u'tm_ddm_reqid']}}
INFO 2019-11-11 18:31:09.863 UTC: 	 CRAB project directory:		/afs/cern.ch/work/s/sthakur/xRavindra/MiniTree2017Data/CMSSW_10_4_0/src/ExLep2017Crab/crab/CrabMC_20191101/crab_ExLepEEZ_M4000_MC_20191101
INFO 2019-11-11 18:31:09.863 UTC: 	 Task name:			191101_121302:sthakur_crab_ExLepEEZ_M4000_MC_20191101
INFO 2019-11-11 18:31:09.863 UTC: 	 Grid scheduler - Task Worker:	crab3@vocms0120.cern.ch - crab-prod-tw01
INFO 2019-11-11 18:31:09.863 UTC: 	 Status on the CRAB server:	SUBMITTED
INFO 2019-11-11 18:31:09.863 UTC: 	 Task URL to use for HELP:	https://cmsweb.cern.ch/crabserver/ui/task/191101_121302%3Asthakur_crab_ExLepEEZ_M4000_MC_20191101
INFO 2019-11-11 18:31:09.863 UTC: 	 Dashboard monitoring URL:	https://monit-grafana.cern.ch/d/cmsTMDetail/cms-task-monitoring-task-view?orgId=11&var-user=sthakur&var-task=191101_121302%3Asthakur_crab_ExLepEEZ_M4000_MC_20191101
INFO 2019-11-11 18:31:09.863 UTC: 	 In case of issues with the dashboard, please provide feedback to hn-cms-computing-tools@cern.ch
DEBUG 2019-11-11 18:31:09.863 UTC: 	 The CRAB server submitted your task to the Grid scheduler (cluster ID: 45456951)
DEBUG 2019-11-11 18:31:09.864 UTC: 	 Webdir is located at http://vocms0120.cern.ch/mon/cms251/191101_121302:sthakur_crab_ExLepEEZ_M4000_MC_20191101
DEBUG 2019-11-11 18:31:09.958 UTC: 	 Proxied webdir is located at https://cmsweb.cern.ch/scheddmon/0120/cms251/191101_121302:sthakur_crab_ExLepEEZ_M4000_MC_20191101
DEBUG 2019-11-11 18:31:09.958 UTC: 	 Retrieving 'status_cache' file from https://cmsweb.cern.ch/scheddmon/0120/cms251/191101_121302:sthakur_crab_ExLepEEZ_M4000_MC_20191101/status_cache
DEBUG 2019-11-11 18:31:10.191 UTC: 	 Got information from status cache file: {'1': {'Retries': 0, 'WallDurations': [9.0, 1535.0], 'StartTimes': [1572610686.0], 'SubmitTimes': [1572610454.0], 'JobIds': ['45456953.0'], 'EndTimes': [1572612221.0], 'Restarts': 0, 'RecordedSite': True, 'State': 'finished', 'ResidentSetSize': [860056], 'TotalUserCpuTimeHistory': [1166], 'SiteHistory': ['Unknown', 'T1_RU_JINR'], 'TotalSysCpuTimeHistory': [26]}, '2': {'Retries': 0, 'WallDurations': [9.0, 770.0], 'StartTimes': [1572610650.0], 'SubmitTimes': [1572610454.0], 'JobIds': ['45456954.0'], 'EndTimes': [1572611420.0], 'Restarts': 0, 'RecordedSite': True, 'State': 'finished', 'ResidentSetSize': [813844], 'TotalUserCpuTimeHistory': [474], 'SiteHistory': ['Unknown', 'T1_RU_JINR'], 'TotalSysCpuTimeHistory': [17]}}
INFO 2019-11-11 18:31:10.191 UTC: 	 Status on the scheduler:	COMPLETED
INFO 2019-11-11 18:31:10.191 UTC: 	 
Jobs status:                    finished     		100.0% (2/2)
INFO 2019-11-11 18:31:10.281 UTC: 	 
No publication information available yet
INFO 2019-11-11 18:31:10.281 UTC: 	 
Warning: the max jobs runtime is less than 30% of the task requested value (1250 min), please consider to request a lower value for failed jobs (allowed through crab resubmit) and/or improve the jobs splitting (e.g. config.Data.splitting = 'Automatic') in a new task.
INFO 2019-11-11 18:31:10.281 UTC: 	 
Summary of run jobs:
 * Memory: 794MB min, 839MB max, 817MB ave
 * Runtime: 0:12:50 min, 0:25:35 max, 0:19:12 ave
 * CPU eff: 64% min, 78% max, 73% ave
 * Waste: 0:00:18 (1% of total)

INFO 2019-11-11 18:31:10.300 UTC: 	 Log file is /afs/cern.ch/work/s/sthakur/xRavindra/MiniTree2017Data/CMSSW_10_4_0/src/ExLep2017Crab/crab/CrabMC_20191101/crab_ExLepEEZ_M4000_MC_20191101/crab.log
DEBUG 2019-11-11 18:47:37.769 UTC: 	 Running on: Linux lxplus714.cern.ch 3.10.0-1062.4.1.el7.x86_64 #1 SMP Fri Oct 18 17:15:30 UTC 2019 x86_64 x86_64 x86_64 GNU/Linux - CentOS Linux 7 (Core)
DEBUG 2019-11-11 18:47:37.788 UTC: 	 OpenSSl version: OpenSSL 1.0.2k-fips  26 Jan 2017 (Library: OpenSSL 1.0.2d-fips 9 Jul 2015)
DEBUG 2019-11-11 18:47:37.788 UTC: 	 Executing command: 'status'
DEBUG 2019-11-11 18:47:37.788 UTC: 	 Found CRAB cache file /afs/cern.ch/user/s/sthakur/.crab3
DEBUG 2019-11-11 18:47:37.801 UTC: 	 Checking credentials
DEBUG 2019-11-11 18:47:37.802 UTC: 	 Found proxy file /tmp/x509up_u77410
DEBUG 2019-11-11 18:47:37.802 UTC: 	 Getting proxy life time left
DEBUG 2019-11-11 18:47:38.514 UTC: 	 Executing : 
 command : voms-proxy-info -file /tmp/x509up_u77410 -timeleft
 output : 43133

 error: 
 retcode : 0
DEBUG 2019-11-11 18:47:39.221 UTC: 	 Executing : 
 command : voms-proxy-info -file /tmp/x509up_u77410 -actimeleft
 output : 43132

 error: 
 retcode : 0
DEBUG 2019-11-11 18:47:39.222 UTC: 	 Proxy lifetime 43133 secs is different from voms extension lifetime 43132 secs for proxy: /tmp/x509up_u77410
DEBUG 2019-11-11 18:47:39.222 UTC: 	 Proxy valid for 11:58:52 hours
DEBUG 2019-11-11 18:47:39.473 UTC: 	 Executing : 
 command : openssl x509 -in ~/.globus/usercert.pem -subject -noout
 output : subject= /DC=ch/DC=cern/OU=Organic Units/OU=Users/CN=sthakur/CN=764789/CN=Shalini Thakur

 error: 
 retcode : 0
DEBUG 2019-11-11 18:47:39.473 UTC: 	 Checking credentials
DEBUG 2019-11-11 18:47:39.473 UTC: 	 Found proxy file /tmp/x509up_u77410
DEBUG 2019-11-11 18:47:39.473 UTC: 	 Getting proxy life time left
DEBUG 2019-11-11 18:47:40.180 UTC: 	 Executing : 
 command : voms-proxy-info -file /tmp/x509up_u77410 -timeleft
 output : 43131

 error: 
 retcode : 0
DEBUG 2019-11-11 18:47:40.886 UTC: 	 Executing : 
 command : voms-proxy-info -file /tmp/x509up_u77410 -actimeleft
 output : 43131

 error: 
 retcode : 0
DEBUG 2019-11-11 18:47:40.887 UTC: 	 Proxy valid for 11:58:51 hours
DEBUG 2019-11-11 18:47:40.963 UTC: 	 Registering user credentials for server /DC=ch/DC=cern/OU=computers/CN=vocms(052|058|030|0118|0105|0109).cern.ch|/DC=ch/DC=cern/OU=computers/CN=crab-(preprod|prod)-tw(02|01).cern.ch
DEBUG 2019-11-11 18:47:41.075 UTC: 	 Executing : 
 command : openssl x509 -in ~/.globus/usercert.pem -subject -noout
 output : subject= /DC=ch/DC=cern/OU=Organic Units/OU=Users/CN=sthakur/CN=764789/CN=Shalini Thakur

 error: 
 retcode : 0
DEBUG 2019-11-11 18:47:41.075 UTC: 	 Getting myproxy life time left for myproxy.cern.ch
DEBUG 2019-11-11 18:47:41.076 UTC: 	 Calculating hash of /DC=ch/DC=cern/OU=Organic Units/OU=Users/CN=sthakur/CN=764789/CN=Shalini Thakur_cmsweb.cern.ch for credential name
DEBUG 2019-11-11 18:47:41.282 UTC: 	 Executing : 
 command : myproxy-info -l 9cd94953387eeee7bf4da2b7588630639ea1153b -s myproxy.cern.ch
 output : username: 9cd94953387eeee7bf4da2b7588630639ea1153b
owner: /DC=ch/DC=cern/OU=Organic Units/OU=Users/CN=sthakur/CN=764789/CN=Shalini Thakur
  renewal policy: /DC=ch/DC=cern/OU=computers/CN=vocms(052|058|030|0118|0105|0109).cern.ch|/DC=ch/DC=cern/OU=computers/CN=crab-(preprod|prod)-tw(02|01).cern.ch
  trusted retrieval policy: /DC=ch/DC=cern/OU=computers/CN=vocms(052|058|030|0118|0105|0109).cern.ch|/DC=ch/DC=cern/OU=computers/CN=crab-(preprod|prod)-tw(02|01).cern.ch
  timeleft: 710:45:38  (29.6 days)

 error: 
 retcode : 0
DEBUG 2019-11-11 18:47:41.283 UTC: 	 Myproxy is valid: 2558738
DEBUG 2019-11-11 18:47:41.284 UTC: 	 Command use: status
DEBUG 2019-11-11 18:47:41.284 UTC: 	 Options use: ['--verboseErrors', 'CrabMC_20191101/crab_ExLepEEZ_M4000_MC_20191101']
DEBUG 2019-11-11 18:47:41.385 UTC: 	 CRABClient version: 3.3.1911
DEBUG 2019-11-11 18:47:41.385 UTC: 	 Instance is prod
DEBUG 2019-11-11 18:47:41.385 UTC: 	 Server base url is cmsweb.cern.ch
DEBUG 2019-11-11 18:47:41.386 UTC: 	 Command url /crabserver/prod/workflow
DEBUG 2019-11-11 18:47:41.482 UTC: 	 Got information from server oracle database: {u'result': [u'191101_121302:sthakur_crab_ExLepEEZ_M4000_MC_20191101', u'None', u'None', u'SUBMITTED', u'SUBMIT', u'2019-11-01 12:13:02.560563', u'None', u'2019-11-01 12:14:03.047933', u'None', u'CMSSW_10_4_0', u'slc7_amd64_gcc700', u'/ExcitedLepton_EEZ-4000_TuneCP5_13TeV-pythia8/RunIIFall17MiniAODv2-PU2017_12Apr2018_94X_mc2017_realistic_v14-v1/MINIAODSIM', u'T', u'0', u'[]', u'[]', u'FileBased', u"{'splitOnRun': False, 'halt_job_on_file_boundaries': False, 'files_per_job': 10, 'runs': [], 'lumis': []}", u'0aa7da6c6ee64b1dcfcaf54c763720056da6a81de43a9905602a680162af0d40.tar.gz', u'https://cmsweb.cern.ch/crabcache', u'sthakur', u'/DC=ch/DC=cern/OU=Organic Units/OU=Users/CN=sthakur/CN=764789/CN=Shalini Thakur', u'cms', u'None', u'None', u'ExLepEEZ_M4000_MC_20191101-00000000000000000000000000000000', u'F', u'T2_IN_TIFR', u'https://cmsweb.cern.ch/dbs/prod/global/DBSReader', u'https://cmsweb.cern.ch/dbs/prod/phys03/DBSWriter', u'T', u'[]', u"['ExLepEEZ_M4000_MC_20191101_Ntuple.root']", u'[]', u'Analysis', u'pythia', u'None', u'{}', u'[]', u'F', u'crab-prod-tw01', u'[]', u'1250', u'1', u'2000', u'10', u'None', u'[]', u'http://vocms0120.cern.ch/mon/cms251/191101_121302:sthakur_crab_ExLepEEZ_M4000_MC_20191101', u'None', u'[]', u'[]', u'https://cmsweb.cern.ch/crabserver/prod', u'cmsgwms-collector-global.cern.ch:9620,cmssrv623.fnal.gov:9620', u'crab3@vocms0120.cern.ch', u'F', u'[]', u'T', u'/store/user/sthakur/ntuple_for2017MC_20191101/MC_20191101/ExLepEEZ_M4000_MC_20191101', u'F', u'None', u'F', u'None', u'ExcitedLepton_EEZ-4000_TuneCP5_13TeV-pythia8', u'None', u'01e1391463b5092d2d0f00e1398ef3a52f367d67b7f50ef7e8f8ca17a6125d40.tar.gz', u'45456951', u'filetransfers', u'F', u'2001:1458:d00:2e::100:9b', u'0.0', u'None'], u'desc': {u'columns': [u'tm_taskname', u'tm_activity', u'panda_jobset_id', u'tm_task_status', u'tm_task_command', u'tm_start_time', u'tm_start_injection', u'tm_end_injection', u'tm_task_failure', u'tm_job_sw', u'tm_job_arch', u'tm_input_dataset', u'tm_nonvalid_input_dataset', u'tm_use_parent', u'tm_site_whitelist', u'tm_site_blacklist', u'tm_split_algo', u'tm_split_args', u'tm_user_sandbox', u'tm_cache_url', u'tm_username', u'tm_user_dn', u'tm_user_vo', u'tm_user_role', u'tm_user_group', u'tm_publish_name', u'tm_publish_groupname', u'tm_asyncdest', u'tm_dbs_url', u'tm_publish_dbs_url', u'tm_publication', u'tm_outfiles', u'tm_tfile_outfiles', u'tm_edm_outfiles', u'tm_job_type', u'tm_generator', u'tm_events_per_lumi', u'tm_arguments', u'panda_resubmitted_jobs', u'tm_save_logs', u'tw_name', u'tm_user_infiles', u'tm_maxjobruntime', u'tm_numcores', u'tm_maxmemory', u'tm_priority', u'tm_output_dataset', u'tm_task_warnings', u'tm_user_webdir', u'tm_scriptexe', u'tm_scriptargs', u'tm_extrajdl', u'tm_asourl', u'tm_collector', u'tm_schedd', u'tm_dry_run', u'tm_user_files', u'tm_transfer_outputs', u'tm_output_lfn', u'tm_ignore_locality', u'tm_fail_limit', u'tm_one_event_mode', u'tm_secondary_input_dataset', u'tm_primary_dataset', u'tm_last_publication', u'tm_debug_files', u'clusterid', u'tm_asodb', u'tm_ignore_global_blacklist', u'tm_submitter_ip_addr', u'tm_totalunits', u'tm_ddm_reqid']}}
INFO 2019-11-11 18:47:41.483 UTC: 	 CRAB project directory:		/afs/cern.ch/work/s/sthakur/xRavindra/MiniTree2017Data/CMSSW_10_4_0/src/ExLep2017Crab/crab/CrabMC_20191101/crab_ExLepEEZ_M4000_MC_20191101
INFO 2019-11-11 18:47:41.483 UTC: 	 Task name:			191101_121302:sthakur_crab_ExLepEEZ_M4000_MC_20191101
INFO 2019-11-11 18:47:41.483 UTC: 	 Grid scheduler - Task Worker:	crab3@vocms0120.cern.ch - crab-prod-tw01
INFO 2019-11-11 18:47:41.483 UTC: 	 Status on the CRAB server:	SUBMITTED
INFO 2019-11-11 18:47:41.483 UTC: 	 Task URL to use for HELP:	https://cmsweb.cern.ch/crabserver/ui/task/191101_121302%3Asthakur_crab_ExLepEEZ_M4000_MC_20191101
INFO 2019-11-11 18:47:41.484 UTC: 	 Dashboard monitoring URL:	https://monit-grafana.cern.ch/d/cmsTMDetail/cms-task-monitoring-task-view?orgId=11&var-user=sthakur&var-task=191101_121302%3Asthakur_crab_ExLepEEZ_M4000_MC_20191101
INFO 2019-11-11 18:47:41.484 UTC: 	 In case of issues with the dashboard, please provide feedback to hn-cms-computing-tools@cern.ch
DEBUG 2019-11-11 18:47:41.484 UTC: 	 The CRAB server submitted your task to the Grid scheduler (cluster ID: 45456951)
DEBUG 2019-11-11 18:47:41.484 UTC: 	 Webdir is located at http://vocms0120.cern.ch/mon/cms251/191101_121302:sthakur_crab_ExLepEEZ_M4000_MC_20191101
DEBUG 2019-11-11 18:47:41.555 UTC: 	 Proxied webdir is located at https://cmsweb.cern.ch/scheddmon/0120/cms251/191101_121302:sthakur_crab_ExLepEEZ_M4000_MC_20191101
DEBUG 2019-11-11 18:47:41.556 UTC: 	 Retrieving 'status_cache' file from https://cmsweb.cern.ch/scheddmon/0120/cms251/191101_121302:sthakur_crab_ExLepEEZ_M4000_MC_20191101/status_cache
DEBUG 2019-11-11 18:47:41.612 UTC: 	 Got information from status cache file: {'1': {'Retries': 0, 'WallDurations': [9.0, 1535.0], 'StartTimes': [1572610686.0], 'SubmitTimes': [1572610454.0], 'JobIds': ['45456953.0'], 'EndTimes': [1572612221.0], 'Restarts': 0, 'RecordedSite': True, 'State': 'finished', 'ResidentSetSize': [860056], 'TotalUserCpuTimeHistory': [1166], 'SiteHistory': ['Unknown', 'T1_RU_JINR'], 'TotalSysCpuTimeHistory': [26]}, '2': {'Retries': 0, 'WallDurations': [9.0, 770.0], 'StartTimes': [1572610650.0], 'SubmitTimes': [1572610454.0], 'JobIds': ['45456954.0'], 'EndTimes': [1572611420.0], 'Restarts': 0, 'RecordedSite': True, 'State': 'finished', 'ResidentSetSize': [813844], 'TotalUserCpuTimeHistory': [474], 'SiteHistory': ['Unknown', 'T1_RU_JINR'], 'TotalSysCpuTimeHistory': [17]}}
INFO 2019-11-11 18:47:41.612 UTC: 	 Status on the scheduler:	COMPLETED
INFO 2019-11-11 18:47:41.612 UTC: 	 
Jobs status:                    finished     		100.0% (2/2)
INFO 2019-11-11 18:47:41.698 UTC: 	 
No publication information available yet
INFO 2019-11-11 18:47:41.698 UTC: 	 
Warning: the max jobs runtime is less than 30% of the task requested value (1250 min), please consider to request a lower value for failed jobs (allowed through crab resubmit) and/or improve the jobs splitting (e.g. config.Data.splitting = 'Automatic') in a new task.
INFO 2019-11-11 18:47:41.698 UTC: 	 
Summary of run jobs:
 * Memory: 794MB min, 839MB max, 817MB ave
 * Runtime: 0:12:50 min, 0:25:35 max, 0:19:12 ave
 * CPU eff: 64% min, 78% max, 73% ave
 * Waste: 0:00:18 (1% of total)

INFO 2019-11-11 18:47:41.711 UTC: 	 Log file is /afs/cern.ch/work/s/sthakur/xRavindra/MiniTree2017Data/CMSSW_10_4_0/src/ExLep2017Crab/crab/CrabMC_20191101/crab_ExLepEEZ_M4000_MC_20191101/crab.log
