DEBUG 2019-11-01 12:16:10.935 UTC: 	 Running on: Linux lxplus707.cern.ch 3.10.0-1062.1.2.el7.x86_64 #1 SMP Mon Sep 30 14:19:46 UTC 2019 x86_64 x86_64 x86_64 GNU/Linux
Description:	CentOS Linux release 7.7.1908 (Core) 

DEBUG 2019-11-01 12:16:10.935 UTC: 	 Executing command: 'submit'
DEBUG 2019-11-01 12:16:10.943 UTC: 	 Found CRAB cache file /afs/cern.ch/user/s/sthakur/.crab3
DEBUG 2019-11-01 12:16:10.951 UTC: 	 Checking credentials
DEBUG 2019-11-01 12:16:10.951 UTC: 	 Found proxy file /tmp/x509up_u77410
DEBUG 2019-11-01 12:16:10.951 UTC: 	 Getting proxy life time left
DEBUG 2019-11-01 12:16:11.657 UTC: 	 Executing : 
 command : voms-proxy-info -file /tmp/x509up_u77410 -timeleft
 output : 42827

 error: 
 retcode : 0
DEBUG 2019-11-01 12:16:12.365 UTC: 	 Executing : 
 command : voms-proxy-info -file /tmp/x509up_u77410 -actimeleft
 output : 42826

 error: 
 retcode : 0
DEBUG 2019-11-01 12:16:12.365 UTC: 	 Proxy lifetime 42827 secs is different from voms extension lifetime 42826 secs for proxy: /tmp/x509up_u77410
DEBUG 2019-11-01 12:16:12.365 UTC: 	 Proxy valid for 11:53:46 hours
DEBUG 2019-11-01 12:16:12.366 UTC: 	 Will use CRAB Analysis plugin (i.e. will run an analysis job type).
DEBUG 2019-11-01 12:16:12.539 UTC: 	 Executing : 
 command : openssl x509 -in ~/.globus/usercert.pem -subject -noout
 output : subject= /DC=ch/DC=cern/OU=Organic Units/OU=Users/CN=sthakur/CN=764789/CN=Shalini Thakur

 error: 
 retcode : 0
DEBUG 2019-11-01 12:16:12.539 UTC: 	 Checking credentials
DEBUG 2019-11-01 12:16:12.540 UTC: 	 Found proxy file /tmp/x509up_u77410
DEBUG 2019-11-01 12:16:12.540 UTC: 	 Getting proxy life time left
DEBUG 2019-11-01 12:16:13.245 UTC: 	 Executing : 
 command : voms-proxy-info -file /tmp/x509up_u77410 -timeleft
 output : 42825

 error: 
 retcode : 0
DEBUG 2019-11-01 12:16:13.952 UTC: 	 Executing : 
 command : voms-proxy-info -file /tmp/x509up_u77410 -actimeleft
 output : 42825

 error: 
 retcode : 0
DEBUG 2019-11-01 12:16:13.954 UTC: 	 Proxy valid for 11:53:45 hours
DEBUG 2019-11-01 12:16:14.662 UTC: 	 Executing : 
 command : env X509_USER_PROXY=/tmp/x509up_u77410 voms-proxy-info -fqan
 output : /cms/Role=NULL/Capability=NULL

 error: 
 retcode : 0
DEBUG 2019-11-01 12:16:14.750 UTC: 	 Registering user credentials for server /DC=ch/DC=cern/OU=computers/CN=vocms(052|058|030|0118|0105|0109).cern.ch|/DC=ch/DC=cern/OU=computers/CN=crab-(preprod|prod)-tw(02|01).cern.ch
DEBUG 2019-11-01 12:16:14.861 UTC: 	 Executing : 
 command : openssl x509 -in ~/.globus/usercert.pem -subject -noout
 output : subject= /DC=ch/DC=cern/OU=Organic Units/OU=Users/CN=sthakur/CN=764789/CN=Shalini Thakur

 error: 
 retcode : 0
DEBUG 2019-11-01 12:16:14.861 UTC: 	 Getting myproxy life time left for myproxy.cern.ch
DEBUG 2019-11-01 12:16:14.861 UTC: 	 Calculating hash of /DC=ch/DC=cern/OU=Organic Units/OU=Users/CN=sthakur/CN=764789/CN=Shalini Thakur_cmsweb.cern.ch for credential name
DEBUG 2019-11-01 12:16:15.166 UTC: 	 Executing : 
 command : myproxy-info -l 9cd94953387eeee7bf4da2b7588630639ea1153b -s myproxy.cern.ch
 output : username: 9cd94953387eeee7bf4da2b7588630639ea1153b
owner: /DC=ch/DC=cern/OU=Organic Units/OU=Users/CN=sthakur/CN=764789/CN=Shalini Thakur
  renewal policy: /DC=ch/DC=cern/OU=computers/CN=vocms(052|058|030|0118|0105|0109).cern.ch|/DC=ch/DC=cern/OU=computers/CN=crab-(preprod|prod)-tw(02|01).cern.ch
  trusted retrieval policy: /DC=ch/DC=cern/OU=computers/CN=vocms(052|058|030|0118|0105|0109).cern.ch|/DC=ch/DC=cern/OU=computers/CN=crab-(preprod|prod)-tw(02|01).cern.ch
  timeleft: 558:21:45  (23.3 days)

 error: 
 retcode : 0
DEBUG 2019-11-01 12:16:15.167 UTC: 	 Myproxy is valid: 2010105
DEBUG 2019-11-01 12:16:15.167 UTC: 	 Command use: submit
DEBUG 2019-11-01 12:16:15.167 UTC: 	 Options use: ['--config', <WMCore.Configuration.Configuration object at 0x7f5c17be3f50>]
DEBUG 2019-11-01 12:16:15.414 UTC: 	 CRABClient version: 3.3.1910.patch2
DEBUG 2019-11-01 12:16:15.414 UTC: 	 Instance is prod
DEBUG 2019-11-01 12:16:15.414 UTC: 	 Server base url is cmsweb.cern.ch
DEBUG 2019-11-01 12:16:15.414 UTC: 	 Command url /crabserver/prod/workflow
DEBUG 2019-11-01 12:16:15.414 UTC: 	 Started submission
DEBUG 2019-11-01 12:16:15.414 UTC: 	 Working on /afs/cern.ch/work/s/sthakur/xRavindra/MiniTree2017Data/CMSSW_10_4_0/src/ExLep2017Crab/crab/CrabMC_20191101/crab_ExLepMuMuZ_M3000_MC_20191101
DEBUG 2019-11-01 12:16:15.523 UTC: 	 Loading required information from the environment
DEBUG 2019-11-01 12:16:15.523 UTC: 	 Found CMSSW_10_4_0 for slc7_amd64_gcc700 with base /afs/cern.ch/work/s/sthakur/xRavindra/MiniTree2017Data/CMSSW_10_4_0
DEBUG 2019-11-01 12:16:15.524 UTC: 	 Loading required information from the environment
DEBUG 2019-11-01 12:16:15.524 UTC: 	 Found CMSSW_10_4_0 for slc7_amd64_gcc700 with base /afs/cern.ch/work/s/sthakur/xRavindra/MiniTree2017Data/CMSSW_10_4_0
DEBUG 2019-11-01 12:16:15.551 UTC: 	 UNIQUE NAME: tarUUID 9a6077d6-3ca9-4901-9b1e-c2c59169d620 
DEBUG 2019-11-01 12:16:15.551 UTC: 	 self.config: from WMCore.Configuration import Configuration
config = Configuration()
config.section_('General')
config.General.workArea = 'CrabMC_20191101'
config.General.transferOutputs = True
config.General.transferLogs = False
config.General.requestName = 'ExLepMuMuZ_M3000_MC_20191101'
config.section_('JobType')
config.JobType.psetName = '20191101/config/ExLepMuMuZ_M3000_MC_20191101_cfg.py'
config.JobType.pluginName = 'Analysis'
config.JobType.inputFiles = ['../../ExLep2017Tree/Selection/test/Fall17_V3_MC_PtResolution_AK8PF.txt', '../../ExLep2017Tree/Selection/test/Fall17_V3_MC_SF_AK8PF.txt']
config.JobType.allowUndistributedCMSSW = True
config.JobType.maxMemoryMB = 2000
config.section_('Data')
config.Data.inputDataset = '/ExcitedLepton_MuMuZ-3000_TuneCP5_13TeV-pythia8/RunIIFall17MiniAODv2-PU2017_12Apr2018_94X_mc2017_realistic_v14-v1/MINIAODSIM'
config.Data.allowNonValidInputDataset = True
config.Data.unitsPerJob = 10
config.Data.inputDBS = 'global'
config.Data.splitting = 'FileBased'
config.Data.outputDatasetTag = 'ExLepMuMuZ_M3000_MC_20191101'
config.Data.outLFNDirBase = '/store/user/sthakur/ntuple_for2017MC_20191101/MC_20191101/ExLepMuMuZ_M3000_MC_20191101'
config.section_('Site')
config.Site.storageSite = 'T2_IN_TIFR'
config.section_('User')
config.section_('Debug')

DEBUG 2019-11-01 12:16:15.551 UTC: 	 self.config.JobType.psetName: 20191101/config/ExLepMuMuZ_M3000_MC_20191101_cfg.py
INFO 2019-11-01 12:16:15.552 UTC: 	 Importing CMSSW configuration 20191101/config/ExLepMuMuZ_M3000_MC_20191101_cfg.py
INFO 2019-11-01 12:16:15.851 UTC: 	 Finished importing CMSSW configuration 20191101/config/ExLepMuMuZ_M3000_MC_20191101_cfg.py
DEBUG 2019-11-01 12:16:15.851 UTC: 	 Writing CMSSW configuration to /afs/cern.ch/work/s/sthakur/xRavindra/MiniTree2017Data/CMSSW_10_4_0/src/ExLep2017Crab/crab/CrabMC_20191101/crab_ExLepMuMuZ_M3000_MC_20191101/inputs/PSet.py
DEBUG 2019-11-01 12:16:15.903 UTC: 	 The following EDM output files will be collected: []
DEBUG 2019-11-01 12:16:15.903 UTC: 	 The following TFile output files will be collected: ['ExLepMuMuZ_M3000_MC_20191101_Ntuple.root']
DEBUG 2019-11-01 12:16:15.903 UTC: 	 The following user output files (not listed as PoolOuputModule or TFileService in the CMSSW PSet) will be collected: 
DEBUG 2019-11-01 12:16:15.903 UTC: 	 Loading required information from the environment
DEBUG 2019-11-01 12:16:15.903 UTC: 	 Found CMSSW_10_4_0 for slc7_amd64_gcc700 with base /afs/cern.ch/work/s/sthakur/xRavindra/MiniTree2017Data/CMSSW_10_4_0
DEBUG 2019-11-01 12:16:15.903 UTC: 	 Making tarball in /afs/cern.ch/work/s/sthakur/xRavindra/MiniTree2017Data/CMSSW_10_4_0/src/ExLep2017Crab/crab/CrabMC_20191101/crab_ExLepMuMuZ_M3000_MC_20191101/inputs/9a6077d6-3ca9-4901-9b1e-c2c59169d620default.tgz
DEBUG 2019-11-01 12:16:15.904 UTC: 	 Checking directory /afs/cern.ch/work/s/sthakur/xRavindra/MiniTree2017Data/CMSSW_10_4_0/lib
DEBUG 2019-11-01 12:16:15.904 UTC: 	 Adding directory /afs/cern.ch/work/s/sthakur/xRavindra/MiniTree2017Data/CMSSW_10_4_0/lib to tarball
DEBUG 2019-11-01 12:16:15.917 UTC: 	 Checking directory /afs/cern.ch/work/s/sthakur/xRavindra/MiniTree2017Data/CMSSW_10_4_0/biglib
DEBUG 2019-11-01 12:16:15.917 UTC: 	 Adding directory /afs/cern.ch/work/s/sthakur/xRavindra/MiniTree2017Data/CMSSW_10_4_0/biglib to tarball
DEBUG 2019-11-01 12:16:15.918 UTC: 	 Checking directory /afs/cern.ch/work/s/sthakur/xRavindra/MiniTree2017Data/CMSSW_10_4_0/module
DEBUG 2019-11-01 12:16:15.927 UTC: 	 Adding data directory /afs/cern.ch/work/s/sthakur/xRavindra/MiniTree2017Data/CMSSW_10_4_0/src/ExLep2017Tree/Selection/interface to tarball
DEBUG 2019-11-01 12:16:15.948 UTC: 	 Adding file ../../ExLep2017Tree/Selection/test/Fall17_V3_MC_PtResolution_AK8PF.txt to tarball
DEBUG 2019-11-01 12:16:15.949 UTC: 	 Adding file ../../ExLep2017Tree/Selection/test/Fall17_V3_MC_SF_AK8PF.txt to tarball
DEBUG 2019-11-01 12:16:16.059 UTC: 	 Uploading archive /afs/cern.ch/work/s/sthakur/xRavindra/MiniTree2017Data/CMSSW_10_4_0/src/ExLep2017Crab/crab/CrabMC_20191101/crab_ExLepMuMuZ_M3000_MC_20191101/inputs/9a6077d6-3ca9-4901-9b1e-c2c59169d620default.tgz (239 KB) to the CRAB cache. Using URI https://cmsweb.cern.ch/crabcache
DEBUG 2019-11-01 12:16:16.396 UTC: 	 Loading required information from the environment
DEBUG 2019-11-01 12:16:16.396 UTC: 	 Found CMSSW_10_4_0 for slc7_amd64_gcc700 with base /afs/cern.ch/work/s/sthakur/xRavindra/MiniTree2017Data/CMSSW_10_4_0
DEBUG 2019-11-01 12:16:16.396 UTC: 	 Making tarball in /afs/cern.ch/work/s/sthakur/xRavindra/MiniTree2017Data/CMSSW_10_4_0/src/ExLep2017Crab/crab/CrabMC_20191101/crab_ExLepMuMuZ_M3000_MC_20191101/inputs/debugFiles.tgz
DEBUG 2019-11-01 12:16:16.402 UTC: 	 Uploading archive /afs/cern.ch/work/s/sthakur/xRavindra/MiniTree2017Data/CMSSW_10_4_0/src/ExLep2017Crab/crab/CrabMC_20191101/crab_ExLepMuMuZ_M3000_MC_20191101/inputs/debugFiles.tgz (2 KB) to the CRAB cache. Using URI https://cmsweb.cern.ch/crabcache
DEBUG 2019-11-01 12:16:16.520 UTC: 	 Result uploading input files: 0b2848333031e023458effcb5fbf89a6784da9c11b14c9ed0a22c2ab088a618f.tar.gz 
WARNING 2019-11-01 12:16:16.520 UTC: 	 Warning: The following output files will not be published, as they are not EDM files: ['ExLepMuMuZ_M3000_MC_20191101_Ntuple.root']
INFO 2019-11-01 12:16:16.521 UTC: 	 Sending the request to the server at cmsweb.cern.ch
DEBUG 2019-11-01 12:16:16.521 UTC: 	 Submitting {'maxjobruntime': 1250, 'extrajdl': [], 'ignorelocality': 0, 'savelogsflag': 0, 'useparent': 0, 'asyncdest': 'T2_IN_TIFR', 'algoargs': 10, 'cachefilename': '0b2848333031e023458effcb5fbf89a6784da9c11b14c9ed0a22c2ab088a618f.tar.gz', 'numcores': 1, 'addoutputfiles': [], 'generator': 'pythia', 'maxmemory': 2000, 'publishdbsurl': 'https://cmsweb.cern.ch/dbs/prod/phys03/DBSWriter', 'priority': 10, 'jobsw': 'CMSSW_10_4_0', 'edmoutfiles': [], 'userfiles': [], 'primarydataset': '', 'inputdata': '/ExcitedLepton_MuMuZ-3000_TuneCP5_13TeV-pythia8/RunIIFall17MiniAODv2-PU2017_12Apr2018_94X_mc2017_realistic_v14-v1/MINIAODSIM', 'lfn': '/store/user/sthakur/ntuple_for2017MC_20191101/MC_20191101/ExLepMuMuZ_M3000_MC_20191101', 'dryrun': 0, 'workflow': 'crab_ExLepMuMuZ_M3000_MC_20191101', 'cacheurl': u'https://cmsweb.cern.ch/crabcache', 'nonprodsw': 1, 'tfileoutfiles': ['ExLepMuMuZ_M3000_MC_20191101_Ntuple.root'], 'oneEventMode': 0, 'debugfilename': '48994b0d4e2cda0cc1569c71a8eaec9cb042a8da23f149880d5d869cd8a2b137.tar.gz', 'saveoutput': 1, 'publication': 1, 'jobarch': 'slc7_amd64_gcc700', 'totalunits': 0, 'splitalgo': 'FileBased', 'ignoreglobalblacklist': 0, 'nonvaliddata': 1, 'dbsurl': 'https://cmsweb.cern.ch/dbs/prod/global/DBSReader', 'publishgroupname': 0, 'jobtype': 'Analysis', 'publishname2': 'ExLepMuMuZ_M3000_MC_20191101'} 
DEBUG 2019-11-01 12:16:16.521 UTC: 	 Encoded submit request: maxjobruntime=1250&ignorelocality=0&savelogsflag=0&useparent=0&asyncdest=T2_IN_TIFR&algoargs=10&cachefilename=0b2848333031e023458effcb5fbf89a6784da9c11b14c9ed0a22c2ab088a618f.tar.gz&numcores=1&generator=pythia&maxmemory=2000&publishdbsurl=https%3A%2F%2Fcmsweb.cern.ch%2Fdbs%2Fprod%2Fphys03%2FDBSWriter&priority=10&jobsw=CMSSW_10_4_0&primarydataset=&inputdata=%2FExcitedLepton_MuMuZ-3000_TuneCP5_13TeV-pythia8%2FRunIIFall17MiniAODv2-PU2017_12Apr2018_94X_mc2017_realistic_v14-v1%2FMINIAODSIM&lfn=%2Fstore%2Fuser%2Fsthakur%2Fntuple_for2017MC_20191101%2FMC_20191101%2FExLepMuMuZ_M3000_MC_20191101&dryrun=0&workflow=crab_ExLepMuMuZ_M3000_MC_20191101&cacheurl=https%3A%2F%2Fcmsweb.cern.ch%2Fcrabcache&nonprodsw=1&oneEventMode=0&debugfilename=48994b0d4e2cda0cc1569c71a8eaec9cb042a8da23f149880d5d869cd8a2b137.tar.gz&saveoutput=1&publication=1&jobarch=slc7_amd64_gcc700&totalunits=0&splitalgo=FileBased&ignoreglobalblacklist=0&nonvaliddata=1&dbsurl=https%3A%2F%2Fcmsweb.cern.ch%2Fdbs%2Fprod%2Fglobal%2FDBSReader&publishgroupname=0&jobtype=Analysis&publishname2=ExLepMuMuZ_M3000_MC_20191101&tfileoutfiles=ExLepMuMuZ_M3000_MC_20191101_Ntuple.root
DEBUG 2019-11-01 12:16:16.663 UTC: 	 Result: {u'result': [{u'RequestName': u'191101_121616:sthakur_crab_ExLepMuMuZ_M3000_MC_20191101'}]}
INFO 2019-11-01 12:16:16.666 UTC: 	 Success: Your task has been delivered to the prod CRAB3 server.
INFO 2019-11-01 12:16:16.666 UTC: 	 Task name: 191101_121616:sthakur_crab_ExLepMuMuZ_M3000_MC_20191101
INFO 2019-11-01 12:16:16.667 UTC: 	 Project dir: CrabMC_20191101/crab_ExLepMuMuZ_M3000_MC_20191101
INFO 2019-11-01 12:16:16.667 UTC: 	 Please use 'crab status -d CrabMC_20191101/crab_ExLepMuMuZ_M3000_MC_20191101' to check how the submission process proceeds.
DEBUG 2019-11-01 12:16:16.667 UTC: 	 About to return
DEBUG 2019-11-01 12:49:32.775 UTC: 	 Running on: Linux lxplus707.cern.ch 3.10.0-1062.1.2.el7.x86_64 #1 SMP Mon Sep 30 14:19:46 UTC 2019 x86_64 x86_64 x86_64 GNU/Linux
Description:	CentOS Linux release 7.7.1908 (Core) 

DEBUG 2019-11-01 12:49:32.775 UTC: 	 Executing command: 'status'
DEBUG 2019-11-01 12:49:32.775 UTC: 	 Found CRAB cache file /afs/cern.ch/user/s/sthakur/.crab3
DEBUG 2019-11-01 12:49:32.785 UTC: 	 Checking credentials
DEBUG 2019-11-01 12:49:32.786 UTC: 	 Found proxy file /tmp/x509up_u77410
DEBUG 2019-11-01 12:49:32.786 UTC: 	 Getting proxy life time left
DEBUG 2019-11-01 12:49:33.491 UTC: 	 Executing : 
 command : voms-proxy-info -file /tmp/x509up_u77410 -timeleft
 output : 40825

 error: 
 retcode : 0
DEBUG 2019-11-01 12:49:34.197 UTC: 	 Executing : 
 command : voms-proxy-info -file /tmp/x509up_u77410 -actimeleft
 output : 40824

 error: 
 retcode : 0
DEBUG 2019-11-01 12:49:34.197 UTC: 	 Proxy lifetime 40825 secs is different from voms extension lifetime 40824 secs for proxy: /tmp/x509up_u77410
DEBUG 2019-11-01 12:49:34.197 UTC: 	 Proxy valid for 11:20:24 hours
DEBUG 2019-11-01 12:49:34.390 UTC: 	 Executing : 
 command : openssl x509 -in ~/.globus/usercert.pem -subject -noout
 output : subject= /DC=ch/DC=cern/OU=Organic Units/OU=Users/CN=sthakur/CN=764789/CN=Shalini Thakur

 error: 
 retcode : 0
DEBUG 2019-11-01 12:49:34.390 UTC: 	 Checking credentials
DEBUG 2019-11-01 12:49:34.391 UTC: 	 Found proxy file /tmp/x509up_u77410
DEBUG 2019-11-01 12:49:34.391 UTC: 	 Getting proxy life time left
DEBUG 2019-11-01 12:49:35.001 UTC: 	 Executing : 
 command : voms-proxy-info -file /tmp/x509up_u77410 -timeleft
 output : 40824

 error: 
 retcode : 0
DEBUG 2019-11-01 12:49:35.708 UTC: 	 Executing : 
 command : voms-proxy-info -file /tmp/x509up_u77410 -actimeleft
 output : 40823

 error: 
 retcode : 0
DEBUG 2019-11-01 12:49:35.708 UTC: 	 Proxy lifetime 40824 secs is different from voms extension lifetime 40823 secs for proxy: /tmp/x509up_u77410
DEBUG 2019-11-01 12:49:35.708 UTC: 	 Proxy valid for 11:20:23 hours
DEBUG 2019-11-01 12:49:35.889 UTC: 	 Registering user credentials for server /DC=ch/DC=cern/OU=computers/CN=vocms(052|058|030|0118|0105|0109).cern.ch|/DC=ch/DC=cern/OU=computers/CN=crab-(preprod|prod)-tw(02|01).cern.ch
DEBUG 2019-11-01 12:49:36.000 UTC: 	 Executing : 
 command : openssl x509 -in ~/.globus/usercert.pem -subject -noout
 output : subject= /DC=ch/DC=cern/OU=Organic Units/OU=Users/CN=sthakur/CN=764789/CN=Shalini Thakur

 error: 
 retcode : 0
DEBUG 2019-11-01 12:49:36.000 UTC: 	 Getting myproxy life time left for myproxy.cern.ch
DEBUG 2019-11-01 12:49:36.000 UTC: 	 Calculating hash of /DC=ch/DC=cern/OU=Organic Units/OU=Users/CN=sthakur/CN=764789/CN=Shalini Thakur_cmsweb.cern.ch for credential name
DEBUG 2019-11-01 12:49:36.406 UTC: 	 Executing : 
 command : myproxy-info -l 9cd94953387eeee7bf4da2b7588630639ea1153b -s myproxy.cern.ch
 output : username: 9cd94953387eeee7bf4da2b7588630639ea1153b
owner: /DC=ch/DC=cern/OU=Organic Units/OU=Users/CN=sthakur/CN=764789/CN=Shalini Thakur
  renewal policy: /DC=ch/DC=cern/OU=computers/CN=vocms(052|058|030|0118|0105|0109).cern.ch|/DC=ch/DC=cern/OU=computers/CN=crab-(preprod|prod)-tw(02|01).cern.ch
  trusted retrieval policy: /DC=ch/DC=cern/OU=computers/CN=vocms(052|058|030|0118|0105|0109).cern.ch|/DC=ch/DC=cern/OU=computers/CN=crab-(preprod|prod)-tw(02|01).cern.ch
  timeleft: 557:48:24  (23.2 days)

 error: 
 retcode : 0
DEBUG 2019-11-01 12:49:36.407 UTC: 	 Myproxy is valid: 2008104
DEBUG 2019-11-01 12:49:36.407 UTC: 	 Command use: status
DEBUG 2019-11-01 12:49:36.408 UTC: 	 Options use: ['--verboseErrors', 'CrabMC_20191101/crab_ExLepMuMuZ_M3000_MC_20191101']
DEBUG 2019-11-01 12:49:36.506 UTC: 	 CRABClient version: 3.3.1910.patch2
DEBUG 2019-11-01 12:49:36.506 UTC: 	 Instance is prod
DEBUG 2019-11-01 12:49:36.506 UTC: 	 Server base url is cmsweb.cern.ch
DEBUG 2019-11-01 12:49:36.506 UTC: 	 Command url /crabserver/prod/workflow
DEBUG 2019-11-01 12:49:36.582 UTC: 	 Got information from server oracle database: {u'result': [u'191101_121616:sthakur_crab_ExLepMuMuZ_M3000_MC_20191101', u'None', u'None', u'SUBMITTED', u'SUBMIT', u'2019-11-01 12:16:16.655804', u'None', u'2019-11-01 12:17:05.147704', u'None', u'CMSSW_10_4_0', u'slc7_amd64_gcc700', u'/ExcitedLepton_MuMuZ-3000_TuneCP5_13TeV-pythia8/RunIIFall17MiniAODv2-PU2017_12Apr2018_94X_mc2017_realistic_v14-v1/MINIAODSIM', u'T', u'0', u'[]', u'[]', u'FileBased', u"{'splitOnRun': False, 'halt_job_on_file_boundaries': False, 'files_per_job': 10, 'runs': [], 'lumis': []}", u'0b2848333031e023458effcb5fbf89a6784da9c11b14c9ed0a22c2ab088a618f.tar.gz', u'https://cmsweb.cern.ch/crabcache', u'sthakur', u'/DC=ch/DC=cern/OU=Organic Units/OU=Users/CN=sthakur/CN=764789/CN=Shalini Thakur', u'cms', u'None', u'None', u'ExLepMuMuZ_M3000_MC_20191101-00000000000000000000000000000000', u'F', u'T2_IN_TIFR', u'https://cmsweb.cern.ch/dbs/prod/global/DBSReader', u'https://cmsweb.cern.ch/dbs/prod/phys03/DBSWriter', u'T', u'[]', u"['ExLepMuMuZ_M3000_MC_20191101_Ntuple.root']", u'[]', u'Analysis', u'pythia', u'None', u'{}', u'[]', u'F', u'crab-prod-tw01', u'[]', u'1250', u'1', u'2000', u'10', u'None', u'[]', u'http://vocms0144.cern.ch/mon/cms251/191101_121616:sthakur_crab_ExLepMuMuZ_M3000_MC_20191101', u'None', u'[]', u'[]', u'https://cmsweb.cern.ch/crabserver/prod', u'cmsgwms-collector-global.cern.ch:9620,cmssrv623.fnal.gov:9620', u'crab3@vocms0144.cern.ch', u'F', u'[]', u'T', u'/store/user/sthakur/ntuple_for2017MC_20191101/MC_20191101/ExLepMuMuZ_M3000_MC_20191101', u'F', u'None', u'F', u'None', u'ExcitedLepton_MuMuZ-3000_TuneCP5_13TeV-pythia8', u'None', u'48994b0d4e2cda0cc1569c71a8eaec9cb042a8da23f149880d5d869cd8a2b137.tar.gz', u'46405202', u'filetransfers', u'F', u'2001:1458:d00:2e::100:9b', u'0.0', u'None'], u'desc': {u'columns': [u'tm_taskname', u'tm_activity', u'panda_jobset_id', u'tm_task_status', u'tm_task_command', u'tm_start_time', u'tm_start_injection', u'tm_end_injection', u'tm_task_failure', u'tm_job_sw', u'tm_job_arch', u'tm_input_dataset', u'tm_nonvalid_input_dataset', u'tm_use_parent', u'tm_site_whitelist', u'tm_site_blacklist', u'tm_split_algo', u'tm_split_args', u'tm_user_sandbox', u'tm_cache_url', u'tm_username', u'tm_user_dn', u'tm_user_vo', u'tm_user_role', u'tm_user_group', u'tm_publish_name', u'tm_publish_groupname', u'tm_asyncdest', u'tm_dbs_url', u'tm_publish_dbs_url', u'tm_publication', u'tm_outfiles', u'tm_tfile_outfiles', u'tm_edm_outfiles', u'tm_job_type', u'tm_generator', u'tm_events_per_lumi', u'tm_arguments', u'panda_resubmitted_jobs', u'tm_save_logs', u'tw_name', u'tm_user_infiles', u'tm_maxjobruntime', u'tm_numcores', u'tm_maxmemory', u'tm_priority', u'tm_output_dataset', u'tm_task_warnings', u'tm_user_webdir', u'tm_scriptexe', u'tm_scriptargs', u'tm_extrajdl', u'tm_asourl', u'tm_collector', u'tm_schedd', u'tm_dry_run', u'tm_user_files', u'tm_transfer_outputs', u'tm_output_lfn', u'tm_ignore_locality', u'tm_fail_limit', u'tm_one_event_mode', u'tm_secondary_input_dataset', u'tm_primary_dataset', u'tm_last_publication', u'tm_debug_files', u'clusterid', u'tm_asodb', u'tm_ignore_global_blacklist', u'tm_submitter_ip_addr', u'tm_totalunits', u'tm_ddm_reqid']}}
INFO 2019-11-01 12:49:36.583 UTC: 	 CRAB project directory:		/afs/cern.ch/work/s/sthakur/xRavindra/MiniTree2017Data/CMSSW_10_4_0/src/ExLep2017Crab/crab/CrabMC_20191101/crab_ExLepMuMuZ_M3000_MC_20191101
INFO 2019-11-01 12:49:36.583 UTC: 	 Task name:			191101_121616:sthakur_crab_ExLepMuMuZ_M3000_MC_20191101
INFO 2019-11-01 12:49:36.583 UTC: 	 Grid scheduler - Task Worker:	crab3@vocms0144.cern.ch - crab-prod-tw01
INFO 2019-11-01 12:49:36.583 UTC: 	 Status on the CRAB server:	SUBMITTED
INFO 2019-11-01 12:49:36.583 UTC: 	 Task URL to use for HELP:	https://cmsweb.cern.ch/crabserver/ui/task/191101_121616%3Asthakur_crab_ExLepMuMuZ_M3000_MC_20191101
INFO 2019-11-01 12:49:36.583 UTC: 	 Dashboard monitoring URL:	https://monit-grafana.cern.ch/d/cmsTMDetail/cms-task-monitoring-task-view?orgId=11&var-user=sthakur&var-task=191101_121616%3Asthakur_crab_ExLepMuMuZ_M3000_MC_20191101
INFO 2019-11-01 12:49:36.583 UTC: 	 In case of issues with the dashboard, please provide feedback to hn-cms-computing-tools@cern.ch
DEBUG 2019-11-01 12:49:36.583 UTC: 	 The CRAB server submitted your task to the Grid scheduler (cluster ID: 46405202)
DEBUG 2019-11-01 12:49:36.583 UTC: 	 Webdir is located at http://vocms0144.cern.ch/mon/cms251/191101_121616:sthakur_crab_ExLepMuMuZ_M3000_MC_20191101
DEBUG 2019-11-01 12:49:36.725 UTC: 	 Proxied webdir is located at https://cmsweb.cern.ch/scheddmon/0144/cms251/191101_121616:sthakur_crab_ExLepMuMuZ_M3000_MC_20191101
DEBUG 2019-11-01 12:49:36.725 UTC: 	 Retrieving 'status_cache' file from https://cmsweb.cern.ch/scheddmon/0144/cms251/191101_121616:sthakur_crab_ExLepMuMuZ_M3000_MC_20191101/status_cache
DEBUG 2019-11-01 12:49:36.774 UTC: 	 Got information from status cache file: {'1': {'Retries': 0, 'WallDurations': [9.0, 611.0], 'StartTimes': [1572610909.0], 'SubmitTimes': [1572610650.0], 'JobIds': ['46405212.0'], 'EndTimes': [], 'Restarts': 0, 'RecordedSite': True, 'State': 'running', 'ResidentSetSize': [774672], 'TotalUserCpuTimeHistory': [470.0], 'SiteHistory': ['Unknown', 'T2_US_MIT'], 'TotalSysCpuTimeHistory': [17.0]}, '2': {'Retries': 0, 'WallDurations': [9.0, 612.0], 'StartTimes': [1572610909.0], 'SubmitTimes': [1572610644.0], 'JobIds': ['46405210.0'], 'EndTimes': [1572611521.0], 'Restarts': 0, 'RecordedSite': True, 'State': 'transferring', 'ResidentSetSize': [874428], 'TotalUserCpuTimeHistory': [320], 'SiteHistory': ['Unknown', 'T2_US_Florida'], 'TotalSysCpuTimeHistory': [21]}}
INFO 2019-11-01 12:49:36.774 UTC: 	 Status on the scheduler:	SUBMITTED
INFO 2019-11-01 12:49:36.774 UTC: 	 
Jobs status:                    running      		 50.0% (1/2)
INFO 2019-11-01 12:49:36.774 UTC: 	 				transferring 		 50.0% (1/2)
INFO 2019-11-01 12:49:36.774 UTC: 	 
No publication information available yet
INFO 2019-11-01 12:49:36.775 UTC: 	 
Warning: the max jobs runtime is less than 30% of the task requested value (1250 min), please consider to request a lower value for failed jobs (allowed through crab resubmit) and/or improve the jobs splitting (e.g. config.Data.splitting = 'Automatic') in a new task.
INFO 2019-11-01 12:49:36.775 UTC: 	 
Summary of run jobs:
 * Memory: 853MB min, 853MB max, 854MB ave
 * Runtime: 0:10:11 min, 0:10:12 max, 0:10:12 ave
 * CPU eff: 56% min, 56% max, 56% ave
 * Waste: 0:00:09 (1% of total)

INFO 2019-11-01 12:49:36.784 UTC: 	 Log file is /afs/cern.ch/work/s/sthakur/xRavindra/MiniTree2017Data/CMSSW_10_4_0/src/ExLep2017Crab/crab/CrabMC_20191101/crab_ExLepMuMuZ_M3000_MC_20191101/crab.log
DEBUG 2019-11-01 16:56:55.333 UTC: 	 Running on: Linux lxplus721.cern.ch 3.10.0-1062.1.2.el7.x86_64 #1 SMP Mon Sep 30 14:19:46 UTC 2019 x86_64 x86_64 x86_64 GNU/Linux
Description:	CentOS Linux release 7.7.1908 (Core) 

DEBUG 2019-11-01 16:56:55.333 UTC: 	 Executing command: 'status'
DEBUG 2019-11-01 16:56:55.334 UTC: 	 Found CRAB cache file /afs/cern.ch/user/s/sthakur/.crab3
DEBUG 2019-11-01 16:56:55.348 UTC: 	 Checking credentials
DEBUG 2019-11-01 16:56:55.349 UTC: 	 Found proxy file /tmp/x509up_u77410
DEBUG 2019-11-01 16:56:55.349 UTC: 	 Getting proxy life time left
DEBUG 2019-11-01 16:56:56.257 UTC: 	 Executing : 
 command : voms-proxy-info -file /tmp/x509up_u77410 -timeleft
 output : 43012

 error: 
 retcode : 0
DEBUG 2019-11-01 16:56:57.069 UTC: 	 Executing : 
 command : voms-proxy-info -file /tmp/x509up_u77410 -actimeleft
 output : 43011

 error: 
 retcode : 0
DEBUG 2019-11-01 16:56:57.069 UTC: 	 Proxy lifetime 43012 secs is different from voms extension lifetime 43011 secs for proxy: /tmp/x509up_u77410
DEBUG 2019-11-01 16:56:57.069 UTC: 	 Proxy valid for 11:56:51 hours
DEBUG 2019-11-01 16:56:57.184 UTC: 	 Executing : 
 command : openssl x509 -in ~/.globus/usercert.pem -subject -noout
 output : subject= /DC=ch/DC=cern/OU=Organic Units/OU=Users/CN=sthakur/CN=764789/CN=Shalini Thakur

 error: 
 retcode : 0
DEBUG 2019-11-01 16:56:57.185 UTC: 	 Checking credentials
DEBUG 2019-11-01 16:56:57.185 UTC: 	 Found proxy file /tmp/x509up_u77410
DEBUG 2019-11-01 16:56:57.185 UTC: 	 Getting proxy life time left
DEBUG 2019-11-01 16:56:58.096 UTC: 	 Executing : 
 command : voms-proxy-info -file /tmp/x509up_u77410 -timeleft
 output : 43010

 error: 
 retcode : 0
DEBUG 2019-11-01 16:56:58.910 UTC: 	 Executing : 
 command : voms-proxy-info -file /tmp/x509up_u77410 -actimeleft
 output : 43010

 error: 
 retcode : 0
DEBUG 2019-11-01 16:56:58.910 UTC: 	 Proxy valid for 11:56:50 hours
DEBUG 2019-11-01 16:56:59.011 UTC: 	 Registering user credentials for server /DC=ch/DC=cern/OU=computers/CN=vocms(052|058|030|0118|0105|0109).cern.ch|/DC=ch/DC=cern/OU=computers/CN=crab-(preprod|prod)-tw(02|01).cern.ch
DEBUG 2019-11-01 16:56:59.121 UTC: 	 Executing : 
 command : openssl x509 -in ~/.globus/usercert.pem -subject -noout
 output : subject= /DC=ch/DC=cern/OU=Organic Units/OU=Users/CN=sthakur/CN=764789/CN=Shalini Thakur

 error: 
 retcode : 0
DEBUG 2019-11-01 16:56:59.121 UTC: 	 Getting myproxy life time left for myproxy.cern.ch
DEBUG 2019-11-01 16:56:59.122 UTC: 	 Calculating hash of /DC=ch/DC=cern/OU=Organic Units/OU=Users/CN=sthakur/CN=764789/CN=Shalini Thakur_cmsweb.cern.ch for credential name
DEBUG 2019-11-01 16:56:59.527 UTC: 	 Executing : 
 command : myproxy-info -l 9cd94953387eeee7bf4da2b7588630639ea1153b -s myproxy.cern.ch
 output : username: 9cd94953387eeee7bf4da2b7588630639ea1153b
owner: /DC=ch/DC=cern/OU=Organic Units/OU=Users/CN=sthakur/CN=764789/CN=Shalini Thakur
  renewal policy: /DC=ch/DC=cern/OU=computers/CN=vocms(052|058|030|0118|0105|0109).cern.ch|/DC=ch/DC=cern/OU=computers/CN=crab-(preprod|prod)-tw(02|01).cern.ch
  trusted retrieval policy: /DC=ch/DC=cern/OU=computers/CN=vocms(052|058|030|0118|0105|0109).cern.ch|/DC=ch/DC=cern/OU=computers/CN=crab-(preprod|prod)-tw(02|01).cern.ch
  timeleft: 553:41:01  (23.1 days)

 error: 
 retcode : 0
DEBUG 2019-11-01 16:56:59.528 UTC: 	 Myproxy is valid: 1993261
DEBUG 2019-11-01 16:56:59.529 UTC: 	 Command use: status
DEBUG 2019-11-01 16:56:59.529 UTC: 	 Options use: ['--verboseErrors', 'CrabMC_20191101/crab_ExLepMuMuZ_M3000_MC_20191101']
DEBUG 2019-11-01 16:56:59.620 UTC: 	 CRABClient version: 3.3.1910.patch2
DEBUG 2019-11-01 16:56:59.620 UTC: 	 Instance is prod
DEBUG 2019-11-01 16:56:59.620 UTC: 	 Server base url is cmsweb.cern.ch
DEBUG 2019-11-01 16:56:59.620 UTC: 	 Command url /crabserver/prod/workflow
DEBUG 2019-11-01 16:56:59.734 UTC: 	 Got information from server oracle database: {u'result': [u'191101_121616:sthakur_crab_ExLepMuMuZ_M3000_MC_20191101', u'None', u'None', u'SUBMITTED', u'SUBMIT', u'2019-11-01 12:16:16.655804', u'None', u'2019-11-01 12:17:05.147704', u'None', u'CMSSW_10_4_0', u'slc7_amd64_gcc700', u'/ExcitedLepton_MuMuZ-3000_TuneCP5_13TeV-pythia8/RunIIFall17MiniAODv2-PU2017_12Apr2018_94X_mc2017_realistic_v14-v1/MINIAODSIM', u'T', u'0', u'[]', u'[]', u'FileBased', u"{'splitOnRun': False, 'halt_job_on_file_boundaries': False, 'files_per_job': 10, 'runs': [], 'lumis': []}", u'0b2848333031e023458effcb5fbf89a6784da9c11b14c9ed0a22c2ab088a618f.tar.gz', u'https://cmsweb.cern.ch/crabcache', u'sthakur', u'/DC=ch/DC=cern/OU=Organic Units/OU=Users/CN=sthakur/CN=764789/CN=Shalini Thakur', u'cms', u'None', u'None', u'ExLepMuMuZ_M3000_MC_20191101-00000000000000000000000000000000', u'F', u'T2_IN_TIFR', u'https://cmsweb.cern.ch/dbs/prod/global/DBSReader', u'https://cmsweb.cern.ch/dbs/prod/phys03/DBSWriter', u'T', u'[]', u"['ExLepMuMuZ_M3000_MC_20191101_Ntuple.root']", u'[]', u'Analysis', u'pythia', u'None', u'{}', u'[]', u'F', u'crab-prod-tw01', u'[]', u'1250', u'1', u'2000', u'10', u'None', u'[]', u'http://vocms0144.cern.ch/mon/cms251/191101_121616:sthakur_crab_ExLepMuMuZ_M3000_MC_20191101', u'None', u'[]', u'[]', u'https://cmsweb.cern.ch/crabserver/prod', u'cmsgwms-collector-global.cern.ch:9620,cmssrv623.fnal.gov:9620', u'crab3@vocms0144.cern.ch', u'F', u'[]', u'T', u'/store/user/sthakur/ntuple_for2017MC_20191101/MC_20191101/ExLepMuMuZ_M3000_MC_20191101', u'F', u'None', u'F', u'None', u'ExcitedLepton_MuMuZ-3000_TuneCP5_13TeV-pythia8', u'None', u'48994b0d4e2cda0cc1569c71a8eaec9cb042a8da23f149880d5d869cd8a2b137.tar.gz', u'46405202', u'filetransfers', u'F', u'2001:1458:d00:2e::100:9b', u'0.0', u'None'], u'desc': {u'columns': [u'tm_taskname', u'tm_activity', u'panda_jobset_id', u'tm_task_status', u'tm_task_command', u'tm_start_time', u'tm_start_injection', u'tm_end_injection', u'tm_task_failure', u'tm_job_sw', u'tm_job_arch', u'tm_input_dataset', u'tm_nonvalid_input_dataset', u'tm_use_parent', u'tm_site_whitelist', u'tm_site_blacklist', u'tm_split_algo', u'tm_split_args', u'tm_user_sandbox', u'tm_cache_url', u'tm_username', u'tm_user_dn', u'tm_user_vo', u'tm_user_role', u'tm_user_group', u'tm_publish_name', u'tm_publish_groupname', u'tm_asyncdest', u'tm_dbs_url', u'tm_publish_dbs_url', u'tm_publication', u'tm_outfiles', u'tm_tfile_outfiles', u'tm_edm_outfiles', u'tm_job_type', u'tm_generator', u'tm_events_per_lumi', u'tm_arguments', u'panda_resubmitted_jobs', u'tm_save_logs', u'tw_name', u'tm_user_infiles', u'tm_maxjobruntime', u'tm_numcores', u'tm_maxmemory', u'tm_priority', u'tm_output_dataset', u'tm_task_warnings', u'tm_user_webdir', u'tm_scriptexe', u'tm_scriptargs', u'tm_extrajdl', u'tm_asourl', u'tm_collector', u'tm_schedd', u'tm_dry_run', u'tm_user_files', u'tm_transfer_outputs', u'tm_output_lfn', u'tm_ignore_locality', u'tm_fail_limit', u'tm_one_event_mode', u'tm_secondary_input_dataset', u'tm_primary_dataset', u'tm_last_publication', u'tm_debug_files', u'clusterid', u'tm_asodb', u'tm_ignore_global_blacklist', u'tm_submitter_ip_addr', u'tm_totalunits', u'tm_ddm_reqid']}}
INFO 2019-11-01 16:56:59.735 UTC: 	 CRAB project directory:		/afs/cern.ch/work/s/sthakur/xRavindra/MiniTree2017Data/CMSSW_10_4_0/src/ExLep2017Crab/crab/CrabMC_20191101/crab_ExLepMuMuZ_M3000_MC_20191101
INFO 2019-11-01 16:56:59.735 UTC: 	 Task name:			191101_121616:sthakur_crab_ExLepMuMuZ_M3000_MC_20191101
INFO 2019-11-01 16:56:59.735 UTC: 	 Grid scheduler - Task Worker:	crab3@vocms0144.cern.ch - crab-prod-tw01
INFO 2019-11-01 16:56:59.735 UTC: 	 Status on the CRAB server:	SUBMITTED
INFO 2019-11-01 16:56:59.735 UTC: 	 Task URL to use for HELP:	https://cmsweb.cern.ch/crabserver/ui/task/191101_121616%3Asthakur_crab_ExLepMuMuZ_M3000_MC_20191101
INFO 2019-11-01 16:56:59.735 UTC: 	 Dashboard monitoring URL:	https://monit-grafana.cern.ch/d/cmsTMDetail/cms-task-monitoring-task-view?orgId=11&var-user=sthakur&var-task=191101_121616%3Asthakur_crab_ExLepMuMuZ_M3000_MC_20191101
INFO 2019-11-01 16:56:59.735 UTC: 	 In case of issues with the dashboard, please provide feedback to hn-cms-computing-tools@cern.ch
DEBUG 2019-11-01 16:56:59.735 UTC: 	 The CRAB server submitted your task to the Grid scheduler (cluster ID: 46405202)
DEBUG 2019-11-01 16:56:59.735 UTC: 	 Webdir is located at http://vocms0144.cern.ch/mon/cms251/191101_121616:sthakur_crab_ExLepMuMuZ_M3000_MC_20191101
DEBUG 2019-11-01 16:56:59.874 UTC: 	 Proxied webdir is located at https://cmsweb.cern.ch/scheddmon/0144/cms251/191101_121616:sthakur_crab_ExLepMuMuZ_M3000_MC_20191101
DEBUG 2019-11-01 16:56:59.874 UTC: 	 Retrieving 'status_cache' file from https://cmsweb.cern.ch/scheddmon/0144/cms251/191101_121616:sthakur_crab_ExLepMuMuZ_M3000_MC_20191101/status_cache
DEBUG 2019-11-01 16:56:59.957 UTC: 	 Got information from status cache file: {'1': {'Retries': 0, 'WallDurations': [9.0, 1985.0], 'StartTimes': [1572610909.0], 'SubmitTimes': [1572610650.0], 'JobIds': ['46405212.0'], 'EndTimes': [1572612894.0], 'Restarts': 0, 'RecordedSite': True, 'State': 'finished', 'ResidentSetSize': [774672], 'TotalUserCpuTimeHistory': [1359], 'SiteHistory': ['Unknown', 'T2_US_MIT'], 'TotalSysCpuTimeHistory': [55]}, '2': {'Retries': 0, 'WallDurations': [9.0, 612.0], 'StartTimes': [1572610909.0], 'SubmitTimes': [1572610644.0], 'JobIds': ['46405210.0'], 'EndTimes': [1572611521.0], 'Restarts': 0, 'RecordedSite': True, 'State': 'finished', 'ResidentSetSize': [874428], 'TotalUserCpuTimeHistory': [320], 'SiteHistory': ['Unknown', 'T2_US_Florida'], 'TotalSysCpuTimeHistory': [21]}}
INFO 2019-11-01 16:56:59.957 UTC: 	 Status on the scheduler:	COMPLETED
INFO 2019-11-01 16:56:59.958 UTC: 	 
Jobs status:                    finished     		100.0% (2/2)
INFO 2019-11-01 16:57:00.059 UTC: 	 
No publication information available yet
INFO 2019-11-01 16:57:00.060 UTC: 	 
Warning: the max jobs runtime is less than 30% of the task requested value (1250 min), please consider to request a lower value for failed jobs (allowed through crab resubmit) and/or improve the jobs splitting (e.g. config.Data.splitting = 'Automatic') in a new task.
INFO 2019-11-01 16:57:00.060 UTC: 	 
Summary of run jobs:
 * Memory: 853MB min, 853MB max, 805MB ave
 * Runtime: 0:10:12 min, 0:33:05 max, 0:21:38 ave
 * CPU eff: 56% min, 71% max, 68% ave
 * Waste: 0:00:18 (1% of total)

INFO 2019-11-01 16:57:00.123 UTC: 	 Log file is /afs/cern.ch/work/s/sthakur/xRavindra/MiniTree2017Data/CMSSW_10_4_0/src/ExLep2017Crab/crab/CrabMC_20191101/crab_ExLepMuMuZ_M3000_MC_20191101/crab.log
DEBUG 2019-11-03 17:56:36.577 UTC: 	 Running on: Linux lxplus737.cern.ch 3.10.0-1062.1.2.el7.x86_64 #1 SMP Mon Sep 30 14:19:46 UTC 2019 x86_64 x86_64 x86_64 GNU/Linux
Description:	CentOS Linux release 7.7.1908 (Core) 

DEBUG 2019-11-03 17:56:36.577 UTC: 	 Executing command: 'status'
DEBUG 2019-11-03 17:56:36.577 UTC: 	 Found CRAB cache file /afs/cern.ch/user/s/sthakur/.crab3
DEBUG 2019-11-03 17:56:36.590 UTC: 	 Checking credentials
DEBUG 2019-11-03 17:56:36.591 UTC: 	 Found proxy file /tmp/x509up_u77410
DEBUG 2019-11-03 17:56:36.591 UTC: 	 Getting proxy life time left
DEBUG 2019-11-03 17:56:37.296 UTC: 	 Executing : 
 command : voms-proxy-info -file /tmp/x509up_u77410 -timeleft
 output : 43009

 error: 
 retcode : 0
DEBUG 2019-11-03 17:56:38.005 UTC: 	 Executing : 
 command : voms-proxy-info -file /tmp/x509up_u77410 -actimeleft
 output : 43009

 error: 
 retcode : 0
DEBUG 2019-11-03 17:56:38.005 UTC: 	 Proxy valid for 11:56:49 hours
DEBUG 2019-11-03 17:56:38.121 UTC: 	 Executing : 
 command : openssl x509 -in ~/.globus/usercert.pem -subject -noout
 output : subject= /DC=ch/DC=cern/OU=Organic Units/OU=Users/CN=sthakur/CN=764789/CN=Shalini Thakur

 error: 
 retcode : 0
DEBUG 2019-11-03 17:56:38.121 UTC: 	 Checking credentials
DEBUG 2019-11-03 17:56:38.121 UTC: 	 Found proxy file /tmp/x509up_u77410
DEBUG 2019-11-03 17:56:38.121 UTC: 	 Getting proxy life time left
DEBUG 2019-11-03 17:56:38.828 UTC: 	 Executing : 
 command : voms-proxy-info -file /tmp/x509up_u77410 -timeleft
 output : 43008

 error: 
 retcode : 0
DEBUG 2019-11-03 17:56:39.536 UTC: 	 Executing : 
 command : voms-proxy-info -file /tmp/x509up_u77410 -actimeleft
 output : 43007

 error: 
 retcode : 0
DEBUG 2019-11-03 17:56:39.536 UTC: 	 Proxy lifetime 43008 secs is different from voms extension lifetime 43007 secs for proxy: /tmp/x509up_u77410
DEBUG 2019-11-03 17:56:39.536 UTC: 	 Proxy valid for 11:56:47 hours
DEBUG 2019-11-03 17:56:39.645 UTC: 	 Registering user credentials for server /DC=ch/DC=cern/OU=computers/CN=vocms(052|058|030|0118|0105|0109).cern.ch|/DC=ch/DC=cern/OU=computers/CN=crab-(preprod|prod)-tw(02|01).cern.ch
DEBUG 2019-11-03 17:56:39.757 UTC: 	 Executing : 
 command : openssl x509 -in ~/.globus/usercert.pem -subject -noout
 output : subject= /DC=ch/DC=cern/OU=Organic Units/OU=Users/CN=sthakur/CN=764789/CN=Shalini Thakur

 error: 
 retcode : 0
DEBUG 2019-11-03 17:56:39.757 UTC: 	 Getting myproxy life time left for myproxy.cern.ch
DEBUG 2019-11-03 17:56:39.757 UTC: 	 Calculating hash of /DC=ch/DC=cern/OU=Organic Units/OU=Users/CN=sthakur/CN=764789/CN=Shalini Thakur_cmsweb.cern.ch for credential name
DEBUG 2019-11-03 17:56:40.064 UTC: 	 Executing : 
 command : myproxy-info -l 9cd94953387eeee7bf4da2b7588630639ea1153b -s myproxy.cern.ch
 output : username: 9cd94953387eeee7bf4da2b7588630639ea1153b
owner: /DC=ch/DC=cern/OU=Organic Units/OU=Users/CN=sthakur/CN=764789/CN=Shalini Thakur
  renewal policy: /DC=ch/DC=cern/OU=computers/CN=vocms(052|058|030|0118|0105|0109).cern.ch|/DC=ch/DC=cern/OU=computers/CN=crab-(preprod|prod)-tw(02|01).cern.ch
  trusted retrieval policy: /DC=ch/DC=cern/OU=computers/CN=vocms(052|058|030|0118|0105|0109).cern.ch|/DC=ch/DC=cern/OU=computers/CN=crab-(preprod|prod)-tw(02|01).cern.ch
  timeleft: 504:41:20  (21.0 days)

 error: 
 retcode : 0
DEBUG 2019-11-03 17:56:40.065 UTC: 	 Myproxy is valid: 1816880
DEBUG 2019-11-03 17:56:40.065 UTC: 	 Command use: status
DEBUG 2019-11-03 17:56:40.065 UTC: 	 Options use: ['--verboseErrors', 'CrabMC_20191101/crab_ExLepMuMuZ_M3000_MC_20191101']
DEBUG 2019-11-03 17:56:40.141 UTC: 	 CRABClient version: 3.3.1910.patch2
DEBUG 2019-11-03 17:56:40.141 UTC: 	 Instance is prod
DEBUG 2019-11-03 17:56:40.141 UTC: 	 Server base url is cmsweb.cern.ch
DEBUG 2019-11-03 17:56:40.141 UTC: 	 Command url /crabserver/prod/workflow
DEBUG 2019-11-03 17:56:40.251 UTC: 	 Got information from server oracle database: {u'result': [u'191101_121616:sthakur_crab_ExLepMuMuZ_M3000_MC_20191101', u'None', u'None', u'SUBMITTED', u'SUBMIT', u'2019-11-01 12:16:16.655804', u'None', u'2019-11-01 12:17:05.147704', u'None', u'CMSSW_10_4_0', u'slc7_amd64_gcc700', u'/ExcitedLepton_MuMuZ-3000_TuneCP5_13TeV-pythia8/RunIIFall17MiniAODv2-PU2017_12Apr2018_94X_mc2017_realistic_v14-v1/MINIAODSIM', u'T', u'0', u'[]', u'[]', u'FileBased', u"{'splitOnRun': False, 'halt_job_on_file_boundaries': False, 'files_per_job': 10, 'runs': [], 'lumis': []}", u'0b2848333031e023458effcb5fbf89a6784da9c11b14c9ed0a22c2ab088a618f.tar.gz', u'https://cmsweb.cern.ch/crabcache', u'sthakur', u'/DC=ch/DC=cern/OU=Organic Units/OU=Users/CN=sthakur/CN=764789/CN=Shalini Thakur', u'cms', u'None', u'None', u'ExLepMuMuZ_M3000_MC_20191101-00000000000000000000000000000000', u'F', u'T2_IN_TIFR', u'https://cmsweb.cern.ch/dbs/prod/global/DBSReader', u'https://cmsweb.cern.ch/dbs/prod/phys03/DBSWriter', u'T', u'[]', u"['ExLepMuMuZ_M3000_MC_20191101_Ntuple.root']", u'[]', u'Analysis', u'pythia', u'None', u'{}', u'[]', u'F', u'crab-prod-tw01', u'[]', u'1250', u'1', u'2000', u'10', u'None', u'[]', u'http://vocms0144.cern.ch/mon/cms251/191101_121616:sthakur_crab_ExLepMuMuZ_M3000_MC_20191101', u'None', u'[]', u'[]', u'https://cmsweb.cern.ch/crabserver/prod', u'cmsgwms-collector-global.cern.ch:9620,cmssrv623.fnal.gov:9620', u'crab3@vocms0144.cern.ch', u'F', u'[]', u'T', u'/store/user/sthakur/ntuple_for2017MC_20191101/MC_20191101/ExLepMuMuZ_M3000_MC_20191101', u'F', u'None', u'F', u'None', u'ExcitedLepton_MuMuZ-3000_TuneCP5_13TeV-pythia8', u'None', u'48994b0d4e2cda0cc1569c71a8eaec9cb042a8da23f149880d5d869cd8a2b137.tar.gz', u'46405202', u'filetransfers', u'F', u'2001:1458:d00:2e::100:9b', u'0.0', u'None'], u'desc': {u'columns': [u'tm_taskname', u'tm_activity', u'panda_jobset_id', u'tm_task_status', u'tm_task_command', u'tm_start_time', u'tm_start_injection', u'tm_end_injection', u'tm_task_failure', u'tm_job_sw', u'tm_job_arch', u'tm_input_dataset', u'tm_nonvalid_input_dataset', u'tm_use_parent', u'tm_site_whitelist', u'tm_site_blacklist', u'tm_split_algo', u'tm_split_args', u'tm_user_sandbox', u'tm_cache_url', u'tm_username', u'tm_user_dn', u'tm_user_vo', u'tm_user_role', u'tm_user_group', u'tm_publish_name', u'tm_publish_groupname', u'tm_asyncdest', u'tm_dbs_url', u'tm_publish_dbs_url', u'tm_publication', u'tm_outfiles', u'tm_tfile_outfiles', u'tm_edm_outfiles', u'tm_job_type', u'tm_generator', u'tm_events_per_lumi', u'tm_arguments', u'panda_resubmitted_jobs', u'tm_save_logs', u'tw_name', u'tm_user_infiles', u'tm_maxjobruntime', u'tm_numcores', u'tm_maxmemory', u'tm_priority', u'tm_output_dataset', u'tm_task_warnings', u'tm_user_webdir', u'tm_scriptexe', u'tm_scriptargs', u'tm_extrajdl', u'tm_asourl', u'tm_collector', u'tm_schedd', u'tm_dry_run', u'tm_user_files', u'tm_transfer_outputs', u'tm_output_lfn', u'tm_ignore_locality', u'tm_fail_limit', u'tm_one_event_mode', u'tm_secondary_input_dataset', u'tm_primary_dataset', u'tm_last_publication', u'tm_debug_files', u'clusterid', u'tm_asodb', u'tm_ignore_global_blacklist', u'tm_submitter_ip_addr', u'tm_totalunits', u'tm_ddm_reqid']}}
INFO 2019-11-03 17:56:40.251 UTC: 	 CRAB project directory:		/afs/cern.ch/work/s/sthakur/xRavindra/MiniTree2017Data/CMSSW_10_4_0/src/ExLep2017Crab/crab/CrabMC_20191101/crab_ExLepMuMuZ_M3000_MC_20191101
INFO 2019-11-03 17:56:40.252 UTC: 	 Task name:			191101_121616:sthakur_crab_ExLepMuMuZ_M3000_MC_20191101
INFO 2019-11-03 17:56:40.252 UTC: 	 Grid scheduler - Task Worker:	crab3@vocms0144.cern.ch - crab-prod-tw01
INFO 2019-11-03 17:56:40.252 UTC: 	 Status on the CRAB server:	SUBMITTED
INFO 2019-11-03 17:56:40.252 UTC: 	 Task URL to use for HELP:	https://cmsweb.cern.ch/crabserver/ui/task/191101_121616%3Asthakur_crab_ExLepMuMuZ_M3000_MC_20191101
INFO 2019-11-03 17:56:40.252 UTC: 	 Dashboard monitoring URL:	https://monit-grafana.cern.ch/d/cmsTMDetail/cms-task-monitoring-task-view?orgId=11&var-user=sthakur&var-task=191101_121616%3Asthakur_crab_ExLepMuMuZ_M3000_MC_20191101
INFO 2019-11-03 17:56:40.252 UTC: 	 In case of issues with the dashboard, please provide feedback to hn-cms-computing-tools@cern.ch
DEBUG 2019-11-03 17:56:40.252 UTC: 	 The CRAB server submitted your task to the Grid scheduler (cluster ID: 46405202)
DEBUG 2019-11-03 17:56:40.252 UTC: 	 Webdir is located at http://vocms0144.cern.ch/mon/cms251/191101_121616:sthakur_crab_ExLepMuMuZ_M3000_MC_20191101
DEBUG 2019-11-03 17:56:40.348 UTC: 	 Proxied webdir is located at https://cmsweb.cern.ch/scheddmon/0144/cms251/191101_121616:sthakur_crab_ExLepMuMuZ_M3000_MC_20191101
DEBUG 2019-11-03 17:56:40.348 UTC: 	 Retrieving 'status_cache' file from https://cmsweb.cern.ch/scheddmon/0144/cms251/191101_121616:sthakur_crab_ExLepMuMuZ_M3000_MC_20191101/status_cache
DEBUG 2019-11-03 17:56:40.586 UTC: 	 Got information from status cache file: {'1': {'Retries': 0, 'WallDurations': [9.0, 1985.0], 'StartTimes': [1572610909.0], 'SubmitTimes': [1572610650.0], 'JobIds': ['46405212.0'], 'EndTimes': [1572612894.0], 'Restarts': 0, 'RecordedSite': True, 'State': 'finished', 'ResidentSetSize': [774672], 'TotalUserCpuTimeHistory': [1359], 'SiteHistory': ['Unknown', 'T2_US_MIT'], 'TotalSysCpuTimeHistory': [55]}, '2': {'Retries': 0, 'WallDurations': [9.0, 612.0], 'StartTimes': [1572610909.0], 'SubmitTimes': [1572610644.0], 'JobIds': ['46405210.0'], 'EndTimes': [1572611521.0], 'Restarts': 0, 'RecordedSite': True, 'State': 'finished', 'ResidentSetSize': [874428], 'TotalUserCpuTimeHistory': [320], 'SiteHistory': ['Unknown', 'T2_US_Florida'], 'TotalSysCpuTimeHistory': [21]}}
INFO 2019-11-03 17:56:40.586 UTC: 	 Status on the scheduler:	COMPLETED
INFO 2019-11-03 17:56:40.586 UTC: 	 
Jobs status:                    finished     		100.0% (2/2)
INFO 2019-11-03 17:56:40.656 UTC: 	 
No publication information available yet
INFO 2019-11-03 17:56:40.656 UTC: 	 
Warning: the max jobs runtime is less than 30% of the task requested value (1250 min), please consider to request a lower value for failed jobs (allowed through crab resubmit) and/or improve the jobs splitting (e.g. config.Data.splitting = 'Automatic') in a new task.
INFO 2019-11-03 17:56:40.656 UTC: 	 
Summary of run jobs:
 * Memory: 853MB min, 853MB max, 805MB ave
 * Runtime: 0:10:12 min, 0:33:05 max, 0:21:38 ave
 * CPU eff: 56% min, 71% max, 68% ave
 * Waste: 0:00:18 (1% of total)

INFO 2019-11-03 17:56:40.673 UTC: 	 Log file is /afs/cern.ch/work/s/sthakur/xRavindra/MiniTree2017Data/CMSSW_10_4_0/src/ExLep2017Crab/crab/CrabMC_20191101/crab_ExLepMuMuZ_M3000_MC_20191101/crab.log
DEBUG 2019-11-03 18:02:24.367 UTC: 	 Running on: Linux lxplus737.cern.ch 3.10.0-1062.1.2.el7.x86_64 #1 SMP Mon Sep 30 14:19:46 UTC 2019 x86_64 x86_64 x86_64 GNU/Linux
Description:	CentOS Linux release 7.7.1908 (Core) 

DEBUG 2019-11-03 18:02:24.368 UTC: 	 Executing command: 'resubmit'
DEBUG 2019-11-03 18:02:24.368 UTC: 	 Found CRAB cache file /afs/cern.ch/user/s/sthakur/.crab3
DEBUG 2019-11-03 18:02:24.375 UTC: 	 Checking credentials
DEBUG 2019-11-03 18:02:24.376 UTC: 	 Found proxy file /tmp/x509up_u77410
DEBUG 2019-11-03 18:02:24.376 UTC: 	 Getting proxy life time left
DEBUG 2019-11-03 18:02:25.081 UTC: 	 Executing : 
 command : voms-proxy-info -file /tmp/x509up_u77410 -timeleft
 output : 42662

 error: 
 retcode : 0
DEBUG 2019-11-03 18:02:25.792 UTC: 	 Executing : 
 command : voms-proxy-info -file /tmp/x509up_u77410 -actimeleft
 output : 42661

 error: 
 retcode : 0
DEBUG 2019-11-03 18:02:25.792 UTC: 	 Proxy lifetime 42662 secs is different from voms extension lifetime 42661 secs for proxy: /tmp/x509up_u77410
DEBUG 2019-11-03 18:02:25.792 UTC: 	 Proxy valid for 11:51:01 hours
DEBUG 2019-11-03 18:02:25.906 UTC: 	 Executing : 
 command : openssl x509 -in ~/.globus/usercert.pem -subject -noout
 output : subject= /DC=ch/DC=cern/OU=Organic Units/OU=Users/CN=sthakur/CN=764789/CN=Shalini Thakur

 error: 
 retcode : 0
DEBUG 2019-11-03 18:02:25.906 UTC: 	 Checking credentials
DEBUG 2019-11-03 18:02:25.907 UTC: 	 Found proxy file /tmp/x509up_u77410
DEBUG 2019-11-03 18:02:25.907 UTC: 	 Getting proxy life time left
DEBUG 2019-11-03 18:02:26.715 UTC: 	 Executing : 
 command : voms-proxy-info -file /tmp/x509up_u77410 -timeleft
 output : 42660

 error: 
 retcode : 0
DEBUG 2019-11-03 18:02:27.523 UTC: 	 Executing : 
 command : voms-proxy-info -file /tmp/x509up_u77410 -actimeleft
 output : 42659

 error: 
 retcode : 0
DEBUG 2019-11-03 18:02:27.523 UTC: 	 Proxy lifetime 42660 secs is different from voms extension lifetime 42659 secs for proxy: /tmp/x509up_u77410
DEBUG 2019-11-03 18:02:27.523 UTC: 	 Proxy valid for 11:50:59 hours
DEBUG 2019-11-03 18:02:27.664 UTC: 	 Registering user credentials for server /DC=ch/DC=cern/OU=computers/CN=vocms(052|058|030|0118|0105|0109).cern.ch|/DC=ch/DC=cern/OU=computers/CN=crab-(preprod|prod)-tw(02|01).cern.ch
DEBUG 2019-11-03 18:02:27.777 UTC: 	 Executing : 
 command : openssl x509 -in ~/.globus/usercert.pem -subject -noout
 output : subject= /DC=ch/DC=cern/OU=Organic Units/OU=Users/CN=sthakur/CN=764789/CN=Shalini Thakur

 error: 
 retcode : 0
DEBUG 2019-11-03 18:02:27.777 UTC: 	 Getting myproxy life time left for myproxy.cern.ch
DEBUG 2019-11-03 18:02:27.777 UTC: 	 Calculating hash of /DC=ch/DC=cern/OU=Organic Units/OU=Users/CN=sthakur/CN=764789/CN=Shalini Thakur_cmsweb.cern.ch for credential name
DEBUG 2019-11-03 18:02:28.184 UTC: 	 Executing : 
 command : myproxy-info -l 9cd94953387eeee7bf4da2b7588630639ea1153b -s myproxy.cern.ch
 output : username: 9cd94953387eeee7bf4da2b7588630639ea1153b
owner: /DC=ch/DC=cern/OU=Organic Units/OU=Users/CN=sthakur/CN=764789/CN=Shalini Thakur
  renewal policy: /DC=ch/DC=cern/OU=computers/CN=vocms(052|058|030|0118|0105|0109).cern.ch|/DC=ch/DC=cern/OU=computers/CN=crab-(preprod|prod)-tw(02|01).cern.ch
  trusted retrieval policy: /DC=ch/DC=cern/OU=computers/CN=vocms(052|058|030|0118|0105|0109).cern.ch|/DC=ch/DC=cern/OU=computers/CN=crab-(preprod|prod)-tw(02|01).cern.ch
  timeleft: 504:35:32  (21.0 days)

 error: 
 retcode : 0
DEBUG 2019-11-03 18:02:28.186 UTC: 	 Myproxy is valid: 1816532
DEBUG 2019-11-03 18:02:28.305 UTC: 	 Command use: resubmit
DEBUG 2019-11-03 18:02:28.305 UTC: 	 Options use: ['CrabMC_20191101/crab_ExLepMuMuZ_M3000_MC_20191101']
DEBUG 2019-11-03 18:02:28.392 UTC: 	 CRABClient version: 3.3.1910.patch2
DEBUG 2019-11-03 18:02:28.393 UTC: 	 Instance is prod
DEBUG 2019-11-03 18:02:28.393 UTC: 	 Server base url is cmsweb.cern.ch
DEBUG 2019-11-03 18:02:28.393 UTC: 	 Command url /crabserver/prod/workflow
DEBUG 2019-11-03 18:02:28.429 UTC: 	 Running on: Linux lxplus737.cern.ch 3.10.0-1062.1.2.el7.x86_64 #1 SMP Mon Sep 30 14:19:46 UTC 2019 x86_64 x86_64 x86_64 GNU/Linux
Description:	CentOS Linux release 7.7.1908 (Core) 

DEBUG 2019-11-03 18:02:28.429 UTC: 	 Executing command: 'status'
DEBUG 2019-11-03 18:02:28.429 UTC: 	 Found CRAB cache file /afs/cern.ch/user/s/sthakur/.crab3
DEBUG 2019-11-03 18:02:28.437 UTC: 	 Checking credentials
DEBUG 2019-11-03 18:02:28.438 UTC: 	 Found proxy file /tmp/x509up_u77410
DEBUG 2019-11-03 18:02:28.438 UTC: 	 Getting proxy life time left
DEBUG 2019-11-03 18:02:29.146 UTC: 	 Executing : 
 command : voms-proxy-info -file /tmp/x509up_u77410 -timeleft
 output : 42657

 error: 
 retcode : 0
DEBUG 2019-11-03 18:02:29.853 UTC: 	 Executing : 
 command : voms-proxy-info -file /tmp/x509up_u77410 -actimeleft
 output : 42657

 error: 
 retcode : 0
DEBUG 2019-11-03 18:02:29.853 UTC: 	 Proxy valid for 11:50:57 hours
DEBUG 2019-11-03 18:02:30.047 UTC: 	 Executing : 
 command : openssl x509 -in ~/.globus/usercert.pem -subject -noout
 output : subject= /DC=ch/DC=cern/OU=Organic Units/OU=Users/CN=sthakur/CN=764789/CN=Shalini Thakur

 error: 
 retcode : 0
DEBUG 2019-11-03 18:02:30.047 UTC: 	 Checking credentials
DEBUG 2019-11-03 18:02:30.047 UTC: 	 Found proxy file /tmp/x509up_u77410
DEBUG 2019-11-03 18:02:30.047 UTC: 	 Getting proxy life time left
DEBUG 2019-11-03 18:02:30.753 UTC: 	 Executing : 
 command : voms-proxy-info -file /tmp/x509up_u77410 -timeleft
 output : 42656

 error: 
 retcode : 0
DEBUG 2019-11-03 18:02:31.562 UTC: 	 Executing : 
 command : voms-proxy-info -file /tmp/x509up_u77410 -actimeleft
 output : 42655

 error: 
 retcode : 0
DEBUG 2019-11-03 18:02:31.562 UTC: 	 Proxy lifetime 42656 secs is different from voms extension lifetime 42655 secs for proxy: /tmp/x509up_u77410
DEBUG 2019-11-03 18:02:31.562 UTC: 	 Proxy valid for 11:50:55 hours
DEBUG 2019-11-03 18:02:31.675 UTC: 	 Registering user credentials for server /DC=ch/DC=cern/OU=computers/CN=vocms(052|058|030|0118|0105|0109).cern.ch|/DC=ch/DC=cern/OU=computers/CN=crab-(preprod|prod)-tw(02|01).cern.ch
DEBUG 2019-11-03 18:02:31.786 UTC: 	 Executing : 
 command : openssl x509 -in ~/.globus/usercert.pem -subject -noout
 output : subject= /DC=ch/DC=cern/OU=Organic Units/OU=Users/CN=sthakur/CN=764789/CN=Shalini Thakur

 error: 
 retcode : 0
DEBUG 2019-11-03 18:02:31.787 UTC: 	 Getting myproxy life time left for myproxy.cern.ch
DEBUG 2019-11-03 18:02:31.787 UTC: 	 Calculating hash of /DC=ch/DC=cern/OU=Organic Units/OU=Users/CN=sthakur/CN=764789/CN=Shalini Thakur_cmsweb.cern.ch for credential name
DEBUG 2019-11-03 18:02:32.192 UTC: 	 Executing : 
 command : myproxy-info -l 9cd94953387eeee7bf4da2b7588630639ea1153b -s myproxy.cern.ch
 output : username: 9cd94953387eeee7bf4da2b7588630639ea1153b
owner: /DC=ch/DC=cern/OU=Organic Units/OU=Users/CN=sthakur/CN=764789/CN=Shalini Thakur
  renewal policy: /DC=ch/DC=cern/OU=computers/CN=vocms(052|058|030|0118|0105|0109).cern.ch|/DC=ch/DC=cern/OU=computers/CN=crab-(preprod|prod)-tw(02|01).cern.ch
  trusted retrieval policy: /DC=ch/DC=cern/OU=computers/CN=vocms(052|058|030|0118|0105|0109).cern.ch|/DC=ch/DC=cern/OU=computers/CN=crab-(preprod|prod)-tw(02|01).cern.ch
  timeleft: 504:35:28  (21.0 days)

 error: 
 retcode : 0
DEBUG 2019-11-03 18:02:32.192 UTC: 	 Myproxy is valid: 1816528
DEBUG 2019-11-03 18:02:32.193 UTC: 	 Command use: status
DEBUG 2019-11-03 18:02:32.193 UTC: 	 Options use: []
DEBUG 2019-11-03 18:02:32.272 UTC: 	 CRABClient version: 3.3.1910.patch2
DEBUG 2019-11-03 18:02:32.272 UTC: 	 Instance is prod
DEBUG 2019-11-03 18:02:32.272 UTC: 	 Server base url is cmsweb.cern.ch
DEBUG 2019-11-03 18:02:32.272 UTC: 	 Command url /crabserver/prod/workflow
DEBUG 2019-11-03 18:02:32.351 UTC: 	 Got information from server oracle database: {u'result': [u'191101_121616:sthakur_crab_ExLepMuMuZ_M3000_MC_20191101', u'None', u'None', u'SUBMITTED', u'SUBMIT', u'2019-11-01 12:16:16.655804', u'None', u'2019-11-01 12:17:05.147704', u'None', u'CMSSW_10_4_0', u'slc7_amd64_gcc700', u'/ExcitedLepton_MuMuZ-3000_TuneCP5_13TeV-pythia8/RunIIFall17MiniAODv2-PU2017_12Apr2018_94X_mc2017_realistic_v14-v1/MINIAODSIM', u'T', u'0', u'[]', u'[]', u'FileBased', u"{'splitOnRun': False, 'halt_job_on_file_boundaries': False, 'files_per_job': 10, 'runs': [], 'lumis': []}", u'0b2848333031e023458effcb5fbf89a6784da9c11b14c9ed0a22c2ab088a618f.tar.gz', u'https://cmsweb.cern.ch/crabcache', u'sthakur', u'/DC=ch/DC=cern/OU=Organic Units/OU=Users/CN=sthakur/CN=764789/CN=Shalini Thakur', u'cms', u'None', u'None', u'ExLepMuMuZ_M3000_MC_20191101-00000000000000000000000000000000', u'F', u'T2_IN_TIFR', u'https://cmsweb.cern.ch/dbs/prod/global/DBSReader', u'https://cmsweb.cern.ch/dbs/prod/phys03/DBSWriter', u'T', u'[]', u"['ExLepMuMuZ_M3000_MC_20191101_Ntuple.root']", u'[]', u'Analysis', u'pythia', u'None', u'{}', u'[]', u'F', u'crab-prod-tw01', u'[]', u'1250', u'1', u'2000', u'10', u'None', u'[]', u'http://vocms0144.cern.ch/mon/cms251/191101_121616:sthakur_crab_ExLepMuMuZ_M3000_MC_20191101', u'None', u'[]', u'[]', u'https://cmsweb.cern.ch/crabserver/prod', u'cmsgwms-collector-global.cern.ch:9620,cmssrv623.fnal.gov:9620', u'crab3@vocms0144.cern.ch', u'F', u'[]', u'T', u'/store/user/sthakur/ntuple_for2017MC_20191101/MC_20191101/ExLepMuMuZ_M3000_MC_20191101', u'F', u'None', u'F', u'None', u'ExcitedLepton_MuMuZ-3000_TuneCP5_13TeV-pythia8', u'None', u'48994b0d4e2cda0cc1569c71a8eaec9cb042a8da23f149880d5d869cd8a2b137.tar.gz', u'46405202', u'filetransfers', u'F', u'2001:1458:d00:2e::100:9b', u'0.0', u'None'], u'desc': {u'columns': [u'tm_taskname', u'tm_activity', u'panda_jobset_id', u'tm_task_status', u'tm_task_command', u'tm_start_time', u'tm_start_injection', u'tm_end_injection', u'tm_task_failure', u'tm_job_sw', u'tm_job_arch', u'tm_input_dataset', u'tm_nonvalid_input_dataset', u'tm_use_parent', u'tm_site_whitelist', u'tm_site_blacklist', u'tm_split_algo', u'tm_split_args', u'tm_user_sandbox', u'tm_cache_url', u'tm_username', u'tm_user_dn', u'tm_user_vo', u'tm_user_role', u'tm_user_group', u'tm_publish_name', u'tm_publish_groupname', u'tm_asyncdest', u'tm_dbs_url', u'tm_publish_dbs_url', u'tm_publication', u'tm_outfiles', u'tm_tfile_outfiles', u'tm_edm_outfiles', u'tm_job_type', u'tm_generator', u'tm_events_per_lumi', u'tm_arguments', u'panda_resubmitted_jobs', u'tm_save_logs', u'tw_name', u'tm_user_infiles', u'tm_maxjobruntime', u'tm_numcores', u'tm_maxmemory', u'tm_priority', u'tm_output_dataset', u'tm_task_warnings', u'tm_user_webdir', u'tm_scriptexe', u'tm_scriptargs', u'tm_extrajdl', u'tm_asourl', u'tm_collector', u'tm_schedd', u'tm_dry_run', u'tm_user_files', u'tm_transfer_outputs', u'tm_output_lfn', u'tm_ignore_locality', u'tm_fail_limit', u'tm_one_event_mode', u'tm_secondary_input_dataset', u'tm_primary_dataset', u'tm_last_publication', u'tm_debug_files', u'clusterid', u'tm_asodb', u'tm_ignore_global_blacklist', u'tm_submitter_ip_addr', u'tm_totalunits', u'tm_ddm_reqid']}}
INFO 2019-11-03 18:02:32.351 UTC: 	 CRAB project directory:		/afs/cern.ch/work/s/sthakur/xRavindra/MiniTree2017Data/CMSSW_10_4_0/src/ExLep2017Crab/crab/CrabMC_20191101/crab_ExLepMuMuZ_M3000_MC_20191101
INFO 2019-11-03 18:02:32.351 UTC: 	 Task name:			191101_121616:sthakur_crab_ExLepMuMuZ_M3000_MC_20191101
INFO 2019-11-03 18:02:32.352 UTC: 	 Grid scheduler - Task Worker:	crab3@vocms0144.cern.ch - crab-prod-tw01
INFO 2019-11-03 18:02:32.352 UTC: 	 Status on the CRAB server:	SUBMITTED
INFO 2019-11-03 18:02:32.352 UTC: 	 Task URL to use for HELP:	https://cmsweb.cern.ch/crabserver/ui/task/191101_121616%3Asthakur_crab_ExLepMuMuZ_M3000_MC_20191101
INFO 2019-11-03 18:02:32.352 UTC: 	 Dashboard monitoring URL:	https://monit-grafana.cern.ch/d/cmsTMDetail/cms-task-monitoring-task-view?orgId=11&var-user=sthakur&var-task=191101_121616%3Asthakur_crab_ExLepMuMuZ_M3000_MC_20191101
INFO 2019-11-03 18:02:32.352 UTC: 	 In case of issues with the dashboard, please provide feedback to hn-cms-computing-tools@cern.ch
DEBUG 2019-11-03 18:02:32.352 UTC: 	 The CRAB server submitted your task to the Grid scheduler (cluster ID: 46405202)
DEBUG 2019-11-03 18:02:32.352 UTC: 	 Webdir is located at http://vocms0144.cern.ch/mon/cms251/191101_121616:sthakur_crab_ExLepMuMuZ_M3000_MC_20191101
DEBUG 2019-11-03 18:02:32.438 UTC: 	 Proxied webdir is located at https://cmsweb.cern.ch/scheddmon/0144/cms251/191101_121616:sthakur_crab_ExLepMuMuZ_M3000_MC_20191101
DEBUG 2019-11-03 18:02:32.438 UTC: 	 Retrieving 'status_cache' file from https://cmsweb.cern.ch/scheddmon/0144/cms251/191101_121616:sthakur_crab_ExLepMuMuZ_M3000_MC_20191101/status_cache
DEBUG 2019-11-03 18:02:32.491 UTC: 	 Got information from status cache file: {'1': {'Retries': 0, 'WallDurations': [9.0, 1985.0], 'StartTimes': [1572610909.0], 'SubmitTimes': [1572610650.0], 'JobIds': ['46405212.0'], 'EndTimes': [1572612894.0], 'Restarts': 0, 'RecordedSite': True, 'State': 'finished', 'ResidentSetSize': [774672], 'TotalUserCpuTimeHistory': [1359], 'SiteHistory': ['Unknown', 'T2_US_MIT'], 'TotalSysCpuTimeHistory': [55]}, '2': {'Retries': 0, 'WallDurations': [9.0, 612.0], 'StartTimes': [1572610909.0], 'SubmitTimes': [1572610644.0], 'JobIds': ['46405210.0'], 'EndTimes': [1572611521.0], 'Restarts': 0, 'RecordedSite': True, 'State': 'finished', 'ResidentSetSize': [874428], 'TotalUserCpuTimeHistory': [320], 'SiteHistory': ['Unknown', 'T2_US_Florida'], 'TotalSysCpuTimeHistory': [21]}}
INFO 2019-11-03 18:02:32.491 UTC: 	 Status on the scheduler:	COMPLETED
INFO 2019-11-03 18:02:32.491 UTC: 	 
Jobs status:                    finished     		100.0% (2/2)
INFO 2019-11-03 18:02:32.569 UTC: 	 
No publication information available yet
INFO 2019-11-03 18:02:32.570 UTC: 	 
Warning: the max jobs runtime is less than 30% of the task requested value (1250 min), please consider to request a lower value for failed jobs (allowed through crab resubmit) and/or improve the jobs splitting (e.g. config.Data.splitting = 'Automatic') in a new task.
INFO 2019-11-03 18:02:32.570 UTC: 	 
Summary of run jobs:
 * Memory: 853MB min, 853MB max, 805MB ave
 * Runtime: 0:10:12 min, 0:33:05 max, 0:21:38 ave
 * CPU eff: 56% min, 71% max, 68% ave
 * Waste: 0:00:18 (1% of total)

DEBUG 2019-11-03 18:02:32.576 UTC: 	 Requesting resubmission of failed jobs in task 191101_121616:sthakur_crab_ExLepMuMuZ_M3000_MC_20191101
ERROR 2019-11-03 18:02:32.576 UTC: 	 Found no jobs to resubmit. Only jobs in status failed can be resubmitted. Jobs in status finished can also be resubmitted, but only if the jobids are specified and the force option is set.
ERROR 2019-11-03 18:02:32.576 UTC: 	 Caught exception
Traceback (most recent call last):
  File "/cvmfs/cms.cern.ch/crab3/slc6_amd64_gcc493/cms/crabclient/3.3.1910.patch2/bin/crab", line 160, in <module>
    client()
  File "/cvmfs/cms.cern.ch/crab3/slc6_amd64_gcc493/cms/crabclient/3.3.1910.patch2/bin/crab", line 147, in __call__
    self.cmd()
  File "/cvmfs/cms.cern.ch/crab3/slc6_amd64_gcc493/cms/crabclient/3.3.1910.patch2/lib/python2.7/site-packages/CRABClient/Commands/resubmit.py", line 63, in __call__
    self.jobids = self.processJobIds(jobList)
  File "/cvmfs/cms.cern.ch/crab3/slc6_amd64_gcc493/cms/crabclient/3.3.1910.patch2/lib/python2.7/site-packages/CRABClient/Commands/resubmit.py", line 172, in processJobIds
    raise ConfigurationException(msg)
ConfigurationException: Found no jobs to resubmit. Only jobs in status failed can be resubmitted. Jobs in status finished can also be resubmitted, but only if the jobids are specified and the force option is set.
DEBUG 2019-11-04 17:52:42.218 UTC: 	 Running on: Linux lxplus794.cern.ch 3.10.0-1062.4.1.el7.x86_64 #1 SMP Fri Oct 18 17:15:30 UTC 2019 x86_64 x86_64 x86_64 GNU/Linux
Description:	CentOS Linux release 7.7.1908 (Core) 

DEBUG 2019-11-04 17:52:42.219 UTC: 	 Executing command: 'status'
DEBUG 2019-11-04 17:52:42.219 UTC: 	 Found CRAB cache file /afs/cern.ch/user/s/sthakur/.crab3
DEBUG 2019-11-04 17:52:42.230 UTC: 	 Checking credentials
DEBUG 2019-11-04 17:52:42.230 UTC: 	 Found proxy file /tmp/x509up_u77410
DEBUG 2019-11-04 17:52:42.230 UTC: 	 Getting proxy life time left
DEBUG 2019-11-04 17:52:42.835 UTC: 	 Executing : 
 command : voms-proxy-info -file /tmp/x509up_u77410 -timeleft
 output : 43027

 error: 
 retcode : 0
DEBUG 2019-11-04 17:52:43.542 UTC: 	 Executing : 
 command : voms-proxy-info -file /tmp/x509up_u77410 -actimeleft
 output : 43026

 error: 
 retcode : 0
DEBUG 2019-11-04 17:52:43.542 UTC: 	 Proxy lifetime 43027 secs is different from voms extension lifetime 43026 secs for proxy: /tmp/x509up_u77410
DEBUG 2019-11-04 17:52:43.542 UTC: 	 Proxy valid for 11:57:06 hours
DEBUG 2019-11-04 17:52:43.787 UTC: 	 Executing : 
 command : openssl x509 -in ~/.globus/usercert.pem -subject -noout
 output : subject= /DC=ch/DC=cern/OU=Organic Units/OU=Users/CN=sthakur/CN=764789/CN=Shalini Thakur

 error: 
 retcode : 0
DEBUG 2019-11-04 17:52:43.787 UTC: 	 Checking credentials
DEBUG 2019-11-04 17:52:43.787 UTC: 	 Found proxy file /tmp/x509up_u77410
DEBUG 2019-11-04 17:52:43.787 UTC: 	 Getting proxy life time left
DEBUG 2019-11-04 17:52:44.494 UTC: 	 Executing : 
 command : voms-proxy-info -file /tmp/x509up_u77410 -timeleft
 output : 43025

 error: 
 retcode : 0
DEBUG 2019-11-04 17:52:45.100 UTC: 	 Executing : 
 command : voms-proxy-info -file /tmp/x509up_u77410 -actimeleft
 output : 43024

 error: 
 retcode : 0
DEBUG 2019-11-04 17:52:45.101 UTC: 	 Proxy lifetime 43025 secs is different from voms extension lifetime 43024 secs for proxy: /tmp/x509up_u77410
DEBUG 2019-11-04 17:52:45.101 UTC: 	 Proxy valid for 11:57:04 hours
DEBUG 2019-11-04 17:52:45.235 UTC: 	 Registering user credentials for server /DC=ch/DC=cern/OU=computers/CN=vocms(052|058|030|0118|0105|0109).cern.ch|/DC=ch/DC=cern/OU=computers/CN=crab-(preprod|prod)-tw(02|01).cern.ch
DEBUG 2019-11-04 17:52:45.347 UTC: 	 Executing : 
 command : openssl x509 -in ~/.globus/usercert.pem -subject -noout
 output : subject= /DC=ch/DC=cern/OU=Organic Units/OU=Users/CN=sthakur/CN=764789/CN=Shalini Thakur

 error: 
 retcode : 0
DEBUG 2019-11-04 17:52:45.348 UTC: 	 Getting myproxy life time left for myproxy.cern.ch
DEBUG 2019-11-04 17:52:45.348 UTC: 	 Calculating hash of /DC=ch/DC=cern/OU=Organic Units/OU=Users/CN=sthakur/CN=764789/CN=Shalini Thakur_cmsweb.cern.ch for credential name
DEBUG 2019-11-04 17:52:45.553 UTC: 	 Executing : 
 command : myproxy-info -l 9cd94953387eeee7bf4da2b7588630639ea1153b -s myproxy.cern.ch
 output : username: 9cd94953387eeee7bf4da2b7588630639ea1153b
owner: /DC=ch/DC=cern/OU=Organic Units/OU=Users/CN=sthakur/CN=764789/CN=Shalini Thakur
  renewal policy: /DC=ch/DC=cern/OU=computers/CN=vocms(052|058|030|0118|0105|0109).cern.ch|/DC=ch/DC=cern/OU=computers/CN=crab-(preprod|prod)-tw(02|01).cern.ch
  trusted retrieval policy: /DC=ch/DC=cern/OU=computers/CN=vocms(052|058|030|0118|0105|0109).cern.ch|/DC=ch/DC=cern/OU=computers/CN=crab-(preprod|prod)-tw(02|01).cern.ch
  timeleft: 480:45:15  (20.0 days)

 error: 
 retcode : 0
DEBUG 2019-11-04 17:52:45.554 UTC: 	 Myproxy is valid: 1730715
DEBUG 2019-11-04 17:52:45.555 UTC: 	 Command use: status
DEBUG 2019-11-04 17:52:45.555 UTC: 	 Options use: ['--verboseErrors', 'CrabMC_20191101/crab_ExLepMuMuZ_M3000_MC_20191101']
DEBUG 2019-11-04 17:52:45.631 UTC: 	 CRABClient version: 3.3.1910.patch2
DEBUG 2019-11-04 17:52:45.631 UTC: 	 Instance is prod
DEBUG 2019-11-04 17:52:45.631 UTC: 	 Server base url is cmsweb.cern.ch
DEBUG 2019-11-04 17:52:45.631 UTC: 	 Command url /crabserver/prod/workflow
DEBUG 2019-11-04 17:52:45.739 UTC: 	 Got information from server oracle database: {u'result': [u'191101_121616:sthakur_crab_ExLepMuMuZ_M3000_MC_20191101', u'None', u'None', u'SUBMITTED', u'SUBMIT', u'2019-11-01 12:16:16.655804', u'None', u'2019-11-01 12:17:05.147704', u'None', u'CMSSW_10_4_0', u'slc7_amd64_gcc700', u'/ExcitedLepton_MuMuZ-3000_TuneCP5_13TeV-pythia8/RunIIFall17MiniAODv2-PU2017_12Apr2018_94X_mc2017_realistic_v14-v1/MINIAODSIM', u'T', u'0', u'[]', u'[]', u'FileBased', u"{'splitOnRun': False, 'halt_job_on_file_boundaries': False, 'files_per_job': 10, 'runs': [], 'lumis': []}", u'0b2848333031e023458effcb5fbf89a6784da9c11b14c9ed0a22c2ab088a618f.tar.gz', u'https://cmsweb.cern.ch/crabcache', u'sthakur', u'/DC=ch/DC=cern/OU=Organic Units/OU=Users/CN=sthakur/CN=764789/CN=Shalini Thakur', u'cms', u'None', u'None', u'ExLepMuMuZ_M3000_MC_20191101-00000000000000000000000000000000', u'F', u'T2_IN_TIFR', u'https://cmsweb.cern.ch/dbs/prod/global/DBSReader', u'https://cmsweb.cern.ch/dbs/prod/phys03/DBSWriter', u'T', u'[]', u"['ExLepMuMuZ_M3000_MC_20191101_Ntuple.root']", u'[]', u'Analysis', u'pythia', u'None', u'{}', u'[]', u'F', u'crab-prod-tw01', u'[]', u'1250', u'1', u'2000', u'10', u'None', u'[]', u'http://vocms0144.cern.ch/mon/cms251/191101_121616:sthakur_crab_ExLepMuMuZ_M3000_MC_20191101', u'None', u'[]', u'[]', u'https://cmsweb.cern.ch/crabserver/prod', u'cmsgwms-collector-global.cern.ch:9620,cmssrv623.fnal.gov:9620', u'crab3@vocms0144.cern.ch', u'F', u'[]', u'T', u'/store/user/sthakur/ntuple_for2017MC_20191101/MC_20191101/ExLepMuMuZ_M3000_MC_20191101', u'F', u'None', u'F', u'None', u'ExcitedLepton_MuMuZ-3000_TuneCP5_13TeV-pythia8', u'None', u'48994b0d4e2cda0cc1569c71a8eaec9cb042a8da23f149880d5d869cd8a2b137.tar.gz', u'46405202', u'filetransfers', u'F', u'2001:1458:d00:2e::100:9b', u'0.0', u'None'], u'desc': {u'columns': [u'tm_taskname', u'tm_activity', u'panda_jobset_id', u'tm_task_status', u'tm_task_command', u'tm_start_time', u'tm_start_injection', u'tm_end_injection', u'tm_task_failure', u'tm_job_sw', u'tm_job_arch', u'tm_input_dataset', u'tm_nonvalid_input_dataset', u'tm_use_parent', u'tm_site_whitelist', u'tm_site_blacklist', u'tm_split_algo', u'tm_split_args', u'tm_user_sandbox', u'tm_cache_url', u'tm_username', u'tm_user_dn', u'tm_user_vo', u'tm_user_role', u'tm_user_group', u'tm_publish_name', u'tm_publish_groupname', u'tm_asyncdest', u'tm_dbs_url', u'tm_publish_dbs_url', u'tm_publication', u'tm_outfiles', u'tm_tfile_outfiles', u'tm_edm_outfiles', u'tm_job_type', u'tm_generator', u'tm_events_per_lumi', u'tm_arguments', u'panda_resubmitted_jobs', u'tm_save_logs', u'tw_name', u'tm_user_infiles', u'tm_maxjobruntime', u'tm_numcores', u'tm_maxmemory', u'tm_priority', u'tm_output_dataset', u'tm_task_warnings', u'tm_user_webdir', u'tm_scriptexe', u'tm_scriptargs', u'tm_extrajdl', u'tm_asourl', u'tm_collector', u'tm_schedd', u'tm_dry_run', u'tm_user_files', u'tm_transfer_outputs', u'tm_output_lfn', u'tm_ignore_locality', u'tm_fail_limit', u'tm_one_event_mode', u'tm_secondary_input_dataset', u'tm_primary_dataset', u'tm_last_publication', u'tm_debug_files', u'clusterid', u'tm_asodb', u'tm_ignore_global_blacklist', u'tm_submitter_ip_addr', u'tm_totalunits', u'tm_ddm_reqid']}}
INFO 2019-11-04 17:52:45.740 UTC: 	 CRAB project directory:		/afs/cern.ch/work/s/sthakur/xRavindra/MiniTree2017Data/CMSSW_10_4_0/src/ExLep2017Crab/crab/CrabMC_20191101/crab_ExLepMuMuZ_M3000_MC_20191101
INFO 2019-11-04 17:52:45.740 UTC: 	 Task name:			191101_121616:sthakur_crab_ExLepMuMuZ_M3000_MC_20191101
INFO 2019-11-04 17:52:45.740 UTC: 	 Grid scheduler - Task Worker:	crab3@vocms0144.cern.ch - crab-prod-tw01
INFO 2019-11-04 17:52:45.740 UTC: 	 Status on the CRAB server:	SUBMITTED
INFO 2019-11-04 17:52:45.741 UTC: 	 Task URL to use for HELP:	https://cmsweb.cern.ch/crabserver/ui/task/191101_121616%3Asthakur_crab_ExLepMuMuZ_M3000_MC_20191101
INFO 2019-11-04 17:52:45.741 UTC: 	 Dashboard monitoring URL:	https://monit-grafana.cern.ch/d/cmsTMDetail/cms-task-monitoring-task-view?orgId=11&var-user=sthakur&var-task=191101_121616%3Asthakur_crab_ExLepMuMuZ_M3000_MC_20191101
INFO 2019-11-04 17:52:45.741 UTC: 	 In case of issues with the dashboard, please provide feedback to hn-cms-computing-tools@cern.ch
DEBUG 2019-11-04 17:52:45.741 UTC: 	 The CRAB server submitted your task to the Grid scheduler (cluster ID: 46405202)
DEBUG 2019-11-04 17:52:45.741 UTC: 	 Webdir is located at http://vocms0144.cern.ch/mon/cms251/191101_121616:sthakur_crab_ExLepMuMuZ_M3000_MC_20191101
DEBUG 2019-11-04 17:52:45.816 UTC: 	 Proxied webdir is located at https://cmsweb.cern.ch/scheddmon/0144/cms251/191101_121616:sthakur_crab_ExLepMuMuZ_M3000_MC_20191101
DEBUG 2019-11-04 17:52:45.816 UTC: 	 Retrieving 'status_cache' file from https://cmsweb.cern.ch/scheddmon/0144/cms251/191101_121616:sthakur_crab_ExLepMuMuZ_M3000_MC_20191101/status_cache
DEBUG 2019-11-04 17:52:46.124 UTC: 	 Got information from status cache file: {'1': {'Retries': 0, 'WallDurations': [9.0, 1985.0], 'StartTimes': [1572610909.0], 'SubmitTimes': [1572610650.0], 'JobIds': ['46405212.0'], 'EndTimes': [1572612894.0], 'Restarts': 0, 'RecordedSite': True, 'State': 'finished', 'ResidentSetSize': [774672], 'TotalUserCpuTimeHistory': [1359], 'SiteHistory': ['Unknown', 'T2_US_MIT'], 'TotalSysCpuTimeHistory': [55]}, '2': {'Retries': 0, 'WallDurations': [9.0, 612.0], 'StartTimes': [1572610909.0], 'SubmitTimes': [1572610644.0], 'JobIds': ['46405210.0'], 'EndTimes': [1572611521.0], 'Restarts': 0, 'RecordedSite': True, 'State': 'finished', 'ResidentSetSize': [874428], 'TotalUserCpuTimeHistory': [320], 'SiteHistory': ['Unknown', 'T2_US_Florida'], 'TotalSysCpuTimeHistory': [21]}}
INFO 2019-11-04 17:52:46.124 UTC: 	 Status on the scheduler:	COMPLETED
INFO 2019-11-04 17:52:46.125 UTC: 	 
Jobs status:                    finished     		100.0% (2/2)
INFO 2019-11-04 17:52:46.195 UTC: 	 
No publication information available yet
INFO 2019-11-04 17:52:46.195 UTC: 	 
Warning: the max jobs runtime is less than 30% of the task requested value (1250 min), please consider to request a lower value for failed jobs (allowed through crab resubmit) and/or improve the jobs splitting (e.g. config.Data.splitting = 'Automatic') in a new task.
INFO 2019-11-04 17:52:46.195 UTC: 	 
Summary of run jobs:
 * Memory: 853MB min, 853MB max, 805MB ave
 * Runtime: 0:10:12 min, 0:33:05 max, 0:21:38 ave
 * CPU eff: 56% min, 71% max, 68% ave
 * Waste: 0:00:18 (1% of total)

INFO 2019-11-04 17:52:46.229 UTC: 	 Log file is /afs/cern.ch/work/s/sthakur/xRavindra/MiniTree2017Data/CMSSW_10_4_0/src/ExLep2017Crab/crab/CrabMC_20191101/crab_ExLepMuMuZ_M3000_MC_20191101/crab.log
DEBUG 2019-11-11 18:32:32.439 UTC: 	 Running on: Linux lxplus745.cern.ch 3.10.0-1062.4.1.el7.x86_64 #1 SMP Fri Oct 18 17:15:30 UTC 2019 x86_64 x86_64 x86_64 GNU/Linux - CentOS Linux 7 (Core)
DEBUG 2019-11-11 18:32:32.454 UTC: 	 OpenSSl version: OpenSSL 1.0.2h  3 May 2016
DEBUG 2019-11-11 18:32:32.454 UTC: 	 Executing command: 'status'
DEBUG 2019-11-11 18:32:32.454 UTC: 	 Found CRAB cache file /afs/cern.ch/user/s/sthakur/.crab3
DEBUG 2019-11-11 18:32:32.490 UTC: 	 Checking credentials
DEBUG 2019-11-11 18:32:32.490 UTC: 	 Found proxy file /tmp/x509up_u77410
DEBUG 2019-11-11 18:32:32.490 UTC: 	 Getting proxy life time left
DEBUG 2019-11-11 18:32:33.614 UTC: 	 Executing : 
 command : voms-proxy-info -file /tmp/x509up_u77410 -timeleft
 output : 38907

 error: 
 retcode : 0
DEBUG 2019-11-11 18:32:34.934 UTC: 	 Executing : 
 command : voms-proxy-info -file /tmp/x509up_u77410 -actimeleft
 output : 38906

 error: 
 retcode : 0
DEBUG 2019-11-11 18:32:34.934 UTC: 	 Proxy lifetime 38907 secs is different from voms extension lifetime 38906 secs for proxy: /tmp/x509up_u77410
DEBUG 2019-11-11 18:32:34.934 UTC: 	 Proxy valid for 10:48:26 hours
DEBUG 2019-11-11 18:32:35.105 UTC: 	 Executing : 
 command : openssl x509 -in ~/.globus/usercert.pem -subject -noout
 output : subject= /DC=ch/DC=cern/OU=Organic Units/OU=Users/CN=sthakur/CN=764789/CN=Shalini Thakur

 error: 
 retcode : 0
DEBUG 2019-11-11 18:32:35.106 UTC: 	 Checking credentials
DEBUG 2019-11-11 18:32:35.106 UTC: 	 Found proxy file /tmp/x509up_u77410
DEBUG 2019-11-11 18:32:35.106 UTC: 	 Getting proxy life time left
DEBUG 2019-11-11 18:32:36.225 UTC: 	 Executing : 
 command : voms-proxy-info -file /tmp/x509up_u77410 -timeleft
 output : 38904

 error: 
 retcode : 0
DEBUG 2019-11-11 18:32:37.356 UTC: 	 Executing : 
 command : voms-proxy-info -file /tmp/x509up_u77410 -actimeleft
 output : 38903

 error: 
 retcode : 0
DEBUG 2019-11-11 18:32:37.356 UTC: 	 Proxy lifetime 38904 secs is different from voms extension lifetime 38903 secs for proxy: /tmp/x509up_u77410
DEBUG 2019-11-11 18:32:37.356 UTC: 	 Proxy valid for 10:48:23 hours
DEBUG 2019-11-11 18:32:37.434 UTC: 	 Registering user credentials for server /DC=ch/DC=cern/OU=computers/CN=vocms(052|058|030|0118|0105|0109).cern.ch|/DC=ch/DC=cern/OU=computers/CN=crab-(preprod|prod)-tw(02|01).cern.ch
DEBUG 2019-11-11 18:32:37.548 UTC: 	 Executing : 
 command : openssl x509 -in ~/.globus/usercert.pem -subject -noout
 output : subject= /DC=ch/DC=cern/OU=Organic Units/OU=Users/CN=sthakur/CN=764789/CN=Shalini Thakur

 error: 
 retcode : 0
DEBUG 2019-11-11 18:32:37.548 UTC: 	 Getting myproxy life time left for myproxy.cern.ch
DEBUG 2019-11-11 18:32:37.548 UTC: 	 Calculating hash of /DC=ch/DC=cern/OU=Organic Units/OU=Users/CN=sthakur/CN=764789/CN=Shalini Thakur_cmsweb.cern.ch for credential name
DEBUG 2019-11-11 18:32:37.862 UTC: 	 Executing : 
 command : myproxy-info -l 9cd94953387eeee7bf4da2b7588630639ea1153b -s myproxy.cern.ch
 output : username: 9cd94953387eeee7bf4da2b7588630639ea1153b
owner: /DC=ch/DC=cern/OU=Organic Units/OU=Users/CN=sthakur/CN=764789/CN=Shalini Thakur
  renewal policy: /DC=ch/DC=cern/OU=computers/CN=vocms(052|058|030|0118|0105|0109).cern.ch|/DC=ch/DC=cern/OU=computers/CN=crab-(preprod|prod)-tw(02|01).cern.ch
  trusted retrieval policy: /DC=ch/DC=cern/OU=computers/CN=vocms(052|058|030|0118|0105|0109).cern.ch|/DC=ch/DC=cern/OU=computers/CN=crab-(preprod|prod)-tw(02|01).cern.ch
  timeleft: 711:00:42  (29.6 days)

 error: 
 retcode : 0
DEBUG 2019-11-11 18:32:37.864 UTC: 	 Myproxy is valid: 2559642
DEBUG 2019-11-11 18:32:37.865 UTC: 	 Command use: status
DEBUG 2019-11-11 18:32:37.865 UTC: 	 Options use: ['--verboseErrors', 'CrabMC_20191101/crab_ExLepMuMuZ_M3000_MC_20191101']
DEBUG 2019-11-11 18:32:37.976 UTC: 	 CRABClient version: 3.3.1911
DEBUG 2019-11-11 18:32:37.976 UTC: 	 Instance is prod
DEBUG 2019-11-11 18:32:37.976 UTC: 	 Server base url is cmsweb.cern.ch
DEBUG 2019-11-11 18:32:37.976 UTC: 	 Command url /crabserver/prod/workflow
DEBUG 2019-11-11 18:32:38.160 UTC: 	 Got information from server oracle database: {u'result': [u'191101_121616:sthakur_crab_ExLepMuMuZ_M3000_MC_20191101', u'None', u'None', u'SUBMITTED', u'SUBMIT', u'2019-11-01 12:16:16.655804', u'None', u'2019-11-01 12:17:05.147704', u'None', u'CMSSW_10_4_0', u'slc7_amd64_gcc700', u'/ExcitedLepton_MuMuZ-3000_TuneCP5_13TeV-pythia8/RunIIFall17MiniAODv2-PU2017_12Apr2018_94X_mc2017_realistic_v14-v1/MINIAODSIM', u'T', u'0', u'[]', u'[]', u'FileBased', u"{'splitOnRun': False, 'halt_job_on_file_boundaries': False, 'files_per_job': 10, 'runs': [], 'lumis': []}", u'0b2848333031e023458effcb5fbf89a6784da9c11b14c9ed0a22c2ab088a618f.tar.gz', u'https://cmsweb.cern.ch/crabcache', u'sthakur', u'/DC=ch/DC=cern/OU=Organic Units/OU=Users/CN=sthakur/CN=764789/CN=Shalini Thakur', u'cms', u'None', u'None', u'ExLepMuMuZ_M3000_MC_20191101-00000000000000000000000000000000', u'F', u'T2_IN_TIFR', u'https://cmsweb.cern.ch/dbs/prod/global/DBSReader', u'https://cmsweb.cern.ch/dbs/prod/phys03/DBSWriter', u'T', u'[]', u"['ExLepMuMuZ_M3000_MC_20191101_Ntuple.root']", u'[]', u'Analysis', u'pythia', u'None', u'{}', u'[]', u'F', u'crab-prod-tw01', u'[]', u'1250', u'1', u'2000', u'10', u'None', u'[]', u'http://vocms0144.cern.ch/mon/cms251/191101_121616:sthakur_crab_ExLepMuMuZ_M3000_MC_20191101', u'None', u'[]', u'[]', u'https://cmsweb.cern.ch/crabserver/prod', u'cmsgwms-collector-global.cern.ch:9620,cmssrv623.fnal.gov:9620', u'crab3@vocms0144.cern.ch', u'F', u'[]', u'T', u'/store/user/sthakur/ntuple_for2017MC_20191101/MC_20191101/ExLepMuMuZ_M3000_MC_20191101', u'F', u'None', u'F', u'None', u'ExcitedLepton_MuMuZ-3000_TuneCP5_13TeV-pythia8', u'None', u'48994b0d4e2cda0cc1569c71a8eaec9cb042a8da23f149880d5d869cd8a2b137.tar.gz', u'46405202', u'filetransfers', u'F', u'2001:1458:d00:2e::100:9b', u'0.0', u'None'], u'desc': {u'columns': [u'tm_taskname', u'tm_activity', u'panda_jobset_id', u'tm_task_status', u'tm_task_command', u'tm_start_time', u'tm_start_injection', u'tm_end_injection', u'tm_task_failure', u'tm_job_sw', u'tm_job_arch', u'tm_input_dataset', u'tm_nonvalid_input_dataset', u'tm_use_parent', u'tm_site_whitelist', u'tm_site_blacklist', u'tm_split_algo', u'tm_split_args', u'tm_user_sandbox', u'tm_cache_url', u'tm_username', u'tm_user_dn', u'tm_user_vo', u'tm_user_role', u'tm_user_group', u'tm_publish_name', u'tm_publish_groupname', u'tm_asyncdest', u'tm_dbs_url', u'tm_publish_dbs_url', u'tm_publication', u'tm_outfiles', u'tm_tfile_outfiles', u'tm_edm_outfiles', u'tm_job_type', u'tm_generator', u'tm_events_per_lumi', u'tm_arguments', u'panda_resubmitted_jobs', u'tm_save_logs', u'tw_name', u'tm_user_infiles', u'tm_maxjobruntime', u'tm_numcores', u'tm_maxmemory', u'tm_priority', u'tm_output_dataset', u'tm_task_warnings', u'tm_user_webdir', u'tm_scriptexe', u'tm_scriptargs', u'tm_extrajdl', u'tm_asourl', u'tm_collector', u'tm_schedd', u'tm_dry_run', u'tm_user_files', u'tm_transfer_outputs', u'tm_output_lfn', u'tm_ignore_locality', u'tm_fail_limit', u'tm_one_event_mode', u'tm_secondary_input_dataset', u'tm_primary_dataset', u'tm_last_publication', u'tm_debug_files', u'clusterid', u'tm_asodb', u'tm_ignore_global_blacklist', u'tm_submitter_ip_addr', u'tm_totalunits', u'tm_ddm_reqid']}}
INFO 2019-11-11 18:32:38.160 UTC: 	 CRAB project directory:		/afs/cern.ch/work/s/sthakur/xRavindra/MiniTree2017Data/CMSSW_10_4_0/src/ExLep2017Crab/crab/CrabMC_20191101/crab_ExLepMuMuZ_M3000_MC_20191101
INFO 2019-11-11 18:32:38.160 UTC: 	 Task name:			191101_121616:sthakur_crab_ExLepMuMuZ_M3000_MC_20191101
INFO 2019-11-11 18:32:38.160 UTC: 	 Grid scheduler - Task Worker:	crab3@vocms0144.cern.ch - crab-prod-tw01
INFO 2019-11-11 18:32:38.160 UTC: 	 Status on the CRAB server:	SUBMITTED
INFO 2019-11-11 18:32:38.161 UTC: 	 Task URL to use for HELP:	https://cmsweb.cern.ch/crabserver/ui/task/191101_121616%3Asthakur_crab_ExLepMuMuZ_M3000_MC_20191101
INFO 2019-11-11 18:32:38.161 UTC: 	 Dashboard monitoring URL:	https://monit-grafana.cern.ch/d/cmsTMDetail/cms-task-monitoring-task-view?orgId=11&var-user=sthakur&var-task=191101_121616%3Asthakur_crab_ExLepMuMuZ_M3000_MC_20191101
INFO 2019-11-11 18:32:38.161 UTC: 	 In case of issues with the dashboard, please provide feedback to hn-cms-computing-tools@cern.ch
DEBUG 2019-11-11 18:32:38.161 UTC: 	 The CRAB server submitted your task to the Grid scheduler (cluster ID: 46405202)
DEBUG 2019-11-11 18:32:38.161 UTC: 	 Webdir is located at http://vocms0144.cern.ch/mon/cms251/191101_121616:sthakur_crab_ExLepMuMuZ_M3000_MC_20191101
DEBUG 2019-11-11 18:32:38.251 UTC: 	 Proxied webdir is located at https://cmsweb.cern.ch/scheddmon/0144/cms251/191101_121616:sthakur_crab_ExLepMuMuZ_M3000_MC_20191101
DEBUG 2019-11-11 18:32:38.251 UTC: 	 Retrieving 'status_cache' file from https://cmsweb.cern.ch/scheddmon/0144/cms251/191101_121616:sthakur_crab_ExLepMuMuZ_M3000_MC_20191101/status_cache
DEBUG 2019-11-11 18:32:38.581 UTC: 	 Got information from status cache file: {'1': {'Retries': 0, 'WallDurations': [9.0, 1985.0], 'StartTimes': [1572610909.0], 'SubmitTimes': [1572610650.0], 'JobIds': ['46405212.0'], 'EndTimes': [1572612894.0], 'Restarts': 0, 'RecordedSite': True, 'State': 'finished', 'ResidentSetSize': [774672], 'TotalUserCpuTimeHistory': [1359], 'SiteHistory': ['Unknown', 'T2_US_MIT'], 'TotalSysCpuTimeHistory': [55]}, '2': {'Retries': 0, 'WallDurations': [9.0, 612.0], 'StartTimes': [1572610909.0], 'SubmitTimes': [1572610644.0], 'JobIds': ['46405210.0'], 'EndTimes': [1572611521.0], 'Restarts': 0, 'RecordedSite': True, 'State': 'finished', 'ResidentSetSize': [874428], 'TotalUserCpuTimeHistory': [320], 'SiteHistory': ['Unknown', 'T2_US_Florida'], 'TotalSysCpuTimeHistory': [21]}}
INFO 2019-11-11 18:32:38.581 UTC: 	 Status on the scheduler:	COMPLETED
INFO 2019-11-11 18:32:38.581 UTC: 	 
Jobs status:                    finished     		100.0% (2/2)
INFO 2019-11-11 18:32:38.679 UTC: 	 
No publication information available yet
INFO 2019-11-11 18:32:38.679 UTC: 	 
Warning: the max jobs runtime is less than 30% of the task requested value (1250 min), please consider to request a lower value for failed jobs (allowed through crab resubmit) and/or improve the jobs splitting (e.g. config.Data.splitting = 'Automatic') in a new task.
INFO 2019-11-11 18:32:38.679 UTC: 	 
Summary of run jobs:
 * Memory: 853MB min, 853MB max, 805MB ave
 * Runtime: 0:10:12 min, 0:33:05 max, 0:21:38 ave
 * CPU eff: 56% min, 71% max, 68% ave
 * Waste: 0:00:18 (1% of total)

INFO 2019-11-11 18:32:38.710 UTC: 	 Log file is /afs/cern.ch/work/s/sthakur/xRavindra/MiniTree2017Data/CMSSW_10_4_0/src/ExLep2017Crab/crab/CrabMC_20191101/crab_ExLepMuMuZ_M3000_MC_20191101/crab.log
DEBUG 2019-11-11 18:48:32.476 UTC: 	 Running on: Linux lxplus714.cern.ch 3.10.0-1062.4.1.el7.x86_64 #1 SMP Fri Oct 18 17:15:30 UTC 2019 x86_64 x86_64 x86_64 GNU/Linux - CentOS Linux 7 (Core)
DEBUG 2019-11-11 18:48:32.492 UTC: 	 OpenSSl version: OpenSSL 1.0.2k-fips  26 Jan 2017 (Library: OpenSSL 1.0.2d-fips 9 Jul 2015)
DEBUG 2019-11-11 18:48:32.492 UTC: 	 Executing command: 'status'
DEBUG 2019-11-11 18:48:32.493 UTC: 	 Found CRAB cache file /afs/cern.ch/user/s/sthakur/.crab3
DEBUG 2019-11-11 18:48:32.506 UTC: 	 Checking credentials
DEBUG 2019-11-11 18:48:32.506 UTC: 	 Found proxy file /tmp/x509up_u77410
DEBUG 2019-11-11 18:48:32.507 UTC: 	 Getting proxy life time left
DEBUG 2019-11-11 18:48:33.213 UTC: 	 Executing : 
 command : voms-proxy-info -file /tmp/x509up_u77410 -timeleft
 output : 43078

 error: 
 retcode : 0
DEBUG 2019-11-11 18:48:33.920 UTC: 	 Executing : 
 command : voms-proxy-info -file /tmp/x509up_u77410 -actimeleft
 output : 43078

 error: 
 retcode : 0
DEBUG 2019-11-11 18:48:33.920 UTC: 	 Proxy valid for 11:57:58 hours
DEBUG 2019-11-11 18:48:34.145 UTC: 	 Executing : 
 command : openssl x509 -in ~/.globus/usercert.pem -subject -noout
 output : subject= /DC=ch/DC=cern/OU=Organic Units/OU=Users/CN=sthakur/CN=764789/CN=Shalini Thakur

 error: 
 retcode : 0
DEBUG 2019-11-11 18:48:34.145 UTC: 	 Checking credentials
DEBUG 2019-11-11 18:48:34.145 UTC: 	 Found proxy file /tmp/x509up_u77410
DEBUG 2019-11-11 18:48:34.145 UTC: 	 Getting proxy life time left
DEBUG 2019-11-11 18:48:34.954 UTC: 	 Executing : 
 command : voms-proxy-info -file /tmp/x509up_u77410 -timeleft
 output : 43077

 error: 
 retcode : 0
DEBUG 2019-11-11 18:48:35.663 UTC: 	 Executing : 
 command : voms-proxy-info -file /tmp/x509up_u77410 -actimeleft
 output : 43076

 error: 
 retcode : 0
DEBUG 2019-11-11 18:48:35.663 UTC: 	 Proxy lifetime 43077 secs is different from voms extension lifetime 43076 secs for proxy: /tmp/x509up_u77410
DEBUG 2019-11-11 18:48:35.663 UTC: 	 Proxy valid for 11:57:56 hours
DEBUG 2019-11-11 18:48:35.773 UTC: 	 Registering user credentials for server /DC=ch/DC=cern/OU=computers/CN=vocms(052|058|030|0118|0105|0109).cern.ch|/DC=ch/DC=cern/OU=computers/CN=crab-(preprod|prod)-tw(02|01).cern.ch
DEBUG 2019-11-11 18:48:35.885 UTC: 	 Executing : 
 command : openssl x509 -in ~/.globus/usercert.pem -subject -noout
 output : subject= /DC=ch/DC=cern/OU=Organic Units/OU=Users/CN=sthakur/CN=764789/CN=Shalini Thakur

 error: 
 retcode : 0
DEBUG 2019-11-11 18:48:35.886 UTC: 	 Getting myproxy life time left for myproxy.cern.ch
DEBUG 2019-11-11 18:48:35.886 UTC: 	 Calculating hash of /DC=ch/DC=cern/OU=Organic Units/OU=Users/CN=sthakur/CN=764789/CN=Shalini Thakur_cmsweb.cern.ch for credential name
DEBUG 2019-11-11 18:48:37.093 UTC: 	 Executing : 
 command : myproxy-info -l 9cd94953387eeee7bf4da2b7588630639ea1153b -s myproxy.cern.ch
 output : username: 9cd94953387eeee7bf4da2b7588630639ea1153b
owner: /DC=ch/DC=cern/OU=Organic Units/OU=Users/CN=sthakur/CN=764789/CN=Shalini Thakur
  renewal policy: /DC=ch/DC=cern/OU=computers/CN=vocms(052|058|030|0118|0105|0109).cern.ch|/DC=ch/DC=cern/OU=computers/CN=crab-(preprod|prod)-tw(02|01).cern.ch
  trusted retrieval policy: /DC=ch/DC=cern/OU=computers/CN=vocms(052|058|030|0118|0105|0109).cern.ch|/DC=ch/DC=cern/OU=computers/CN=crab-(preprod|prod)-tw(02|01).cern.ch
  timeleft: 710:44:42  (29.6 days)

 error: 
 retcode : 0
DEBUG 2019-11-11 18:48:37.095 UTC: 	 Myproxy is valid: 2558682
DEBUG 2019-11-11 18:48:37.096 UTC: 	 Command use: status
DEBUG 2019-11-11 18:48:37.096 UTC: 	 Options use: ['--verboseErrors', 'CrabMC_20191101/crab_ExLepMuMuZ_M3000_MC_20191101']
DEBUG 2019-11-11 18:48:37.182 UTC: 	 CRABClient version: 3.3.1911
DEBUG 2019-11-11 18:48:37.182 UTC: 	 Instance is prod
DEBUG 2019-11-11 18:48:37.182 UTC: 	 Server base url is cmsweb.cern.ch
DEBUG 2019-11-11 18:48:37.182 UTC: 	 Command url /crabserver/prod/workflow
DEBUG 2019-11-11 18:48:37.269 UTC: 	 Got information from server oracle database: {u'result': [u'191101_121616:sthakur_crab_ExLepMuMuZ_M3000_MC_20191101', u'None', u'None', u'SUBMITTED', u'SUBMIT', u'2019-11-01 12:16:16.655804', u'None', u'2019-11-01 12:17:05.147704', u'None', u'CMSSW_10_4_0', u'slc7_amd64_gcc700', u'/ExcitedLepton_MuMuZ-3000_TuneCP5_13TeV-pythia8/RunIIFall17MiniAODv2-PU2017_12Apr2018_94X_mc2017_realistic_v14-v1/MINIAODSIM', u'T', u'0', u'[]', u'[]', u'FileBased', u"{'splitOnRun': False, 'halt_job_on_file_boundaries': False, 'files_per_job': 10, 'runs': [], 'lumis': []}", u'0b2848333031e023458effcb5fbf89a6784da9c11b14c9ed0a22c2ab088a618f.tar.gz', u'https://cmsweb.cern.ch/crabcache', u'sthakur', u'/DC=ch/DC=cern/OU=Organic Units/OU=Users/CN=sthakur/CN=764789/CN=Shalini Thakur', u'cms', u'None', u'None', u'ExLepMuMuZ_M3000_MC_20191101-00000000000000000000000000000000', u'F', u'T2_IN_TIFR', u'https://cmsweb.cern.ch/dbs/prod/global/DBSReader', u'https://cmsweb.cern.ch/dbs/prod/phys03/DBSWriter', u'T', u'[]', u"['ExLepMuMuZ_M3000_MC_20191101_Ntuple.root']", u'[]', u'Analysis', u'pythia', u'None', u'{}', u'[]', u'F', u'crab-prod-tw01', u'[]', u'1250', u'1', u'2000', u'10', u'None', u'[]', u'http://vocms0144.cern.ch/mon/cms251/191101_121616:sthakur_crab_ExLepMuMuZ_M3000_MC_20191101', u'None', u'[]', u'[]', u'https://cmsweb.cern.ch/crabserver/prod', u'cmsgwms-collector-global.cern.ch:9620,cmssrv623.fnal.gov:9620', u'crab3@vocms0144.cern.ch', u'F', u'[]', u'T', u'/store/user/sthakur/ntuple_for2017MC_20191101/MC_20191101/ExLepMuMuZ_M3000_MC_20191101', u'F', u'None', u'F', u'None', u'ExcitedLepton_MuMuZ-3000_TuneCP5_13TeV-pythia8', u'None', u'48994b0d4e2cda0cc1569c71a8eaec9cb042a8da23f149880d5d869cd8a2b137.tar.gz', u'46405202', u'filetransfers', u'F', u'2001:1458:d00:2e::100:9b', u'0.0', u'None'], u'desc': {u'columns': [u'tm_taskname', u'tm_activity', u'panda_jobset_id', u'tm_task_status', u'tm_task_command', u'tm_start_time', u'tm_start_injection', u'tm_end_injection', u'tm_task_failure', u'tm_job_sw', u'tm_job_arch', u'tm_input_dataset', u'tm_nonvalid_input_dataset', u'tm_use_parent', u'tm_site_whitelist', u'tm_site_blacklist', u'tm_split_algo', u'tm_split_args', u'tm_user_sandbox', u'tm_cache_url', u'tm_username', u'tm_user_dn', u'tm_user_vo', u'tm_user_role', u'tm_user_group', u'tm_publish_name', u'tm_publish_groupname', u'tm_asyncdest', u'tm_dbs_url', u'tm_publish_dbs_url', u'tm_publication', u'tm_outfiles', u'tm_tfile_outfiles', u'tm_edm_outfiles', u'tm_job_type', u'tm_generator', u'tm_events_per_lumi', u'tm_arguments', u'panda_resubmitted_jobs', u'tm_save_logs', u'tw_name', u'tm_user_infiles', u'tm_maxjobruntime', u'tm_numcores', u'tm_maxmemory', u'tm_priority', u'tm_output_dataset', u'tm_task_warnings', u'tm_user_webdir', u'tm_scriptexe', u'tm_scriptargs', u'tm_extrajdl', u'tm_asourl', u'tm_collector', u'tm_schedd', u'tm_dry_run', u'tm_user_files', u'tm_transfer_outputs', u'tm_output_lfn', u'tm_ignore_locality', u'tm_fail_limit', u'tm_one_event_mode', u'tm_secondary_input_dataset', u'tm_primary_dataset', u'tm_last_publication', u'tm_debug_files', u'clusterid', u'tm_asodb', u'tm_ignore_global_blacklist', u'tm_submitter_ip_addr', u'tm_totalunits', u'tm_ddm_reqid']}}
INFO 2019-11-11 18:48:37.269 UTC: 	 CRAB project directory:		/afs/cern.ch/work/s/sthakur/xRavindra/MiniTree2017Data/CMSSW_10_4_0/src/ExLep2017Crab/crab/CrabMC_20191101/crab_ExLepMuMuZ_M3000_MC_20191101
INFO 2019-11-11 18:48:37.269 UTC: 	 Task name:			191101_121616:sthakur_crab_ExLepMuMuZ_M3000_MC_20191101
INFO 2019-11-11 18:48:37.270 UTC: 	 Grid scheduler - Task Worker:	crab3@vocms0144.cern.ch - crab-prod-tw01
INFO 2019-11-11 18:48:37.270 UTC: 	 Status on the CRAB server:	SUBMITTED
INFO 2019-11-11 18:48:37.270 UTC: 	 Task URL to use for HELP:	https://cmsweb.cern.ch/crabserver/ui/task/191101_121616%3Asthakur_crab_ExLepMuMuZ_M3000_MC_20191101
INFO 2019-11-11 18:48:37.270 UTC: 	 Dashboard monitoring URL:	https://monit-grafana.cern.ch/d/cmsTMDetail/cms-task-monitoring-task-view?orgId=11&var-user=sthakur&var-task=191101_121616%3Asthakur_crab_ExLepMuMuZ_M3000_MC_20191101
INFO 2019-11-11 18:48:37.270 UTC: 	 In case of issues with the dashboard, please provide feedback to hn-cms-computing-tools@cern.ch
DEBUG 2019-11-11 18:48:37.270 UTC: 	 The CRAB server submitted your task to the Grid scheduler (cluster ID: 46405202)
DEBUG 2019-11-11 18:48:37.270 UTC: 	 Webdir is located at http://vocms0144.cern.ch/mon/cms251/191101_121616:sthakur_crab_ExLepMuMuZ_M3000_MC_20191101
DEBUG 2019-11-11 18:48:37.355 UTC: 	 Proxied webdir is located at https://cmsweb.cern.ch/scheddmon/0144/cms251/191101_121616:sthakur_crab_ExLepMuMuZ_M3000_MC_20191101
DEBUG 2019-11-11 18:48:37.355 UTC: 	 Retrieving 'status_cache' file from https://cmsweb.cern.ch/scheddmon/0144/cms251/191101_121616:sthakur_crab_ExLepMuMuZ_M3000_MC_20191101/status_cache
DEBUG 2019-11-11 18:48:37.410 UTC: 	 Got information from status cache file: {'1': {'Retries': 0, 'WallDurations': [9.0, 1985.0], 'StartTimes': [1572610909.0], 'SubmitTimes': [1572610650.0], 'JobIds': ['46405212.0'], 'EndTimes': [1572612894.0], 'Restarts': 0, 'RecordedSite': True, 'State': 'finished', 'ResidentSetSize': [774672], 'TotalUserCpuTimeHistory': [1359], 'SiteHistory': ['Unknown', 'T2_US_MIT'], 'TotalSysCpuTimeHistory': [55]}, '2': {'Retries': 0, 'WallDurations': [9.0, 612.0], 'StartTimes': [1572610909.0], 'SubmitTimes': [1572610644.0], 'JobIds': ['46405210.0'], 'EndTimes': [1572611521.0], 'Restarts': 0, 'RecordedSite': True, 'State': 'finished', 'ResidentSetSize': [874428], 'TotalUserCpuTimeHistory': [320], 'SiteHistory': ['Unknown', 'T2_US_Florida'], 'TotalSysCpuTimeHistory': [21]}}
INFO 2019-11-11 18:48:37.410 UTC: 	 Status on the scheduler:	COMPLETED
INFO 2019-11-11 18:48:37.411 UTC: 	 
Jobs status:                    finished     		100.0% (2/2)
INFO 2019-11-11 18:48:37.486 UTC: 	 
No publication information available yet
INFO 2019-11-11 18:48:37.487 UTC: 	 
Warning: the max jobs runtime is less than 30% of the task requested value (1250 min), please consider to request a lower value for failed jobs (allowed through crab resubmit) and/or improve the jobs splitting (e.g. config.Data.splitting = 'Automatic') in a new task.
INFO 2019-11-11 18:48:37.487 UTC: 	 
Summary of run jobs:
 * Memory: 853MB min, 853MB max, 805MB ave
 * Runtime: 0:10:12 min, 0:33:05 max, 0:21:38 ave
 * CPU eff: 56% min, 71% max, 68% ave
 * Waste: 0:00:18 (1% of total)

INFO 2019-11-11 18:48:37.499 UTC: 	 Log file is /afs/cern.ch/work/s/sthakur/xRavindra/MiniTree2017Data/CMSSW_10_4_0/src/ExLep2017Crab/crab/CrabMC_20191101/crab_ExLepMuMuZ_M3000_MC_20191101/crab.log
