DEBUG 2019-11-01 12:12:24.900 UTC: 	 Running on: Linux lxplus707.cern.ch 3.10.0-1062.1.2.el7.x86_64 #1 SMP Mon Sep 30 14:19:46 UTC 2019 x86_64 x86_64 x86_64 GNU/Linux
Description:	CentOS Linux release 7.7.1908 (Core) 

DEBUG 2019-11-01 12:12:24.900 UTC: 	 Executing command: 'submit'
DEBUG 2019-11-01 12:12:24.912 UTC: 	 Found CRAB cache file /afs/cern.ch/user/s/sthakur/.crab3
DEBUG 2019-11-01 12:12:24.920 UTC: 	 Checking credentials
DEBUG 2019-11-01 12:12:24.920 UTC: 	 Found proxy file /tmp/x509up_u77410
DEBUG 2019-11-01 12:12:24.920 UTC: 	 Getting proxy life time left
DEBUG 2019-11-01 12:12:25.626 UTC: 	 Executing : 
 command : voms-proxy-info -file /tmp/x509up_u77410 -timeleft
 output : 43053

 error: 
 retcode : 0
DEBUG 2019-11-01 12:12:26.332 UTC: 	 Executing : 
 command : voms-proxy-info -file /tmp/x509up_u77410 -actimeleft
 output : 43052

 error: 
 retcode : 0
DEBUG 2019-11-01 12:12:26.332 UTC: 	 Proxy lifetime 43053 secs is different from voms extension lifetime 43052 secs for proxy: /tmp/x509up_u77410
DEBUG 2019-11-01 12:12:26.332 UTC: 	 Proxy valid for 11:57:32 hours
DEBUG 2019-11-01 12:12:26.333 UTC: 	 Will use CRAB Analysis plugin (i.e. will run an analysis job type).
DEBUG 2019-11-01 12:12:26.468 UTC: 	 Executing : 
 command : openssl x509 -in ~/.globus/usercert.pem -subject -noout
 output : subject= /DC=ch/DC=cern/OU=Organic Units/OU=Users/CN=sthakur/CN=764789/CN=Shalini Thakur

 error: 
 retcode : 0
DEBUG 2019-11-01 12:12:26.468 UTC: 	 Checking credentials
DEBUG 2019-11-01 12:12:26.468 UTC: 	 Found proxy file /tmp/x509up_u77410
DEBUG 2019-11-01 12:12:26.468 UTC: 	 Getting proxy life time left
DEBUG 2019-11-01 12:12:27.174 UTC: 	 Executing : 
 command : voms-proxy-info -file /tmp/x509up_u77410 -timeleft
 output : 43051

 error: 
 retcode : 0
DEBUG 2019-11-01 12:12:27.880 UTC: 	 Executing : 
 command : voms-proxy-info -file /tmp/x509up_u77410 -actimeleft
 output : 43051

 error: 
 retcode : 0
DEBUG 2019-11-01 12:12:27.880 UTC: 	 Proxy valid for 11:57:31 hours
DEBUG 2019-11-01 12:12:28.586 UTC: 	 Executing : 
 command : env X509_USER_PROXY=/tmp/x509up_u77410 voms-proxy-info -fqan
 output : /cms/Role=NULL/Capability=NULL

 error: 
 retcode : 0
DEBUG 2019-11-01 12:12:28.696 UTC: 	 Registering user credentials for server /DC=ch/DC=cern/OU=computers/CN=vocms(052|058|030|0118|0105|0109).cern.ch|/DC=ch/DC=cern/OU=computers/CN=crab-(preprod|prod)-tw(02|01).cern.ch
DEBUG 2019-11-01 12:12:28.806 UTC: 	 Executing : 
 command : openssl x509 -in ~/.globus/usercert.pem -subject -noout
 output : subject= /DC=ch/DC=cern/OU=Organic Units/OU=Users/CN=sthakur/CN=764789/CN=Shalini Thakur

 error: 
 retcode : 0
DEBUG 2019-11-01 12:12:28.806 UTC: 	 Getting myproxy life time left for myproxy.cern.ch
DEBUG 2019-11-01 12:12:28.806 UTC: 	 Calculating hash of /DC=ch/DC=cern/OU=Organic Units/OU=Users/CN=sthakur/CN=764789/CN=Shalini Thakur_cmsweb.cern.ch for credential name
DEBUG 2019-11-01 12:12:29.111 UTC: 	 Executing : 
 command : myproxy-info -l 9cd94953387eeee7bf4da2b7588630639ea1153b -s myproxy.cern.ch
 output : username: 9cd94953387eeee7bf4da2b7588630639ea1153b
owner: /DC=ch/DC=cern/OU=Organic Units/OU=Users/CN=sthakur/CN=764789/CN=Shalini Thakur
  renewal policy: /DC=ch/DC=cern/OU=computers/CN=vocms(052|058|030|0118|0105|0109).cern.ch|/DC=ch/DC=cern/OU=computers/CN=crab-(preprod|prod)-tw(02|01).cern.ch
  trusted retrieval policy: /DC=ch/DC=cern/OU=computers/CN=vocms(052|058|030|0118|0105|0109).cern.ch|/DC=ch/DC=cern/OU=computers/CN=crab-(preprod|prod)-tw(02|01).cern.ch
  timeleft: 558:25:31  (23.3 days)

 error: 
 retcode : 0
DEBUG 2019-11-01 12:12:29.113 UTC: 	 Myproxy is valid: 2010331
DEBUG 2019-11-01 12:12:29.113 UTC: 	 Command use: submit
DEBUG 2019-11-01 12:12:29.113 UTC: 	 Options use: ['--config', <WMCore.Configuration.Configuration object at 0x7fc28999bf90>]
DEBUG 2019-11-01 12:12:29.204 UTC: 	 CRABClient version: 3.3.1910.patch2
DEBUG 2019-11-01 12:12:29.204 UTC: 	 Instance is prod
DEBUG 2019-11-01 12:12:29.204 UTC: 	 Server base url is cmsweb.cern.ch
DEBUG 2019-11-01 12:12:29.204 UTC: 	 Command url /crabserver/prod/workflow
DEBUG 2019-11-01 12:12:29.204 UTC: 	 Started submission
DEBUG 2019-11-01 12:12:29.204 UTC: 	 Working on /afs/cern.ch/work/s/sthakur/xRavindra/MiniTree2017Data/CMSSW_10_4_0/src/ExLep2017Crab/crab/CrabMC_20191101/crab_ExLepEEZ_M3000_MC_20191101
DEBUG 2019-11-01 12:12:29.399 UTC: 	 Loading required information from the environment
DEBUG 2019-11-01 12:12:29.399 UTC: 	 Found CMSSW_10_4_0 for slc7_amd64_gcc700 with base /afs/cern.ch/work/s/sthakur/xRavindra/MiniTree2017Data/CMSSW_10_4_0
DEBUG 2019-11-01 12:12:29.399 UTC: 	 Loading required information from the environment
DEBUG 2019-11-01 12:12:29.399 UTC: 	 Found CMSSW_10_4_0 for slc7_amd64_gcc700 with base /afs/cern.ch/work/s/sthakur/xRavindra/MiniTree2017Data/CMSSW_10_4_0
DEBUG 2019-11-01 12:12:29.416 UTC: 	 UNIQUE NAME: tarUUID 9df9ba05-d7ee-4d00-aab4-0000bf8398fe 
DEBUG 2019-11-01 12:12:29.416 UTC: 	 self.config: from WMCore.Configuration import Configuration
config = Configuration()
config.section_('General')
config.General.workArea = 'CrabMC_20191101'
config.General.transferOutputs = True
config.General.transferLogs = False
config.General.requestName = 'ExLepEEZ_M3000_MC_20191101'
config.section_('JobType')
config.JobType.psetName = '20191101/config/ExLepEEZ_M3000_MC_20191101_cfg.py'
config.JobType.pluginName = 'Analysis'
config.JobType.inputFiles = ['../../ExLep2017Tree/Selection/test/Fall17_V3_MC_PtResolution_AK8PF.txt', '../../ExLep2017Tree/Selection/test/Fall17_V3_MC_SF_AK8PF.txt']
config.JobType.allowUndistributedCMSSW = True
config.JobType.maxMemoryMB = 2000
config.section_('Data')
config.Data.inputDataset = '/ExcitedLepton_EEZ-3000_TuneCP5_13TeV-pythia8/RunIIFall17MiniAODv2-PU2017_12Apr2018_94X_mc2017_realistic_v14-v1/MINIAODSIM'
config.Data.allowNonValidInputDataset = True
config.Data.unitsPerJob = 10
config.Data.inputDBS = 'global'
config.Data.splitting = 'FileBased'
config.Data.outputDatasetTag = 'ExLepEEZ_M3000_MC_20191101'
config.Data.outLFNDirBase = '/store/user/sthakur/ntuple_for2017MC_20191101/MC_20191101/ExLepEEZ_M3000_MC_20191101'
config.section_('Site')
config.Site.storageSite = 'T2_IN_TIFR'
config.section_('User')
config.section_('Debug')

DEBUG 2019-11-01 12:12:29.416 UTC: 	 self.config.JobType.psetName: 20191101/config/ExLepEEZ_M3000_MC_20191101_cfg.py
INFO 2019-11-01 12:12:29.416 UTC: 	 Importing CMSSW configuration 20191101/config/ExLepEEZ_M3000_MC_20191101_cfg.py
INFO 2019-11-01 12:12:29.669 UTC: 	 Finished importing CMSSW configuration 20191101/config/ExLepEEZ_M3000_MC_20191101_cfg.py
DEBUG 2019-11-01 12:12:29.670 UTC: 	 Writing CMSSW configuration to /afs/cern.ch/work/s/sthakur/xRavindra/MiniTree2017Data/CMSSW_10_4_0/src/ExLep2017Crab/crab/CrabMC_20191101/crab_ExLepEEZ_M3000_MC_20191101/inputs/PSet.py
DEBUG 2019-11-01 12:12:29.714 UTC: 	 The following EDM output files will be collected: []
DEBUG 2019-11-01 12:12:29.714 UTC: 	 The following TFile output files will be collected: ['ExLepEEZ_M3000_MC_20191101_Ntuple.root']
DEBUG 2019-11-01 12:12:29.714 UTC: 	 The following user output files (not listed as PoolOuputModule or TFileService in the CMSSW PSet) will be collected: 
DEBUG 2019-11-01 12:12:29.714 UTC: 	 Loading required information from the environment
DEBUG 2019-11-01 12:12:29.714 UTC: 	 Found CMSSW_10_4_0 for slc7_amd64_gcc700 with base /afs/cern.ch/work/s/sthakur/xRavindra/MiniTree2017Data/CMSSW_10_4_0
DEBUG 2019-11-01 12:12:29.714 UTC: 	 Making tarball in /afs/cern.ch/work/s/sthakur/xRavindra/MiniTree2017Data/CMSSW_10_4_0/src/ExLep2017Crab/crab/CrabMC_20191101/crab_ExLepEEZ_M3000_MC_20191101/inputs/9df9ba05-d7ee-4d00-aab4-0000bf8398fedefault.tgz
DEBUG 2019-11-01 12:12:29.715 UTC: 	 Checking directory /afs/cern.ch/work/s/sthakur/xRavindra/MiniTree2017Data/CMSSW_10_4_0/lib
DEBUG 2019-11-01 12:12:29.716 UTC: 	 Adding directory /afs/cern.ch/work/s/sthakur/xRavindra/MiniTree2017Data/CMSSW_10_4_0/lib to tarball
DEBUG 2019-11-01 12:12:29.727 UTC: 	 Checking directory /afs/cern.ch/work/s/sthakur/xRavindra/MiniTree2017Data/CMSSW_10_4_0/biglib
DEBUG 2019-11-01 12:12:29.727 UTC: 	 Adding directory /afs/cern.ch/work/s/sthakur/xRavindra/MiniTree2017Data/CMSSW_10_4_0/biglib to tarball
DEBUG 2019-11-01 12:12:29.728 UTC: 	 Checking directory /afs/cern.ch/work/s/sthakur/xRavindra/MiniTree2017Data/CMSSW_10_4_0/module
DEBUG 2019-11-01 12:12:29.737 UTC: 	 Adding data directory /afs/cern.ch/work/s/sthakur/xRavindra/MiniTree2017Data/CMSSW_10_4_0/src/ExLep2017Tree/Selection/interface to tarball
DEBUG 2019-11-01 12:12:29.749 UTC: 	 Adding file ../../ExLep2017Tree/Selection/test/Fall17_V3_MC_PtResolution_AK8PF.txt to tarball
DEBUG 2019-11-01 12:12:29.750 UTC: 	 Adding file ../../ExLep2017Tree/Selection/test/Fall17_V3_MC_SF_AK8PF.txt to tarball
DEBUG 2019-11-01 12:12:29.893 UTC: 	 Uploading archive /afs/cern.ch/work/s/sthakur/xRavindra/MiniTree2017Data/CMSSW_10_4_0/src/ExLep2017Crab/crab/CrabMC_20191101/crab_ExLepEEZ_M3000_MC_20191101/inputs/9df9ba05-d7ee-4d00-aab4-0000bf8398fedefault.tgz (239 KB) to the CRAB cache. Using URI https://cmsweb.cern.ch/crabcache
DEBUG 2019-11-01 12:12:30.290 UTC: 	 Loading required information from the environment
DEBUG 2019-11-01 12:12:30.291 UTC: 	 Found CMSSW_10_4_0 for slc7_amd64_gcc700 with base /afs/cern.ch/work/s/sthakur/xRavindra/MiniTree2017Data/CMSSW_10_4_0
DEBUG 2019-11-01 12:12:30.291 UTC: 	 Making tarball in /afs/cern.ch/work/s/sthakur/xRavindra/MiniTree2017Data/CMSSW_10_4_0/src/ExLep2017Crab/crab/CrabMC_20191101/crab_ExLepEEZ_M3000_MC_20191101/inputs/debugFiles.tgz
DEBUG 2019-11-01 12:12:30.296 UTC: 	 Uploading archive /afs/cern.ch/work/s/sthakur/xRavindra/MiniTree2017Data/CMSSW_10_4_0/src/ExLep2017Crab/crab/CrabMC_20191101/crab_ExLepEEZ_M3000_MC_20191101/inputs/debugFiles.tgz (2 KB) to the CRAB cache. Using URI https://cmsweb.cern.ch/crabcache
DEBUG 2019-11-01 12:12:30.420 UTC: 	 Result uploading input files: d871678ada58a8d4d2819562f78f85652d607f5d94f4da2966620c299823120a.tar.gz 
WARNING 2019-11-01 12:12:30.420 UTC: 	 Warning: The following output files will not be published, as they are not EDM files: ['ExLepEEZ_M3000_MC_20191101_Ntuple.root']
INFO 2019-11-01 12:12:30.421 UTC: 	 Sending the request to the server at cmsweb.cern.ch
DEBUG 2019-11-01 12:12:30.421 UTC: 	 Submitting {'maxjobruntime': 1250, 'extrajdl': [], 'ignorelocality': 0, 'savelogsflag': 0, 'useparent': 0, 'asyncdest': 'T2_IN_TIFR', 'algoargs': 10, 'cachefilename': 'd871678ada58a8d4d2819562f78f85652d607f5d94f4da2966620c299823120a.tar.gz', 'numcores': 1, 'addoutputfiles': [], 'generator': 'pythia', 'maxmemory': 2000, 'publishdbsurl': 'https://cmsweb.cern.ch/dbs/prod/phys03/DBSWriter', 'priority': 10, 'jobsw': 'CMSSW_10_4_0', 'edmoutfiles': [], 'userfiles': [], 'primarydataset': '', 'inputdata': '/ExcitedLepton_EEZ-3000_TuneCP5_13TeV-pythia8/RunIIFall17MiniAODv2-PU2017_12Apr2018_94X_mc2017_realistic_v14-v1/MINIAODSIM', 'lfn': '/store/user/sthakur/ntuple_for2017MC_20191101/MC_20191101/ExLepEEZ_M3000_MC_20191101', 'dryrun': 0, 'workflow': 'crab_ExLepEEZ_M3000_MC_20191101', 'cacheurl': u'https://cmsweb.cern.ch/crabcache', 'nonprodsw': 1, 'tfileoutfiles': ['ExLepEEZ_M3000_MC_20191101_Ntuple.root'], 'oneEventMode': 0, 'debugfilename': '42075fd03448f7a134f5e70972f51197ce9919e91a8bd25693550d798d516bd2.tar.gz', 'saveoutput': 1, 'publication': 1, 'jobarch': 'slc7_amd64_gcc700', 'totalunits': 0, 'splitalgo': 'FileBased', 'ignoreglobalblacklist': 0, 'nonvaliddata': 1, 'dbsurl': 'https://cmsweb.cern.ch/dbs/prod/global/DBSReader', 'publishgroupname': 0, 'jobtype': 'Analysis', 'publishname2': 'ExLepEEZ_M3000_MC_20191101'} 
DEBUG 2019-11-01 12:12:30.422 UTC: 	 Encoded submit request: maxjobruntime=1250&ignorelocality=0&savelogsflag=0&useparent=0&asyncdest=T2_IN_TIFR&algoargs=10&cachefilename=d871678ada58a8d4d2819562f78f85652d607f5d94f4da2966620c299823120a.tar.gz&numcores=1&generator=pythia&maxmemory=2000&publishdbsurl=https%3A%2F%2Fcmsweb.cern.ch%2Fdbs%2Fprod%2Fphys03%2FDBSWriter&priority=10&jobsw=CMSSW_10_4_0&primarydataset=&inputdata=%2FExcitedLepton_EEZ-3000_TuneCP5_13TeV-pythia8%2FRunIIFall17MiniAODv2-PU2017_12Apr2018_94X_mc2017_realistic_v14-v1%2FMINIAODSIM&lfn=%2Fstore%2Fuser%2Fsthakur%2Fntuple_for2017MC_20191101%2FMC_20191101%2FExLepEEZ_M3000_MC_20191101&dryrun=0&workflow=crab_ExLepEEZ_M3000_MC_20191101&cacheurl=https%3A%2F%2Fcmsweb.cern.ch%2Fcrabcache&nonprodsw=1&oneEventMode=0&debugfilename=42075fd03448f7a134f5e70972f51197ce9919e91a8bd25693550d798d516bd2.tar.gz&saveoutput=1&publication=1&jobarch=slc7_amd64_gcc700&totalunits=0&splitalgo=FileBased&ignoreglobalblacklist=0&nonvaliddata=1&dbsurl=https%3A%2F%2Fcmsweb.cern.ch%2Fdbs%2Fprod%2Fglobal%2FDBSReader&publishgroupname=0&jobtype=Analysis&publishname2=ExLepEEZ_M3000_MC_20191101&tfileoutfiles=ExLepEEZ_M3000_MC_20191101_Ntuple.root
DEBUG 2019-11-01 12:12:30.561 UTC: 	 Result: {u'result': [{u'RequestName': u'191101_121230:sthakur_crab_ExLepEEZ_M3000_MC_20191101'}]}
INFO 2019-11-01 12:12:30.564 UTC: 	 Success: Your task has been delivered to the prod CRAB3 server.
INFO 2019-11-01 12:12:30.565 UTC: 	 Task name: 191101_121230:sthakur_crab_ExLepEEZ_M3000_MC_20191101
INFO 2019-11-01 12:12:30.565 UTC: 	 Project dir: CrabMC_20191101/crab_ExLepEEZ_M3000_MC_20191101
INFO 2019-11-01 12:12:30.565 UTC: 	 Please use 'crab status -d CrabMC_20191101/crab_ExLepEEZ_M3000_MC_20191101' to check how the submission process proceeds.
DEBUG 2019-11-01 12:12:30.565 UTC: 	 About to return
DEBUG 2019-11-01 12:48:31.500 UTC: 	 Running on: Linux lxplus707.cern.ch 3.10.0-1062.1.2.el7.x86_64 #1 SMP Mon Sep 30 14:19:46 UTC 2019 x86_64 x86_64 x86_64 GNU/Linux
Description:	CentOS Linux release 7.7.1908 (Core) 

DEBUG 2019-11-01 12:48:31.501 UTC: 	 Executing command: 'status'
DEBUG 2019-11-01 12:48:31.501 UTC: 	 Found CRAB cache file /afs/cern.ch/user/s/sthakur/.crab3
DEBUG 2019-11-01 12:48:31.512 UTC: 	 Checking credentials
DEBUG 2019-11-01 12:48:31.512 UTC: 	 Found proxy file /tmp/x509up_u77410
DEBUG 2019-11-01 12:48:31.512 UTC: 	 Getting proxy life time left
DEBUG 2019-11-01 12:48:32.217 UTC: 	 Executing : 
 command : voms-proxy-info -file /tmp/x509up_u77410 -timeleft
 output : 40886

 error: 
 retcode : 0
DEBUG 2019-11-01 12:48:32.822 UTC: 	 Executing : 
 command : voms-proxy-info -file /tmp/x509up_u77410 -actimeleft
 output : 40886

 error: 
 retcode : 0
DEBUG 2019-11-01 12:48:32.823 UTC: 	 Proxy valid for 11:21:26 hours
DEBUG 2019-11-01 12:48:33.048 UTC: 	 Executing : 
 command : openssl x509 -in ~/.globus/usercert.pem -subject -noout
 output : subject= /DC=ch/DC=cern/OU=Organic Units/OU=Users/CN=sthakur/CN=764789/CN=Shalini Thakur

 error: 
 retcode : 0
DEBUG 2019-11-01 12:48:33.048 UTC: 	 Checking credentials
DEBUG 2019-11-01 12:48:33.049 UTC: 	 Found proxy file /tmp/x509up_u77410
DEBUG 2019-11-01 12:48:33.049 UTC: 	 Getting proxy life time left
DEBUG 2019-11-01 12:48:33.755 UTC: 	 Executing : 
 command : voms-proxy-info -file /tmp/x509up_u77410 -timeleft
 output : 40885

 error: 
 retcode : 0
DEBUG 2019-11-01 12:48:34.461 UTC: 	 Executing : 
 command : voms-proxy-info -file /tmp/x509up_u77410 -actimeleft
 output : 40884

 error: 
 retcode : 0
DEBUG 2019-11-01 12:48:34.461 UTC: 	 Proxy lifetime 40885 secs is different from voms extension lifetime 40884 secs for proxy: /tmp/x509up_u77410
DEBUG 2019-11-01 12:48:34.461 UTC: 	 Proxy valid for 11:21:24 hours
DEBUG 2019-11-01 12:48:34.548 UTC: 	 Registering user credentials for server /DC=ch/DC=cern/OU=computers/CN=vocms(052|058|030|0118|0105|0109).cern.ch|/DC=ch/DC=cern/OU=computers/CN=crab-(preprod|prod)-tw(02|01).cern.ch
DEBUG 2019-11-01 12:48:34.659 UTC: 	 Executing : 
 command : openssl x509 -in ~/.globus/usercert.pem -subject -noout
 output : subject= /DC=ch/DC=cern/OU=Organic Units/OU=Users/CN=sthakur/CN=764789/CN=Shalini Thakur

 error: 
 retcode : 0
DEBUG 2019-11-01 12:48:34.659 UTC: 	 Getting myproxy life time left for myproxy.cern.ch
DEBUG 2019-11-01 12:48:34.659 UTC: 	 Calculating hash of /DC=ch/DC=cern/OU=Organic Units/OU=Users/CN=sthakur/CN=764789/CN=Shalini Thakur_cmsweb.cern.ch for credential name
DEBUG 2019-11-01 12:48:34.967 UTC: 	 Executing : 
 command : myproxy-info -l 9cd94953387eeee7bf4da2b7588630639ea1153b -s myproxy.cern.ch
 output : username: 9cd94953387eeee7bf4da2b7588630639ea1153b
owner: /DC=ch/DC=cern/OU=Organic Units/OU=Users/CN=sthakur/CN=764789/CN=Shalini Thakur
  renewal policy: /DC=ch/DC=cern/OU=computers/CN=vocms(052|058|030|0118|0105|0109).cern.ch|/DC=ch/DC=cern/OU=computers/CN=crab-(preprod|prod)-tw(02|01).cern.ch
  trusted retrieval policy: /DC=ch/DC=cern/OU=computers/CN=vocms(052|058|030|0118|0105|0109).cern.ch|/DC=ch/DC=cern/OU=computers/CN=crab-(preprod|prod)-tw(02|01).cern.ch
  timeleft: 557:49:26  (23.2 days)

 error: 
 retcode : 0
DEBUG 2019-11-01 12:48:34.968 UTC: 	 Myproxy is valid: 2008166
DEBUG 2019-11-01 12:48:34.969 UTC: 	 Command use: status
DEBUG 2019-11-01 12:48:34.969 UTC: 	 Options use: ['--verboseErrors', 'CrabMC_20191101/crab_ExLepEEZ_M3000_MC_20191101']
DEBUG 2019-11-01 12:48:35.109 UTC: 	 CRABClient version: 3.3.1910.patch2
DEBUG 2019-11-01 12:48:35.109 UTC: 	 Instance is prod
DEBUG 2019-11-01 12:48:35.109 UTC: 	 Server base url is cmsweb.cern.ch
DEBUG 2019-11-01 12:48:35.109 UTC: 	 Command url /crabserver/prod/workflow
DEBUG 2019-11-01 12:48:35.189 UTC: 	 Got information from server oracle database: {u'result': [u'191101_121230:sthakur_crab_ExLepEEZ_M3000_MC_20191101', u'None', u'None', u'SUBMITTED', u'SUBMIT', u'2019-11-01 12:12:30.532559', u'None', u'2019-11-01 12:13:19.060722', u'None', u'CMSSW_10_4_0', u'slc7_amd64_gcc700', u'/ExcitedLepton_EEZ-3000_TuneCP5_13TeV-pythia8/RunIIFall17MiniAODv2-PU2017_12Apr2018_94X_mc2017_realistic_v14-v1/MINIAODSIM', u'T', u'0', u'[]', u'[]', u'FileBased', u"{'splitOnRun': False, 'halt_job_on_file_boundaries': False, 'files_per_job': 10, 'runs': [], 'lumis': []}", u'd871678ada58a8d4d2819562f78f85652d607f5d94f4da2966620c299823120a.tar.gz', u'https://cmsweb.cern.ch/crabcache', u'sthakur', u'/DC=ch/DC=cern/OU=Organic Units/OU=Users/CN=sthakur/CN=764789/CN=Shalini Thakur', u'cms', u'None', u'None', u'ExLepEEZ_M3000_MC_20191101-00000000000000000000000000000000', u'F', u'T2_IN_TIFR', u'https://cmsweb.cern.ch/dbs/prod/global/DBSReader', u'https://cmsweb.cern.ch/dbs/prod/phys03/DBSWriter', u'T', u'[]', u"['ExLepEEZ_M3000_MC_20191101_Ntuple.root']", u'[]', u'Analysis', u'pythia', u'None', u'{}', u'[]', u'F', u'crab-prod-tw01', u'[]', u'1250', u'1', u'2000', u'10', u'None', u'[]', u'http://vocms0194.cern.ch/mon/cms251/191101_121230:sthakur_crab_ExLepEEZ_M3000_MC_20191101', u'None', u'[]', u'[]', u'https://cmsweb.cern.ch/crabserver/prod', u'cmsgwms-collector-global.cern.ch:9620,cmssrv623.fnal.gov:9620', u'crab3@vocms0194.cern.ch', u'F', u'[]', u'T', u'/store/user/sthakur/ntuple_for2017MC_20191101/MC_20191101/ExLepEEZ_M3000_MC_20191101', u'F', u'None', u'F', u'None', u'ExcitedLepton_EEZ-3000_TuneCP5_13TeV-pythia8', u'None', u'42075fd03448f7a134f5e70972f51197ce9919e91a8bd25693550d798d516bd2.tar.gz', u'45270743', u'filetransfers', u'F', u'2001:1458:d00:2e::100:9b', u'0.0', u'None'], u'desc': {u'columns': [u'tm_taskname', u'tm_activity', u'panda_jobset_id', u'tm_task_status', u'tm_task_command', u'tm_start_time', u'tm_start_injection', u'tm_end_injection', u'tm_task_failure', u'tm_job_sw', u'tm_job_arch', u'tm_input_dataset', u'tm_nonvalid_input_dataset', u'tm_use_parent', u'tm_site_whitelist', u'tm_site_blacklist', u'tm_split_algo', u'tm_split_args', u'tm_user_sandbox', u'tm_cache_url', u'tm_username', u'tm_user_dn', u'tm_user_vo', u'tm_user_role', u'tm_user_group', u'tm_publish_name', u'tm_publish_groupname', u'tm_asyncdest', u'tm_dbs_url', u'tm_publish_dbs_url', u'tm_publication', u'tm_outfiles', u'tm_tfile_outfiles', u'tm_edm_outfiles', u'tm_job_type', u'tm_generator', u'tm_events_per_lumi', u'tm_arguments', u'panda_resubmitted_jobs', u'tm_save_logs', u'tw_name', u'tm_user_infiles', u'tm_maxjobruntime', u'tm_numcores', u'tm_maxmemory', u'tm_priority', u'tm_output_dataset', u'tm_task_warnings', u'tm_user_webdir', u'tm_scriptexe', u'tm_scriptargs', u'tm_extrajdl', u'tm_asourl', u'tm_collector', u'tm_schedd', u'tm_dry_run', u'tm_user_files', u'tm_transfer_outputs', u'tm_output_lfn', u'tm_ignore_locality', u'tm_fail_limit', u'tm_one_event_mode', u'tm_secondary_input_dataset', u'tm_primary_dataset', u'tm_last_publication', u'tm_debug_files', u'clusterid', u'tm_asodb', u'tm_ignore_global_blacklist', u'tm_submitter_ip_addr', u'tm_totalunits', u'tm_ddm_reqid']}}
INFO 2019-11-01 12:48:35.190 UTC: 	 CRAB project directory:		/afs/cern.ch/work/s/sthakur/xRavindra/MiniTree2017Data/CMSSW_10_4_0/src/ExLep2017Crab/crab/CrabMC_20191101/crab_ExLepEEZ_M3000_MC_20191101
INFO 2019-11-01 12:48:35.190 UTC: 	 Task name:			191101_121230:sthakur_crab_ExLepEEZ_M3000_MC_20191101
INFO 2019-11-01 12:48:35.190 UTC: 	 Grid scheduler - Task Worker:	crab3@vocms0194.cern.ch - crab-prod-tw01
INFO 2019-11-01 12:48:35.190 UTC: 	 Status on the CRAB server:	SUBMITTED
INFO 2019-11-01 12:48:35.190 UTC: 	 Task URL to use for HELP:	https://cmsweb.cern.ch/crabserver/ui/task/191101_121230%3Asthakur_crab_ExLepEEZ_M3000_MC_20191101
INFO 2019-11-01 12:48:35.190 UTC: 	 Dashboard monitoring URL:	https://monit-grafana.cern.ch/d/cmsTMDetail/cms-task-monitoring-task-view?orgId=11&var-user=sthakur&var-task=191101_121230%3Asthakur_crab_ExLepEEZ_M3000_MC_20191101
INFO 2019-11-01 12:48:35.190 UTC: 	 In case of issues with the dashboard, please provide feedback to hn-cms-computing-tools@cern.ch
DEBUG 2019-11-01 12:48:35.190 UTC: 	 The CRAB server submitted your task to the Grid scheduler (cluster ID: 45270743)
DEBUG 2019-11-01 12:48:35.190 UTC: 	 Webdir is located at http://vocms0194.cern.ch/mon/cms251/191101_121230:sthakur_crab_ExLepEEZ_M3000_MC_20191101
DEBUG 2019-11-01 12:48:35.266 UTC: 	 Proxied webdir is located at https://cmsweb.cern.ch/scheddmon/0194/cms251/191101_121230:sthakur_crab_ExLepEEZ_M3000_MC_20191101
DEBUG 2019-11-01 12:48:35.266 UTC: 	 Retrieving 'status_cache' file from https://cmsweb.cern.ch/scheddmon/0194/cms251/191101_121230:sthakur_crab_ExLepEEZ_M3000_MC_20191101/status_cache
DEBUG 2019-11-01 12:48:35.316 UTC: 	 Got information from status cache file: {'1': {'Retries': 0, 'WallDurations': [8.0, 630.0], 'StartTimes': [1572610910.0], 'SubmitTimes': [1572610411.0], 'JobIds': ['45270768.0'], 'EndTimes': [1572611540.0], 'Restarts': 0, 'RecordedSite': True, 'State': 'transferring', 'ResidentSetSize': [882424], 'TotalUserCpuTimeHistory': [543], 'SiteHistory': ['Unknown', 'T2_US_Florida'], 'TotalSysCpuTimeHistory': [13]}, '2': {'Retries': 0, 'WallDurations': [9.0, 610.0], 'StartTimes': [1572610924.0], 'SubmitTimes': [1572610411.0], 'JobIds': ['45270767.0'], 'EndTimes': [], 'Restarts': 0, 'RecordedSite': True, 'State': 'running', 'ResidentSetSize': [787928], 'TotalUserCpuTimeHistory': [286.0], 'SiteHistory': ['Unknown', 'T2_US_Caltech'], 'TotalSysCpuTimeHistory': [16.0]}}
INFO 2019-11-01 12:48:35.316 UTC: 	 Status on the scheduler:	SUBMITTED
INFO 2019-11-01 12:48:35.316 UTC: 	 
Jobs status:                    running      		 50.0% (1/2)
INFO 2019-11-01 12:48:35.316 UTC: 	 				transferring 		 50.0% (1/2)
INFO 2019-11-01 12:48:35.316 UTC: 	 
No publication information available yet
INFO 2019-11-01 12:48:35.316 UTC: 	 
Warning: the max jobs runtime is less than 30% of the task requested value (1250 min), please consider to request a lower value for failed jobs (allowed through crab resubmit) and/or improve the jobs splitting (e.g. config.Data.splitting = 'Automatic') in a new task.
INFO 2019-11-01 12:48:35.317 UTC: 	 
Summary of run jobs:
 * Memory: 769MB min, 861MB max, 862MB ave
 * Runtime: 0:10:10 min, 0:10:30 max, 0:10:30 ave
 * CPU eff: 88% min, 88% max, 88% ave
 * Waste: 0:00:08 (1% of total)

INFO 2019-11-01 12:48:35.326 UTC: 	 Log file is /afs/cern.ch/work/s/sthakur/xRavindra/MiniTree2017Data/CMSSW_10_4_0/src/ExLep2017Crab/crab/CrabMC_20191101/crab_ExLepEEZ_M3000_MC_20191101/crab.log
DEBUG 2019-11-01 16:55:10.027 UTC: 	 Running on: Linux lxplus721.cern.ch 3.10.0-1062.1.2.el7.x86_64 #1 SMP Mon Sep 30 14:19:46 UTC 2019 x86_64 x86_64 x86_64 GNU/Linux
Description:	CentOS Linux release 7.7.1908 (Core) 

DEBUG 2019-11-01 16:55:10.027 UTC: 	 Executing command: 'status'
DEBUG 2019-11-01 16:55:10.027 UTC: 	 Found CRAB cache file /afs/cern.ch/user/s/sthakur/.crab3
DEBUG 2019-11-01 16:55:10.051 UTC: 	 Checking credentials
DEBUG 2019-11-01 16:55:10.051 UTC: 	 Found proxy file /tmp/x509up_u77410
DEBUG 2019-11-01 16:55:10.051 UTC: 	 Getting proxy life time left
DEBUG 2019-11-01 16:55:10.758 UTC: 	 Executing : 
 command : voms-proxy-info -file /tmp/x509up_u77410 -timeleft
 output : 43118

 error: 
 retcode : 0
DEBUG 2019-11-01 16:55:11.364 UTC: 	 Executing : 
 command : voms-proxy-info -file /tmp/x509up_u77410 -actimeleft
 output : 43117

 error: 
 retcode : 0
DEBUG 2019-11-01 16:55:11.364 UTC: 	 Proxy lifetime 43118 secs is different from voms extension lifetime 43117 secs for proxy: /tmp/x509up_u77410
DEBUG 2019-11-01 16:55:11.364 UTC: 	 Proxy valid for 11:58:37 hours
DEBUG 2019-11-01 16:55:11.540 UTC: 	 Executing : 
 command : openssl x509 -in ~/.globus/usercert.pem -subject -noout
 output : subject= /DC=ch/DC=cern/OU=Organic Units/OU=Users/CN=sthakur/CN=764789/CN=Shalini Thakur

 error: 
 retcode : 0
DEBUG 2019-11-01 16:55:11.540 UTC: 	 Checking credentials
DEBUG 2019-11-01 16:55:11.540 UTC: 	 Found proxy file /tmp/x509up_u77410
DEBUG 2019-11-01 16:55:11.540 UTC: 	 Getting proxy life time left
DEBUG 2019-11-01 16:55:12.246 UTC: 	 Executing : 
 command : voms-proxy-info -file /tmp/x509up_u77410 -timeleft
 output : 43116

 error: 
 retcode : 0
DEBUG 2019-11-01 16:55:12.851 UTC: 	 Executing : 
 command : voms-proxy-info -file /tmp/x509up_u77410 -actimeleft
 output : 43116

 error: 
 retcode : 0
DEBUG 2019-11-01 16:55:12.852 UTC: 	 Proxy valid for 11:58:36 hours
DEBUG 2019-11-01 16:55:12.951 UTC: 	 Registering user credentials for server /DC=ch/DC=cern/OU=computers/CN=vocms(052|058|030|0118|0105|0109).cern.ch|/DC=ch/DC=cern/OU=computers/CN=crab-(preprod|prod)-tw(02|01).cern.ch
DEBUG 2019-11-01 16:55:13.061 UTC: 	 Executing : 
 command : openssl x509 -in ~/.globus/usercert.pem -subject -noout
 output : subject= /DC=ch/DC=cern/OU=Organic Units/OU=Users/CN=sthakur/CN=764789/CN=Shalini Thakur

 error: 
 retcode : 0
DEBUG 2019-11-01 16:55:13.061 UTC: 	 Getting myproxy life time left for myproxy.cern.ch
DEBUG 2019-11-01 16:55:13.061 UTC: 	 Calculating hash of /DC=ch/DC=cern/OU=Organic Units/OU=Users/CN=sthakur/CN=764789/CN=Shalini Thakur_cmsweb.cern.ch for credential name
DEBUG 2019-11-01 16:55:13.467 UTC: 	 Executing : 
 command : myproxy-info -l 9cd94953387eeee7bf4da2b7588630639ea1153b -s myproxy.cern.ch
 output : username: 9cd94953387eeee7bf4da2b7588630639ea1153b
owner: /DC=ch/DC=cern/OU=Organic Units/OU=Users/CN=sthakur/CN=764789/CN=Shalini Thakur
  renewal policy: /DC=ch/DC=cern/OU=computers/CN=vocms(052|058|030|0118|0105|0109).cern.ch|/DC=ch/DC=cern/OU=computers/CN=crab-(preprod|prod)-tw(02|01).cern.ch
  trusted retrieval policy: /DC=ch/DC=cern/OU=computers/CN=vocms(052|058|030|0118|0105|0109).cern.ch|/DC=ch/DC=cern/OU=computers/CN=crab-(preprod|prod)-tw(02|01).cern.ch
  timeleft: 553:42:47  (23.1 days)

 error: 
 retcode : 0
DEBUG 2019-11-01 16:55:13.468 UTC: 	 Myproxy is valid: 1993367
DEBUG 2019-11-01 16:55:13.469 UTC: 	 Command use: status
DEBUG 2019-11-01 16:55:13.469 UTC: 	 Options use: ['--verboseErrors', 'CrabMC_20191101/crab_ExLepEEZ_M3000_MC_20191101']
DEBUG 2019-11-01 16:55:13.539 UTC: 	 CRABClient version: 3.3.1910.patch2
DEBUG 2019-11-01 16:55:13.539 UTC: 	 Instance is prod
DEBUG 2019-11-01 16:55:13.539 UTC: 	 Server base url is cmsweb.cern.ch
DEBUG 2019-11-01 16:55:13.539 UTC: 	 Command url /crabserver/prod/workflow
DEBUG 2019-11-01 16:55:13.642 UTC: 	 Got information from server oracle database: {u'result': [u'191101_121230:sthakur_crab_ExLepEEZ_M3000_MC_20191101', u'None', u'None', u'SUBMITTED', u'SUBMIT', u'2019-11-01 12:12:30.532559', u'None', u'2019-11-01 12:13:19.060722', u'None', u'CMSSW_10_4_0', u'slc7_amd64_gcc700', u'/ExcitedLepton_EEZ-3000_TuneCP5_13TeV-pythia8/RunIIFall17MiniAODv2-PU2017_12Apr2018_94X_mc2017_realistic_v14-v1/MINIAODSIM', u'T', u'0', u'[]', u'[]', u'FileBased', u"{'splitOnRun': False, 'halt_job_on_file_boundaries': False, 'files_per_job': 10, 'runs': [], 'lumis': []}", u'd871678ada58a8d4d2819562f78f85652d607f5d94f4da2966620c299823120a.tar.gz', u'https://cmsweb.cern.ch/crabcache', u'sthakur', u'/DC=ch/DC=cern/OU=Organic Units/OU=Users/CN=sthakur/CN=764789/CN=Shalini Thakur', u'cms', u'None', u'None', u'ExLepEEZ_M3000_MC_20191101-00000000000000000000000000000000', u'F', u'T2_IN_TIFR', u'https://cmsweb.cern.ch/dbs/prod/global/DBSReader', u'https://cmsweb.cern.ch/dbs/prod/phys03/DBSWriter', u'T', u'[]', u"['ExLepEEZ_M3000_MC_20191101_Ntuple.root']", u'[]', u'Analysis', u'pythia', u'None', u'{}', u'[]', u'F', u'crab-prod-tw01', u'[]', u'1250', u'1', u'2000', u'10', u'None', u'[]', u'http://vocms0194.cern.ch/mon/cms251/191101_121230:sthakur_crab_ExLepEEZ_M3000_MC_20191101', u'None', u'[]', u'[]', u'https://cmsweb.cern.ch/crabserver/prod', u'cmsgwms-collector-global.cern.ch:9620,cmssrv623.fnal.gov:9620', u'crab3@vocms0194.cern.ch', u'F', u'[]', u'T', u'/store/user/sthakur/ntuple_for2017MC_20191101/MC_20191101/ExLepEEZ_M3000_MC_20191101', u'F', u'None', u'F', u'None', u'ExcitedLepton_EEZ-3000_TuneCP5_13TeV-pythia8', u'None', u'42075fd03448f7a134f5e70972f51197ce9919e91a8bd25693550d798d516bd2.tar.gz', u'45270743', u'filetransfers', u'F', u'2001:1458:d00:2e::100:9b', u'0.0', u'None'], u'desc': {u'columns': [u'tm_taskname', u'tm_activity', u'panda_jobset_id', u'tm_task_status', u'tm_task_command', u'tm_start_time', u'tm_start_injection', u'tm_end_injection', u'tm_task_failure', u'tm_job_sw', u'tm_job_arch', u'tm_input_dataset', u'tm_nonvalid_input_dataset', u'tm_use_parent', u'tm_site_whitelist', u'tm_site_blacklist', u'tm_split_algo', u'tm_split_args', u'tm_user_sandbox', u'tm_cache_url', u'tm_username', u'tm_user_dn', u'tm_user_vo', u'tm_user_role', u'tm_user_group', u'tm_publish_name', u'tm_publish_groupname', u'tm_asyncdest', u'tm_dbs_url', u'tm_publish_dbs_url', u'tm_publication', u'tm_outfiles', u'tm_tfile_outfiles', u'tm_edm_outfiles', u'tm_job_type', u'tm_generator', u'tm_events_per_lumi', u'tm_arguments', u'panda_resubmitted_jobs', u'tm_save_logs', u'tw_name', u'tm_user_infiles', u'tm_maxjobruntime', u'tm_numcores', u'tm_maxmemory', u'tm_priority', u'tm_output_dataset', u'tm_task_warnings', u'tm_user_webdir', u'tm_scriptexe', u'tm_scriptargs', u'tm_extrajdl', u'tm_asourl', u'tm_collector', u'tm_schedd', u'tm_dry_run', u'tm_user_files', u'tm_transfer_outputs', u'tm_output_lfn', u'tm_ignore_locality', u'tm_fail_limit', u'tm_one_event_mode', u'tm_secondary_input_dataset', u'tm_primary_dataset', u'tm_last_publication', u'tm_debug_files', u'clusterid', u'tm_asodb', u'tm_ignore_global_blacklist', u'tm_submitter_ip_addr', u'tm_totalunits', u'tm_ddm_reqid']}}
INFO 2019-11-01 16:55:13.643 UTC: 	 CRAB project directory:		/afs/cern.ch/work/s/sthakur/xRavindra/MiniTree2017Data/CMSSW_10_4_0/src/ExLep2017Crab/crab/CrabMC_20191101/crab_ExLepEEZ_M3000_MC_20191101
INFO 2019-11-01 16:55:13.643 UTC: 	 Task name:			191101_121230:sthakur_crab_ExLepEEZ_M3000_MC_20191101
INFO 2019-11-01 16:55:13.643 UTC: 	 Grid scheduler - Task Worker:	crab3@vocms0194.cern.ch - crab-prod-tw01
INFO 2019-11-01 16:55:13.643 UTC: 	 Status on the CRAB server:	SUBMITTED
INFO 2019-11-01 16:55:13.643 UTC: 	 Task URL to use for HELP:	https://cmsweb.cern.ch/crabserver/ui/task/191101_121230%3Asthakur_crab_ExLepEEZ_M3000_MC_20191101
INFO 2019-11-01 16:55:13.643 UTC: 	 Dashboard monitoring URL:	https://monit-grafana.cern.ch/d/cmsTMDetail/cms-task-monitoring-task-view?orgId=11&var-user=sthakur&var-task=191101_121230%3Asthakur_crab_ExLepEEZ_M3000_MC_20191101
INFO 2019-11-01 16:55:13.643 UTC: 	 In case of issues with the dashboard, please provide feedback to hn-cms-computing-tools@cern.ch
DEBUG 2019-11-01 16:55:13.643 UTC: 	 The CRAB server submitted your task to the Grid scheduler (cluster ID: 45270743)
DEBUG 2019-11-01 16:55:13.643 UTC: 	 Webdir is located at http://vocms0194.cern.ch/mon/cms251/191101_121230:sthakur_crab_ExLepEEZ_M3000_MC_20191101
DEBUG 2019-11-01 16:55:13.713 UTC: 	 Proxied webdir is located at https://cmsweb.cern.ch/scheddmon/0194/cms251/191101_121230:sthakur_crab_ExLepEEZ_M3000_MC_20191101
DEBUG 2019-11-01 16:55:13.713 UTC: 	 Retrieving 'status_cache' file from https://cmsweb.cern.ch/scheddmon/0194/cms251/191101_121230:sthakur_crab_ExLepEEZ_M3000_MC_20191101/status_cache
DEBUG 2019-11-01 16:55:13.761 UTC: 	 Got information from status cache file: {'1': {'Retries': 0, 'WallDurations': [8.0, 630.0], 'StartTimes': [1572610910.0], 'SubmitTimes': [1572610411.0], 'JobIds': ['45270768.0'], 'EndTimes': [1572611540.0], 'Restarts': 0, 'RecordedSite': True, 'State': 'finished', 'ResidentSetSize': [882424], 'TotalUserCpuTimeHistory': [543], 'SiteHistory': ['Unknown', 'T2_US_Florida'], 'TotalSysCpuTimeHistory': [13]}, '2': {'Retries': 0, 'WallDurations': [9.0, 3288.0], 'StartTimes': [1572610924.0], 'SubmitTimes': [1572610411.0], 'JobIds': ['45270767.0'], 'EndTimes': [1572614212.0], 'Restarts': 0, 'RecordedSite': True, 'State': 'finished', 'ResidentSetSize': [787928], 'TotalUserCpuTimeHistory': [1404], 'SiteHistory': ['Unknown', 'T2_US_Caltech'], 'TotalSysCpuTimeHistory': [84]}}
INFO 2019-11-01 16:55:13.761 UTC: 	 Status on the scheduler:	COMPLETED
INFO 2019-11-01 16:55:13.761 UTC: 	 
Jobs status:                    finished     		100.0% (2/2)
INFO 2019-11-01 16:55:13.830 UTC: 	 
No publication information available yet
INFO 2019-11-01 16:55:13.830 UTC: 	 
Warning: the max jobs runtime is less than 30% of the task requested value (1250 min), please consider to request a lower value for failed jobs (allowed through crab resubmit) and/or improve the jobs splitting (e.g. config.Data.splitting = 'Automatic') in a new task.
INFO 2019-11-01 16:55:13.830 UTC: 	 
Summary of run jobs:
 * Memory: 861MB min, 861MB max, 816MB ave
 * Runtime: 0:10:30 min, 0:54:48 max, 0:32:39 ave
 * CPU eff: 45% min, 88% max, 52% ave
 * Waste: 0:00:17 (0% of total)

INFO 2019-11-01 16:55:13.841 UTC: 	 Log file is /afs/cern.ch/work/s/sthakur/xRavindra/MiniTree2017Data/CMSSW_10_4_0/src/ExLep2017Crab/crab/CrabMC_20191101/crab_ExLepEEZ_M3000_MC_20191101/crab.log
DEBUG 2019-11-03 17:54:50.301 UTC: 	 Running on: Linux lxplus737.cern.ch 3.10.0-1062.1.2.el7.x86_64 #1 SMP Mon Sep 30 14:19:46 UTC 2019 x86_64 x86_64 x86_64 GNU/Linux
Description:	CentOS Linux release 7.7.1908 (Core) 

DEBUG 2019-11-03 17:54:50.301 UTC: 	 Executing command: 'status'
DEBUG 2019-11-03 17:54:50.301 UTC: 	 Found CRAB cache file /afs/cern.ch/user/s/sthakur/.crab3
DEBUG 2019-11-03 17:54:50.328 UTC: 	 Checking credentials
DEBUG 2019-11-03 17:54:50.328 UTC: 	 Found proxy file /tmp/x509up_u77410
DEBUG 2019-11-03 17:54:50.328 UTC: 	 Getting proxy life time left
DEBUG 2019-11-03 17:54:51.036 UTC: 	 Executing : 
 command : voms-proxy-info -file /tmp/x509up_u77410 -timeleft
 output : 43116

 error: 
 retcode : 0
DEBUG 2019-11-03 17:54:51.744 UTC: 	 Executing : 
 command : voms-proxy-info -file /tmp/x509up_u77410 -actimeleft
 output : 43115

 error: 
 retcode : 0
DEBUG 2019-11-03 17:54:51.744 UTC: 	 Proxy lifetime 43116 secs is different from voms extension lifetime 43115 secs for proxy: /tmp/x509up_u77410
DEBUG 2019-11-03 17:54:51.744 UTC: 	 Proxy valid for 11:58:35 hours
DEBUG 2019-11-03 17:54:51.859 UTC: 	 Executing : 
 command : openssl x509 -in ~/.globus/usercert.pem -subject -noout
 output : subject= /DC=ch/DC=cern/OU=Organic Units/OU=Users/CN=sthakur/CN=764789/CN=Shalini Thakur

 error: 
 retcode : 0
DEBUG 2019-11-03 17:54:51.859 UTC: 	 Checking credentials
DEBUG 2019-11-03 17:54:51.860 UTC: 	 Found proxy file /tmp/x509up_u77410
DEBUG 2019-11-03 17:54:51.860 UTC: 	 Getting proxy life time left
DEBUG 2019-11-03 17:54:52.566 UTC: 	 Executing : 
 command : voms-proxy-info -file /tmp/x509up_u77410 -timeleft
 output : 43114

 error: 
 retcode : 0
DEBUG 2019-11-03 17:54:53.275 UTC: 	 Executing : 
 command : voms-proxy-info -file /tmp/x509up_u77410 -actimeleft
 output : 43113

 error: 
 retcode : 0
DEBUG 2019-11-03 17:54:53.275 UTC: 	 Proxy lifetime 43114 secs is different from voms extension lifetime 43113 secs for proxy: /tmp/x509up_u77410
DEBUG 2019-11-03 17:54:53.276 UTC: 	 Proxy valid for 11:58:33 hours
DEBUG 2019-11-03 17:54:53.356 UTC: 	 Registering user credentials for server /DC=ch/DC=cern/OU=computers/CN=vocms(052|058|030|0118|0105|0109).cern.ch|/DC=ch/DC=cern/OU=computers/CN=crab-(preprod|prod)-tw(02|01).cern.ch
DEBUG 2019-11-03 17:54:53.468 UTC: 	 Executing : 
 command : openssl x509 -in ~/.globus/usercert.pem -subject -noout
 output : subject= /DC=ch/DC=cern/OU=Organic Units/OU=Users/CN=sthakur/CN=764789/CN=Shalini Thakur

 error: 
 retcode : 0
DEBUG 2019-11-03 17:54:53.468 UTC: 	 Getting myproxy life time left for myproxy.cern.ch
DEBUG 2019-11-03 17:54:53.468 UTC: 	 Calculating hash of /DC=ch/DC=cern/OU=Organic Units/OU=Users/CN=sthakur/CN=764789/CN=Shalini Thakur_cmsweb.cern.ch for credential name
DEBUG 2019-11-03 17:54:53.773 UTC: 	 Executing : 
 command : myproxy-info -l 9cd94953387eeee7bf4da2b7588630639ea1153b -s myproxy.cern.ch
 output : username: 9cd94953387eeee7bf4da2b7588630639ea1153b
owner: /DC=ch/DC=cern/OU=Organic Units/OU=Users/CN=sthakur/CN=764789/CN=Shalini Thakur
  renewal policy: /DC=ch/DC=cern/OU=computers/CN=vocms(052|058|030|0118|0105|0109).cern.ch|/DC=ch/DC=cern/OU=computers/CN=crab-(preprod|prod)-tw(02|01).cern.ch
  trusted retrieval policy: /DC=ch/DC=cern/OU=computers/CN=vocms(052|058|030|0118|0105|0109).cern.ch|/DC=ch/DC=cern/OU=computers/CN=crab-(preprod|prod)-tw(02|01).cern.ch
  timeleft: 504:43:07  (21.0 days)

 error: 
 retcode : 0
DEBUG 2019-11-03 17:54:53.774 UTC: 	 Myproxy is valid: 1816987
DEBUG 2019-11-03 17:54:53.775 UTC: 	 Command use: status
DEBUG 2019-11-03 17:54:53.775 UTC: 	 Options use: ['--verboseErrors', 'CrabMC_20191101/crab_ExLepEEZ_M3000_MC_20191101']
DEBUG 2019-11-03 17:54:53.853 UTC: 	 CRABClient version: 3.3.1910.patch2
DEBUG 2019-11-03 17:54:53.853 UTC: 	 Instance is prod
DEBUG 2019-11-03 17:54:53.853 UTC: 	 Server base url is cmsweb.cern.ch
DEBUG 2019-11-03 17:54:53.853 UTC: 	 Command url /crabserver/prod/workflow
DEBUG 2019-11-03 17:54:53.949 UTC: 	 Got information from server oracle database: {u'result': [u'191101_121230:sthakur_crab_ExLepEEZ_M3000_MC_20191101', u'None', u'None', u'SUBMITTED', u'SUBMIT', u'2019-11-01 12:12:30.532559', u'None', u'2019-11-01 12:13:19.060722', u'None', u'CMSSW_10_4_0', u'slc7_amd64_gcc700', u'/ExcitedLepton_EEZ-3000_TuneCP5_13TeV-pythia8/RunIIFall17MiniAODv2-PU2017_12Apr2018_94X_mc2017_realistic_v14-v1/MINIAODSIM', u'T', u'0', u'[]', u'[]', u'FileBased', u"{'splitOnRun': False, 'halt_job_on_file_boundaries': False, 'files_per_job': 10, 'runs': [], 'lumis': []}", u'd871678ada58a8d4d2819562f78f85652d607f5d94f4da2966620c299823120a.tar.gz', u'https://cmsweb.cern.ch/crabcache', u'sthakur', u'/DC=ch/DC=cern/OU=Organic Units/OU=Users/CN=sthakur/CN=764789/CN=Shalini Thakur', u'cms', u'None', u'None', u'ExLepEEZ_M3000_MC_20191101-00000000000000000000000000000000', u'F', u'T2_IN_TIFR', u'https://cmsweb.cern.ch/dbs/prod/global/DBSReader', u'https://cmsweb.cern.ch/dbs/prod/phys03/DBSWriter', u'T', u'[]', u"['ExLepEEZ_M3000_MC_20191101_Ntuple.root']", u'[]', u'Analysis', u'pythia', u'None', u'{}', u'[]', u'F', u'crab-prod-tw01', u'[]', u'1250', u'1', u'2000', u'10', u'None', u'[]', u'http://vocms0194.cern.ch/mon/cms251/191101_121230:sthakur_crab_ExLepEEZ_M3000_MC_20191101', u'None', u'[]', u'[]', u'https://cmsweb.cern.ch/crabserver/prod', u'cmsgwms-collector-global.cern.ch:9620,cmssrv623.fnal.gov:9620', u'crab3@vocms0194.cern.ch', u'F', u'[]', u'T', u'/store/user/sthakur/ntuple_for2017MC_20191101/MC_20191101/ExLepEEZ_M3000_MC_20191101', u'F', u'None', u'F', u'None', u'ExcitedLepton_EEZ-3000_TuneCP5_13TeV-pythia8', u'None', u'42075fd03448f7a134f5e70972f51197ce9919e91a8bd25693550d798d516bd2.tar.gz', u'45270743', u'filetransfers', u'F', u'2001:1458:d00:2e::100:9b', u'0.0', u'None'], u'desc': {u'columns': [u'tm_taskname', u'tm_activity', u'panda_jobset_id', u'tm_task_status', u'tm_task_command', u'tm_start_time', u'tm_start_injection', u'tm_end_injection', u'tm_task_failure', u'tm_job_sw', u'tm_job_arch', u'tm_input_dataset', u'tm_nonvalid_input_dataset', u'tm_use_parent', u'tm_site_whitelist', u'tm_site_blacklist', u'tm_split_algo', u'tm_split_args', u'tm_user_sandbox', u'tm_cache_url', u'tm_username', u'tm_user_dn', u'tm_user_vo', u'tm_user_role', u'tm_user_group', u'tm_publish_name', u'tm_publish_groupname', u'tm_asyncdest', u'tm_dbs_url', u'tm_publish_dbs_url', u'tm_publication', u'tm_outfiles', u'tm_tfile_outfiles', u'tm_edm_outfiles', u'tm_job_type', u'tm_generator', u'tm_events_per_lumi', u'tm_arguments', u'panda_resubmitted_jobs', u'tm_save_logs', u'tw_name', u'tm_user_infiles', u'tm_maxjobruntime', u'tm_numcores', u'tm_maxmemory', u'tm_priority', u'tm_output_dataset', u'tm_task_warnings', u'tm_user_webdir', u'tm_scriptexe', u'tm_scriptargs', u'tm_extrajdl', u'tm_asourl', u'tm_collector', u'tm_schedd', u'tm_dry_run', u'tm_user_files', u'tm_transfer_outputs', u'tm_output_lfn', u'tm_ignore_locality', u'tm_fail_limit', u'tm_one_event_mode', u'tm_secondary_input_dataset', u'tm_primary_dataset', u'tm_last_publication', u'tm_debug_files', u'clusterid', u'tm_asodb', u'tm_ignore_global_blacklist', u'tm_submitter_ip_addr', u'tm_totalunits', u'tm_ddm_reqid']}}
INFO 2019-11-03 17:54:53.950 UTC: 	 CRAB project directory:		/afs/cern.ch/work/s/sthakur/xRavindra/MiniTree2017Data/CMSSW_10_4_0/src/ExLep2017Crab/crab/CrabMC_20191101/crab_ExLepEEZ_M3000_MC_20191101
INFO 2019-11-03 17:54:53.950 UTC: 	 Task name:			191101_121230:sthakur_crab_ExLepEEZ_M3000_MC_20191101
INFO 2019-11-03 17:54:53.950 UTC: 	 Grid scheduler - Task Worker:	crab3@vocms0194.cern.ch - crab-prod-tw01
INFO 2019-11-03 17:54:53.950 UTC: 	 Status on the CRAB server:	SUBMITTED
INFO 2019-11-03 17:54:53.950 UTC: 	 Task URL to use for HELP:	https://cmsweb.cern.ch/crabserver/ui/task/191101_121230%3Asthakur_crab_ExLepEEZ_M3000_MC_20191101
INFO 2019-11-03 17:54:53.951 UTC: 	 Dashboard monitoring URL:	https://monit-grafana.cern.ch/d/cmsTMDetail/cms-task-monitoring-task-view?orgId=11&var-user=sthakur&var-task=191101_121230%3Asthakur_crab_ExLepEEZ_M3000_MC_20191101
INFO 2019-11-03 17:54:53.951 UTC: 	 In case of issues with the dashboard, please provide feedback to hn-cms-computing-tools@cern.ch
DEBUG 2019-11-03 17:54:53.951 UTC: 	 The CRAB server submitted your task to the Grid scheduler (cluster ID: 45270743)
DEBUG 2019-11-03 17:54:53.951 UTC: 	 Webdir is located at http://vocms0194.cern.ch/mon/cms251/191101_121230:sthakur_crab_ExLepEEZ_M3000_MC_20191101
DEBUG 2019-11-03 17:54:54.046 UTC: 	 Proxied webdir is located at https://cmsweb.cern.ch/scheddmon/0194/cms251/191101_121230:sthakur_crab_ExLepEEZ_M3000_MC_20191101
DEBUG 2019-11-03 17:54:54.046 UTC: 	 Retrieving 'status_cache' file from https://cmsweb.cern.ch/scheddmon/0194/cms251/191101_121230:sthakur_crab_ExLepEEZ_M3000_MC_20191101/status_cache
DEBUG 2019-11-03 17:54:54.476 UTC: 	 Got information from status cache file: {'1': {'Retries': 0, 'WallDurations': [8.0, 630.0], 'StartTimes': [1572610910.0], 'SubmitTimes': [1572610411.0], 'JobIds': ['45270768.0'], 'EndTimes': [1572611540.0], 'Restarts': 0, 'RecordedSite': True, 'State': 'finished', 'ResidentSetSize': [882424], 'TotalUserCpuTimeHistory': [543], 'SiteHistory': ['Unknown', 'T2_US_Florida'], 'TotalSysCpuTimeHistory': [13]}, '2': {'Retries': 0, 'WallDurations': [9.0, 3288.0], 'StartTimes': [1572610924.0], 'SubmitTimes': [1572610411.0], 'JobIds': ['45270767.0'], 'EndTimes': [1572614212.0], 'Restarts': 0, 'RecordedSite': True, 'State': 'finished', 'ResidentSetSize': [787928], 'TotalUserCpuTimeHistory': [1404], 'SiteHistory': ['Unknown', 'T2_US_Caltech'], 'TotalSysCpuTimeHistory': [84]}}
INFO 2019-11-03 17:54:54.476 UTC: 	 Status on the scheduler:	COMPLETED
INFO 2019-11-03 17:54:54.477 UTC: 	 
Jobs status:                    finished     		100.0% (2/2)
INFO 2019-11-03 17:54:54.548 UTC: 	 
No publication information available yet
INFO 2019-11-03 17:54:54.548 UTC: 	 
Warning: the max jobs runtime is less than 30% of the task requested value (1250 min), please consider to request a lower value for failed jobs (allowed through crab resubmit) and/or improve the jobs splitting (e.g. config.Data.splitting = 'Automatic') in a new task.
INFO 2019-11-03 17:54:54.548 UTC: 	 
Summary of run jobs:
 * Memory: 861MB min, 861MB max, 816MB ave
 * Runtime: 0:10:30 min, 0:54:48 max, 0:32:39 ave
 * CPU eff: 45% min, 88% max, 52% ave
 * Waste: 0:00:17 (0% of total)

INFO 2019-11-03 17:54:54.560 UTC: 	 Log file is /afs/cern.ch/work/s/sthakur/xRavindra/MiniTree2017Data/CMSSW_10_4_0/src/ExLep2017Crab/crab/CrabMC_20191101/crab_ExLepEEZ_M3000_MC_20191101/crab.log
DEBUG 2019-11-03 18:00:18.438 UTC: 	 Running on: Linux lxplus737.cern.ch 3.10.0-1062.1.2.el7.x86_64 #1 SMP Mon Sep 30 14:19:46 UTC 2019 x86_64 x86_64 x86_64 GNU/Linux
Description:	CentOS Linux release 7.7.1908 (Core) 

DEBUG 2019-11-03 18:00:18.438 UTC: 	 Executing command: 'resubmit'
DEBUG 2019-11-03 18:00:18.439 UTC: 	 Found CRAB cache file /afs/cern.ch/user/s/sthakur/.crab3
DEBUG 2019-11-03 18:00:18.451 UTC: 	 Checking credentials
DEBUG 2019-11-03 18:00:18.451 UTC: 	 Found proxy file /tmp/x509up_u77410
DEBUG 2019-11-03 18:00:18.451 UTC: 	 Getting proxy life time left
DEBUG 2019-11-03 18:00:19.258 UTC: 	 Executing : 
 command : voms-proxy-info -file /tmp/x509up_u77410 -timeleft
 output : 42787

 error: 
 retcode : 0
DEBUG 2019-11-03 18:00:19.965 UTC: 	 Executing : 
 command : voms-proxy-info -file /tmp/x509up_u77410 -actimeleft
 output : 42787

 error: 
 retcode : 0
DEBUG 2019-11-03 18:00:19.965 UTC: 	 Proxy valid for 11:53:07 hours
DEBUG 2019-11-03 18:00:20.079 UTC: 	 Executing : 
 command : openssl x509 -in ~/.globus/usercert.pem -subject -noout
 output : subject= /DC=ch/DC=cern/OU=Organic Units/OU=Users/CN=sthakur/CN=764789/CN=Shalini Thakur

 error: 
 retcode : 0
DEBUG 2019-11-03 18:00:20.080 UTC: 	 Checking credentials
DEBUG 2019-11-03 18:00:20.080 UTC: 	 Found proxy file /tmp/x509up_u77410
DEBUG 2019-11-03 18:00:20.080 UTC: 	 Getting proxy life time left
DEBUG 2019-11-03 18:00:20.786 UTC: 	 Executing : 
 command : voms-proxy-info -file /tmp/x509up_u77410 -timeleft
 output : 42786

 error: 
 retcode : 0
DEBUG 2019-11-03 18:00:21.493 UTC: 	 Executing : 
 command : voms-proxy-info -file /tmp/x509up_u77410 -actimeleft
 output : 42785

 error: 
 retcode : 0
DEBUG 2019-11-03 18:00:21.493 UTC: 	 Proxy lifetime 42786 secs is different from voms extension lifetime 42785 secs for proxy: /tmp/x509up_u77410
DEBUG 2019-11-03 18:00:21.493 UTC: 	 Proxy valid for 11:53:05 hours
DEBUG 2019-11-03 18:00:21.568 UTC: 	 Registering user credentials for server /DC=ch/DC=cern/OU=computers/CN=vocms(052|058|030|0118|0105|0109).cern.ch|/DC=ch/DC=cern/OU=computers/CN=crab-(preprod|prod)-tw(02|01).cern.ch
DEBUG 2019-11-03 18:00:21.679 UTC: 	 Executing : 
 command : openssl x509 -in ~/.globus/usercert.pem -subject -noout
 output : subject= /DC=ch/DC=cern/OU=Organic Units/OU=Users/CN=sthakur/CN=764789/CN=Shalini Thakur

 error: 
 retcode : 0
DEBUG 2019-11-03 18:00:21.680 UTC: 	 Getting myproxy life time left for myproxy.cern.ch
DEBUG 2019-11-03 18:00:21.680 UTC: 	 Calculating hash of /DC=ch/DC=cern/OU=Organic Units/OU=Users/CN=sthakur/CN=764789/CN=Shalini Thakur_cmsweb.cern.ch for credential name
DEBUG 2019-11-03 18:00:22.085 UTC: 	 Executing : 
 command : myproxy-info -l 9cd94953387eeee7bf4da2b7588630639ea1153b -s myproxy.cern.ch
 output : username: 9cd94953387eeee7bf4da2b7588630639ea1153b
owner: /DC=ch/DC=cern/OU=Organic Units/OU=Users/CN=sthakur/CN=764789/CN=Shalini Thakur
  renewal policy: /DC=ch/DC=cern/OU=computers/CN=vocms(052|058|030|0118|0105|0109).cern.ch|/DC=ch/DC=cern/OU=computers/CN=crab-(preprod|prod)-tw(02|01).cern.ch
  trusted retrieval policy: /DC=ch/DC=cern/OU=computers/CN=vocms(052|058|030|0118|0105|0109).cern.ch|/DC=ch/DC=cern/OU=computers/CN=crab-(preprod|prod)-tw(02|01).cern.ch
  timeleft: 504:37:39  (21.0 days)

 error: 
 retcode : 0
DEBUG 2019-11-03 18:00:22.086 UTC: 	 Myproxy is valid: 1816659
DEBUG 2019-11-03 18:00:22.180 UTC: 	 Command use: resubmit
DEBUG 2019-11-03 18:00:22.180 UTC: 	 Options use: ['CrabMC_20191101/crab_ExLepEEZ_M3000_MC_20191101']
DEBUG 2019-11-03 18:00:22.260 UTC: 	 CRABClient version: 3.3.1910.patch2
DEBUG 2019-11-03 18:00:22.260 UTC: 	 Instance is prod
DEBUG 2019-11-03 18:00:22.260 UTC: 	 Server base url is cmsweb.cern.ch
DEBUG 2019-11-03 18:00:22.260 UTC: 	 Command url /crabserver/prod/workflow
DEBUG 2019-11-03 18:00:22.300 UTC: 	 Running on: Linux lxplus737.cern.ch 3.10.0-1062.1.2.el7.x86_64 #1 SMP Mon Sep 30 14:19:46 UTC 2019 x86_64 x86_64 x86_64 GNU/Linux
Description:	CentOS Linux release 7.7.1908 (Core) 

DEBUG 2019-11-03 18:00:22.301 UTC: 	 Executing command: 'status'
DEBUG 2019-11-03 18:00:22.301 UTC: 	 Found CRAB cache file /afs/cern.ch/user/s/sthakur/.crab3
DEBUG 2019-11-03 18:00:22.310 UTC: 	 Checking credentials
DEBUG 2019-11-03 18:00:22.310 UTC: 	 Found proxy file /tmp/x509up_u77410
DEBUG 2019-11-03 18:00:22.310 UTC: 	 Getting proxy life time left
DEBUG 2019-11-03 18:00:23.117 UTC: 	 Executing : 
 command : voms-proxy-info -file /tmp/x509up_u77410 -timeleft
 output : 42783

 error: 
 retcode : 0
DEBUG 2019-11-03 18:00:23.925 UTC: 	 Executing : 
 command : voms-proxy-info -file /tmp/x509up_u77410 -actimeleft
 output : 42783

 error: 
 retcode : 0
DEBUG 2019-11-03 18:00:23.925 UTC: 	 Proxy valid for 11:53:03 hours
DEBUG 2019-11-03 18:00:24.126 UTC: 	 Executing : 
 command : openssl x509 -in ~/.globus/usercert.pem -subject -noout
 output : subject= /DC=ch/DC=cern/OU=Organic Units/OU=Users/CN=sthakur/CN=764789/CN=Shalini Thakur

 error: 
 retcode : 0
DEBUG 2019-11-03 18:00:24.126 UTC: 	 Checking credentials
DEBUG 2019-11-03 18:00:24.126 UTC: 	 Found proxy file /tmp/x509up_u77410
DEBUG 2019-11-03 18:00:24.126 UTC: 	 Getting proxy life time left
DEBUG 2019-11-03 18:00:24.833 UTC: 	 Executing : 
 command : voms-proxy-info -file /tmp/x509up_u77410 -timeleft
 output : 42782

 error: 
 retcode : 0
DEBUG 2019-11-03 18:00:25.541 UTC: 	 Executing : 
 command : voms-proxy-info -file /tmp/x509up_u77410 -actimeleft
 output : 42781

 error: 
 retcode : 0
DEBUG 2019-11-03 18:00:25.541 UTC: 	 Proxy lifetime 42782 secs is different from voms extension lifetime 42781 secs for proxy: /tmp/x509up_u77410
DEBUG 2019-11-03 18:00:25.541 UTC: 	 Proxy valid for 11:53:01 hours
DEBUG 2019-11-03 18:00:25.660 UTC: 	 Registering user credentials for server /DC=ch/DC=cern/OU=computers/CN=vocms(052|058|030|0118|0105|0109).cern.ch|/DC=ch/DC=cern/OU=computers/CN=crab-(preprod|prod)-tw(02|01).cern.ch
DEBUG 2019-11-03 18:00:25.772 UTC: 	 Executing : 
 command : openssl x509 -in ~/.globus/usercert.pem -subject -noout
 output : subject= /DC=ch/DC=cern/OU=Organic Units/OU=Users/CN=sthakur/CN=764789/CN=Shalini Thakur

 error: 
 retcode : 0
DEBUG 2019-11-03 18:00:25.772 UTC: 	 Getting myproxy life time left for myproxy.cern.ch
DEBUG 2019-11-03 18:00:25.772 UTC: 	 Calculating hash of /DC=ch/DC=cern/OU=Organic Units/OU=Users/CN=sthakur/CN=764789/CN=Shalini Thakur_cmsweb.cern.ch for credential name
DEBUG 2019-11-03 18:00:26.079 UTC: 	 Executing : 
 command : myproxy-info -l 9cd94953387eeee7bf4da2b7588630639ea1153b -s myproxy.cern.ch
 output : username: 9cd94953387eeee7bf4da2b7588630639ea1153b
owner: /DC=ch/DC=cern/OU=Organic Units/OU=Users/CN=sthakur/CN=764789/CN=Shalini Thakur
  renewal policy: /DC=ch/DC=cern/OU=computers/CN=vocms(052|058|030|0118|0105|0109).cern.ch|/DC=ch/DC=cern/OU=computers/CN=crab-(preprod|prod)-tw(02|01).cern.ch
  trusted retrieval policy: /DC=ch/DC=cern/OU=computers/CN=vocms(052|058|030|0118|0105|0109).cern.ch|/DC=ch/DC=cern/OU=computers/CN=crab-(preprod|prod)-tw(02|01).cern.ch
  timeleft: 504:37:34  (21.0 days)

 error: 
 retcode : 0
DEBUG 2019-11-03 18:00:26.080 UTC: 	 Myproxy is valid: 1816654
DEBUG 2019-11-03 18:00:26.081 UTC: 	 Command use: status
DEBUG 2019-11-03 18:00:26.081 UTC: 	 Options use: []
DEBUG 2019-11-03 18:00:26.179 UTC: 	 CRABClient version: 3.3.1910.patch2
DEBUG 2019-11-03 18:00:26.179 UTC: 	 Instance is prod
DEBUG 2019-11-03 18:00:26.179 UTC: 	 Server base url is cmsweb.cern.ch
DEBUG 2019-11-03 18:00:26.179 UTC: 	 Command url /crabserver/prod/workflow
DEBUG 2019-11-03 18:00:26.266 UTC: 	 Got information from server oracle database: {u'result': [u'191101_121230:sthakur_crab_ExLepEEZ_M3000_MC_20191101', u'None', u'None', u'SUBMITTED', u'SUBMIT', u'2019-11-01 12:12:30.532559', u'None', u'2019-11-01 12:13:19.060722', u'None', u'CMSSW_10_4_0', u'slc7_amd64_gcc700', u'/ExcitedLepton_EEZ-3000_TuneCP5_13TeV-pythia8/RunIIFall17MiniAODv2-PU2017_12Apr2018_94X_mc2017_realistic_v14-v1/MINIAODSIM', u'T', u'0', u'[]', u'[]', u'FileBased', u"{'splitOnRun': False, 'halt_job_on_file_boundaries': False, 'files_per_job': 10, 'runs': [], 'lumis': []}", u'd871678ada58a8d4d2819562f78f85652d607f5d94f4da2966620c299823120a.tar.gz', u'https://cmsweb.cern.ch/crabcache', u'sthakur', u'/DC=ch/DC=cern/OU=Organic Units/OU=Users/CN=sthakur/CN=764789/CN=Shalini Thakur', u'cms', u'None', u'None', u'ExLepEEZ_M3000_MC_20191101-00000000000000000000000000000000', u'F', u'T2_IN_TIFR', u'https://cmsweb.cern.ch/dbs/prod/global/DBSReader', u'https://cmsweb.cern.ch/dbs/prod/phys03/DBSWriter', u'T', u'[]', u"['ExLepEEZ_M3000_MC_20191101_Ntuple.root']", u'[]', u'Analysis', u'pythia', u'None', u'{}', u'[]', u'F', u'crab-prod-tw01', u'[]', u'1250', u'1', u'2000', u'10', u'None', u'[]', u'http://vocms0194.cern.ch/mon/cms251/191101_121230:sthakur_crab_ExLepEEZ_M3000_MC_20191101', u'None', u'[]', u'[]', u'https://cmsweb.cern.ch/crabserver/prod', u'cmsgwms-collector-global.cern.ch:9620,cmssrv623.fnal.gov:9620', u'crab3@vocms0194.cern.ch', u'F', u'[]', u'T', u'/store/user/sthakur/ntuple_for2017MC_20191101/MC_20191101/ExLepEEZ_M3000_MC_20191101', u'F', u'None', u'F', u'None', u'ExcitedLepton_EEZ-3000_TuneCP5_13TeV-pythia8', u'None', u'42075fd03448f7a134f5e70972f51197ce9919e91a8bd25693550d798d516bd2.tar.gz', u'45270743', u'filetransfers', u'F', u'2001:1458:d00:2e::100:9b', u'0.0', u'None'], u'desc': {u'columns': [u'tm_taskname', u'tm_activity', u'panda_jobset_id', u'tm_task_status', u'tm_task_command', u'tm_start_time', u'tm_start_injection', u'tm_end_injection', u'tm_task_failure', u'tm_job_sw', u'tm_job_arch', u'tm_input_dataset', u'tm_nonvalid_input_dataset', u'tm_use_parent', u'tm_site_whitelist', u'tm_site_blacklist', u'tm_split_algo', u'tm_split_args', u'tm_user_sandbox', u'tm_cache_url', u'tm_username', u'tm_user_dn', u'tm_user_vo', u'tm_user_role', u'tm_user_group', u'tm_publish_name', u'tm_publish_groupname', u'tm_asyncdest', u'tm_dbs_url', u'tm_publish_dbs_url', u'tm_publication', u'tm_outfiles', u'tm_tfile_outfiles', u'tm_edm_outfiles', u'tm_job_type', u'tm_generator', u'tm_events_per_lumi', u'tm_arguments', u'panda_resubmitted_jobs', u'tm_save_logs', u'tw_name', u'tm_user_infiles', u'tm_maxjobruntime', u'tm_numcores', u'tm_maxmemory', u'tm_priority', u'tm_output_dataset', u'tm_task_warnings', u'tm_user_webdir', u'tm_scriptexe', u'tm_scriptargs', u'tm_extrajdl', u'tm_asourl', u'tm_collector', u'tm_schedd', u'tm_dry_run', u'tm_user_files', u'tm_transfer_outputs', u'tm_output_lfn', u'tm_ignore_locality', u'tm_fail_limit', u'tm_one_event_mode', u'tm_secondary_input_dataset', u'tm_primary_dataset', u'tm_last_publication', u'tm_debug_files', u'clusterid', u'tm_asodb', u'tm_ignore_global_blacklist', u'tm_submitter_ip_addr', u'tm_totalunits', u'tm_ddm_reqid']}}
INFO 2019-11-03 18:00:26.267 UTC: 	 CRAB project directory:		/afs/cern.ch/work/s/sthakur/xRavindra/MiniTree2017Data/CMSSW_10_4_0/src/ExLep2017Crab/crab/CrabMC_20191101/crab_ExLepEEZ_M3000_MC_20191101
INFO 2019-11-03 18:00:26.267 UTC: 	 Task name:			191101_121230:sthakur_crab_ExLepEEZ_M3000_MC_20191101
INFO 2019-11-03 18:00:26.267 UTC: 	 Grid scheduler - Task Worker:	crab3@vocms0194.cern.ch - crab-prod-tw01
INFO 2019-11-03 18:00:26.267 UTC: 	 Status on the CRAB server:	SUBMITTED
INFO 2019-11-03 18:00:26.268 UTC: 	 Task URL to use for HELP:	https://cmsweb.cern.ch/crabserver/ui/task/191101_121230%3Asthakur_crab_ExLepEEZ_M3000_MC_20191101
INFO 2019-11-03 18:00:26.268 UTC: 	 Dashboard monitoring URL:	https://monit-grafana.cern.ch/d/cmsTMDetail/cms-task-monitoring-task-view?orgId=11&var-user=sthakur&var-task=191101_121230%3Asthakur_crab_ExLepEEZ_M3000_MC_20191101
INFO 2019-11-03 18:00:26.268 UTC: 	 In case of issues with the dashboard, please provide feedback to hn-cms-computing-tools@cern.ch
DEBUG 2019-11-03 18:00:26.268 UTC: 	 The CRAB server submitted your task to the Grid scheduler (cluster ID: 45270743)
DEBUG 2019-11-03 18:00:26.268 UTC: 	 Webdir is located at http://vocms0194.cern.ch/mon/cms251/191101_121230:sthakur_crab_ExLepEEZ_M3000_MC_20191101
DEBUG 2019-11-03 18:00:26.370 UTC: 	 Proxied webdir is located at https://cmsweb.cern.ch/scheddmon/0194/cms251/191101_121230:sthakur_crab_ExLepEEZ_M3000_MC_20191101
DEBUG 2019-11-03 18:00:26.371 UTC: 	 Retrieving 'status_cache' file from https://cmsweb.cern.ch/scheddmon/0194/cms251/191101_121230:sthakur_crab_ExLepEEZ_M3000_MC_20191101/status_cache
DEBUG 2019-11-03 18:00:26.424 UTC: 	 Got information from status cache file: {'1': {'Retries': 0, 'WallDurations': [8.0, 630.0], 'StartTimes': [1572610910.0], 'SubmitTimes': [1572610411.0], 'JobIds': ['45270768.0'], 'EndTimes': [1572611540.0], 'Restarts': 0, 'RecordedSite': True, 'State': 'finished', 'ResidentSetSize': [882424], 'TotalUserCpuTimeHistory': [543], 'SiteHistory': ['Unknown', 'T2_US_Florida'], 'TotalSysCpuTimeHistory': [13]}, '2': {'Retries': 0, 'WallDurations': [9.0, 3288.0], 'StartTimes': [1572610924.0], 'SubmitTimes': [1572610411.0], 'JobIds': ['45270767.0'], 'EndTimes': [1572614212.0], 'Restarts': 0, 'RecordedSite': True, 'State': 'finished', 'ResidentSetSize': [787928], 'TotalUserCpuTimeHistory': [1404], 'SiteHistory': ['Unknown', 'T2_US_Caltech'], 'TotalSysCpuTimeHistory': [84]}}
INFO 2019-11-03 18:00:26.424 UTC: 	 Status on the scheduler:	COMPLETED
INFO 2019-11-03 18:00:26.424 UTC: 	 
Jobs status:                    finished     		100.0% (2/2)
INFO 2019-11-03 18:00:26.518 UTC: 	 
No publication information available yet
INFO 2019-11-03 18:00:26.518 UTC: 	 
Warning: the max jobs runtime is less than 30% of the task requested value (1250 min), please consider to request a lower value for failed jobs (allowed through crab resubmit) and/or improve the jobs splitting (e.g. config.Data.splitting = 'Automatic') in a new task.
INFO 2019-11-03 18:00:26.518 UTC: 	 
Summary of run jobs:
 * Memory: 861MB min, 861MB max, 816MB ave
 * Runtime: 0:10:30 min, 0:54:48 max, 0:32:39 ave
 * CPU eff: 45% min, 88% max, 52% ave
 * Waste: 0:00:17 (0% of total)

DEBUG 2019-11-03 18:00:26.526 UTC: 	 Requesting resubmission of failed jobs in task 191101_121230:sthakur_crab_ExLepEEZ_M3000_MC_20191101
ERROR 2019-11-03 18:00:26.526 UTC: 	 Found no jobs to resubmit. Only jobs in status failed can be resubmitted. Jobs in status finished can also be resubmitted, but only if the jobids are specified and the force option is set.
ERROR 2019-11-03 18:00:26.527 UTC: 	 Caught exception
Traceback (most recent call last):
  File "/cvmfs/cms.cern.ch/crab3/slc6_amd64_gcc493/cms/crabclient/3.3.1910.patch2/bin/crab", line 160, in <module>
    client()
  File "/cvmfs/cms.cern.ch/crab3/slc6_amd64_gcc493/cms/crabclient/3.3.1910.patch2/bin/crab", line 147, in __call__
    self.cmd()
  File "/cvmfs/cms.cern.ch/crab3/slc6_amd64_gcc493/cms/crabclient/3.3.1910.patch2/lib/python2.7/site-packages/CRABClient/Commands/resubmit.py", line 63, in __call__
    self.jobids = self.processJobIds(jobList)
  File "/cvmfs/cms.cern.ch/crab3/slc6_amd64_gcc493/cms/crabclient/3.3.1910.patch2/lib/python2.7/site-packages/CRABClient/Commands/resubmit.py", line 172, in processJobIds
    raise ConfigurationException(msg)
ConfigurationException: Found no jobs to resubmit. Only jobs in status failed can be resubmitted. Jobs in status finished can also be resubmitted, but only if the jobids are specified and the force option is set.
DEBUG 2019-11-04 17:51:36.993 UTC: 	 Running on: Linux lxplus794.cern.ch 3.10.0-1062.4.1.el7.x86_64 #1 SMP Fri Oct 18 17:15:30 UTC 2019 x86_64 x86_64 x86_64 GNU/Linux
Description:	CentOS Linux release 7.7.1908 (Core) 

DEBUG 2019-11-04 17:51:36.993 UTC: 	 Executing command: 'status'
DEBUG 2019-11-04 17:51:36.994 UTC: 	 Found CRAB cache file /afs/cern.ch/user/s/sthakur/.crab3
DEBUG 2019-11-04 17:51:37.019 UTC: 	 Checking credentials
DEBUG 2019-11-04 17:51:37.019 UTC: 	 Found proxy file /tmp/x509up_u77410
DEBUG 2019-11-04 17:51:37.019 UTC: 	 Getting proxy life time left
DEBUG 2019-11-04 17:51:37.627 UTC: 	 Executing : 
 command : voms-proxy-info -file /tmp/x509up_u77410 -timeleft
 output : 43092

 error: 
 retcode : 0
DEBUG 2019-11-04 17:51:38.235 UTC: 	 Executing : 
 command : voms-proxy-info -file /tmp/x509up_u77410 -actimeleft
 output : 43091

 error: 
 retcode : 0
DEBUG 2019-11-04 17:51:38.235 UTC: 	 Proxy lifetime 43092 secs is different from voms extension lifetime 43091 secs for proxy: /tmp/x509up_u77410
DEBUG 2019-11-04 17:51:38.235 UTC: 	 Proxy valid for 11:58:11 hours
DEBUG 2019-11-04 17:51:38.459 UTC: 	 Executing : 
 command : openssl x509 -in ~/.globus/usercert.pem -subject -noout
 output : subject= /DC=ch/DC=cern/OU=Organic Units/OU=Users/CN=sthakur/CN=764789/CN=Shalini Thakur

 error: 
 retcode : 0
DEBUG 2019-11-04 17:51:38.459 UTC: 	 Checking credentials
DEBUG 2019-11-04 17:51:38.460 UTC: 	 Found proxy file /tmp/x509up_u77410
DEBUG 2019-11-04 17:51:38.460 UTC: 	 Getting proxy life time left
DEBUG 2019-11-04 17:51:39.065 UTC: 	 Executing : 
 command : voms-proxy-info -file /tmp/x509up_u77410 -timeleft
 output : 43090

 error: 
 retcode : 0
DEBUG 2019-11-04 17:51:39.670 UTC: 	 Executing : 
 command : voms-proxy-info -file /tmp/x509up_u77410 -actimeleft
 output : 43090

 error: 
 retcode : 0
DEBUG 2019-11-04 17:51:39.671 UTC: 	 Proxy valid for 11:58:10 hours
DEBUG 2019-11-04 17:51:39.838 UTC: 	 Registering user credentials for server /DC=ch/DC=cern/OU=computers/CN=vocms(052|058|030|0118|0105|0109).cern.ch|/DC=ch/DC=cern/OU=computers/CN=crab-(preprod|prod)-tw(02|01).cern.ch
DEBUG 2019-11-04 17:51:39.949 UTC: 	 Executing : 
 command : openssl x509 -in ~/.globus/usercert.pem -subject -noout
 output : subject= /DC=ch/DC=cern/OU=Organic Units/OU=Users/CN=sthakur/CN=764789/CN=Shalini Thakur

 error: 
 retcode : 0
DEBUG 2019-11-04 17:51:39.949 UTC: 	 Getting myproxy life time left for myproxy.cern.ch
DEBUG 2019-11-04 17:51:39.949 UTC: 	 Calculating hash of /DC=ch/DC=cern/OU=Organic Units/OU=Users/CN=sthakur/CN=764789/CN=Shalini Thakur_cmsweb.cern.ch for credential name
DEBUG 2019-11-04 17:51:40.154 UTC: 	 Executing : 
 command : myproxy-info -l 9cd94953387eeee7bf4da2b7588630639ea1153b -s myproxy.cern.ch
 output : username: 9cd94953387eeee7bf4da2b7588630639ea1153b
owner: /DC=ch/DC=cern/OU=Organic Units/OU=Users/CN=sthakur/CN=764789/CN=Shalini Thakur
  renewal policy: /DC=ch/DC=cern/OU=computers/CN=vocms(052|058|030|0118|0105|0109).cern.ch|/DC=ch/DC=cern/OU=computers/CN=crab-(preprod|prod)-tw(02|01).cern.ch
  trusted retrieval policy: /DC=ch/DC=cern/OU=computers/CN=vocms(052|058|030|0118|0105|0109).cern.ch|/DC=ch/DC=cern/OU=computers/CN=crab-(preprod|prod)-tw(02|01).cern.ch
  timeleft: 480:46:20  (20.0 days)

 error: 
 retcode : 0
DEBUG 2019-11-04 17:51:40.155 UTC: 	 Myproxy is valid: 1730780
DEBUG 2019-11-04 17:51:40.156 UTC: 	 Command use: status
DEBUG 2019-11-04 17:51:40.156 UTC: 	 Options use: ['--verboseErrors', 'CrabMC_20191101/crab_ExLepEEZ_M3000_MC_20191101']
DEBUG 2019-11-04 17:51:40.233 UTC: 	 CRABClient version: 3.3.1910.patch2
DEBUG 2019-11-04 17:51:40.233 UTC: 	 Instance is prod
DEBUG 2019-11-04 17:51:40.233 UTC: 	 Server base url is cmsweb.cern.ch
DEBUG 2019-11-04 17:51:40.233 UTC: 	 Command url /crabserver/prod/workflow
DEBUG 2019-11-04 17:51:40.351 UTC: 	 Got information from server oracle database: {u'result': [u'191101_121230:sthakur_crab_ExLepEEZ_M3000_MC_20191101', u'None', u'None', u'SUBMITTED', u'SUBMIT', u'2019-11-01 12:12:30.532559', u'None', u'2019-11-01 12:13:19.060722', u'None', u'CMSSW_10_4_0', u'slc7_amd64_gcc700', u'/ExcitedLepton_EEZ-3000_TuneCP5_13TeV-pythia8/RunIIFall17MiniAODv2-PU2017_12Apr2018_94X_mc2017_realistic_v14-v1/MINIAODSIM', u'T', u'0', u'[]', u'[]', u'FileBased', u"{'splitOnRun': False, 'halt_job_on_file_boundaries': False, 'files_per_job': 10, 'runs': [], 'lumis': []}", u'd871678ada58a8d4d2819562f78f85652d607f5d94f4da2966620c299823120a.tar.gz', u'https://cmsweb.cern.ch/crabcache', u'sthakur', u'/DC=ch/DC=cern/OU=Organic Units/OU=Users/CN=sthakur/CN=764789/CN=Shalini Thakur', u'cms', u'None', u'None', u'ExLepEEZ_M3000_MC_20191101-00000000000000000000000000000000', u'F', u'T2_IN_TIFR', u'https://cmsweb.cern.ch/dbs/prod/global/DBSReader', u'https://cmsweb.cern.ch/dbs/prod/phys03/DBSWriter', u'T', u'[]', u"['ExLepEEZ_M3000_MC_20191101_Ntuple.root']", u'[]', u'Analysis', u'pythia', u'None', u'{}', u'[]', u'F', u'crab-prod-tw01', u'[]', u'1250', u'1', u'2000', u'10', u'None', u'[]', u'http://vocms0194.cern.ch/mon/cms251/191101_121230:sthakur_crab_ExLepEEZ_M3000_MC_20191101', u'None', u'[]', u'[]', u'https://cmsweb.cern.ch/crabserver/prod', u'cmsgwms-collector-global.cern.ch:9620,cmssrv623.fnal.gov:9620', u'crab3@vocms0194.cern.ch', u'F', u'[]', u'T', u'/store/user/sthakur/ntuple_for2017MC_20191101/MC_20191101/ExLepEEZ_M3000_MC_20191101', u'F', u'None', u'F', u'None', u'ExcitedLepton_EEZ-3000_TuneCP5_13TeV-pythia8', u'None', u'42075fd03448f7a134f5e70972f51197ce9919e91a8bd25693550d798d516bd2.tar.gz', u'45270743', u'filetransfers', u'F', u'2001:1458:d00:2e::100:9b', u'0.0', u'None'], u'desc': {u'columns': [u'tm_taskname', u'tm_activity', u'panda_jobset_id', u'tm_task_status', u'tm_task_command', u'tm_start_time', u'tm_start_injection', u'tm_end_injection', u'tm_task_failure', u'tm_job_sw', u'tm_job_arch', u'tm_input_dataset', u'tm_nonvalid_input_dataset', u'tm_use_parent', u'tm_site_whitelist', u'tm_site_blacklist', u'tm_split_algo', u'tm_split_args', u'tm_user_sandbox', u'tm_cache_url', u'tm_username', u'tm_user_dn', u'tm_user_vo', u'tm_user_role', u'tm_user_group', u'tm_publish_name', u'tm_publish_groupname', u'tm_asyncdest', u'tm_dbs_url', u'tm_publish_dbs_url', u'tm_publication', u'tm_outfiles', u'tm_tfile_outfiles', u'tm_edm_outfiles', u'tm_job_type', u'tm_generator', u'tm_events_per_lumi', u'tm_arguments', u'panda_resubmitted_jobs', u'tm_save_logs', u'tw_name', u'tm_user_infiles', u'tm_maxjobruntime', u'tm_numcores', u'tm_maxmemory', u'tm_priority', u'tm_output_dataset', u'tm_task_warnings', u'tm_user_webdir', u'tm_scriptexe', u'tm_scriptargs', u'tm_extrajdl', u'tm_asourl', u'tm_collector', u'tm_schedd', u'tm_dry_run', u'tm_user_files', u'tm_transfer_outputs', u'tm_output_lfn', u'tm_ignore_locality', u'tm_fail_limit', u'tm_one_event_mode', u'tm_secondary_input_dataset', u'tm_primary_dataset', u'tm_last_publication', u'tm_debug_files', u'clusterid', u'tm_asodb', u'tm_ignore_global_blacklist', u'tm_submitter_ip_addr', u'tm_totalunits', u'tm_ddm_reqid']}}
INFO 2019-11-04 17:51:40.352 UTC: 	 CRAB project directory:		/afs/cern.ch/work/s/sthakur/xRavindra/MiniTree2017Data/CMSSW_10_4_0/src/ExLep2017Crab/crab/CrabMC_20191101/crab_ExLepEEZ_M3000_MC_20191101
INFO 2019-11-04 17:51:40.352 UTC: 	 Task name:			191101_121230:sthakur_crab_ExLepEEZ_M3000_MC_20191101
INFO 2019-11-04 17:51:40.352 UTC: 	 Grid scheduler - Task Worker:	crab3@vocms0194.cern.ch - crab-prod-tw01
INFO 2019-11-04 17:51:40.352 UTC: 	 Status on the CRAB server:	SUBMITTED
INFO 2019-11-04 17:51:40.352 UTC: 	 Task URL to use for HELP:	https://cmsweb.cern.ch/crabserver/ui/task/191101_121230%3Asthakur_crab_ExLepEEZ_M3000_MC_20191101
INFO 2019-11-04 17:51:40.352 UTC: 	 Dashboard monitoring URL:	https://monit-grafana.cern.ch/d/cmsTMDetail/cms-task-monitoring-task-view?orgId=11&var-user=sthakur&var-task=191101_121230%3Asthakur_crab_ExLepEEZ_M3000_MC_20191101
INFO 2019-11-04 17:51:40.352 UTC: 	 In case of issues with the dashboard, please provide feedback to hn-cms-computing-tools@cern.ch
DEBUG 2019-11-04 17:51:40.352 UTC: 	 The CRAB server submitted your task to the Grid scheduler (cluster ID: 45270743)
DEBUG 2019-11-04 17:51:40.352 UTC: 	 Webdir is located at http://vocms0194.cern.ch/mon/cms251/191101_121230:sthakur_crab_ExLepEEZ_M3000_MC_20191101
DEBUG 2019-11-04 17:51:40.484 UTC: 	 Proxied webdir is located at https://cmsweb.cern.ch/scheddmon/0194/cms251/191101_121230:sthakur_crab_ExLepEEZ_M3000_MC_20191101
DEBUG 2019-11-04 17:51:40.484 UTC: 	 Retrieving 'status_cache' file from https://cmsweb.cern.ch/scheddmon/0194/cms251/191101_121230:sthakur_crab_ExLepEEZ_M3000_MC_20191101/status_cache
DEBUG 2019-11-04 17:51:41.161 UTC: 	 Got information from status cache file: {'1': {'Retries': 0, 'WallDurations': [8.0, 630.0], 'StartTimes': [1572610910.0], 'SubmitTimes': [1572610411.0], 'JobIds': ['45270768.0'], 'EndTimes': [1572611540.0], 'Restarts': 0, 'RecordedSite': True, 'State': 'finished', 'ResidentSetSize': [882424], 'TotalUserCpuTimeHistory': [543], 'SiteHistory': ['Unknown', 'T2_US_Florida'], 'TotalSysCpuTimeHistory': [13]}, '2': {'Retries': 0, 'WallDurations': [9.0, 3288.0], 'StartTimes': [1572610924.0], 'SubmitTimes': [1572610411.0], 'JobIds': ['45270767.0'], 'EndTimes': [1572614212.0], 'Restarts': 0, 'RecordedSite': True, 'State': 'finished', 'ResidentSetSize': [787928], 'TotalUserCpuTimeHistory': [1404], 'SiteHistory': ['Unknown', 'T2_US_Caltech'], 'TotalSysCpuTimeHistory': [84]}}
INFO 2019-11-04 17:51:41.161 UTC: 	 Status on the scheduler:	COMPLETED
INFO 2019-11-04 17:51:41.161 UTC: 	 
Jobs status:                    finished     		100.0% (2/2)
INFO 2019-11-04 17:51:41.239 UTC: 	 
No publication information available yet
INFO 2019-11-04 17:51:41.239 UTC: 	 
Warning: the max jobs runtime is less than 30% of the task requested value (1250 min), please consider to request a lower value for failed jobs (allowed through crab resubmit) and/or improve the jobs splitting (e.g. config.Data.splitting = 'Automatic') in a new task.
INFO 2019-11-04 17:51:41.240 UTC: 	 
Summary of run jobs:
 * Memory: 861MB min, 861MB max, 816MB ave
 * Runtime: 0:10:30 min, 0:54:48 max, 0:32:39 ave
 * CPU eff: 45% min, 88% max, 52% ave
 * Waste: 0:00:17 (0% of total)

INFO 2019-11-04 17:51:41.260 UTC: 	 Log file is /afs/cern.ch/work/s/sthakur/xRavindra/MiniTree2017Data/CMSSW_10_4_0/src/ExLep2017Crab/crab/CrabMC_20191101/crab_ExLepEEZ_M3000_MC_20191101/crab.log
DEBUG 2019-11-11 18:30:49.767 UTC: 	 Running on: Linux lxplus745.cern.ch 3.10.0-1062.4.1.el7.x86_64 #1 SMP Fri Oct 18 17:15:30 UTC 2019 x86_64 x86_64 x86_64 GNU/Linux - CentOS Linux 7 (Core)
DEBUG 2019-11-11 18:30:49.795 UTC: 	 OpenSSl version: OpenSSL 1.0.2h  3 May 2016
DEBUG 2019-11-11 18:30:49.795 UTC: 	 Executing command: 'status'
DEBUG 2019-11-11 18:30:49.795 UTC: 	 Found CRAB cache file /afs/cern.ch/user/s/sthakur/.crab3
DEBUG 2019-11-11 18:30:49.822 UTC: 	 Checking credentials
DEBUG 2019-11-11 18:30:49.822 UTC: 	 Found proxy file /tmp/x509up_u77410
DEBUG 2019-11-11 18:30:49.822 UTC: 	 Getting proxy life time left
DEBUG 2019-11-11 18:30:51.156 UTC: 	 Executing : 
 command : voms-proxy-info -file /tmp/x509up_u77410 -timeleft
 output : 39009

 error: 
 retcode : 0
DEBUG 2019-11-11 18:30:52.576 UTC: 	 Executing : 
 command : voms-proxy-info -file /tmp/x509up_u77410 -actimeleft
 output : 39008

 error: 
 retcode : 0
DEBUG 2019-11-11 18:30:52.576 UTC: 	 Proxy lifetime 39009 secs is different from voms extension lifetime 39008 secs for proxy: /tmp/x509up_u77410
DEBUG 2019-11-11 18:30:52.576 UTC: 	 Proxy valid for 10:50:08 hours
DEBUG 2019-11-11 18:30:52.849 UTC: 	 Executing : 
 command : openssl x509 -in ~/.globus/usercert.pem -subject -noout
 output : subject= /DC=ch/DC=cern/OU=Organic Units/OU=Users/CN=sthakur/CN=764789/CN=Shalini Thakur

 error: 
 retcode : 0
DEBUG 2019-11-11 18:30:52.849 UTC: 	 Checking credentials
DEBUG 2019-11-11 18:30:52.849 UTC: 	 Found proxy file /tmp/x509up_u77410
DEBUG 2019-11-11 18:30:52.849 UTC: 	 Getting proxy life time left
DEBUG 2019-11-11 18:30:54.187 UTC: 	 Executing : 
 command : voms-proxy-info -file /tmp/x509up_u77410 -timeleft
 output : 39006

 error: 
 retcode : 0
DEBUG 2019-11-11 18:30:55.418 UTC: 	 Executing : 
 command : voms-proxy-info -file /tmp/x509up_u77410 -actimeleft
 output : 39005

 error: 
 retcode : 0
DEBUG 2019-11-11 18:30:55.419 UTC: 	 Proxy lifetime 39006 secs is different from voms extension lifetime 39005 secs for proxy: /tmp/x509up_u77410
DEBUG 2019-11-11 18:30:55.419 UTC: 	 Proxy valid for 10:50:05 hours
DEBUG 2019-11-11 18:30:55.522 UTC: 	 Registering user credentials for server /DC=ch/DC=cern/OU=computers/CN=vocms(052|058|030|0118|0105|0109).cern.ch|/DC=ch/DC=cern/OU=computers/CN=crab-(preprod|prod)-tw(02|01).cern.ch
DEBUG 2019-11-11 18:30:55.638 UTC: 	 Executing : 
 command : openssl x509 -in ~/.globus/usercert.pem -subject -noout
 output : subject= /DC=ch/DC=cern/OU=Organic Units/OU=Users/CN=sthakur/CN=764789/CN=Shalini Thakur

 error: 
 retcode : 0
DEBUG 2019-11-11 18:30:55.640 UTC: 	 Getting myproxy life time left for myproxy.cern.ch
DEBUG 2019-11-11 18:30:55.640 UTC: 	 Calculating hash of /DC=ch/DC=cern/OU=Organic Units/OU=Users/CN=sthakur/CN=764789/CN=Shalini Thakur_cmsweb.cern.ch for credential name
DEBUG 2019-11-11 18:30:55.950 UTC: 	 Executing : 
 command : myproxy-info -l 9cd94953387eeee7bf4da2b7588630639ea1153b -s myproxy.cern.ch
 output : username: 9cd94953387eeee7bf4da2b7588630639ea1153b
owner: /DC=ch/DC=cern/OU=Organic Units/OU=Users/CN=sthakur/CN=764789/CN=Shalini Thakur
  renewal policy: /DC=ch/DC=cern/OU=computers/CN=vocms(052|058|030|0118|0105|0109).cern.ch|/DC=ch/DC=cern/OU=computers/CN=crab-(preprod|prod)-tw(02|01).cern.ch
  trusted retrieval policy: /DC=ch/DC=cern/OU=computers/CN=vocms(052|058|030|0118|0105|0109).cern.ch|/DC=ch/DC=cern/OU=computers/CN=crab-(preprod|prod)-tw(02|01).cern.ch
  timeleft: 711:02:24  (29.6 days)

 error: 
 retcode : 0
DEBUG 2019-11-11 18:30:55.952 UTC: 	 Myproxy is valid: 2559744
DEBUG 2019-11-11 18:30:55.953 UTC: 	 Command use: status
DEBUG 2019-11-11 18:30:55.953 UTC: 	 Options use: ['--verboseErrors', 'CrabMC_20191101/crab_ExLepEEZ_M3000_MC_20191101']
DEBUG 2019-11-11 18:30:56.052 UTC: 	 CRABClient version: 3.3.1911
DEBUG 2019-11-11 18:30:56.052 UTC: 	 Instance is prod
DEBUG 2019-11-11 18:30:56.052 UTC: 	 Server base url is cmsweb.cern.ch
DEBUG 2019-11-11 18:30:56.052 UTC: 	 Command url /crabserver/prod/workflow
DEBUG 2019-11-11 18:30:56.140 UTC: 	 Got information from server oracle database: {u'result': [u'191101_121230:sthakur_crab_ExLepEEZ_M3000_MC_20191101', u'None', u'None', u'SUBMITTED', u'SUBMIT', u'2019-11-01 12:12:30.532559', u'None', u'2019-11-01 12:13:19.060722', u'None', u'CMSSW_10_4_0', u'slc7_amd64_gcc700', u'/ExcitedLepton_EEZ-3000_TuneCP5_13TeV-pythia8/RunIIFall17MiniAODv2-PU2017_12Apr2018_94X_mc2017_realistic_v14-v1/MINIAODSIM', u'T', u'0', u'[]', u'[]', u'FileBased', u"{'splitOnRun': False, 'halt_job_on_file_boundaries': False, 'files_per_job': 10, 'runs': [], 'lumis': []}", u'd871678ada58a8d4d2819562f78f85652d607f5d94f4da2966620c299823120a.tar.gz', u'https://cmsweb.cern.ch/crabcache', u'sthakur', u'/DC=ch/DC=cern/OU=Organic Units/OU=Users/CN=sthakur/CN=764789/CN=Shalini Thakur', u'cms', u'None', u'None', u'ExLepEEZ_M3000_MC_20191101-00000000000000000000000000000000', u'F', u'T2_IN_TIFR', u'https://cmsweb.cern.ch/dbs/prod/global/DBSReader', u'https://cmsweb.cern.ch/dbs/prod/phys03/DBSWriter', u'T', u'[]', u"['ExLepEEZ_M3000_MC_20191101_Ntuple.root']", u'[]', u'Analysis', u'pythia', u'None', u'{}', u'[]', u'F', u'crab-prod-tw01', u'[]', u'1250', u'1', u'2000', u'10', u'None', u'[]', u'http://vocms0194.cern.ch/mon/cms251/191101_121230:sthakur_crab_ExLepEEZ_M3000_MC_20191101', u'None', u'[]', u'[]', u'https://cmsweb.cern.ch/crabserver/prod', u'cmsgwms-collector-global.cern.ch:9620,cmssrv623.fnal.gov:9620', u'crab3@vocms0194.cern.ch', u'F', u'[]', u'T', u'/store/user/sthakur/ntuple_for2017MC_20191101/MC_20191101/ExLepEEZ_M3000_MC_20191101', u'F', u'None', u'F', u'None', u'ExcitedLepton_EEZ-3000_TuneCP5_13TeV-pythia8', u'None', u'42075fd03448f7a134f5e70972f51197ce9919e91a8bd25693550d798d516bd2.tar.gz', u'45270743', u'filetransfers', u'F', u'2001:1458:d00:2e::100:9b', u'0.0', u'None'], u'desc': {u'columns': [u'tm_taskname', u'tm_activity', u'panda_jobset_id', u'tm_task_status', u'tm_task_command', u'tm_start_time', u'tm_start_injection', u'tm_end_injection', u'tm_task_failure', u'tm_job_sw', u'tm_job_arch', u'tm_input_dataset', u'tm_nonvalid_input_dataset', u'tm_use_parent', u'tm_site_whitelist', u'tm_site_blacklist', u'tm_split_algo', u'tm_split_args', u'tm_user_sandbox', u'tm_cache_url', u'tm_username', u'tm_user_dn', u'tm_user_vo', u'tm_user_role', u'tm_user_group', u'tm_publish_name', u'tm_publish_groupname', u'tm_asyncdest', u'tm_dbs_url', u'tm_publish_dbs_url', u'tm_publication', u'tm_outfiles', u'tm_tfile_outfiles', u'tm_edm_outfiles', u'tm_job_type', u'tm_generator', u'tm_events_per_lumi', u'tm_arguments', u'panda_resubmitted_jobs', u'tm_save_logs', u'tw_name', u'tm_user_infiles', u'tm_maxjobruntime', u'tm_numcores', u'tm_maxmemory', u'tm_priority', u'tm_output_dataset', u'tm_task_warnings', u'tm_user_webdir', u'tm_scriptexe', u'tm_scriptargs', u'tm_extrajdl', u'tm_asourl', u'tm_collector', u'tm_schedd', u'tm_dry_run', u'tm_user_files', u'tm_transfer_outputs', u'tm_output_lfn', u'tm_ignore_locality', u'tm_fail_limit', u'tm_one_event_mode', u'tm_secondary_input_dataset', u'tm_primary_dataset', u'tm_last_publication', u'tm_debug_files', u'clusterid', u'tm_asodb', u'tm_ignore_global_blacklist', u'tm_submitter_ip_addr', u'tm_totalunits', u'tm_ddm_reqid']}}
INFO 2019-11-11 18:30:56.141 UTC: 	 CRAB project directory:		/afs/cern.ch/work/s/sthakur/xRavindra/MiniTree2017Data/CMSSW_10_4_0/src/ExLep2017Crab/crab/CrabMC_20191101/crab_ExLepEEZ_M3000_MC_20191101
INFO 2019-11-11 18:30:56.141 UTC: 	 Task name:			191101_121230:sthakur_crab_ExLepEEZ_M3000_MC_20191101
INFO 2019-11-11 18:30:56.141 UTC: 	 Grid scheduler - Task Worker:	crab3@vocms0194.cern.ch - crab-prod-tw01
INFO 2019-11-11 18:30:56.141 UTC: 	 Status on the CRAB server:	SUBMITTED
INFO 2019-11-11 18:30:56.141 UTC: 	 Task URL to use for HELP:	https://cmsweb.cern.ch/crabserver/ui/task/191101_121230%3Asthakur_crab_ExLepEEZ_M3000_MC_20191101
INFO 2019-11-11 18:30:56.142 UTC: 	 Dashboard monitoring URL:	https://monit-grafana.cern.ch/d/cmsTMDetail/cms-task-monitoring-task-view?orgId=11&var-user=sthakur&var-task=191101_121230%3Asthakur_crab_ExLepEEZ_M3000_MC_20191101
INFO 2019-11-11 18:30:56.142 UTC: 	 In case of issues with the dashboard, please provide feedback to hn-cms-computing-tools@cern.ch
DEBUG 2019-11-11 18:30:56.142 UTC: 	 The CRAB server submitted your task to the Grid scheduler (cluster ID: 45270743)
DEBUG 2019-11-11 18:30:56.142 UTC: 	 Webdir is located at http://vocms0194.cern.ch/mon/cms251/191101_121230:sthakur_crab_ExLepEEZ_M3000_MC_20191101
DEBUG 2019-11-11 18:30:56.269 UTC: 	 Proxied webdir is located at https://cmsweb.cern.ch/scheddmon/0194/cms251/191101_121230:sthakur_crab_ExLepEEZ_M3000_MC_20191101
DEBUG 2019-11-11 18:30:56.270 UTC: 	 Retrieving 'status_cache' file from https://cmsweb.cern.ch/scheddmon/0194/cms251/191101_121230:sthakur_crab_ExLepEEZ_M3000_MC_20191101/status_cache
DEBUG 2019-11-11 18:30:56.662 UTC: 	 Got information from status cache file: {'1': {'Retries': 0, 'WallDurations': [8.0, 630.0], 'StartTimes': [1572610910.0], 'SubmitTimes': [1572610411.0], 'JobIds': ['45270768.0'], 'EndTimes': [1572611540.0], 'Restarts': 0, 'RecordedSite': True, 'State': 'finished', 'ResidentSetSize': [882424], 'TotalUserCpuTimeHistory': [543], 'SiteHistory': ['Unknown', 'T2_US_Florida'], 'TotalSysCpuTimeHistory': [13]}, '2': {'Retries': 0, 'WallDurations': [9.0, 3288.0], 'StartTimes': [1572610924.0], 'SubmitTimes': [1572610411.0], 'JobIds': ['45270767.0'], 'EndTimes': [1572614212.0], 'Restarts': 0, 'RecordedSite': True, 'State': 'finished', 'ResidentSetSize': [787928], 'TotalUserCpuTimeHistory': [1404], 'SiteHistory': ['Unknown', 'T2_US_Caltech'], 'TotalSysCpuTimeHistory': [84]}}
INFO 2019-11-11 18:30:56.662 UTC: 	 Status on the scheduler:	COMPLETED
INFO 2019-11-11 18:30:56.663 UTC: 	 
Jobs status:                    finished     		100.0% (2/2)
INFO 2019-11-11 18:30:56.744 UTC: 	 
No publication information available yet
INFO 2019-11-11 18:30:56.745 UTC: 	 
Warning: the max jobs runtime is less than 30% of the task requested value (1250 min), please consider to request a lower value for failed jobs (allowed through crab resubmit) and/or improve the jobs splitting (e.g. config.Data.splitting = 'Automatic') in a new task.
INFO 2019-11-11 18:30:56.745 UTC: 	 
Summary of run jobs:
 * Memory: 861MB min, 861MB max, 816MB ave
 * Runtime: 0:10:30 min, 0:54:48 max, 0:32:39 ave
 * CPU eff: 45% min, 88% max, 52% ave
 * Waste: 0:00:17 (0% of total)

INFO 2019-11-11 18:30:56.769 UTC: 	 Log file is /afs/cern.ch/work/s/sthakur/xRavindra/MiniTree2017Data/CMSSW_10_4_0/src/ExLep2017Crab/crab/CrabMC_20191101/crab_ExLepEEZ_M3000_MC_20191101/crab.log
DEBUG 2019-11-11 18:47:28.747 UTC: 	 Running on: Linux lxplus714.cern.ch 3.10.0-1062.4.1.el7.x86_64 #1 SMP Fri Oct 18 17:15:30 UTC 2019 x86_64 x86_64 x86_64 GNU/Linux - CentOS Linux 7 (Core)
DEBUG 2019-11-11 18:47:28.763 UTC: 	 OpenSSl version: OpenSSL 1.0.2k-fips  26 Jan 2017 (Library: OpenSSL 1.0.2d-fips 9 Jul 2015)
DEBUG 2019-11-11 18:47:28.764 UTC: 	 Executing command: 'status'
DEBUG 2019-11-11 18:47:28.764 UTC: 	 Found CRAB cache file /afs/cern.ch/user/s/sthakur/.crab3
DEBUG 2019-11-11 18:47:28.775 UTC: 	 Checking credentials
DEBUG 2019-11-11 18:47:28.775 UTC: 	 Found proxy file /tmp/x509up_u77410
DEBUG 2019-11-11 18:47:28.775 UTC: 	 Getting proxy life time left
DEBUG 2019-11-11 18:47:29.482 UTC: 	 Executing : 
 command : voms-proxy-info -file /tmp/x509up_u77410 -timeleft
 output : 43142

 error: 
 retcode : 0
DEBUG 2019-11-11 18:47:30.191 UTC: 	 Executing : 
 command : voms-proxy-info -file /tmp/x509up_u77410 -actimeleft
 output : 43141

 error: 
 retcode : 0
DEBUG 2019-11-11 18:47:30.191 UTC: 	 Proxy lifetime 43142 secs is different from voms extension lifetime 43141 secs for proxy: /tmp/x509up_u77410
DEBUG 2019-11-11 18:47:30.191 UTC: 	 Proxy valid for 11:59:01 hours
DEBUG 2019-11-11 18:47:30.360 UTC: 	 Executing : 
 command : openssl x509 -in ~/.globus/usercert.pem -subject -noout
 output : subject= /DC=ch/DC=cern/OU=Organic Units/OU=Users/CN=sthakur/CN=764789/CN=Shalini Thakur

 error: 
 retcode : 0
DEBUG 2019-11-11 18:47:30.361 UTC: 	 Checking credentials
DEBUG 2019-11-11 18:47:30.361 UTC: 	 Found proxy file /tmp/x509up_u77410
DEBUG 2019-11-11 18:47:30.361 UTC: 	 Getting proxy life time left
DEBUG 2019-11-11 18:47:31.067 UTC: 	 Executing : 
 command : voms-proxy-info -file /tmp/x509up_u77410 -timeleft
 output : 43140

 error: 
 retcode : 0
DEBUG 2019-11-11 18:47:31.775 UTC: 	 Executing : 
 command : voms-proxy-info -file /tmp/x509up_u77410 -actimeleft
 output : 43140

 error: 
 retcode : 0
DEBUG 2019-11-11 18:47:31.776 UTC: 	 Proxy valid for 11:59:00 hours
DEBUG 2019-11-11 18:47:31.857 UTC: 	 Registering user credentials for server /DC=ch/DC=cern/OU=computers/CN=vocms(052|058|030|0118|0105|0109).cern.ch|/DC=ch/DC=cern/OU=computers/CN=crab-(preprod|prod)-tw(02|01).cern.ch
DEBUG 2019-11-11 18:47:31.970 UTC: 	 Executing : 
 command : openssl x509 -in ~/.globus/usercert.pem -subject -noout
 output : subject= /DC=ch/DC=cern/OU=Organic Units/OU=Users/CN=sthakur/CN=764789/CN=Shalini Thakur

 error: 
 retcode : 0
DEBUG 2019-11-11 18:47:31.970 UTC: 	 Getting myproxy life time left for myproxy.cern.ch
DEBUG 2019-11-11 18:47:31.971 UTC: 	 Calculating hash of /DC=ch/DC=cern/OU=Organic Units/OU=Users/CN=sthakur/CN=764789/CN=Shalini Thakur_cmsweb.cern.ch for credential name
DEBUG 2019-11-11 18:47:32.178 UTC: 	 Executing : 
 command : myproxy-info -l 9cd94953387eeee7bf4da2b7588630639ea1153b -s myproxy.cern.ch
 output : username: 9cd94953387eeee7bf4da2b7588630639ea1153b
owner: /DC=ch/DC=cern/OU=Organic Units/OU=Users/CN=sthakur/CN=764789/CN=Shalini Thakur
  renewal policy: /DC=ch/DC=cern/OU=computers/CN=vocms(052|058|030|0118|0105|0109).cern.ch|/DC=ch/DC=cern/OU=computers/CN=crab-(preprod|prod)-tw(02|01).cern.ch
  trusted retrieval policy: /DC=ch/DC=cern/OU=computers/CN=vocms(052|058|030|0118|0105|0109).cern.ch|/DC=ch/DC=cern/OU=computers/CN=crab-(preprod|prod)-tw(02|01).cern.ch
  timeleft: 710:45:47  (29.6 days)

 error: 
 retcode : 0
DEBUG 2019-11-11 18:47:32.179 UTC: 	 Myproxy is valid: 2558747
DEBUG 2019-11-11 18:47:32.180 UTC: 	 Command use: status
DEBUG 2019-11-11 18:47:32.180 UTC: 	 Options use: ['--verboseErrors', 'CrabMC_20191101/crab_ExLepEEZ_M3000_MC_20191101']
DEBUG 2019-11-11 18:47:32.283 UTC: 	 CRABClient version: 3.3.1911
DEBUG 2019-11-11 18:47:32.283 UTC: 	 Instance is prod
DEBUG 2019-11-11 18:47:32.283 UTC: 	 Server base url is cmsweb.cern.ch
DEBUG 2019-11-11 18:47:32.283 UTC: 	 Command url /crabserver/prod/workflow
DEBUG 2019-11-11 18:47:32.391 UTC: 	 Got information from server oracle database: {u'result': [u'191101_121230:sthakur_crab_ExLepEEZ_M3000_MC_20191101', u'None', u'None', u'SUBMITTED', u'SUBMIT', u'2019-11-01 12:12:30.532559', u'None', u'2019-11-01 12:13:19.060722', u'None', u'CMSSW_10_4_0', u'slc7_amd64_gcc700', u'/ExcitedLepton_EEZ-3000_TuneCP5_13TeV-pythia8/RunIIFall17MiniAODv2-PU2017_12Apr2018_94X_mc2017_realistic_v14-v1/MINIAODSIM', u'T', u'0', u'[]', u'[]', u'FileBased', u"{'splitOnRun': False, 'halt_job_on_file_boundaries': False, 'files_per_job': 10, 'runs': [], 'lumis': []}", u'd871678ada58a8d4d2819562f78f85652d607f5d94f4da2966620c299823120a.tar.gz', u'https://cmsweb.cern.ch/crabcache', u'sthakur', u'/DC=ch/DC=cern/OU=Organic Units/OU=Users/CN=sthakur/CN=764789/CN=Shalini Thakur', u'cms', u'None', u'None', u'ExLepEEZ_M3000_MC_20191101-00000000000000000000000000000000', u'F', u'T2_IN_TIFR', u'https://cmsweb.cern.ch/dbs/prod/global/DBSReader', u'https://cmsweb.cern.ch/dbs/prod/phys03/DBSWriter', u'T', u'[]', u"['ExLepEEZ_M3000_MC_20191101_Ntuple.root']", u'[]', u'Analysis', u'pythia', u'None', u'{}', u'[]', u'F', u'crab-prod-tw01', u'[]', u'1250', u'1', u'2000', u'10', u'None', u'[]', u'http://vocms0194.cern.ch/mon/cms251/191101_121230:sthakur_crab_ExLepEEZ_M3000_MC_20191101', u'None', u'[]', u'[]', u'https://cmsweb.cern.ch/crabserver/prod', u'cmsgwms-collector-global.cern.ch:9620,cmssrv623.fnal.gov:9620', u'crab3@vocms0194.cern.ch', u'F', u'[]', u'T', u'/store/user/sthakur/ntuple_for2017MC_20191101/MC_20191101/ExLepEEZ_M3000_MC_20191101', u'F', u'None', u'F', u'None', u'ExcitedLepton_EEZ-3000_TuneCP5_13TeV-pythia8', u'None', u'42075fd03448f7a134f5e70972f51197ce9919e91a8bd25693550d798d516bd2.tar.gz', u'45270743', u'filetransfers', u'F', u'2001:1458:d00:2e::100:9b', u'0.0', u'None'], u'desc': {u'columns': [u'tm_taskname', u'tm_activity', u'panda_jobset_id', u'tm_task_status', u'tm_task_command', u'tm_start_time', u'tm_start_injection', u'tm_end_injection', u'tm_task_failure', u'tm_job_sw', u'tm_job_arch', u'tm_input_dataset', u'tm_nonvalid_input_dataset', u'tm_use_parent', u'tm_site_whitelist', u'tm_site_blacklist', u'tm_split_algo', u'tm_split_args', u'tm_user_sandbox', u'tm_cache_url', u'tm_username', u'tm_user_dn', u'tm_user_vo', u'tm_user_role', u'tm_user_group', u'tm_publish_name', u'tm_publish_groupname', u'tm_asyncdest', u'tm_dbs_url', u'tm_publish_dbs_url', u'tm_publication', u'tm_outfiles', u'tm_tfile_outfiles', u'tm_edm_outfiles', u'tm_job_type', u'tm_generator', u'tm_events_per_lumi', u'tm_arguments', u'panda_resubmitted_jobs', u'tm_save_logs', u'tw_name', u'tm_user_infiles', u'tm_maxjobruntime', u'tm_numcores', u'tm_maxmemory', u'tm_priority', u'tm_output_dataset', u'tm_task_warnings', u'tm_user_webdir', u'tm_scriptexe', u'tm_scriptargs', u'tm_extrajdl', u'tm_asourl', u'tm_collector', u'tm_schedd', u'tm_dry_run', u'tm_user_files', u'tm_transfer_outputs', u'tm_output_lfn', u'tm_ignore_locality', u'tm_fail_limit', u'tm_one_event_mode', u'tm_secondary_input_dataset', u'tm_primary_dataset', u'tm_last_publication', u'tm_debug_files', u'clusterid', u'tm_asodb', u'tm_ignore_global_blacklist', u'tm_submitter_ip_addr', u'tm_totalunits', u'tm_ddm_reqid']}}
INFO 2019-11-11 18:47:32.392 UTC: 	 CRAB project directory:		/afs/cern.ch/work/s/sthakur/xRavindra/MiniTree2017Data/CMSSW_10_4_0/src/ExLep2017Crab/crab/CrabMC_20191101/crab_ExLepEEZ_M3000_MC_20191101
INFO 2019-11-11 18:47:32.392 UTC: 	 Task name:			191101_121230:sthakur_crab_ExLepEEZ_M3000_MC_20191101
INFO 2019-11-11 18:47:32.392 UTC: 	 Grid scheduler - Task Worker:	crab3@vocms0194.cern.ch - crab-prod-tw01
INFO 2019-11-11 18:47:32.392 UTC: 	 Status on the CRAB server:	SUBMITTED
INFO 2019-11-11 18:47:32.392 UTC: 	 Task URL to use for HELP:	https://cmsweb.cern.ch/crabserver/ui/task/191101_121230%3Asthakur_crab_ExLepEEZ_M3000_MC_20191101
INFO 2019-11-11 18:47:32.393 UTC: 	 Dashboard monitoring URL:	https://monit-grafana.cern.ch/d/cmsTMDetail/cms-task-monitoring-task-view?orgId=11&var-user=sthakur&var-task=191101_121230%3Asthakur_crab_ExLepEEZ_M3000_MC_20191101
INFO 2019-11-11 18:47:32.393 UTC: 	 In case of issues with the dashboard, please provide feedback to hn-cms-computing-tools@cern.ch
DEBUG 2019-11-11 18:47:32.393 UTC: 	 The CRAB server submitted your task to the Grid scheduler (cluster ID: 45270743)
DEBUG 2019-11-11 18:47:32.393 UTC: 	 Webdir is located at http://vocms0194.cern.ch/mon/cms251/191101_121230:sthakur_crab_ExLepEEZ_M3000_MC_20191101
DEBUG 2019-11-11 18:47:32.469 UTC: 	 Proxied webdir is located at https://cmsweb.cern.ch/scheddmon/0194/cms251/191101_121230:sthakur_crab_ExLepEEZ_M3000_MC_20191101
DEBUG 2019-11-11 18:47:32.469 UTC: 	 Retrieving 'status_cache' file from https://cmsweb.cern.ch/scheddmon/0194/cms251/191101_121230:sthakur_crab_ExLepEEZ_M3000_MC_20191101/status_cache
DEBUG 2019-11-11 18:47:32.520 UTC: 	 Got information from status cache file: {'1': {'Retries': 0, 'WallDurations': [8.0, 630.0], 'StartTimes': [1572610910.0], 'SubmitTimes': [1572610411.0], 'JobIds': ['45270768.0'], 'EndTimes': [1572611540.0], 'Restarts': 0, 'RecordedSite': True, 'State': 'finished', 'ResidentSetSize': [882424], 'TotalUserCpuTimeHistory': [543], 'SiteHistory': ['Unknown', 'T2_US_Florida'], 'TotalSysCpuTimeHistory': [13]}, '2': {'Retries': 0, 'WallDurations': [9.0, 3288.0], 'StartTimes': [1572610924.0], 'SubmitTimes': [1572610411.0], 'JobIds': ['45270767.0'], 'EndTimes': [1572614212.0], 'Restarts': 0, 'RecordedSite': True, 'State': 'finished', 'ResidentSetSize': [787928], 'TotalUserCpuTimeHistory': [1404], 'SiteHistory': ['Unknown', 'T2_US_Caltech'], 'TotalSysCpuTimeHistory': [84]}}
INFO 2019-11-11 18:47:32.520 UTC: 	 Status on the scheduler:	COMPLETED
INFO 2019-11-11 18:47:32.521 UTC: 	 
Jobs status:                    finished     		100.0% (2/2)
INFO 2019-11-11 18:47:32.644 UTC: 	 
No publication information available yet
INFO 2019-11-11 18:47:32.645 UTC: 	 
Warning: the max jobs runtime is less than 30% of the task requested value (1250 min), please consider to request a lower value for failed jobs (allowed through crab resubmit) and/or improve the jobs splitting (e.g. config.Data.splitting = 'Automatic') in a new task.
INFO 2019-11-11 18:47:32.645 UTC: 	 
Summary of run jobs:
 * Memory: 861MB min, 861MB max, 816MB ave
 * Runtime: 0:10:30 min, 0:54:48 max, 0:32:39 ave
 * CPU eff: 45% min, 88% max, 52% ave
 * Waste: 0:00:17 (0% of total)

INFO 2019-11-11 18:47:32.658 UTC: 	 Log file is /afs/cern.ch/work/s/sthakur/xRavindra/MiniTree2017Data/CMSSW_10_4_0/src/ExLep2017Crab/crab/CrabMC_20191101/crab_ExLepEEZ_M3000_MC_20191101/crab.log
