DEBUG 2019-11-01 12:10:48.496 UTC: 	 Running on: Linux lxplus707.cern.ch 3.10.0-1062.1.2.el7.x86_64 #1 SMP Mon Sep 30 14:19:46 UTC 2019 x86_64 x86_64 x86_64 GNU/Linux
Description:	CentOS Linux release 7.7.1908 (Core) 

DEBUG 2019-11-01 12:10:48.497 UTC: 	 Executing command: 'submit'
DEBUG 2019-11-01 12:10:48.505 UTC: 	 Found CRAB cache file /afs/cern.ch/user/s/sthakur/.crab3
DEBUG 2019-11-01 12:10:48.513 UTC: 	 Checking credentials
DEBUG 2019-11-01 12:10:48.513 UTC: 	 Found proxy file /tmp/x509up_u77410
DEBUG 2019-11-01 12:10:48.513 UTC: 	 Getting proxy life time left
DEBUG 2019-11-01 12:10:49.220 UTC: 	 Executing : 
 command : voms-proxy-info -file /tmp/x509up_u77410 -timeleft
 output : 43149

 error: 
 retcode : 0
DEBUG 2019-11-01 12:10:49.928 UTC: 	 Executing : 
 command : voms-proxy-info -file /tmp/x509up_u77410 -actimeleft
 output : 43149

 error: 
 retcode : 0
DEBUG 2019-11-01 12:10:49.929 UTC: 	 Proxy valid for 11:59:09 hours
DEBUG 2019-11-01 12:10:49.929 UTC: 	 Will use CRAB Analysis plugin (i.e. will run an analysis job type).
DEBUG 2019-11-01 12:10:50.049 UTC: 	 Executing : 
 command : openssl x509 -in ~/.globus/usercert.pem -subject -noout
 output : subject= /DC=ch/DC=cern/OU=Organic Units/OU=Users/CN=sthakur/CN=764789/CN=Shalini Thakur

 error: 
 retcode : 0
DEBUG 2019-11-01 12:10:50.049 UTC: 	 Checking credentials
DEBUG 2019-11-01 12:10:50.050 UTC: 	 Found proxy file /tmp/x509up_u77410
DEBUG 2019-11-01 12:10:50.050 UTC: 	 Getting proxy life time left
DEBUG 2019-11-01 12:10:50.755 UTC: 	 Executing : 
 command : voms-proxy-info -file /tmp/x509up_u77410 -timeleft
 output : 43148

 error: 
 retcode : 0
DEBUG 2019-11-01 12:10:51.471 UTC: 	 Executing : 
 command : voms-proxy-info -file /tmp/x509up_u77410 -actimeleft
 output : 43147

 error: 
 retcode : 0
DEBUG 2019-11-01 12:10:51.471 UTC: 	 Proxy lifetime 43148 secs is different from voms extension lifetime 43147 secs for proxy: /tmp/x509up_u77410
DEBUG 2019-11-01 12:10:51.471 UTC: 	 Proxy valid for 11:59:07 hours
DEBUG 2019-11-01 12:10:52.178 UTC: 	 Executing : 
 command : env X509_USER_PROXY=/tmp/x509up_u77410 voms-proxy-info -fqan
 output : /cms/Role=NULL/Capability=NULL

 error: 
 retcode : 0
DEBUG 2019-11-01 12:10:52.285 UTC: 	 Registering user credentials for server /DC=ch/DC=cern/OU=computers/CN=vocms(052|058|030|0118|0105|0109).cern.ch|/DC=ch/DC=cern/OU=computers/CN=crab-(preprod|prod)-tw(02|01).cern.ch
DEBUG 2019-11-01 12:10:52.396 UTC: 	 Executing : 
 command : openssl x509 -in ~/.globus/usercert.pem -subject -noout
 output : subject= /DC=ch/DC=cern/OU=Organic Units/OU=Users/CN=sthakur/CN=764789/CN=Shalini Thakur

 error: 
 retcode : 0
DEBUG 2019-11-01 12:10:52.397 UTC: 	 Getting myproxy life time left for myproxy.cern.ch
DEBUG 2019-11-01 12:10:52.397 UTC: 	 Calculating hash of /DC=ch/DC=cern/OU=Organic Units/OU=Users/CN=sthakur/CN=764789/CN=Shalini Thakur_cmsweb.cern.ch for credential name
DEBUG 2019-11-01 12:10:52.803 UTC: 	 Executing : 
 command : myproxy-info -l 9cd94953387eeee7bf4da2b7588630639ea1153b -s myproxy.cern.ch
 output : username: 9cd94953387eeee7bf4da2b7588630639ea1153b
owner: /DC=ch/DC=cern/OU=Organic Units/OU=Users/CN=sthakur/CN=764789/CN=Shalini Thakur
  renewal policy: /DC=ch/DC=cern/OU=computers/CN=vocms(052|058|030|0118|0105|0109).cern.ch|/DC=ch/DC=cern/OU=computers/CN=crab-(preprod|prod)-tw(02|01).cern.ch
  trusted retrieval policy: /DC=ch/DC=cern/OU=computers/CN=vocms(052|058|030|0118|0105|0109).cern.ch|/DC=ch/DC=cern/OU=computers/CN=crab-(preprod|prod)-tw(02|01).cern.ch
  timeleft: 558:27:08  (23.3 days)

 error: 
 retcode : 0
DEBUG 2019-11-01 12:10:52.804 UTC: 	 Myproxy is valid: 2010428
DEBUG 2019-11-01 12:10:52.804 UTC: 	 Command use: submit
DEBUG 2019-11-01 12:10:52.804 UTC: 	 Options use: ['--config', <WMCore.Configuration.Configuration object at 0x7ff54435ff90>]
DEBUG 2019-11-01 12:10:52.875 UTC: 	 CRABClient version: 3.3.1910.patch2
DEBUG 2019-11-01 12:10:52.875 UTC: 	 Instance is prod
DEBUG 2019-11-01 12:10:52.875 UTC: 	 Server base url is cmsweb.cern.ch
DEBUG 2019-11-01 12:10:52.875 UTC: 	 Command url /crabserver/prod/workflow
DEBUG 2019-11-01 12:10:52.875 UTC: 	 Started submission
DEBUG 2019-11-01 12:10:52.875 UTC: 	 Working on /afs/cern.ch/work/s/sthakur/xRavindra/MiniTree2017Data/CMSSW_10_4_0/src/ExLep2017Crab/crab/CrabMC_20191101/crab_ExLepEEZ_M1250_MC_20191101
DEBUG 2019-11-01 12:10:53.055 UTC: 	 Loading required information from the environment
DEBUG 2019-11-01 12:10:53.055 UTC: 	 Found CMSSW_10_4_0 for slc7_amd64_gcc700 with base /afs/cern.ch/work/s/sthakur/xRavindra/MiniTree2017Data/CMSSW_10_4_0
DEBUG 2019-11-01 12:10:53.055 UTC: 	 Loading required information from the environment
DEBUG 2019-11-01 12:10:53.055 UTC: 	 Found CMSSW_10_4_0 for slc7_amd64_gcc700 with base /afs/cern.ch/work/s/sthakur/xRavindra/MiniTree2017Data/CMSSW_10_4_0
DEBUG 2019-11-01 12:10:53.071 UTC: 	 UNIQUE NAME: tarUUID da231fa2-1a09-4d23-ba74-14c0e0903d33 
DEBUG 2019-11-01 12:10:53.071 UTC: 	 self.config: from WMCore.Configuration import Configuration
config = Configuration()
config.section_('General')
config.General.workArea = 'CrabMC_20191101'
config.General.transferOutputs = True
config.General.transferLogs = False
config.General.requestName = 'ExLepEEZ_M1250_MC_20191101'
config.section_('JobType')
config.JobType.psetName = '20191101/config/ExLepEEZ_M1250_MC_20191101_cfg.py'
config.JobType.pluginName = 'Analysis'
config.JobType.inputFiles = ['../../ExLep2017Tree/Selection/test/Fall17_V3_MC_PtResolution_AK8PF.txt', '../../ExLep2017Tree/Selection/test/Fall17_V3_MC_SF_AK8PF.txt']
config.JobType.allowUndistributedCMSSW = True
config.JobType.maxMemoryMB = 2000
config.section_('Data')
config.Data.inputDataset = '/ExcitedLepton_EEZ-1250_TuneCP5_13TeV-pythia8/RunIIFall17MiniAODv2-PU2017_12Apr2018_94X_mc2017_realistic_v14-v1/MINIAODSIM'
config.Data.allowNonValidInputDataset = True
config.Data.unitsPerJob = 10
config.Data.inputDBS = 'global'
config.Data.splitting = 'FileBased'
config.Data.outputDatasetTag = 'ExLepEEZ_M1250_MC_20191101'
config.Data.outLFNDirBase = '/store/user/sthakur/ntuple_for2017MC_20191101/MC_20191101/ExLepEEZ_M1250_MC_20191101'
config.section_('Site')
config.Site.storageSite = 'T2_IN_TIFR'
config.section_('User')
config.section_('Debug')

DEBUG 2019-11-01 12:10:53.071 UTC: 	 self.config.JobType.psetName: 20191101/config/ExLepEEZ_M1250_MC_20191101_cfg.py
INFO 2019-11-01 12:10:53.071 UTC: 	 Importing CMSSW configuration 20191101/config/ExLepEEZ_M1250_MC_20191101_cfg.py
INFO 2019-11-01 12:10:53.268 UTC: 	 Finished importing CMSSW configuration 20191101/config/ExLepEEZ_M1250_MC_20191101_cfg.py
DEBUG 2019-11-01 12:10:53.268 UTC: 	 Writing CMSSW configuration to /afs/cern.ch/work/s/sthakur/xRavindra/MiniTree2017Data/CMSSW_10_4_0/src/ExLep2017Crab/crab/CrabMC_20191101/crab_ExLepEEZ_M1250_MC_20191101/inputs/PSet.py
DEBUG 2019-11-01 12:10:53.311 UTC: 	 The following EDM output files will be collected: []
DEBUG 2019-11-01 12:10:53.311 UTC: 	 The following TFile output files will be collected: ['ExLepEEZ_M1250_MC_20191101_Ntuple.root']
DEBUG 2019-11-01 12:10:53.311 UTC: 	 The following user output files (not listed as PoolOuputModule or TFileService in the CMSSW PSet) will be collected: 
DEBUG 2019-11-01 12:10:53.311 UTC: 	 Loading required information from the environment
DEBUG 2019-11-01 12:10:53.311 UTC: 	 Found CMSSW_10_4_0 for slc7_amd64_gcc700 with base /afs/cern.ch/work/s/sthakur/xRavindra/MiniTree2017Data/CMSSW_10_4_0
DEBUG 2019-11-01 12:10:53.311 UTC: 	 Making tarball in /afs/cern.ch/work/s/sthakur/xRavindra/MiniTree2017Data/CMSSW_10_4_0/src/ExLep2017Crab/crab/CrabMC_20191101/crab_ExLepEEZ_M1250_MC_20191101/inputs/da231fa2-1a09-4d23-ba74-14c0e0903d33default.tgz
DEBUG 2019-11-01 12:10:53.312 UTC: 	 Checking directory /afs/cern.ch/work/s/sthakur/xRavindra/MiniTree2017Data/CMSSW_10_4_0/lib
DEBUG 2019-11-01 12:10:53.312 UTC: 	 Adding directory /afs/cern.ch/work/s/sthakur/xRavindra/MiniTree2017Data/CMSSW_10_4_0/lib to tarball
DEBUG 2019-11-01 12:10:53.324 UTC: 	 Checking directory /afs/cern.ch/work/s/sthakur/xRavindra/MiniTree2017Data/CMSSW_10_4_0/biglib
DEBUG 2019-11-01 12:10:53.324 UTC: 	 Adding directory /afs/cern.ch/work/s/sthakur/xRavindra/MiniTree2017Data/CMSSW_10_4_0/biglib to tarball
DEBUG 2019-11-01 12:10:53.325 UTC: 	 Checking directory /afs/cern.ch/work/s/sthakur/xRavindra/MiniTree2017Data/CMSSW_10_4_0/module
DEBUG 2019-11-01 12:10:53.334 UTC: 	 Adding data directory /afs/cern.ch/work/s/sthakur/xRavindra/MiniTree2017Data/CMSSW_10_4_0/src/ExLep2017Tree/Selection/interface to tarball
DEBUG 2019-11-01 12:10:53.344 UTC: 	 Adding file ../../ExLep2017Tree/Selection/test/Fall17_V3_MC_PtResolution_AK8PF.txt to tarball
DEBUG 2019-11-01 12:10:53.345 UTC: 	 Adding file ../../ExLep2017Tree/Selection/test/Fall17_V3_MC_SF_AK8PF.txt to tarball
DEBUG 2019-11-01 12:10:53.452 UTC: 	 Uploading archive /afs/cern.ch/work/s/sthakur/xRavindra/MiniTree2017Data/CMSSW_10_4_0/src/ExLep2017Crab/crab/CrabMC_20191101/crab_ExLepEEZ_M1250_MC_20191101/inputs/da231fa2-1a09-4d23-ba74-14c0e0903d33default.tgz (239 KB) to the CRAB cache. Using URI https://cmsweb.cern.ch/crabcache
DEBUG 2019-11-01 12:10:53.775 UTC: 	 Loading required information from the environment
DEBUG 2019-11-01 12:10:53.775 UTC: 	 Found CMSSW_10_4_0 for slc7_amd64_gcc700 with base /afs/cern.ch/work/s/sthakur/xRavindra/MiniTree2017Data/CMSSW_10_4_0
DEBUG 2019-11-01 12:10:53.775 UTC: 	 Making tarball in /afs/cern.ch/work/s/sthakur/xRavindra/MiniTree2017Data/CMSSW_10_4_0/src/ExLep2017Crab/crab/CrabMC_20191101/crab_ExLepEEZ_M1250_MC_20191101/inputs/debugFiles.tgz
DEBUG 2019-11-01 12:10:53.783 UTC: 	 Uploading archive /afs/cern.ch/work/s/sthakur/xRavindra/MiniTree2017Data/CMSSW_10_4_0/src/ExLep2017Crab/crab/CrabMC_20191101/crab_ExLepEEZ_M1250_MC_20191101/inputs/debugFiles.tgz (2 KB) to the CRAB cache. Using URI https://cmsweb.cern.ch/crabcache
DEBUG 2019-11-01 12:10:53.871 UTC: 	 Result uploading input files: 2ccbedac34ec7743eb1549925bd142c79bbe5e6148d6485e76334036f394e248.tar.gz 
WARNING 2019-11-01 12:10:53.872 UTC: 	 Warning: The following output files will not be published, as they are not EDM files: ['ExLepEEZ_M1250_MC_20191101_Ntuple.root']
INFO 2019-11-01 12:10:53.872 UTC: 	 Sending the request to the server at cmsweb.cern.ch
DEBUG 2019-11-01 12:10:53.872 UTC: 	 Submitting {'maxjobruntime': 1250, 'extrajdl': [], 'ignorelocality': 0, 'savelogsflag': 0, 'useparent': 0, 'asyncdest': 'T2_IN_TIFR', 'algoargs': 10, 'cachefilename': '2ccbedac34ec7743eb1549925bd142c79bbe5e6148d6485e76334036f394e248.tar.gz', 'numcores': 1, 'addoutputfiles': [], 'generator': 'pythia', 'maxmemory': 2000, 'publishdbsurl': 'https://cmsweb.cern.ch/dbs/prod/phys03/DBSWriter', 'priority': 10, 'jobsw': 'CMSSW_10_4_0', 'edmoutfiles': [], 'userfiles': [], 'primarydataset': '', 'inputdata': '/ExcitedLepton_EEZ-1250_TuneCP5_13TeV-pythia8/RunIIFall17MiniAODv2-PU2017_12Apr2018_94X_mc2017_realistic_v14-v1/MINIAODSIM', 'lfn': '/store/user/sthakur/ntuple_for2017MC_20191101/MC_20191101/ExLepEEZ_M1250_MC_20191101', 'dryrun': 0, 'workflow': 'crab_ExLepEEZ_M1250_MC_20191101', 'cacheurl': u'https://cmsweb.cern.ch/crabcache', 'nonprodsw': 1, 'tfileoutfiles': ['ExLepEEZ_M1250_MC_20191101_Ntuple.root'], 'oneEventMode': 0, 'debugfilename': 'ceef86361bc49ed03075abf18e146f1e4a5ca7577e523e6ce32e776650781274.tar.gz', 'saveoutput': 1, 'publication': 1, 'jobarch': 'slc7_amd64_gcc700', 'totalunits': 0, 'splitalgo': 'FileBased', 'ignoreglobalblacklist': 0, 'nonvaliddata': 1, 'dbsurl': 'https://cmsweb.cern.ch/dbs/prod/global/DBSReader', 'publishgroupname': 0, 'jobtype': 'Analysis', 'publishname2': 'ExLepEEZ_M1250_MC_20191101'} 
DEBUG 2019-11-01 12:10:53.872 UTC: 	 Encoded submit request: maxjobruntime=1250&ignorelocality=0&savelogsflag=0&useparent=0&asyncdest=T2_IN_TIFR&algoargs=10&cachefilename=2ccbedac34ec7743eb1549925bd142c79bbe5e6148d6485e76334036f394e248.tar.gz&numcores=1&generator=pythia&maxmemory=2000&publishdbsurl=https%3A%2F%2Fcmsweb.cern.ch%2Fdbs%2Fprod%2Fphys03%2FDBSWriter&priority=10&jobsw=CMSSW_10_4_0&primarydataset=&inputdata=%2FExcitedLepton_EEZ-1250_TuneCP5_13TeV-pythia8%2FRunIIFall17MiniAODv2-PU2017_12Apr2018_94X_mc2017_realistic_v14-v1%2FMINIAODSIM&lfn=%2Fstore%2Fuser%2Fsthakur%2Fntuple_for2017MC_20191101%2FMC_20191101%2FExLepEEZ_M1250_MC_20191101&dryrun=0&workflow=crab_ExLepEEZ_M1250_MC_20191101&cacheurl=https%3A%2F%2Fcmsweb.cern.ch%2Fcrabcache&nonprodsw=1&oneEventMode=0&debugfilename=ceef86361bc49ed03075abf18e146f1e4a5ca7577e523e6ce32e776650781274.tar.gz&saveoutput=1&publication=1&jobarch=slc7_amd64_gcc700&totalunits=0&splitalgo=FileBased&ignoreglobalblacklist=0&nonvaliddata=1&dbsurl=https%3A%2F%2Fcmsweb.cern.ch%2Fdbs%2Fprod%2Fglobal%2FDBSReader&publishgroupname=0&jobtype=Analysis&publishname2=ExLepEEZ_M1250_MC_20191101&tfileoutfiles=ExLepEEZ_M1250_MC_20191101_Ntuple.root
DEBUG 2019-11-01 12:10:53.981 UTC: 	 Result: {u'result': [{u'RequestName': u'191101_121053:sthakur_crab_ExLepEEZ_M1250_MC_20191101'}]}
INFO 2019-11-01 12:10:53.984 UTC: 	 Success: Your task has been delivered to the prod CRAB3 server.
INFO 2019-11-01 12:10:53.984 UTC: 	 Task name: 191101_121053:sthakur_crab_ExLepEEZ_M1250_MC_20191101
INFO 2019-11-01 12:10:53.985 UTC: 	 Project dir: CrabMC_20191101/crab_ExLepEEZ_M1250_MC_20191101
INFO 2019-11-01 12:10:53.985 UTC: 	 Please use 'crab status -d CrabMC_20191101/crab_ExLepEEZ_M1250_MC_20191101' to check how the submission process proceeds.
DEBUG 2019-11-01 12:10:53.985 UTC: 	 About to return
DEBUG 2019-11-01 12:48:06.347 UTC: 	 Running on: Linux lxplus707.cern.ch 3.10.0-1062.1.2.el7.x86_64 #1 SMP Mon Sep 30 14:19:46 UTC 2019 x86_64 x86_64 x86_64 GNU/Linux
Description:	CentOS Linux release 7.7.1908 (Core) 

DEBUG 2019-11-01 12:48:06.347 UTC: 	 Executing command: 'status'
DEBUG 2019-11-01 12:48:06.347 UTC: 	 Found CRAB cache file /afs/cern.ch/user/s/sthakur/.crab3
DEBUG 2019-11-01 12:48:06.358 UTC: 	 Checking credentials
DEBUG 2019-11-01 12:48:06.358 UTC: 	 Found proxy file /tmp/x509up_u77410
DEBUG 2019-11-01 12:48:06.358 UTC: 	 Getting proxy life time left
DEBUG 2019-11-01 12:48:07.063 UTC: 	 Executing : 
 command : voms-proxy-info -file /tmp/x509up_u77410 -timeleft
 output : 40912

 error: 
 retcode : 0
DEBUG 2019-11-01 12:48:07.769 UTC: 	 Executing : 
 command : voms-proxy-info -file /tmp/x509up_u77410 -actimeleft
 output : 40911

 error: 
 retcode : 0
DEBUG 2019-11-01 12:48:07.769 UTC: 	 Proxy lifetime 40912 secs is different from voms extension lifetime 40911 secs for proxy: /tmp/x509up_u77410
DEBUG 2019-11-01 12:48:07.770 UTC: 	 Proxy valid for 11:21:51 hours
DEBUG 2019-11-01 12:48:07.936 UTC: 	 Executing : 
 command : openssl x509 -in ~/.globus/usercert.pem -subject -noout
 output : subject= /DC=ch/DC=cern/OU=Organic Units/OU=Users/CN=sthakur/CN=764789/CN=Shalini Thakur

 error: 
 retcode : 0
DEBUG 2019-11-01 12:48:07.936 UTC: 	 Checking credentials
DEBUG 2019-11-01 12:48:07.936 UTC: 	 Found proxy file /tmp/x509up_u77410
DEBUG 2019-11-01 12:48:07.936 UTC: 	 Getting proxy life time left
DEBUG 2019-11-01 12:48:08.642 UTC: 	 Executing : 
 command : voms-proxy-info -file /tmp/x509up_u77410 -timeleft
 output : 40910

 error: 
 retcode : 0
DEBUG 2019-11-01 12:48:09.349 UTC: 	 Executing : 
 command : voms-proxy-info -file /tmp/x509up_u77410 -actimeleft
 output : 40909

 error: 
 retcode : 0
DEBUG 2019-11-01 12:48:09.349 UTC: 	 Proxy lifetime 40910 secs is different from voms extension lifetime 40909 secs for proxy: /tmp/x509up_u77410
DEBUG 2019-11-01 12:48:09.349 UTC: 	 Proxy valid for 11:21:49 hours
DEBUG 2019-11-01 12:48:09.428 UTC: 	 Registering user credentials for server /DC=ch/DC=cern/OU=computers/CN=vocms(052|058|030|0118|0105|0109).cern.ch|/DC=ch/DC=cern/OU=computers/CN=crab-(preprod|prod)-tw(02|01).cern.ch
DEBUG 2019-11-01 12:48:09.538 UTC: 	 Executing : 
 command : openssl x509 -in ~/.globus/usercert.pem -subject -noout
 output : subject= /DC=ch/DC=cern/OU=Organic Units/OU=Users/CN=sthakur/CN=764789/CN=Shalini Thakur

 error: 
 retcode : 0
DEBUG 2019-11-01 12:48:09.539 UTC: 	 Getting myproxy life time left for myproxy.cern.ch
DEBUG 2019-11-01 12:48:09.539 UTC: 	 Calculating hash of /DC=ch/DC=cern/OU=Organic Units/OU=Users/CN=sthakur/CN=764789/CN=Shalini Thakur_cmsweb.cern.ch for credential name
DEBUG 2019-11-01 12:48:09.844 UTC: 	 Executing : 
 command : myproxy-info -l 9cd94953387eeee7bf4da2b7588630639ea1153b -s myproxy.cern.ch
 output : username: 9cd94953387eeee7bf4da2b7588630639ea1153b
owner: /DC=ch/DC=cern/OU=Organic Units/OU=Users/CN=sthakur/CN=764789/CN=Shalini Thakur
  renewal policy: /DC=ch/DC=cern/OU=computers/CN=vocms(052|058|030|0118|0105|0109).cern.ch|/DC=ch/DC=cern/OU=computers/CN=crab-(preprod|prod)-tw(02|01).cern.ch
  trusted retrieval policy: /DC=ch/DC=cern/OU=computers/CN=vocms(052|058|030|0118|0105|0109).cern.ch|/DC=ch/DC=cern/OU=computers/CN=crab-(preprod|prod)-tw(02|01).cern.ch
  timeleft: 557:49:51  (23.2 days)

 error: 
 retcode : 0
DEBUG 2019-11-01 12:48:09.845 UTC: 	 Myproxy is valid: 2008191
DEBUG 2019-11-01 12:48:09.846 UTC: 	 Command use: status
DEBUG 2019-11-01 12:48:09.846 UTC: 	 Options use: ['--verboseErrors', 'CrabMC_20191101/crab_ExLepEEZ_M1250_MC_20191101']
DEBUG 2019-11-01 12:48:09.923 UTC: 	 CRABClient version: 3.3.1910.patch2
DEBUG 2019-11-01 12:48:09.923 UTC: 	 Instance is prod
DEBUG 2019-11-01 12:48:09.923 UTC: 	 Server base url is cmsweb.cern.ch
DEBUG 2019-11-01 12:48:09.923 UTC: 	 Command url /crabserver/prod/workflow
DEBUG 2019-11-01 12:48:10.029 UTC: 	 Got information from server oracle database: {u'result': [u'191101_121053:sthakur_crab_ExLepEEZ_M1250_MC_20191101', u'None', u'None', u'SUBMITTED', u'SUBMIT', u'2019-11-01 12:10:53.974346', u'None', u'2019-11-01 12:13:55.983742', u'None', u'CMSSW_10_4_0', u'slc7_amd64_gcc700', u'/ExcitedLepton_EEZ-1250_TuneCP5_13TeV-pythia8/RunIIFall17MiniAODv2-PU2017_12Apr2018_94X_mc2017_realistic_v14-v1/MINIAODSIM', u'T', u'0', u'[]', u'[]', u'FileBased', u"{'splitOnRun': False, 'halt_job_on_file_boundaries': False, 'files_per_job': 10, 'runs': [], 'lumis': []}", u'2ccbedac34ec7743eb1549925bd142c79bbe5e6148d6485e76334036f394e248.tar.gz', u'https://cmsweb.cern.ch/crabcache', u'sthakur', u'/DC=ch/DC=cern/OU=Organic Units/OU=Users/CN=sthakur/CN=764789/CN=Shalini Thakur', u'cms', u'None', u'None', u'ExLepEEZ_M1250_MC_20191101-00000000000000000000000000000000', u'F', u'T2_IN_TIFR', u'https://cmsweb.cern.ch/dbs/prod/global/DBSReader', u'https://cmsweb.cern.ch/dbs/prod/phys03/DBSWriter', u'T', u'[]', u"['ExLepEEZ_M1250_MC_20191101_Ntuple.root']", u'[]', u'Analysis', u'pythia', u'None', u'{}', u'[]', u'F', u'crab-prod-tw01', u'[]', u'1250', u'1', u'2000', u'10', u'None', u"['The CRAB3 server got a non-critical error while checking stageout permissions. Please use checkwrite to check if everything is fine.']", u'http://vocms0107.cern.ch/mon/cms251/191101_121053:sthakur_crab_ExLepEEZ_M1250_MC_20191101', u'None', u'[]', u'[]', u'https://cmsweb.cern.ch/crabserver/prod', u'cmsgwms-collector-global.cern.ch:9620,cmssrv623.fnal.gov:9620', u'crab3@vocms0107.cern.ch', u'F', u'[]', u'T', u'/store/user/sthakur/ntuple_for2017MC_20191101/MC_20191101/ExLepEEZ_M1250_MC_20191101', u'F', u'None', u'F', u'None', u'ExcitedLepton_EEZ-1250_TuneCP5_13TeV-pythia8', u'None', u'ceef86361bc49ed03075abf18e146f1e4a5ca7577e523e6ce32e776650781274.tar.gz', u'46735993', u'filetransfers', u'F', u'2001:1458:d00:2e::100:9b', u'0.0', u'None'], u'desc': {u'columns': [u'tm_taskname', u'tm_activity', u'panda_jobset_id', u'tm_task_status', u'tm_task_command', u'tm_start_time', u'tm_start_injection', u'tm_end_injection', u'tm_task_failure', u'tm_job_sw', u'tm_job_arch', u'tm_input_dataset', u'tm_nonvalid_input_dataset', u'tm_use_parent', u'tm_site_whitelist', u'tm_site_blacklist', u'tm_split_algo', u'tm_split_args', u'tm_user_sandbox', u'tm_cache_url', u'tm_username', u'tm_user_dn', u'tm_user_vo', u'tm_user_role', u'tm_user_group', u'tm_publish_name', u'tm_publish_groupname', u'tm_asyncdest', u'tm_dbs_url', u'tm_publish_dbs_url', u'tm_publication', u'tm_outfiles', u'tm_tfile_outfiles', u'tm_edm_outfiles', u'tm_job_type', u'tm_generator', u'tm_events_per_lumi', u'tm_arguments', u'panda_resubmitted_jobs', u'tm_save_logs', u'tw_name', u'tm_user_infiles', u'tm_maxjobruntime', u'tm_numcores', u'tm_maxmemory', u'tm_priority', u'tm_output_dataset', u'tm_task_warnings', u'tm_user_webdir', u'tm_scriptexe', u'tm_scriptargs', u'tm_extrajdl', u'tm_asourl', u'tm_collector', u'tm_schedd', u'tm_dry_run', u'tm_user_files', u'tm_transfer_outputs', u'tm_output_lfn', u'tm_ignore_locality', u'tm_fail_limit', u'tm_one_event_mode', u'tm_secondary_input_dataset', u'tm_primary_dataset', u'tm_last_publication', u'tm_debug_files', u'clusterid', u'tm_asodb', u'tm_ignore_global_blacklist', u'tm_submitter_ip_addr', u'tm_totalunits', u'tm_ddm_reqid']}}
INFO 2019-11-01 12:48:10.030 UTC: 	 CRAB project directory:		/afs/cern.ch/work/s/sthakur/xRavindra/MiniTree2017Data/CMSSW_10_4_0/src/ExLep2017Crab/crab/CrabMC_20191101/crab_ExLepEEZ_M1250_MC_20191101
INFO 2019-11-01 12:48:10.030 UTC: 	 Task name:			191101_121053:sthakur_crab_ExLepEEZ_M1250_MC_20191101
INFO 2019-11-01 12:48:10.030 UTC: 	 Grid scheduler - Task Worker:	crab3@vocms0107.cern.ch - crab-prod-tw01
INFO 2019-11-01 12:48:10.030 UTC: 	 Status on the CRAB server:	SUBMITTED
INFO 2019-11-01 12:48:10.030 UTC: 	 Task URL to use for HELP:	https://cmsweb.cern.ch/crabserver/ui/task/191101_121053%3Asthakur_crab_ExLepEEZ_M1250_MC_20191101
INFO 2019-11-01 12:48:10.030 UTC: 	 Dashboard monitoring URL:	https://monit-grafana.cern.ch/d/cmsTMDetail/cms-task-monitoring-task-view?orgId=11&var-user=sthakur&var-task=191101_121053%3Asthakur_crab_ExLepEEZ_M1250_MC_20191101
INFO 2019-11-01 12:48:10.030 UTC: 	 In case of issues with the dashboard, please provide feedback to hn-cms-computing-tools@cern.ch
WARNING 2019-11-01 12:48:10.030 UTC: 	 Warning:			The CRAB3 server got a non-critical error while checking stageout permissions. Please use checkwrite to check if everything is fine.
DEBUG 2019-11-01 12:48:10.030 UTC: 	 The CRAB server submitted your task to the Grid scheduler (cluster ID: 46735993)
DEBUG 2019-11-01 12:48:10.030 UTC: 	 Webdir is located at http://vocms0107.cern.ch/mon/cms251/191101_121053:sthakur_crab_ExLepEEZ_M1250_MC_20191101
DEBUG 2019-11-01 12:48:10.137 UTC: 	 Proxied webdir is located at https://cmsweb.cern.ch/scheddmon/0107/cms251/191101_121053:sthakur_crab_ExLepEEZ_M1250_MC_20191101
DEBUG 2019-11-01 12:48:10.137 UTC: 	 Retrieving 'status_cache' file from https://cmsweb.cern.ch/scheddmon/0107/cms251/191101_121053:sthakur_crab_ExLepEEZ_M1250_MC_20191101/status_cache
DEBUG 2019-11-01 12:48:10.186 UTC: 	 Got information from status cache file: {'1': {'Retries': 0, 'WallDurations': [8.0, 1081.0], 'StartTimes': [1572610923.0], 'SubmitTimes': [1572610448.0], 'JobIds': ['46735996.0'], 'EndTimes': [1572612004.0], 'Restarts': 0, 'RecordedSite': True, 'State': 'transferring', 'ResidentSetSize': [802876], 'TotalUserCpuTimeHistory': [586], 'SiteHistory': ['Unknown', 'T2_US_Caltech'], 'TotalSysCpuTimeHistory': [20]}, '2': {'Retries': 0, 'WallDurations': [9.0, 1211.0], 'StartTimes': [1572610924.0], 'SubmitTimes': [1572610447.0], 'JobIds': ['46735995.0'], 'EndTimes': [], 'Restarts': 0, 'RecordedSite': True, 'State': 'running', 'ResidentSetSize': [780816], 'TotalUserCpuTimeHistory': [817.0], 'SiteHistory': ['Unknown', 'T2_US_Caltech'], 'TotalSysCpuTimeHistory': [28.0]}}
INFO 2019-11-01 12:48:10.186 UTC: 	 Status on the scheduler:	SUBMITTED
INFO 2019-11-01 12:48:10.187 UTC: 	 
Jobs status:                    running      		 50.0% (1/2)
INFO 2019-11-01 12:48:10.187 UTC: 	 				transferring 		 50.0% (1/2)
INFO 2019-11-01 12:48:10.187 UTC: 	 
No publication information available yet
INFO 2019-11-01 12:48:10.187 UTC: 	 
Warning: the max jobs runtime is less than 30% of the task requested value (1250 min), please consider to request a lower value for failed jobs (allowed through crab resubmit) and/or improve the jobs splitting (e.g. config.Data.splitting = 'Automatic') in a new task.
INFO 2019-11-01 12:48:10.187 UTC: 	 
Summary of run jobs:
 * Memory: 784MB min, 784MB max, 784MB ave
 * Runtime: 0:18:01 min, 0:18:01 max, 0:18:01 ave
 * CPU eff: 56% min, 56% max, 56% ave
 * Waste: 0:00:08 (1% of total)

INFO 2019-11-01 12:48:10.196 UTC: 	 Log file is /afs/cern.ch/work/s/sthakur/xRavindra/MiniTree2017Data/CMSSW_10_4_0/src/ExLep2017Crab/crab/CrabMC_20191101/crab_ExLepEEZ_M1250_MC_20191101/crab.log
DEBUG 2019-11-01 16:54:42.953 UTC: 	 Running on: Linux lxplus721.cern.ch 3.10.0-1062.1.2.el7.x86_64 #1 SMP Mon Sep 30 14:19:46 UTC 2019 x86_64 x86_64 x86_64 GNU/Linux
Description:	CentOS Linux release 7.7.1908 (Core) 

DEBUG 2019-11-01 16:54:42.953 UTC: 	 Executing command: 'status'
DEBUG 2019-11-01 16:54:42.953 UTC: 	 Found CRAB cache file /afs/cern.ch/user/s/sthakur/.crab3
DEBUG 2019-11-01 16:54:42.990 UTC: 	 Checking credentials
DEBUG 2019-11-01 16:54:42.991 UTC: 	 Found proxy file /tmp/x509up_u77410
DEBUG 2019-11-01 16:54:42.991 UTC: 	 Getting proxy life time left
DEBUG 2019-11-01 16:54:43.595 UTC: 	 Executing : 
 command : voms-proxy-info -file /tmp/x509up_u77410 -timeleft
 output : 43145

 error: 
 retcode : 0
DEBUG 2019-11-01 16:54:44.301 UTC: 	 Executing : 
 command : voms-proxy-info -file /tmp/x509up_u77410 -actimeleft
 output : 43144

 error: 
 retcode : 0
DEBUG 2019-11-01 16:54:44.302 UTC: 	 Proxy lifetime 43145 secs is different from voms extension lifetime 43144 secs for proxy: /tmp/x509up_u77410
DEBUG 2019-11-01 16:54:44.302 UTC: 	 Proxy valid for 11:59:04 hours
DEBUG 2019-11-01 16:54:45.354 UTC: 	 Executing : 
 command : openssl x509 -in ~/.globus/usercert.pem -subject -noout
 output : subject= /DC=ch/DC=cern/OU=Organic Units/OU=Users/CN=sthakur/CN=764789/CN=Shalini Thakur

 error: 
 retcode : 0
DEBUG 2019-11-01 16:54:45.354 UTC: 	 Checking credentials
DEBUG 2019-11-01 16:54:45.354 UTC: 	 Found proxy file /tmp/x509up_u77410
DEBUG 2019-11-01 16:54:45.354 UTC: 	 Getting proxy life time left
DEBUG 2019-11-01 16:54:45.962 UTC: 	 Executing : 
 command : voms-proxy-info -file /tmp/x509up_u77410 -timeleft
 output : 43143

 error: 
 retcode : 0
DEBUG 2019-11-01 16:54:46.569 UTC: 	 Executing : 
 command : voms-proxy-info -file /tmp/x509up_u77410 -actimeleft
 output : 43142

 error: 
 retcode : 0
DEBUG 2019-11-01 16:54:46.570 UTC: 	 Proxy lifetime 43143 secs is different from voms extension lifetime 43142 secs for proxy: /tmp/x509up_u77410
DEBUG 2019-11-01 16:54:46.570 UTC: 	 Proxy valid for 11:59:02 hours
DEBUG 2019-11-01 16:54:46.645 UTC: 	 Registering user credentials for server /DC=ch/DC=cern/OU=computers/CN=vocms(052|058|030|0118|0105|0109).cern.ch|/DC=ch/DC=cern/OU=computers/CN=crab-(preprod|prod)-tw(02|01).cern.ch
DEBUG 2019-11-01 16:54:46.755 UTC: 	 Executing : 
 command : openssl x509 -in ~/.globus/usercert.pem -subject -noout
 output : subject= /DC=ch/DC=cern/OU=Organic Units/OU=Users/CN=sthakur/CN=764789/CN=Shalini Thakur

 error: 
 retcode : 0
DEBUG 2019-11-01 16:54:46.755 UTC: 	 Getting myproxy life time left for myproxy.cern.ch
DEBUG 2019-11-01 16:54:46.755 UTC: 	 Calculating hash of /DC=ch/DC=cern/OU=Organic Units/OU=Users/CN=sthakur/CN=764789/CN=Shalini Thakur_cmsweb.cern.ch for credential name
DEBUG 2019-11-01 16:54:47.162 UTC: 	 Executing : 
 command : myproxy-info -l 9cd94953387eeee7bf4da2b7588630639ea1153b -s myproxy.cern.ch
 output : username: 9cd94953387eeee7bf4da2b7588630639ea1153b
owner: /DC=ch/DC=cern/OU=Organic Units/OU=Users/CN=sthakur/CN=764789/CN=Shalini Thakur
  renewal policy: /DC=ch/DC=cern/OU=computers/CN=vocms(052|058|030|0118|0105|0109).cern.ch|/DC=ch/DC=cern/OU=computers/CN=crab-(preprod|prod)-tw(02|01).cern.ch
  trusted retrieval policy: /DC=ch/DC=cern/OU=computers/CN=vocms(052|058|030|0118|0105|0109).cern.ch|/DC=ch/DC=cern/OU=computers/CN=crab-(preprod|prod)-tw(02|01).cern.ch
  timeleft: 553:43:13  (23.1 days)

 error: 
 retcode : 0
DEBUG 2019-11-01 16:54:47.163 UTC: 	 Myproxy is valid: 1993393
DEBUG 2019-11-01 16:54:47.164 UTC: 	 Command use: status
DEBUG 2019-11-01 16:54:47.164 UTC: 	 Options use: ['--verboseErrors', 'CrabMC_20191101/crab_ExLepEEZ_M1250_MC_20191101']
DEBUG 2019-11-01 16:54:47.241 UTC: 	 CRABClient version: 3.3.1910.patch2
DEBUG 2019-11-01 16:54:47.241 UTC: 	 Instance is prod
DEBUG 2019-11-01 16:54:47.241 UTC: 	 Server base url is cmsweb.cern.ch
DEBUG 2019-11-01 16:54:47.241 UTC: 	 Command url /crabserver/prod/workflow
DEBUG 2019-11-01 16:54:47.354 UTC: 	 Got information from server oracle database: {u'result': [u'191101_121053:sthakur_crab_ExLepEEZ_M1250_MC_20191101', u'None', u'None', u'SUBMITTED', u'SUBMIT', u'2019-11-01 12:10:53.974346', u'None', u'2019-11-01 12:13:55.983742', u'None', u'CMSSW_10_4_0', u'slc7_amd64_gcc700', u'/ExcitedLepton_EEZ-1250_TuneCP5_13TeV-pythia8/RunIIFall17MiniAODv2-PU2017_12Apr2018_94X_mc2017_realistic_v14-v1/MINIAODSIM', u'T', u'0', u'[]', u'[]', u'FileBased', u"{'splitOnRun': False, 'halt_job_on_file_boundaries': False, 'files_per_job': 10, 'runs': [], 'lumis': []}", u'2ccbedac34ec7743eb1549925bd142c79bbe5e6148d6485e76334036f394e248.tar.gz', u'https://cmsweb.cern.ch/crabcache', u'sthakur', u'/DC=ch/DC=cern/OU=Organic Units/OU=Users/CN=sthakur/CN=764789/CN=Shalini Thakur', u'cms', u'None', u'None', u'ExLepEEZ_M1250_MC_20191101-00000000000000000000000000000000', u'F', u'T2_IN_TIFR', u'https://cmsweb.cern.ch/dbs/prod/global/DBSReader', u'https://cmsweb.cern.ch/dbs/prod/phys03/DBSWriter', u'T', u'[]', u"['ExLepEEZ_M1250_MC_20191101_Ntuple.root']", u'[]', u'Analysis', u'pythia', u'None', u'{}', u'[]', u'F', u'crab-prod-tw01', u'[]', u'1250', u'1', u'2000', u'10', u'None', u"['The CRAB3 server got a non-critical error while checking stageout permissions. Please use checkwrite to check if everything is fine.']", u'http://vocms0107.cern.ch/mon/cms251/191101_121053:sthakur_crab_ExLepEEZ_M1250_MC_20191101', u'None', u'[]', u'[]', u'https://cmsweb.cern.ch/crabserver/prod', u'cmsgwms-collector-global.cern.ch:9620,cmssrv623.fnal.gov:9620', u'crab3@vocms0107.cern.ch', u'F', u'[]', u'T', u'/store/user/sthakur/ntuple_for2017MC_20191101/MC_20191101/ExLepEEZ_M1250_MC_20191101', u'F', u'None', u'F', u'None', u'ExcitedLepton_EEZ-1250_TuneCP5_13TeV-pythia8', u'None', u'ceef86361bc49ed03075abf18e146f1e4a5ca7577e523e6ce32e776650781274.tar.gz', u'46735993', u'filetransfers', u'F', u'2001:1458:d00:2e::100:9b', u'0.0', u'None'], u'desc': {u'columns': [u'tm_taskname', u'tm_activity', u'panda_jobset_id', u'tm_task_status', u'tm_task_command', u'tm_start_time', u'tm_start_injection', u'tm_end_injection', u'tm_task_failure', u'tm_job_sw', u'tm_job_arch', u'tm_input_dataset', u'tm_nonvalid_input_dataset', u'tm_use_parent', u'tm_site_whitelist', u'tm_site_blacklist', u'tm_split_algo', u'tm_split_args', u'tm_user_sandbox', u'tm_cache_url', u'tm_username', u'tm_user_dn', u'tm_user_vo', u'tm_user_role', u'tm_user_group', u'tm_publish_name', u'tm_publish_groupname', u'tm_asyncdest', u'tm_dbs_url', u'tm_publish_dbs_url', u'tm_publication', u'tm_outfiles', u'tm_tfile_outfiles', u'tm_edm_outfiles', u'tm_job_type', u'tm_generator', u'tm_events_per_lumi', u'tm_arguments', u'panda_resubmitted_jobs', u'tm_save_logs', u'tw_name', u'tm_user_infiles', u'tm_maxjobruntime', u'tm_numcores', u'tm_maxmemory', u'tm_priority', u'tm_output_dataset', u'tm_task_warnings', u'tm_user_webdir', u'tm_scriptexe', u'tm_scriptargs', u'tm_extrajdl', u'tm_asourl', u'tm_collector', u'tm_schedd', u'tm_dry_run', u'tm_user_files', u'tm_transfer_outputs', u'tm_output_lfn', u'tm_ignore_locality', u'tm_fail_limit', u'tm_one_event_mode', u'tm_secondary_input_dataset', u'tm_primary_dataset', u'tm_last_publication', u'tm_debug_files', u'clusterid', u'tm_asodb', u'tm_ignore_global_blacklist', u'tm_submitter_ip_addr', u'tm_totalunits', u'tm_ddm_reqid']}}
INFO 2019-11-01 16:54:47.354 UTC: 	 CRAB project directory:		/afs/cern.ch/work/s/sthakur/xRavindra/MiniTree2017Data/CMSSW_10_4_0/src/ExLep2017Crab/crab/CrabMC_20191101/crab_ExLepEEZ_M1250_MC_20191101
INFO 2019-11-01 16:54:47.355 UTC: 	 Task name:			191101_121053:sthakur_crab_ExLepEEZ_M1250_MC_20191101
INFO 2019-11-01 16:54:47.355 UTC: 	 Grid scheduler - Task Worker:	crab3@vocms0107.cern.ch - crab-prod-tw01
INFO 2019-11-01 16:54:47.355 UTC: 	 Status on the CRAB server:	SUBMITTED
INFO 2019-11-01 16:54:47.355 UTC: 	 Task URL to use for HELP:	https://cmsweb.cern.ch/crabserver/ui/task/191101_121053%3Asthakur_crab_ExLepEEZ_M1250_MC_20191101
INFO 2019-11-01 16:54:47.355 UTC: 	 Dashboard monitoring URL:	https://monit-grafana.cern.ch/d/cmsTMDetail/cms-task-monitoring-task-view?orgId=11&var-user=sthakur&var-task=191101_121053%3Asthakur_crab_ExLepEEZ_M1250_MC_20191101
INFO 2019-11-01 16:54:47.355 UTC: 	 In case of issues with the dashboard, please provide feedback to hn-cms-computing-tools@cern.ch
WARNING 2019-11-01 16:54:47.355 UTC: 	 Warning:			The CRAB3 server got a non-critical error while checking stageout permissions. Please use checkwrite to check if everything is fine.
DEBUG 2019-11-01 16:54:47.355 UTC: 	 The CRAB server submitted your task to the Grid scheduler (cluster ID: 46735993)
DEBUG 2019-11-01 16:54:47.355 UTC: 	 Webdir is located at http://vocms0107.cern.ch/mon/cms251/191101_121053:sthakur_crab_ExLepEEZ_M1250_MC_20191101
DEBUG 2019-11-01 16:54:47.427 UTC: 	 Proxied webdir is located at https://cmsweb.cern.ch/scheddmon/0107/cms251/191101_121053:sthakur_crab_ExLepEEZ_M1250_MC_20191101
DEBUG 2019-11-01 16:54:47.427 UTC: 	 Retrieving 'status_cache' file from https://cmsweb.cern.ch/scheddmon/0107/cms251/191101_121053:sthakur_crab_ExLepEEZ_M1250_MC_20191101/status_cache
DEBUG 2019-11-01 16:54:47.477 UTC: 	 Got information from status cache file: {'1': {'Retries': 0, 'WallDurations': [8.0, 1081.0], 'StartTimes': [1572610923.0], 'SubmitTimes': [1572610448.0], 'JobIds': ['46735996.0'], 'EndTimes': [1572612004.0], 'Restarts': 0, 'RecordedSite': True, 'State': 'finished', 'ResidentSetSize': [802876], 'TotalUserCpuTimeHistory': [586], 'SiteHistory': ['Unknown', 'T2_US_Caltech'], 'TotalSysCpuTimeHistory': [20]}, '2': {'Retries': 0, 'WallDurations': [9.0, 1932.0], 'StartTimes': [1572610924.0], 'SubmitTimes': [1572610447.0], 'JobIds': ['46735995.0'], 'EndTimes': [1572612856.0], 'Restarts': 0, 'RecordedSite': True, 'State': 'finished', 'ResidentSetSize': [780816], 'TotalUserCpuTimeHistory': [1258], 'SiteHistory': ['Unknown', 'T2_US_Caltech'], 'TotalSysCpuTimeHistory': [43]}}
INFO 2019-11-01 16:54:47.477 UTC: 	 Status on the scheduler:	COMPLETED
INFO 2019-11-01 16:54:47.477 UTC: 	 
Jobs status:                    finished     		100.0% (2/2)
INFO 2019-11-01 16:54:47.577 UTC: 	 
No publication information available yet
INFO 2019-11-01 16:54:47.578 UTC: 	 
Warning: the max jobs runtime is less than 30% of the task requested value (1250 min), please consider to request a lower value for failed jobs (allowed through crab resubmit) and/or improve the jobs splitting (e.g. config.Data.splitting = 'Automatic') in a new task.
INFO 2019-11-01 16:54:47.578 UTC: 	 
Summary of run jobs:
 * Memory: 784MB min, 784MB max, 773MB ave
 * Runtime: 0:18:01 min, 0:32:12 max, 0:25:06 ave
 * CPU eff: 56% min, 67% max, 63% ave
 * Waste: 0:00:17 (1% of total)

INFO 2019-11-01 16:54:47.624 UTC: 	 Log file is /afs/cern.ch/work/s/sthakur/xRavindra/MiniTree2017Data/CMSSW_10_4_0/src/ExLep2017Crab/crab/CrabMC_20191101/crab_ExLepEEZ_M1250_MC_20191101/crab.log
DEBUG 2019-11-03 17:54:20.909 UTC: 	 Running on: Linux lxplus737.cern.ch 3.10.0-1062.1.2.el7.x86_64 #1 SMP Mon Sep 30 14:19:46 UTC 2019 x86_64 x86_64 x86_64 GNU/Linux
Description:	CentOS Linux release 7.7.1908 (Core) 

DEBUG 2019-11-03 17:54:20.909 UTC: 	 Executing command: 'status'
DEBUG 2019-11-03 17:54:20.909 UTC: 	 Found CRAB cache file /afs/cern.ch/user/s/sthakur/.crab3
DEBUG 2019-11-03 17:54:21.022 UTC: 	 Checking credentials
DEBUG 2019-11-03 17:54:21.023 UTC: 	 Found proxy file /tmp/x509up_u77410
DEBUG 2019-11-03 17:54:21.023 UTC: 	 Getting proxy life time left
DEBUG 2019-11-03 17:54:21.730 UTC: 	 Executing : 
 command : voms-proxy-info -file /tmp/x509up_u77410 -timeleft
 output : 43145

 error: 
 retcode : 0
DEBUG 2019-11-03 17:54:22.436 UTC: 	 Executing : 
 command : voms-proxy-info -file /tmp/x509up_u77410 -actimeleft
 output : 43144

 error: 
 retcode : 0
DEBUG 2019-11-03 17:54:22.436 UTC: 	 Proxy lifetime 43145 secs is different from voms extension lifetime 43144 secs for proxy: /tmp/x509up_u77410
DEBUG 2019-11-03 17:54:22.437 UTC: 	 Proxy valid for 11:59:04 hours
DEBUG 2019-11-03 17:54:22.612 UTC: 	 Executing : 
 command : openssl x509 -in ~/.globus/usercert.pem -subject -noout
 output : subject= /DC=ch/DC=cern/OU=Organic Units/OU=Users/CN=sthakur/CN=764789/CN=Shalini Thakur

 error: 
 retcode : 0
DEBUG 2019-11-03 17:54:22.612 UTC: 	 Checking credentials
DEBUG 2019-11-03 17:54:22.612 UTC: 	 Found proxy file /tmp/x509up_u77410
DEBUG 2019-11-03 17:54:22.612 UTC: 	 Getting proxy life time left
DEBUG 2019-11-03 17:54:23.318 UTC: 	 Executing : 
 command : voms-proxy-info -file /tmp/x509up_u77410 -timeleft
 output : 43143

 error: 
 retcode : 0
DEBUG 2019-11-03 17:54:24.025 UTC: 	 Executing : 
 command : voms-proxy-info -file /tmp/x509up_u77410 -actimeleft
 output : 43143

 error: 
 retcode : 0
DEBUG 2019-11-03 17:54:24.025 UTC: 	 Proxy valid for 11:59:03 hours
DEBUG 2019-11-03 17:54:24.123 UTC: 	 Registering user credentials for server /DC=ch/DC=cern/OU=computers/CN=vocms(052|058|030|0118|0105|0109).cern.ch|/DC=ch/DC=cern/OU=computers/CN=crab-(preprod|prod)-tw(02|01).cern.ch
DEBUG 2019-11-03 17:54:24.234 UTC: 	 Executing : 
 command : openssl x509 -in ~/.globus/usercert.pem -subject -noout
 output : subject= /DC=ch/DC=cern/OU=Organic Units/OU=Users/CN=sthakur/CN=764789/CN=Shalini Thakur

 error: 
 retcode : 0
DEBUG 2019-11-03 17:54:24.235 UTC: 	 Getting myproxy life time left for myproxy.cern.ch
DEBUG 2019-11-03 17:54:24.235 UTC: 	 Calculating hash of /DC=ch/DC=cern/OU=Organic Units/OU=Users/CN=sthakur/CN=764789/CN=Shalini Thakur_cmsweb.cern.ch for credential name
DEBUG 2019-11-03 17:54:24.541 UTC: 	 Executing : 
 command : myproxy-info -l 9cd94953387eeee7bf4da2b7588630639ea1153b -s myproxy.cern.ch
 output : username: 9cd94953387eeee7bf4da2b7588630639ea1153b
owner: /DC=ch/DC=cern/OU=Organic Units/OU=Users/CN=sthakur/CN=764789/CN=Shalini Thakur
  renewal policy: /DC=ch/DC=cern/OU=computers/CN=vocms(052|058|030|0118|0105|0109).cern.ch|/DC=ch/DC=cern/OU=computers/CN=crab-(preprod|prod)-tw(02|01).cern.ch
  trusted retrieval policy: /DC=ch/DC=cern/OU=computers/CN=vocms(052|058|030|0118|0105|0109).cern.ch|/DC=ch/DC=cern/OU=computers/CN=crab-(preprod|prod)-tw(02|01).cern.ch
  timeleft: 504:43:36  (21.0 days)

 error: 
 retcode : 0
DEBUG 2019-11-03 17:54:24.542 UTC: 	 Myproxy is valid: 1817016
DEBUG 2019-11-03 17:54:24.543 UTC: 	 Command use: status
DEBUG 2019-11-03 17:54:24.543 UTC: 	 Options use: ['--verboseErrors', 'CrabMC_20191101/crab_ExLepEEZ_M1250_MC_20191101']
DEBUG 2019-11-03 17:54:24.613 UTC: 	 CRABClient version: 3.3.1910.patch2
DEBUG 2019-11-03 17:54:24.613 UTC: 	 Instance is prod
DEBUG 2019-11-03 17:54:24.613 UTC: 	 Server base url is cmsweb.cern.ch
DEBUG 2019-11-03 17:54:24.613 UTC: 	 Command url /crabserver/prod/workflow
DEBUG 2019-11-03 17:54:24.688 UTC: 	 Got information from server oracle database: {u'result': [u'191101_121053:sthakur_crab_ExLepEEZ_M1250_MC_20191101', u'None', u'None', u'SUBMITTED', u'SUBMIT', u'2019-11-01 12:10:53.974346', u'None', u'2019-11-01 12:13:55.983742', u'None', u'CMSSW_10_4_0', u'slc7_amd64_gcc700', u'/ExcitedLepton_EEZ-1250_TuneCP5_13TeV-pythia8/RunIIFall17MiniAODv2-PU2017_12Apr2018_94X_mc2017_realistic_v14-v1/MINIAODSIM', u'T', u'0', u'[]', u'[]', u'FileBased', u"{'splitOnRun': False, 'halt_job_on_file_boundaries': False, 'files_per_job': 10, 'runs': [], 'lumis': []}", u'2ccbedac34ec7743eb1549925bd142c79bbe5e6148d6485e76334036f394e248.tar.gz', u'https://cmsweb.cern.ch/crabcache', u'sthakur', u'/DC=ch/DC=cern/OU=Organic Units/OU=Users/CN=sthakur/CN=764789/CN=Shalini Thakur', u'cms', u'None', u'None', u'ExLepEEZ_M1250_MC_20191101-00000000000000000000000000000000', u'F', u'T2_IN_TIFR', u'https://cmsweb.cern.ch/dbs/prod/global/DBSReader', u'https://cmsweb.cern.ch/dbs/prod/phys03/DBSWriter', u'T', u'[]', u"['ExLepEEZ_M1250_MC_20191101_Ntuple.root']", u'[]', u'Analysis', u'pythia', u'None', u'{}', u'[]', u'F', u'crab-prod-tw01', u'[]', u'1250', u'1', u'2000', u'10', u'None', u"['The CRAB3 server got a non-critical error while checking stageout permissions. Please use checkwrite to check if everything is fine.']", u'http://vocms0107.cern.ch/mon/cms251/191101_121053:sthakur_crab_ExLepEEZ_M1250_MC_20191101', u'None', u'[]', u'[]', u'https://cmsweb.cern.ch/crabserver/prod', u'cmsgwms-collector-global.cern.ch:9620,cmssrv623.fnal.gov:9620', u'crab3@vocms0107.cern.ch', u'F', u'[]', u'T', u'/store/user/sthakur/ntuple_for2017MC_20191101/MC_20191101/ExLepEEZ_M1250_MC_20191101', u'F', u'None', u'F', u'None', u'ExcitedLepton_EEZ-1250_TuneCP5_13TeV-pythia8', u'None', u'ceef86361bc49ed03075abf18e146f1e4a5ca7577e523e6ce32e776650781274.tar.gz', u'46735993', u'filetransfers', u'F', u'2001:1458:d00:2e::100:9b', u'0.0', u'None'], u'desc': {u'columns': [u'tm_taskname', u'tm_activity', u'panda_jobset_id', u'tm_task_status', u'tm_task_command', u'tm_start_time', u'tm_start_injection', u'tm_end_injection', u'tm_task_failure', u'tm_job_sw', u'tm_job_arch', u'tm_input_dataset', u'tm_nonvalid_input_dataset', u'tm_use_parent', u'tm_site_whitelist', u'tm_site_blacklist', u'tm_split_algo', u'tm_split_args', u'tm_user_sandbox', u'tm_cache_url', u'tm_username', u'tm_user_dn', u'tm_user_vo', u'tm_user_role', u'tm_user_group', u'tm_publish_name', u'tm_publish_groupname', u'tm_asyncdest', u'tm_dbs_url', u'tm_publish_dbs_url', u'tm_publication', u'tm_outfiles', u'tm_tfile_outfiles', u'tm_edm_outfiles', u'tm_job_type', u'tm_generator', u'tm_events_per_lumi', u'tm_arguments', u'panda_resubmitted_jobs', u'tm_save_logs', u'tw_name', u'tm_user_infiles', u'tm_maxjobruntime', u'tm_numcores', u'tm_maxmemory', u'tm_priority', u'tm_output_dataset', u'tm_task_warnings', u'tm_user_webdir', u'tm_scriptexe', u'tm_scriptargs', u'tm_extrajdl', u'tm_asourl', u'tm_collector', u'tm_schedd', u'tm_dry_run', u'tm_user_files', u'tm_transfer_outputs', u'tm_output_lfn', u'tm_ignore_locality', u'tm_fail_limit', u'tm_one_event_mode', u'tm_secondary_input_dataset', u'tm_primary_dataset', u'tm_last_publication', u'tm_debug_files', u'clusterid', u'tm_asodb', u'tm_ignore_global_blacklist', u'tm_submitter_ip_addr', u'tm_totalunits', u'tm_ddm_reqid']}}
INFO 2019-11-03 17:54:24.689 UTC: 	 CRAB project directory:		/afs/cern.ch/work/s/sthakur/xRavindra/MiniTree2017Data/CMSSW_10_4_0/src/ExLep2017Crab/crab/CrabMC_20191101/crab_ExLepEEZ_M1250_MC_20191101
INFO 2019-11-03 17:54:24.689 UTC: 	 Task name:			191101_121053:sthakur_crab_ExLepEEZ_M1250_MC_20191101
INFO 2019-11-03 17:54:24.689 UTC: 	 Grid scheduler - Task Worker:	crab3@vocms0107.cern.ch - crab-prod-tw01
INFO 2019-11-03 17:54:24.689 UTC: 	 Status on the CRAB server:	SUBMITTED
INFO 2019-11-03 17:54:24.689 UTC: 	 Task URL to use for HELP:	https://cmsweb.cern.ch/crabserver/ui/task/191101_121053%3Asthakur_crab_ExLepEEZ_M1250_MC_20191101
INFO 2019-11-03 17:54:24.689 UTC: 	 Dashboard monitoring URL:	https://monit-grafana.cern.ch/d/cmsTMDetail/cms-task-monitoring-task-view?orgId=11&var-user=sthakur&var-task=191101_121053%3Asthakur_crab_ExLepEEZ_M1250_MC_20191101
INFO 2019-11-03 17:54:24.690 UTC: 	 In case of issues with the dashboard, please provide feedback to hn-cms-computing-tools@cern.ch
WARNING 2019-11-03 17:54:24.690 UTC: 	 Warning:			The CRAB3 server got a non-critical error while checking stageout permissions. Please use checkwrite to check if everything is fine.
DEBUG 2019-11-03 17:54:24.690 UTC: 	 The CRAB server submitted your task to the Grid scheduler (cluster ID: 46735993)
DEBUG 2019-11-03 17:54:24.690 UTC: 	 Webdir is located at http://vocms0107.cern.ch/mon/cms251/191101_121053:sthakur_crab_ExLepEEZ_M1250_MC_20191101
DEBUG 2019-11-03 17:54:24.758 UTC: 	 Proxied webdir is located at https://cmsweb.cern.ch/scheddmon/0107/cms251/191101_121053:sthakur_crab_ExLepEEZ_M1250_MC_20191101
DEBUG 2019-11-03 17:54:24.758 UTC: 	 Retrieving 'status_cache' file from https://cmsweb.cern.ch/scheddmon/0107/cms251/191101_121053:sthakur_crab_ExLepEEZ_M1250_MC_20191101/status_cache
DEBUG 2019-11-03 17:54:25.209 UTC: 	 Got information from status cache file: {'1': {'Retries': 0, 'WallDurations': [8.0, 1081.0], 'StartTimes': [1572610923.0], 'SubmitTimes': [1572610448.0], 'JobIds': ['46735996.0'], 'EndTimes': [1572612004.0], 'Restarts': 0, 'RecordedSite': True, 'State': 'finished', 'ResidentSetSize': [802876], 'TotalUserCpuTimeHistory': [586], 'SiteHistory': ['Unknown', 'T2_US_Caltech'], 'TotalSysCpuTimeHistory': [20]}, '2': {'Retries': 0, 'WallDurations': [9.0, 1932.0], 'StartTimes': [1572610924.0], 'SubmitTimes': [1572610447.0], 'JobIds': ['46735995.0'], 'EndTimes': [1572612856.0], 'Restarts': 0, 'RecordedSite': True, 'State': 'finished', 'ResidentSetSize': [780816], 'TotalUserCpuTimeHistory': [1258], 'SiteHistory': ['Unknown', 'T2_US_Caltech'], 'TotalSysCpuTimeHistory': [43]}}
INFO 2019-11-03 17:54:25.210 UTC: 	 Status on the scheduler:	COMPLETED
INFO 2019-11-03 17:54:25.210 UTC: 	 
Jobs status:                    finished     		100.0% (2/2)
INFO 2019-11-03 17:54:25.304 UTC: 	 
No publication information available yet
INFO 2019-11-03 17:54:25.305 UTC: 	 
Warning: the max jobs runtime is less than 30% of the task requested value (1250 min), please consider to request a lower value for failed jobs (allowed through crab resubmit) and/or improve the jobs splitting (e.g. config.Data.splitting = 'Automatic') in a new task.
INFO 2019-11-03 17:54:25.305 UTC: 	 
Summary of run jobs:
 * Memory: 784MB min, 784MB max, 773MB ave
 * Runtime: 0:18:01 min, 0:32:12 max, 0:25:06 ave
 * CPU eff: 56% min, 67% max, 63% ave
 * Waste: 0:00:17 (1% of total)

INFO 2019-11-03 17:54:25.346 UTC: 	 Log file is /afs/cern.ch/work/s/sthakur/xRavindra/MiniTree2017Data/CMSSW_10_4_0/src/ExLep2017Crab/crab/CrabMC_20191101/crab_ExLepEEZ_M1250_MC_20191101/crab.log
DEBUG 2019-11-03 17:59:22.421 UTC: 	 Running on: Linux lxplus737.cern.ch 3.10.0-1062.1.2.el7.x86_64 #1 SMP Mon Sep 30 14:19:46 UTC 2019 x86_64 x86_64 x86_64 GNU/Linux
Description:	CentOS Linux release 7.7.1908 (Core) 

DEBUG 2019-11-03 17:59:22.422 UTC: 	 Executing command: 'resubmit'
DEBUG 2019-11-03 17:59:22.422 UTC: 	 Found CRAB cache file /afs/cern.ch/user/s/sthakur/.crab3
DEBUG 2019-11-03 17:59:22.432 UTC: 	 Checking credentials
DEBUG 2019-11-03 17:59:22.432 UTC: 	 Found proxy file /tmp/x509up_u77410
DEBUG 2019-11-03 17:59:22.432 UTC: 	 Getting proxy life time left
DEBUG 2019-11-03 17:59:23.243 UTC: 	 Executing : 
 command : voms-proxy-info -file /tmp/x509up_u77410 -timeleft
 output : 42843

 error: 
 retcode : 0
DEBUG 2019-11-03 17:59:23.949 UTC: 	 Executing : 
 command : voms-proxy-info -file /tmp/x509up_u77410 -actimeleft
 output : 42843

 error: 
 retcode : 0
DEBUG 2019-11-03 17:59:23.950 UTC: 	 Proxy valid for 11:54:03 hours
DEBUG 2019-11-03 17:59:24.065 UTC: 	 Executing : 
 command : openssl x509 -in ~/.globus/usercert.pem -subject -noout
 output : subject= /DC=ch/DC=cern/OU=Organic Units/OU=Users/CN=sthakur/CN=764789/CN=Shalini Thakur

 error: 
 retcode : 0
DEBUG 2019-11-03 17:59:24.065 UTC: 	 Checking credentials
DEBUG 2019-11-03 17:59:24.065 UTC: 	 Found proxy file /tmp/x509up_u77410
DEBUG 2019-11-03 17:59:24.065 UTC: 	 Getting proxy life time left
DEBUG 2019-11-03 17:59:24.788 UTC: 	 Executing : 
 command : voms-proxy-info -file /tmp/x509up_u77410 -timeleft
 output : 42842

 error: 
 retcode : 0
DEBUG 2019-11-03 17:59:25.496 UTC: 	 Executing : 
 command : voms-proxy-info -file /tmp/x509up_u77410 -actimeleft
 output : 42841

 error: 
 retcode : 0
DEBUG 2019-11-03 17:59:25.496 UTC: 	 Proxy lifetime 42842 secs is different from voms extension lifetime 42841 secs for proxy: /tmp/x509up_u77410
DEBUG 2019-11-03 17:59:25.497 UTC: 	 Proxy valid for 11:54:01 hours
DEBUG 2019-11-03 17:59:25.566 UTC: 	 Registering user credentials for server /DC=ch/DC=cern/OU=computers/CN=vocms(052|058|030|0118|0105|0109).cern.ch|/DC=ch/DC=cern/OU=computers/CN=crab-(preprod|prod)-tw(02|01).cern.ch
DEBUG 2019-11-03 17:59:25.678 UTC: 	 Executing : 
 command : openssl x509 -in ~/.globus/usercert.pem -subject -noout
 output : subject= /DC=ch/DC=cern/OU=Organic Units/OU=Users/CN=sthakur/CN=764789/CN=Shalini Thakur

 error: 
 retcode : 0
DEBUG 2019-11-03 17:59:25.678 UTC: 	 Getting myproxy life time left for myproxy.cern.ch
DEBUG 2019-11-03 17:59:25.678 UTC: 	 Calculating hash of /DC=ch/DC=cern/OU=Organic Units/OU=Users/CN=sthakur/CN=764789/CN=Shalini Thakur_cmsweb.cern.ch for credential name
DEBUG 2019-11-03 17:59:26.084 UTC: 	 Executing : 
 command : myproxy-info -l 9cd94953387eeee7bf4da2b7588630639ea1153b -s myproxy.cern.ch
 output : username: 9cd94953387eeee7bf4da2b7588630639ea1153b
owner: /DC=ch/DC=cern/OU=Organic Units/OU=Users/CN=sthakur/CN=764789/CN=Shalini Thakur
  renewal policy: /DC=ch/DC=cern/OU=computers/CN=vocms(052|058|030|0118|0105|0109).cern.ch|/DC=ch/DC=cern/OU=computers/CN=crab-(preprod|prod)-tw(02|01).cern.ch
  trusted retrieval policy: /DC=ch/DC=cern/OU=computers/CN=vocms(052|058|030|0118|0105|0109).cern.ch|/DC=ch/DC=cern/OU=computers/CN=crab-(preprod|prod)-tw(02|01).cern.ch
  timeleft: 504:38:35  (21.0 days)

 error: 
 retcode : 0
DEBUG 2019-11-03 17:59:26.085 UTC: 	 Myproxy is valid: 1816715
DEBUG 2019-11-03 17:59:26.165 UTC: 	 Command use: resubmit
DEBUG 2019-11-03 17:59:26.165 UTC: 	 Options use: ['CrabMC_20191101/crab_ExLepEEZ_M1250_MC_20191101']
DEBUG 2019-11-03 17:59:26.262 UTC: 	 CRABClient version: 3.3.1910.patch2
DEBUG 2019-11-03 17:59:26.262 UTC: 	 Instance is prod
DEBUG 2019-11-03 17:59:26.262 UTC: 	 Server base url is cmsweb.cern.ch
DEBUG 2019-11-03 17:59:26.262 UTC: 	 Command url /crabserver/prod/workflow
DEBUG 2019-11-03 17:59:26.310 UTC: 	 Running on: Linux lxplus737.cern.ch 3.10.0-1062.1.2.el7.x86_64 #1 SMP Mon Sep 30 14:19:46 UTC 2019 x86_64 x86_64 x86_64 GNU/Linux
Description:	CentOS Linux release 7.7.1908 (Core) 

DEBUG 2019-11-03 17:59:26.311 UTC: 	 Executing command: 'status'
DEBUG 2019-11-03 17:59:26.311 UTC: 	 Found CRAB cache file /afs/cern.ch/user/s/sthakur/.crab3
DEBUG 2019-11-03 17:59:26.322 UTC: 	 Checking credentials
DEBUG 2019-11-03 17:59:26.322 UTC: 	 Found proxy file /tmp/x509up_u77410
DEBUG 2019-11-03 17:59:26.322 UTC: 	 Getting proxy life time left
DEBUG 2019-11-03 17:59:27.134 UTC: 	 Executing : 
 command : voms-proxy-info -file /tmp/x509up_u77410 -timeleft
 output : 42839

 error: 
 retcode : 0
DEBUG 2019-11-03 17:59:27.841 UTC: 	 Executing : 
 command : voms-proxy-info -file /tmp/x509up_u77410 -actimeleft
 output : 42839

 error: 
 retcode : 0
DEBUG 2019-11-03 17:59:27.841 UTC: 	 Proxy valid for 11:53:59 hours
DEBUG 2019-11-03 17:59:28.338 UTC: 	 Executing : 
 command : openssl x509 -in ~/.globus/usercert.pem -subject -noout
 output : subject= /DC=ch/DC=cern/OU=Organic Units/OU=Users/CN=sthakur/CN=764789/CN=Shalini Thakur

 error: 
 retcode : 0
DEBUG 2019-11-03 17:59:28.339 UTC: 	 Checking credentials
DEBUG 2019-11-03 17:59:28.339 UTC: 	 Found proxy file /tmp/x509up_u77410
DEBUG 2019-11-03 17:59:28.339 UTC: 	 Getting proxy life time left
DEBUG 2019-11-03 17:59:29.145 UTC: 	 Executing : 
 command : voms-proxy-info -file /tmp/x509up_u77410 -timeleft
 output : 42837

 error: 
 retcode : 0
DEBUG 2019-11-03 17:59:29.854 UTC: 	 Executing : 
 command : voms-proxy-info -file /tmp/x509up_u77410 -actimeleft
 output : 42837

 error: 
 retcode : 0
DEBUG 2019-11-03 17:59:29.855 UTC: 	 Proxy valid for 11:53:57 hours
DEBUG 2019-11-03 17:59:29.926 UTC: 	 Registering user credentials for server /DC=ch/DC=cern/OU=computers/CN=vocms(052|058|030|0118|0105|0109).cern.ch|/DC=ch/DC=cern/OU=computers/CN=crab-(preprod|prod)-tw(02|01).cern.ch
DEBUG 2019-11-03 17:59:30.039 UTC: 	 Executing : 
 command : openssl x509 -in ~/.globus/usercert.pem -subject -noout
 output : subject= /DC=ch/DC=cern/OU=Organic Units/OU=Users/CN=sthakur/CN=764789/CN=Shalini Thakur

 error: 
 retcode : 0
DEBUG 2019-11-03 17:59:30.039 UTC: 	 Getting myproxy life time left for myproxy.cern.ch
DEBUG 2019-11-03 17:59:30.039 UTC: 	 Calculating hash of /DC=ch/DC=cern/OU=Organic Units/OU=Users/CN=sthakur/CN=764789/CN=Shalini Thakur_cmsweb.cern.ch for credential name
DEBUG 2019-11-03 17:59:30.646 UTC: 	 Executing : 
 command : myproxy-info -l 9cd94953387eeee7bf4da2b7588630639ea1153b -s myproxy.cern.ch
 output : username: 9cd94953387eeee7bf4da2b7588630639ea1153b
owner: /DC=ch/DC=cern/OU=Organic Units/OU=Users/CN=sthakur/CN=764789/CN=Shalini Thakur
  renewal policy: /DC=ch/DC=cern/OU=computers/CN=vocms(052|058|030|0118|0105|0109).cern.ch|/DC=ch/DC=cern/OU=computers/CN=crab-(preprod|prod)-tw(02|01).cern.ch
  trusted retrieval policy: /DC=ch/DC=cern/OU=computers/CN=vocms(052|058|030|0118|0105|0109).cern.ch|/DC=ch/DC=cern/OU=computers/CN=crab-(preprod|prod)-tw(02|01).cern.ch
  timeleft: 504:38:30  (21.0 days)

 error: 
 retcode : 0
DEBUG 2019-11-03 17:59:30.647 UTC: 	 Myproxy is valid: 1816710
DEBUG 2019-11-03 17:59:30.647 UTC: 	 Command use: status
DEBUG 2019-11-03 17:59:30.647 UTC: 	 Options use: []
DEBUG 2019-11-03 17:59:30.828 UTC: 	 CRABClient version: 3.3.1910.patch2
DEBUG 2019-11-03 17:59:30.829 UTC: 	 Instance is prod
DEBUG 2019-11-03 17:59:30.829 UTC: 	 Server base url is cmsweb.cern.ch
DEBUG 2019-11-03 17:59:30.829 UTC: 	 Command url /crabserver/prod/workflow
DEBUG 2019-11-03 17:59:30.902 UTC: 	 Got information from server oracle database: {u'result': [u'191101_121053:sthakur_crab_ExLepEEZ_M1250_MC_20191101', u'None', u'None', u'SUBMITTED', u'SUBMIT', u'2019-11-01 12:10:53.974346', u'None', u'2019-11-01 12:13:55.983742', u'None', u'CMSSW_10_4_0', u'slc7_amd64_gcc700', u'/ExcitedLepton_EEZ-1250_TuneCP5_13TeV-pythia8/RunIIFall17MiniAODv2-PU2017_12Apr2018_94X_mc2017_realistic_v14-v1/MINIAODSIM', u'T', u'0', u'[]', u'[]', u'FileBased', u"{'splitOnRun': False, 'halt_job_on_file_boundaries': False, 'files_per_job': 10, 'runs': [], 'lumis': []}", u'2ccbedac34ec7743eb1549925bd142c79bbe5e6148d6485e76334036f394e248.tar.gz', u'https://cmsweb.cern.ch/crabcache', u'sthakur', u'/DC=ch/DC=cern/OU=Organic Units/OU=Users/CN=sthakur/CN=764789/CN=Shalini Thakur', u'cms', u'None', u'None', u'ExLepEEZ_M1250_MC_20191101-00000000000000000000000000000000', u'F', u'T2_IN_TIFR', u'https://cmsweb.cern.ch/dbs/prod/global/DBSReader', u'https://cmsweb.cern.ch/dbs/prod/phys03/DBSWriter', u'T', u'[]', u"['ExLepEEZ_M1250_MC_20191101_Ntuple.root']", u'[]', u'Analysis', u'pythia', u'None', u'{}', u'[]', u'F', u'crab-prod-tw01', u'[]', u'1250', u'1', u'2000', u'10', u'None', u"['The CRAB3 server got a non-critical error while checking stageout permissions. Please use checkwrite to check if everything is fine.']", u'http://vocms0107.cern.ch/mon/cms251/191101_121053:sthakur_crab_ExLepEEZ_M1250_MC_20191101', u'None', u'[]', u'[]', u'https://cmsweb.cern.ch/crabserver/prod', u'cmsgwms-collector-global.cern.ch:9620,cmssrv623.fnal.gov:9620', u'crab3@vocms0107.cern.ch', u'F', u'[]', u'T', u'/store/user/sthakur/ntuple_for2017MC_20191101/MC_20191101/ExLepEEZ_M1250_MC_20191101', u'F', u'None', u'F', u'None', u'ExcitedLepton_EEZ-1250_TuneCP5_13TeV-pythia8', u'None', u'ceef86361bc49ed03075abf18e146f1e4a5ca7577e523e6ce32e776650781274.tar.gz', u'46735993', u'filetransfers', u'F', u'2001:1458:d00:2e::100:9b', u'0.0', u'None'], u'desc': {u'columns': [u'tm_taskname', u'tm_activity', u'panda_jobset_id', u'tm_task_status', u'tm_task_command', u'tm_start_time', u'tm_start_injection', u'tm_end_injection', u'tm_task_failure', u'tm_job_sw', u'tm_job_arch', u'tm_input_dataset', u'tm_nonvalid_input_dataset', u'tm_use_parent', u'tm_site_whitelist', u'tm_site_blacklist', u'tm_split_algo', u'tm_split_args', u'tm_user_sandbox', u'tm_cache_url', u'tm_username', u'tm_user_dn', u'tm_user_vo', u'tm_user_role', u'tm_user_group', u'tm_publish_name', u'tm_publish_groupname', u'tm_asyncdest', u'tm_dbs_url', u'tm_publish_dbs_url', u'tm_publication', u'tm_outfiles', u'tm_tfile_outfiles', u'tm_edm_outfiles', u'tm_job_type', u'tm_generator', u'tm_events_per_lumi', u'tm_arguments', u'panda_resubmitted_jobs', u'tm_save_logs', u'tw_name', u'tm_user_infiles', u'tm_maxjobruntime', u'tm_numcores', u'tm_maxmemory', u'tm_priority', u'tm_output_dataset', u'tm_task_warnings', u'tm_user_webdir', u'tm_scriptexe', u'tm_scriptargs', u'tm_extrajdl', u'tm_asourl', u'tm_collector', u'tm_schedd', u'tm_dry_run', u'tm_user_files', u'tm_transfer_outputs', u'tm_output_lfn', u'tm_ignore_locality', u'tm_fail_limit', u'tm_one_event_mode', u'tm_secondary_input_dataset', u'tm_primary_dataset', u'tm_last_publication', u'tm_debug_files', u'clusterid', u'tm_asodb', u'tm_ignore_global_blacklist', u'tm_submitter_ip_addr', u'tm_totalunits', u'tm_ddm_reqid']}}
INFO 2019-11-03 17:59:30.902 UTC: 	 CRAB project directory:		/afs/cern.ch/work/s/sthakur/xRavindra/MiniTree2017Data/CMSSW_10_4_0/src/ExLep2017Crab/crab/CrabMC_20191101/crab_ExLepEEZ_M1250_MC_20191101
INFO 2019-11-03 17:59:30.902 UTC: 	 Task name:			191101_121053:sthakur_crab_ExLepEEZ_M1250_MC_20191101
INFO 2019-11-03 17:59:30.902 UTC: 	 Grid scheduler - Task Worker:	crab3@vocms0107.cern.ch - crab-prod-tw01
INFO 2019-11-03 17:59:30.902 UTC: 	 Status on the CRAB server:	SUBMITTED
INFO 2019-11-03 17:59:30.902 UTC: 	 Task URL to use for HELP:	https://cmsweb.cern.ch/crabserver/ui/task/191101_121053%3Asthakur_crab_ExLepEEZ_M1250_MC_20191101
INFO 2019-11-03 17:59:30.902 UTC: 	 Dashboard monitoring URL:	https://monit-grafana.cern.ch/d/cmsTMDetail/cms-task-monitoring-task-view?orgId=11&var-user=sthakur&var-task=191101_121053%3Asthakur_crab_ExLepEEZ_M1250_MC_20191101
INFO 2019-11-03 17:59:30.902 UTC: 	 In case of issues with the dashboard, please provide feedback to hn-cms-computing-tools@cern.ch
WARNING 2019-11-03 17:59:30.903 UTC: 	 Warning:			The CRAB3 server got a non-critical error while checking stageout permissions. Please use checkwrite to check if everything is fine.
DEBUG 2019-11-03 17:59:30.903 UTC: 	 The CRAB server submitted your task to the Grid scheduler (cluster ID: 46735993)
DEBUG 2019-11-03 17:59:30.903 UTC: 	 Webdir is located at http://vocms0107.cern.ch/mon/cms251/191101_121053:sthakur_crab_ExLepEEZ_M1250_MC_20191101
DEBUG 2019-11-03 17:59:30.979 UTC: 	 Proxied webdir is located at https://cmsweb.cern.ch/scheddmon/0107/cms251/191101_121053:sthakur_crab_ExLepEEZ_M1250_MC_20191101
DEBUG 2019-11-03 17:59:30.979 UTC: 	 Retrieving 'status_cache' file from https://cmsweb.cern.ch/scheddmon/0107/cms251/191101_121053:sthakur_crab_ExLepEEZ_M1250_MC_20191101/status_cache
DEBUG 2019-11-03 17:59:31.030 UTC: 	 Got information from status cache file: {'1': {'Retries': 0, 'WallDurations': [8.0, 1081.0], 'StartTimes': [1572610923.0], 'SubmitTimes': [1572610448.0], 'JobIds': ['46735996.0'], 'EndTimes': [1572612004.0], 'Restarts': 0, 'RecordedSite': True, 'State': 'finished', 'ResidentSetSize': [802876], 'TotalUserCpuTimeHistory': [586], 'SiteHistory': ['Unknown', 'T2_US_Caltech'], 'TotalSysCpuTimeHistory': [20]}, '2': {'Retries': 0, 'WallDurations': [9.0, 1932.0], 'StartTimes': [1572610924.0], 'SubmitTimes': [1572610447.0], 'JobIds': ['46735995.0'], 'EndTimes': [1572612856.0], 'Restarts': 0, 'RecordedSite': True, 'State': 'finished', 'ResidentSetSize': [780816], 'TotalUserCpuTimeHistory': [1258], 'SiteHistory': ['Unknown', 'T2_US_Caltech'], 'TotalSysCpuTimeHistory': [43]}}
INFO 2019-11-03 17:59:31.031 UTC: 	 Status on the scheduler:	COMPLETED
INFO 2019-11-03 17:59:31.031 UTC: 	 
Jobs status:                    finished     		100.0% (2/2)
INFO 2019-11-03 17:59:31.160 UTC: 	 
No publication information available yet
INFO 2019-11-03 17:59:31.160 UTC: 	 
Warning: the max jobs runtime is less than 30% of the task requested value (1250 min), please consider to request a lower value for failed jobs (allowed through crab resubmit) and/or improve the jobs splitting (e.g. config.Data.splitting = 'Automatic') in a new task.
INFO 2019-11-03 17:59:31.160 UTC: 	 
Summary of run jobs:
 * Memory: 784MB min, 784MB max, 773MB ave
 * Runtime: 0:18:01 min, 0:32:12 max, 0:25:06 ave
 * CPU eff: 56% min, 67% max, 63% ave
 * Waste: 0:00:17 (1% of total)

DEBUG 2019-11-03 17:59:31.164 UTC: 	 Requesting resubmission of failed jobs in task 191101_121053:sthakur_crab_ExLepEEZ_M1250_MC_20191101
ERROR 2019-11-03 17:59:31.164 UTC: 	 Found no jobs to resubmit. Only jobs in status failed can be resubmitted. Jobs in status finished can also be resubmitted, but only if the jobids are specified and the force option is set.
ERROR 2019-11-03 17:59:31.164 UTC: 	 Caught exception
Traceback (most recent call last):
  File "/cvmfs/cms.cern.ch/crab3/slc6_amd64_gcc493/cms/crabclient/3.3.1910.patch2/bin/crab", line 160, in <module>
    client()
  File "/cvmfs/cms.cern.ch/crab3/slc6_amd64_gcc493/cms/crabclient/3.3.1910.patch2/bin/crab", line 147, in __call__
    self.cmd()
  File "/cvmfs/cms.cern.ch/crab3/slc6_amd64_gcc493/cms/crabclient/3.3.1910.patch2/lib/python2.7/site-packages/CRABClient/Commands/resubmit.py", line 63, in __call__
    self.jobids = self.processJobIds(jobList)
  File "/cvmfs/cms.cern.ch/crab3/slc6_amd64_gcc493/cms/crabclient/3.3.1910.patch2/lib/python2.7/site-packages/CRABClient/Commands/resubmit.py", line 172, in processJobIds
    raise ConfigurationException(msg)
ConfigurationException: Found no jobs to resubmit. Only jobs in status failed can be resubmitted. Jobs in status finished can also be resubmitted, but only if the jobids are specified and the force option is set.
DEBUG 2019-11-04 17:51:10.462 UTC: 	 Running on: Linux lxplus794.cern.ch 3.10.0-1062.4.1.el7.x86_64 #1 SMP Fri Oct 18 17:15:30 UTC 2019 x86_64 x86_64 x86_64 GNU/Linux
Description:	CentOS Linux release 7.7.1908 (Core) 

DEBUG 2019-11-04 17:51:10.462 UTC: 	 Executing command: 'status'
DEBUG 2019-11-04 17:51:10.462 UTC: 	 Found CRAB cache file /afs/cern.ch/user/s/sthakur/.crab3
DEBUG 2019-11-04 17:51:10.489 UTC: 	 Checking credentials
DEBUG 2019-11-04 17:51:10.489 UTC: 	 Found proxy file /tmp/x509up_u77410
DEBUG 2019-11-04 17:51:10.489 UTC: 	 Getting proxy life time left
DEBUG 2019-11-04 17:51:11.094 UTC: 	 Executing : 
 command : voms-proxy-info -file /tmp/x509up_u77410 -timeleft
 output : 43118

 error: 
 retcode : 0
DEBUG 2019-11-04 17:51:11.699 UTC: 	 Executing : 
 command : voms-proxy-info -file /tmp/x509up_u77410 -actimeleft
 output : 43118

 error: 
 retcode : 0
DEBUG 2019-11-04 17:51:11.700 UTC: 	 Proxy valid for 11:58:38 hours
DEBUG 2019-11-04 17:51:11.941 UTC: 	 Executing : 
 command : openssl x509 -in ~/.globus/usercert.pem -subject -noout
 output : subject= /DC=ch/DC=cern/OU=Organic Units/OU=Users/CN=sthakur/CN=764789/CN=Shalini Thakur

 error: 
 retcode : 0
DEBUG 2019-11-04 17:51:11.941 UTC: 	 Checking credentials
DEBUG 2019-11-04 17:51:11.941 UTC: 	 Found proxy file /tmp/x509up_u77410
DEBUG 2019-11-04 17:51:11.941 UTC: 	 Getting proxy life time left
DEBUG 2019-11-04 17:51:12.547 UTC: 	 Executing : 
 command : voms-proxy-info -file /tmp/x509up_u77410 -timeleft
 output : 43117

 error: 
 retcode : 0
DEBUG 2019-11-04 17:51:13.154 UTC: 	 Executing : 
 command : voms-proxy-info -file /tmp/x509up_u77410 -actimeleft
 output : 43116

 error: 
 retcode : 0
DEBUG 2019-11-04 17:51:13.154 UTC: 	 Proxy lifetime 43117 secs is different from voms extension lifetime 43116 secs for proxy: /tmp/x509up_u77410
DEBUG 2019-11-04 17:51:13.154 UTC: 	 Proxy valid for 11:58:36 hours
DEBUG 2019-11-04 17:51:13.259 UTC: 	 Registering user credentials for server /DC=ch/DC=cern/OU=computers/CN=vocms(052|058|030|0118|0105|0109).cern.ch|/DC=ch/DC=cern/OU=computers/CN=crab-(preprod|prod)-tw(02|01).cern.ch
DEBUG 2019-11-04 17:51:13.370 UTC: 	 Executing : 
 command : openssl x509 -in ~/.globus/usercert.pem -subject -noout
 output : subject= /DC=ch/DC=cern/OU=Organic Units/OU=Users/CN=sthakur/CN=764789/CN=Shalini Thakur

 error: 
 retcode : 0
DEBUG 2019-11-04 17:51:13.370 UTC: 	 Getting myproxy life time left for myproxy.cern.ch
DEBUG 2019-11-04 17:51:13.370 UTC: 	 Calculating hash of /DC=ch/DC=cern/OU=Organic Units/OU=Users/CN=sthakur/CN=764789/CN=Shalini Thakur_cmsweb.cern.ch for credential name
DEBUG 2019-11-04 17:51:13.575 UTC: 	 Executing : 
 command : myproxy-info -l 9cd94953387eeee7bf4da2b7588630639ea1153b -s myproxy.cern.ch
 output : username: 9cd94953387eeee7bf4da2b7588630639ea1153b
owner: /DC=ch/DC=cern/OU=Organic Units/OU=Users/CN=sthakur/CN=764789/CN=Shalini Thakur
  renewal policy: /DC=ch/DC=cern/OU=computers/CN=vocms(052|058|030|0118|0105|0109).cern.ch|/DC=ch/DC=cern/OU=computers/CN=crab-(preprod|prod)-tw(02|01).cern.ch
  trusted retrieval policy: /DC=ch/DC=cern/OU=computers/CN=vocms(052|058|030|0118|0105|0109).cern.ch|/DC=ch/DC=cern/OU=computers/CN=crab-(preprod|prod)-tw(02|01).cern.ch
  timeleft: 480:46:47  (20.0 days)

 error: 
 retcode : 0
DEBUG 2019-11-04 17:51:13.576 UTC: 	 Myproxy is valid: 1730807
DEBUG 2019-11-04 17:51:13.576 UTC: 	 Command use: status
DEBUG 2019-11-04 17:51:13.576 UTC: 	 Options use: ['--verboseErrors', 'CrabMC_20191101/crab_ExLepEEZ_M1250_MC_20191101']
DEBUG 2019-11-04 17:51:13.675 UTC: 	 CRABClient version: 3.3.1910.patch2
DEBUG 2019-11-04 17:51:13.675 UTC: 	 Instance is prod
DEBUG 2019-11-04 17:51:13.675 UTC: 	 Server base url is cmsweb.cern.ch
DEBUG 2019-11-04 17:51:13.675 UTC: 	 Command url /crabserver/prod/workflow
DEBUG 2019-11-04 17:51:13.815 UTC: 	 Got information from server oracle database: {u'result': [u'191101_121053:sthakur_crab_ExLepEEZ_M1250_MC_20191101', u'None', u'None', u'SUBMITTED', u'SUBMIT', u'2019-11-01 12:10:53.974346', u'None', u'2019-11-01 12:13:55.983742', u'None', u'CMSSW_10_4_0', u'slc7_amd64_gcc700', u'/ExcitedLepton_EEZ-1250_TuneCP5_13TeV-pythia8/RunIIFall17MiniAODv2-PU2017_12Apr2018_94X_mc2017_realistic_v14-v1/MINIAODSIM', u'T', u'0', u'[]', u'[]', u'FileBased', u"{'splitOnRun': False, 'halt_job_on_file_boundaries': False, 'files_per_job': 10, 'runs': [], 'lumis': []}", u'2ccbedac34ec7743eb1549925bd142c79bbe5e6148d6485e76334036f394e248.tar.gz', u'https://cmsweb.cern.ch/crabcache', u'sthakur', u'/DC=ch/DC=cern/OU=Organic Units/OU=Users/CN=sthakur/CN=764789/CN=Shalini Thakur', u'cms', u'None', u'None', u'ExLepEEZ_M1250_MC_20191101-00000000000000000000000000000000', u'F', u'T2_IN_TIFR', u'https://cmsweb.cern.ch/dbs/prod/global/DBSReader', u'https://cmsweb.cern.ch/dbs/prod/phys03/DBSWriter', u'T', u'[]', u"['ExLepEEZ_M1250_MC_20191101_Ntuple.root']", u'[]', u'Analysis', u'pythia', u'None', u'{}', u'[]', u'F', u'crab-prod-tw01', u'[]', u'1250', u'1', u'2000', u'10', u'None', u"['The CRAB3 server got a non-critical error while checking stageout permissions. Please use checkwrite to check if everything is fine.']", u'http://vocms0107.cern.ch/mon/cms251/191101_121053:sthakur_crab_ExLepEEZ_M1250_MC_20191101', u'None', u'[]', u'[]', u'https://cmsweb.cern.ch/crabserver/prod', u'cmsgwms-collector-global.cern.ch:9620,cmssrv623.fnal.gov:9620', u'crab3@vocms0107.cern.ch', u'F', u'[]', u'T', u'/store/user/sthakur/ntuple_for2017MC_20191101/MC_20191101/ExLepEEZ_M1250_MC_20191101', u'F', u'None', u'F', u'None', u'ExcitedLepton_EEZ-1250_TuneCP5_13TeV-pythia8', u'None', u'ceef86361bc49ed03075abf18e146f1e4a5ca7577e523e6ce32e776650781274.tar.gz', u'46735993', u'filetransfers', u'F', u'2001:1458:d00:2e::100:9b', u'0.0', u'None'], u'desc': {u'columns': [u'tm_taskname', u'tm_activity', u'panda_jobset_id', u'tm_task_status', u'tm_task_command', u'tm_start_time', u'tm_start_injection', u'tm_end_injection', u'tm_task_failure', u'tm_job_sw', u'tm_job_arch', u'tm_input_dataset', u'tm_nonvalid_input_dataset', u'tm_use_parent', u'tm_site_whitelist', u'tm_site_blacklist', u'tm_split_algo', u'tm_split_args', u'tm_user_sandbox', u'tm_cache_url', u'tm_username', u'tm_user_dn', u'tm_user_vo', u'tm_user_role', u'tm_user_group', u'tm_publish_name', u'tm_publish_groupname', u'tm_asyncdest', u'tm_dbs_url', u'tm_publish_dbs_url', u'tm_publication', u'tm_outfiles', u'tm_tfile_outfiles', u'tm_edm_outfiles', u'tm_job_type', u'tm_generator', u'tm_events_per_lumi', u'tm_arguments', u'panda_resubmitted_jobs', u'tm_save_logs', u'tw_name', u'tm_user_infiles', u'tm_maxjobruntime', u'tm_numcores', u'tm_maxmemory', u'tm_priority', u'tm_output_dataset', u'tm_task_warnings', u'tm_user_webdir', u'tm_scriptexe', u'tm_scriptargs', u'tm_extrajdl', u'tm_asourl', u'tm_collector', u'tm_schedd', u'tm_dry_run', u'tm_user_files', u'tm_transfer_outputs', u'tm_output_lfn', u'tm_ignore_locality', u'tm_fail_limit', u'tm_one_event_mode', u'tm_secondary_input_dataset', u'tm_primary_dataset', u'tm_last_publication', u'tm_debug_files', u'clusterid', u'tm_asodb', u'tm_ignore_global_blacklist', u'tm_submitter_ip_addr', u'tm_totalunits', u'tm_ddm_reqid']}}
INFO 2019-11-04 17:51:13.816 UTC: 	 CRAB project directory:		/afs/cern.ch/work/s/sthakur/xRavindra/MiniTree2017Data/CMSSW_10_4_0/src/ExLep2017Crab/crab/CrabMC_20191101/crab_ExLepEEZ_M1250_MC_20191101
INFO 2019-11-04 17:51:13.816 UTC: 	 Task name:			191101_121053:sthakur_crab_ExLepEEZ_M1250_MC_20191101
INFO 2019-11-04 17:51:13.816 UTC: 	 Grid scheduler - Task Worker:	crab3@vocms0107.cern.ch - crab-prod-tw01
INFO 2019-11-04 17:51:13.816 UTC: 	 Status on the CRAB server:	SUBMITTED
INFO 2019-11-04 17:51:13.816 UTC: 	 Task URL to use for HELP:	https://cmsweb.cern.ch/crabserver/ui/task/191101_121053%3Asthakur_crab_ExLepEEZ_M1250_MC_20191101
INFO 2019-11-04 17:51:13.816 UTC: 	 Dashboard monitoring URL:	https://monit-grafana.cern.ch/d/cmsTMDetail/cms-task-monitoring-task-view?orgId=11&var-user=sthakur&var-task=191101_121053%3Asthakur_crab_ExLepEEZ_M1250_MC_20191101
INFO 2019-11-04 17:51:13.816 UTC: 	 In case of issues with the dashboard, please provide feedback to hn-cms-computing-tools@cern.ch
WARNING 2019-11-04 17:51:13.816 UTC: 	 Warning:			The CRAB3 server got a non-critical error while checking stageout permissions. Please use checkwrite to check if everything is fine.
DEBUG 2019-11-04 17:51:13.817 UTC: 	 The CRAB server submitted your task to the Grid scheduler (cluster ID: 46735993)
DEBUG 2019-11-04 17:51:13.817 UTC: 	 Webdir is located at http://vocms0107.cern.ch/mon/cms251/191101_121053:sthakur_crab_ExLepEEZ_M1250_MC_20191101
DEBUG 2019-11-04 17:51:13.901 UTC: 	 Proxied webdir is located at https://cmsweb.cern.ch/scheddmon/0107/cms251/191101_121053:sthakur_crab_ExLepEEZ_M1250_MC_20191101
DEBUG 2019-11-04 17:51:13.902 UTC: 	 Retrieving 'status_cache' file from https://cmsweb.cern.ch/scheddmon/0107/cms251/191101_121053:sthakur_crab_ExLepEEZ_M1250_MC_20191101/status_cache
DEBUG 2019-11-04 17:51:13.952 UTC: 	 Got information from status cache file: {'1': {'Retries': 0, 'WallDurations': [8.0, 1081.0], 'StartTimes': [1572610923.0], 'SubmitTimes': [1572610448.0], 'JobIds': ['46735996.0'], 'EndTimes': [1572612004.0], 'Restarts': 0, 'RecordedSite': True, 'State': 'finished', 'ResidentSetSize': [802876], 'TotalUserCpuTimeHistory': [586], 'SiteHistory': ['Unknown', 'T2_US_Caltech'], 'TotalSysCpuTimeHistory': [20]}, '2': {'Retries': 0, 'WallDurations': [9.0, 1932.0], 'StartTimes': [1572610924.0], 'SubmitTimes': [1572610447.0], 'JobIds': ['46735995.0'], 'EndTimes': [1572612856.0], 'Restarts': 0, 'RecordedSite': True, 'State': 'finished', 'ResidentSetSize': [780816], 'TotalUserCpuTimeHistory': [1258], 'SiteHistory': ['Unknown', 'T2_US_Caltech'], 'TotalSysCpuTimeHistory': [43]}}
INFO 2019-11-04 17:51:13.952 UTC: 	 Status on the scheduler:	COMPLETED
INFO 2019-11-04 17:51:13.952 UTC: 	 
Jobs status:                    finished     		100.0% (2/2)
INFO 2019-11-04 17:51:14.036 UTC: 	 
No publication information available yet
INFO 2019-11-04 17:51:14.037 UTC: 	 
Warning: the max jobs runtime is less than 30% of the task requested value (1250 min), please consider to request a lower value for failed jobs (allowed through crab resubmit) and/or improve the jobs splitting (e.g. config.Data.splitting = 'Automatic') in a new task.
INFO 2019-11-04 17:51:14.037 UTC: 	 
Summary of run jobs:
 * Memory: 784MB min, 784MB max, 773MB ave
 * Runtime: 0:18:01 min, 0:32:12 max, 0:25:06 ave
 * CPU eff: 56% min, 67% max, 63% ave
 * Waste: 0:00:17 (1% of total)

INFO 2019-11-04 17:51:14.072 UTC: 	 Log file is /afs/cern.ch/work/s/sthakur/xRavindra/MiniTree2017Data/CMSSW_10_4_0/src/ExLep2017Crab/crab/CrabMC_20191101/crab_ExLepEEZ_M1250_MC_20191101/crab.log
DEBUG 2019-11-11 18:30:16.645 UTC: 	 Running on: Linux lxplus745.cern.ch 3.10.0-1062.4.1.el7.x86_64 #1 SMP Fri Oct 18 17:15:30 UTC 2019 x86_64 x86_64 x86_64 GNU/Linux - CentOS Linux 7 (Core)
DEBUG 2019-11-11 18:30:16.664 UTC: 	 OpenSSl version: OpenSSL 1.0.2h  3 May 2016
DEBUG 2019-11-11 18:30:16.665 UTC: 	 Executing command: 'status'
DEBUG 2019-11-11 18:30:16.665 UTC: 	 Found CRAB cache file /afs/cern.ch/user/s/sthakur/.crab3
DEBUG 2019-11-11 18:30:16.688 UTC: 	 Checking credentials
DEBUG 2019-11-11 18:30:16.688 UTC: 	 Found proxy file /tmp/x509up_u77410
DEBUG 2019-11-11 18:30:16.688 UTC: 	 Getting proxy life time left
DEBUG 2019-11-11 18:30:17.928 UTC: 	 Executing : 
 command : voms-proxy-info -file /tmp/x509up_u77410 -timeleft
 output : 39043

 error: 
 retcode : 0
DEBUG 2019-11-11 18:30:19.044 UTC: 	 Executing : 
 command : voms-proxy-info -file /tmp/x509up_u77410 -actimeleft
 output : 39042

 error: 
 retcode : 0
DEBUG 2019-11-11 18:30:19.044 UTC: 	 Proxy lifetime 39043 secs is different from voms extension lifetime 39042 secs for proxy: /tmp/x509up_u77410
DEBUG 2019-11-11 18:30:19.044 UTC: 	 Proxy valid for 10:50:42 hours
DEBUG 2019-11-11 18:30:19.288 UTC: 	 Executing : 
 command : openssl x509 -in ~/.globus/usercert.pem -subject -noout
 output : subject= /DC=ch/DC=cern/OU=Organic Units/OU=Users/CN=sthakur/CN=764789/CN=Shalini Thakur

 error: 
 retcode : 0
DEBUG 2019-11-11 18:30:19.289 UTC: 	 Checking credentials
DEBUG 2019-11-11 18:30:19.289 UTC: 	 Found proxy file /tmp/x509up_u77410
DEBUG 2019-11-11 18:30:19.289 UTC: 	 Getting proxy life time left
DEBUG 2019-11-11 18:30:20.198 UTC: 	 Executing : 
 command : voms-proxy-info -file /tmp/x509up_u77410 -timeleft
 output : 39040

 error: 
 retcode : 0
DEBUG 2019-11-11 18:30:20.904 UTC: 	 Executing : 
 command : voms-proxy-info -file /tmp/x509up_u77410 -actimeleft
 output : 39040

 error: 
 retcode : 0
DEBUG 2019-11-11 18:30:20.904 UTC: 	 Proxy valid for 10:50:40 hours
DEBUG 2019-11-11 18:30:21.010 UTC: 	 Registering user credentials for server /DC=ch/DC=cern/OU=computers/CN=vocms(052|058|030|0118|0105|0109).cern.ch|/DC=ch/DC=cern/OU=computers/CN=crab-(preprod|prod)-tw(02|01).cern.ch
DEBUG 2019-11-11 18:30:21.122 UTC: 	 Executing : 
 command : openssl x509 -in ~/.globus/usercert.pem -subject -noout
 output : subject= /DC=ch/DC=cern/OU=Organic Units/OU=Users/CN=sthakur/CN=764789/CN=Shalini Thakur

 error: 
 retcode : 0
DEBUG 2019-11-11 18:30:21.122 UTC: 	 Getting myproxy life time left for myproxy.cern.ch
DEBUG 2019-11-11 18:30:21.122 UTC: 	 Calculating hash of /DC=ch/DC=cern/OU=Organic Units/OU=Users/CN=sthakur/CN=764789/CN=Shalini Thakur_cmsweb.cern.ch for credential name
DEBUG 2019-11-11 18:30:21.433 UTC: 	 Executing : 
 command : myproxy-info -l 9cd94953387eeee7bf4da2b7588630639ea1153b -s myproxy.cern.ch
 output : username: 9cd94953387eeee7bf4da2b7588630639ea1153b
owner: /DC=ch/DC=cern/OU=Organic Units/OU=Users/CN=sthakur/CN=764789/CN=Shalini Thakur
  renewal policy: /DC=ch/DC=cern/OU=computers/CN=vocms(052|058|030|0118|0105|0109).cern.ch|/DC=ch/DC=cern/OU=computers/CN=crab-(preprod|prod)-tw(02|01).cern.ch
  trusted retrieval policy: /DC=ch/DC=cern/OU=computers/CN=vocms(052|058|030|0118|0105|0109).cern.ch|/DC=ch/DC=cern/OU=computers/CN=crab-(preprod|prod)-tw(02|01).cern.ch
  timeleft: 711:02:58  (29.6 days)

 error: 
 retcode : 0
DEBUG 2019-11-11 18:30:21.434 UTC: 	 Myproxy is valid: 2559778
DEBUG 2019-11-11 18:30:21.435 UTC: 	 Command use: status
DEBUG 2019-11-11 18:30:21.435 UTC: 	 Options use: ['--verboseErrors', 'CrabMC_20191101/crab_ExLepEEZ_M1250_MC_20191101']
DEBUG 2019-11-11 18:30:21.541 UTC: 	 CRABClient version: 3.3.1911
DEBUG 2019-11-11 18:30:21.541 UTC: 	 Instance is prod
DEBUG 2019-11-11 18:30:21.542 UTC: 	 Server base url is cmsweb.cern.ch
DEBUG 2019-11-11 18:30:21.542 UTC: 	 Command url /crabserver/prod/workflow
DEBUG 2019-11-11 18:30:21.654 UTC: 	 Got information from server oracle database: {u'result': [u'191101_121053:sthakur_crab_ExLepEEZ_M1250_MC_20191101', u'None', u'None', u'SUBMITTED', u'SUBMIT', u'2019-11-01 12:10:53.974346', u'None', u'2019-11-01 12:13:55.983742', u'None', u'CMSSW_10_4_0', u'slc7_amd64_gcc700', u'/ExcitedLepton_EEZ-1250_TuneCP5_13TeV-pythia8/RunIIFall17MiniAODv2-PU2017_12Apr2018_94X_mc2017_realistic_v14-v1/MINIAODSIM', u'T', u'0', u'[]', u'[]', u'FileBased', u"{'splitOnRun': False, 'halt_job_on_file_boundaries': False, 'files_per_job': 10, 'runs': [], 'lumis': []}", u'2ccbedac34ec7743eb1549925bd142c79bbe5e6148d6485e76334036f394e248.tar.gz', u'https://cmsweb.cern.ch/crabcache', u'sthakur', u'/DC=ch/DC=cern/OU=Organic Units/OU=Users/CN=sthakur/CN=764789/CN=Shalini Thakur', u'cms', u'None', u'None', u'ExLepEEZ_M1250_MC_20191101-00000000000000000000000000000000', u'F', u'T2_IN_TIFR', u'https://cmsweb.cern.ch/dbs/prod/global/DBSReader', u'https://cmsweb.cern.ch/dbs/prod/phys03/DBSWriter', u'T', u'[]', u"['ExLepEEZ_M1250_MC_20191101_Ntuple.root']", u'[]', u'Analysis', u'pythia', u'None', u'{}', u'[]', u'F', u'crab-prod-tw01', u'[]', u'1250', u'1', u'2000', u'10', u'None', u"['The CRAB3 server got a non-critical error while checking stageout permissions. Please use checkwrite to check if everything is fine.']", u'http://vocms0107.cern.ch/mon/cms251/191101_121053:sthakur_crab_ExLepEEZ_M1250_MC_20191101', u'None', u'[]', u'[]', u'https://cmsweb.cern.ch/crabserver/prod', u'cmsgwms-collector-global.cern.ch:9620,cmssrv623.fnal.gov:9620', u'crab3@vocms0107.cern.ch', u'F', u'[]', u'T', u'/store/user/sthakur/ntuple_for2017MC_20191101/MC_20191101/ExLepEEZ_M1250_MC_20191101', u'F', u'None', u'F', u'None', u'ExcitedLepton_EEZ-1250_TuneCP5_13TeV-pythia8', u'None', u'ceef86361bc49ed03075abf18e146f1e4a5ca7577e523e6ce32e776650781274.tar.gz', u'46735993', u'filetransfers', u'F', u'2001:1458:d00:2e::100:9b', u'0.0', u'None'], u'desc': {u'columns': [u'tm_taskname', u'tm_activity', u'panda_jobset_id', u'tm_task_status', u'tm_task_command', u'tm_start_time', u'tm_start_injection', u'tm_end_injection', u'tm_task_failure', u'tm_job_sw', u'tm_job_arch', u'tm_input_dataset', u'tm_nonvalid_input_dataset', u'tm_use_parent', u'tm_site_whitelist', u'tm_site_blacklist', u'tm_split_algo', u'tm_split_args', u'tm_user_sandbox', u'tm_cache_url', u'tm_username', u'tm_user_dn', u'tm_user_vo', u'tm_user_role', u'tm_user_group', u'tm_publish_name', u'tm_publish_groupname', u'tm_asyncdest', u'tm_dbs_url', u'tm_publish_dbs_url', u'tm_publication', u'tm_outfiles', u'tm_tfile_outfiles', u'tm_edm_outfiles', u'tm_job_type', u'tm_generator', u'tm_events_per_lumi', u'tm_arguments', u'panda_resubmitted_jobs', u'tm_save_logs', u'tw_name', u'tm_user_infiles', u'tm_maxjobruntime', u'tm_numcores', u'tm_maxmemory', u'tm_priority', u'tm_output_dataset', u'tm_task_warnings', u'tm_user_webdir', u'tm_scriptexe', u'tm_scriptargs', u'tm_extrajdl', u'tm_asourl', u'tm_collector', u'tm_schedd', u'tm_dry_run', u'tm_user_files', u'tm_transfer_outputs', u'tm_output_lfn', u'tm_ignore_locality', u'tm_fail_limit', u'tm_one_event_mode', u'tm_secondary_input_dataset', u'tm_primary_dataset', u'tm_last_publication', u'tm_debug_files', u'clusterid', u'tm_asodb', u'tm_ignore_global_blacklist', u'tm_submitter_ip_addr', u'tm_totalunits', u'tm_ddm_reqid']}}
INFO 2019-11-11 18:30:21.655 UTC: 	 CRAB project directory:		/afs/cern.ch/work/s/sthakur/xRavindra/MiniTree2017Data/CMSSW_10_4_0/src/ExLep2017Crab/crab/CrabMC_20191101/crab_ExLepEEZ_M1250_MC_20191101
INFO 2019-11-11 18:30:21.655 UTC: 	 Task name:			191101_121053:sthakur_crab_ExLepEEZ_M1250_MC_20191101
INFO 2019-11-11 18:30:21.655 UTC: 	 Grid scheduler - Task Worker:	crab3@vocms0107.cern.ch - crab-prod-tw01
INFO 2019-11-11 18:30:21.655 UTC: 	 Status on the CRAB server:	SUBMITTED
INFO 2019-11-11 18:30:21.655 UTC: 	 Task URL to use for HELP:	https://cmsweb.cern.ch/crabserver/ui/task/191101_121053%3Asthakur_crab_ExLepEEZ_M1250_MC_20191101
INFO 2019-11-11 18:30:21.656 UTC: 	 Dashboard monitoring URL:	https://monit-grafana.cern.ch/d/cmsTMDetail/cms-task-monitoring-task-view?orgId=11&var-user=sthakur&var-task=191101_121053%3Asthakur_crab_ExLepEEZ_M1250_MC_20191101
INFO 2019-11-11 18:30:21.656 UTC: 	 In case of issues with the dashboard, please provide feedback to hn-cms-computing-tools@cern.ch
WARNING 2019-11-11 18:30:21.656 UTC: 	 Warning:			The CRAB3 server got a non-critical error while checking stageout permissions. Please use checkwrite to check if everything is fine.
DEBUG 2019-11-11 18:30:21.656 UTC: 	 The CRAB server submitted your task to the Grid scheduler (cluster ID: 46735993)
DEBUG 2019-11-11 18:30:21.656 UTC: 	 Webdir is located at http://vocms0107.cern.ch/mon/cms251/191101_121053:sthakur_crab_ExLepEEZ_M1250_MC_20191101
DEBUG 2019-11-11 18:30:21.836 UTC: 	 Proxied webdir is located at https://cmsweb.cern.ch/scheddmon/0107/cms251/191101_121053:sthakur_crab_ExLepEEZ_M1250_MC_20191101
DEBUG 2019-11-11 18:30:21.836 UTC: 	 Retrieving 'status_cache' file from https://cmsweb.cern.ch/scheddmon/0107/cms251/191101_121053:sthakur_crab_ExLepEEZ_M1250_MC_20191101/status_cache
DEBUG 2019-11-11 18:30:22.441 UTC: 	 Got information from status cache file: {'1': {'Retries': 0, 'WallDurations': [8.0, 1081.0], 'StartTimes': [1572610923.0], 'SubmitTimes': [1572610448.0], 'JobIds': ['46735996.0'], 'EndTimes': [1572612004.0], 'Restarts': 0, 'RecordedSite': True, 'State': 'finished', 'ResidentSetSize': [802876], 'TotalUserCpuTimeHistory': [586], 'SiteHistory': ['Unknown', 'T2_US_Caltech'], 'TotalSysCpuTimeHistory': [20]}, '2': {'Retries': 0, 'WallDurations': [9.0, 1932.0], 'StartTimes': [1572610924.0], 'SubmitTimes': [1572610447.0], 'JobIds': ['46735995.0'], 'EndTimes': [1572612856.0], 'Restarts': 0, 'RecordedSite': True, 'State': 'finished', 'ResidentSetSize': [780816], 'TotalUserCpuTimeHistory': [1258], 'SiteHistory': ['Unknown', 'T2_US_Caltech'], 'TotalSysCpuTimeHistory': [43]}}
INFO 2019-11-11 18:30:22.441 UTC: 	 Status on the scheduler:	COMPLETED
INFO 2019-11-11 18:30:22.441 UTC: 	 
Jobs status:                    finished     		100.0% (2/2)
INFO 2019-11-11 18:30:22.521 UTC: 	 
No publication information available yet
INFO 2019-11-11 18:30:22.521 UTC: 	 
Warning: the max jobs runtime is less than 30% of the task requested value (1250 min), please consider to request a lower value for failed jobs (allowed through crab resubmit) and/or improve the jobs splitting (e.g. config.Data.splitting = 'Automatic') in a new task.
INFO 2019-11-11 18:30:22.522 UTC: 	 
Summary of run jobs:
 * Memory: 784MB min, 784MB max, 773MB ave
 * Runtime: 0:18:01 min, 0:32:12 max, 0:25:06 ave
 * CPU eff: 56% min, 67% max, 63% ave
 * Waste: 0:00:17 (1% of total)

INFO 2019-11-11 18:30:22.546 UTC: 	 Log file is /afs/cern.ch/work/s/sthakur/xRavindra/MiniTree2017Data/CMSSW_10_4_0/src/ExLep2017Crab/crab/CrabMC_20191101/crab_ExLepEEZ_M1250_MC_20191101/crab.log
DEBUG 2019-11-11 18:47:02.182 UTC: 	 Running on: Linux lxplus714.cern.ch 3.10.0-1062.4.1.el7.x86_64 #1 SMP Fri Oct 18 17:15:30 UTC 2019 x86_64 x86_64 x86_64 GNU/Linux - CentOS Linux 7 (Core)
DEBUG 2019-11-11 18:47:02.201 UTC: 	 OpenSSl version: OpenSSL 1.0.2k-fips  26 Jan 2017 (Library: OpenSSL 1.0.2d-fips 9 Jul 2015)
DEBUG 2019-11-11 18:47:02.202 UTC: 	 Executing command: 'status'
DEBUG 2019-11-11 18:47:02.202 UTC: 	 Found CRAB cache file /afs/cern.ch/user/s/sthakur/.crab3
DEBUG 2019-11-11 18:47:02.213 UTC: 	 Checking credentials
DEBUG 2019-11-11 18:47:02.213 UTC: 	 Found proxy file /tmp/x509up_u77410
DEBUG 2019-11-11 18:47:02.213 UTC: 	 Getting proxy life time left
DEBUG 2019-11-11 18:47:02.920 UTC: 	 Executing : 
 command : voms-proxy-info -file /tmp/x509up_u77410 -timeleft
 output : 43169

 error: 
 retcode : 0
DEBUG 2019-11-11 18:47:03.726 UTC: 	 Executing : 
 command : voms-proxy-info -file /tmp/x509up_u77410 -actimeleft
 output : 43168

 error: 
 retcode : 0
DEBUG 2019-11-11 18:47:03.727 UTC: 	 Proxy lifetime 43169 secs is different from voms extension lifetime 43168 secs for proxy: /tmp/x509up_u77410
DEBUG 2019-11-11 18:47:03.727 UTC: 	 Proxy valid for 11:59:28 hours
DEBUG 2019-11-11 18:47:03.979 UTC: 	 Executing : 
 command : openssl x509 -in ~/.globus/usercert.pem -subject -noout
 output : subject= /DC=ch/DC=cern/OU=Organic Units/OU=Users/CN=sthakur/CN=764789/CN=Shalini Thakur

 error: 
 retcode : 0
DEBUG 2019-11-11 18:47:03.980 UTC: 	 Checking credentials
DEBUG 2019-11-11 18:47:03.980 UTC: 	 Found proxy file /tmp/x509up_u77410
DEBUG 2019-11-11 18:47:03.980 UTC: 	 Getting proxy life time left
DEBUG 2019-11-11 18:47:04.692 UTC: 	 Executing : 
 command : voms-proxy-info -file /tmp/x509up_u77410 -timeleft
 output : 43167

 error: 
 retcode : 0
DEBUG 2019-11-11 18:47:05.406 UTC: 	 Executing : 
 command : voms-proxy-info -file /tmp/x509up_u77410 -actimeleft
 output : 43166

 error: 
 retcode : 0
DEBUG 2019-11-11 18:47:05.406 UTC: 	 Proxy lifetime 43167 secs is different from voms extension lifetime 43166 secs for proxy: /tmp/x509up_u77410
DEBUG 2019-11-11 18:47:05.406 UTC: 	 Proxy valid for 11:59:26 hours
DEBUG 2019-11-11 18:47:05.495 UTC: 	 Registering user credentials for server /DC=ch/DC=cern/OU=computers/CN=vocms(052|058|030|0118|0105|0109).cern.ch|/DC=ch/DC=cern/OU=computers/CN=crab-(preprod|prod)-tw(02|01).cern.ch
DEBUG 2019-11-11 18:47:05.606 UTC: 	 Executing : 
 command : openssl x509 -in ~/.globus/usercert.pem -subject -noout
 output : subject= /DC=ch/DC=cern/OU=Organic Units/OU=Users/CN=sthakur/CN=764789/CN=Shalini Thakur

 error: 
 retcode : 0
DEBUG 2019-11-11 18:47:05.606 UTC: 	 Getting myproxy life time left for myproxy.cern.ch
DEBUG 2019-11-11 18:47:05.606 UTC: 	 Calculating hash of /DC=ch/DC=cern/OU=Organic Units/OU=Users/CN=sthakur/CN=764789/CN=Shalini Thakur_cmsweb.cern.ch for credential name
DEBUG 2019-11-11 18:47:05.811 UTC: 	 Executing : 
 command : myproxy-info -l 9cd94953387eeee7bf4da2b7588630639ea1153b -s myproxy.cern.ch
 output : username: 9cd94953387eeee7bf4da2b7588630639ea1153b
owner: /DC=ch/DC=cern/OU=Organic Units/OU=Users/CN=sthakur/CN=764789/CN=Shalini Thakur
  renewal policy: /DC=ch/DC=cern/OU=computers/CN=vocms(052|058|030|0118|0105|0109).cern.ch|/DC=ch/DC=cern/OU=computers/CN=crab-(preprod|prod)-tw(02|01).cern.ch
  trusted retrieval policy: /DC=ch/DC=cern/OU=computers/CN=vocms(052|058|030|0118|0105|0109).cern.ch|/DC=ch/DC=cern/OU=computers/CN=crab-(preprod|prod)-tw(02|01).cern.ch
  timeleft: 710:46:14  (29.6 days)

 error: 
 retcode : 0
DEBUG 2019-11-11 18:47:05.812 UTC: 	 Myproxy is valid: 2558774
DEBUG 2019-11-11 18:47:05.813 UTC: 	 Command use: status
DEBUG 2019-11-11 18:47:05.813 UTC: 	 Options use: ['--verboseErrors', 'CrabMC_20191101/crab_ExLepEEZ_M1250_MC_20191101']
DEBUG 2019-11-11 18:47:05.888 UTC: 	 CRABClient version: 3.3.1911
DEBUG 2019-11-11 18:47:05.888 UTC: 	 Instance is prod
DEBUG 2019-11-11 18:47:05.888 UTC: 	 Server base url is cmsweb.cern.ch
DEBUG 2019-11-11 18:47:05.888 UTC: 	 Command url /crabserver/prod/workflow
DEBUG 2019-11-11 18:47:06.021 UTC: 	 Got information from server oracle database: {u'result': [u'191101_121053:sthakur_crab_ExLepEEZ_M1250_MC_20191101', u'None', u'None', u'SUBMITTED', u'SUBMIT', u'2019-11-01 12:10:53.974346', u'None', u'2019-11-01 12:13:55.983742', u'None', u'CMSSW_10_4_0', u'slc7_amd64_gcc700', u'/ExcitedLepton_EEZ-1250_TuneCP5_13TeV-pythia8/RunIIFall17MiniAODv2-PU2017_12Apr2018_94X_mc2017_realistic_v14-v1/MINIAODSIM', u'T', u'0', u'[]', u'[]', u'FileBased', u"{'splitOnRun': False, 'halt_job_on_file_boundaries': False, 'files_per_job': 10, 'runs': [], 'lumis': []}", u'2ccbedac34ec7743eb1549925bd142c79bbe5e6148d6485e76334036f394e248.tar.gz', u'https://cmsweb.cern.ch/crabcache', u'sthakur', u'/DC=ch/DC=cern/OU=Organic Units/OU=Users/CN=sthakur/CN=764789/CN=Shalini Thakur', u'cms', u'None', u'None', u'ExLepEEZ_M1250_MC_20191101-00000000000000000000000000000000', u'F', u'T2_IN_TIFR', u'https://cmsweb.cern.ch/dbs/prod/global/DBSReader', u'https://cmsweb.cern.ch/dbs/prod/phys03/DBSWriter', u'T', u'[]', u"['ExLepEEZ_M1250_MC_20191101_Ntuple.root']", u'[]', u'Analysis', u'pythia', u'None', u'{}', u'[]', u'F', u'crab-prod-tw01', u'[]', u'1250', u'1', u'2000', u'10', u'None', u"['The CRAB3 server got a non-critical error while checking stageout permissions. Please use checkwrite to check if everything is fine.']", u'http://vocms0107.cern.ch/mon/cms251/191101_121053:sthakur_crab_ExLepEEZ_M1250_MC_20191101', u'None', u'[]', u'[]', u'https://cmsweb.cern.ch/crabserver/prod', u'cmsgwms-collector-global.cern.ch:9620,cmssrv623.fnal.gov:9620', u'crab3@vocms0107.cern.ch', u'F', u'[]', u'T', u'/store/user/sthakur/ntuple_for2017MC_20191101/MC_20191101/ExLepEEZ_M1250_MC_20191101', u'F', u'None', u'F', u'None', u'ExcitedLepton_EEZ-1250_TuneCP5_13TeV-pythia8', u'None', u'ceef86361bc49ed03075abf18e146f1e4a5ca7577e523e6ce32e776650781274.tar.gz', u'46735993', u'filetransfers', u'F', u'2001:1458:d00:2e::100:9b', u'0.0', u'None'], u'desc': {u'columns': [u'tm_taskname', u'tm_activity', u'panda_jobset_id', u'tm_task_status', u'tm_task_command', u'tm_start_time', u'tm_start_injection', u'tm_end_injection', u'tm_task_failure', u'tm_job_sw', u'tm_job_arch', u'tm_input_dataset', u'tm_nonvalid_input_dataset', u'tm_use_parent', u'tm_site_whitelist', u'tm_site_blacklist', u'tm_split_algo', u'tm_split_args', u'tm_user_sandbox', u'tm_cache_url', u'tm_username', u'tm_user_dn', u'tm_user_vo', u'tm_user_role', u'tm_user_group', u'tm_publish_name', u'tm_publish_groupname', u'tm_asyncdest', u'tm_dbs_url', u'tm_publish_dbs_url', u'tm_publication', u'tm_outfiles', u'tm_tfile_outfiles', u'tm_edm_outfiles', u'tm_job_type', u'tm_generator', u'tm_events_per_lumi', u'tm_arguments', u'panda_resubmitted_jobs', u'tm_save_logs', u'tw_name', u'tm_user_infiles', u'tm_maxjobruntime', u'tm_numcores', u'tm_maxmemory', u'tm_priority', u'tm_output_dataset', u'tm_task_warnings', u'tm_user_webdir', u'tm_scriptexe', u'tm_scriptargs', u'tm_extrajdl', u'tm_asourl', u'tm_collector', u'tm_schedd', u'tm_dry_run', u'tm_user_files', u'tm_transfer_outputs', u'tm_output_lfn', u'tm_ignore_locality', u'tm_fail_limit', u'tm_one_event_mode', u'tm_secondary_input_dataset', u'tm_primary_dataset', u'tm_last_publication', u'tm_debug_files', u'clusterid', u'tm_asodb', u'tm_ignore_global_blacklist', u'tm_submitter_ip_addr', u'tm_totalunits', u'tm_ddm_reqid']}}
INFO 2019-11-11 18:47:06.022 UTC: 	 CRAB project directory:		/afs/cern.ch/work/s/sthakur/xRavindra/MiniTree2017Data/CMSSW_10_4_0/src/ExLep2017Crab/crab/CrabMC_20191101/crab_ExLepEEZ_M1250_MC_20191101
INFO 2019-11-11 18:47:06.022 UTC: 	 Task name:			191101_121053:sthakur_crab_ExLepEEZ_M1250_MC_20191101
INFO 2019-11-11 18:47:06.022 UTC: 	 Grid scheduler - Task Worker:	crab3@vocms0107.cern.ch - crab-prod-tw01
INFO 2019-11-11 18:47:06.022 UTC: 	 Status on the CRAB server:	SUBMITTED
INFO 2019-11-11 18:47:06.022 UTC: 	 Task URL to use for HELP:	https://cmsweb.cern.ch/crabserver/ui/task/191101_121053%3Asthakur_crab_ExLepEEZ_M1250_MC_20191101
INFO 2019-11-11 18:47:06.022 UTC: 	 Dashboard monitoring URL:	https://monit-grafana.cern.ch/d/cmsTMDetail/cms-task-monitoring-task-view?orgId=11&var-user=sthakur&var-task=191101_121053%3Asthakur_crab_ExLepEEZ_M1250_MC_20191101
INFO 2019-11-11 18:47:06.022 UTC: 	 In case of issues with the dashboard, please provide feedback to hn-cms-computing-tools@cern.ch
WARNING 2019-11-11 18:47:06.022 UTC: 	 Warning:			The CRAB3 server got a non-critical error while checking stageout permissions. Please use checkwrite to check if everything is fine.
DEBUG 2019-11-11 18:47:06.022 UTC: 	 The CRAB server submitted your task to the Grid scheduler (cluster ID: 46735993)
DEBUG 2019-11-11 18:47:06.022 UTC: 	 Webdir is located at http://vocms0107.cern.ch/mon/cms251/191101_121053:sthakur_crab_ExLepEEZ_M1250_MC_20191101
DEBUG 2019-11-11 18:47:06.117 UTC: 	 Proxied webdir is located at https://cmsweb.cern.ch/scheddmon/0107/cms251/191101_121053:sthakur_crab_ExLepEEZ_M1250_MC_20191101
DEBUG 2019-11-11 18:47:06.117 UTC: 	 Retrieving 'status_cache' file from https://cmsweb.cern.ch/scheddmon/0107/cms251/191101_121053:sthakur_crab_ExLepEEZ_M1250_MC_20191101/status_cache
DEBUG 2019-11-11 18:47:06.164 UTC: 	 Got information from status cache file: {'1': {'Retries': 0, 'WallDurations': [8.0, 1081.0], 'StartTimes': [1572610923.0], 'SubmitTimes': [1572610448.0], 'JobIds': ['46735996.0'], 'EndTimes': [1572612004.0], 'Restarts': 0, 'RecordedSite': True, 'State': 'finished', 'ResidentSetSize': [802876], 'TotalUserCpuTimeHistory': [586], 'SiteHistory': ['Unknown', 'T2_US_Caltech'], 'TotalSysCpuTimeHistory': [20]}, '2': {'Retries': 0, 'WallDurations': [9.0, 1932.0], 'StartTimes': [1572610924.0], 'SubmitTimes': [1572610447.0], 'JobIds': ['46735995.0'], 'EndTimes': [1572612856.0], 'Restarts': 0, 'RecordedSite': True, 'State': 'finished', 'ResidentSetSize': [780816], 'TotalUserCpuTimeHistory': [1258], 'SiteHistory': ['Unknown', 'T2_US_Caltech'], 'TotalSysCpuTimeHistory': [43]}}
INFO 2019-11-11 18:47:06.164 UTC: 	 Status on the scheduler:	COMPLETED
INFO 2019-11-11 18:47:06.165 UTC: 	 
Jobs status:                    finished     		100.0% (2/2)
INFO 2019-11-11 18:47:06.241 UTC: 	 
No publication information available yet
INFO 2019-11-11 18:47:06.241 UTC: 	 
Warning: the max jobs runtime is less than 30% of the task requested value (1250 min), please consider to request a lower value for failed jobs (allowed through crab resubmit) and/or improve the jobs splitting (e.g. config.Data.splitting = 'Automatic') in a new task.
INFO 2019-11-11 18:47:06.241 UTC: 	 
Summary of run jobs:
 * Memory: 784MB min, 784MB max, 773MB ave
 * Runtime: 0:18:01 min, 0:32:12 max, 0:25:06 ave
 * CPU eff: 56% min, 67% max, 63% ave
 * Waste: 0:00:17 (1% of total)

INFO 2019-11-11 18:47:06.250 UTC: 	 Log file is /afs/cern.ch/work/s/sthakur/xRavindra/MiniTree2017Data/CMSSW_10_4_0/src/ExLep2017Crab/crab/CrabMC_20191101/crab_ExLepEEZ_M1250_MC_20191101/crab.log
