DEBUG 2019-11-01 12:17:53.010 UTC: 	 Running on: Linux lxplus707.cern.ch 3.10.0-1062.1.2.el7.x86_64 #1 SMP Mon Sep 30 14:19:46 UTC 2019 x86_64 x86_64 x86_64 GNU/Linux
Description:	CentOS Linux release 7.7.1908 (Core) 

DEBUG 2019-11-01 12:17:53.011 UTC: 	 Executing command: 'submit'
DEBUG 2019-11-01 12:17:53.029 UTC: 	 Found CRAB cache file /afs/cern.ch/user/s/sthakur/.crab3
DEBUG 2019-11-01 12:17:53.038 UTC: 	 Checking credentials
DEBUG 2019-11-01 12:17:53.038 UTC: 	 Found proxy file /tmp/x509up_u77410
DEBUG 2019-11-01 12:17:53.038 UTC: 	 Getting proxy life time left
DEBUG 2019-11-01 12:17:53.855 UTC: 	 Executing : 
 command : voms-proxy-info -file /tmp/x509up_u77410 -timeleft
 output : 42725

 error: 
 retcode : 0
DEBUG 2019-11-01 12:17:54.563 UTC: 	 Executing : 
 command : voms-proxy-info -file /tmp/x509up_u77410 -actimeleft
 output : 42724

 error: 
 retcode : 0
DEBUG 2019-11-01 12:17:54.564 UTC: 	 Proxy lifetime 42725 secs is different from voms extension lifetime 42724 secs for proxy: /tmp/x509up_u77410
DEBUG 2019-11-01 12:17:54.564 UTC: 	 Proxy valid for 11:52:04 hours
DEBUG 2019-11-01 12:17:54.564 UTC: 	 Will use CRAB Analysis plugin (i.e. will run an analysis job type).
DEBUG 2019-11-01 12:17:54.687 UTC: 	 Executing : 
 command : openssl x509 -in ~/.globus/usercert.pem -subject -noout
 output : subject= /DC=ch/DC=cern/OU=Organic Units/OU=Users/CN=sthakur/CN=764789/CN=Shalini Thakur

 error: 
 retcode : 0
DEBUG 2019-11-01 12:17:54.687 UTC: 	 Checking credentials
DEBUG 2019-11-01 12:17:54.687 UTC: 	 Found proxy file /tmp/x509up_u77410
DEBUG 2019-11-01 12:17:54.687 UTC: 	 Getting proxy life time left
DEBUG 2019-11-01 12:17:55.495 UTC: 	 Executing : 
 command : voms-proxy-info -file /tmp/x509up_u77410 -timeleft
 output : 42723

 error: 
 retcode : 0
DEBUG 2019-11-01 12:17:56.201 UTC: 	 Executing : 
 command : voms-proxy-info -file /tmp/x509up_u77410 -actimeleft
 output : 42722

 error: 
 retcode : 0
DEBUG 2019-11-01 12:17:56.201 UTC: 	 Proxy lifetime 42723 secs is different from voms extension lifetime 42722 secs for proxy: /tmp/x509up_u77410
DEBUG 2019-11-01 12:17:56.201 UTC: 	 Proxy valid for 11:52:02 hours
DEBUG 2019-11-01 12:17:56.907 UTC: 	 Executing : 
 command : env X509_USER_PROXY=/tmp/x509up_u77410 voms-proxy-info -fqan
 output : /cms/Role=NULL/Capability=NULL

 error: 
 retcode : 0
DEBUG 2019-11-01 12:17:56.986 UTC: 	 Registering user credentials for server /DC=ch/DC=cern/OU=computers/CN=vocms(052|058|030|0118|0105|0109).cern.ch|/DC=ch/DC=cern/OU=computers/CN=crab-(preprod|prod)-tw(02|01).cern.ch
DEBUG 2019-11-01 12:17:57.097 UTC: 	 Executing : 
 command : openssl x509 -in ~/.globus/usercert.pem -subject -noout
 output : subject= /DC=ch/DC=cern/OU=Organic Units/OU=Users/CN=sthakur/CN=764789/CN=Shalini Thakur

 error: 
 retcode : 0
DEBUG 2019-11-01 12:17:57.098 UTC: 	 Getting myproxy life time left for myproxy.cern.ch
DEBUG 2019-11-01 12:17:57.098 UTC: 	 Calculating hash of /DC=ch/DC=cern/OU=Organic Units/OU=Users/CN=sthakur/CN=764789/CN=Shalini Thakur_cmsweb.cern.ch for credential name
DEBUG 2019-11-01 12:17:57.704 UTC: 	 Executing : 
 command : myproxy-info -l 9cd94953387eeee7bf4da2b7588630639ea1153b -s myproxy.cern.ch
 output : username: 9cd94953387eeee7bf4da2b7588630639ea1153b
owner: /DC=ch/DC=cern/OU=Organic Units/OU=Users/CN=sthakur/CN=764789/CN=Shalini Thakur
  renewal policy: /DC=ch/DC=cern/OU=computers/CN=vocms(052|058|030|0118|0105|0109).cern.ch|/DC=ch/DC=cern/OU=computers/CN=crab-(preprod|prod)-tw(02|01).cern.ch
  trusted retrieval policy: /DC=ch/DC=cern/OU=computers/CN=vocms(052|058|030|0118|0105|0109).cern.ch|/DC=ch/DC=cern/OU=computers/CN=crab-(preprod|prod)-tw(02|01).cern.ch
  timeleft: 558:20:03  (23.3 days)

 error: 
 retcode : 0
DEBUG 2019-11-01 12:17:57.705 UTC: 	 Myproxy is valid: 2010003
DEBUG 2019-11-01 12:17:57.705 UTC: 	 Command use: submit
DEBUG 2019-11-01 12:17:57.705 UTC: 	 Options use: ['--config', <WMCore.Configuration.Configuration object at 0x7eff8a417f90>]
DEBUG 2019-11-01 12:17:57.812 UTC: 	 CRABClient version: 3.3.1910.patch2
DEBUG 2019-11-01 12:17:57.812 UTC: 	 Instance is prod
DEBUG 2019-11-01 12:17:57.812 UTC: 	 Server base url is cmsweb.cern.ch
DEBUG 2019-11-01 12:17:57.812 UTC: 	 Command url /crabserver/prod/workflow
DEBUG 2019-11-01 12:17:57.813 UTC: 	 Started submission
DEBUG 2019-11-01 12:17:57.813 UTC: 	 Working on /afs/cern.ch/work/s/sthakur/xRavindra/MiniTree2017Data/CMSSW_10_4_0/src/ExLep2017Crab/crab/CrabMC_20191101/crab_ExLepMuMuZ_M750_MC_20191101
DEBUG 2019-11-01 12:17:58.043 UTC: 	 Loading required information from the environment
DEBUG 2019-11-01 12:17:58.043 UTC: 	 Found CMSSW_10_4_0 for slc7_amd64_gcc700 with base /afs/cern.ch/work/s/sthakur/xRavindra/MiniTree2017Data/CMSSW_10_4_0
DEBUG 2019-11-01 12:17:58.043 UTC: 	 Loading required information from the environment
DEBUG 2019-11-01 12:17:58.043 UTC: 	 Found CMSSW_10_4_0 for slc7_amd64_gcc700 with base /afs/cern.ch/work/s/sthakur/xRavindra/MiniTree2017Data/CMSSW_10_4_0
DEBUG 2019-11-01 12:17:58.064 UTC: 	 UNIQUE NAME: tarUUID ccc07656-312d-4d4e-9006-23b7dabc6ca3 
DEBUG 2019-11-01 12:17:58.064 UTC: 	 self.config: from WMCore.Configuration import Configuration
config = Configuration()
config.section_('General')
config.General.workArea = 'CrabMC_20191101'
config.General.transferOutputs = True
config.General.transferLogs = False
config.General.requestName = 'ExLepMuMuZ_M750_MC_20191101'
config.section_('JobType')
config.JobType.psetName = '20191101/config/ExLepMuMuZ_M750_MC_20191101_cfg.py'
config.JobType.pluginName = 'Analysis'
config.JobType.inputFiles = ['../../ExLep2017Tree/Selection/test/Fall17_V3_MC_PtResolution_AK8PF.txt', '../../ExLep2017Tree/Selection/test/Fall17_V3_MC_SF_AK8PF.txt']
config.JobType.allowUndistributedCMSSW = True
config.JobType.maxMemoryMB = 2000
config.section_('Data')
config.Data.inputDataset = '/ExcitedLepton_MuMuZ-750_TuneCP5_13TeV-pythia8/RunIIFall17MiniAODv2-PU2017_12Apr2018_94X_mc2017_realistic_v14-v1/MINIAODSIM'
config.Data.allowNonValidInputDataset = True
config.Data.unitsPerJob = 10
config.Data.inputDBS = 'global'
config.Data.splitting = 'FileBased'
config.Data.outputDatasetTag = 'ExLepMuMuZ_M750_MC_20191101'
config.Data.outLFNDirBase = '/store/user/sthakur/ntuple_for2017MC_20191101/MC_20191101/ExLepMuMuZ_M750_MC_20191101'
config.section_('Site')
config.Site.storageSite = 'T2_IN_TIFR'
config.section_('User')
config.section_('Debug')

DEBUG 2019-11-01 12:17:58.064 UTC: 	 self.config.JobType.psetName: 20191101/config/ExLepMuMuZ_M750_MC_20191101_cfg.py
INFO 2019-11-01 12:17:58.065 UTC: 	 Importing CMSSW configuration 20191101/config/ExLepMuMuZ_M750_MC_20191101_cfg.py
INFO 2019-11-01 12:17:58.526 UTC: 	 Finished importing CMSSW configuration 20191101/config/ExLepMuMuZ_M750_MC_20191101_cfg.py
DEBUG 2019-11-01 12:17:58.526 UTC: 	 Writing CMSSW configuration to /afs/cern.ch/work/s/sthakur/xRavindra/MiniTree2017Data/CMSSW_10_4_0/src/ExLep2017Crab/crab/CrabMC_20191101/crab_ExLepMuMuZ_M750_MC_20191101/inputs/PSet.py
DEBUG 2019-11-01 12:17:58.593 UTC: 	 The following EDM output files will be collected: []
DEBUG 2019-11-01 12:17:58.593 UTC: 	 The following TFile output files will be collected: ['ExLepMuMuZ_M750_MC_20191101_Ntuple.root']
DEBUG 2019-11-01 12:17:58.593 UTC: 	 The following user output files (not listed as PoolOuputModule or TFileService in the CMSSW PSet) will be collected: 
DEBUG 2019-11-01 12:17:58.593 UTC: 	 Loading required information from the environment
DEBUG 2019-11-01 12:17:58.593 UTC: 	 Found CMSSW_10_4_0 for slc7_amd64_gcc700 with base /afs/cern.ch/work/s/sthakur/xRavindra/MiniTree2017Data/CMSSW_10_4_0
DEBUG 2019-11-01 12:17:58.593 UTC: 	 Making tarball in /afs/cern.ch/work/s/sthakur/xRavindra/MiniTree2017Data/CMSSW_10_4_0/src/ExLep2017Crab/crab/CrabMC_20191101/crab_ExLepMuMuZ_M750_MC_20191101/inputs/ccc07656-312d-4d4e-9006-23b7dabc6ca3default.tgz
DEBUG 2019-11-01 12:17:58.595 UTC: 	 Checking directory /afs/cern.ch/work/s/sthakur/xRavindra/MiniTree2017Data/CMSSW_10_4_0/lib
DEBUG 2019-11-01 12:17:58.595 UTC: 	 Adding directory /afs/cern.ch/work/s/sthakur/xRavindra/MiniTree2017Data/CMSSW_10_4_0/lib to tarball
DEBUG 2019-11-01 12:17:58.608 UTC: 	 Checking directory /afs/cern.ch/work/s/sthakur/xRavindra/MiniTree2017Data/CMSSW_10_4_0/biglib
DEBUG 2019-11-01 12:17:58.608 UTC: 	 Adding directory /afs/cern.ch/work/s/sthakur/xRavindra/MiniTree2017Data/CMSSW_10_4_0/biglib to tarball
DEBUG 2019-11-01 12:17:58.608 UTC: 	 Checking directory /afs/cern.ch/work/s/sthakur/xRavindra/MiniTree2017Data/CMSSW_10_4_0/module
DEBUG 2019-11-01 12:17:58.618 UTC: 	 Adding data directory /afs/cern.ch/work/s/sthakur/xRavindra/MiniTree2017Data/CMSSW_10_4_0/src/ExLep2017Tree/Selection/interface to tarball
DEBUG 2019-11-01 12:17:58.640 UTC: 	 Adding file ../../ExLep2017Tree/Selection/test/Fall17_V3_MC_PtResolution_AK8PF.txt to tarball
DEBUG 2019-11-01 12:17:58.641 UTC: 	 Adding file ../../ExLep2017Tree/Selection/test/Fall17_V3_MC_SF_AK8PF.txt to tarball
DEBUG 2019-11-01 12:17:58.755 UTC: 	 Uploading archive /afs/cern.ch/work/s/sthakur/xRavindra/MiniTree2017Data/CMSSW_10_4_0/src/ExLep2017Crab/crab/CrabMC_20191101/crab_ExLepMuMuZ_M750_MC_20191101/inputs/ccc07656-312d-4d4e-9006-23b7dabc6ca3default.tgz (239 KB) to the CRAB cache. Using URI https://cmsweb.cern.ch/crabcache
DEBUG 2019-11-01 12:17:59.071 UTC: 	 Loading required information from the environment
DEBUG 2019-11-01 12:17:59.071 UTC: 	 Found CMSSW_10_4_0 for slc7_amd64_gcc700 with base /afs/cern.ch/work/s/sthakur/xRavindra/MiniTree2017Data/CMSSW_10_4_0
DEBUG 2019-11-01 12:17:59.071 UTC: 	 Making tarball in /afs/cern.ch/work/s/sthakur/xRavindra/MiniTree2017Data/CMSSW_10_4_0/src/ExLep2017Crab/crab/CrabMC_20191101/crab_ExLepMuMuZ_M750_MC_20191101/inputs/debugFiles.tgz
DEBUG 2019-11-01 12:17:59.077 UTC: 	 Uploading archive /afs/cern.ch/work/s/sthakur/xRavindra/MiniTree2017Data/CMSSW_10_4_0/src/ExLep2017Crab/crab/CrabMC_20191101/crab_ExLepMuMuZ_M750_MC_20191101/inputs/debugFiles.tgz (2 KB) to the CRAB cache. Using URI https://cmsweb.cern.ch/crabcache
DEBUG 2019-11-01 12:17:59.152 UTC: 	 Result uploading input files: f00d1f1c91afd1382f61c1b87d71f5c2749f4965e6facf8ee19ae090e45adfb4.tar.gz 
WARNING 2019-11-01 12:17:59.152 UTC: 	 Warning: The following output files will not be published, as they are not EDM files: ['ExLepMuMuZ_M750_MC_20191101_Ntuple.root']
INFO 2019-11-01 12:17:59.152 UTC: 	 Sending the request to the server at cmsweb.cern.ch
DEBUG 2019-11-01 12:17:59.153 UTC: 	 Submitting {'maxjobruntime': 1250, 'extrajdl': [], 'ignorelocality': 0, 'savelogsflag': 0, 'useparent': 0, 'asyncdest': 'T2_IN_TIFR', 'algoargs': 10, 'cachefilename': 'f00d1f1c91afd1382f61c1b87d71f5c2749f4965e6facf8ee19ae090e45adfb4.tar.gz', 'numcores': 1, 'addoutputfiles': [], 'generator': 'pythia', 'maxmemory': 2000, 'publishdbsurl': 'https://cmsweb.cern.ch/dbs/prod/phys03/DBSWriter', 'priority': 10, 'jobsw': 'CMSSW_10_4_0', 'edmoutfiles': [], 'userfiles': [], 'primarydataset': '', 'inputdata': '/ExcitedLepton_MuMuZ-750_TuneCP5_13TeV-pythia8/RunIIFall17MiniAODv2-PU2017_12Apr2018_94X_mc2017_realistic_v14-v1/MINIAODSIM', 'lfn': '/store/user/sthakur/ntuple_for2017MC_20191101/MC_20191101/ExLepMuMuZ_M750_MC_20191101', 'dryrun': 0, 'workflow': 'crab_ExLepMuMuZ_M750_MC_20191101', 'cacheurl': u'https://cmsweb.cern.ch/crabcache', 'nonprodsw': 1, 'tfileoutfiles': ['ExLepMuMuZ_M750_MC_20191101_Ntuple.root'], 'oneEventMode': 0, 'debugfilename': '05417f8cda9f937effbb2945e1317dec88dc1db6ce26585655bd39da3432e968.tar.gz', 'saveoutput': 1, 'publication': 1, 'jobarch': 'slc7_amd64_gcc700', 'totalunits': 0, 'splitalgo': 'FileBased', 'ignoreglobalblacklist': 0, 'nonvaliddata': 1, 'dbsurl': 'https://cmsweb.cern.ch/dbs/prod/global/DBSReader', 'publishgroupname': 0, 'jobtype': 'Analysis', 'publishname2': 'ExLepMuMuZ_M750_MC_20191101'} 
DEBUG 2019-11-01 12:17:59.153 UTC: 	 Encoded submit request: maxjobruntime=1250&ignorelocality=0&savelogsflag=0&useparent=0&asyncdest=T2_IN_TIFR&algoargs=10&cachefilename=f00d1f1c91afd1382f61c1b87d71f5c2749f4965e6facf8ee19ae090e45adfb4.tar.gz&numcores=1&generator=pythia&maxmemory=2000&publishdbsurl=https%3A%2F%2Fcmsweb.cern.ch%2Fdbs%2Fprod%2Fphys03%2FDBSWriter&priority=10&jobsw=CMSSW_10_4_0&primarydataset=&inputdata=%2FExcitedLepton_MuMuZ-750_TuneCP5_13TeV-pythia8%2FRunIIFall17MiniAODv2-PU2017_12Apr2018_94X_mc2017_realistic_v14-v1%2FMINIAODSIM&lfn=%2Fstore%2Fuser%2Fsthakur%2Fntuple_for2017MC_20191101%2FMC_20191101%2FExLepMuMuZ_M750_MC_20191101&dryrun=0&workflow=crab_ExLepMuMuZ_M750_MC_20191101&cacheurl=https%3A%2F%2Fcmsweb.cern.ch%2Fcrabcache&nonprodsw=1&oneEventMode=0&debugfilename=05417f8cda9f937effbb2945e1317dec88dc1db6ce26585655bd39da3432e968.tar.gz&saveoutput=1&publication=1&jobarch=slc7_amd64_gcc700&totalunits=0&splitalgo=FileBased&ignoreglobalblacklist=0&nonvaliddata=1&dbsurl=https%3A%2F%2Fcmsweb.cern.ch%2Fdbs%2Fprod%2Fglobal%2FDBSReader&publishgroupname=0&jobtype=Analysis&publishname2=ExLepMuMuZ_M750_MC_20191101&tfileoutfiles=ExLepMuMuZ_M750_MC_20191101_Ntuple.root
DEBUG 2019-11-01 12:17:59.256 UTC: 	 Result: {u'result': [{u'RequestName': u'191101_121759:sthakur_crab_ExLepMuMuZ_M750_MC_20191101'}]}
INFO 2019-11-01 12:17:59.260 UTC: 	 Success: Your task has been delivered to the prod CRAB3 server.
INFO 2019-11-01 12:17:59.260 UTC: 	 Task name: 191101_121759:sthakur_crab_ExLepMuMuZ_M750_MC_20191101
INFO 2019-11-01 12:17:59.260 UTC: 	 Project dir: CrabMC_20191101/crab_ExLepMuMuZ_M750_MC_20191101
INFO 2019-11-01 12:17:59.260 UTC: 	 Please use 'crab status -d CrabMC_20191101/crab_ExLepMuMuZ_M750_MC_20191101' to check how the submission process proceeds.
DEBUG 2019-11-01 12:17:59.261 UTC: 	 About to return
DEBUG 2019-11-01 12:49:59.366 UTC: 	 Running on: Linux lxplus707.cern.ch 3.10.0-1062.1.2.el7.x86_64 #1 SMP Mon Sep 30 14:19:46 UTC 2019 x86_64 x86_64 x86_64 GNU/Linux
Description:	CentOS Linux release 7.7.1908 (Core) 

DEBUG 2019-11-01 12:49:59.366 UTC: 	 Executing command: 'status'
DEBUG 2019-11-01 12:49:59.367 UTC: 	 Found CRAB cache file /afs/cern.ch/user/s/sthakur/.crab3
DEBUG 2019-11-01 12:49:59.377 UTC: 	 Checking credentials
DEBUG 2019-11-01 12:49:59.378 UTC: 	 Found proxy file /tmp/x509up_u77410
DEBUG 2019-11-01 12:49:59.378 UTC: 	 Getting proxy life time left
DEBUG 2019-11-01 12:50:00.082 UTC: 	 Executing : 
 command : voms-proxy-info -file /tmp/x509up_u77410 -timeleft
 output : 40799

 error: 
 retcode : 0
DEBUG 2019-11-01 12:50:00.789 UTC: 	 Executing : 
 command : voms-proxy-info -file /tmp/x509up_u77410 -actimeleft
 output : 40798

 error: 
 retcode : 0
DEBUG 2019-11-01 12:50:00.789 UTC: 	 Proxy lifetime 40799 secs is different from voms extension lifetime 40798 secs for proxy: /tmp/x509up_u77410
DEBUG 2019-11-01 12:50:00.790 UTC: 	 Proxy valid for 11:19:58 hours
DEBUG 2019-11-01 12:50:01.013 UTC: 	 Executing : 
 command : openssl x509 -in ~/.globus/usercert.pem -subject -noout
 output : subject= /DC=ch/DC=cern/OU=Organic Units/OU=Users/CN=sthakur/CN=764789/CN=Shalini Thakur

 error: 
 retcode : 0
DEBUG 2019-11-01 12:50:01.014 UTC: 	 Checking credentials
DEBUG 2019-11-01 12:50:01.014 UTC: 	 Found proxy file /tmp/x509up_u77410
DEBUG 2019-11-01 12:50:01.014 UTC: 	 Getting proxy life time left
DEBUG 2019-11-01 12:50:01.723 UTC: 	 Executing : 
 command : voms-proxy-info -file /tmp/x509up_u77410 -timeleft
 output : 40797

 error: 
 retcode : 0
DEBUG 2019-11-01 12:50:02.436 UTC: 	 Executing : 
 command : voms-proxy-info -file /tmp/x509up_u77410 -actimeleft
 output : 40796

 error: 
 retcode : 0
DEBUG 2019-11-01 12:50:02.437 UTC: 	 Proxy lifetime 40797 secs is different from voms extension lifetime 40796 secs for proxy: /tmp/x509up_u77410
DEBUG 2019-11-01 12:50:02.437 UTC: 	 Proxy valid for 11:19:56 hours
DEBUG 2019-11-01 12:50:02.524 UTC: 	 Registering user credentials for server /DC=ch/DC=cern/OU=computers/CN=vocms(052|058|030|0118|0105|0109).cern.ch|/DC=ch/DC=cern/OU=computers/CN=crab-(preprod|prod)-tw(02|01).cern.ch
DEBUG 2019-11-01 12:50:02.637 UTC: 	 Executing : 
 command : openssl x509 -in ~/.globus/usercert.pem -subject -noout
 output : subject= /DC=ch/DC=cern/OU=Organic Units/OU=Users/CN=sthakur/CN=764789/CN=Shalini Thakur

 error: 
 retcode : 0
DEBUG 2019-11-01 12:50:02.638 UTC: 	 Getting myproxy life time left for myproxy.cern.ch
DEBUG 2019-11-01 12:50:02.638 UTC: 	 Calculating hash of /DC=ch/DC=cern/OU=Organic Units/OU=Users/CN=sthakur/CN=764789/CN=Shalini Thakur_cmsweb.cern.ch for credential name
DEBUG 2019-11-01 12:50:03.043 UTC: 	 Executing : 
 command : myproxy-info -l 9cd94953387eeee7bf4da2b7588630639ea1153b -s myproxy.cern.ch
 output : username: 9cd94953387eeee7bf4da2b7588630639ea1153b
owner: /DC=ch/DC=cern/OU=Organic Units/OU=Users/CN=sthakur/CN=764789/CN=Shalini Thakur
  renewal policy: /DC=ch/DC=cern/OU=computers/CN=vocms(052|058|030|0118|0105|0109).cern.ch|/DC=ch/DC=cern/OU=computers/CN=crab-(preprod|prod)-tw(02|01).cern.ch
  trusted retrieval policy: /DC=ch/DC=cern/OU=computers/CN=vocms(052|058|030|0118|0105|0109).cern.ch|/DC=ch/DC=cern/OU=computers/CN=crab-(preprod|prod)-tw(02|01).cern.ch
  timeleft: 557:47:58  (23.2 days)

 error: 
 retcode : 0
DEBUG 2019-11-01 12:50:03.045 UTC: 	 Myproxy is valid: 2008078
DEBUG 2019-11-01 12:50:03.045 UTC: 	 Command use: status
DEBUG 2019-11-01 12:50:03.045 UTC: 	 Options use: ['--verboseErrors', 'CrabMC_20191101/crab_ExLepMuMuZ_M750_MC_20191101']
DEBUG 2019-11-01 12:50:03.146 UTC: 	 CRABClient version: 3.3.1910.patch2
DEBUG 2019-11-01 12:50:03.146 UTC: 	 Instance is prod
DEBUG 2019-11-01 12:50:03.146 UTC: 	 Server base url is cmsweb.cern.ch
DEBUG 2019-11-01 12:50:03.146 UTC: 	 Command url /crabserver/prod/workflow
DEBUG 2019-11-01 12:50:03.236 UTC: 	 Got information from server oracle database: {u'result': [u'191101_121759:sthakur_crab_ExLepMuMuZ_M750_MC_20191101', u'None', u'None', u'SUBMITTED', u'SUBMIT', u'2019-11-01 12:17:59.249893', u'None', u'2019-11-01 12:19:07.442707', u'None', u'CMSSW_10_4_0', u'slc7_amd64_gcc700', u'/ExcitedLepton_MuMuZ-750_TuneCP5_13TeV-pythia8/RunIIFall17MiniAODv2-PU2017_12Apr2018_94X_mc2017_realistic_v14-v1/MINIAODSIM', u'T', u'0', u'[]', u'[]', u'FileBased', u"{'splitOnRun': False, 'halt_job_on_file_boundaries': False, 'files_per_job': 10, 'runs': [], 'lumis': []}", u'f00d1f1c91afd1382f61c1b87d71f5c2749f4965e6facf8ee19ae090e45adfb4.tar.gz', u'https://cmsweb.cern.ch/crabcache', u'sthakur', u'/DC=ch/DC=cern/OU=Organic Units/OU=Users/CN=sthakur/CN=764789/CN=Shalini Thakur', u'cms', u'None', u'None', u'ExLepMuMuZ_M750_MC_20191101-00000000000000000000000000000000', u'F', u'T2_IN_TIFR', u'https://cmsweb.cern.ch/dbs/prod/global/DBSReader', u'https://cmsweb.cern.ch/dbs/prod/phys03/DBSWriter', u'T', u'[]', u"['ExLepMuMuZ_M750_MC_20191101_Ntuple.root']", u'[]', u'Analysis', u'pythia', u'None', u'{}', u'[]', u'F', u'crab-prod-tw01', u'[]', u'1250', u'1', u'2000', u'10', u'None', u'[]', u'http://vocms0121.cern.ch/mon/cms251/191101_121759:sthakur_crab_ExLepMuMuZ_M750_MC_20191101', u'None', u'[]', u'[]', u'https://cmsweb.cern.ch/crabserver/prod', u'cmsgwms-collector-global.cern.ch:9620,cmssrv623.fnal.gov:9620', u'crab3@vocms0121.cern.ch', u'F', u'[]', u'T', u'/store/user/sthakur/ntuple_for2017MC_20191101/MC_20191101/ExLepMuMuZ_M750_MC_20191101', u'F', u'None', u'F', u'None', u'ExcitedLepton_MuMuZ-750_TuneCP5_13TeV-pythia8', u'None', u'05417f8cda9f937effbb2945e1317dec88dc1db6ce26585655bd39da3432e968.tar.gz', u'45910326', u'filetransfers', u'F', u'2001:1458:d00:2e::100:9b', u'0.0', u'None'], u'desc': {u'columns': [u'tm_taskname', u'tm_activity', u'panda_jobset_id', u'tm_task_status', u'tm_task_command', u'tm_start_time', u'tm_start_injection', u'tm_end_injection', u'tm_task_failure', u'tm_job_sw', u'tm_job_arch', u'tm_input_dataset', u'tm_nonvalid_input_dataset', u'tm_use_parent', u'tm_site_whitelist', u'tm_site_blacklist', u'tm_split_algo', u'tm_split_args', u'tm_user_sandbox', u'tm_cache_url', u'tm_username', u'tm_user_dn', u'tm_user_vo', u'tm_user_role', u'tm_user_group', u'tm_publish_name', u'tm_publish_groupname', u'tm_asyncdest', u'tm_dbs_url', u'tm_publish_dbs_url', u'tm_publication', u'tm_outfiles', u'tm_tfile_outfiles', u'tm_edm_outfiles', u'tm_job_type', u'tm_generator', u'tm_events_per_lumi', u'tm_arguments', u'panda_resubmitted_jobs', u'tm_save_logs', u'tw_name', u'tm_user_infiles', u'tm_maxjobruntime', u'tm_numcores', u'tm_maxmemory', u'tm_priority', u'tm_output_dataset', u'tm_task_warnings', u'tm_user_webdir', u'tm_scriptexe', u'tm_scriptargs', u'tm_extrajdl', u'tm_asourl', u'tm_collector', u'tm_schedd', u'tm_dry_run', u'tm_user_files', u'tm_transfer_outputs', u'tm_output_lfn', u'tm_ignore_locality', u'tm_fail_limit', u'tm_one_event_mode', u'tm_secondary_input_dataset', u'tm_primary_dataset', u'tm_last_publication', u'tm_debug_files', u'clusterid', u'tm_asodb', u'tm_ignore_global_blacklist', u'tm_submitter_ip_addr', u'tm_totalunits', u'tm_ddm_reqid']}}
INFO 2019-11-01 12:50:03.236 UTC: 	 CRAB project directory:		/afs/cern.ch/work/s/sthakur/xRavindra/MiniTree2017Data/CMSSW_10_4_0/src/ExLep2017Crab/crab/CrabMC_20191101/crab_ExLepMuMuZ_M750_MC_20191101
INFO 2019-11-01 12:50:03.236 UTC: 	 Task name:			191101_121759:sthakur_crab_ExLepMuMuZ_M750_MC_20191101
INFO 2019-11-01 12:50:03.237 UTC: 	 Grid scheduler - Task Worker:	crab3@vocms0121.cern.ch - crab-prod-tw01
INFO 2019-11-01 12:50:03.237 UTC: 	 Status on the CRAB server:	SUBMITTED
INFO 2019-11-01 12:50:03.237 UTC: 	 Task URL to use for HELP:	https://cmsweb.cern.ch/crabserver/ui/task/191101_121759%3Asthakur_crab_ExLepMuMuZ_M750_MC_20191101
INFO 2019-11-01 12:50:03.237 UTC: 	 Dashboard monitoring URL:	https://monit-grafana.cern.ch/d/cmsTMDetail/cms-task-monitoring-task-view?orgId=11&var-user=sthakur&var-task=191101_121759%3Asthakur_crab_ExLepMuMuZ_M750_MC_20191101
INFO 2019-11-01 12:50:03.237 UTC: 	 In case of issues with the dashboard, please provide feedback to hn-cms-computing-tools@cern.ch
DEBUG 2019-11-01 12:50:03.237 UTC: 	 The CRAB server submitted your task to the Grid scheduler (cluster ID: 45910326)
DEBUG 2019-11-01 12:50:03.237 UTC: 	 Webdir is located at http://vocms0121.cern.ch/mon/cms251/191101_121759:sthakur_crab_ExLepMuMuZ_M750_MC_20191101
DEBUG 2019-11-01 12:50:03.310 UTC: 	 Proxied webdir is located at https://cmsweb.cern.ch/scheddmon/0121/cms251/191101_121759:sthakur_crab_ExLepMuMuZ_M750_MC_20191101
DEBUG 2019-11-01 12:50:03.310 UTC: 	 Retrieving 'status_cache' file from https://cmsweb.cern.ch/scheddmon/0121/cms251/191101_121759:sthakur_crab_ExLepMuMuZ_M750_MC_20191101/status_cache
DEBUG 2019-11-01 12:50:03.359 UTC: 	 Got information from status cache file: {'1': {'Retries': 0, 'WallDurations': [10.0, 910.0], 'StartTimes': [1572610912.0], 'SubmitTimes': [1572610762.0], 'JobIds': ['45910331.0'], 'EndTimes': [], 'Restarts': 0, 'RecordedSite': True, 'State': 'running', 'ResidentSetSize': [793104], 'TotalUserCpuTimeHistory': [277.0], 'SiteHistory': ['Unknown', 'T2_US_Vanderbilt'], 'TotalSysCpuTimeHistory': [13.0]}, '2': {'Retries': 0, 'WallDurations': [76.0, 213.89673805236816], 'StartTimes': [1572610909.0], 'SubmitTimes': [1572610762.0], 'JobIds': ['45910333.0'], 'EndTimes': [1572610985.0], 'Restarts': 0, 'RecordedSite': True, 'State': 'transferring', 'ResidentSetSize': [2800], 'TotalUserCpuTimeHistory': [30], 'SiteHistory': ['Unknown', 'T2_US_MIT'], 'TotalSysCpuTimeHistory': [2]}}
INFO 2019-11-01 12:50:03.359 UTC: 	 Status on the scheduler:	SUBMITTED
INFO 2019-11-01 12:50:03.359 UTC: 	 
Jobs status:                    running      		 50.0% (1/2)
INFO 2019-11-01 12:50:03.359 UTC: 	 				transferring 		 50.0% (1/2)
INFO 2019-11-01 12:50:03.359 UTC: 	 
No publication information available yet
INFO 2019-11-01 12:50:03.360 UTC: 	 
Warning: the max jobs runtime is less than 30% of the task requested value (1250 min), please consider to request a lower value for failed jobs (allowed through crab resubmit) and/or improve the jobs splitting (e.g. config.Data.splitting = 'Automatic') in a new task.
INFO 2019-11-01 12:50:03.360 UTC: 	 
Warning: the average jobs CPU efficiency is less than 50%, please consider to improve the jobs splitting (e.g. config.Data.splitting = 'Automatic') in a new task
INFO 2019-11-01 12:50:03.360 UTC: 	 
Summary of run jobs:
 * Memory: 2MB min, 2MB max, 3MB ave
 * Runtime: 0:03:33 min, 0:03:33 max, 0:03:33 ave
 * CPU eff: 15% min, 15% max, 15% ave
 * Waste: 0:01:16 (26% of total)

INFO 2019-11-01 12:50:03.372 UTC: 	 Log file is /afs/cern.ch/work/s/sthakur/xRavindra/MiniTree2017Data/CMSSW_10_4_0/src/ExLep2017Crab/crab/CrabMC_20191101/crab_ExLepMuMuZ_M750_MC_20191101/crab.log
DEBUG 2019-11-01 16:57:27.009 UTC: 	 Running on: Linux lxplus721.cern.ch 3.10.0-1062.1.2.el7.x86_64 #1 SMP Mon Sep 30 14:19:46 UTC 2019 x86_64 x86_64 x86_64 GNU/Linux
Description:	CentOS Linux release 7.7.1908 (Core) 

DEBUG 2019-11-01 16:57:27.009 UTC: 	 Executing command: 'status'
DEBUG 2019-11-01 16:57:27.010 UTC: 	 Found CRAB cache file /afs/cern.ch/user/s/sthakur/.crab3
DEBUG 2019-11-01 16:57:27.036 UTC: 	 Checking credentials
DEBUG 2019-11-01 16:57:27.036 UTC: 	 Found proxy file /tmp/x509up_u77410
DEBUG 2019-11-01 16:57:27.036 UTC: 	 Getting proxy life time left
DEBUG 2019-11-01 16:57:27.848 UTC: 	 Executing : 
 command : voms-proxy-info -file /tmp/x509up_u77410 -timeleft
 output : 42981

 error: 
 retcode : 0
DEBUG 2019-11-01 16:57:28.761 UTC: 	 Executing : 
 command : voms-proxy-info -file /tmp/x509up_u77410 -actimeleft
 output : 42980

 error: 
 retcode : 0
DEBUG 2019-11-01 16:57:28.761 UTC: 	 Proxy lifetime 42981 secs is different from voms extension lifetime 42980 secs for proxy: /tmp/x509up_u77410
DEBUG 2019-11-01 16:57:28.761 UTC: 	 Proxy valid for 11:56:20 hours
DEBUG 2019-11-01 16:57:28.974 UTC: 	 Executing : 
 command : openssl x509 -in ~/.globus/usercert.pem -subject -noout
 output : subject= /DC=ch/DC=cern/OU=Organic Units/OU=Users/CN=sthakur/CN=764789/CN=Shalini Thakur

 error: 
 retcode : 0
DEBUG 2019-11-01 16:57:28.974 UTC: 	 Checking credentials
DEBUG 2019-11-01 16:57:28.974 UTC: 	 Found proxy file /tmp/x509up_u77410
DEBUG 2019-11-01 16:57:28.974 UTC: 	 Getting proxy life time left
DEBUG 2019-11-01 16:57:29.884 UTC: 	 Executing : 
 command : voms-proxy-info -file /tmp/x509up_u77410 -timeleft
 output : 42979

 error: 
 retcode : 0
DEBUG 2019-11-01 16:57:30.593 UTC: 	 Executing : 
 command : voms-proxy-info -file /tmp/x509up_u77410 -actimeleft
 output : 42978

 error: 
 retcode : 0
DEBUG 2019-11-01 16:57:30.593 UTC: 	 Proxy lifetime 42979 secs is different from voms extension lifetime 42978 secs for proxy: /tmp/x509up_u77410
DEBUG 2019-11-01 16:57:30.593 UTC: 	 Proxy valid for 11:56:18 hours
DEBUG 2019-11-01 16:57:30.680 UTC: 	 Registering user credentials for server /DC=ch/DC=cern/OU=computers/CN=vocms(052|058|030|0118|0105|0109).cern.ch|/DC=ch/DC=cern/OU=computers/CN=crab-(preprod|prod)-tw(02|01).cern.ch
DEBUG 2019-11-01 16:57:30.791 UTC: 	 Executing : 
 command : openssl x509 -in ~/.globus/usercert.pem -subject -noout
 output : subject= /DC=ch/DC=cern/OU=Organic Units/OU=Users/CN=sthakur/CN=764789/CN=Shalini Thakur

 error: 
 retcode : 0
DEBUG 2019-11-01 16:57:30.791 UTC: 	 Getting myproxy life time left for myproxy.cern.ch
DEBUG 2019-11-01 16:57:30.791 UTC: 	 Calculating hash of /DC=ch/DC=cern/OU=Organic Units/OU=Users/CN=sthakur/CN=764789/CN=Shalini Thakur_cmsweb.cern.ch for credential name
DEBUG 2019-11-01 16:57:31.397 UTC: 	 Executing : 
 command : myproxy-info -l 9cd94953387eeee7bf4da2b7588630639ea1153b -s myproxy.cern.ch
 output : username: 9cd94953387eeee7bf4da2b7588630639ea1153b
owner: /DC=ch/DC=cern/OU=Organic Units/OU=Users/CN=sthakur/CN=764789/CN=Shalini Thakur
  renewal policy: /DC=ch/DC=cern/OU=computers/CN=vocms(052|058|030|0118|0105|0109).cern.ch|/DC=ch/DC=cern/OU=computers/CN=crab-(preprod|prod)-tw(02|01).cern.ch
  trusted retrieval policy: /DC=ch/DC=cern/OU=computers/CN=vocms(052|058|030|0118|0105|0109).cern.ch|/DC=ch/DC=cern/OU=computers/CN=crab-(preprod|prod)-tw(02|01).cern.ch
  timeleft: 553:40:29  (23.1 days)

 error: 
 retcode : 0
DEBUG 2019-11-01 16:57:31.398 UTC: 	 Myproxy is valid: 1993229
DEBUG 2019-11-01 16:57:31.399 UTC: 	 Command use: status
DEBUG 2019-11-01 16:57:31.399 UTC: 	 Options use: ['--verboseErrors', 'CrabMC_20191101/crab_ExLepMuMuZ_M750_MC_20191101']
DEBUG 2019-11-01 16:57:31.505 UTC: 	 CRABClient version: 3.3.1910.patch2
DEBUG 2019-11-01 16:57:31.505 UTC: 	 Instance is prod
DEBUG 2019-11-01 16:57:31.505 UTC: 	 Server base url is cmsweb.cern.ch
DEBUG 2019-11-01 16:57:31.505 UTC: 	 Command url /crabserver/prod/workflow
DEBUG 2019-11-01 16:57:31.588 UTC: 	 Got information from server oracle database: {u'result': [u'191101_121759:sthakur_crab_ExLepMuMuZ_M750_MC_20191101', u'None', u'None', u'SUBMITTED', u'SUBMIT', u'2019-11-01 12:17:59.249893', u'None', u'2019-11-01 12:19:07.442707', u'None', u'CMSSW_10_4_0', u'slc7_amd64_gcc700', u'/ExcitedLepton_MuMuZ-750_TuneCP5_13TeV-pythia8/RunIIFall17MiniAODv2-PU2017_12Apr2018_94X_mc2017_realistic_v14-v1/MINIAODSIM', u'T', u'0', u'[]', u'[]', u'FileBased', u"{'splitOnRun': False, 'halt_job_on_file_boundaries': False, 'files_per_job': 10, 'runs': [], 'lumis': []}", u'f00d1f1c91afd1382f61c1b87d71f5c2749f4965e6facf8ee19ae090e45adfb4.tar.gz', u'https://cmsweb.cern.ch/crabcache', u'sthakur', u'/DC=ch/DC=cern/OU=Organic Units/OU=Users/CN=sthakur/CN=764789/CN=Shalini Thakur', u'cms', u'None', u'None', u'ExLepMuMuZ_M750_MC_20191101-00000000000000000000000000000000', u'F', u'T2_IN_TIFR', u'https://cmsweb.cern.ch/dbs/prod/global/DBSReader', u'https://cmsweb.cern.ch/dbs/prod/phys03/DBSWriter', u'T', u'[]', u"['ExLepMuMuZ_M750_MC_20191101_Ntuple.root']", u'[]', u'Analysis', u'pythia', u'None', u'{}', u'[]', u'F', u'crab-prod-tw01', u'[]', u'1250', u'1', u'2000', u'10', u'None', u'[]', u'http://vocms0121.cern.ch/mon/cms251/191101_121759:sthakur_crab_ExLepMuMuZ_M750_MC_20191101', u'None', u'[]', u'[]', u'https://cmsweb.cern.ch/crabserver/prod', u'cmsgwms-collector-global.cern.ch:9620,cmssrv623.fnal.gov:9620', u'crab3@vocms0121.cern.ch', u'F', u'[]', u'T', u'/store/user/sthakur/ntuple_for2017MC_20191101/MC_20191101/ExLepMuMuZ_M750_MC_20191101', u'F', u'None', u'F', u'None', u'ExcitedLepton_MuMuZ-750_TuneCP5_13TeV-pythia8', u'None', u'05417f8cda9f937effbb2945e1317dec88dc1db6ce26585655bd39da3432e968.tar.gz', u'45910326', u'filetransfers', u'F', u'2001:1458:d00:2e::100:9b', u'0.0', u'None'], u'desc': {u'columns': [u'tm_taskname', u'tm_activity', u'panda_jobset_id', u'tm_task_status', u'tm_task_command', u'tm_start_time', u'tm_start_injection', u'tm_end_injection', u'tm_task_failure', u'tm_job_sw', u'tm_job_arch', u'tm_input_dataset', u'tm_nonvalid_input_dataset', u'tm_use_parent', u'tm_site_whitelist', u'tm_site_blacklist', u'tm_split_algo', u'tm_split_args', u'tm_user_sandbox', u'tm_cache_url', u'tm_username', u'tm_user_dn', u'tm_user_vo', u'tm_user_role', u'tm_user_group', u'tm_publish_name', u'tm_publish_groupname', u'tm_asyncdest', u'tm_dbs_url', u'tm_publish_dbs_url', u'tm_publication', u'tm_outfiles', u'tm_tfile_outfiles', u'tm_edm_outfiles', u'tm_job_type', u'tm_generator', u'tm_events_per_lumi', u'tm_arguments', u'panda_resubmitted_jobs', u'tm_save_logs', u'tw_name', u'tm_user_infiles', u'tm_maxjobruntime', u'tm_numcores', u'tm_maxmemory', u'tm_priority', u'tm_output_dataset', u'tm_task_warnings', u'tm_user_webdir', u'tm_scriptexe', u'tm_scriptargs', u'tm_extrajdl', u'tm_asourl', u'tm_collector', u'tm_schedd', u'tm_dry_run', u'tm_user_files', u'tm_transfer_outputs', u'tm_output_lfn', u'tm_ignore_locality', u'tm_fail_limit', u'tm_one_event_mode', u'tm_secondary_input_dataset', u'tm_primary_dataset', u'tm_last_publication', u'tm_debug_files', u'clusterid', u'tm_asodb', u'tm_ignore_global_blacklist', u'tm_submitter_ip_addr', u'tm_totalunits', u'tm_ddm_reqid']}}
INFO 2019-11-01 16:57:31.588 UTC: 	 CRAB project directory:		/afs/cern.ch/work/s/sthakur/xRavindra/MiniTree2017Data/CMSSW_10_4_0/src/ExLep2017Crab/crab/CrabMC_20191101/crab_ExLepMuMuZ_M750_MC_20191101
INFO 2019-11-01 16:57:31.589 UTC: 	 Task name:			191101_121759:sthakur_crab_ExLepMuMuZ_M750_MC_20191101
INFO 2019-11-01 16:57:31.589 UTC: 	 Grid scheduler - Task Worker:	crab3@vocms0121.cern.ch - crab-prod-tw01
INFO 2019-11-01 16:57:31.589 UTC: 	 Status on the CRAB server:	SUBMITTED
INFO 2019-11-01 16:57:31.589 UTC: 	 Task URL to use for HELP:	https://cmsweb.cern.ch/crabserver/ui/task/191101_121759%3Asthakur_crab_ExLepMuMuZ_M750_MC_20191101
INFO 2019-11-01 16:57:31.589 UTC: 	 Dashboard monitoring URL:	https://monit-grafana.cern.ch/d/cmsTMDetail/cms-task-monitoring-task-view?orgId=11&var-user=sthakur&var-task=191101_121759%3Asthakur_crab_ExLepMuMuZ_M750_MC_20191101
INFO 2019-11-01 16:57:31.589 UTC: 	 In case of issues with the dashboard, please provide feedback to hn-cms-computing-tools@cern.ch
DEBUG 2019-11-01 16:57:31.589 UTC: 	 The CRAB server submitted your task to the Grid scheduler (cluster ID: 45910326)
DEBUG 2019-11-01 16:57:31.589 UTC: 	 Webdir is located at http://vocms0121.cern.ch/mon/cms251/191101_121759:sthakur_crab_ExLepMuMuZ_M750_MC_20191101
DEBUG 2019-11-01 16:57:31.672 UTC: 	 Proxied webdir is located at https://cmsweb.cern.ch/scheddmon/0121/cms251/191101_121759:sthakur_crab_ExLepMuMuZ_M750_MC_20191101
DEBUG 2019-11-01 16:57:31.674 UTC: 	 Retrieving 'status_cache' file from https://cmsweb.cern.ch/scheddmon/0121/cms251/191101_121759:sthakur_crab_ExLepMuMuZ_M750_MC_20191101/status_cache
DEBUG 2019-11-01 16:57:31.720 UTC: 	 Got information from status cache file: {'1': {'Retries': 0, 'WallDurations': [10.0, 4744.0], 'StartTimes': [1572610912.0], 'SubmitTimes': [1572610762.0], 'JobIds': ['45910331.0'], 'EndTimes': [1572615656.0], 'Restarts': 0, 'RecordedSite': True, 'State': 'finished', 'ResidentSetSize': [808316], 'TotalUserCpuTimeHistory': [1879], 'SiteHistory': ['Unknown', 'T2_US_Vanderbilt'], 'TotalSysCpuTimeHistory': [77]}, '2': {'Retries': 0, 'WallDurations': [76.0, 213.89673805236816], 'StartTimes': [1572610909.0], 'SubmitTimes': [1572610762.0], 'JobIds': ['45910333.0'], 'EndTimes': [1572610985.0], 'Restarts': 0, 'RecordedSite': True, 'State': 'finished', 'ResidentSetSize': [2800], 'TotalUserCpuTimeHistory': [30], 'SiteHistory': ['Unknown', 'T2_US_MIT'], 'TotalSysCpuTimeHistory': [2]}}
INFO 2019-11-01 16:57:31.721 UTC: 	 Status on the scheduler:	COMPLETED
INFO 2019-11-01 16:57:31.721 UTC: 	 
Jobs status:                    finished     		100.0% (2/2)
INFO 2019-11-01 16:57:31.822 UTC: 	 
No publication information available yet
INFO 2019-11-01 16:57:31.822 UTC: 	 
Warning: the max jobs runtime is less than 30% of the task requested value (1250 min), please consider to request a lower value for failed jobs (allowed through crab resubmit) and/or improve the jobs splitting (e.g. config.Data.splitting = 'Automatic') in a new task.
INFO 2019-11-01 16:57:31.822 UTC: 	 
Warning: the average jobs CPU efficiency is less than 50%, please consider to improve the jobs splitting (e.g. config.Data.splitting = 'Automatic') in a new task
INFO 2019-11-01 16:57:31.822 UTC: 	 
Summary of run jobs:
 * Memory: 2MB min, 789MB max, 396MB ave
 * Runtime: 0:03:33 min, 1:19:04 max, 0:41:18 ave
 * CPU eff: 15% min, 41% max, 40% ave
 * Waste: 0:01:26 (2% of total)

INFO 2019-11-01 16:57:31.853 UTC: 	 Log file is /afs/cern.ch/work/s/sthakur/xRavindra/MiniTree2017Data/CMSSW_10_4_0/src/ExLep2017Crab/crab/CrabMC_20191101/crab_ExLepMuMuZ_M750_MC_20191101/crab.log
DEBUG 2019-11-03 17:57:04.699 UTC: 	 Running on: Linux lxplus737.cern.ch 3.10.0-1062.1.2.el7.x86_64 #1 SMP Mon Sep 30 14:19:46 UTC 2019 x86_64 x86_64 x86_64 GNU/Linux
Description:	CentOS Linux release 7.7.1908 (Core) 

DEBUG 2019-11-03 17:57:04.700 UTC: 	 Executing command: 'status'
DEBUG 2019-11-03 17:57:04.700 UTC: 	 Found CRAB cache file /afs/cern.ch/user/s/sthakur/.crab3
DEBUG 2019-11-03 17:57:04.748 UTC: 	 Checking credentials
DEBUG 2019-11-03 17:57:04.749 UTC: 	 Found proxy file /tmp/x509up_u77410
DEBUG 2019-11-03 17:57:04.749 UTC: 	 Getting proxy life time left
DEBUG 2019-11-03 17:57:05.455 UTC: 	 Executing : 
 command : voms-proxy-info -file /tmp/x509up_u77410 -timeleft
 output : 42981

 error: 
 retcode : 0
DEBUG 2019-11-03 17:57:06.162 UTC: 	 Executing : 
 command : voms-proxy-info -file /tmp/x509up_u77410 -actimeleft
 output : 42980

 error: 
 retcode : 0
DEBUG 2019-11-03 17:57:06.163 UTC: 	 Proxy lifetime 42981 secs is different from voms extension lifetime 42980 secs for proxy: /tmp/x509up_u77410
DEBUG 2019-11-03 17:57:06.163 UTC: 	 Proxy valid for 11:56:20 hours
DEBUG 2019-11-03 17:57:06.278 UTC: 	 Executing : 
 command : openssl x509 -in ~/.globus/usercert.pem -subject -noout
 output : subject= /DC=ch/DC=cern/OU=Organic Units/OU=Users/CN=sthakur/CN=764789/CN=Shalini Thakur

 error: 
 retcode : 0
DEBUG 2019-11-03 17:57:06.279 UTC: 	 Checking credentials
DEBUG 2019-11-03 17:57:06.279 UTC: 	 Found proxy file /tmp/x509up_u77410
DEBUG 2019-11-03 17:57:06.279 UTC: 	 Getting proxy life time left
DEBUG 2019-11-03 17:57:06.985 UTC: 	 Executing : 
 command : voms-proxy-info -file /tmp/x509up_u77410 -timeleft
 output : 42980

 error: 
 retcode : 0
DEBUG 2019-11-03 17:57:07.693 UTC: 	 Executing : 
 command : voms-proxy-info -file /tmp/x509up_u77410 -actimeleft
 output : 42979

 error: 
 retcode : 0
DEBUG 2019-11-03 17:57:07.694 UTC: 	 Proxy lifetime 42980 secs is different from voms extension lifetime 42979 secs for proxy: /tmp/x509up_u77410
DEBUG 2019-11-03 17:57:07.694 UTC: 	 Proxy valid for 11:56:19 hours
DEBUG 2019-11-03 17:57:07.790 UTC: 	 Registering user credentials for server /DC=ch/DC=cern/OU=computers/CN=vocms(052|058|030|0118|0105|0109).cern.ch|/DC=ch/DC=cern/OU=computers/CN=crab-(preprod|prod)-tw(02|01).cern.ch
DEBUG 2019-11-03 17:57:07.903 UTC: 	 Executing : 
 command : openssl x509 -in ~/.globus/usercert.pem -subject -noout
 output : subject= /DC=ch/DC=cern/OU=Organic Units/OU=Users/CN=sthakur/CN=764789/CN=Shalini Thakur

 error: 
 retcode : 0
DEBUG 2019-11-03 17:57:07.903 UTC: 	 Getting myproxy life time left for myproxy.cern.ch
DEBUG 2019-11-03 17:57:07.903 UTC: 	 Calculating hash of /DC=ch/DC=cern/OU=Organic Units/OU=Users/CN=sthakur/CN=764789/CN=Shalini Thakur_cmsweb.cern.ch for credential name
DEBUG 2019-11-03 17:57:08.309 UTC: 	 Executing : 
 command : myproxy-info -l 9cd94953387eeee7bf4da2b7588630639ea1153b -s myproxy.cern.ch
 output : username: 9cd94953387eeee7bf4da2b7588630639ea1153b
owner: /DC=ch/DC=cern/OU=Organic Units/OU=Users/CN=sthakur/CN=764789/CN=Shalini Thakur
  renewal policy: /DC=ch/DC=cern/OU=computers/CN=vocms(052|058|030|0118|0105|0109).cern.ch|/DC=ch/DC=cern/OU=computers/CN=crab-(preprod|prod)-tw(02|01).cern.ch
  trusted retrieval policy: /DC=ch/DC=cern/OU=computers/CN=vocms(052|058|030|0118|0105|0109).cern.ch|/DC=ch/DC=cern/OU=computers/CN=crab-(preprod|prod)-tw(02|01).cern.ch
  timeleft: 504:40:52  (21.0 days)

 error: 
 retcode : 0
DEBUG 2019-11-03 17:57:08.310 UTC: 	 Myproxy is valid: 1816852
DEBUG 2019-11-03 17:57:08.311 UTC: 	 Command use: status
DEBUG 2019-11-03 17:57:08.311 UTC: 	 Options use: ['--verboseErrors', 'CrabMC_20191101/crab_ExLepMuMuZ_M750_MC_20191101']
DEBUG 2019-11-03 17:57:08.384 UTC: 	 CRABClient version: 3.3.1910.patch2
DEBUG 2019-11-03 17:57:08.384 UTC: 	 Instance is prod
DEBUG 2019-11-03 17:57:08.384 UTC: 	 Server base url is cmsweb.cern.ch
DEBUG 2019-11-03 17:57:08.384 UTC: 	 Command url /crabserver/prod/workflow
DEBUG 2019-11-03 17:57:08.459 UTC: 	 Got information from server oracle database: {u'result': [u'191101_121759:sthakur_crab_ExLepMuMuZ_M750_MC_20191101', u'None', u'None', u'SUBMITTED', u'SUBMIT', u'2019-11-01 12:17:59.249893', u'None', u'2019-11-01 12:19:07.442707', u'None', u'CMSSW_10_4_0', u'slc7_amd64_gcc700', u'/ExcitedLepton_MuMuZ-750_TuneCP5_13TeV-pythia8/RunIIFall17MiniAODv2-PU2017_12Apr2018_94X_mc2017_realistic_v14-v1/MINIAODSIM', u'T', u'0', u'[]', u'[]', u'FileBased', u"{'splitOnRun': False, 'halt_job_on_file_boundaries': False, 'files_per_job': 10, 'runs': [], 'lumis': []}", u'f00d1f1c91afd1382f61c1b87d71f5c2749f4965e6facf8ee19ae090e45adfb4.tar.gz', u'https://cmsweb.cern.ch/crabcache', u'sthakur', u'/DC=ch/DC=cern/OU=Organic Units/OU=Users/CN=sthakur/CN=764789/CN=Shalini Thakur', u'cms', u'None', u'None', u'ExLepMuMuZ_M750_MC_20191101-00000000000000000000000000000000', u'F', u'T2_IN_TIFR', u'https://cmsweb.cern.ch/dbs/prod/global/DBSReader', u'https://cmsweb.cern.ch/dbs/prod/phys03/DBSWriter', u'T', u'[]', u"['ExLepMuMuZ_M750_MC_20191101_Ntuple.root']", u'[]', u'Analysis', u'pythia', u'None', u'{}', u'[]', u'F', u'crab-prod-tw01', u'[]', u'1250', u'1', u'2000', u'10', u'None', u'[]', u'http://vocms0121.cern.ch/mon/cms251/191101_121759:sthakur_crab_ExLepMuMuZ_M750_MC_20191101', u'None', u'[]', u'[]', u'https://cmsweb.cern.ch/crabserver/prod', u'cmsgwms-collector-global.cern.ch:9620,cmssrv623.fnal.gov:9620', u'crab3@vocms0121.cern.ch', u'F', u'[]', u'T', u'/store/user/sthakur/ntuple_for2017MC_20191101/MC_20191101/ExLepMuMuZ_M750_MC_20191101', u'F', u'None', u'F', u'None', u'ExcitedLepton_MuMuZ-750_TuneCP5_13TeV-pythia8', u'None', u'05417f8cda9f937effbb2945e1317dec88dc1db6ce26585655bd39da3432e968.tar.gz', u'45910326', u'filetransfers', u'F', u'2001:1458:d00:2e::100:9b', u'0.0', u'None'], u'desc': {u'columns': [u'tm_taskname', u'tm_activity', u'panda_jobset_id', u'tm_task_status', u'tm_task_command', u'tm_start_time', u'tm_start_injection', u'tm_end_injection', u'tm_task_failure', u'tm_job_sw', u'tm_job_arch', u'tm_input_dataset', u'tm_nonvalid_input_dataset', u'tm_use_parent', u'tm_site_whitelist', u'tm_site_blacklist', u'tm_split_algo', u'tm_split_args', u'tm_user_sandbox', u'tm_cache_url', u'tm_username', u'tm_user_dn', u'tm_user_vo', u'tm_user_role', u'tm_user_group', u'tm_publish_name', u'tm_publish_groupname', u'tm_asyncdest', u'tm_dbs_url', u'tm_publish_dbs_url', u'tm_publication', u'tm_outfiles', u'tm_tfile_outfiles', u'tm_edm_outfiles', u'tm_job_type', u'tm_generator', u'tm_events_per_lumi', u'tm_arguments', u'panda_resubmitted_jobs', u'tm_save_logs', u'tw_name', u'tm_user_infiles', u'tm_maxjobruntime', u'tm_numcores', u'tm_maxmemory', u'tm_priority', u'tm_output_dataset', u'tm_task_warnings', u'tm_user_webdir', u'tm_scriptexe', u'tm_scriptargs', u'tm_extrajdl', u'tm_asourl', u'tm_collector', u'tm_schedd', u'tm_dry_run', u'tm_user_files', u'tm_transfer_outputs', u'tm_output_lfn', u'tm_ignore_locality', u'tm_fail_limit', u'tm_one_event_mode', u'tm_secondary_input_dataset', u'tm_primary_dataset', u'tm_last_publication', u'tm_debug_files', u'clusterid', u'tm_asodb', u'tm_ignore_global_blacklist', u'tm_submitter_ip_addr', u'tm_totalunits', u'tm_ddm_reqid']}}
INFO 2019-11-03 17:57:08.460 UTC: 	 CRAB project directory:		/afs/cern.ch/work/s/sthakur/xRavindra/MiniTree2017Data/CMSSW_10_4_0/src/ExLep2017Crab/crab/CrabMC_20191101/crab_ExLepMuMuZ_M750_MC_20191101
INFO 2019-11-03 17:57:08.460 UTC: 	 Task name:			191101_121759:sthakur_crab_ExLepMuMuZ_M750_MC_20191101
INFO 2019-11-03 17:57:08.460 UTC: 	 Grid scheduler - Task Worker:	crab3@vocms0121.cern.ch - crab-prod-tw01
INFO 2019-11-03 17:57:08.460 UTC: 	 Status on the CRAB server:	SUBMITTED
INFO 2019-11-03 17:57:08.460 UTC: 	 Task URL to use for HELP:	https://cmsweb.cern.ch/crabserver/ui/task/191101_121759%3Asthakur_crab_ExLepMuMuZ_M750_MC_20191101
INFO 2019-11-03 17:57:08.460 UTC: 	 Dashboard monitoring URL:	https://monit-grafana.cern.ch/d/cmsTMDetail/cms-task-monitoring-task-view?orgId=11&var-user=sthakur&var-task=191101_121759%3Asthakur_crab_ExLepMuMuZ_M750_MC_20191101
INFO 2019-11-03 17:57:08.460 UTC: 	 In case of issues with the dashboard, please provide feedback to hn-cms-computing-tools@cern.ch
DEBUG 2019-11-03 17:57:08.460 UTC: 	 The CRAB server submitted your task to the Grid scheduler (cluster ID: 45910326)
DEBUG 2019-11-03 17:57:08.460 UTC: 	 Webdir is located at http://vocms0121.cern.ch/mon/cms251/191101_121759:sthakur_crab_ExLepMuMuZ_M750_MC_20191101
DEBUG 2019-11-03 17:57:08.544 UTC: 	 Proxied webdir is located at https://cmsweb.cern.ch/scheddmon/0121/cms251/191101_121759:sthakur_crab_ExLepMuMuZ_M750_MC_20191101
DEBUG 2019-11-03 17:57:08.544 UTC: 	 Retrieving 'status_cache' file from https://cmsweb.cern.ch/scheddmon/0121/cms251/191101_121759:sthakur_crab_ExLepMuMuZ_M750_MC_20191101/status_cache
DEBUG 2019-11-03 17:57:08.813 UTC: 	 Got information from status cache file: {'1': {'Retries': 0, 'WallDurations': [10.0, 4744.0], 'StartTimes': [1572610912.0], 'SubmitTimes': [1572610762.0], 'JobIds': ['45910331.0'], 'EndTimes': [1572615656.0], 'Restarts': 0, 'RecordedSite': True, 'State': 'finished', 'ResidentSetSize': [808316], 'TotalUserCpuTimeHistory': [1879], 'SiteHistory': ['Unknown', 'T2_US_Vanderbilt'], 'TotalSysCpuTimeHistory': [77]}, '2': {'Retries': 0, 'WallDurations': [76.0, 213.89673805236816], 'StartTimes': [1572610909.0], 'SubmitTimes': [1572610762.0], 'JobIds': ['45910333.0'], 'EndTimes': [1572610985.0], 'Restarts': 0, 'RecordedSite': True, 'State': 'finished', 'ResidentSetSize': [2800], 'TotalUserCpuTimeHistory': [30], 'SiteHistory': ['Unknown', 'T2_US_MIT'], 'TotalSysCpuTimeHistory': [2]}}
INFO 2019-11-03 17:57:08.813 UTC: 	 Status on the scheduler:	COMPLETED
INFO 2019-11-03 17:57:08.813 UTC: 	 
Jobs status:                    finished     		100.0% (2/2)
INFO 2019-11-03 17:57:08.883 UTC: 	 
No publication information available yet
INFO 2019-11-03 17:57:08.884 UTC: 	 
Warning: the max jobs runtime is less than 30% of the task requested value (1250 min), please consider to request a lower value for failed jobs (allowed through crab resubmit) and/or improve the jobs splitting (e.g. config.Data.splitting = 'Automatic') in a new task.
INFO 2019-11-03 17:57:08.884 UTC: 	 
Warning: the average jobs CPU efficiency is less than 50%, please consider to improve the jobs splitting (e.g. config.Data.splitting = 'Automatic') in a new task
INFO 2019-11-03 17:57:08.884 UTC: 	 
Summary of run jobs:
 * Memory: 2MB min, 789MB max, 396MB ave
 * Runtime: 0:03:33 min, 1:19:04 max, 0:41:18 ave
 * CPU eff: 15% min, 41% max, 40% ave
 * Waste: 0:01:26 (2% of total)

INFO 2019-11-03 17:57:08.913 UTC: 	 Log file is /afs/cern.ch/work/s/sthakur/xRavindra/MiniTree2017Data/CMSSW_10_4_0/src/ExLep2017Crab/crab/CrabMC_20191101/crab_ExLepMuMuZ_M750_MC_20191101/crab.log
DEBUG 2019-11-03 18:03:19.159 UTC: 	 Running on: Linux lxplus737.cern.ch 3.10.0-1062.1.2.el7.x86_64 #1 SMP Mon Sep 30 14:19:46 UTC 2019 x86_64 x86_64 x86_64 GNU/Linux
Description:	CentOS Linux release 7.7.1908 (Core) 

DEBUG 2019-11-03 18:03:19.159 UTC: 	 Executing command: 'resubmit'
DEBUG 2019-11-03 18:03:19.160 UTC: 	 Found CRAB cache file /afs/cern.ch/user/s/sthakur/.crab3
DEBUG 2019-11-03 18:03:19.168 UTC: 	 Checking credentials
DEBUG 2019-11-03 18:03:19.168 UTC: 	 Found proxy file /tmp/x509up_u77410
DEBUG 2019-11-03 18:03:19.169 UTC: 	 Getting proxy life time left
DEBUG 2019-11-03 18:03:19.878 UTC: 	 Executing : 
 command : voms-proxy-info -file /tmp/x509up_u77410 -timeleft
 output : 42607

 error: 
 retcode : 0
DEBUG 2019-11-03 18:03:20.585 UTC: 	 Executing : 
 command : voms-proxy-info -file /tmp/x509up_u77410 -actimeleft
 output : 42606

 error: 
 retcode : 0
DEBUG 2019-11-03 18:03:20.586 UTC: 	 Proxy lifetime 42607 secs is different from voms extension lifetime 42606 secs for proxy: /tmp/x509up_u77410
DEBUG 2019-11-03 18:03:20.586 UTC: 	 Proxy valid for 11:50:06 hours
DEBUG 2019-11-03 18:03:20.701 UTC: 	 Executing : 
 command : openssl x509 -in ~/.globus/usercert.pem -subject -noout
 output : subject= /DC=ch/DC=cern/OU=Organic Units/OU=Users/CN=sthakur/CN=764789/CN=Shalini Thakur

 error: 
 retcode : 0
DEBUG 2019-11-03 18:03:20.701 UTC: 	 Checking credentials
DEBUG 2019-11-03 18:03:20.701 UTC: 	 Found proxy file /tmp/x509up_u77410
DEBUG 2019-11-03 18:03:20.701 UTC: 	 Getting proxy life time left
DEBUG 2019-11-03 18:03:21.408 UTC: 	 Executing : 
 command : voms-proxy-info -file /tmp/x509up_u77410 -timeleft
 output : 42605

 error: 
 retcode : 0
DEBUG 2019-11-03 18:03:22.117 UTC: 	 Executing : 
 command : voms-proxy-info -file /tmp/x509up_u77410 -actimeleft
 output : 42604

 error: 
 retcode : 0
DEBUG 2019-11-03 18:03:22.117 UTC: 	 Proxy lifetime 42605 secs is different from voms extension lifetime 42604 secs for proxy: /tmp/x509up_u77410
DEBUG 2019-11-03 18:03:22.117 UTC: 	 Proxy valid for 11:50:04 hours
DEBUG 2019-11-03 18:03:22.206 UTC: 	 Registering user credentials for server /DC=ch/DC=cern/OU=computers/CN=vocms(052|058|030|0118|0105|0109).cern.ch|/DC=ch/DC=cern/OU=computers/CN=crab-(preprod|prod)-tw(02|01).cern.ch
DEBUG 2019-11-03 18:03:22.317 UTC: 	 Executing : 
 command : openssl x509 -in ~/.globus/usercert.pem -subject -noout
 output : subject= /DC=ch/DC=cern/OU=Organic Units/OU=Users/CN=sthakur/CN=764789/CN=Shalini Thakur

 error: 
 retcode : 0
DEBUG 2019-11-03 18:03:22.318 UTC: 	 Getting myproxy life time left for myproxy.cern.ch
DEBUG 2019-11-03 18:03:22.318 UTC: 	 Calculating hash of /DC=ch/DC=cern/OU=Organic Units/OU=Users/CN=sthakur/CN=764789/CN=Shalini Thakur_cmsweb.cern.ch for credential name
DEBUG 2019-11-03 18:03:22.724 UTC: 	 Executing : 
 command : myproxy-info -l 9cd94953387eeee7bf4da2b7588630639ea1153b -s myproxy.cern.ch
 output : username: 9cd94953387eeee7bf4da2b7588630639ea1153b
owner: /DC=ch/DC=cern/OU=Organic Units/OU=Users/CN=sthakur/CN=764789/CN=Shalini Thakur
  renewal policy: /DC=ch/DC=cern/OU=computers/CN=vocms(052|058|030|0118|0105|0109).cern.ch|/DC=ch/DC=cern/OU=computers/CN=crab-(preprod|prod)-tw(02|01).cern.ch
  trusted retrieval policy: /DC=ch/DC=cern/OU=computers/CN=vocms(052|058|030|0118|0105|0109).cern.ch|/DC=ch/DC=cern/OU=computers/CN=crab-(preprod|prod)-tw(02|01).cern.ch
  timeleft: 504:34:38  (21.0 days)

 error: 
 retcode : 0
DEBUG 2019-11-03 18:03:22.725 UTC: 	 Myproxy is valid: 1816478
DEBUG 2019-11-03 18:03:22.805 UTC: 	 Command use: resubmit
DEBUG 2019-11-03 18:03:22.805 UTC: 	 Options use: ['CrabMC_20191101/crab_ExLepMuMuZ_M750_MC_20191101']
DEBUG 2019-11-03 18:03:22.874 UTC: 	 CRABClient version: 3.3.1910.patch2
DEBUG 2019-11-03 18:03:22.874 UTC: 	 Instance is prod
DEBUG 2019-11-03 18:03:22.874 UTC: 	 Server base url is cmsweb.cern.ch
DEBUG 2019-11-03 18:03:22.874 UTC: 	 Command url /crabserver/prod/workflow
DEBUG 2019-11-03 18:03:22.910 UTC: 	 Running on: Linux lxplus737.cern.ch 3.10.0-1062.1.2.el7.x86_64 #1 SMP Mon Sep 30 14:19:46 UTC 2019 x86_64 x86_64 x86_64 GNU/Linux
Description:	CentOS Linux release 7.7.1908 (Core) 

DEBUG 2019-11-03 18:03:22.910 UTC: 	 Executing command: 'status'
DEBUG 2019-11-03 18:03:22.910 UTC: 	 Found CRAB cache file /afs/cern.ch/user/s/sthakur/.crab3
DEBUG 2019-11-03 18:03:22.919 UTC: 	 Checking credentials
DEBUG 2019-11-03 18:03:22.919 UTC: 	 Found proxy file /tmp/x509up_u77410
DEBUG 2019-11-03 18:03:22.919 UTC: 	 Getting proxy life time left
DEBUG 2019-11-03 18:03:23.626 UTC: 	 Executing : 
 command : voms-proxy-info -file /tmp/x509up_u77410 -timeleft
 output : 42603

 error: 
 retcode : 0
DEBUG 2019-11-03 18:03:24.333 UTC: 	 Executing : 
 command : voms-proxy-info -file /tmp/x509up_u77410 -actimeleft
 output : 42602

 error: 
 retcode : 0
DEBUG 2019-11-03 18:03:24.333 UTC: 	 Proxy lifetime 42603 secs is different from voms extension lifetime 42602 secs for proxy: /tmp/x509up_u77410
DEBUG 2019-11-03 18:03:24.333 UTC: 	 Proxy valid for 11:50:02 hours
DEBUG 2019-11-03 18:03:24.518 UTC: 	 Executing : 
 command : openssl x509 -in ~/.globus/usercert.pem -subject -noout
 output : subject= /DC=ch/DC=cern/OU=Organic Units/OU=Users/CN=sthakur/CN=764789/CN=Shalini Thakur

 error: 
 retcode : 0
DEBUG 2019-11-03 18:03:24.518 UTC: 	 Checking credentials
DEBUG 2019-11-03 18:03:24.518 UTC: 	 Found proxy file /tmp/x509up_u77410
DEBUG 2019-11-03 18:03:24.518 UTC: 	 Getting proxy life time left
DEBUG 2019-11-03 18:03:25.229 UTC: 	 Executing : 
 command : voms-proxy-info -file /tmp/x509up_u77410 -timeleft
 output : 42601

 error: 
 retcode : 0
DEBUG 2019-11-03 18:03:25.936 UTC: 	 Executing : 
 command : voms-proxy-info -file /tmp/x509up_u77410 -actimeleft
 output : 42601

 error: 
 retcode : 0
DEBUG 2019-11-03 18:03:25.936 UTC: 	 Proxy valid for 11:50:01 hours
DEBUG 2019-11-03 18:03:26.036 UTC: 	 Registering user credentials for server /DC=ch/DC=cern/OU=computers/CN=vocms(052|058|030|0118|0105|0109).cern.ch|/DC=ch/DC=cern/OU=computers/CN=crab-(preprod|prod)-tw(02|01).cern.ch
DEBUG 2019-11-03 18:03:26.148 UTC: 	 Executing : 
 command : openssl x509 -in ~/.globus/usercert.pem -subject -noout
 output : subject= /DC=ch/DC=cern/OU=Organic Units/OU=Users/CN=sthakur/CN=764789/CN=Shalini Thakur

 error: 
 retcode : 0
DEBUG 2019-11-03 18:03:26.149 UTC: 	 Getting myproxy life time left for myproxy.cern.ch
DEBUG 2019-11-03 18:03:26.149 UTC: 	 Calculating hash of /DC=ch/DC=cern/OU=Organic Units/OU=Users/CN=sthakur/CN=764789/CN=Shalini Thakur_cmsweb.cern.ch for credential name
DEBUG 2019-11-03 18:03:26.555 UTC: 	 Executing : 
 command : myproxy-info -l 9cd94953387eeee7bf4da2b7588630639ea1153b -s myproxy.cern.ch
 output : username: 9cd94953387eeee7bf4da2b7588630639ea1153b
owner: /DC=ch/DC=cern/OU=Organic Units/OU=Users/CN=sthakur/CN=764789/CN=Shalini Thakur
  renewal policy: /DC=ch/DC=cern/OU=computers/CN=vocms(052|058|030|0118|0105|0109).cern.ch|/DC=ch/DC=cern/OU=computers/CN=crab-(preprod|prod)-tw(02|01).cern.ch
  trusted retrieval policy: /DC=ch/DC=cern/OU=computers/CN=vocms(052|058|030|0118|0105|0109).cern.ch|/DC=ch/DC=cern/OU=computers/CN=crab-(preprod|prod)-tw(02|01).cern.ch
  timeleft: 504:34:34  (21.0 days)

 error: 
 retcode : 0
DEBUG 2019-11-03 18:03:26.556 UTC: 	 Myproxy is valid: 1816474
DEBUG 2019-11-03 18:03:26.557 UTC: 	 Command use: status
DEBUG 2019-11-03 18:03:26.557 UTC: 	 Options use: []
DEBUG 2019-11-03 18:03:26.672 UTC: 	 CRABClient version: 3.3.1910.patch2
DEBUG 2019-11-03 18:03:26.673 UTC: 	 Instance is prod
DEBUG 2019-11-03 18:03:26.673 UTC: 	 Server base url is cmsweb.cern.ch
DEBUG 2019-11-03 18:03:26.673 UTC: 	 Command url /crabserver/prod/workflow
DEBUG 2019-11-03 18:03:26.793 UTC: 	 Got information from server oracle database: {u'result': [u'191101_121759:sthakur_crab_ExLepMuMuZ_M750_MC_20191101', u'None', u'None', u'SUBMITTED', u'SUBMIT', u'2019-11-01 12:17:59.249893', u'None', u'2019-11-01 12:19:07.442707', u'None', u'CMSSW_10_4_0', u'slc7_amd64_gcc700', u'/ExcitedLepton_MuMuZ-750_TuneCP5_13TeV-pythia8/RunIIFall17MiniAODv2-PU2017_12Apr2018_94X_mc2017_realistic_v14-v1/MINIAODSIM', u'T', u'0', u'[]', u'[]', u'FileBased', u"{'splitOnRun': False, 'halt_job_on_file_boundaries': False, 'files_per_job': 10, 'runs': [], 'lumis': []}", u'f00d1f1c91afd1382f61c1b87d71f5c2749f4965e6facf8ee19ae090e45adfb4.tar.gz', u'https://cmsweb.cern.ch/crabcache', u'sthakur', u'/DC=ch/DC=cern/OU=Organic Units/OU=Users/CN=sthakur/CN=764789/CN=Shalini Thakur', u'cms', u'None', u'None', u'ExLepMuMuZ_M750_MC_20191101-00000000000000000000000000000000', u'F', u'T2_IN_TIFR', u'https://cmsweb.cern.ch/dbs/prod/global/DBSReader', u'https://cmsweb.cern.ch/dbs/prod/phys03/DBSWriter', u'T', u'[]', u"['ExLepMuMuZ_M750_MC_20191101_Ntuple.root']", u'[]', u'Analysis', u'pythia', u'None', u'{}', u'[]', u'F', u'crab-prod-tw01', u'[]', u'1250', u'1', u'2000', u'10', u'None', u'[]', u'http://vocms0121.cern.ch/mon/cms251/191101_121759:sthakur_crab_ExLepMuMuZ_M750_MC_20191101', u'None', u'[]', u'[]', u'https://cmsweb.cern.ch/crabserver/prod', u'cmsgwms-collector-global.cern.ch:9620,cmssrv623.fnal.gov:9620', u'crab3@vocms0121.cern.ch', u'F', u'[]', u'T', u'/store/user/sthakur/ntuple_for2017MC_20191101/MC_20191101/ExLepMuMuZ_M750_MC_20191101', u'F', u'None', u'F', u'None', u'ExcitedLepton_MuMuZ-750_TuneCP5_13TeV-pythia8', u'None', u'05417f8cda9f937effbb2945e1317dec88dc1db6ce26585655bd39da3432e968.tar.gz', u'45910326', u'filetransfers', u'F', u'2001:1458:d00:2e::100:9b', u'0.0', u'None'], u'desc': {u'columns': [u'tm_taskname', u'tm_activity', u'panda_jobset_id', u'tm_task_status', u'tm_task_command', u'tm_start_time', u'tm_start_injection', u'tm_end_injection', u'tm_task_failure', u'tm_job_sw', u'tm_job_arch', u'tm_input_dataset', u'tm_nonvalid_input_dataset', u'tm_use_parent', u'tm_site_whitelist', u'tm_site_blacklist', u'tm_split_algo', u'tm_split_args', u'tm_user_sandbox', u'tm_cache_url', u'tm_username', u'tm_user_dn', u'tm_user_vo', u'tm_user_role', u'tm_user_group', u'tm_publish_name', u'tm_publish_groupname', u'tm_asyncdest', u'tm_dbs_url', u'tm_publish_dbs_url', u'tm_publication', u'tm_outfiles', u'tm_tfile_outfiles', u'tm_edm_outfiles', u'tm_job_type', u'tm_generator', u'tm_events_per_lumi', u'tm_arguments', u'panda_resubmitted_jobs', u'tm_save_logs', u'tw_name', u'tm_user_infiles', u'tm_maxjobruntime', u'tm_numcores', u'tm_maxmemory', u'tm_priority', u'tm_output_dataset', u'tm_task_warnings', u'tm_user_webdir', u'tm_scriptexe', u'tm_scriptargs', u'tm_extrajdl', u'tm_asourl', u'tm_collector', u'tm_schedd', u'tm_dry_run', u'tm_user_files', u'tm_transfer_outputs', u'tm_output_lfn', u'tm_ignore_locality', u'tm_fail_limit', u'tm_one_event_mode', u'tm_secondary_input_dataset', u'tm_primary_dataset', u'tm_last_publication', u'tm_debug_files', u'clusterid', u'tm_asodb', u'tm_ignore_global_blacklist', u'tm_submitter_ip_addr', u'tm_totalunits', u'tm_ddm_reqid']}}
INFO 2019-11-03 18:03:26.793 UTC: 	 CRAB project directory:		/afs/cern.ch/work/s/sthakur/xRavindra/MiniTree2017Data/CMSSW_10_4_0/src/ExLep2017Crab/crab/CrabMC_20191101/crab_ExLepMuMuZ_M750_MC_20191101
INFO 2019-11-03 18:03:26.793 UTC: 	 Task name:			191101_121759:sthakur_crab_ExLepMuMuZ_M750_MC_20191101
INFO 2019-11-03 18:03:26.793 UTC: 	 Grid scheduler - Task Worker:	crab3@vocms0121.cern.ch - crab-prod-tw01
INFO 2019-11-03 18:03:26.793 UTC: 	 Status on the CRAB server:	SUBMITTED
INFO 2019-11-03 18:03:26.793 UTC: 	 Task URL to use for HELP:	https://cmsweb.cern.ch/crabserver/ui/task/191101_121759%3Asthakur_crab_ExLepMuMuZ_M750_MC_20191101
INFO 2019-11-03 18:03:26.793 UTC: 	 Dashboard monitoring URL:	https://monit-grafana.cern.ch/d/cmsTMDetail/cms-task-monitoring-task-view?orgId=11&var-user=sthakur&var-task=191101_121759%3Asthakur_crab_ExLepMuMuZ_M750_MC_20191101
INFO 2019-11-03 18:03:26.793 UTC: 	 In case of issues with the dashboard, please provide feedback to hn-cms-computing-tools@cern.ch
DEBUG 2019-11-03 18:03:26.793 UTC: 	 The CRAB server submitted your task to the Grid scheduler (cluster ID: 45910326)
DEBUG 2019-11-03 18:03:26.794 UTC: 	 Webdir is located at http://vocms0121.cern.ch/mon/cms251/191101_121759:sthakur_crab_ExLepMuMuZ_M750_MC_20191101
DEBUG 2019-11-03 18:03:26.866 UTC: 	 Proxied webdir is located at https://cmsweb.cern.ch/scheddmon/0121/cms251/191101_121759:sthakur_crab_ExLepMuMuZ_M750_MC_20191101
DEBUG 2019-11-03 18:03:26.866 UTC: 	 Retrieving 'status_cache' file from https://cmsweb.cern.ch/scheddmon/0121/cms251/191101_121759:sthakur_crab_ExLepMuMuZ_M750_MC_20191101/status_cache
DEBUG 2019-11-03 18:03:26.915 UTC: 	 Got information from status cache file: {'1': {'Retries': 0, 'WallDurations': [10.0, 4744.0], 'StartTimes': [1572610912.0], 'SubmitTimes': [1572610762.0], 'JobIds': ['45910331.0'], 'EndTimes': [1572615656.0], 'Restarts': 0, 'RecordedSite': True, 'State': 'finished', 'ResidentSetSize': [808316], 'TotalUserCpuTimeHistory': [1879], 'SiteHistory': ['Unknown', 'T2_US_Vanderbilt'], 'TotalSysCpuTimeHistory': [77]}, '2': {'Retries': 0, 'WallDurations': [76.0, 213.89673805236816], 'StartTimes': [1572610909.0], 'SubmitTimes': [1572610762.0], 'JobIds': ['45910333.0'], 'EndTimes': [1572610985.0], 'Restarts': 0, 'RecordedSite': True, 'State': 'finished', 'ResidentSetSize': [2800], 'TotalUserCpuTimeHistory': [30], 'SiteHistory': ['Unknown', 'T2_US_MIT'], 'TotalSysCpuTimeHistory': [2]}}
INFO 2019-11-03 18:03:26.916 UTC: 	 Status on the scheduler:	COMPLETED
INFO 2019-11-03 18:03:26.916 UTC: 	 
Jobs status:                    finished     		100.0% (2/2)
INFO 2019-11-03 18:03:27.038 UTC: 	 
No publication information available yet
INFO 2019-11-03 18:03:27.038 UTC: 	 
Warning: the max jobs runtime is less than 30% of the task requested value (1250 min), please consider to request a lower value for failed jobs (allowed through crab resubmit) and/or improve the jobs splitting (e.g. config.Data.splitting = 'Automatic') in a new task.
INFO 2019-11-03 18:03:27.038 UTC: 	 
Warning: the average jobs CPU efficiency is less than 50%, please consider to improve the jobs splitting (e.g. config.Data.splitting = 'Automatic') in a new task
INFO 2019-11-03 18:03:27.038 UTC: 	 
Summary of run jobs:
 * Memory: 2MB min, 789MB max, 396MB ave
 * Runtime: 0:03:33 min, 1:19:04 max, 0:41:18 ave
 * CPU eff: 15% min, 41% max, 40% ave
 * Waste: 0:01:26 (2% of total)

DEBUG 2019-11-03 18:03:27.043 UTC: 	 Requesting resubmission of failed jobs in task 191101_121759:sthakur_crab_ExLepMuMuZ_M750_MC_20191101
ERROR 2019-11-03 18:03:27.043 UTC: 	 Found no jobs to resubmit. Only jobs in status failed can be resubmitted. Jobs in status finished can also be resubmitted, but only if the jobids are specified and the force option is set.
ERROR 2019-11-03 18:03:27.044 UTC: 	 Caught exception
Traceback (most recent call last):
  File "/cvmfs/cms.cern.ch/crab3/slc6_amd64_gcc493/cms/crabclient/3.3.1910.patch2/bin/crab", line 160, in <module>
    client()
  File "/cvmfs/cms.cern.ch/crab3/slc6_amd64_gcc493/cms/crabclient/3.3.1910.patch2/bin/crab", line 147, in __call__
    self.cmd()
  File "/cvmfs/cms.cern.ch/crab3/slc6_amd64_gcc493/cms/crabclient/3.3.1910.patch2/lib/python2.7/site-packages/CRABClient/Commands/resubmit.py", line 63, in __call__
    self.jobids = self.processJobIds(jobList)
  File "/cvmfs/cms.cern.ch/crab3/slc6_amd64_gcc493/cms/crabclient/3.3.1910.patch2/lib/python2.7/site-packages/CRABClient/Commands/resubmit.py", line 172, in processJobIds
    raise ConfigurationException(msg)
ConfigurationException: Found no jobs to resubmit. Only jobs in status failed can be resubmitted. Jobs in status finished can also be resubmitted, but only if the jobids are specified and the force option is set.
DEBUG 2019-11-04 17:53:09.826 UTC: 	 Running on: Linux lxplus794.cern.ch 3.10.0-1062.4.1.el7.x86_64 #1 SMP Fri Oct 18 17:15:30 UTC 2019 x86_64 x86_64 x86_64 GNU/Linux
Description:	CentOS Linux release 7.7.1908 (Core) 

DEBUG 2019-11-04 17:53:09.826 UTC: 	 Executing command: 'status'
DEBUG 2019-11-04 17:53:09.827 UTC: 	 Found CRAB cache file /afs/cern.ch/user/s/sthakur/.crab3
DEBUG 2019-11-04 17:53:09.883 UTC: 	 Checking credentials
DEBUG 2019-11-04 17:53:09.883 UTC: 	 Found proxy file /tmp/x509up_u77410
DEBUG 2019-11-04 17:53:09.883 UTC: 	 Getting proxy life time left
DEBUG 2019-11-04 17:53:10.592 UTC: 	 Executing : 
 command : voms-proxy-info -file /tmp/x509up_u77410 -timeleft
 output : 42999

 error: 
 retcode : 0
DEBUG 2019-11-04 17:53:11.198 UTC: 	 Executing : 
 command : voms-proxy-info -file /tmp/x509up_u77410 -actimeleft
 output : 42998

 error: 
 retcode : 0
DEBUG 2019-11-04 17:53:11.199 UTC: 	 Proxy lifetime 42999 secs is different from voms extension lifetime 42998 secs for proxy: /tmp/x509up_u77410
DEBUG 2019-11-04 17:53:11.199 UTC: 	 Proxy valid for 11:56:38 hours
DEBUG 2019-11-04 17:53:11.425 UTC: 	 Executing : 
 command : openssl x509 -in ~/.globus/usercert.pem -subject -noout
 output : subject= /DC=ch/DC=cern/OU=Organic Units/OU=Users/CN=sthakur/CN=764789/CN=Shalini Thakur

 error: 
 retcode : 0
DEBUG 2019-11-04 17:53:11.425 UTC: 	 Checking credentials
DEBUG 2019-11-04 17:53:11.425 UTC: 	 Found proxy file /tmp/x509up_u77410
DEBUG 2019-11-04 17:53:11.425 UTC: 	 Getting proxy life time left
DEBUG 2019-11-04 17:53:12.031 UTC: 	 Executing : 
 command : voms-proxy-info -file /tmp/x509up_u77410 -timeleft
 output : 42998

 error: 
 retcode : 0
DEBUG 2019-11-04 17:53:12.748 UTC: 	 Executing : 
 command : voms-proxy-info -file /tmp/x509up_u77410 -actimeleft
 output : 42997

 error: 
 retcode : 0
DEBUG 2019-11-04 17:53:12.749 UTC: 	 Proxy lifetime 42998 secs is different from voms extension lifetime 42997 secs for proxy: /tmp/x509up_u77410
DEBUG 2019-11-04 17:53:12.749 UTC: 	 Proxy valid for 11:56:37 hours
DEBUG 2019-11-04 17:53:12.853 UTC: 	 Registering user credentials for server /DC=ch/DC=cern/OU=computers/CN=vocms(052|058|030|0118|0105|0109).cern.ch|/DC=ch/DC=cern/OU=computers/CN=crab-(preprod|prod)-tw(02|01).cern.ch
DEBUG 2019-11-04 17:53:12.966 UTC: 	 Executing : 
 command : openssl x509 -in ~/.globus/usercert.pem -subject -noout
 output : subject= /DC=ch/DC=cern/OU=Organic Units/OU=Users/CN=sthakur/CN=764789/CN=Shalini Thakur

 error: 
 retcode : 0
DEBUG 2019-11-04 17:53:12.966 UTC: 	 Getting myproxy life time left for myproxy.cern.ch
DEBUG 2019-11-04 17:53:12.966 UTC: 	 Calculating hash of /DC=ch/DC=cern/OU=Organic Units/OU=Users/CN=sthakur/CN=764789/CN=Shalini Thakur_cmsweb.cern.ch for credential name
DEBUG 2019-11-04 17:53:13.171 UTC: 	 Executing : 
 command : myproxy-info -l 9cd94953387eeee7bf4da2b7588630639ea1153b -s myproxy.cern.ch
 output : username: 9cd94953387eeee7bf4da2b7588630639ea1153b
owner: /DC=ch/DC=cern/OU=Organic Units/OU=Users/CN=sthakur/CN=764789/CN=Shalini Thakur
  renewal policy: /DC=ch/DC=cern/OU=computers/CN=vocms(052|058|030|0118|0105|0109).cern.ch|/DC=ch/DC=cern/OU=computers/CN=crab-(preprod|prod)-tw(02|01).cern.ch
  trusted retrieval policy: /DC=ch/DC=cern/OU=computers/CN=vocms(052|058|030|0118|0105|0109).cern.ch|/DC=ch/DC=cern/OU=computers/CN=crab-(preprod|prod)-tw(02|01).cern.ch
  timeleft: 480:44:47  (20.0 days)

 error: 
 retcode : 0
DEBUG 2019-11-04 17:53:13.172 UTC: 	 Myproxy is valid: 1730687
DEBUG 2019-11-04 17:53:13.172 UTC: 	 Command use: status
DEBUG 2019-11-04 17:53:13.172 UTC: 	 Options use: ['--verboseErrors', 'CrabMC_20191101/crab_ExLepMuMuZ_M750_MC_20191101']
DEBUG 2019-11-04 17:53:13.245 UTC: 	 CRABClient version: 3.3.1910.patch2
DEBUG 2019-11-04 17:53:13.245 UTC: 	 Instance is prod
DEBUG 2019-11-04 17:53:13.245 UTC: 	 Server base url is cmsweb.cern.ch
DEBUG 2019-11-04 17:53:13.245 UTC: 	 Command url /crabserver/prod/workflow
DEBUG 2019-11-04 17:53:13.354 UTC: 	 Got information from server oracle database: {u'result': [u'191101_121759:sthakur_crab_ExLepMuMuZ_M750_MC_20191101', u'None', u'None', u'SUBMITTED', u'SUBMIT', u'2019-11-01 12:17:59.249893', u'None', u'2019-11-01 12:19:07.442707', u'None', u'CMSSW_10_4_0', u'slc7_amd64_gcc700', u'/ExcitedLepton_MuMuZ-750_TuneCP5_13TeV-pythia8/RunIIFall17MiniAODv2-PU2017_12Apr2018_94X_mc2017_realistic_v14-v1/MINIAODSIM', u'T', u'0', u'[]', u'[]', u'FileBased', u"{'splitOnRun': False, 'halt_job_on_file_boundaries': False, 'files_per_job': 10, 'runs': [], 'lumis': []}", u'f00d1f1c91afd1382f61c1b87d71f5c2749f4965e6facf8ee19ae090e45adfb4.tar.gz', u'https://cmsweb.cern.ch/crabcache', u'sthakur', u'/DC=ch/DC=cern/OU=Organic Units/OU=Users/CN=sthakur/CN=764789/CN=Shalini Thakur', u'cms', u'None', u'None', u'ExLepMuMuZ_M750_MC_20191101-00000000000000000000000000000000', u'F', u'T2_IN_TIFR', u'https://cmsweb.cern.ch/dbs/prod/global/DBSReader', u'https://cmsweb.cern.ch/dbs/prod/phys03/DBSWriter', u'T', u'[]', u"['ExLepMuMuZ_M750_MC_20191101_Ntuple.root']", u'[]', u'Analysis', u'pythia', u'None', u'{}', u'[]', u'F', u'crab-prod-tw01', u'[]', u'1250', u'1', u'2000', u'10', u'None', u'[]', u'http://vocms0121.cern.ch/mon/cms251/191101_121759:sthakur_crab_ExLepMuMuZ_M750_MC_20191101', u'None', u'[]', u'[]', u'https://cmsweb.cern.ch/crabserver/prod', u'cmsgwms-collector-global.cern.ch:9620,cmssrv623.fnal.gov:9620', u'crab3@vocms0121.cern.ch', u'F', u'[]', u'T', u'/store/user/sthakur/ntuple_for2017MC_20191101/MC_20191101/ExLepMuMuZ_M750_MC_20191101', u'F', u'None', u'F', u'None', u'ExcitedLepton_MuMuZ-750_TuneCP5_13TeV-pythia8', u'None', u'05417f8cda9f937effbb2945e1317dec88dc1db6ce26585655bd39da3432e968.tar.gz', u'45910326', u'filetransfers', u'F', u'2001:1458:d00:2e::100:9b', u'0.0', u'None'], u'desc': {u'columns': [u'tm_taskname', u'tm_activity', u'panda_jobset_id', u'tm_task_status', u'tm_task_command', u'tm_start_time', u'tm_start_injection', u'tm_end_injection', u'tm_task_failure', u'tm_job_sw', u'tm_job_arch', u'tm_input_dataset', u'tm_nonvalid_input_dataset', u'tm_use_parent', u'tm_site_whitelist', u'tm_site_blacklist', u'tm_split_algo', u'tm_split_args', u'tm_user_sandbox', u'tm_cache_url', u'tm_username', u'tm_user_dn', u'tm_user_vo', u'tm_user_role', u'tm_user_group', u'tm_publish_name', u'tm_publish_groupname', u'tm_asyncdest', u'tm_dbs_url', u'tm_publish_dbs_url', u'tm_publication', u'tm_outfiles', u'tm_tfile_outfiles', u'tm_edm_outfiles', u'tm_job_type', u'tm_generator', u'tm_events_per_lumi', u'tm_arguments', u'panda_resubmitted_jobs', u'tm_save_logs', u'tw_name', u'tm_user_infiles', u'tm_maxjobruntime', u'tm_numcores', u'tm_maxmemory', u'tm_priority', u'tm_output_dataset', u'tm_task_warnings', u'tm_user_webdir', u'tm_scriptexe', u'tm_scriptargs', u'tm_extrajdl', u'tm_asourl', u'tm_collector', u'tm_schedd', u'tm_dry_run', u'tm_user_files', u'tm_transfer_outputs', u'tm_output_lfn', u'tm_ignore_locality', u'tm_fail_limit', u'tm_one_event_mode', u'tm_secondary_input_dataset', u'tm_primary_dataset', u'tm_last_publication', u'tm_debug_files', u'clusterid', u'tm_asodb', u'tm_ignore_global_blacklist', u'tm_submitter_ip_addr', u'tm_totalunits', u'tm_ddm_reqid']}}
INFO 2019-11-04 17:53:13.355 UTC: 	 CRAB project directory:		/afs/cern.ch/work/s/sthakur/xRavindra/MiniTree2017Data/CMSSW_10_4_0/src/ExLep2017Crab/crab/CrabMC_20191101/crab_ExLepMuMuZ_M750_MC_20191101
INFO 2019-11-04 17:53:13.355 UTC: 	 Task name:			191101_121759:sthakur_crab_ExLepMuMuZ_M750_MC_20191101
INFO 2019-11-04 17:53:13.355 UTC: 	 Grid scheduler - Task Worker:	crab3@vocms0121.cern.ch - crab-prod-tw01
INFO 2019-11-04 17:53:13.355 UTC: 	 Status on the CRAB server:	SUBMITTED
INFO 2019-11-04 17:53:13.355 UTC: 	 Task URL to use for HELP:	https://cmsweb.cern.ch/crabserver/ui/task/191101_121759%3Asthakur_crab_ExLepMuMuZ_M750_MC_20191101
INFO 2019-11-04 17:53:13.355 UTC: 	 Dashboard monitoring URL:	https://monit-grafana.cern.ch/d/cmsTMDetail/cms-task-monitoring-task-view?orgId=11&var-user=sthakur&var-task=191101_121759%3Asthakur_crab_ExLepMuMuZ_M750_MC_20191101
INFO 2019-11-04 17:53:13.355 UTC: 	 In case of issues with the dashboard, please provide feedback to hn-cms-computing-tools@cern.ch
DEBUG 2019-11-04 17:53:13.355 UTC: 	 The CRAB server submitted your task to the Grid scheduler (cluster ID: 45910326)
DEBUG 2019-11-04 17:53:13.355 UTC: 	 Webdir is located at http://vocms0121.cern.ch/mon/cms251/191101_121759:sthakur_crab_ExLepMuMuZ_M750_MC_20191101
DEBUG 2019-11-04 17:53:13.492 UTC: 	 Proxied webdir is located at https://cmsweb.cern.ch/scheddmon/0121/cms251/191101_121759:sthakur_crab_ExLepMuMuZ_M750_MC_20191101
DEBUG 2019-11-04 17:53:13.492 UTC: 	 Retrieving 'status_cache' file from https://cmsweb.cern.ch/scheddmon/0121/cms251/191101_121759:sthakur_crab_ExLepMuMuZ_M750_MC_20191101/status_cache
DEBUG 2019-11-04 17:53:13.643 UTC: 	 Got information from status cache file: {'1': {'Retries': 0, 'WallDurations': [10.0, 4744.0], 'StartTimes': [1572610912.0], 'SubmitTimes': [1572610762.0], 'JobIds': ['45910331.0'], 'EndTimes': [1572615656.0], 'Restarts': 0, 'RecordedSite': True, 'State': 'finished', 'ResidentSetSize': [808316], 'TotalUserCpuTimeHistory': [1879], 'SiteHistory': ['Unknown', 'T2_US_Vanderbilt'], 'TotalSysCpuTimeHistory': [77]}, '2': {'Retries': 0, 'WallDurations': [76.0, 213.89673805236816], 'StartTimes': [1572610909.0], 'SubmitTimes': [1572610762.0], 'JobIds': ['45910333.0'], 'EndTimes': [1572610985.0], 'Restarts': 0, 'RecordedSite': True, 'State': 'finished', 'ResidentSetSize': [2800], 'TotalUserCpuTimeHistory': [30], 'SiteHistory': ['Unknown', 'T2_US_MIT'], 'TotalSysCpuTimeHistory': [2]}}
INFO 2019-11-04 17:53:13.643 UTC: 	 Status on the scheduler:	COMPLETED
INFO 2019-11-04 17:53:13.643 UTC: 	 
Jobs status:                    finished     		100.0% (2/2)
INFO 2019-11-04 17:53:13.729 UTC: 	 
No publication information available yet
INFO 2019-11-04 17:53:13.729 UTC: 	 
Warning: the max jobs runtime is less than 30% of the task requested value (1250 min), please consider to request a lower value for failed jobs (allowed through crab resubmit) and/or improve the jobs splitting (e.g. config.Data.splitting = 'Automatic') in a new task.
INFO 2019-11-04 17:53:13.729 UTC: 	 
Warning: the average jobs CPU efficiency is less than 50%, please consider to improve the jobs splitting (e.g. config.Data.splitting = 'Automatic') in a new task
INFO 2019-11-04 17:53:13.729 UTC: 	 
Summary of run jobs:
 * Memory: 2MB min, 789MB max, 396MB ave
 * Runtime: 0:03:33 min, 1:19:04 max, 0:41:18 ave
 * CPU eff: 15% min, 41% max, 40% ave
 * Waste: 0:01:26 (2% of total)

INFO 2019-11-04 17:53:13.769 UTC: 	 Log file is /afs/cern.ch/work/s/sthakur/xRavindra/MiniTree2017Data/CMSSW_10_4_0/src/ExLep2017Crab/crab/CrabMC_20191101/crab_ExLepMuMuZ_M750_MC_20191101/crab.log
DEBUG 2019-11-11 18:33:10.801 UTC: 	 Running on: Linux lxplus745.cern.ch 3.10.0-1062.4.1.el7.x86_64 #1 SMP Fri Oct 18 17:15:30 UTC 2019 x86_64 x86_64 x86_64 GNU/Linux - CentOS Linux 7 (Core)
DEBUG 2019-11-11 18:33:10.811 UTC: 	 OpenSSl version: OpenSSL 1.0.2h  3 May 2016
DEBUG 2019-11-11 18:33:10.811 UTC: 	 Executing command: 'status'
DEBUG 2019-11-11 18:33:10.811 UTC: 	 Found CRAB cache file /afs/cern.ch/user/s/sthakur/.crab3
DEBUG 2019-11-11 18:33:10.822 UTC: 	 Checking credentials
DEBUG 2019-11-11 18:33:10.822 UTC: 	 Found proxy file /tmp/x509up_u77410
DEBUG 2019-11-11 18:33:10.822 UTC: 	 Getting proxy life time left
DEBUG 2019-11-11 18:33:11.527 UTC: 	 Executing : 
 command : voms-proxy-info -file /tmp/x509up_u77410 -timeleft
 output : 38869

 error: 
 retcode : 0
DEBUG 2019-11-11 18:33:12.234 UTC: 	 Executing : 
 command : voms-proxy-info -file /tmp/x509up_u77410 -actimeleft
 output : 38868

 error: 
 retcode : 0
DEBUG 2019-11-11 18:33:12.234 UTC: 	 Proxy lifetime 38869 secs is different from voms extension lifetime 38868 secs for proxy: /tmp/x509up_u77410
DEBUG 2019-11-11 18:33:12.234 UTC: 	 Proxy valid for 10:47:48 hours
DEBUG 2019-11-11 18:33:12.426 UTC: 	 Executing : 
 command : openssl x509 -in ~/.globus/usercert.pem -subject -noout
 output : subject= /DC=ch/DC=cern/OU=Organic Units/OU=Users/CN=sthakur/CN=764789/CN=Shalini Thakur

 error: 
 retcode : 0
DEBUG 2019-11-11 18:33:12.426 UTC: 	 Checking credentials
DEBUG 2019-11-11 18:33:12.426 UTC: 	 Found proxy file /tmp/x509up_u77410
DEBUG 2019-11-11 18:33:12.426 UTC: 	 Getting proxy life time left
DEBUG 2019-11-11 18:33:13.132 UTC: 	 Executing : 
 command : voms-proxy-info -file /tmp/x509up_u77410 -timeleft
 output : 38867

 error: 
 retcode : 0
DEBUG 2019-11-11 18:33:13.839 UTC: 	 Executing : 
 command : voms-proxy-info -file /tmp/x509up_u77410 -actimeleft
 output : 38867

 error: 
 retcode : 0
DEBUG 2019-11-11 18:33:13.839 UTC: 	 Proxy valid for 10:47:47 hours
DEBUG 2019-11-11 18:33:13.914 UTC: 	 Registering user credentials for server /DC=ch/DC=cern/OU=computers/CN=vocms(052|058|030|0118|0105|0109).cern.ch|/DC=ch/DC=cern/OU=computers/CN=crab-(preprod|prod)-tw(02|01).cern.ch
DEBUG 2019-11-11 18:33:14.024 UTC: 	 Executing : 
 command : openssl x509 -in ~/.globus/usercert.pem -subject -noout
 output : subject= /DC=ch/DC=cern/OU=Organic Units/OU=Users/CN=sthakur/CN=764789/CN=Shalini Thakur

 error: 
 retcode : 0
DEBUG 2019-11-11 18:33:14.025 UTC: 	 Getting myproxy life time left for myproxy.cern.ch
DEBUG 2019-11-11 18:33:14.025 UTC: 	 Calculating hash of /DC=ch/DC=cern/OU=Organic Units/OU=Users/CN=sthakur/CN=764789/CN=Shalini Thakur_cmsweb.cern.ch for credential name
DEBUG 2019-11-11 18:33:14.229 UTC: 	 Executing : 
 command : myproxy-info -l 9cd94953387eeee7bf4da2b7588630639ea1153b -s myproxy.cern.ch
 output : username: 9cd94953387eeee7bf4da2b7588630639ea1153b
owner: /DC=ch/DC=cern/OU=Organic Units/OU=Users/CN=sthakur/CN=764789/CN=Shalini Thakur
  renewal policy: /DC=ch/DC=cern/OU=computers/CN=vocms(052|058|030|0118|0105|0109).cern.ch|/DC=ch/DC=cern/OU=computers/CN=crab-(preprod|prod)-tw(02|01).cern.ch
  trusted retrieval policy: /DC=ch/DC=cern/OU=computers/CN=vocms(052|058|030|0118|0105|0109).cern.ch|/DC=ch/DC=cern/OU=computers/CN=crab-(preprod|prod)-tw(02|01).cern.ch
  timeleft: 711:00:05  (29.6 days)

 error: 
 retcode : 0
DEBUG 2019-11-11 18:33:14.230 UTC: 	 Myproxy is valid: 2559605
DEBUG 2019-11-11 18:33:14.231 UTC: 	 Command use: status
DEBUG 2019-11-11 18:33:14.231 UTC: 	 Options use: ['--verboseErrors', 'CrabMC_20191101/crab_ExLepMuMuZ_M750_MC_20191101']
DEBUG 2019-11-11 18:33:14.304 UTC: 	 CRABClient version: 3.3.1911
DEBUG 2019-11-11 18:33:14.304 UTC: 	 Instance is prod
DEBUG 2019-11-11 18:33:14.304 UTC: 	 Server base url is cmsweb.cern.ch
DEBUG 2019-11-11 18:33:14.304 UTC: 	 Command url /crabserver/prod/workflow
DEBUG 2019-11-11 18:33:14.420 UTC: 	 Got information from server oracle database: {u'result': [u'191101_121759:sthakur_crab_ExLepMuMuZ_M750_MC_20191101', u'None', u'None', u'SUBMITTED', u'SUBMIT', u'2019-11-01 12:17:59.249893', u'None', u'2019-11-01 12:19:07.442707', u'None', u'CMSSW_10_4_0', u'slc7_amd64_gcc700', u'/ExcitedLepton_MuMuZ-750_TuneCP5_13TeV-pythia8/RunIIFall17MiniAODv2-PU2017_12Apr2018_94X_mc2017_realistic_v14-v1/MINIAODSIM', u'T', u'0', u'[]', u'[]', u'FileBased', u"{'splitOnRun': False, 'halt_job_on_file_boundaries': False, 'files_per_job': 10, 'runs': [], 'lumis': []}", u'f00d1f1c91afd1382f61c1b87d71f5c2749f4965e6facf8ee19ae090e45adfb4.tar.gz', u'https://cmsweb.cern.ch/crabcache', u'sthakur', u'/DC=ch/DC=cern/OU=Organic Units/OU=Users/CN=sthakur/CN=764789/CN=Shalini Thakur', u'cms', u'None', u'None', u'ExLepMuMuZ_M750_MC_20191101-00000000000000000000000000000000', u'F', u'T2_IN_TIFR', u'https://cmsweb.cern.ch/dbs/prod/global/DBSReader', u'https://cmsweb.cern.ch/dbs/prod/phys03/DBSWriter', u'T', u'[]', u"['ExLepMuMuZ_M750_MC_20191101_Ntuple.root']", u'[]', u'Analysis', u'pythia', u'None', u'{}', u'[]', u'F', u'crab-prod-tw01', u'[]', u'1250', u'1', u'2000', u'10', u'None', u'[]', u'http://vocms0121.cern.ch/mon/cms251/191101_121759:sthakur_crab_ExLepMuMuZ_M750_MC_20191101', u'None', u'[]', u'[]', u'https://cmsweb.cern.ch/crabserver/prod', u'cmsgwms-collector-global.cern.ch:9620,cmssrv623.fnal.gov:9620', u'crab3@vocms0121.cern.ch', u'F', u'[]', u'T', u'/store/user/sthakur/ntuple_for2017MC_20191101/MC_20191101/ExLepMuMuZ_M750_MC_20191101', u'F', u'None', u'F', u'None', u'ExcitedLepton_MuMuZ-750_TuneCP5_13TeV-pythia8', u'None', u'05417f8cda9f937effbb2945e1317dec88dc1db6ce26585655bd39da3432e968.tar.gz', u'45910326', u'filetransfers', u'F', u'2001:1458:d00:2e::100:9b', u'0.0', u'None'], u'desc': {u'columns': [u'tm_taskname', u'tm_activity', u'panda_jobset_id', u'tm_task_status', u'tm_task_command', u'tm_start_time', u'tm_start_injection', u'tm_end_injection', u'tm_task_failure', u'tm_job_sw', u'tm_job_arch', u'tm_input_dataset', u'tm_nonvalid_input_dataset', u'tm_use_parent', u'tm_site_whitelist', u'tm_site_blacklist', u'tm_split_algo', u'tm_split_args', u'tm_user_sandbox', u'tm_cache_url', u'tm_username', u'tm_user_dn', u'tm_user_vo', u'tm_user_role', u'tm_user_group', u'tm_publish_name', u'tm_publish_groupname', u'tm_asyncdest', u'tm_dbs_url', u'tm_publish_dbs_url', u'tm_publication', u'tm_outfiles', u'tm_tfile_outfiles', u'tm_edm_outfiles', u'tm_job_type', u'tm_generator', u'tm_events_per_lumi', u'tm_arguments', u'panda_resubmitted_jobs', u'tm_save_logs', u'tw_name', u'tm_user_infiles', u'tm_maxjobruntime', u'tm_numcores', u'tm_maxmemory', u'tm_priority', u'tm_output_dataset', u'tm_task_warnings', u'tm_user_webdir', u'tm_scriptexe', u'tm_scriptargs', u'tm_extrajdl', u'tm_asourl', u'tm_collector', u'tm_schedd', u'tm_dry_run', u'tm_user_files', u'tm_transfer_outputs', u'tm_output_lfn', u'tm_ignore_locality', u'tm_fail_limit', u'tm_one_event_mode', u'tm_secondary_input_dataset', u'tm_primary_dataset', u'tm_last_publication', u'tm_debug_files', u'clusterid', u'tm_asodb', u'tm_ignore_global_blacklist', u'tm_submitter_ip_addr', u'tm_totalunits', u'tm_ddm_reqid']}}
INFO 2019-11-11 18:33:14.420 UTC: 	 CRAB project directory:		/afs/cern.ch/work/s/sthakur/xRavindra/MiniTree2017Data/CMSSW_10_4_0/src/ExLep2017Crab/crab/CrabMC_20191101/crab_ExLepMuMuZ_M750_MC_20191101
INFO 2019-11-11 18:33:14.420 UTC: 	 Task name:			191101_121759:sthakur_crab_ExLepMuMuZ_M750_MC_20191101
INFO 2019-11-11 18:33:14.420 UTC: 	 Grid scheduler - Task Worker:	crab3@vocms0121.cern.ch - crab-prod-tw01
INFO 2019-11-11 18:33:14.420 UTC: 	 Status on the CRAB server:	SUBMITTED
INFO 2019-11-11 18:33:14.420 UTC: 	 Task URL to use for HELP:	https://cmsweb.cern.ch/crabserver/ui/task/191101_121759%3Asthakur_crab_ExLepMuMuZ_M750_MC_20191101
INFO 2019-11-11 18:33:14.420 UTC: 	 Dashboard monitoring URL:	https://monit-grafana.cern.ch/d/cmsTMDetail/cms-task-monitoring-task-view?orgId=11&var-user=sthakur&var-task=191101_121759%3Asthakur_crab_ExLepMuMuZ_M750_MC_20191101
INFO 2019-11-11 18:33:14.421 UTC: 	 In case of issues with the dashboard, please provide feedback to hn-cms-computing-tools@cern.ch
DEBUG 2019-11-11 18:33:14.421 UTC: 	 The CRAB server submitted your task to the Grid scheduler (cluster ID: 45910326)
DEBUG 2019-11-11 18:33:14.421 UTC: 	 Webdir is located at http://vocms0121.cern.ch/mon/cms251/191101_121759:sthakur_crab_ExLepMuMuZ_M750_MC_20191101
DEBUG 2019-11-11 18:33:14.495 UTC: 	 Proxied webdir is located at https://cmsweb.cern.ch/scheddmon/0121/cms251/191101_121759:sthakur_crab_ExLepMuMuZ_M750_MC_20191101
DEBUG 2019-11-11 18:33:14.496 UTC: 	 Retrieving 'status_cache' file from https://cmsweb.cern.ch/scheddmon/0121/cms251/191101_121759:sthakur_crab_ExLepMuMuZ_M750_MC_20191101/status_cache
DEBUG 2019-11-11 18:33:14.708 UTC: 	 Got information from status cache file: {'1': {'Retries': 0, 'WallDurations': [10.0, 4744.0], 'StartTimes': [1572610912.0], 'SubmitTimes': [1572610762.0], 'JobIds': ['45910331.0'], 'EndTimes': [1572615656.0], 'Restarts': 0, 'RecordedSite': True, 'State': 'finished', 'ResidentSetSize': [808316], 'TotalUserCpuTimeHistory': [1879], 'SiteHistory': ['Unknown', 'T2_US_Vanderbilt'], 'TotalSysCpuTimeHistory': [77]}, '2': {'Retries': 0, 'WallDurations': [76.0, 213.89673805236816], 'StartTimes': [1572610909.0], 'SubmitTimes': [1572610762.0], 'JobIds': ['45910333.0'], 'EndTimes': [1572610985.0], 'Restarts': 0, 'RecordedSite': True, 'State': 'finished', 'ResidentSetSize': [2800], 'TotalUserCpuTimeHistory': [30], 'SiteHistory': ['Unknown', 'T2_US_MIT'], 'TotalSysCpuTimeHistory': [2]}}
INFO 2019-11-11 18:33:14.708 UTC: 	 Status on the scheduler:	COMPLETED
INFO 2019-11-11 18:33:14.708 UTC: 	 
Jobs status:                    finished     		100.0% (2/2)
INFO 2019-11-11 18:33:14.790 UTC: 	 
No publication information available yet
INFO 2019-11-11 18:33:14.790 UTC: 	 
Warning: the max jobs runtime is less than 30% of the task requested value (1250 min), please consider to request a lower value for failed jobs (allowed through crab resubmit) and/or improve the jobs splitting (e.g. config.Data.splitting = 'Automatic') in a new task.
INFO 2019-11-11 18:33:14.791 UTC: 	 
Warning: the average jobs CPU efficiency is less than 50%, please consider to improve the jobs splitting (e.g. config.Data.splitting = 'Automatic') in a new task
INFO 2019-11-11 18:33:14.791 UTC: 	 
Summary of run jobs:
 * Memory: 2MB min, 789MB max, 396MB ave
 * Runtime: 0:03:33 min, 1:19:04 max, 0:41:18 ave
 * CPU eff: 15% min, 41% max, 40% ave
 * Waste: 0:01:26 (2% of total)

INFO 2019-11-11 18:33:14.801 UTC: 	 Log file is /afs/cern.ch/work/s/sthakur/xRavindra/MiniTree2017Data/CMSSW_10_4_0/src/ExLep2017Crab/crab/CrabMC_20191101/crab_ExLepMuMuZ_M750_MC_20191101/crab.log
DEBUG 2019-11-11 18:49:02.636 UTC: 	 Running on: Linux lxplus714.cern.ch 3.10.0-1062.4.1.el7.x86_64 #1 SMP Fri Oct 18 17:15:30 UTC 2019 x86_64 x86_64 x86_64 GNU/Linux - CentOS Linux 7 (Core)
DEBUG 2019-11-11 18:49:02.653 UTC: 	 OpenSSl version: OpenSSL 1.0.2k-fips  26 Jan 2017 (Library: OpenSSL 1.0.2d-fips 9 Jul 2015)
DEBUG 2019-11-11 18:49:02.653 UTC: 	 Executing command: 'status'
DEBUG 2019-11-11 18:49:02.653 UTC: 	 Found CRAB cache file /afs/cern.ch/user/s/sthakur/.crab3
DEBUG 2019-11-11 18:49:02.665 UTC: 	 Checking credentials
DEBUG 2019-11-11 18:49:02.665 UTC: 	 Found proxy file /tmp/x509up_u77410
DEBUG 2019-11-11 18:49:02.665 UTC: 	 Getting proxy life time left
DEBUG 2019-11-11 18:49:03.373 UTC: 	 Executing : 
 command : voms-proxy-info -file /tmp/x509up_u77410 -timeleft
 output : 43048

 error: 
 retcode : 0
DEBUG 2019-11-11 18:49:04.079 UTC: 	 Executing : 
 command : voms-proxy-info -file /tmp/x509up_u77410 -actimeleft
 output : 43047

 error: 
 retcode : 0
DEBUG 2019-11-11 18:49:04.079 UTC: 	 Proxy lifetime 43048 secs is different from voms extension lifetime 43047 secs for proxy: /tmp/x509up_u77410
DEBUG 2019-11-11 18:49:04.079 UTC: 	 Proxy valid for 11:57:27 hours
DEBUG 2019-11-11 18:49:04.328 UTC: 	 Executing : 
 command : openssl x509 -in ~/.globus/usercert.pem -subject -noout
 output : subject= /DC=ch/DC=cern/OU=Organic Units/OU=Users/CN=sthakur/CN=764789/CN=Shalini Thakur

 error: 
 retcode : 0
DEBUG 2019-11-11 18:49:04.328 UTC: 	 Checking credentials
DEBUG 2019-11-11 18:49:04.328 UTC: 	 Found proxy file /tmp/x509up_u77410
DEBUG 2019-11-11 18:49:04.328 UTC: 	 Getting proxy life time left
DEBUG 2019-11-11 18:49:05.036 UTC: 	 Executing : 
 command : voms-proxy-info -file /tmp/x509up_u77410 -timeleft
 output : 43047

 error: 
 retcode : 0
DEBUG 2019-11-11 18:49:05.842 UTC: 	 Executing : 
 command : voms-proxy-info -file /tmp/x509up_u77410 -actimeleft
 output : 43046

 error: 
 retcode : 0
DEBUG 2019-11-11 18:49:05.842 UTC: 	 Proxy lifetime 43047 secs is different from voms extension lifetime 43046 secs for proxy: /tmp/x509up_u77410
DEBUG 2019-11-11 18:49:05.842 UTC: 	 Proxy valid for 11:57:26 hours
DEBUG 2019-11-11 18:49:05.922 UTC: 	 Registering user credentials for server /DC=ch/DC=cern/OU=computers/CN=vocms(052|058|030|0118|0105|0109).cern.ch|/DC=ch/DC=cern/OU=computers/CN=crab-(preprod|prod)-tw(02|01).cern.ch
DEBUG 2019-11-11 18:49:06.040 UTC: 	 Executing : 
 command : openssl x509 -in ~/.globus/usercert.pem -subject -noout
 output : subject= /DC=ch/DC=cern/OU=Organic Units/OU=Users/CN=sthakur/CN=764789/CN=Shalini Thakur

 error: 
 retcode : 0
DEBUG 2019-11-11 18:49:06.040 UTC: 	 Getting myproxy life time left for myproxy.cern.ch
DEBUG 2019-11-11 18:49:06.041 UTC: 	 Calculating hash of /DC=ch/DC=cern/OU=Organic Units/OU=Users/CN=sthakur/CN=764789/CN=Shalini Thakur_cmsweb.cern.ch for credential name
DEBUG 2019-11-11 18:49:06.247 UTC: 	 Executing : 
 command : myproxy-info -l 9cd94953387eeee7bf4da2b7588630639ea1153b -s myproxy.cern.ch
 output : username: 9cd94953387eeee7bf4da2b7588630639ea1153b
owner: /DC=ch/DC=cern/OU=Organic Units/OU=Users/CN=sthakur/CN=764789/CN=Shalini Thakur
  renewal policy: /DC=ch/DC=cern/OU=computers/CN=vocms(052|058|030|0118|0105|0109).cern.ch|/DC=ch/DC=cern/OU=computers/CN=crab-(preprod|prod)-tw(02|01).cern.ch
  trusted retrieval policy: /DC=ch/DC=cern/OU=computers/CN=vocms(052|058|030|0118|0105|0109).cern.ch|/DC=ch/DC=cern/OU=computers/CN=crab-(preprod|prod)-tw(02|01).cern.ch
  timeleft: 710:44:13  (29.6 days)

 error: 
 retcode : 0
DEBUG 2019-11-11 18:49:06.248 UTC: 	 Myproxy is valid: 2558653
DEBUG 2019-11-11 18:49:06.249 UTC: 	 Command use: status
DEBUG 2019-11-11 18:49:06.249 UTC: 	 Options use: ['--verboseErrors', 'CrabMC_20191101/crab_ExLepMuMuZ_M750_MC_20191101']
DEBUG 2019-11-11 18:49:06.328 UTC: 	 CRABClient version: 3.3.1911
DEBUG 2019-11-11 18:49:06.328 UTC: 	 Instance is prod
DEBUG 2019-11-11 18:49:06.328 UTC: 	 Server base url is cmsweb.cern.ch
DEBUG 2019-11-11 18:49:06.328 UTC: 	 Command url /crabserver/prod/workflow
DEBUG 2019-11-11 18:49:06.415 UTC: 	 Got information from server oracle database: {u'result': [u'191101_121759:sthakur_crab_ExLepMuMuZ_M750_MC_20191101', u'None', u'None', u'SUBMITTED', u'SUBMIT', u'2019-11-01 12:17:59.249893', u'None', u'2019-11-01 12:19:07.442707', u'None', u'CMSSW_10_4_0', u'slc7_amd64_gcc700', u'/ExcitedLepton_MuMuZ-750_TuneCP5_13TeV-pythia8/RunIIFall17MiniAODv2-PU2017_12Apr2018_94X_mc2017_realistic_v14-v1/MINIAODSIM', u'T', u'0', u'[]', u'[]', u'FileBased', u"{'splitOnRun': False, 'halt_job_on_file_boundaries': False, 'files_per_job': 10, 'runs': [], 'lumis': []}", u'f00d1f1c91afd1382f61c1b87d71f5c2749f4965e6facf8ee19ae090e45adfb4.tar.gz', u'https://cmsweb.cern.ch/crabcache', u'sthakur', u'/DC=ch/DC=cern/OU=Organic Units/OU=Users/CN=sthakur/CN=764789/CN=Shalini Thakur', u'cms', u'None', u'None', u'ExLepMuMuZ_M750_MC_20191101-00000000000000000000000000000000', u'F', u'T2_IN_TIFR', u'https://cmsweb.cern.ch/dbs/prod/global/DBSReader', u'https://cmsweb.cern.ch/dbs/prod/phys03/DBSWriter', u'T', u'[]', u"['ExLepMuMuZ_M750_MC_20191101_Ntuple.root']", u'[]', u'Analysis', u'pythia', u'None', u'{}', u'[]', u'F', u'crab-prod-tw01', u'[]', u'1250', u'1', u'2000', u'10', u'None', u'[]', u'http://vocms0121.cern.ch/mon/cms251/191101_121759:sthakur_crab_ExLepMuMuZ_M750_MC_20191101', u'None', u'[]', u'[]', u'https://cmsweb.cern.ch/crabserver/prod', u'cmsgwms-collector-global.cern.ch:9620,cmssrv623.fnal.gov:9620', u'crab3@vocms0121.cern.ch', u'F', u'[]', u'T', u'/store/user/sthakur/ntuple_for2017MC_20191101/MC_20191101/ExLepMuMuZ_M750_MC_20191101', u'F', u'None', u'F', u'None', u'ExcitedLepton_MuMuZ-750_TuneCP5_13TeV-pythia8', u'None', u'05417f8cda9f937effbb2945e1317dec88dc1db6ce26585655bd39da3432e968.tar.gz', u'45910326', u'filetransfers', u'F', u'2001:1458:d00:2e::100:9b', u'0.0', u'None'], u'desc': {u'columns': [u'tm_taskname', u'tm_activity', u'panda_jobset_id', u'tm_task_status', u'tm_task_command', u'tm_start_time', u'tm_start_injection', u'tm_end_injection', u'tm_task_failure', u'tm_job_sw', u'tm_job_arch', u'tm_input_dataset', u'tm_nonvalid_input_dataset', u'tm_use_parent', u'tm_site_whitelist', u'tm_site_blacklist', u'tm_split_algo', u'tm_split_args', u'tm_user_sandbox', u'tm_cache_url', u'tm_username', u'tm_user_dn', u'tm_user_vo', u'tm_user_role', u'tm_user_group', u'tm_publish_name', u'tm_publish_groupname', u'tm_asyncdest', u'tm_dbs_url', u'tm_publish_dbs_url', u'tm_publication', u'tm_outfiles', u'tm_tfile_outfiles', u'tm_edm_outfiles', u'tm_job_type', u'tm_generator', u'tm_events_per_lumi', u'tm_arguments', u'panda_resubmitted_jobs', u'tm_save_logs', u'tw_name', u'tm_user_infiles', u'tm_maxjobruntime', u'tm_numcores', u'tm_maxmemory', u'tm_priority', u'tm_output_dataset', u'tm_task_warnings', u'tm_user_webdir', u'tm_scriptexe', u'tm_scriptargs', u'tm_extrajdl', u'tm_asourl', u'tm_collector', u'tm_schedd', u'tm_dry_run', u'tm_user_files', u'tm_transfer_outputs', u'tm_output_lfn', u'tm_ignore_locality', u'tm_fail_limit', u'tm_one_event_mode', u'tm_secondary_input_dataset', u'tm_primary_dataset', u'tm_last_publication', u'tm_debug_files', u'clusterid', u'tm_asodb', u'tm_ignore_global_blacklist', u'tm_submitter_ip_addr', u'tm_totalunits', u'tm_ddm_reqid']}}
INFO 2019-11-11 18:49:06.416 UTC: 	 CRAB project directory:		/afs/cern.ch/work/s/sthakur/xRavindra/MiniTree2017Data/CMSSW_10_4_0/src/ExLep2017Crab/crab/CrabMC_20191101/crab_ExLepMuMuZ_M750_MC_20191101
INFO 2019-11-11 18:49:06.416 UTC: 	 Task name:			191101_121759:sthakur_crab_ExLepMuMuZ_M750_MC_20191101
INFO 2019-11-11 18:49:06.416 UTC: 	 Grid scheduler - Task Worker:	crab3@vocms0121.cern.ch - crab-prod-tw01
INFO 2019-11-11 18:49:06.416 UTC: 	 Status on the CRAB server:	SUBMITTED
INFO 2019-11-11 18:49:06.416 UTC: 	 Task URL to use for HELP:	https://cmsweb.cern.ch/crabserver/ui/task/191101_121759%3Asthakur_crab_ExLepMuMuZ_M750_MC_20191101
INFO 2019-11-11 18:49:06.416 UTC: 	 Dashboard monitoring URL:	https://monit-grafana.cern.ch/d/cmsTMDetail/cms-task-monitoring-task-view?orgId=11&var-user=sthakur&var-task=191101_121759%3Asthakur_crab_ExLepMuMuZ_M750_MC_20191101
INFO 2019-11-11 18:49:06.416 UTC: 	 In case of issues with the dashboard, please provide feedback to hn-cms-computing-tools@cern.ch
DEBUG 2019-11-11 18:49:06.417 UTC: 	 The CRAB server submitted your task to the Grid scheduler (cluster ID: 45910326)
DEBUG 2019-11-11 18:49:06.417 UTC: 	 Webdir is located at http://vocms0121.cern.ch/mon/cms251/191101_121759:sthakur_crab_ExLepMuMuZ_M750_MC_20191101
DEBUG 2019-11-11 18:49:06.486 UTC: 	 Proxied webdir is located at https://cmsweb.cern.ch/scheddmon/0121/cms251/191101_121759:sthakur_crab_ExLepMuMuZ_M750_MC_20191101
DEBUG 2019-11-11 18:49:06.487 UTC: 	 Retrieving 'status_cache' file from https://cmsweb.cern.ch/scheddmon/0121/cms251/191101_121759:sthakur_crab_ExLepMuMuZ_M750_MC_20191101/status_cache
DEBUG 2019-11-11 18:49:06.537 UTC: 	 Got information from status cache file: {'1': {'Retries': 0, 'WallDurations': [10.0, 4744.0], 'StartTimes': [1572610912.0], 'SubmitTimes': [1572610762.0], 'JobIds': ['45910331.0'], 'EndTimes': [1572615656.0], 'Restarts': 0, 'RecordedSite': True, 'State': 'finished', 'ResidentSetSize': [808316], 'TotalUserCpuTimeHistory': [1879], 'SiteHistory': ['Unknown', 'T2_US_Vanderbilt'], 'TotalSysCpuTimeHistory': [77]}, '2': {'Retries': 0, 'WallDurations': [76.0, 213.89673805236816], 'StartTimes': [1572610909.0], 'SubmitTimes': [1572610762.0], 'JobIds': ['45910333.0'], 'EndTimes': [1572610985.0], 'Restarts': 0, 'RecordedSite': True, 'State': 'finished', 'ResidentSetSize': [2800], 'TotalUserCpuTimeHistory': [30], 'SiteHistory': ['Unknown', 'T2_US_MIT'], 'TotalSysCpuTimeHistory': [2]}}
INFO 2019-11-11 18:49:06.537 UTC: 	 Status on the scheduler:	COMPLETED
INFO 2019-11-11 18:49:06.537 UTC: 	 
Jobs status:                    finished     		100.0% (2/2)
INFO 2019-11-11 18:49:06.617 UTC: 	 
No publication information available yet
INFO 2019-11-11 18:49:06.617 UTC: 	 
Warning: the max jobs runtime is less than 30% of the task requested value (1250 min), please consider to request a lower value for failed jobs (allowed through crab resubmit) and/or improve the jobs splitting (e.g. config.Data.splitting = 'Automatic') in a new task.
INFO 2019-11-11 18:49:06.617 UTC: 	 
Warning: the average jobs CPU efficiency is less than 50%, please consider to improve the jobs splitting (e.g. config.Data.splitting = 'Automatic') in a new task
INFO 2019-11-11 18:49:06.617 UTC: 	 
Summary of run jobs:
 * Memory: 2MB min, 789MB max, 396MB ave
 * Runtime: 0:03:33 min, 1:19:04 max, 0:41:18 ave
 * CPU eff: 15% min, 41% max, 40% ave
 * Waste: 0:01:26 (2% of total)

INFO 2019-11-11 18:49:06.629 UTC: 	 Log file is /afs/cern.ch/work/s/sthakur/xRavindra/MiniTree2017Data/CMSSW_10_4_0/src/ExLep2017Crab/crab/CrabMC_20191101/crab_ExLepMuMuZ_M750_MC_20191101/crab.log
