DEBUG 2019-11-16 18:52:07.259 UTC: 	 Running on: Linux lxplus745.cern.ch 3.10.0-1062.4.1.el7.x86_64 #1 SMP Fri Oct 18 17:15:30 UTC 2019 x86_64 x86_64 x86_64 GNU/Linux - CentOS Linux 7 (Core)
DEBUG 2019-11-16 18:52:07.276 UTC: 	 OpenSSl version: OpenSSL 1.0.2k-fips  26 Jan 2017 (Library: OpenSSL 1.0.2d-fips 9 Jul 2015)
DEBUG 2019-11-16 18:52:07.276 UTC: 	 Executing command: 'submit'
DEBUG 2019-11-16 18:52:07.284 UTC: 	 Found CRAB cache file /afs/cern.ch/user/s/sthakur/.crab3
DEBUG 2019-11-16 18:52:07.292 UTC: 	 Checking credentials
DEBUG 2019-11-16 18:52:07.293 UTC: 	 Found proxy file /tmp/x509up_u77410
DEBUG 2019-11-16 18:52:07.293 UTC: 	 Getting proxy life time left
DEBUG 2019-11-16 18:52:08.000 UTC: 	 Executing : 
 command : voms-proxy-info -file /tmp/x509up_u77410 -timeleft
 output : 40171

 error: 
 retcode : 0
DEBUG 2019-11-16 18:52:08.810 UTC: 	 Executing : 
 command : voms-proxy-info -file /tmp/x509up_u77410 -actimeleft
 output : 40170

 error: 
 retcode : 0
DEBUG 2019-11-16 18:52:08.810 UTC: 	 Proxy lifetime 40171 secs is different from voms extension lifetime 40170 secs for proxy: /tmp/x509up_u77410
DEBUG 2019-11-16 18:52:08.810 UTC: 	 Proxy valid for 11:09:30 hours
DEBUG 2019-11-16 18:52:08.811 UTC: 	 Will use CRAB Analysis plugin (i.e. will run an analysis job type).
DEBUG 2019-11-16 18:52:08.990 UTC: 	 Executing : 
 command : openssl x509 -in ~/.globus/usercert.pem -subject -noout
 output : subject= /DC=ch/DC=cern/OU=Organic Units/OU=Users/CN=sthakur/CN=764789/CN=Shalini Thakur

 error: 
 retcode : 0
DEBUG 2019-11-16 18:52:08.991 UTC: 	 Checking credentials
DEBUG 2019-11-16 18:52:08.991 UTC: 	 Found proxy file /tmp/x509up_u77410
DEBUG 2019-11-16 18:52:08.991 UTC: 	 Getting proxy life time left
DEBUG 2019-11-16 18:52:09.799 UTC: 	 Executing : 
 command : voms-proxy-info -file /tmp/x509up_u77410 -timeleft
 output : 40169

 error: 
 retcode : 0
DEBUG 2019-11-16 18:52:10.509 UTC: 	 Executing : 
 command : voms-proxy-info -file /tmp/x509up_u77410 -actimeleft
 output : 40168

 error: 
 retcode : 0
DEBUG 2019-11-16 18:52:10.510 UTC: 	 Proxy lifetime 40169 secs is different from voms extension lifetime 40168 secs for proxy: /tmp/x509up_u77410
DEBUG 2019-11-16 18:52:10.510 UTC: 	 Proxy valid for 11:09:28 hours
DEBUG 2019-11-16 18:52:11.318 UTC: 	 Executing : 
 command : env X509_USER_PROXY=/tmp/x509up_u77410 voms-proxy-info -fqan
 output : /cms/Role=NULL/Capability=NULL

 error: 
 retcode : 0
DEBUG 2019-11-16 18:52:11.438 UTC: 	 Registering user credentials for server /DC=ch/DC=cern/OU=computers/CN=vocms(052|058|030|0118|0105|0109).cern.ch|/DC=ch/DC=cern/OU=computers/CN=crab-(preprod|prod)-tw(02|01).cern.ch
DEBUG 2019-11-16 18:52:11.553 UTC: 	 Executing : 
 command : openssl x509 -in ~/.globus/usercert.pem -subject -noout
 output : subject= /DC=ch/DC=cern/OU=Organic Units/OU=Users/CN=sthakur/CN=764789/CN=Shalini Thakur

 error: 
 retcode : 0
DEBUG 2019-11-16 18:52:11.553 UTC: 	 Getting myproxy life time left for myproxy.cern.ch
DEBUG 2019-11-16 18:52:11.553 UTC: 	 Calculating hash of /DC=ch/DC=cern/OU=Organic Units/OU=Users/CN=sthakur/CN=764789/CN=Shalini Thakur_cmsweb.cern.ch for credential name
DEBUG 2019-11-16 18:52:11.762 UTC: 	 Executing : 
 command : myproxy-info -l 9cd94953387eeee7bf4da2b7588630639ea1153b -s myproxy.cern.ch
 output : username: 9cd94953387eeee7bf4da2b7588630639ea1153b
owner: /DC=ch/DC=cern/OU=Organic Units/OU=Users/CN=sthakur/CN=764789/CN=Shalini Thakur
  renewal policy: /DC=ch/DC=cern/OU=computers/CN=vocms(052|058|030|0118|0105|0109).cern.ch|/DC=ch/DC=cern/OU=computers/CN=crab-(preprod|prod)-tw(02|01).cern.ch
  trusted retrieval policy: /DC=ch/DC=cern/OU=computers/CN=vocms(052|058|030|0118|0105|0109).cern.ch|/DC=ch/DC=cern/OU=computers/CN=crab-(preprod|prod)-tw(02|01).cern.ch
  timeleft: 590:41:08  (24.6 days)

 error: 
 retcode : 0
DEBUG 2019-11-16 18:52:11.764 UTC: 	 Myproxy is valid: 2126468
DEBUG 2019-11-16 18:52:11.764 UTC: 	 Command use: submit
DEBUG 2019-11-16 18:52:11.764 UTC: 	 Options use: ['--config', <WMCore.Configuration.Configuration object at 0x7f548bac4fd0>]
DEBUG 2019-11-16 18:52:11.903 UTC: 	 CRABClient version: 3.3.1911.patch1
DEBUG 2019-11-16 18:52:11.903 UTC: 	 Instance is prod
DEBUG 2019-11-16 18:52:11.903 UTC: 	 Server base url is cmsweb.cern.ch
DEBUG 2019-11-16 18:52:11.903 UTC: 	 Command url /crabserver/prod/workflow
DEBUG 2019-11-16 18:52:11.903 UTC: 	 Started submission
DEBUG 2019-11-16 18:52:11.903 UTC: 	 Working on /afs/cern.ch/work/s/sthakur/xRavindra/MiniTree2017Data/CMSSW_10_4_0/src/ExLep2017Crab/crab/CrabMC_20191116/crab_ExLepEEZ_M750_MC_20191116
DEBUG 2019-11-16 18:52:12.036 UTC: 	 Loading required information from the environment
DEBUG 2019-11-16 18:52:12.036 UTC: 	 Found CMSSW_10_4_0 for slc7_amd64_gcc700 with base /afs/cern.ch/work/s/sthakur/xRavindra/MiniTree2017Data/CMSSW_10_4_0
DEBUG 2019-11-16 18:52:12.036 UTC: 	 Loading required information from the environment
DEBUG 2019-11-16 18:52:12.036 UTC: 	 Found CMSSW_10_4_0 for slc7_amd64_gcc700 with base /afs/cern.ch/work/s/sthakur/xRavindra/MiniTree2017Data/CMSSW_10_4_0
DEBUG 2019-11-16 18:52:12.057 UTC: 	 UNIQUE NAME: tarUUID a95fae0d-f4af-4ce0-a842-d4c580d8c539 
DEBUG 2019-11-16 18:52:12.058 UTC: 	 self.config: from WMCore.Configuration import Configuration
config = Configuration()
config.section_('General')
config.General.workArea = 'CrabMC_20191116'
config.General.transferOutputs = True
config.General.transferLogs = False
config.General.requestName = 'ExLepEEZ_M750_MC_20191116'
config.section_('JobType')
config.JobType.psetName = '20191116/config/ExLepEEZ_M750_MC_20191116_cfg.py'
config.JobType.pluginName = 'Analysis'
config.JobType.inputFiles = ['../../ExLep2017Tree/Selection/test/Fall17_V3_MC_PtResolution_AK8PF.txt', '../../ExLep2017Tree/Selection/test/Fall17_V3_MC_SF_AK8PF.txt']
config.JobType.allowUndistributedCMSSW = True
config.JobType.maxMemoryMB = 2000
config.section_('Data')
config.Data.inputDataset = '/ExcitedLepton_EEZ-750_TuneCP5_13TeV-pythia8/RunIIFall17MiniAODv2-PU2017_12Apr2018_94X_mc2017_realistic_v14-v1/MINIAODSIM'
config.Data.allowNonValidInputDataset = True
config.Data.unitsPerJob = 10
config.Data.inputDBS = 'global'
config.Data.splitting = 'FileBased'
config.Data.outputDatasetTag = 'ExLepEEZ_M750_MC_20191116'
config.Data.outLFNDirBase = '/store/user/sthakur/ntuple_for2017MC_20191116/MC_20191116/ExLepEEZ_M750_MC_20191116'
config.section_('Site')
config.Site.storageSite = 'T2_IN_TIFR'
config.section_('User')
config.section_('Debug')

DEBUG 2019-11-16 18:52:12.058 UTC: 	 self.config.JobType.psetName: 20191116/config/ExLepEEZ_M750_MC_20191116_cfg.py
INFO 2019-11-16 18:52:12.058 UTC: 	 Importing CMSSW configuration 20191116/config/ExLepEEZ_M750_MC_20191116_cfg.py
INFO 2019-11-16 18:52:12.423 UTC: 	 Finished importing CMSSW configuration 20191116/config/ExLepEEZ_M750_MC_20191116_cfg.py
DEBUG 2019-11-16 18:52:12.423 UTC: 	 Writing CMSSW configuration to /afs/cern.ch/work/s/sthakur/xRavindra/MiniTree2017Data/CMSSW_10_4_0/src/ExLep2017Crab/crab/CrabMC_20191116/crab_ExLepEEZ_M750_MC_20191116/inputs/PSet.py
DEBUG 2019-11-16 18:52:12.479 UTC: 	 The following EDM output files will be collected: []
DEBUG 2019-11-16 18:52:12.479 UTC: 	 The following TFile output files will be collected: ['ExLepEEZ_M750_MC_20191116_Ntuple.root']
DEBUG 2019-11-16 18:52:12.479 UTC: 	 The following user output files (not listed as PoolOuputModule or TFileService in the CMSSW PSet) will be collected: 
DEBUG 2019-11-16 18:52:12.479 UTC: 	 Loading required information from the environment
DEBUG 2019-11-16 18:52:12.479 UTC: 	 Found CMSSW_10_4_0 for slc7_amd64_gcc700 with base /afs/cern.ch/work/s/sthakur/xRavindra/MiniTree2017Data/CMSSW_10_4_0
DEBUG 2019-11-16 18:52:12.479 UTC: 	 Making tarball in /afs/cern.ch/work/s/sthakur/xRavindra/MiniTree2017Data/CMSSW_10_4_0/src/ExLep2017Crab/crab/CrabMC_20191116/crab_ExLepEEZ_M750_MC_20191116/inputs/a95fae0d-f4af-4ce0-a842-d4c580d8c539default.tgz
DEBUG 2019-11-16 18:52:12.480 UTC: 	 Checking directory /afs/cern.ch/work/s/sthakur/xRavindra/MiniTree2017Data/CMSSW_10_4_0/lib
DEBUG 2019-11-16 18:52:12.480 UTC: 	 Adding directory /afs/cern.ch/work/s/sthakur/xRavindra/MiniTree2017Data/CMSSW_10_4_0/lib to tarball
DEBUG 2019-11-16 18:52:12.493 UTC: 	 Checking directory /afs/cern.ch/work/s/sthakur/xRavindra/MiniTree2017Data/CMSSW_10_4_0/biglib
DEBUG 2019-11-16 18:52:12.493 UTC: 	 Adding directory /afs/cern.ch/work/s/sthakur/xRavindra/MiniTree2017Data/CMSSW_10_4_0/biglib to tarball
DEBUG 2019-11-16 18:52:12.494 UTC: 	 Checking directory /afs/cern.ch/work/s/sthakur/xRavindra/MiniTree2017Data/CMSSW_10_4_0/module
DEBUG 2019-11-16 18:52:12.502 UTC: 	 Adding data directory /afs/cern.ch/work/s/sthakur/xRavindra/MiniTree2017Data/CMSSW_10_4_0/src/ExLep2017Tree/Selection/interface to tarball
DEBUG 2019-11-16 18:52:12.533 UTC: 	 Adding file ../../ExLep2017Tree/Selection/test/Fall17_V3_MC_PtResolution_AK8PF.txt to tarball
DEBUG 2019-11-16 18:52:12.534 UTC: 	 Adding file ../../ExLep2017Tree/Selection/test/Fall17_V3_MC_SF_AK8PF.txt to tarball
DEBUG 2019-11-16 18:52:12.644 UTC: 	 Uploading archive /afs/cern.ch/work/s/sthakur/xRavindra/MiniTree2017Data/CMSSW_10_4_0/src/ExLep2017Crab/crab/CrabMC_20191116/crab_ExLepEEZ_M750_MC_20191116/inputs/a95fae0d-f4af-4ce0-a842-d4c580d8c539default.tgz (239 KB) to the CRAB cache. Using URI https://cmsweb.cern.ch/crabcache
DEBUG 2019-11-16 18:52:13.050 UTC: 	 Loading required information from the environment
DEBUG 2019-11-16 18:52:13.051 UTC: 	 Found CMSSW_10_4_0 for slc7_amd64_gcc700 with base /afs/cern.ch/work/s/sthakur/xRavindra/MiniTree2017Data/CMSSW_10_4_0
DEBUG 2019-11-16 18:52:13.051 UTC: 	 Making tarball in /afs/cern.ch/work/s/sthakur/xRavindra/MiniTree2017Data/CMSSW_10_4_0/src/ExLep2017Crab/crab/CrabMC_20191116/crab_ExLepEEZ_M750_MC_20191116/inputs/debugFiles.tgz
DEBUG 2019-11-16 18:52:13.056 UTC: 	 Uploading archive /afs/cern.ch/work/s/sthakur/xRavindra/MiniTree2017Data/CMSSW_10_4_0/src/ExLep2017Crab/crab/CrabMC_20191116/crab_ExLepEEZ_M750_MC_20191116/inputs/debugFiles.tgz (2 KB) to the CRAB cache. Using URI https://cmsweb.cern.ch/crabcache
DEBUG 2019-11-16 18:52:13.187 UTC: 	 Result uploading input files: b042b9a41b935de02a2cae0594b4a27880b20bce9dffbecf7acaf5da47ccd43b.tar.gz 
WARNING 2019-11-16 18:52:13.187 UTC: 	 Warning: The following output files will not be published, as they are not EDM files: ['ExLepEEZ_M750_MC_20191116_Ntuple.root']
INFO 2019-11-16 18:52:13.187 UTC: 	 Sending the request to the server at cmsweb.cern.ch
DEBUG 2019-11-16 18:52:13.188 UTC: 	 Submitting {'maxjobruntime': 1250, 'extrajdl': [], 'ignorelocality': 0, 'savelogsflag': 0, 'useparent': 0, 'asyncdest': 'T2_IN_TIFR', 'algoargs': 10, 'cachefilename': 'b042b9a41b935de02a2cae0594b4a27880b20bce9dffbecf7acaf5da47ccd43b.tar.gz', 'numcores': 1, 'addoutputfiles': [], 'generator': 'pythia', 'maxmemory': 2000, 'publishdbsurl': 'https://cmsweb.cern.ch/dbs/prod/phys03/DBSWriter', 'priority': 10, 'jobsw': 'CMSSW_10_4_0', 'edmoutfiles': [], 'userfiles': [], 'primarydataset': '', 'inputdata': '/ExcitedLepton_EEZ-750_TuneCP5_13TeV-pythia8/RunIIFall17MiniAODv2-PU2017_12Apr2018_94X_mc2017_realistic_v14-v1/MINIAODSIM', 'lfn': '/store/user/sthakur/ntuple_for2017MC_20191116/MC_20191116/ExLepEEZ_M750_MC_20191116', 'dryrun': 0, 'workflow': 'crab_ExLepEEZ_M750_MC_20191116', 'cacheurl': u'https://cmsweb.cern.ch/crabcache', 'nonprodsw': 1, 'tfileoutfiles': ['ExLepEEZ_M750_MC_20191116_Ntuple.root'], 'oneEventMode': 0, 'debugfilename': '92da0eac279d18735231b8449a09ffe1f327a4d3eb45a30962a34d0e03b3aafa.tar.gz', 'saveoutput': 1, 'publication': 1, 'jobarch': 'slc7_amd64_gcc700', 'totalunits': 0, 'splitalgo': 'FileBased', 'ignoreglobalblacklist': 0, 'nonvaliddata': 1, 'dbsurl': 'https://cmsweb.cern.ch/dbs/prod/global/DBSReader', 'publishgroupname': 0, 'jobtype': 'Analysis', 'publishname2': 'ExLepEEZ_M750_MC_20191116'} 
DEBUG 2019-11-16 18:52:13.188 UTC: 	 Encoded submit request: maxjobruntime=1250&ignorelocality=0&savelogsflag=0&useparent=0&asyncdest=T2_IN_TIFR&algoargs=10&cachefilename=b042b9a41b935de02a2cae0594b4a27880b20bce9dffbecf7acaf5da47ccd43b.tar.gz&numcores=1&generator=pythia&maxmemory=2000&publishdbsurl=https%3A%2F%2Fcmsweb.cern.ch%2Fdbs%2Fprod%2Fphys03%2FDBSWriter&priority=10&jobsw=CMSSW_10_4_0&primarydataset=&inputdata=%2FExcitedLepton_EEZ-750_TuneCP5_13TeV-pythia8%2FRunIIFall17MiniAODv2-PU2017_12Apr2018_94X_mc2017_realistic_v14-v1%2FMINIAODSIM&lfn=%2Fstore%2Fuser%2Fsthakur%2Fntuple_for2017MC_20191116%2FMC_20191116%2FExLepEEZ_M750_MC_20191116&dryrun=0&workflow=crab_ExLepEEZ_M750_MC_20191116&cacheurl=https%3A%2F%2Fcmsweb.cern.ch%2Fcrabcache&nonprodsw=1&oneEventMode=0&debugfilename=92da0eac279d18735231b8449a09ffe1f327a4d3eb45a30962a34d0e03b3aafa.tar.gz&saveoutput=1&publication=1&jobarch=slc7_amd64_gcc700&totalunits=0&splitalgo=FileBased&ignoreglobalblacklist=0&nonvaliddata=1&dbsurl=https%3A%2F%2Fcmsweb.cern.ch%2Fdbs%2Fprod%2Fglobal%2FDBSReader&publishgroupname=0&jobtype=Analysis&publishname2=ExLepEEZ_M750_MC_20191116&tfileoutfiles=ExLepEEZ_M750_MC_20191116_Ntuple.root
DEBUG 2019-11-16 18:52:13.293 UTC: 	 Result: {u'result': [{u'RequestName': u'191116_185213:sthakur_crab_ExLepEEZ_M750_MC_20191116'}]}
INFO 2019-11-16 18:52:13.302 UTC: 	 Success: Your task has been delivered to the prod CRAB3 server.
INFO 2019-11-16 18:52:13.302 UTC: 	 Task name: 191116_185213:sthakur_crab_ExLepEEZ_M750_MC_20191116
INFO 2019-11-16 18:52:13.302 UTC: 	 Project dir: CrabMC_20191116/crab_ExLepEEZ_M750_MC_20191116
INFO 2019-11-16 18:52:13.303 UTC: 	 Please use 'crab status -d CrabMC_20191116/crab_ExLepEEZ_M750_MC_20191116' to check how the submission process proceeds.
DEBUG 2019-11-16 18:52:13.303 UTC: 	 About to return
DEBUG 2019-11-16 18:58:50.363 UTC: 	 Running on: Linux lxplus745.cern.ch 3.10.0-1062.4.1.el7.x86_64 #1 SMP Fri Oct 18 17:15:30 UTC 2019 x86_64 x86_64 x86_64 GNU/Linux - CentOS Linux 7 (Core)
DEBUG 2019-11-16 18:58:50.379 UTC: 	 OpenSSl version: OpenSSL 1.0.2k-fips  26 Jan 2017 (Library: OpenSSL 1.0.2d-fips 9 Jul 2015)
DEBUG 2019-11-16 18:58:50.380 UTC: 	 Executing command: 'status'
DEBUG 2019-11-16 18:58:50.380 UTC: 	 Found CRAB cache file /afs/cern.ch/user/s/sthakur/.crab3
DEBUG 2019-11-16 18:58:50.388 UTC: 	 Checking credentials
DEBUG 2019-11-16 18:58:50.388 UTC: 	 Found proxy file /tmp/x509up_u77410
DEBUG 2019-11-16 18:58:50.388 UTC: 	 Getting proxy life time left
DEBUG 2019-11-16 18:58:51.194 UTC: 	 Executing : 
 command : voms-proxy-info -file /tmp/x509up_u77410 -timeleft
 output : 39767

 error: 
 retcode : 0
DEBUG 2019-11-16 18:58:52.007 UTC: 	 Executing : 
 command : voms-proxy-info -file /tmp/x509up_u77410 -actimeleft
 output : 39767

 error: 
 retcode : 0
DEBUG 2019-11-16 18:58:52.007 UTC: 	 Proxy valid for 11:02:47 hours
DEBUG 2019-11-16 18:58:52.231 UTC: 	 Executing : 
 command : openssl x509 -in ~/.globus/usercert.pem -subject -noout
 output : subject= /DC=ch/DC=cern/OU=Organic Units/OU=Users/CN=sthakur/CN=764789/CN=Shalini Thakur

 error: 
 retcode : 0
DEBUG 2019-11-16 18:58:52.231 UTC: 	 Checking credentials
DEBUG 2019-11-16 18:58:52.232 UTC: 	 Found proxy file /tmp/x509up_u77410
DEBUG 2019-11-16 18:58:52.232 UTC: 	 Getting proxy life time left
DEBUG 2019-11-16 18:58:52.940 UTC: 	 Executing : 
 command : voms-proxy-info -file /tmp/x509up_u77410 -timeleft
 output : 39766

 error: 
 retcode : 0
DEBUG 2019-11-16 18:58:53.648 UTC: 	 Executing : 
 command : voms-proxy-info -file /tmp/x509up_u77410 -actimeleft
 output : 39765

 error: 
 retcode : 0
DEBUG 2019-11-16 18:58:53.648 UTC: 	 Proxy lifetime 39766 secs is different from voms extension lifetime 39765 secs for proxy: /tmp/x509up_u77410
DEBUG 2019-11-16 18:58:53.648 UTC: 	 Proxy valid for 11:02:45 hours
DEBUG 2019-11-16 18:58:53.752 UTC: 	 Registering user credentials for server /DC=ch/DC=cern/OU=computers/CN=vocms(052|058|030|0118|0105|0109).cern.ch|/DC=ch/DC=cern/OU=computers/CN=crab-(preprod|prod)-tw(02|01).cern.ch
DEBUG 2019-11-16 18:58:53.863 UTC: 	 Executing : 
 command : openssl x509 -in ~/.globus/usercert.pem -subject -noout
 output : subject= /DC=ch/DC=cern/OU=Organic Units/OU=Users/CN=sthakur/CN=764789/CN=Shalini Thakur

 error: 
 retcode : 0
DEBUG 2019-11-16 18:58:53.863 UTC: 	 Getting myproxy life time left for myproxy.cern.ch
DEBUG 2019-11-16 18:58:53.863 UTC: 	 Calculating hash of /DC=ch/DC=cern/OU=Organic Units/OU=Users/CN=sthakur/CN=764789/CN=Shalini Thakur_cmsweb.cern.ch for credential name
DEBUG 2019-11-16 18:58:54.067 UTC: 	 Executing : 
 command : myproxy-info -l 9cd94953387eeee7bf4da2b7588630639ea1153b -s myproxy.cern.ch
 output : username: 9cd94953387eeee7bf4da2b7588630639ea1153b
owner: /DC=ch/DC=cern/OU=Organic Units/OU=Users/CN=sthakur/CN=764789/CN=Shalini Thakur
  renewal policy: /DC=ch/DC=cern/OU=computers/CN=vocms(052|058|030|0118|0105|0109).cern.ch|/DC=ch/DC=cern/OU=computers/CN=crab-(preprod|prod)-tw(02|01).cern.ch
  trusted retrieval policy: /DC=ch/DC=cern/OU=computers/CN=vocms(052|058|030|0118|0105|0109).cern.ch|/DC=ch/DC=cern/OU=computers/CN=crab-(preprod|prod)-tw(02|01).cern.ch
  timeleft: 590:34:26  (24.6 days)

 error: 
 retcode : 0
DEBUG 2019-11-16 18:58:54.068 UTC: 	 Myproxy is valid: 2126066
DEBUG 2019-11-16 18:58:54.069 UTC: 	 Command use: status
DEBUG 2019-11-16 18:58:54.069 UTC: 	 Options use: ['--verboseErrors', 'CrabMC_20191116/crab_ExLepEEZ_M750_MC_20191116']
DEBUG 2019-11-16 18:58:54.260 UTC: 	 CRABClient version: 3.3.1911.patch1
DEBUG 2019-11-16 18:58:54.260 UTC: 	 Instance is prod
DEBUG 2019-11-16 18:58:54.260 UTC: 	 Server base url is cmsweb.cern.ch
DEBUG 2019-11-16 18:58:54.260 UTC: 	 Command url /crabserver/prod/workflow
DEBUG 2019-11-16 18:58:54.370 UTC: 	 Got information from server oracle database: {u'result': [u'191116_185213:sthakur_crab_ExLepEEZ_M750_MC_20191116', u'None', u'None', u'SUBMITTED', u'SUBMIT', u'2019-11-16 18:52:13.285880', u'None', u'2019-11-16 18:53:37.721860', u'None', u'CMSSW_10_4_0', u'slc7_amd64_gcc700', u'/ExcitedLepton_EEZ-750_TuneCP5_13TeV-pythia8/RunIIFall17MiniAODv2-PU2017_12Apr2018_94X_mc2017_realistic_v14-v1/MINIAODSIM', u'T', u'0', u'[]', u'[]', u'FileBased', u"{'splitOnRun': False, 'halt_job_on_file_boundaries': False, 'files_per_job': 10, 'runs': [], 'lumis': []}", u'b042b9a41b935de02a2cae0594b4a27880b20bce9dffbecf7acaf5da47ccd43b.tar.gz', u'https://cmsweb.cern.ch/crabcache', u'sthakur', u'/DC=ch/DC=cern/OU=Organic Units/OU=Users/CN=sthakur/CN=764789/CN=Shalini Thakur', u'cms', u'None', u'None', u'ExLepEEZ_M750_MC_20191116-00000000000000000000000000000000', u'F', u'T2_IN_TIFR', u'https://cmsweb.cern.ch/dbs/prod/global/DBSReader', u'https://cmsweb.cern.ch/dbs/prod/phys03/DBSWriter', u'T', u'[]', u"['ExLepEEZ_M750_MC_20191116_Ntuple.root']", u'[]', u'Analysis', u'pythia', u'None', u'{}', u'[]', u'F', u'crab-prod-tw01', u'[]', u'1250', u'1', u'2000', u'10', u'None', u'[]', u'http://vocms0144.cern.ch/mon/cms251/191116_185213:sthakur_crab_ExLepEEZ_M750_MC_20191116', u'None', u'[]', u'[]', u'https://cmsweb.cern.ch/crabserver/prod', u'cmsgwms-collector-global.cern.ch:9620,cmssrv623.fnal.gov:9620', u'crab3@vocms0144.cern.ch', u'F', u'[]', u'T', u'/store/user/sthakur/ntuple_for2017MC_20191116/MC_20191116/ExLepEEZ_M750_MC_20191116', u'F', u'None', u'F', u'None', u'ExcitedLepton_EEZ-750_TuneCP5_13TeV-pythia8', u'None', u'92da0eac279d18735231b8449a09ffe1f327a4d3eb45a30962a34d0e03b3aafa.tar.gz', u'47006532', u'filetransfers', u'F', u'2001:1458:d00:13::2e5', u'0.0', u'None'], u'desc': {u'columns': [u'tm_taskname', u'tm_activity', u'panda_jobset_id', u'tm_task_status', u'tm_task_command', u'tm_start_time', u'tm_start_injection', u'tm_end_injection', u'tm_task_failure', u'tm_job_sw', u'tm_job_arch', u'tm_input_dataset', u'tm_nonvalid_input_dataset', u'tm_use_parent', u'tm_site_whitelist', u'tm_site_blacklist', u'tm_split_algo', u'tm_split_args', u'tm_user_sandbox', u'tm_cache_url', u'tm_username', u'tm_user_dn', u'tm_user_vo', u'tm_user_role', u'tm_user_group', u'tm_publish_name', u'tm_publish_groupname', u'tm_asyncdest', u'tm_dbs_url', u'tm_publish_dbs_url', u'tm_publication', u'tm_outfiles', u'tm_tfile_outfiles', u'tm_edm_outfiles', u'tm_job_type', u'tm_generator', u'tm_events_per_lumi', u'tm_arguments', u'panda_resubmitted_jobs', u'tm_save_logs', u'tw_name', u'tm_user_infiles', u'tm_maxjobruntime', u'tm_numcores', u'tm_maxmemory', u'tm_priority', u'tm_output_dataset', u'tm_task_warnings', u'tm_user_webdir', u'tm_scriptexe', u'tm_scriptargs', u'tm_extrajdl', u'tm_asourl', u'tm_collector', u'tm_schedd', u'tm_dry_run', u'tm_user_files', u'tm_transfer_outputs', u'tm_output_lfn', u'tm_ignore_locality', u'tm_fail_limit', u'tm_one_event_mode', u'tm_secondary_input_dataset', u'tm_primary_dataset', u'tm_last_publication', u'tm_debug_files', u'clusterid', u'tm_asodb', u'tm_ignore_global_blacklist', u'tm_submitter_ip_addr', u'tm_totalunits', u'tm_ddm_reqid']}}
INFO 2019-11-16 18:58:54.371 UTC: 	 CRAB project directory:		/afs/cern.ch/work/s/sthakur/xRavindra/MiniTree2017Data/CMSSW_10_4_0/src/ExLep2017Crab/crab/CrabMC_20191116/crab_ExLepEEZ_M750_MC_20191116
INFO 2019-11-16 18:58:54.371 UTC: 	 Task name:			191116_185213:sthakur_crab_ExLepEEZ_M750_MC_20191116
INFO 2019-11-16 18:58:54.371 UTC: 	 Grid scheduler - Task Worker:	crab3@vocms0144.cern.ch - crab-prod-tw01
INFO 2019-11-16 18:58:54.371 UTC: 	 Status on the CRAB server:	SUBMITTED
INFO 2019-11-16 18:58:54.371 UTC: 	 Task URL to use for HELP:	https://cmsweb.cern.ch/crabserver/ui/task/191116_185213%3Asthakur_crab_ExLepEEZ_M750_MC_20191116
INFO 2019-11-16 18:58:54.371 UTC: 	 Dashboard monitoring URL:	https://monit-grafana.cern.ch/d/cmsTMDetail/cms-task-monitoring-task-view?orgId=11&var-user=sthakur&var-task=191116_185213%3Asthakur_crab_ExLepEEZ_M750_MC_20191116
INFO 2019-11-16 18:58:54.371 UTC: 	 In case of issues with the dashboard, please provide feedback to hn-cms-computing-tools@cern.ch
DEBUG 2019-11-16 18:58:54.371 UTC: 	 The CRAB server submitted your task to the Grid scheduler (cluster ID: 47006532)
DEBUG 2019-11-16 18:58:54.371 UTC: 	 Webdir is located at http://vocms0144.cern.ch/mon/cms251/191116_185213:sthakur_crab_ExLepEEZ_M750_MC_20191116
DEBUG 2019-11-16 18:58:54.516 UTC: 	 Proxied webdir is located at https://cmsweb.cern.ch/scheddmon/0144/cms251/191116_185213:sthakur_crab_ExLepEEZ_M750_MC_20191116
DEBUG 2019-11-16 18:58:54.517 UTC: 	 Retrieving 'status_cache' file from https://cmsweb.cern.ch/scheddmon/0144/cms251/191116_185213:sthakur_crab_ExLepEEZ_M750_MC_20191116/status_cache
DEBUG 2019-11-16 18:58:54.570 UTC: 	 Got information from status cache file: {'1': {'Retries': 0, 'WallDurations': [0], 'StartTimes': [], 'SubmitTimes': [1573930429.0], 'JobIds': ['47006534.0'], 'EndTimes': [], 'Restarts': 0, 'RecordedSite': False, 'State': 'idle', 'ResidentSetSize': [0], 'TotalUserCpuTimeHistory': [0.0], 'SiteHistory': ['Unknown'], 'TotalSysCpuTimeHistory': [0.0]}, '3': {'Retries': 0, 'WallDurations': [0], 'StartTimes': [], 'SubmitTimes': [1573930430.0], 'JobIds': ['47006536.0'], 'EndTimes': [], 'Restarts': 0, 'RecordedSite': False, 'State': 'idle', 'ResidentSetSize': [0], 'TotalUserCpuTimeHistory': [0.0], 'SiteHistory': ['Unknown'], 'TotalSysCpuTimeHistory': [0.0]}, '2': {'Retries': 0, 'WallDurations': [0], 'StartTimes': [], 'SubmitTimes': [1573930429.0], 'JobIds': ['47006535.0'], 'EndTimes': [], 'Restarts': 0, 'RecordedSite': False, 'State': 'idle', 'ResidentSetSize': [0], 'TotalUserCpuTimeHistory': [0.0], 'SiteHistory': ['Unknown'], 'TotalSysCpuTimeHistory': [0.0]}}
INFO 2019-11-16 18:58:54.570 UTC: 	 Status on the scheduler:	SUBMITTED
INFO 2019-11-16 18:58:54.570 UTC: 	 
Jobs status:                    idle         		100.0% (3/3)
INFO 2019-11-16 18:58:54.570 UTC: 	 
No publication information available yet
INFO 2019-11-16 18:58:54.607 UTC: 	 Log file is /afs/cern.ch/work/s/sthakur/xRavindra/MiniTree2017Data/CMSSW_10_4_0/src/ExLep2017Crab/crab/CrabMC_20191116/crab_ExLepEEZ_M750_MC_20191116/crab.log
DEBUG 2019-11-17 16:05:01.032 UTC: 	 Running on: Linux lxplus744.cern.ch 3.10.0-1062.4.1.el7.x86_64 #1 SMP Fri Oct 18 17:15:30 UTC 2019 x86_64 x86_64 x86_64 GNU/Linux - CentOS Linux 7 (Core)
DEBUG 2019-11-17 16:05:01.046 UTC: 	 OpenSSl version: OpenSSL 1.0.2k-fips  26 Jan 2017 (Library: OpenSSL 1.0.2d-fips 9 Jul 2015)
DEBUG 2019-11-17 16:05:01.047 UTC: 	 Executing command: 'status'
DEBUG 2019-11-17 16:05:01.047 UTC: 	 Found CRAB cache file /afs/cern.ch/user/s/sthakur/.crab3
DEBUG 2019-11-17 16:05:01.070 UTC: 	 Checking credentials
DEBUG 2019-11-17 16:05:01.070 UTC: 	 Found proxy file /tmp/x509up_u77410
DEBUG 2019-11-17 16:05:01.070 UTC: 	 Getting proxy life time left
DEBUG 2019-11-17 16:05:01.776 UTC: 	 Executing : 
 command : voms-proxy-info -file /tmp/x509up_u77410 -timeleft
 output : 43130

 error: 
 retcode : 0
DEBUG 2019-11-17 16:05:02.382 UTC: 	 Executing : 
 command : voms-proxy-info -file /tmp/x509up_u77410 -actimeleft
 output : 43129

 error: 
 retcode : 0
DEBUG 2019-11-17 16:05:02.382 UTC: 	 Proxy lifetime 43130 secs is different from voms extension lifetime 43129 secs for proxy: /tmp/x509up_u77410
DEBUG 2019-11-17 16:05:02.382 UTC: 	 Proxy valid for 11:58:49 hours
DEBUG 2019-11-17 16:05:02.560 UTC: 	 Executing : 
 command : openssl x509 -in ~/.globus/usercert.pem -subject -noout
 output : subject= /DC=ch/DC=cern/OU=Organic Units/OU=Users/CN=sthakur/CN=764789/CN=Shalini Thakur

 error: 
 retcode : 0
DEBUG 2019-11-17 16:05:02.560 UTC: 	 Checking credentials
DEBUG 2019-11-17 16:05:02.560 UTC: 	 Found proxy file /tmp/x509up_u77410
DEBUG 2019-11-17 16:05:02.560 UTC: 	 Getting proxy life time left
DEBUG 2019-11-17 16:05:03.165 UTC: 	 Executing : 
 command : voms-proxy-info -file /tmp/x509up_u77410 -timeleft
 output : 43128

 error: 
 retcode : 0
DEBUG 2019-11-17 16:05:03.873 UTC: 	 Executing : 
 command : voms-proxy-info -file /tmp/x509up_u77410 -actimeleft
 output : 43128

 error: 
 retcode : 0
DEBUG 2019-11-17 16:05:03.873 UTC: 	 Proxy valid for 11:58:48 hours
DEBUG 2019-11-17 16:05:03.948 UTC: 	 Registering user credentials for server /DC=ch/DC=cern/OU=computers/CN=vocms(052|058|030|0118|0105|0109).cern.ch|/DC=ch/DC=cern/OU=computers/CN=crab-(preprod|prod)-tw(02|01).cern.ch
DEBUG 2019-11-17 16:05:04.059 UTC: 	 Executing : 
 command : openssl x509 -in ~/.globus/usercert.pem -subject -noout
 output : subject= /DC=ch/DC=cern/OU=Organic Units/OU=Users/CN=sthakur/CN=764789/CN=Shalini Thakur

 error: 
 retcode : 0
DEBUG 2019-11-17 16:05:04.060 UTC: 	 Getting myproxy life time left for myproxy.cern.ch
DEBUG 2019-11-17 16:05:04.060 UTC: 	 Calculating hash of /DC=ch/DC=cern/OU=Organic Units/OU=Users/CN=sthakur/CN=764789/CN=Shalini Thakur_cmsweb.cern.ch for credential name
DEBUG 2019-11-17 16:05:04.264 UTC: 	 Executing : 
 command : myproxy-info -l 9cd94953387eeee7bf4da2b7588630639ea1153b -s myproxy.cern.ch
 output : username: 9cd94953387eeee7bf4da2b7588630639ea1153b
owner: /DC=ch/DC=cern/OU=Organic Units/OU=Users/CN=sthakur/CN=764789/CN=Shalini Thakur
  renewal policy: /DC=ch/DC=cern/OU=computers/CN=vocms(052|058|030|0118|0105|0109).cern.ch|/DC=ch/DC=cern/OU=computers/CN=crab-(preprod|prod)-tw(02|01).cern.ch
  trusted retrieval policy: /DC=ch/DC=cern/OU=computers/CN=vocms(052|058|030|0118|0105|0109).cern.ch|/DC=ch/DC=cern/OU=computers/CN=crab-(preprod|prod)-tw(02|01).cern.ch
  timeleft: 569:28:15  (23.7 days)

 error: 
 retcode : 0
DEBUG 2019-11-17 16:05:04.265 UTC: 	 Myproxy is valid: 2050095
DEBUG 2019-11-17 16:05:04.265 UTC: 	 Command use: status
DEBUG 2019-11-17 16:05:04.265 UTC: 	 Options use: ['--verboseErrors', 'CrabMC_20191116/crab_ExLepEEZ_M750_MC_20191116']
DEBUG 2019-11-17 16:05:04.340 UTC: 	 CRABClient version: 3.3.1911.patch1
DEBUG 2019-11-17 16:05:04.340 UTC: 	 Instance is prod
DEBUG 2019-11-17 16:05:04.340 UTC: 	 Server base url is cmsweb.cern.ch
DEBUG 2019-11-17 16:05:04.340 UTC: 	 Command url /crabserver/prod/workflow
DEBUG 2019-11-17 16:05:04.412 UTC: 	 Got information from server oracle database: {u'result': [u'191116_185213:sthakur_crab_ExLepEEZ_M750_MC_20191116', u'None', u'None', u'SUBMITTED', u'SUBMIT', u'2019-11-16 18:52:13.285880', u'None', u'2019-11-16 18:53:37.721860', u'None', u'CMSSW_10_4_0', u'slc7_amd64_gcc700', u'/ExcitedLepton_EEZ-750_TuneCP5_13TeV-pythia8/RunIIFall17MiniAODv2-PU2017_12Apr2018_94X_mc2017_realistic_v14-v1/MINIAODSIM', u'T', u'0', u'[]', u'[]', u'FileBased', u"{'splitOnRun': False, 'halt_job_on_file_boundaries': False, 'files_per_job': 10, 'runs': [], 'lumis': []}", u'b042b9a41b935de02a2cae0594b4a27880b20bce9dffbecf7acaf5da47ccd43b.tar.gz', u'https://cmsweb.cern.ch/crabcache', u'sthakur', u'/DC=ch/DC=cern/OU=Organic Units/OU=Users/CN=sthakur/CN=764789/CN=Shalini Thakur', u'cms', u'None', u'None', u'ExLepEEZ_M750_MC_20191116-00000000000000000000000000000000', u'F', u'T2_IN_TIFR', u'https://cmsweb.cern.ch/dbs/prod/global/DBSReader', u'https://cmsweb.cern.ch/dbs/prod/phys03/DBSWriter', u'T', u'[]', u"['ExLepEEZ_M750_MC_20191116_Ntuple.root']", u'[]', u'Analysis', u'pythia', u'None', u'{}', u'[]', u'F', u'crab-prod-tw01', u'[]', u'1250', u'1', u'2000', u'10', u'None', u'[]', u'http://vocms0144.cern.ch/mon/cms251/191116_185213:sthakur_crab_ExLepEEZ_M750_MC_20191116', u'None', u'[]', u'[]', u'https://cmsweb.cern.ch/crabserver/prod', u'cmsgwms-collector-global.cern.ch:9620,cmssrv623.fnal.gov:9620', u'crab3@vocms0144.cern.ch', u'F', u'[]', u'T', u'/store/user/sthakur/ntuple_for2017MC_20191116/MC_20191116/ExLepEEZ_M750_MC_20191116', u'F', u'None', u'F', u'None', u'ExcitedLepton_EEZ-750_TuneCP5_13TeV-pythia8', u'None', u'92da0eac279d18735231b8449a09ffe1f327a4d3eb45a30962a34d0e03b3aafa.tar.gz', u'47006532', u'filetransfers', u'F', u'2001:1458:d00:13::2e5', u'0.0', u'None'], u'desc': {u'columns': [u'tm_taskname', u'tm_activity', u'panda_jobset_id', u'tm_task_status', u'tm_task_command', u'tm_start_time', u'tm_start_injection', u'tm_end_injection', u'tm_task_failure', u'tm_job_sw', u'tm_job_arch', u'tm_input_dataset', u'tm_nonvalid_input_dataset', u'tm_use_parent', u'tm_site_whitelist', u'tm_site_blacklist', u'tm_split_algo', u'tm_split_args', u'tm_user_sandbox', u'tm_cache_url', u'tm_username', u'tm_user_dn', u'tm_user_vo', u'tm_user_role', u'tm_user_group', u'tm_publish_name', u'tm_publish_groupname', u'tm_asyncdest', u'tm_dbs_url', u'tm_publish_dbs_url', u'tm_publication', u'tm_outfiles', u'tm_tfile_outfiles', u'tm_edm_outfiles', u'tm_job_type', u'tm_generator', u'tm_events_per_lumi', u'tm_arguments', u'panda_resubmitted_jobs', u'tm_save_logs', u'tw_name', u'tm_user_infiles', u'tm_maxjobruntime', u'tm_numcores', u'tm_maxmemory', u'tm_priority', u'tm_output_dataset', u'tm_task_warnings', u'tm_user_webdir', u'tm_scriptexe', u'tm_scriptargs', u'tm_extrajdl', u'tm_asourl', u'tm_collector', u'tm_schedd', u'tm_dry_run', u'tm_user_files', u'tm_transfer_outputs', u'tm_output_lfn', u'tm_ignore_locality', u'tm_fail_limit', u'tm_one_event_mode', u'tm_secondary_input_dataset', u'tm_primary_dataset', u'tm_last_publication', u'tm_debug_files', u'clusterid', u'tm_asodb', u'tm_ignore_global_blacklist', u'tm_submitter_ip_addr', u'tm_totalunits', u'tm_ddm_reqid']}}
INFO 2019-11-17 16:05:04.413 UTC: 	 CRAB project directory:		/afs/cern.ch/work/s/sthakur/xRavindra/MiniTree2017Data/CMSSW_10_4_0/src/ExLep2017Crab/crab/CrabMC_20191116/crab_ExLepEEZ_M750_MC_20191116
INFO 2019-11-17 16:05:04.413 UTC: 	 Task name:			191116_185213:sthakur_crab_ExLepEEZ_M750_MC_20191116
INFO 2019-11-17 16:05:04.413 UTC: 	 Grid scheduler - Task Worker:	crab3@vocms0144.cern.ch - crab-prod-tw01
INFO 2019-11-17 16:05:04.413 UTC: 	 Status on the CRAB server:	SUBMITTED
INFO 2019-11-17 16:05:04.413 UTC: 	 Task URL to use for HELP:	https://cmsweb.cern.ch/crabserver/ui/task/191116_185213%3Asthakur_crab_ExLepEEZ_M750_MC_20191116
INFO 2019-11-17 16:05:04.414 UTC: 	 Dashboard monitoring URL:	https://monit-grafana.cern.ch/d/cmsTMDetail/cms-task-monitoring-task-view?orgId=11&var-user=sthakur&var-task=191116_185213%3Asthakur_crab_ExLepEEZ_M750_MC_20191116
INFO 2019-11-17 16:05:04.414 UTC: 	 In case of issues with the dashboard, please provide feedback to hn-cms-computing-tools@cern.ch
DEBUG 2019-11-17 16:05:04.414 UTC: 	 The CRAB server submitted your task to the Grid scheduler (cluster ID: 47006532)
DEBUG 2019-11-17 16:05:04.414 UTC: 	 Webdir is located at http://vocms0144.cern.ch/mon/cms251/191116_185213:sthakur_crab_ExLepEEZ_M750_MC_20191116
DEBUG 2019-11-17 16:05:04.495 UTC: 	 Proxied webdir is located at https://cmsweb.cern.ch/scheddmon/0144/cms251/191116_185213:sthakur_crab_ExLepEEZ_M750_MC_20191116
DEBUG 2019-11-17 16:05:04.495 UTC: 	 Retrieving 'status_cache' file from https://cmsweb.cern.ch/scheddmon/0144/cms251/191116_185213:sthakur_crab_ExLepEEZ_M750_MC_20191116/status_cache
DEBUG 2019-11-17 16:05:04.564 UTC: 	 Got information from status cache file: {'1': {'Retries': 0, 'WallDurations': [8.0, 5035.0], 'StartTimes': [1573930715.0], 'SubmitTimes': [1573930429.0], 'JobIds': ['47006534.0'], 'EndTimes': [1573935750.0], 'Restarts': 0, 'RecordedSite': True, 'State': 'finished', 'ResidentSetSize': [800420], 'TotalUserCpuTimeHistory': [795], 'SiteHistory': ['Unknown', 'T2_US_UCSD'], 'TotalSysCpuTimeHistory': [24]}, '3': {'Retries': 0, 'WallDurations': [8.0, 1685.0], 'StartTimes': [1573930719.0], 'SubmitTimes': [1573930430.0], 'JobIds': ['47006536.0'], 'EndTimes': [1573932404.0], 'Restarts': 0, 'RecordedSite': True, 'State': 'finished', 'ResidentSetSize': [835556], 'TotalUserCpuTimeHistory': [193], 'SiteHistory': ['Unknown', 'T2_US_UCSD'], 'TotalSysCpuTimeHistory': [8]}, '2': {'Retries': 0, 'WallDurations': [8.0, 842.0], 'StartTimes': [1573930716.0], 'SubmitTimes': [1573930429.0], 'JobIds': ['47006535.0'], 'EndTimes': [1573931558.0], 'Restarts': 0, 'RecordedSite': True, 'State': 'finished', 'ResidentSetSize': [765244], 'TotalUserCpuTimeHistory': [632], 'SiteHistory': ['Unknown', 'T2_US_MIT'], 'TotalSysCpuTimeHistory': [23]}}
INFO 2019-11-17 16:05:04.564 UTC: 	 Status on the scheduler:	COMPLETED
INFO 2019-11-17 16:05:04.564 UTC: 	 
Jobs status:                    finished     		100.0% (3/3)
INFO 2019-11-17 16:05:04.653 UTC: 	 
No publication information available yet
INFO 2019-11-17 16:05:04.653 UTC: 	 
Warning: the max jobs runtime is less than 30% of the task requested value (1250 min), please consider to request a lower value for failed jobs (allowed through crab resubmit) and/or improve the jobs splitting (e.g. config.Data.splitting = 'Automatic') in a new task.
INFO 2019-11-17 16:05:04.653 UTC: 	 
Warning: the average jobs CPU efficiency is less than 50%, please consider to improve the jobs splitting (e.g. config.Data.splitting = 'Automatic') in a new task
INFO 2019-11-17 16:05:04.653 UTC: 	 
Summary of run jobs:
 * Memory: 781MB min, 815MB max, 782MB ave
 * Runtime: 0:14:02 min, 1:23:55 max, 0:42:00 ave
 * CPU eff: 12% min, 78% max, 22% ave
 * Waste: 0:00:24 (0% of total)

INFO 2019-11-17 16:05:04.680 UTC: 	 Log file is /afs/cern.ch/work/s/sthakur/xRavindra/MiniTree2017Data/CMSSW_10_4_0/src/ExLep2017Crab/crab/CrabMC_20191116/crab_ExLepEEZ_M750_MC_20191116/crab.log
