DEBUG 2019-11-01 12:14:33.029 UTC: 	 Running on: Linux lxplus707.cern.ch 3.10.0-1062.1.2.el7.x86_64 #1 SMP Mon Sep 30 14:19:46 UTC 2019 x86_64 x86_64 x86_64 GNU/Linux
Description:	CentOS Linux release 7.7.1908 (Core) 

DEBUG 2019-11-01 12:14:33.030 UTC: 	 Executing command: 'submit'
DEBUG 2019-11-01 12:14:33.040 UTC: 	 Found CRAB cache file /afs/cern.ch/user/s/sthakur/.crab3
DEBUG 2019-11-01 12:14:33.048 UTC: 	 Checking credentials
DEBUG 2019-11-01 12:14:33.048 UTC: 	 Found proxy file /tmp/x509up_u77410
DEBUG 2019-11-01 12:14:33.048 UTC: 	 Getting proxy life time left
DEBUG 2019-11-01 12:14:33.754 UTC: 	 Executing : 
 command : voms-proxy-info -file /tmp/x509up_u77410 -timeleft
 output : 42925

 error: 
 retcode : 0
DEBUG 2019-11-01 12:14:34.460 UTC: 	 Executing : 
 command : voms-proxy-info -file /tmp/x509up_u77410 -actimeleft
 output : 42924

 error: 
 retcode : 0
DEBUG 2019-11-01 12:14:34.461 UTC: 	 Proxy lifetime 42925 secs is different from voms extension lifetime 42924 secs for proxy: /tmp/x509up_u77410
DEBUG 2019-11-01 12:14:34.461 UTC: 	 Proxy valid for 11:55:24 hours
DEBUG 2019-11-01 12:14:34.461 UTC: 	 Will use CRAB Analysis plugin (i.e. will run an analysis job type).
DEBUG 2019-11-01 12:14:34.581 UTC: 	 Executing : 
 command : openssl x509 -in ~/.globus/usercert.pem -subject -noout
 output : subject= /DC=ch/DC=cern/OU=Organic Units/OU=Users/CN=sthakur/CN=764789/CN=Shalini Thakur

 error: 
 retcode : 0
DEBUG 2019-11-01 12:14:34.582 UTC: 	 Checking credentials
DEBUG 2019-11-01 12:14:34.582 UTC: 	 Found proxy file /tmp/x509up_u77410
DEBUG 2019-11-01 12:14:34.582 UTC: 	 Getting proxy life time left
DEBUG 2019-11-01 12:14:35.288 UTC: 	 Executing : 
 command : voms-proxy-info -file /tmp/x509up_u77410 -timeleft
 output : 42923

 error: 
 retcode : 0
DEBUG 2019-11-01 12:14:35.994 UTC: 	 Executing : 
 command : voms-proxy-info -file /tmp/x509up_u77410 -actimeleft
 output : 42923

 error: 
 retcode : 0
DEBUG 2019-11-01 12:14:35.994 UTC: 	 Proxy valid for 11:55:23 hours
DEBUG 2019-11-01 12:14:36.700 UTC: 	 Executing : 
 command : env X509_USER_PROXY=/tmp/x509up_u77410 voms-proxy-info -fqan
 output : /cms/Role=NULL/Capability=NULL

 error: 
 retcode : 0
DEBUG 2019-11-01 12:14:36.940 UTC: 	 Registering user credentials for server /DC=ch/DC=cern/OU=computers/CN=vocms(052|058|030|0118|0105|0109).cern.ch|/DC=ch/DC=cern/OU=computers/CN=crab-(preprod|prod)-tw(02|01).cern.ch
DEBUG 2019-11-01 12:14:37.051 UTC: 	 Executing : 
 command : openssl x509 -in ~/.globus/usercert.pem -subject -noout
 output : subject= /DC=ch/DC=cern/OU=Organic Units/OU=Users/CN=sthakur/CN=764789/CN=Shalini Thakur

 error: 
 retcode : 0
DEBUG 2019-11-01 12:14:37.051 UTC: 	 Getting myproxy life time left for myproxy.cern.ch
DEBUG 2019-11-01 12:14:37.051 UTC: 	 Calculating hash of /DC=ch/DC=cern/OU=Organic Units/OU=Users/CN=sthakur/CN=764789/CN=Shalini Thakur_cmsweb.cern.ch for credential name
DEBUG 2019-11-01 12:14:37.457 UTC: 	 Executing : 
 command : myproxy-info -l 9cd94953387eeee7bf4da2b7588630639ea1153b -s myproxy.cern.ch
 output : username: 9cd94953387eeee7bf4da2b7588630639ea1153b
owner: /DC=ch/DC=cern/OU=Organic Units/OU=Users/CN=sthakur/CN=764789/CN=Shalini Thakur
  renewal policy: /DC=ch/DC=cern/OU=computers/CN=vocms(052|058|030|0118|0105|0109).cern.ch|/DC=ch/DC=cern/OU=computers/CN=crab-(preprod|prod)-tw(02|01).cern.ch
  trusted retrieval policy: /DC=ch/DC=cern/OU=computers/CN=vocms(052|058|030|0118|0105|0109).cern.ch|/DC=ch/DC=cern/OU=computers/CN=crab-(preprod|prod)-tw(02|01).cern.ch
  timeleft: 558:23:23  (23.3 days)

 error: 
 retcode : 0
DEBUG 2019-11-01 12:14:37.458 UTC: 	 Myproxy is valid: 2010203
DEBUG 2019-11-01 12:14:37.458 UTC: 	 Command use: submit
DEBUG 2019-11-01 12:14:37.458 UTC: 	 Options use: ['--config', <WMCore.Configuration.Configuration object at 0x7ff2eef3af50>]
DEBUG 2019-11-01 12:14:37.548 UTC: 	 CRABClient version: 3.3.1910.patch2
DEBUG 2019-11-01 12:14:37.548 UTC: 	 Instance is prod
DEBUG 2019-11-01 12:14:37.548 UTC: 	 Server base url is cmsweb.cern.ch
DEBUG 2019-11-01 12:14:37.548 UTC: 	 Command url /crabserver/prod/workflow
DEBUG 2019-11-01 12:14:37.548 UTC: 	 Started submission
DEBUG 2019-11-01 12:14:37.548 UTC: 	 Working on /afs/cern.ch/work/s/sthakur/xRavindra/MiniTree2017Data/CMSSW_10_4_0/src/ExLep2017Crab/crab/CrabMC_20191101/crab_ExLepMuMuZ_M1250_MC_20191101
DEBUG 2019-11-01 12:14:37.765 UTC: 	 Loading required information from the environment
DEBUG 2019-11-01 12:14:37.765 UTC: 	 Found CMSSW_10_4_0 for slc7_amd64_gcc700 with base /afs/cern.ch/work/s/sthakur/xRavindra/MiniTree2017Data/CMSSW_10_4_0
DEBUG 2019-11-01 12:14:37.765 UTC: 	 Loading required information from the environment
DEBUG 2019-11-01 12:14:37.765 UTC: 	 Found CMSSW_10_4_0 for slc7_amd64_gcc700 with base /afs/cern.ch/work/s/sthakur/xRavindra/MiniTree2017Data/CMSSW_10_4_0
DEBUG 2019-11-01 12:14:37.784 UTC: 	 UNIQUE NAME: tarUUID 311cbaa7-d82c-42b1-b442-e1cb7c27e7e8 
DEBUG 2019-11-01 12:14:37.785 UTC: 	 self.config: from WMCore.Configuration import Configuration
config = Configuration()
config.section_('General')
config.General.workArea = 'CrabMC_20191101'
config.General.transferOutputs = True
config.General.transferLogs = False
config.General.requestName = 'ExLepMuMuZ_M1250_MC_20191101'
config.section_('JobType')
config.JobType.psetName = '20191101/config/ExLepMuMuZ_M1250_MC_20191101_cfg.py'
config.JobType.pluginName = 'Analysis'
config.JobType.inputFiles = ['../../ExLep2017Tree/Selection/test/Fall17_V3_MC_PtResolution_AK8PF.txt', '../../ExLep2017Tree/Selection/test/Fall17_V3_MC_SF_AK8PF.txt']
config.JobType.allowUndistributedCMSSW = True
config.JobType.maxMemoryMB = 2000
config.section_('Data')
config.Data.inputDataset = '/ExcitedLepton_MuMuZ-1250_TuneCP5_13TeV-pythia8/RunIIFall17MiniAODv2-PU2017_12Apr2018_94X_mc2017_realistic_v14-v1/MINIAODSIM'
config.Data.allowNonValidInputDataset = True
config.Data.unitsPerJob = 10
config.Data.inputDBS = 'global'
config.Data.splitting = 'FileBased'
config.Data.outputDatasetTag = 'ExLepMuMuZ_M1250_MC_20191101'
config.Data.outLFNDirBase = '/store/user/sthakur/ntuple_for2017MC_20191101/MC_20191101/ExLepMuMuZ_M1250_MC_20191101'
config.section_('Site')
config.Site.storageSite = 'T2_IN_TIFR'
config.section_('User')
config.section_('Debug')

DEBUG 2019-11-01 12:14:37.785 UTC: 	 self.config.JobType.psetName: 20191101/config/ExLepMuMuZ_M1250_MC_20191101_cfg.py
INFO 2019-11-01 12:14:37.785 UTC: 	 Importing CMSSW configuration 20191101/config/ExLepMuMuZ_M1250_MC_20191101_cfg.py
INFO 2019-11-01 12:14:38.089 UTC: 	 Finished importing CMSSW configuration 20191101/config/ExLepMuMuZ_M1250_MC_20191101_cfg.py
DEBUG 2019-11-01 12:14:38.089 UTC: 	 Writing CMSSW configuration to /afs/cern.ch/work/s/sthakur/xRavindra/MiniTree2017Data/CMSSW_10_4_0/src/ExLep2017Crab/crab/CrabMC_20191101/crab_ExLepMuMuZ_M1250_MC_20191101/inputs/PSet.py
DEBUG 2019-11-01 12:14:38.345 UTC: 	 The following EDM output files will be collected: []
DEBUG 2019-11-01 12:14:38.345 UTC: 	 The following TFile output files will be collected: ['ExLepMuMuZ_M1250_MC_20191101_Ntuple.root']
DEBUG 2019-11-01 12:14:38.345 UTC: 	 The following user output files (not listed as PoolOuputModule or TFileService in the CMSSW PSet) will be collected: 
DEBUG 2019-11-01 12:14:38.345 UTC: 	 Loading required information from the environment
DEBUG 2019-11-01 12:14:38.345 UTC: 	 Found CMSSW_10_4_0 for slc7_amd64_gcc700 with base /afs/cern.ch/work/s/sthakur/xRavindra/MiniTree2017Data/CMSSW_10_4_0
DEBUG 2019-11-01 12:14:38.345 UTC: 	 Making tarball in /afs/cern.ch/work/s/sthakur/xRavindra/MiniTree2017Data/CMSSW_10_4_0/src/ExLep2017Crab/crab/CrabMC_20191101/crab_ExLepMuMuZ_M1250_MC_20191101/inputs/311cbaa7-d82c-42b1-b442-e1cb7c27e7e8default.tgz
DEBUG 2019-11-01 12:14:38.346 UTC: 	 Checking directory /afs/cern.ch/work/s/sthakur/xRavindra/MiniTree2017Data/CMSSW_10_4_0/lib
DEBUG 2019-11-01 12:14:38.346 UTC: 	 Adding directory /afs/cern.ch/work/s/sthakur/xRavindra/MiniTree2017Data/CMSSW_10_4_0/lib to tarball
DEBUG 2019-11-01 12:14:38.358 UTC: 	 Checking directory /afs/cern.ch/work/s/sthakur/xRavindra/MiniTree2017Data/CMSSW_10_4_0/biglib
DEBUG 2019-11-01 12:14:38.358 UTC: 	 Adding directory /afs/cern.ch/work/s/sthakur/xRavindra/MiniTree2017Data/CMSSW_10_4_0/biglib to tarball
DEBUG 2019-11-01 12:14:38.358 UTC: 	 Checking directory /afs/cern.ch/work/s/sthakur/xRavindra/MiniTree2017Data/CMSSW_10_4_0/module
DEBUG 2019-11-01 12:14:38.367 UTC: 	 Adding data directory /afs/cern.ch/work/s/sthakur/xRavindra/MiniTree2017Data/CMSSW_10_4_0/src/ExLep2017Tree/Selection/interface to tarball
DEBUG 2019-11-01 12:14:38.381 UTC: 	 Adding file ../../ExLep2017Tree/Selection/test/Fall17_V3_MC_PtResolution_AK8PF.txt to tarball
DEBUG 2019-11-01 12:14:38.382 UTC: 	 Adding file ../../ExLep2017Tree/Selection/test/Fall17_V3_MC_SF_AK8PF.txt to tarball
DEBUG 2019-11-01 12:14:38.486 UTC: 	 Uploading archive /afs/cern.ch/work/s/sthakur/xRavindra/MiniTree2017Data/CMSSW_10_4_0/src/ExLep2017Crab/crab/CrabMC_20191101/crab_ExLepMuMuZ_M1250_MC_20191101/inputs/311cbaa7-d82c-42b1-b442-e1cb7c27e7e8default.tgz (239 KB) to the CRAB cache. Using URI https://cmsweb.cern.ch/crabcache
DEBUG 2019-11-01 12:14:38.868 UTC: 	 Loading required information from the environment
DEBUG 2019-11-01 12:14:38.868 UTC: 	 Found CMSSW_10_4_0 for slc7_amd64_gcc700 with base /afs/cern.ch/work/s/sthakur/xRavindra/MiniTree2017Data/CMSSW_10_4_0
DEBUG 2019-11-01 12:14:38.868 UTC: 	 Making tarball in /afs/cern.ch/work/s/sthakur/xRavindra/MiniTree2017Data/CMSSW_10_4_0/src/ExLep2017Crab/crab/CrabMC_20191101/crab_ExLepMuMuZ_M1250_MC_20191101/inputs/debugFiles.tgz
DEBUG 2019-11-01 12:14:38.875 UTC: 	 Uploading archive /afs/cern.ch/work/s/sthakur/xRavindra/MiniTree2017Data/CMSSW_10_4_0/src/ExLep2017Crab/crab/CrabMC_20191101/crab_ExLepMuMuZ_M1250_MC_20191101/inputs/debugFiles.tgz (2 KB) to the CRAB cache. Using URI https://cmsweb.cern.ch/crabcache
DEBUG 2019-11-01 12:14:38.952 UTC: 	 Result uploading input files: 7ec87060ab495cb04f54f62961bd10c3007555cf98f4cc815c6c764c4c350b40.tar.gz 
WARNING 2019-11-01 12:14:38.953 UTC: 	 Warning: The following output files will not be published, as they are not EDM files: ['ExLepMuMuZ_M1250_MC_20191101_Ntuple.root']
INFO 2019-11-01 12:14:38.953 UTC: 	 Sending the request to the server at cmsweb.cern.ch
DEBUG 2019-11-01 12:14:38.953 UTC: 	 Submitting {'maxjobruntime': 1250, 'extrajdl': [], 'ignorelocality': 0, 'savelogsflag': 0, 'useparent': 0, 'asyncdest': 'T2_IN_TIFR', 'algoargs': 10, 'cachefilename': '7ec87060ab495cb04f54f62961bd10c3007555cf98f4cc815c6c764c4c350b40.tar.gz', 'numcores': 1, 'addoutputfiles': [], 'generator': 'pythia', 'maxmemory': 2000, 'publishdbsurl': 'https://cmsweb.cern.ch/dbs/prod/phys03/DBSWriter', 'priority': 10, 'jobsw': 'CMSSW_10_4_0', 'edmoutfiles': [], 'userfiles': [], 'primarydataset': '', 'inputdata': '/ExcitedLepton_MuMuZ-1250_TuneCP5_13TeV-pythia8/RunIIFall17MiniAODv2-PU2017_12Apr2018_94X_mc2017_realistic_v14-v1/MINIAODSIM', 'lfn': '/store/user/sthakur/ntuple_for2017MC_20191101/MC_20191101/ExLepMuMuZ_M1250_MC_20191101', 'dryrun': 0, 'workflow': 'crab_ExLepMuMuZ_M1250_MC_20191101', 'cacheurl': u'https://cmsweb.cern.ch/crabcache', 'nonprodsw': 1, 'tfileoutfiles': ['ExLepMuMuZ_M1250_MC_20191101_Ntuple.root'], 'oneEventMode': 0, 'debugfilename': '855bc08cf6754966ceb1c67b37e8e08b71c0bf7f48a15369cda4ae3982c0a879.tar.gz', 'saveoutput': 1, 'publication': 1, 'jobarch': 'slc7_amd64_gcc700', 'totalunits': 0, 'splitalgo': 'FileBased', 'ignoreglobalblacklist': 0, 'nonvaliddata': 1, 'dbsurl': 'https://cmsweb.cern.ch/dbs/prod/global/DBSReader', 'publishgroupname': 0, 'jobtype': 'Analysis', 'publishname2': 'ExLepMuMuZ_M1250_MC_20191101'} 
DEBUG 2019-11-01 12:14:38.954 UTC: 	 Encoded submit request: maxjobruntime=1250&ignorelocality=0&savelogsflag=0&useparent=0&asyncdest=T2_IN_TIFR&algoargs=10&cachefilename=7ec87060ab495cb04f54f62961bd10c3007555cf98f4cc815c6c764c4c350b40.tar.gz&numcores=1&generator=pythia&maxmemory=2000&publishdbsurl=https%3A%2F%2Fcmsweb.cern.ch%2Fdbs%2Fprod%2Fphys03%2FDBSWriter&priority=10&jobsw=CMSSW_10_4_0&primarydataset=&inputdata=%2FExcitedLepton_MuMuZ-1250_TuneCP5_13TeV-pythia8%2FRunIIFall17MiniAODv2-PU2017_12Apr2018_94X_mc2017_realistic_v14-v1%2FMINIAODSIM&lfn=%2Fstore%2Fuser%2Fsthakur%2Fntuple_for2017MC_20191101%2FMC_20191101%2FExLepMuMuZ_M1250_MC_20191101&dryrun=0&workflow=crab_ExLepMuMuZ_M1250_MC_20191101&cacheurl=https%3A%2F%2Fcmsweb.cern.ch%2Fcrabcache&nonprodsw=1&oneEventMode=0&debugfilename=855bc08cf6754966ceb1c67b37e8e08b71c0bf7f48a15369cda4ae3982c0a879.tar.gz&saveoutput=1&publication=1&jobarch=slc7_amd64_gcc700&totalunits=0&splitalgo=FileBased&ignoreglobalblacklist=0&nonvaliddata=1&dbsurl=https%3A%2F%2Fcmsweb.cern.ch%2Fdbs%2Fprod%2Fglobal%2FDBSReader&publishgroupname=0&jobtype=Analysis&publishname2=ExLepMuMuZ_M1250_MC_20191101&tfileoutfiles=ExLepMuMuZ_M1250_MC_20191101_Ntuple.root
DEBUG 2019-11-01 12:14:39.104 UTC: 	 Result: {u'result': [{u'RequestName': u'191101_121439:sthakur_crab_ExLepMuMuZ_M1250_MC_20191101'}]}
INFO 2019-11-01 12:14:39.106 UTC: 	 Success: Your task has been delivered to the prod CRAB3 server.
INFO 2019-11-01 12:14:39.106 UTC: 	 Task name: 191101_121439:sthakur_crab_ExLepMuMuZ_M1250_MC_20191101
INFO 2019-11-01 12:14:39.106 UTC: 	 Project dir: CrabMC_20191101/crab_ExLepMuMuZ_M1250_MC_20191101
INFO 2019-11-01 12:14:39.107 UTC: 	 Please use 'crab status -d CrabMC_20191101/crab_ExLepMuMuZ_M1250_MC_20191101' to check how the submission process proceeds.
DEBUG 2019-11-01 12:14:39.107 UTC: 	 About to return
DEBUG 2019-11-01 12:49:07.176 UTC: 	 Running on: Linux lxplus707.cern.ch 3.10.0-1062.1.2.el7.x86_64 #1 SMP Mon Sep 30 14:19:46 UTC 2019 x86_64 x86_64 x86_64 GNU/Linux
Description:	CentOS Linux release 7.7.1908 (Core) 

DEBUG 2019-11-01 12:49:07.177 UTC: 	 Executing command: 'status'
DEBUG 2019-11-01 12:49:07.177 UTC: 	 Found CRAB cache file /afs/cern.ch/user/s/sthakur/.crab3
DEBUG 2019-11-01 12:49:07.188 UTC: 	 Checking credentials
DEBUG 2019-11-01 12:49:07.188 UTC: 	 Found proxy file /tmp/x509up_u77410
DEBUG 2019-11-01 12:49:07.188 UTC: 	 Getting proxy life time left
DEBUG 2019-11-01 12:49:07.893 UTC: 	 Executing : 
 command : voms-proxy-info -file /tmp/x509up_u77410 -timeleft
 output : 40851

 error: 
 retcode : 0
DEBUG 2019-11-01 12:49:08.601 UTC: 	 Executing : 
 command : voms-proxy-info -file /tmp/x509up_u77410 -actimeleft
 output : 40850

 error: 
 retcode : 0
DEBUG 2019-11-01 12:49:08.601 UTC: 	 Proxy lifetime 40851 secs is different from voms extension lifetime 40850 secs for proxy: /tmp/x509up_u77410
DEBUG 2019-11-01 12:49:08.601 UTC: 	 Proxy valid for 11:20:50 hours
DEBUG 2019-11-01 12:49:08.783 UTC: 	 Executing : 
 command : openssl x509 -in ~/.globus/usercert.pem -subject -noout
 output : subject= /DC=ch/DC=cern/OU=Organic Units/OU=Users/CN=sthakur/CN=764789/CN=Shalini Thakur

 error: 
 retcode : 0
DEBUG 2019-11-01 12:49:08.783 UTC: 	 Checking credentials
DEBUG 2019-11-01 12:49:08.783 UTC: 	 Found proxy file /tmp/x509up_u77410
DEBUG 2019-11-01 12:49:08.783 UTC: 	 Getting proxy life time left
DEBUG 2019-11-01 12:49:09.490 UTC: 	 Executing : 
 command : voms-proxy-info -file /tmp/x509up_u77410 -timeleft
 output : 40849

 error: 
 retcode : 0
DEBUG 2019-11-01 12:49:10.196 UTC: 	 Executing : 
 command : voms-proxy-info -file /tmp/x509up_u77410 -actimeleft
 output : 40848

 error: 
 retcode : 0
DEBUG 2019-11-01 12:49:10.197 UTC: 	 Proxy lifetime 40849 secs is different from voms extension lifetime 40848 secs for proxy: /tmp/x509up_u77410
DEBUG 2019-11-01 12:49:10.197 UTC: 	 Proxy valid for 11:20:48 hours
DEBUG 2019-11-01 12:49:10.278 UTC: 	 Registering user credentials for server /DC=ch/DC=cern/OU=computers/CN=vocms(052|058|030|0118|0105|0109).cern.ch|/DC=ch/DC=cern/OU=computers/CN=crab-(preprod|prod)-tw(02|01).cern.ch
DEBUG 2019-11-01 12:49:10.387 UTC: 	 Executing : 
 command : openssl x509 -in ~/.globus/usercert.pem -subject -noout
 output : subject= /DC=ch/DC=cern/OU=Organic Units/OU=Users/CN=sthakur/CN=764789/CN=Shalini Thakur

 error: 
 retcode : 0
DEBUG 2019-11-01 12:49:10.387 UTC: 	 Getting myproxy life time left for myproxy.cern.ch
DEBUG 2019-11-01 12:49:10.387 UTC: 	 Calculating hash of /DC=ch/DC=cern/OU=Organic Units/OU=Users/CN=sthakur/CN=764789/CN=Shalini Thakur_cmsweb.cern.ch for credential name
DEBUG 2019-11-01 12:49:10.692 UTC: 	 Executing : 
 command : myproxy-info -l 9cd94953387eeee7bf4da2b7588630639ea1153b -s myproxy.cern.ch
 output : username: 9cd94953387eeee7bf4da2b7588630639ea1153b
owner: /DC=ch/DC=cern/OU=Organic Units/OU=Users/CN=sthakur/CN=764789/CN=Shalini Thakur
  renewal policy: /DC=ch/DC=cern/OU=computers/CN=vocms(052|058|030|0118|0105|0109).cern.ch|/DC=ch/DC=cern/OU=computers/CN=crab-(preprod|prod)-tw(02|01).cern.ch
  trusted retrieval policy: /DC=ch/DC=cern/OU=computers/CN=vocms(052|058|030|0118|0105|0109).cern.ch|/DC=ch/DC=cern/OU=computers/CN=crab-(preprod|prod)-tw(02|01).cern.ch
  timeleft: 557:48:50  (23.2 days)

 error: 
 retcode : 0
DEBUG 2019-11-01 12:49:10.693 UTC: 	 Myproxy is valid: 2008130
DEBUG 2019-11-01 12:49:10.694 UTC: 	 Command use: status
DEBUG 2019-11-01 12:49:10.694 UTC: 	 Options use: ['--verboseErrors', 'CrabMC_20191101/crab_ExLepMuMuZ_M1250_MC_20191101']
DEBUG 2019-11-01 12:49:10.763 UTC: 	 CRABClient version: 3.3.1910.patch2
DEBUG 2019-11-01 12:49:10.763 UTC: 	 Instance is prod
DEBUG 2019-11-01 12:49:10.763 UTC: 	 Server base url is cmsweb.cern.ch
DEBUG 2019-11-01 12:49:10.763 UTC: 	 Command url /crabserver/prod/workflow
DEBUG 2019-11-01 12:49:10.851 UTC: 	 Got information from server oracle database: {u'result': [u'191101_121439:sthakur_crab_ExLepMuMuZ_M1250_MC_20191101', u'None', u'None', u'SUBMITTED', u'SUBMIT', u'2019-11-01 12:14:39.087546', u'None', u'2019-11-01 12:15:40.691343', u'None', u'CMSSW_10_4_0', u'slc7_amd64_gcc700', u'/ExcitedLepton_MuMuZ-1250_TuneCP5_13TeV-pythia8/RunIIFall17MiniAODv2-PU2017_12Apr2018_94X_mc2017_realistic_v14-v1/MINIAODSIM', u'T', u'0', u'[]', u'[]', u'FileBased', u"{'splitOnRun': False, 'halt_job_on_file_boundaries': False, 'files_per_job': 10, 'runs': [], 'lumis': []}", u'7ec87060ab495cb04f54f62961bd10c3007555cf98f4cc815c6c764c4c350b40.tar.gz', u'https://cmsweb.cern.ch/crabcache', u'sthakur', u'/DC=ch/DC=cern/OU=Organic Units/OU=Users/CN=sthakur/CN=764789/CN=Shalini Thakur', u'cms', u'None', u'None', u'ExLepMuMuZ_M1250_MC_20191101-00000000000000000000000000000000', u'F', u'T2_IN_TIFR', u'https://cmsweb.cern.ch/dbs/prod/global/DBSReader', u'https://cmsweb.cern.ch/dbs/prod/phys03/DBSWriter', u'T', u'[]', u"['ExLepMuMuZ_M1250_MC_20191101_Ntuple.root']", u'[]', u'Analysis', u'pythia', u'None', u'{}', u'[]', u'F', u'crab-prod-tw01', u'[]', u'1250', u'1', u'2000', u'10', u'None', u'[]', u'http://vocms0119.cern.ch/mon/cms251/191101_121439:sthakur_crab_ExLepMuMuZ_M1250_MC_20191101', u'None', u'[]', u'[]', u'https://cmsweb.cern.ch/crabserver/prod', u'cmsgwms-collector-global.cern.ch:9620,cmssrv623.fnal.gov:9620', u'crab3@vocms0119.cern.ch', u'F', u'[]', u'T', u'/store/user/sthakur/ntuple_for2017MC_20191101/MC_20191101/ExLepMuMuZ_M1250_MC_20191101', u'F', u'None', u'F', u'None', u'ExcitedLepton_MuMuZ-1250_TuneCP5_13TeV-pythia8', u'None', u'855bc08cf6754966ceb1c67b37e8e08b71c0bf7f48a15369cda4ae3982c0a879.tar.gz', u'44968950', u'filetransfers', u'F', u'2001:1458:d00:2e::100:9b', u'0.0', u'None'], u'desc': {u'columns': [u'tm_taskname', u'tm_activity', u'panda_jobset_id', u'tm_task_status', u'tm_task_command', u'tm_start_time', u'tm_start_injection', u'tm_end_injection', u'tm_task_failure', u'tm_job_sw', u'tm_job_arch', u'tm_input_dataset', u'tm_nonvalid_input_dataset', u'tm_use_parent', u'tm_site_whitelist', u'tm_site_blacklist', u'tm_split_algo', u'tm_split_args', u'tm_user_sandbox', u'tm_cache_url', u'tm_username', u'tm_user_dn', u'tm_user_vo', u'tm_user_role', u'tm_user_group', u'tm_publish_name', u'tm_publish_groupname', u'tm_asyncdest', u'tm_dbs_url', u'tm_publish_dbs_url', u'tm_publication', u'tm_outfiles', u'tm_tfile_outfiles', u'tm_edm_outfiles', u'tm_job_type', u'tm_generator', u'tm_events_per_lumi', u'tm_arguments', u'panda_resubmitted_jobs', u'tm_save_logs', u'tw_name', u'tm_user_infiles', u'tm_maxjobruntime', u'tm_numcores', u'tm_maxmemory', u'tm_priority', u'tm_output_dataset', u'tm_task_warnings', u'tm_user_webdir', u'tm_scriptexe', u'tm_scriptargs', u'tm_extrajdl', u'tm_asourl', u'tm_collector', u'tm_schedd', u'tm_dry_run', u'tm_user_files', u'tm_transfer_outputs', u'tm_output_lfn', u'tm_ignore_locality', u'tm_fail_limit', u'tm_one_event_mode', u'tm_secondary_input_dataset', u'tm_primary_dataset', u'tm_last_publication', u'tm_debug_files', u'clusterid', u'tm_asodb', u'tm_ignore_global_blacklist', u'tm_submitter_ip_addr', u'tm_totalunits', u'tm_ddm_reqid']}}
INFO 2019-11-01 12:49:10.852 UTC: 	 CRAB project directory:		/afs/cern.ch/work/s/sthakur/xRavindra/MiniTree2017Data/CMSSW_10_4_0/src/ExLep2017Crab/crab/CrabMC_20191101/crab_ExLepMuMuZ_M1250_MC_20191101
INFO 2019-11-01 12:49:10.852 UTC: 	 Task name:			191101_121439:sthakur_crab_ExLepMuMuZ_M1250_MC_20191101
INFO 2019-11-01 12:49:10.853 UTC: 	 Grid scheduler - Task Worker:	crab3@vocms0119.cern.ch - crab-prod-tw01
INFO 2019-11-01 12:49:10.853 UTC: 	 Status on the CRAB server:	SUBMITTED
INFO 2019-11-01 12:49:10.853 UTC: 	 Task URL to use for HELP:	https://cmsweb.cern.ch/crabserver/ui/task/191101_121439%3Asthakur_crab_ExLepMuMuZ_M1250_MC_20191101
INFO 2019-11-01 12:49:10.853 UTC: 	 Dashboard monitoring URL:	https://monit-grafana.cern.ch/d/cmsTMDetail/cms-task-monitoring-task-view?orgId=11&var-user=sthakur&var-task=191101_121439%3Asthakur_crab_ExLepMuMuZ_M1250_MC_20191101
INFO 2019-11-01 12:49:10.853 UTC: 	 In case of issues with the dashboard, please provide feedback to hn-cms-computing-tools@cern.ch
DEBUG 2019-11-01 12:49:10.853 UTC: 	 The CRAB server submitted your task to the Grid scheduler (cluster ID: 44968950)
DEBUG 2019-11-01 12:49:10.853 UTC: 	 Webdir is located at http://vocms0119.cern.ch/mon/cms251/191101_121439:sthakur_crab_ExLepMuMuZ_M1250_MC_20191101
DEBUG 2019-11-01 12:49:10.924 UTC: 	 Proxied webdir is located at https://cmsweb.cern.ch/scheddmon/0119/cms251/191101_121439:sthakur_crab_ExLepMuMuZ_M1250_MC_20191101
DEBUG 2019-11-01 12:49:10.924 UTC: 	 Retrieving 'status_cache' file from https://cmsweb.cern.ch/scheddmon/0119/cms251/191101_121439:sthakur_crab_ExLepMuMuZ_M1250_MC_20191101/status_cache
DEBUG 2019-11-01 12:49:10.972 UTC: 	 Got information from status cache file: {'1': {'Retries': 0, 'WallDurations': [9.0, 611.0], 'StartTimes': [1572610632.0], 'SubmitTimes': [1572610552.0], 'JobIds': ['44968956.0'], 'EndTimes': [], 'Restarts': 0, 'RecordedSite': True, 'State': 'running', 'ResidentSetSize': [935120], 'TotalUserCpuTimeHistory': [201.0], 'SiteHistory': ['Unknown', 'T1_UK_RAL'], 'TotalSysCpuTimeHistory': [11.0]}, '2': {'Retries': 0, 'WallDurations': [11.0, 958.0], 'StartTimes': [1572610650.0], 'SubmitTimes': [1572610553.0], 'JobIds': ['44968957.0'], 'EndTimes': [1572611608.0], 'Restarts': 0, 'RecordedSite': True, 'State': 'transferring', 'ResidentSetSize': [845508], 'TotalUserCpuTimeHistory': [399], 'SiteHistory': ['Unknown', 'T1_UK_RAL'], 'TotalSysCpuTimeHistory': [21]}}
INFO 2019-11-01 12:49:10.972 UTC: 	 Status on the scheduler:	SUBMITTED
INFO 2019-11-01 12:49:10.972 UTC: 	 
Jobs status:                    running      		 50.0% (1/2)
INFO 2019-11-01 12:49:10.972 UTC: 	 				transferring 		 50.0% (1/2)
INFO 2019-11-01 12:49:10.972 UTC: 	 
No publication information available yet
INFO 2019-11-01 12:49:10.972 UTC: 	 
Warning: the max jobs runtime is less than 30% of the task requested value (1250 min), please consider to request a lower value for failed jobs (allowed through crab resubmit) and/or improve the jobs splitting (e.g. config.Data.splitting = 'Automatic') in a new task.
INFO 2019-11-01 12:49:10.972 UTC: 	 
Warning: the average jobs CPU efficiency is less than 50%, please consider to improve the jobs splitting (e.g. config.Data.splitting = 'Automatic') in a new task
INFO 2019-11-01 12:49:10.973 UTC: 	 
Summary of run jobs:
 * Memory: 913MB min, 825MB max, 826MB ave
 * Runtime: 0:10:11 min, 0:15:58 max, 0:15:58 ave
 * CPU eff: 44% min, 44% max, 44% ave
 * Waste: 0:00:11 (1% of total)

INFO 2019-11-01 12:49:10.982 UTC: 	 Log file is /afs/cern.ch/work/s/sthakur/xRavindra/MiniTree2017Data/CMSSW_10_4_0/src/ExLep2017Crab/crab/CrabMC_20191101/crab_ExLepMuMuZ_M1250_MC_20191101/crab.log
DEBUG 2019-11-01 16:55:45.997 UTC: 	 Running on: Linux lxplus721.cern.ch 3.10.0-1062.1.2.el7.x86_64 #1 SMP Mon Sep 30 14:19:46 UTC 2019 x86_64 x86_64 x86_64 GNU/Linux
Description:	CentOS Linux release 7.7.1908 (Core) 

DEBUG 2019-11-01 16:55:45.997 UTC: 	 Executing command: 'status'
DEBUG 2019-11-01 16:55:45.997 UTC: 	 Found CRAB cache file /afs/cern.ch/user/s/sthakur/.crab3
DEBUG 2019-11-01 16:55:46.007 UTC: 	 Checking credentials
DEBUG 2019-11-01 16:55:46.008 UTC: 	 Found proxy file /tmp/x509up_u77410
DEBUG 2019-11-01 16:55:46.008 UTC: 	 Getting proxy life time left
DEBUG 2019-11-01 16:55:46.712 UTC: 	 Executing : 
 command : voms-proxy-info -file /tmp/x509up_u77410 -timeleft
 output : 43082

 error: 
 retcode : 0
DEBUG 2019-11-01 16:55:47.424 UTC: 	 Executing : 
 command : voms-proxy-info -file /tmp/x509up_u77410 -actimeleft
 output : 43081

 error: 
 retcode : 0
DEBUG 2019-11-01 16:55:47.424 UTC: 	 Proxy lifetime 43082 secs is different from voms extension lifetime 43081 secs for proxy: /tmp/x509up_u77410
DEBUG 2019-11-01 16:55:47.424 UTC: 	 Proxy valid for 11:58:01 hours
DEBUG 2019-11-01 16:55:47.601 UTC: 	 Executing : 
 command : openssl x509 -in ~/.globus/usercert.pem -subject -noout
 output : subject= /DC=ch/DC=cern/OU=Organic Units/OU=Users/CN=sthakur/CN=764789/CN=Shalini Thakur

 error: 
 retcode : 0
DEBUG 2019-11-01 16:55:47.602 UTC: 	 Checking credentials
DEBUG 2019-11-01 16:55:47.602 UTC: 	 Found proxy file /tmp/x509up_u77410
DEBUG 2019-11-01 16:55:47.602 UTC: 	 Getting proxy life time left
DEBUG 2019-11-01 16:55:48.312 UTC: 	 Executing : 
 command : voms-proxy-info -file /tmp/x509up_u77410 -timeleft
 output : 43080

 error: 
 retcode : 0
DEBUG 2019-11-01 16:55:49.019 UTC: 	 Executing : 
 command : voms-proxy-info -file /tmp/x509up_u77410 -actimeleft
 output : 43080

 error: 
 retcode : 0
DEBUG 2019-11-01 16:55:49.020 UTC: 	 Proxy valid for 11:58:00 hours
DEBUG 2019-11-01 16:55:49.120 UTC: 	 Registering user credentials for server /DC=ch/DC=cern/OU=computers/CN=vocms(052|058|030|0118|0105|0109).cern.ch|/DC=ch/DC=cern/OU=computers/CN=crab-(preprod|prod)-tw(02|01).cern.ch
DEBUG 2019-11-01 16:55:49.230 UTC: 	 Executing : 
 command : openssl x509 -in ~/.globus/usercert.pem -subject -noout
 output : subject= /DC=ch/DC=cern/OU=Organic Units/OU=Users/CN=sthakur/CN=764789/CN=Shalini Thakur

 error: 
 retcode : 0
DEBUG 2019-11-01 16:55:49.230 UTC: 	 Getting myproxy life time left for myproxy.cern.ch
DEBUG 2019-11-01 16:55:49.230 UTC: 	 Calculating hash of /DC=ch/DC=cern/OU=Organic Units/OU=Users/CN=sthakur/CN=764789/CN=Shalini Thakur_cmsweb.cern.ch for credential name
DEBUG 2019-11-01 16:55:49.636 UTC: 	 Executing : 
 command : myproxy-info -l 9cd94953387eeee7bf4da2b7588630639ea1153b -s myproxy.cern.ch
 output : username: 9cd94953387eeee7bf4da2b7588630639ea1153b
owner: /DC=ch/DC=cern/OU=Organic Units/OU=Users/CN=sthakur/CN=764789/CN=Shalini Thakur
  renewal policy: /DC=ch/DC=cern/OU=computers/CN=vocms(052|058|030|0118|0105|0109).cern.ch|/DC=ch/DC=cern/OU=computers/CN=crab-(preprod|prod)-tw(02|01).cern.ch
  trusted retrieval policy: /DC=ch/DC=cern/OU=computers/CN=vocms(052|058|030|0118|0105|0109).cern.ch|/DC=ch/DC=cern/OU=computers/CN=crab-(preprod|prod)-tw(02|01).cern.ch
  timeleft: 553:42:11  (23.1 days)

 error: 
 retcode : 0
DEBUG 2019-11-01 16:55:49.637 UTC: 	 Myproxy is valid: 1993331
DEBUG 2019-11-01 16:55:49.638 UTC: 	 Command use: status
DEBUG 2019-11-01 16:55:49.638 UTC: 	 Options use: ['--verboseErrors', 'CrabMC_20191101/crab_ExLepMuMuZ_M1250_MC_20191101']
DEBUG 2019-11-01 16:55:49.746 UTC: 	 CRABClient version: 3.3.1910.patch2
DEBUG 2019-11-01 16:55:49.747 UTC: 	 Instance is prod
DEBUG 2019-11-01 16:55:49.747 UTC: 	 Server base url is cmsweb.cern.ch
DEBUG 2019-11-01 16:55:49.747 UTC: 	 Command url /crabserver/prod/workflow
DEBUG 2019-11-01 16:55:49.832 UTC: 	 Got information from server oracle database: {u'result': [u'191101_121439:sthakur_crab_ExLepMuMuZ_M1250_MC_20191101', u'None', u'None', u'SUBMITTED', u'SUBMIT', u'2019-11-01 12:14:39.087546', u'None', u'2019-11-01 12:15:40.691343', u'None', u'CMSSW_10_4_0', u'slc7_amd64_gcc700', u'/ExcitedLepton_MuMuZ-1250_TuneCP5_13TeV-pythia8/RunIIFall17MiniAODv2-PU2017_12Apr2018_94X_mc2017_realistic_v14-v1/MINIAODSIM', u'T', u'0', u'[]', u'[]', u'FileBased', u"{'splitOnRun': False, 'halt_job_on_file_boundaries': False, 'files_per_job': 10, 'runs': [], 'lumis': []}", u'7ec87060ab495cb04f54f62961bd10c3007555cf98f4cc815c6c764c4c350b40.tar.gz', u'https://cmsweb.cern.ch/crabcache', u'sthakur', u'/DC=ch/DC=cern/OU=Organic Units/OU=Users/CN=sthakur/CN=764789/CN=Shalini Thakur', u'cms', u'None', u'None', u'ExLepMuMuZ_M1250_MC_20191101-00000000000000000000000000000000', u'F', u'T2_IN_TIFR', u'https://cmsweb.cern.ch/dbs/prod/global/DBSReader', u'https://cmsweb.cern.ch/dbs/prod/phys03/DBSWriter', u'T', u'[]', u"['ExLepMuMuZ_M1250_MC_20191101_Ntuple.root']", u'[]', u'Analysis', u'pythia', u'None', u'{}', u'[]', u'F', u'crab-prod-tw01', u'[]', u'1250', u'1', u'2000', u'10', u'None', u'[]', u'http://vocms0119.cern.ch/mon/cms251/191101_121439:sthakur_crab_ExLepMuMuZ_M1250_MC_20191101', u'None', u'[]', u'[]', u'https://cmsweb.cern.ch/crabserver/prod', u'cmsgwms-collector-global.cern.ch:9620,cmssrv623.fnal.gov:9620', u'crab3@vocms0119.cern.ch', u'F', u'[]', u'T', u'/store/user/sthakur/ntuple_for2017MC_20191101/MC_20191101/ExLepMuMuZ_M1250_MC_20191101', u'F', u'None', u'F', u'None', u'ExcitedLepton_MuMuZ-1250_TuneCP5_13TeV-pythia8', u'None', u'855bc08cf6754966ceb1c67b37e8e08b71c0bf7f48a15369cda4ae3982c0a879.tar.gz', u'44968950', u'filetransfers', u'F', u'2001:1458:d00:2e::100:9b', u'0.0', u'None'], u'desc': {u'columns': [u'tm_taskname', u'tm_activity', u'panda_jobset_id', u'tm_task_status', u'tm_task_command', u'tm_start_time', u'tm_start_injection', u'tm_end_injection', u'tm_task_failure', u'tm_job_sw', u'tm_job_arch', u'tm_input_dataset', u'tm_nonvalid_input_dataset', u'tm_use_parent', u'tm_site_whitelist', u'tm_site_blacklist', u'tm_split_algo', u'tm_split_args', u'tm_user_sandbox', u'tm_cache_url', u'tm_username', u'tm_user_dn', u'tm_user_vo', u'tm_user_role', u'tm_user_group', u'tm_publish_name', u'tm_publish_groupname', u'tm_asyncdest', u'tm_dbs_url', u'tm_publish_dbs_url', u'tm_publication', u'tm_outfiles', u'tm_tfile_outfiles', u'tm_edm_outfiles', u'tm_job_type', u'tm_generator', u'tm_events_per_lumi', u'tm_arguments', u'panda_resubmitted_jobs', u'tm_save_logs', u'tw_name', u'tm_user_infiles', u'tm_maxjobruntime', u'tm_numcores', u'tm_maxmemory', u'tm_priority', u'tm_output_dataset', u'tm_task_warnings', u'tm_user_webdir', u'tm_scriptexe', u'tm_scriptargs', u'tm_extrajdl', u'tm_asourl', u'tm_collector', u'tm_schedd', u'tm_dry_run', u'tm_user_files', u'tm_transfer_outputs', u'tm_output_lfn', u'tm_ignore_locality', u'tm_fail_limit', u'tm_one_event_mode', u'tm_secondary_input_dataset', u'tm_primary_dataset', u'tm_last_publication', u'tm_debug_files', u'clusterid', u'tm_asodb', u'tm_ignore_global_blacklist', u'tm_submitter_ip_addr', u'tm_totalunits', u'tm_ddm_reqid']}}
INFO 2019-11-01 16:55:49.832 UTC: 	 CRAB project directory:		/afs/cern.ch/work/s/sthakur/xRavindra/MiniTree2017Data/CMSSW_10_4_0/src/ExLep2017Crab/crab/CrabMC_20191101/crab_ExLepMuMuZ_M1250_MC_20191101
INFO 2019-11-01 16:55:49.832 UTC: 	 Task name:			191101_121439:sthakur_crab_ExLepMuMuZ_M1250_MC_20191101
INFO 2019-11-01 16:55:49.833 UTC: 	 Grid scheduler - Task Worker:	crab3@vocms0119.cern.ch - crab-prod-tw01
INFO 2019-11-01 16:55:49.833 UTC: 	 Status on the CRAB server:	SUBMITTED
INFO 2019-11-01 16:55:49.833 UTC: 	 Task URL to use for HELP:	https://cmsweb.cern.ch/crabserver/ui/task/191101_121439%3Asthakur_crab_ExLepMuMuZ_M1250_MC_20191101
INFO 2019-11-01 16:55:49.833 UTC: 	 Dashboard monitoring URL:	https://monit-grafana.cern.ch/d/cmsTMDetail/cms-task-monitoring-task-view?orgId=11&var-user=sthakur&var-task=191101_121439%3Asthakur_crab_ExLepMuMuZ_M1250_MC_20191101
INFO 2019-11-01 16:55:49.833 UTC: 	 In case of issues with the dashboard, please provide feedback to hn-cms-computing-tools@cern.ch
DEBUG 2019-11-01 16:55:49.833 UTC: 	 The CRAB server submitted your task to the Grid scheduler (cluster ID: 44968950)
DEBUG 2019-11-01 16:55:49.833 UTC: 	 Webdir is located at http://vocms0119.cern.ch/mon/cms251/191101_121439:sthakur_crab_ExLepMuMuZ_M1250_MC_20191101
DEBUG 2019-11-01 16:55:49.978 UTC: 	 Proxied webdir is located at https://cmsweb.cern.ch/scheddmon/0119/cms251/191101_121439:sthakur_crab_ExLepMuMuZ_M1250_MC_20191101
DEBUG 2019-11-01 16:55:49.978 UTC: 	 Retrieving 'status_cache' file from https://cmsweb.cern.ch/scheddmon/0119/cms251/191101_121439:sthakur_crab_ExLepMuMuZ_M1250_MC_20191101/status_cache
DEBUG 2019-11-01 16:55:50.037 UTC: 	 Got information from status cache file: {'1': {'Retries': 0, 'WallDurations': [9.0, 3025.0], 'StartTimes': [1572610632.0], 'SubmitTimes': [1572610552.0], 'JobIds': ['44968956.0'], 'EndTimes': [1572613657.0], 'Restarts': 0, 'RecordedSite': True, 'State': 'finished', 'ResidentSetSize': [946196], 'TotalUserCpuTimeHistory': [1459], 'SiteHistory': ['Unknown', 'T1_UK_RAL'], 'TotalSysCpuTimeHistory': [71]}, '2': {'Retries': 0, 'WallDurations': [11.0, 958.0], 'StartTimes': [1572610650.0], 'SubmitTimes': [1572610553.0], 'JobIds': ['44968957.0'], 'EndTimes': [1572611608.0], 'Restarts': 0, 'RecordedSite': True, 'State': 'finished', 'ResidentSetSize': [845508], 'TotalUserCpuTimeHistory': [399], 'SiteHistory': ['Unknown', 'T1_UK_RAL'], 'TotalSysCpuTimeHistory': [21]}}
INFO 2019-11-01 16:55:50.037 UTC: 	 Status on the scheduler:	COMPLETED
INFO 2019-11-01 16:55:50.037 UTC: 	 
Jobs status:                    finished     		100.0% (2/2)
INFO 2019-11-01 16:55:50.112 UTC: 	 
No publication information available yet
INFO 2019-11-01 16:55:50.112 UTC: 	 
Warning: the max jobs runtime is less than 30% of the task requested value (1250 min), please consider to request a lower value for failed jobs (allowed through crab resubmit) and/or improve the jobs splitting (e.g. config.Data.splitting = 'Automatic') in a new task.
INFO 2019-11-01 16:55:50.112 UTC: 	 
Warning: the average jobs CPU efficiency is less than 50%, please consider to improve the jobs splitting (e.g. config.Data.splitting = 'Automatic') in a new task
INFO 2019-11-01 16:55:50.112 UTC: 	 
Summary of run jobs:
 * Memory: 924MB min, 924MB max, 875MB ave
 * Runtime: 0:15:58 min, 0:50:25 max, 0:33:11 ave
 * CPU eff: 44% min, 51% max, 49% ave
 * Waste: 0:00:20 (0% of total)

INFO 2019-11-01 16:55:50.145 UTC: 	 Log file is /afs/cern.ch/work/s/sthakur/xRavindra/MiniTree2017Data/CMSSW_10_4_0/src/ExLep2017Crab/crab/CrabMC_20191101/crab_ExLepMuMuZ_M1250_MC_20191101/crab.log
DEBUG 2019-11-03 17:56:08.682 UTC: 	 Running on: Linux lxplus737.cern.ch 3.10.0-1062.1.2.el7.x86_64 #1 SMP Mon Sep 30 14:19:46 UTC 2019 x86_64 x86_64 x86_64 GNU/Linux
Description:	CentOS Linux release 7.7.1908 (Core) 

DEBUG 2019-11-03 17:56:08.682 UTC: 	 Executing command: 'status'
DEBUG 2019-11-03 17:56:08.683 UTC: 	 Found CRAB cache file /afs/cern.ch/user/s/sthakur/.crab3
DEBUG 2019-11-03 17:56:08.696 UTC: 	 Checking credentials
DEBUG 2019-11-03 17:56:08.696 UTC: 	 Found proxy file /tmp/x509up_u77410
DEBUG 2019-11-03 17:56:08.696 UTC: 	 Getting proxy life time left
DEBUG 2019-11-03 17:56:09.403 UTC: 	 Executing : 
 command : voms-proxy-info -file /tmp/x509up_u77410 -timeleft
 output : 43037

 error: 
 retcode : 0
DEBUG 2019-11-03 17:56:10.009 UTC: 	 Executing : 
 command : voms-proxy-info -file /tmp/x509up_u77410 -actimeleft
 output : 43037

 error: 
 retcode : 0
DEBUG 2019-11-03 17:56:10.009 UTC: 	 Proxy valid for 11:57:17 hours
DEBUG 2019-11-03 17:56:10.190 UTC: 	 Executing : 
 command : openssl x509 -in ~/.globus/usercert.pem -subject -noout
 output : subject= /DC=ch/DC=cern/OU=Organic Units/OU=Users/CN=sthakur/CN=764789/CN=Shalini Thakur

 error: 
 retcode : 0
DEBUG 2019-11-03 17:56:10.190 UTC: 	 Checking credentials
DEBUG 2019-11-03 17:56:10.190 UTC: 	 Found proxy file /tmp/x509up_u77410
DEBUG 2019-11-03 17:56:10.190 UTC: 	 Getting proxy life time left
DEBUG 2019-11-03 17:56:10.900 UTC: 	 Executing : 
 command : voms-proxy-info -file /tmp/x509up_u77410 -timeleft
 output : 43036

 error: 
 retcode : 0
DEBUG 2019-11-03 17:56:11.606 UTC: 	 Executing : 
 command : voms-proxy-info -file /tmp/x509up_u77410 -actimeleft
 output : 43035

 error: 
 retcode : 0
DEBUG 2019-11-03 17:56:11.607 UTC: 	 Proxy lifetime 43036 secs is different from voms extension lifetime 43035 secs for proxy: /tmp/x509up_u77410
DEBUG 2019-11-03 17:56:11.607 UTC: 	 Proxy valid for 11:57:15 hours
DEBUG 2019-11-03 17:56:11.742 UTC: 	 Registering user credentials for server /DC=ch/DC=cern/OU=computers/CN=vocms(052|058|030|0118|0105|0109).cern.ch|/DC=ch/DC=cern/OU=computers/CN=crab-(preprod|prod)-tw(02|01).cern.ch
DEBUG 2019-11-03 17:56:11.855 UTC: 	 Executing : 
 command : openssl x509 -in ~/.globus/usercert.pem -subject -noout
 output : subject= /DC=ch/DC=cern/OU=Organic Units/OU=Users/CN=sthakur/CN=764789/CN=Shalini Thakur

 error: 
 retcode : 0
DEBUG 2019-11-03 17:56:11.855 UTC: 	 Getting myproxy life time left for myproxy.cern.ch
DEBUG 2019-11-03 17:56:11.855 UTC: 	 Calculating hash of /DC=ch/DC=cern/OU=Organic Units/OU=Users/CN=sthakur/CN=764789/CN=Shalini Thakur_cmsweb.cern.ch for credential name
DEBUG 2019-11-03 17:56:12.161 UTC: 	 Executing : 
 command : myproxy-info -l 9cd94953387eeee7bf4da2b7588630639ea1153b -s myproxy.cern.ch
 output : username: 9cd94953387eeee7bf4da2b7588630639ea1153b
owner: /DC=ch/DC=cern/OU=Organic Units/OU=Users/CN=sthakur/CN=764789/CN=Shalini Thakur
  renewal policy: /DC=ch/DC=cern/OU=computers/CN=vocms(052|058|030|0118|0105|0109).cern.ch|/DC=ch/DC=cern/OU=computers/CN=crab-(preprod|prod)-tw(02|01).cern.ch
  trusted retrieval policy: /DC=ch/DC=cern/OU=computers/CN=vocms(052|058|030|0118|0105|0109).cern.ch|/DC=ch/DC=cern/OU=computers/CN=crab-(preprod|prod)-tw(02|01).cern.ch
  timeleft: 504:41:48  (21.0 days)

 error: 
 retcode : 0
DEBUG 2019-11-03 17:56:12.162 UTC: 	 Myproxy is valid: 1816908
DEBUG 2019-11-03 17:56:12.163 UTC: 	 Command use: status
DEBUG 2019-11-03 17:56:12.163 UTC: 	 Options use: ['--verboseErrors', 'CrabMC_20191101/crab_ExLepMuMuZ_M1250_MC_20191101']
DEBUG 2019-11-03 17:56:12.231 UTC: 	 CRABClient version: 3.3.1910.patch2
DEBUG 2019-11-03 17:56:12.231 UTC: 	 Instance is prod
DEBUG 2019-11-03 17:56:12.231 UTC: 	 Server base url is cmsweb.cern.ch
DEBUG 2019-11-03 17:56:12.232 UTC: 	 Command url /crabserver/prod/workflow
DEBUG 2019-11-03 17:56:12.384 UTC: 	 Got information from server oracle database: {u'result': [u'191101_121439:sthakur_crab_ExLepMuMuZ_M1250_MC_20191101', u'None', u'None', u'SUBMITTED', u'SUBMIT', u'2019-11-01 12:14:39.087546', u'None', u'2019-11-01 12:15:40.691343', u'None', u'CMSSW_10_4_0', u'slc7_amd64_gcc700', u'/ExcitedLepton_MuMuZ-1250_TuneCP5_13TeV-pythia8/RunIIFall17MiniAODv2-PU2017_12Apr2018_94X_mc2017_realistic_v14-v1/MINIAODSIM', u'T', u'0', u'[]', u'[]', u'FileBased', u"{'splitOnRun': False, 'halt_job_on_file_boundaries': False, 'files_per_job': 10, 'runs': [], 'lumis': []}", u'7ec87060ab495cb04f54f62961bd10c3007555cf98f4cc815c6c764c4c350b40.tar.gz', u'https://cmsweb.cern.ch/crabcache', u'sthakur', u'/DC=ch/DC=cern/OU=Organic Units/OU=Users/CN=sthakur/CN=764789/CN=Shalini Thakur', u'cms', u'None', u'None', u'ExLepMuMuZ_M1250_MC_20191101-00000000000000000000000000000000', u'F', u'T2_IN_TIFR', u'https://cmsweb.cern.ch/dbs/prod/global/DBSReader', u'https://cmsweb.cern.ch/dbs/prod/phys03/DBSWriter', u'T', u'[]', u"['ExLepMuMuZ_M1250_MC_20191101_Ntuple.root']", u'[]', u'Analysis', u'pythia', u'None', u'{}', u'[]', u'F', u'crab-prod-tw01', u'[]', u'1250', u'1', u'2000', u'10', u'None', u'[]', u'http://vocms0119.cern.ch/mon/cms251/191101_121439:sthakur_crab_ExLepMuMuZ_M1250_MC_20191101', u'None', u'[]', u'[]', u'https://cmsweb.cern.ch/crabserver/prod', u'cmsgwms-collector-global.cern.ch:9620,cmssrv623.fnal.gov:9620', u'crab3@vocms0119.cern.ch', u'F', u'[]', u'T', u'/store/user/sthakur/ntuple_for2017MC_20191101/MC_20191101/ExLepMuMuZ_M1250_MC_20191101', u'F', u'None', u'F', u'None', u'ExcitedLepton_MuMuZ-1250_TuneCP5_13TeV-pythia8', u'None', u'855bc08cf6754966ceb1c67b37e8e08b71c0bf7f48a15369cda4ae3982c0a879.tar.gz', u'44968950', u'filetransfers', u'F', u'2001:1458:d00:2e::100:9b', u'0.0', u'None'], u'desc': {u'columns': [u'tm_taskname', u'tm_activity', u'panda_jobset_id', u'tm_task_status', u'tm_task_command', u'tm_start_time', u'tm_start_injection', u'tm_end_injection', u'tm_task_failure', u'tm_job_sw', u'tm_job_arch', u'tm_input_dataset', u'tm_nonvalid_input_dataset', u'tm_use_parent', u'tm_site_whitelist', u'tm_site_blacklist', u'tm_split_algo', u'tm_split_args', u'tm_user_sandbox', u'tm_cache_url', u'tm_username', u'tm_user_dn', u'tm_user_vo', u'tm_user_role', u'tm_user_group', u'tm_publish_name', u'tm_publish_groupname', u'tm_asyncdest', u'tm_dbs_url', u'tm_publish_dbs_url', u'tm_publication', u'tm_outfiles', u'tm_tfile_outfiles', u'tm_edm_outfiles', u'tm_job_type', u'tm_generator', u'tm_events_per_lumi', u'tm_arguments', u'panda_resubmitted_jobs', u'tm_save_logs', u'tw_name', u'tm_user_infiles', u'tm_maxjobruntime', u'tm_numcores', u'tm_maxmemory', u'tm_priority', u'tm_output_dataset', u'tm_task_warnings', u'tm_user_webdir', u'tm_scriptexe', u'tm_scriptargs', u'tm_extrajdl', u'tm_asourl', u'tm_collector', u'tm_schedd', u'tm_dry_run', u'tm_user_files', u'tm_transfer_outputs', u'tm_output_lfn', u'tm_ignore_locality', u'tm_fail_limit', u'tm_one_event_mode', u'tm_secondary_input_dataset', u'tm_primary_dataset', u'tm_last_publication', u'tm_debug_files', u'clusterid', u'tm_asodb', u'tm_ignore_global_blacklist', u'tm_submitter_ip_addr', u'tm_totalunits', u'tm_ddm_reqid']}}
INFO 2019-11-03 17:56:12.385 UTC: 	 CRAB project directory:		/afs/cern.ch/work/s/sthakur/xRavindra/MiniTree2017Data/CMSSW_10_4_0/src/ExLep2017Crab/crab/CrabMC_20191101/crab_ExLepMuMuZ_M1250_MC_20191101
INFO 2019-11-03 17:56:12.385 UTC: 	 Task name:			191101_121439:sthakur_crab_ExLepMuMuZ_M1250_MC_20191101
INFO 2019-11-03 17:56:12.385 UTC: 	 Grid scheduler - Task Worker:	crab3@vocms0119.cern.ch - crab-prod-tw01
INFO 2019-11-03 17:56:12.385 UTC: 	 Status on the CRAB server:	SUBMITTED
INFO 2019-11-03 17:56:12.385 UTC: 	 Task URL to use for HELP:	https://cmsweb.cern.ch/crabserver/ui/task/191101_121439%3Asthakur_crab_ExLepMuMuZ_M1250_MC_20191101
INFO 2019-11-03 17:56:12.385 UTC: 	 Dashboard monitoring URL:	https://monit-grafana.cern.ch/d/cmsTMDetail/cms-task-monitoring-task-view?orgId=11&var-user=sthakur&var-task=191101_121439%3Asthakur_crab_ExLepMuMuZ_M1250_MC_20191101
INFO 2019-11-03 17:56:12.385 UTC: 	 In case of issues with the dashboard, please provide feedback to hn-cms-computing-tools@cern.ch
DEBUG 2019-11-03 17:56:12.385 UTC: 	 The CRAB server submitted your task to the Grid scheduler (cluster ID: 44968950)
DEBUG 2019-11-03 17:56:12.385 UTC: 	 Webdir is located at http://vocms0119.cern.ch/mon/cms251/191101_121439:sthakur_crab_ExLepMuMuZ_M1250_MC_20191101
DEBUG 2019-11-03 17:56:12.457 UTC: 	 Proxied webdir is located at https://cmsweb.cern.ch/scheddmon/0119/cms251/191101_121439:sthakur_crab_ExLepMuMuZ_M1250_MC_20191101
DEBUG 2019-11-03 17:56:12.457 UTC: 	 Retrieving 'status_cache' file from https://cmsweb.cern.ch/scheddmon/0119/cms251/191101_121439:sthakur_crab_ExLepMuMuZ_M1250_MC_20191101/status_cache
DEBUG 2019-11-03 17:56:13.003 UTC: 	 Got information from status cache file: {'1': {'Retries': 0, 'WallDurations': [9.0, 3025.0], 'StartTimes': [1572610632.0], 'SubmitTimes': [1572610552.0], 'JobIds': ['44968956.0'], 'EndTimes': [1572613657.0], 'Restarts': 0, 'RecordedSite': True, 'State': 'finished', 'ResidentSetSize': [946196], 'TotalUserCpuTimeHistory': [1459], 'SiteHistory': ['Unknown', 'T1_UK_RAL'], 'TotalSysCpuTimeHistory': [71]}, '2': {'Retries': 0, 'WallDurations': [11.0, 958.0], 'StartTimes': [1572610650.0], 'SubmitTimes': [1572610553.0], 'JobIds': ['44968957.0'], 'EndTimes': [1572611608.0], 'Restarts': 0, 'RecordedSite': True, 'State': 'finished', 'ResidentSetSize': [845508], 'TotalUserCpuTimeHistory': [399], 'SiteHistory': ['Unknown', 'T1_UK_RAL'], 'TotalSysCpuTimeHistory': [21]}}
INFO 2019-11-03 17:56:13.004 UTC: 	 Status on the scheduler:	COMPLETED
INFO 2019-11-03 17:56:13.004 UTC: 	 
Jobs status:                    finished     		100.0% (2/2)
INFO 2019-11-03 17:56:13.082 UTC: 	 
No publication information available yet
INFO 2019-11-03 17:56:13.082 UTC: 	 
Warning: the max jobs runtime is less than 30% of the task requested value (1250 min), please consider to request a lower value for failed jobs (allowed through crab resubmit) and/or improve the jobs splitting (e.g. config.Data.splitting = 'Automatic') in a new task.
INFO 2019-11-03 17:56:13.083 UTC: 	 
Warning: the average jobs CPU efficiency is less than 50%, please consider to improve the jobs splitting (e.g. config.Data.splitting = 'Automatic') in a new task
INFO 2019-11-03 17:56:13.083 UTC: 	 
Summary of run jobs:
 * Memory: 924MB min, 924MB max, 875MB ave
 * Runtime: 0:15:58 min, 0:50:25 max, 0:33:11 ave
 * CPU eff: 44% min, 51% max, 49% ave
 * Waste: 0:00:20 (0% of total)

INFO 2019-11-03 17:56:13.114 UTC: 	 Log file is /afs/cern.ch/work/s/sthakur/xRavindra/MiniTree2017Data/CMSSW_10_4_0/src/ExLep2017Crab/crab/CrabMC_20191101/crab_ExLepMuMuZ_M1250_MC_20191101/crab.log
DEBUG 2019-11-03 18:01:31.247 UTC: 	 Running on: Linux lxplus737.cern.ch 3.10.0-1062.1.2.el7.x86_64 #1 SMP Mon Sep 30 14:19:46 UTC 2019 x86_64 x86_64 x86_64 GNU/Linux
Description:	CentOS Linux release 7.7.1908 (Core) 

DEBUG 2019-11-03 18:01:31.247 UTC: 	 Executing command: 'resubmit'
DEBUG 2019-11-03 18:01:31.247 UTC: 	 Found CRAB cache file /afs/cern.ch/user/s/sthakur/.crab3
DEBUG 2019-11-03 18:01:31.256 UTC: 	 Checking credentials
DEBUG 2019-11-03 18:01:31.256 UTC: 	 Found proxy file /tmp/x509up_u77410
DEBUG 2019-11-03 18:01:31.256 UTC: 	 Getting proxy life time left
DEBUG 2019-11-03 18:01:32.066 UTC: 	 Executing : 
 command : voms-proxy-info -file /tmp/x509up_u77410 -timeleft
 output : 42715

 error: 
 retcode : 0
DEBUG 2019-11-03 18:01:32.776 UTC: 	 Executing : 
 command : voms-proxy-info -file /tmp/x509up_u77410 -actimeleft
 output : 42714

 error: 
 retcode : 0
DEBUG 2019-11-03 18:01:32.776 UTC: 	 Proxy lifetime 42715 secs is different from voms extension lifetime 42714 secs for proxy: /tmp/x509up_u77410
DEBUG 2019-11-03 18:01:32.776 UTC: 	 Proxy valid for 11:51:54 hours
DEBUG 2019-11-03 18:01:32.952 UTC: 	 Executing : 
 command : openssl x509 -in ~/.globus/usercert.pem -subject -noout
 output : subject= /DC=ch/DC=cern/OU=Organic Units/OU=Users/CN=sthakur/CN=764789/CN=Shalini Thakur

 error: 
 retcode : 0
DEBUG 2019-11-03 18:01:32.953 UTC: 	 Checking credentials
DEBUG 2019-11-03 18:01:32.953 UTC: 	 Found proxy file /tmp/x509up_u77410
DEBUG 2019-11-03 18:01:32.953 UTC: 	 Getting proxy life time left
DEBUG 2019-11-03 18:01:33.662 UTC: 	 Executing : 
 command : voms-proxy-info -file /tmp/x509up_u77410 -timeleft
 output : 42713

 error: 
 retcode : 0
DEBUG 2019-11-03 18:01:34.470 UTC: 	 Executing : 
 command : voms-proxy-info -file /tmp/x509up_u77410 -actimeleft
 output : 42712

 error: 
 retcode : 0
DEBUG 2019-11-03 18:01:34.471 UTC: 	 Proxy lifetime 42713 secs is different from voms extension lifetime 42712 secs for proxy: /tmp/x509up_u77410
DEBUG 2019-11-03 18:01:34.471 UTC: 	 Proxy valid for 11:51:52 hours
DEBUG 2019-11-03 18:01:34.576 UTC: 	 Registering user credentials for server /DC=ch/DC=cern/OU=computers/CN=vocms(052|058|030|0118|0105|0109).cern.ch|/DC=ch/DC=cern/OU=computers/CN=crab-(preprod|prod)-tw(02|01).cern.ch
DEBUG 2019-11-03 18:01:34.689 UTC: 	 Executing : 
 command : openssl x509 -in ~/.globus/usercert.pem -subject -noout
 output : subject= /DC=ch/DC=cern/OU=Organic Units/OU=Users/CN=sthakur/CN=764789/CN=Shalini Thakur

 error: 
 retcode : 0
DEBUG 2019-11-03 18:01:34.689 UTC: 	 Getting myproxy life time left for myproxy.cern.ch
DEBUG 2019-11-03 18:01:34.689 UTC: 	 Calculating hash of /DC=ch/DC=cern/OU=Organic Units/OU=Users/CN=sthakur/CN=764789/CN=Shalini Thakur_cmsweb.cern.ch for credential name
DEBUG 2019-11-03 18:01:34.995 UTC: 	 Executing : 
 command : myproxy-info -l 9cd94953387eeee7bf4da2b7588630639ea1153b -s myproxy.cern.ch
 output : username: 9cd94953387eeee7bf4da2b7588630639ea1153b
owner: /DC=ch/DC=cern/OU=Organic Units/OU=Users/CN=sthakur/CN=764789/CN=Shalini Thakur
  renewal policy: /DC=ch/DC=cern/OU=computers/CN=vocms(052|058|030|0118|0105|0109).cern.ch|/DC=ch/DC=cern/OU=computers/CN=crab-(preprod|prod)-tw(02|01).cern.ch
  trusted retrieval policy: /DC=ch/DC=cern/OU=computers/CN=vocms(052|058|030|0118|0105|0109).cern.ch|/DC=ch/DC=cern/OU=computers/CN=crab-(preprod|prod)-tw(02|01).cern.ch
  timeleft: 504:36:26  (21.0 days)

 error: 
 retcode : 0
DEBUG 2019-11-03 18:01:34.996 UTC: 	 Myproxy is valid: 1816586
DEBUG 2019-11-03 18:01:35.155 UTC: 	 Command use: resubmit
DEBUG 2019-11-03 18:01:35.155 UTC: 	 Options use: ['CrabMC_20191101/crab_ExLepMuMuZ_M1250_MC_20191101']
DEBUG 2019-11-03 18:01:35.240 UTC: 	 CRABClient version: 3.3.1910.patch2
DEBUG 2019-11-03 18:01:35.241 UTC: 	 Instance is prod
DEBUG 2019-11-03 18:01:35.241 UTC: 	 Server base url is cmsweb.cern.ch
DEBUG 2019-11-03 18:01:35.241 UTC: 	 Command url /crabserver/prod/workflow
DEBUG 2019-11-03 18:01:35.277 UTC: 	 Running on: Linux lxplus737.cern.ch 3.10.0-1062.1.2.el7.x86_64 #1 SMP Mon Sep 30 14:19:46 UTC 2019 x86_64 x86_64 x86_64 GNU/Linux
Description:	CentOS Linux release 7.7.1908 (Core) 

DEBUG 2019-11-03 18:01:35.277 UTC: 	 Executing command: 'status'
DEBUG 2019-11-03 18:01:35.277 UTC: 	 Found CRAB cache file /afs/cern.ch/user/s/sthakur/.crab3
DEBUG 2019-11-03 18:01:35.286 UTC: 	 Checking credentials
DEBUG 2019-11-03 18:01:35.286 UTC: 	 Found proxy file /tmp/x509up_u77410
DEBUG 2019-11-03 18:01:35.286 UTC: 	 Getting proxy life time left
DEBUG 2019-11-03 18:01:36.093 UTC: 	 Executing : 
 command : voms-proxy-info -file /tmp/x509up_u77410 -timeleft
 output : 42710

 error: 
 retcode : 0
DEBUG 2019-11-03 18:01:36.802 UTC: 	 Executing : 
 command : voms-proxy-info -file /tmp/x509up_u77410 -actimeleft
 output : 42710

 error: 
 retcode : 0
DEBUG 2019-11-03 18:01:36.802 UTC: 	 Proxy valid for 11:51:50 hours
DEBUG 2019-11-03 18:01:36.933 UTC: 	 Executing : 
 command : openssl x509 -in ~/.globus/usercert.pem -subject -noout
 output : subject= /DC=ch/DC=cern/OU=Organic Units/OU=Users/CN=sthakur/CN=764789/CN=Shalini Thakur

 error: 
 retcode : 0
DEBUG 2019-11-03 18:01:36.933 UTC: 	 Checking credentials
DEBUG 2019-11-03 18:01:36.933 UTC: 	 Found proxy file /tmp/x509up_u77410
DEBUG 2019-11-03 18:01:36.933 UTC: 	 Getting proxy life time left
DEBUG 2019-11-03 18:01:37.640 UTC: 	 Executing : 
 command : voms-proxy-info -file /tmp/x509up_u77410 -timeleft
 output : 42709

 error: 
 retcode : 0
DEBUG 2019-11-03 18:01:38.347 UTC: 	 Executing : 
 command : voms-proxy-info -file /tmp/x509up_u77410 -actimeleft
 output : 42708

 error: 
 retcode : 0
DEBUG 2019-11-03 18:01:38.348 UTC: 	 Proxy lifetime 42709 secs is different from voms extension lifetime 42708 secs for proxy: /tmp/x509up_u77410
DEBUG 2019-11-03 18:01:38.348 UTC: 	 Proxy valid for 11:51:48 hours
DEBUG 2019-11-03 18:01:38.497 UTC: 	 Registering user credentials for server /DC=ch/DC=cern/OU=computers/CN=vocms(052|058|030|0118|0105|0109).cern.ch|/DC=ch/DC=cern/OU=computers/CN=crab-(preprod|prod)-tw(02|01).cern.ch
DEBUG 2019-11-03 18:01:38.614 UTC: 	 Executing : 
 command : openssl x509 -in ~/.globus/usercert.pem -subject -noout
 output : subject= /DC=ch/DC=cern/OU=Organic Units/OU=Users/CN=sthakur/CN=764789/CN=Shalini Thakur

 error: 
 retcode : 0
DEBUG 2019-11-03 18:01:38.614 UTC: 	 Getting myproxy life time left for myproxy.cern.ch
DEBUG 2019-11-03 18:01:38.615 UTC: 	 Calculating hash of /DC=ch/DC=cern/OU=Organic Units/OU=Users/CN=sthakur/CN=764789/CN=Shalini Thakur_cmsweb.cern.ch for credential name
DEBUG 2019-11-03 18:01:39.221 UTC: 	 Executing : 
 command : myproxy-info -l 9cd94953387eeee7bf4da2b7588630639ea1153b -s myproxy.cern.ch
 output : username: 9cd94953387eeee7bf4da2b7588630639ea1153b
owner: /DC=ch/DC=cern/OU=Organic Units/OU=Users/CN=sthakur/CN=764789/CN=Shalini Thakur
  renewal policy: /DC=ch/DC=cern/OU=computers/CN=vocms(052|058|030|0118|0105|0109).cern.ch|/DC=ch/DC=cern/OU=computers/CN=crab-(preprod|prod)-tw(02|01).cern.ch
  trusted retrieval policy: /DC=ch/DC=cern/OU=computers/CN=vocms(052|058|030|0118|0105|0109).cern.ch|/DC=ch/DC=cern/OU=computers/CN=crab-(preprod|prod)-tw(02|01).cern.ch
  timeleft: 504:36:21  (21.0 days)

 error: 
 retcode : 0
DEBUG 2019-11-03 18:01:39.221 UTC: 	 Myproxy is valid: 1816581
DEBUG 2019-11-03 18:01:39.222 UTC: 	 Command use: status
DEBUG 2019-11-03 18:01:39.222 UTC: 	 Options use: []
DEBUG 2019-11-03 18:01:39.290 UTC: 	 CRABClient version: 3.3.1910.patch2
DEBUG 2019-11-03 18:01:39.291 UTC: 	 Instance is prod
DEBUG 2019-11-03 18:01:39.291 UTC: 	 Server base url is cmsweb.cern.ch
DEBUG 2019-11-03 18:01:39.291 UTC: 	 Command url /crabserver/prod/workflow
DEBUG 2019-11-03 18:01:39.371 UTC: 	 Got information from server oracle database: {u'result': [u'191101_121439:sthakur_crab_ExLepMuMuZ_M1250_MC_20191101', u'None', u'None', u'SUBMITTED', u'SUBMIT', u'2019-11-01 12:14:39.087546', u'None', u'2019-11-01 12:15:40.691343', u'None', u'CMSSW_10_4_0', u'slc7_amd64_gcc700', u'/ExcitedLepton_MuMuZ-1250_TuneCP5_13TeV-pythia8/RunIIFall17MiniAODv2-PU2017_12Apr2018_94X_mc2017_realistic_v14-v1/MINIAODSIM', u'T', u'0', u'[]', u'[]', u'FileBased', u"{'splitOnRun': False, 'halt_job_on_file_boundaries': False, 'files_per_job': 10, 'runs': [], 'lumis': []}", u'7ec87060ab495cb04f54f62961bd10c3007555cf98f4cc815c6c764c4c350b40.tar.gz', u'https://cmsweb.cern.ch/crabcache', u'sthakur', u'/DC=ch/DC=cern/OU=Organic Units/OU=Users/CN=sthakur/CN=764789/CN=Shalini Thakur', u'cms', u'None', u'None', u'ExLepMuMuZ_M1250_MC_20191101-00000000000000000000000000000000', u'F', u'T2_IN_TIFR', u'https://cmsweb.cern.ch/dbs/prod/global/DBSReader', u'https://cmsweb.cern.ch/dbs/prod/phys03/DBSWriter', u'T', u'[]', u"['ExLepMuMuZ_M1250_MC_20191101_Ntuple.root']", u'[]', u'Analysis', u'pythia', u'None', u'{}', u'[]', u'F', u'crab-prod-tw01', u'[]', u'1250', u'1', u'2000', u'10', u'None', u'[]', u'http://vocms0119.cern.ch/mon/cms251/191101_121439:sthakur_crab_ExLepMuMuZ_M1250_MC_20191101', u'None', u'[]', u'[]', u'https://cmsweb.cern.ch/crabserver/prod', u'cmsgwms-collector-global.cern.ch:9620,cmssrv623.fnal.gov:9620', u'crab3@vocms0119.cern.ch', u'F', u'[]', u'T', u'/store/user/sthakur/ntuple_for2017MC_20191101/MC_20191101/ExLepMuMuZ_M1250_MC_20191101', u'F', u'None', u'F', u'None', u'ExcitedLepton_MuMuZ-1250_TuneCP5_13TeV-pythia8', u'None', u'855bc08cf6754966ceb1c67b37e8e08b71c0bf7f48a15369cda4ae3982c0a879.tar.gz', u'44968950', u'filetransfers', u'F', u'2001:1458:d00:2e::100:9b', u'0.0', u'None'], u'desc': {u'columns': [u'tm_taskname', u'tm_activity', u'panda_jobset_id', u'tm_task_status', u'tm_task_command', u'tm_start_time', u'tm_start_injection', u'tm_end_injection', u'tm_task_failure', u'tm_job_sw', u'tm_job_arch', u'tm_input_dataset', u'tm_nonvalid_input_dataset', u'tm_use_parent', u'tm_site_whitelist', u'tm_site_blacklist', u'tm_split_algo', u'tm_split_args', u'tm_user_sandbox', u'tm_cache_url', u'tm_username', u'tm_user_dn', u'tm_user_vo', u'tm_user_role', u'tm_user_group', u'tm_publish_name', u'tm_publish_groupname', u'tm_asyncdest', u'tm_dbs_url', u'tm_publish_dbs_url', u'tm_publication', u'tm_outfiles', u'tm_tfile_outfiles', u'tm_edm_outfiles', u'tm_job_type', u'tm_generator', u'tm_events_per_lumi', u'tm_arguments', u'panda_resubmitted_jobs', u'tm_save_logs', u'tw_name', u'tm_user_infiles', u'tm_maxjobruntime', u'tm_numcores', u'tm_maxmemory', u'tm_priority', u'tm_output_dataset', u'tm_task_warnings', u'tm_user_webdir', u'tm_scriptexe', u'tm_scriptargs', u'tm_extrajdl', u'tm_asourl', u'tm_collector', u'tm_schedd', u'tm_dry_run', u'tm_user_files', u'tm_transfer_outputs', u'tm_output_lfn', u'tm_ignore_locality', u'tm_fail_limit', u'tm_one_event_mode', u'tm_secondary_input_dataset', u'tm_primary_dataset', u'tm_last_publication', u'tm_debug_files', u'clusterid', u'tm_asodb', u'tm_ignore_global_blacklist', u'tm_submitter_ip_addr', u'tm_totalunits', u'tm_ddm_reqid']}}
INFO 2019-11-03 18:01:39.371 UTC: 	 CRAB project directory:		/afs/cern.ch/work/s/sthakur/xRavindra/MiniTree2017Data/CMSSW_10_4_0/src/ExLep2017Crab/crab/CrabMC_20191101/crab_ExLepMuMuZ_M1250_MC_20191101
INFO 2019-11-03 18:01:39.371 UTC: 	 Task name:			191101_121439:sthakur_crab_ExLepMuMuZ_M1250_MC_20191101
INFO 2019-11-03 18:01:39.371 UTC: 	 Grid scheduler - Task Worker:	crab3@vocms0119.cern.ch - crab-prod-tw01
INFO 2019-11-03 18:01:39.371 UTC: 	 Status on the CRAB server:	SUBMITTED
INFO 2019-11-03 18:01:39.372 UTC: 	 Task URL to use for HELP:	https://cmsweb.cern.ch/crabserver/ui/task/191101_121439%3Asthakur_crab_ExLepMuMuZ_M1250_MC_20191101
INFO 2019-11-03 18:01:39.372 UTC: 	 Dashboard monitoring URL:	https://monit-grafana.cern.ch/d/cmsTMDetail/cms-task-monitoring-task-view?orgId=11&var-user=sthakur&var-task=191101_121439%3Asthakur_crab_ExLepMuMuZ_M1250_MC_20191101
INFO 2019-11-03 18:01:39.372 UTC: 	 In case of issues with the dashboard, please provide feedback to hn-cms-computing-tools@cern.ch
DEBUG 2019-11-03 18:01:39.372 UTC: 	 The CRAB server submitted your task to the Grid scheduler (cluster ID: 44968950)
DEBUG 2019-11-03 18:01:39.372 UTC: 	 Webdir is located at http://vocms0119.cern.ch/mon/cms251/191101_121439:sthakur_crab_ExLepMuMuZ_M1250_MC_20191101
DEBUG 2019-11-03 18:01:39.456 UTC: 	 Proxied webdir is located at https://cmsweb.cern.ch/scheddmon/0119/cms251/191101_121439:sthakur_crab_ExLepMuMuZ_M1250_MC_20191101
DEBUG 2019-11-03 18:01:39.456 UTC: 	 Retrieving 'status_cache' file from https://cmsweb.cern.ch/scheddmon/0119/cms251/191101_121439:sthakur_crab_ExLepMuMuZ_M1250_MC_20191101/status_cache
DEBUG 2019-11-03 18:01:39.505 UTC: 	 Got information from status cache file: {'1': {'Retries': 0, 'WallDurations': [9.0, 3025.0], 'StartTimes': [1572610632.0], 'SubmitTimes': [1572610552.0], 'JobIds': ['44968956.0'], 'EndTimes': [1572613657.0], 'Restarts': 0, 'RecordedSite': True, 'State': 'finished', 'ResidentSetSize': [946196], 'TotalUserCpuTimeHistory': [1459], 'SiteHistory': ['Unknown', 'T1_UK_RAL'], 'TotalSysCpuTimeHistory': [71]}, '2': {'Retries': 0, 'WallDurations': [11.0, 958.0], 'StartTimes': [1572610650.0], 'SubmitTimes': [1572610553.0], 'JobIds': ['44968957.0'], 'EndTimes': [1572611608.0], 'Restarts': 0, 'RecordedSite': True, 'State': 'finished', 'ResidentSetSize': [845508], 'TotalUserCpuTimeHistory': [399], 'SiteHistory': ['Unknown', 'T1_UK_RAL'], 'TotalSysCpuTimeHistory': [21]}}
INFO 2019-11-03 18:01:39.505 UTC: 	 Status on the scheduler:	COMPLETED
INFO 2019-11-03 18:01:39.505 UTC: 	 
Jobs status:                    finished     		100.0% (2/2)
INFO 2019-11-03 18:01:39.676 UTC: 	 
No publication information available yet
INFO 2019-11-03 18:01:39.677 UTC: 	 
Warning: the max jobs runtime is less than 30% of the task requested value (1250 min), please consider to request a lower value for failed jobs (allowed through crab resubmit) and/or improve the jobs splitting (e.g. config.Data.splitting = 'Automatic') in a new task.
INFO 2019-11-03 18:01:39.677 UTC: 	 
Warning: the average jobs CPU efficiency is less than 50%, please consider to improve the jobs splitting (e.g. config.Data.splitting = 'Automatic') in a new task
INFO 2019-11-03 18:01:39.677 UTC: 	 
Summary of run jobs:
 * Memory: 924MB min, 924MB max, 875MB ave
 * Runtime: 0:15:58 min, 0:50:25 max, 0:33:11 ave
 * CPU eff: 44% min, 51% max, 49% ave
 * Waste: 0:00:20 (0% of total)

DEBUG 2019-11-03 18:01:39.681 UTC: 	 Requesting resubmission of failed jobs in task 191101_121439:sthakur_crab_ExLepMuMuZ_M1250_MC_20191101
ERROR 2019-11-03 18:01:39.681 UTC: 	 Found no jobs to resubmit. Only jobs in status failed can be resubmitted. Jobs in status finished can also be resubmitted, but only if the jobids are specified and the force option is set.
ERROR 2019-11-03 18:01:39.681 UTC: 	 Caught exception
Traceback (most recent call last):
  File "/cvmfs/cms.cern.ch/crab3/slc6_amd64_gcc493/cms/crabclient/3.3.1910.patch2/bin/crab", line 160, in <module>
    client()
  File "/cvmfs/cms.cern.ch/crab3/slc6_amd64_gcc493/cms/crabclient/3.3.1910.patch2/bin/crab", line 147, in __call__
    self.cmd()
  File "/cvmfs/cms.cern.ch/crab3/slc6_amd64_gcc493/cms/crabclient/3.3.1910.patch2/lib/python2.7/site-packages/CRABClient/Commands/resubmit.py", line 63, in __call__
    self.jobids = self.processJobIds(jobList)
  File "/cvmfs/cms.cern.ch/crab3/slc6_amd64_gcc493/cms/crabclient/3.3.1910.patch2/lib/python2.7/site-packages/CRABClient/Commands/resubmit.py", line 172, in processJobIds
    raise ConfigurationException(msg)
ConfigurationException: Found no jobs to resubmit. Only jobs in status failed can be resubmitted. Jobs in status finished can also be resubmitted, but only if the jobids are specified and the force option is set.
DEBUG 2019-11-04 17:52:15.170 UTC: 	 Running on: Linux lxplus794.cern.ch 3.10.0-1062.4.1.el7.x86_64 #1 SMP Fri Oct 18 17:15:30 UTC 2019 x86_64 x86_64 x86_64 GNU/Linux
Description:	CentOS Linux release 7.7.1908 (Core) 

DEBUG 2019-11-04 17:52:15.170 UTC: 	 Executing command: 'status'
DEBUG 2019-11-04 17:52:15.171 UTC: 	 Found CRAB cache file /afs/cern.ch/user/s/sthakur/.crab3
DEBUG 2019-11-04 17:52:15.205 UTC: 	 Checking credentials
DEBUG 2019-11-04 17:52:15.205 UTC: 	 Found proxy file /tmp/x509up_u77410
DEBUG 2019-11-04 17:52:15.205 UTC: 	 Getting proxy life time left
DEBUG 2019-11-04 17:52:15.811 UTC: 	 Executing : 
 command : voms-proxy-info -file /tmp/x509up_u77410 -timeleft
 output : 43054

 error: 
 retcode : 0
DEBUG 2019-11-04 17:52:16.417 UTC: 	 Executing : 
 command : voms-proxy-info -file /tmp/x509up_u77410 -actimeleft
 output : 43053

 error: 
 retcode : 0
DEBUG 2019-11-04 17:52:16.418 UTC: 	 Proxy lifetime 43054 secs is different from voms extension lifetime 43053 secs for proxy: /tmp/x509up_u77410
DEBUG 2019-11-04 17:52:16.418 UTC: 	 Proxy valid for 11:57:33 hours
DEBUG 2019-11-04 17:52:17.009 UTC: 	 Executing : 
 command : openssl x509 -in ~/.globus/usercert.pem -subject -noout
 output : subject= /DC=ch/DC=cern/OU=Organic Units/OU=Users/CN=sthakur/CN=764789/CN=Shalini Thakur

 error: 
 retcode : 0
DEBUG 2019-11-04 17:52:17.009 UTC: 	 Checking credentials
DEBUG 2019-11-04 17:52:17.010 UTC: 	 Found proxy file /tmp/x509up_u77410
DEBUG 2019-11-04 17:52:17.010 UTC: 	 Getting proxy life time left
DEBUG 2019-11-04 17:52:17.618 UTC: 	 Executing : 
 command : voms-proxy-info -file /tmp/x509up_u77410 -timeleft
 output : 43052

 error: 
 retcode : 0
DEBUG 2019-11-04 17:52:18.227 UTC: 	 Executing : 
 command : voms-proxy-info -file /tmp/x509up_u77410 -actimeleft
 output : 43051

 error: 
 retcode : 0
DEBUG 2019-11-04 17:52:18.227 UTC: 	 Proxy lifetime 43052 secs is different from voms extension lifetime 43051 secs for proxy: /tmp/x509up_u77410
DEBUG 2019-11-04 17:52:18.227 UTC: 	 Proxy valid for 11:57:31 hours
DEBUG 2019-11-04 17:52:18.324 UTC: 	 Registering user credentials for server /DC=ch/DC=cern/OU=computers/CN=vocms(052|058|030|0118|0105|0109).cern.ch|/DC=ch/DC=cern/OU=computers/CN=crab-(preprod|prod)-tw(02|01).cern.ch
DEBUG 2019-11-04 17:52:18.435 UTC: 	 Executing : 
 command : openssl x509 -in ~/.globus/usercert.pem -subject -noout
 output : subject= /DC=ch/DC=cern/OU=Organic Units/OU=Users/CN=sthakur/CN=764789/CN=Shalini Thakur

 error: 
 retcode : 0
DEBUG 2019-11-04 17:52:18.435 UTC: 	 Getting myproxy life time left for myproxy.cern.ch
DEBUG 2019-11-04 17:52:18.435 UTC: 	 Calculating hash of /DC=ch/DC=cern/OU=Organic Units/OU=Users/CN=sthakur/CN=764789/CN=Shalini Thakur_cmsweb.cern.ch for credential name
DEBUG 2019-11-04 17:52:19.642 UTC: 	 Executing : 
 command : myproxy-info -l 9cd94953387eeee7bf4da2b7588630639ea1153b -s myproxy.cern.ch
 output : username: 9cd94953387eeee7bf4da2b7588630639ea1153b
owner: /DC=ch/DC=cern/OU=Organic Units/OU=Users/CN=sthakur/CN=764789/CN=Shalini Thakur
  renewal policy: /DC=ch/DC=cern/OU=computers/CN=vocms(052|058|030|0118|0105|0109).cern.ch|/DC=ch/DC=cern/OU=computers/CN=crab-(preprod|prod)-tw(02|01).cern.ch
  trusted retrieval policy: /DC=ch/DC=cern/OU=computers/CN=vocms(052|058|030|0118|0105|0109).cern.ch|/DC=ch/DC=cern/OU=computers/CN=crab-(preprod|prod)-tw(02|01).cern.ch
  timeleft: 480:45:41  (20.0 days)

 error: 
 retcode : 0
DEBUG 2019-11-04 17:52:19.643 UTC: 	 Myproxy is valid: 1730741
DEBUG 2019-11-04 17:52:19.644 UTC: 	 Command use: status
DEBUG 2019-11-04 17:52:19.644 UTC: 	 Options use: ['--verboseErrors', 'CrabMC_20191101/crab_ExLepMuMuZ_M1250_MC_20191101']
DEBUG 2019-11-04 17:52:19.744 UTC: 	 CRABClient version: 3.3.1910.patch2
DEBUG 2019-11-04 17:52:19.744 UTC: 	 Instance is prod
DEBUG 2019-11-04 17:52:19.744 UTC: 	 Server base url is cmsweb.cern.ch
DEBUG 2019-11-04 17:52:19.744 UTC: 	 Command url /crabserver/prod/workflow
DEBUG 2019-11-04 17:52:19.836 UTC: 	 Got information from server oracle database: {u'result': [u'191101_121439:sthakur_crab_ExLepMuMuZ_M1250_MC_20191101', u'None', u'None', u'SUBMITTED', u'SUBMIT', u'2019-11-01 12:14:39.087546', u'None', u'2019-11-01 12:15:40.691343', u'None', u'CMSSW_10_4_0', u'slc7_amd64_gcc700', u'/ExcitedLepton_MuMuZ-1250_TuneCP5_13TeV-pythia8/RunIIFall17MiniAODv2-PU2017_12Apr2018_94X_mc2017_realistic_v14-v1/MINIAODSIM', u'T', u'0', u'[]', u'[]', u'FileBased', u"{'splitOnRun': False, 'halt_job_on_file_boundaries': False, 'files_per_job': 10, 'runs': [], 'lumis': []}", u'7ec87060ab495cb04f54f62961bd10c3007555cf98f4cc815c6c764c4c350b40.tar.gz', u'https://cmsweb.cern.ch/crabcache', u'sthakur', u'/DC=ch/DC=cern/OU=Organic Units/OU=Users/CN=sthakur/CN=764789/CN=Shalini Thakur', u'cms', u'None', u'None', u'ExLepMuMuZ_M1250_MC_20191101-00000000000000000000000000000000', u'F', u'T2_IN_TIFR', u'https://cmsweb.cern.ch/dbs/prod/global/DBSReader', u'https://cmsweb.cern.ch/dbs/prod/phys03/DBSWriter', u'T', u'[]', u"['ExLepMuMuZ_M1250_MC_20191101_Ntuple.root']", u'[]', u'Analysis', u'pythia', u'None', u'{}', u'[]', u'F', u'crab-prod-tw01', u'[]', u'1250', u'1', u'2000', u'10', u'None', u'[]', u'http://vocms0119.cern.ch/mon/cms251/191101_121439:sthakur_crab_ExLepMuMuZ_M1250_MC_20191101', u'None', u'[]', u'[]', u'https://cmsweb.cern.ch/crabserver/prod', u'cmsgwms-collector-global.cern.ch:9620,cmssrv623.fnal.gov:9620', u'crab3@vocms0119.cern.ch', u'F', u'[]', u'T', u'/store/user/sthakur/ntuple_for2017MC_20191101/MC_20191101/ExLepMuMuZ_M1250_MC_20191101', u'F', u'None', u'F', u'None', u'ExcitedLepton_MuMuZ-1250_TuneCP5_13TeV-pythia8', u'None', u'855bc08cf6754966ceb1c67b37e8e08b71c0bf7f48a15369cda4ae3982c0a879.tar.gz', u'44968950', u'filetransfers', u'F', u'2001:1458:d00:2e::100:9b', u'0.0', u'None'], u'desc': {u'columns': [u'tm_taskname', u'tm_activity', u'panda_jobset_id', u'tm_task_status', u'tm_task_command', u'tm_start_time', u'tm_start_injection', u'tm_end_injection', u'tm_task_failure', u'tm_job_sw', u'tm_job_arch', u'tm_input_dataset', u'tm_nonvalid_input_dataset', u'tm_use_parent', u'tm_site_whitelist', u'tm_site_blacklist', u'tm_split_algo', u'tm_split_args', u'tm_user_sandbox', u'tm_cache_url', u'tm_username', u'tm_user_dn', u'tm_user_vo', u'tm_user_role', u'tm_user_group', u'tm_publish_name', u'tm_publish_groupname', u'tm_asyncdest', u'tm_dbs_url', u'tm_publish_dbs_url', u'tm_publication', u'tm_outfiles', u'tm_tfile_outfiles', u'tm_edm_outfiles', u'tm_job_type', u'tm_generator', u'tm_events_per_lumi', u'tm_arguments', u'panda_resubmitted_jobs', u'tm_save_logs', u'tw_name', u'tm_user_infiles', u'tm_maxjobruntime', u'tm_numcores', u'tm_maxmemory', u'tm_priority', u'tm_output_dataset', u'tm_task_warnings', u'tm_user_webdir', u'tm_scriptexe', u'tm_scriptargs', u'tm_extrajdl', u'tm_asourl', u'tm_collector', u'tm_schedd', u'tm_dry_run', u'tm_user_files', u'tm_transfer_outputs', u'tm_output_lfn', u'tm_ignore_locality', u'tm_fail_limit', u'tm_one_event_mode', u'tm_secondary_input_dataset', u'tm_primary_dataset', u'tm_last_publication', u'tm_debug_files', u'clusterid', u'tm_asodb', u'tm_ignore_global_blacklist', u'tm_submitter_ip_addr', u'tm_totalunits', u'tm_ddm_reqid']}}
INFO 2019-11-04 17:52:19.836 UTC: 	 CRAB project directory:		/afs/cern.ch/work/s/sthakur/xRavindra/MiniTree2017Data/CMSSW_10_4_0/src/ExLep2017Crab/crab/CrabMC_20191101/crab_ExLepMuMuZ_M1250_MC_20191101
INFO 2019-11-04 17:52:19.837 UTC: 	 Task name:			191101_121439:sthakur_crab_ExLepMuMuZ_M1250_MC_20191101
INFO 2019-11-04 17:52:19.837 UTC: 	 Grid scheduler - Task Worker:	crab3@vocms0119.cern.ch - crab-prod-tw01
INFO 2019-11-04 17:52:19.837 UTC: 	 Status on the CRAB server:	SUBMITTED
INFO 2019-11-04 17:52:19.837 UTC: 	 Task URL to use for HELP:	https://cmsweb.cern.ch/crabserver/ui/task/191101_121439%3Asthakur_crab_ExLepMuMuZ_M1250_MC_20191101
INFO 2019-11-04 17:52:19.837 UTC: 	 Dashboard monitoring URL:	https://monit-grafana.cern.ch/d/cmsTMDetail/cms-task-monitoring-task-view?orgId=11&var-user=sthakur&var-task=191101_121439%3Asthakur_crab_ExLepMuMuZ_M1250_MC_20191101
INFO 2019-11-04 17:52:19.837 UTC: 	 In case of issues with the dashboard, please provide feedback to hn-cms-computing-tools@cern.ch
DEBUG 2019-11-04 17:52:19.837 UTC: 	 The CRAB server submitted your task to the Grid scheduler (cluster ID: 44968950)
DEBUG 2019-11-04 17:52:19.837 UTC: 	 Webdir is located at http://vocms0119.cern.ch/mon/cms251/191101_121439:sthakur_crab_ExLepMuMuZ_M1250_MC_20191101
DEBUG 2019-11-04 17:52:19.919 UTC: 	 Proxied webdir is located at https://cmsweb.cern.ch/scheddmon/0119/cms251/191101_121439:sthakur_crab_ExLepMuMuZ_M1250_MC_20191101
DEBUG 2019-11-04 17:52:19.919 UTC: 	 Retrieving 'status_cache' file from https://cmsweb.cern.ch/scheddmon/0119/cms251/191101_121439:sthakur_crab_ExLepMuMuZ_M1250_MC_20191101/status_cache
DEBUG 2019-11-04 17:52:20.251 UTC: 	 Got information from status cache file: {'1': {'Retries': 0, 'WallDurations': [9.0, 3025.0], 'StartTimes': [1572610632.0], 'SubmitTimes': [1572610552.0], 'JobIds': ['44968956.0'], 'EndTimes': [1572613657.0], 'Restarts': 0, 'RecordedSite': True, 'State': 'finished', 'ResidentSetSize': [946196], 'TotalUserCpuTimeHistory': [1459], 'SiteHistory': ['Unknown', 'T1_UK_RAL'], 'TotalSysCpuTimeHistory': [71]}, '2': {'Retries': 0, 'WallDurations': [11.0, 958.0], 'StartTimes': [1572610650.0], 'SubmitTimes': [1572610553.0], 'JobIds': ['44968957.0'], 'EndTimes': [1572611608.0], 'Restarts': 0, 'RecordedSite': True, 'State': 'finished', 'ResidentSetSize': [845508], 'TotalUserCpuTimeHistory': [399], 'SiteHistory': ['Unknown', 'T1_UK_RAL'], 'TotalSysCpuTimeHistory': [21]}}
INFO 2019-11-04 17:52:20.251 UTC: 	 Status on the scheduler:	COMPLETED
INFO 2019-11-04 17:52:20.251 UTC: 	 
Jobs status:                    finished     		100.0% (2/2)
INFO 2019-11-04 17:52:20.321 UTC: 	 
No publication information available yet
INFO 2019-11-04 17:52:20.321 UTC: 	 
Warning: the max jobs runtime is less than 30% of the task requested value (1250 min), please consider to request a lower value for failed jobs (allowed through crab resubmit) and/or improve the jobs splitting (e.g. config.Data.splitting = 'Automatic') in a new task.
INFO 2019-11-04 17:52:20.321 UTC: 	 
Warning: the average jobs CPU efficiency is less than 50%, please consider to improve the jobs splitting (e.g. config.Data.splitting = 'Automatic') in a new task
INFO 2019-11-04 17:52:20.321 UTC: 	 
Summary of run jobs:
 * Memory: 924MB min, 924MB max, 875MB ave
 * Runtime: 0:15:58 min, 0:50:25 max, 0:33:11 ave
 * CPU eff: 44% min, 51% max, 49% ave
 * Waste: 0:00:20 (0% of total)

INFO 2019-11-04 17:52:20.361 UTC: 	 Log file is /afs/cern.ch/work/s/sthakur/xRavindra/MiniTree2017Data/CMSSW_10_4_0/src/ExLep2017Crab/crab/CrabMC_20191101/crab_ExLepMuMuZ_M1250_MC_20191101/crab.log
DEBUG 2019-11-11 18:31:37.371 UTC: 	 Running on: Linux lxplus745.cern.ch 3.10.0-1062.4.1.el7.x86_64 #1 SMP Fri Oct 18 17:15:30 UTC 2019 x86_64 x86_64 x86_64 GNU/Linux - CentOS Linux 7 (Core)
DEBUG 2019-11-11 18:31:37.380 UTC: 	 OpenSSl version: OpenSSL 1.0.2h  3 May 2016
DEBUG 2019-11-11 18:31:37.380 UTC: 	 Executing command: 'status'
DEBUG 2019-11-11 18:31:37.380 UTC: 	 Found CRAB cache file /afs/cern.ch/user/s/sthakur/.crab3
DEBUG 2019-11-11 18:31:37.392 UTC: 	 Checking credentials
DEBUG 2019-11-11 18:31:37.392 UTC: 	 Found proxy file /tmp/x509up_u77410
DEBUG 2019-11-11 18:31:37.392 UTC: 	 Getting proxy life time left
DEBUG 2019-11-11 18:31:38.098 UTC: 	 Executing : 
 command : voms-proxy-info -file /tmp/x509up_u77410 -timeleft
 output : 38962

 error: 
 retcode : 0
DEBUG 2019-11-11 18:31:38.804 UTC: 	 Executing : 
 command : voms-proxy-info -file /tmp/x509up_u77410 -actimeleft
 output : 38962

 error: 
 retcode : 0
DEBUG 2019-11-11 18:31:38.804 UTC: 	 Proxy valid for 10:49:22 hours
DEBUG 2019-11-11 18:31:39.030 UTC: 	 Executing : 
 command : openssl x509 -in ~/.globus/usercert.pem -subject -noout
 output : subject= /DC=ch/DC=cern/OU=Organic Units/OU=Users/CN=sthakur/CN=764789/CN=Shalini Thakur

 error: 
 retcode : 0
DEBUG 2019-11-11 18:31:39.030 UTC: 	 Checking credentials
DEBUG 2019-11-11 18:31:39.030 UTC: 	 Found proxy file /tmp/x509up_u77410
DEBUG 2019-11-11 18:31:39.030 UTC: 	 Getting proxy life time left
DEBUG 2019-11-11 18:31:39.740 UTC: 	 Executing : 
 command : voms-proxy-info -file /tmp/x509up_u77410 -timeleft
 output : 38961

 error: 
 retcode : 0
DEBUG 2019-11-11 18:31:40.446 UTC: 	 Executing : 
 command : voms-proxy-info -file /tmp/x509up_u77410 -actimeleft
 output : 38960

 error: 
 retcode : 0
DEBUG 2019-11-11 18:31:40.447 UTC: 	 Proxy lifetime 38961 secs is different from voms extension lifetime 38960 secs for proxy: /tmp/x509up_u77410
DEBUG 2019-11-11 18:31:40.447 UTC: 	 Proxy valid for 10:49:20 hours
DEBUG 2019-11-11 18:31:40.555 UTC: 	 Registering user credentials for server /DC=ch/DC=cern/OU=computers/CN=vocms(052|058|030|0118|0105|0109).cern.ch|/DC=ch/DC=cern/OU=computers/CN=crab-(preprod|prod)-tw(02|01).cern.ch
DEBUG 2019-11-11 18:31:40.669 UTC: 	 Executing : 
 command : openssl x509 -in ~/.globus/usercert.pem -subject -noout
 output : subject= /DC=ch/DC=cern/OU=Organic Units/OU=Users/CN=sthakur/CN=764789/CN=Shalini Thakur

 error: 
 retcode : 0
DEBUG 2019-11-11 18:31:40.669 UTC: 	 Getting myproxy life time left for myproxy.cern.ch
DEBUG 2019-11-11 18:31:40.670 UTC: 	 Calculating hash of /DC=ch/DC=cern/OU=Organic Units/OU=Users/CN=sthakur/CN=764789/CN=Shalini Thakur_cmsweb.cern.ch for credential name
DEBUG 2019-11-11 18:31:40.875 UTC: 	 Executing : 
 command : myproxy-info -l 9cd94953387eeee7bf4da2b7588630639ea1153b -s myproxy.cern.ch
 output : username: 9cd94953387eeee7bf4da2b7588630639ea1153b
owner: /DC=ch/DC=cern/OU=Organic Units/OU=Users/CN=sthakur/CN=764789/CN=Shalini Thakur
  renewal policy: /DC=ch/DC=cern/OU=computers/CN=vocms(052|058|030|0118|0105|0109).cern.ch|/DC=ch/DC=cern/OU=computers/CN=crab-(preprod|prod)-tw(02|01).cern.ch
  trusted retrieval policy: /DC=ch/DC=cern/OU=computers/CN=vocms(052|058|030|0118|0105|0109).cern.ch|/DC=ch/DC=cern/OU=computers/CN=crab-(preprod|prod)-tw(02|01).cern.ch
  timeleft: 711:01:39  (29.6 days)

 error: 
 retcode : 0
DEBUG 2019-11-11 18:31:40.876 UTC: 	 Myproxy is valid: 2559699
DEBUG 2019-11-11 18:31:40.877 UTC: 	 Command use: status
DEBUG 2019-11-11 18:31:40.877 UTC: 	 Options use: ['--verboseErrors', 'CrabMC_20191101/crab_ExLepMuMuZ_M1250_MC_20191101']
DEBUG 2019-11-11 18:31:40.982 UTC: 	 CRABClient version: 3.3.1911
DEBUG 2019-11-11 18:31:40.982 UTC: 	 Instance is prod
DEBUG 2019-11-11 18:31:40.982 UTC: 	 Server base url is cmsweb.cern.ch
DEBUG 2019-11-11 18:31:40.982 UTC: 	 Command url /crabserver/prod/workflow
DEBUG 2019-11-11 18:31:41.069 UTC: 	 Got information from server oracle database: {u'result': [u'191101_121439:sthakur_crab_ExLepMuMuZ_M1250_MC_20191101', u'None', u'None', u'SUBMITTED', u'SUBMIT', u'2019-11-01 12:14:39.087546', u'None', u'2019-11-01 12:15:40.691343', u'None', u'CMSSW_10_4_0', u'slc7_amd64_gcc700', u'/ExcitedLepton_MuMuZ-1250_TuneCP5_13TeV-pythia8/RunIIFall17MiniAODv2-PU2017_12Apr2018_94X_mc2017_realistic_v14-v1/MINIAODSIM', u'T', u'0', u'[]', u'[]', u'FileBased', u"{'splitOnRun': False, 'halt_job_on_file_boundaries': False, 'files_per_job': 10, 'runs': [], 'lumis': []}", u'7ec87060ab495cb04f54f62961bd10c3007555cf98f4cc815c6c764c4c350b40.tar.gz', u'https://cmsweb.cern.ch/crabcache', u'sthakur', u'/DC=ch/DC=cern/OU=Organic Units/OU=Users/CN=sthakur/CN=764789/CN=Shalini Thakur', u'cms', u'None', u'None', u'ExLepMuMuZ_M1250_MC_20191101-00000000000000000000000000000000', u'F', u'T2_IN_TIFR', u'https://cmsweb.cern.ch/dbs/prod/global/DBSReader', u'https://cmsweb.cern.ch/dbs/prod/phys03/DBSWriter', u'T', u'[]', u"['ExLepMuMuZ_M1250_MC_20191101_Ntuple.root']", u'[]', u'Analysis', u'pythia', u'None', u'{}', u'[]', u'F', u'crab-prod-tw01', u'[]', u'1250', u'1', u'2000', u'10', u'None', u'[]', u'http://vocms0119.cern.ch/mon/cms251/191101_121439:sthakur_crab_ExLepMuMuZ_M1250_MC_20191101', u'None', u'[]', u'[]', u'https://cmsweb.cern.ch/crabserver/prod', u'cmsgwms-collector-global.cern.ch:9620,cmssrv623.fnal.gov:9620', u'crab3@vocms0119.cern.ch', u'F', u'[]', u'T', u'/store/user/sthakur/ntuple_for2017MC_20191101/MC_20191101/ExLepMuMuZ_M1250_MC_20191101', u'F', u'None', u'F', u'None', u'ExcitedLepton_MuMuZ-1250_TuneCP5_13TeV-pythia8', u'None', u'855bc08cf6754966ceb1c67b37e8e08b71c0bf7f48a15369cda4ae3982c0a879.tar.gz', u'44968950', u'filetransfers', u'F', u'2001:1458:d00:2e::100:9b', u'0.0', u'None'], u'desc': {u'columns': [u'tm_taskname', u'tm_activity', u'panda_jobset_id', u'tm_task_status', u'tm_task_command', u'tm_start_time', u'tm_start_injection', u'tm_end_injection', u'tm_task_failure', u'tm_job_sw', u'tm_job_arch', u'tm_input_dataset', u'tm_nonvalid_input_dataset', u'tm_use_parent', u'tm_site_whitelist', u'tm_site_blacklist', u'tm_split_algo', u'tm_split_args', u'tm_user_sandbox', u'tm_cache_url', u'tm_username', u'tm_user_dn', u'tm_user_vo', u'tm_user_role', u'tm_user_group', u'tm_publish_name', u'tm_publish_groupname', u'tm_asyncdest', u'tm_dbs_url', u'tm_publish_dbs_url', u'tm_publication', u'tm_outfiles', u'tm_tfile_outfiles', u'tm_edm_outfiles', u'tm_job_type', u'tm_generator', u'tm_events_per_lumi', u'tm_arguments', u'panda_resubmitted_jobs', u'tm_save_logs', u'tw_name', u'tm_user_infiles', u'tm_maxjobruntime', u'tm_numcores', u'tm_maxmemory', u'tm_priority', u'tm_output_dataset', u'tm_task_warnings', u'tm_user_webdir', u'tm_scriptexe', u'tm_scriptargs', u'tm_extrajdl', u'tm_asourl', u'tm_collector', u'tm_schedd', u'tm_dry_run', u'tm_user_files', u'tm_transfer_outputs', u'tm_output_lfn', u'tm_ignore_locality', u'tm_fail_limit', u'tm_one_event_mode', u'tm_secondary_input_dataset', u'tm_primary_dataset', u'tm_last_publication', u'tm_debug_files', u'clusterid', u'tm_asodb', u'tm_ignore_global_blacklist', u'tm_submitter_ip_addr', u'tm_totalunits', u'tm_ddm_reqid']}}
INFO 2019-11-11 18:31:41.070 UTC: 	 CRAB project directory:		/afs/cern.ch/work/s/sthakur/xRavindra/MiniTree2017Data/CMSSW_10_4_0/src/ExLep2017Crab/crab/CrabMC_20191101/crab_ExLepMuMuZ_M1250_MC_20191101
INFO 2019-11-11 18:31:41.070 UTC: 	 Task name:			191101_121439:sthakur_crab_ExLepMuMuZ_M1250_MC_20191101
INFO 2019-11-11 18:31:41.070 UTC: 	 Grid scheduler - Task Worker:	crab3@vocms0119.cern.ch - crab-prod-tw01
INFO 2019-11-11 18:31:41.070 UTC: 	 Status on the CRAB server:	SUBMITTED
INFO 2019-11-11 18:31:41.070 UTC: 	 Task URL to use for HELP:	https://cmsweb.cern.ch/crabserver/ui/task/191101_121439%3Asthakur_crab_ExLepMuMuZ_M1250_MC_20191101
INFO 2019-11-11 18:31:41.070 UTC: 	 Dashboard monitoring URL:	https://monit-grafana.cern.ch/d/cmsTMDetail/cms-task-monitoring-task-view?orgId=11&var-user=sthakur&var-task=191101_121439%3Asthakur_crab_ExLepMuMuZ_M1250_MC_20191101
INFO 2019-11-11 18:31:41.070 UTC: 	 In case of issues with the dashboard, please provide feedback to hn-cms-computing-tools@cern.ch
DEBUG 2019-11-11 18:31:41.071 UTC: 	 The CRAB server submitted your task to the Grid scheduler (cluster ID: 44968950)
DEBUG 2019-11-11 18:31:41.071 UTC: 	 Webdir is located at http://vocms0119.cern.ch/mon/cms251/191101_121439:sthakur_crab_ExLepMuMuZ_M1250_MC_20191101
DEBUG 2019-11-11 18:31:41.150 UTC: 	 Proxied webdir is located at https://cmsweb.cern.ch/scheddmon/0119/cms251/191101_121439:sthakur_crab_ExLepMuMuZ_M1250_MC_20191101
DEBUG 2019-11-11 18:31:41.150 UTC: 	 Retrieving 'status_cache' file from https://cmsweb.cern.ch/scheddmon/0119/cms251/191101_121439:sthakur_crab_ExLepMuMuZ_M1250_MC_20191101/status_cache
DEBUG 2019-11-11 18:31:41.451 UTC: 	 Got information from status cache file: {'1': {'Retries': 0, 'WallDurations': [9.0, 3025.0], 'StartTimes': [1572610632.0], 'SubmitTimes': [1572610552.0], 'JobIds': ['44968956.0'], 'EndTimes': [1572613657.0], 'Restarts': 0, 'RecordedSite': True, 'State': 'finished', 'ResidentSetSize': [946196], 'TotalUserCpuTimeHistory': [1459], 'SiteHistory': ['Unknown', 'T1_UK_RAL'], 'TotalSysCpuTimeHistory': [71]}, '2': {'Retries': 0, 'WallDurations': [11.0, 958.0], 'StartTimes': [1572610650.0], 'SubmitTimes': [1572610553.0], 'JobIds': ['44968957.0'], 'EndTimes': [1572611608.0], 'Restarts': 0, 'RecordedSite': True, 'State': 'finished', 'ResidentSetSize': [845508], 'TotalUserCpuTimeHistory': [399], 'SiteHistory': ['Unknown', 'T1_UK_RAL'], 'TotalSysCpuTimeHistory': [21]}}
INFO 2019-11-11 18:31:41.451 UTC: 	 Status on the scheduler:	COMPLETED
INFO 2019-11-11 18:31:41.451 UTC: 	 
Jobs status:                    finished     		100.0% (2/2)
INFO 2019-11-11 18:31:41.527 UTC: 	 
No publication information available yet
INFO 2019-11-11 18:31:41.527 UTC: 	 
Warning: the max jobs runtime is less than 30% of the task requested value (1250 min), please consider to request a lower value for failed jobs (allowed through crab resubmit) and/or improve the jobs splitting (e.g. config.Data.splitting = 'Automatic') in a new task.
INFO 2019-11-11 18:31:41.527 UTC: 	 
Warning: the average jobs CPU efficiency is less than 50%, please consider to improve the jobs splitting (e.g. config.Data.splitting = 'Automatic') in a new task
INFO 2019-11-11 18:31:41.527 UTC: 	 
Summary of run jobs:
 * Memory: 924MB min, 924MB max, 875MB ave
 * Runtime: 0:15:58 min, 0:50:25 max, 0:33:11 ave
 * CPU eff: 44% min, 51% max, 49% ave
 * Waste: 0:00:20 (0% of total)

INFO 2019-11-11 18:31:41.536 UTC: 	 Log file is /afs/cern.ch/work/s/sthakur/xRavindra/MiniTree2017Data/CMSSW_10_4_0/src/ExLep2017Crab/crab/CrabMC_20191101/crab_ExLepMuMuZ_M1250_MC_20191101/crab.log
DEBUG 2019-11-11 18:48:05.587 UTC: 	 Running on: Linux lxplus714.cern.ch 3.10.0-1062.4.1.el7.x86_64 #1 SMP Fri Oct 18 17:15:30 UTC 2019 x86_64 x86_64 x86_64 GNU/Linux - CentOS Linux 7 (Core)
DEBUG 2019-11-11 18:48:05.611 UTC: 	 OpenSSl version: OpenSSL 1.0.2k-fips  26 Jan 2017 (Library: OpenSSL 1.0.2d-fips 9 Jul 2015)
DEBUG 2019-11-11 18:48:05.611 UTC: 	 Executing command: 'status'
DEBUG 2019-11-11 18:48:05.612 UTC: 	 Found CRAB cache file /afs/cern.ch/user/s/sthakur/.crab3
DEBUG 2019-11-11 18:48:05.628 UTC: 	 Checking credentials
DEBUG 2019-11-11 18:48:05.629 UTC: 	 Found proxy file /tmp/x509up_u77410
DEBUG 2019-11-11 18:48:05.629 UTC: 	 Getting proxy life time left
DEBUG 2019-11-11 18:48:06.436 UTC: 	 Executing : 
 command : voms-proxy-info -file /tmp/x509up_u77410 -timeleft
 output : 43105

 error: 
 retcode : 0
DEBUG 2019-11-11 18:48:07.143 UTC: 	 Executing : 
 command : voms-proxy-info -file /tmp/x509up_u77410 -actimeleft
 output : 43104

 error: 
 retcode : 0
DEBUG 2019-11-11 18:48:07.143 UTC: 	 Proxy lifetime 43105 secs is different from voms extension lifetime 43104 secs for proxy: /tmp/x509up_u77410
DEBUG 2019-11-11 18:48:07.143 UTC: 	 Proxy valid for 11:58:24 hours
DEBUG 2019-11-11 18:48:07.394 UTC: 	 Executing : 
 command : openssl x509 -in ~/.globus/usercert.pem -subject -noout
 output : subject= /DC=ch/DC=cern/OU=Organic Units/OU=Users/CN=sthakur/CN=764789/CN=Shalini Thakur

 error: 
 retcode : 0
DEBUG 2019-11-11 18:48:07.396 UTC: 	 Checking credentials
DEBUG 2019-11-11 18:48:07.397 UTC: 	 Found proxy file /tmp/x509up_u77410
DEBUG 2019-11-11 18:48:07.397 UTC: 	 Getting proxy life time left
DEBUG 2019-11-11 18:48:08.105 UTC: 	 Executing : 
 command : voms-proxy-info -file /tmp/x509up_u77410 -timeleft
 output : 43103

 error: 
 retcode : 0
DEBUG 2019-11-11 18:48:08.814 UTC: 	 Executing : 
 command : voms-proxy-info -file /tmp/x509up_u77410 -actimeleft
 output : 43103

 error: 
 retcode : 0
DEBUG 2019-11-11 18:48:08.815 UTC: 	 Proxy valid for 11:58:23 hours
DEBUG 2019-11-11 18:48:08.922 UTC: 	 Registering user credentials for server /DC=ch/DC=cern/OU=computers/CN=vocms(052|058|030|0118|0105|0109).cern.ch|/DC=ch/DC=cern/OU=computers/CN=crab-(preprod|prod)-tw(02|01).cern.ch
DEBUG 2019-11-11 18:48:09.036 UTC: 	 Executing : 
 command : openssl x509 -in ~/.globus/usercert.pem -subject -noout
 output : subject= /DC=ch/DC=cern/OU=Organic Units/OU=Users/CN=sthakur/CN=764789/CN=Shalini Thakur

 error: 
 retcode : 0
DEBUG 2019-11-11 18:48:09.036 UTC: 	 Getting myproxy life time left for myproxy.cern.ch
DEBUG 2019-11-11 18:48:09.036 UTC: 	 Calculating hash of /DC=ch/DC=cern/OU=Organic Units/OU=Users/CN=sthakur/CN=764789/CN=Shalini Thakur_cmsweb.cern.ch for credential name
DEBUG 2019-11-11 18:48:09.241 UTC: 	 Executing : 
 command : myproxy-info -l 9cd94953387eeee7bf4da2b7588630639ea1153b -s myproxy.cern.ch
 output : username: 9cd94953387eeee7bf4da2b7588630639ea1153b
owner: /DC=ch/DC=cern/OU=Organic Units/OU=Users/CN=sthakur/CN=764789/CN=Shalini Thakur
  renewal policy: /DC=ch/DC=cern/OU=computers/CN=vocms(052|058|030|0118|0105|0109).cern.ch|/DC=ch/DC=cern/OU=computers/CN=crab-(preprod|prod)-tw(02|01).cern.ch
  trusted retrieval policy: /DC=ch/DC=cern/OU=computers/CN=vocms(052|058|030|0118|0105|0109).cern.ch|/DC=ch/DC=cern/OU=computers/CN=crab-(preprod|prod)-tw(02|01).cern.ch
  timeleft: 710:45:10  (29.6 days)

 error: 
 retcode : 0
DEBUG 2019-11-11 18:48:09.242 UTC: 	 Myproxy is valid: 2558710
DEBUG 2019-11-11 18:48:09.242 UTC: 	 Command use: status
DEBUG 2019-11-11 18:48:09.242 UTC: 	 Options use: ['--verboseErrors', 'CrabMC_20191101/crab_ExLepMuMuZ_M1250_MC_20191101']
DEBUG 2019-11-11 18:48:09.344 UTC: 	 CRABClient version: 3.3.1911
DEBUG 2019-11-11 18:48:09.344 UTC: 	 Instance is prod
DEBUG 2019-11-11 18:48:09.344 UTC: 	 Server base url is cmsweb.cern.ch
DEBUG 2019-11-11 18:48:09.344 UTC: 	 Command url /crabserver/prod/workflow
DEBUG 2019-11-11 18:48:09.423 UTC: 	 Got information from server oracle database: {u'result': [u'191101_121439:sthakur_crab_ExLepMuMuZ_M1250_MC_20191101', u'None', u'None', u'SUBMITTED', u'SUBMIT', u'2019-11-01 12:14:39.087546', u'None', u'2019-11-01 12:15:40.691343', u'None', u'CMSSW_10_4_0', u'slc7_amd64_gcc700', u'/ExcitedLepton_MuMuZ-1250_TuneCP5_13TeV-pythia8/RunIIFall17MiniAODv2-PU2017_12Apr2018_94X_mc2017_realistic_v14-v1/MINIAODSIM', u'T', u'0', u'[]', u'[]', u'FileBased', u"{'splitOnRun': False, 'halt_job_on_file_boundaries': False, 'files_per_job': 10, 'runs': [], 'lumis': []}", u'7ec87060ab495cb04f54f62961bd10c3007555cf98f4cc815c6c764c4c350b40.tar.gz', u'https://cmsweb.cern.ch/crabcache', u'sthakur', u'/DC=ch/DC=cern/OU=Organic Units/OU=Users/CN=sthakur/CN=764789/CN=Shalini Thakur', u'cms', u'None', u'None', u'ExLepMuMuZ_M1250_MC_20191101-00000000000000000000000000000000', u'F', u'T2_IN_TIFR', u'https://cmsweb.cern.ch/dbs/prod/global/DBSReader', u'https://cmsweb.cern.ch/dbs/prod/phys03/DBSWriter', u'T', u'[]', u"['ExLepMuMuZ_M1250_MC_20191101_Ntuple.root']", u'[]', u'Analysis', u'pythia', u'None', u'{}', u'[]', u'F', u'crab-prod-tw01', u'[]', u'1250', u'1', u'2000', u'10', u'None', u'[]', u'http://vocms0119.cern.ch/mon/cms251/191101_121439:sthakur_crab_ExLepMuMuZ_M1250_MC_20191101', u'None', u'[]', u'[]', u'https://cmsweb.cern.ch/crabserver/prod', u'cmsgwms-collector-global.cern.ch:9620,cmssrv623.fnal.gov:9620', u'crab3@vocms0119.cern.ch', u'F', u'[]', u'T', u'/store/user/sthakur/ntuple_for2017MC_20191101/MC_20191101/ExLepMuMuZ_M1250_MC_20191101', u'F', u'None', u'F', u'None', u'ExcitedLepton_MuMuZ-1250_TuneCP5_13TeV-pythia8', u'None', u'855bc08cf6754966ceb1c67b37e8e08b71c0bf7f48a15369cda4ae3982c0a879.tar.gz', u'44968950', u'filetransfers', u'F', u'2001:1458:d00:2e::100:9b', u'0.0', u'None'], u'desc': {u'columns': [u'tm_taskname', u'tm_activity', u'panda_jobset_id', u'tm_task_status', u'tm_task_command', u'tm_start_time', u'tm_start_injection', u'tm_end_injection', u'tm_task_failure', u'tm_job_sw', u'tm_job_arch', u'tm_input_dataset', u'tm_nonvalid_input_dataset', u'tm_use_parent', u'tm_site_whitelist', u'tm_site_blacklist', u'tm_split_algo', u'tm_split_args', u'tm_user_sandbox', u'tm_cache_url', u'tm_username', u'tm_user_dn', u'tm_user_vo', u'tm_user_role', u'tm_user_group', u'tm_publish_name', u'tm_publish_groupname', u'tm_asyncdest', u'tm_dbs_url', u'tm_publish_dbs_url', u'tm_publication', u'tm_outfiles', u'tm_tfile_outfiles', u'tm_edm_outfiles', u'tm_job_type', u'tm_generator', u'tm_events_per_lumi', u'tm_arguments', u'panda_resubmitted_jobs', u'tm_save_logs', u'tw_name', u'tm_user_infiles', u'tm_maxjobruntime', u'tm_numcores', u'tm_maxmemory', u'tm_priority', u'tm_output_dataset', u'tm_task_warnings', u'tm_user_webdir', u'tm_scriptexe', u'tm_scriptargs', u'tm_extrajdl', u'tm_asourl', u'tm_collector', u'tm_schedd', u'tm_dry_run', u'tm_user_files', u'tm_transfer_outputs', u'tm_output_lfn', u'tm_ignore_locality', u'tm_fail_limit', u'tm_one_event_mode', u'tm_secondary_input_dataset', u'tm_primary_dataset', u'tm_last_publication', u'tm_debug_files', u'clusterid', u'tm_asodb', u'tm_ignore_global_blacklist', u'tm_submitter_ip_addr', u'tm_totalunits', u'tm_ddm_reqid']}}
INFO 2019-11-11 18:48:09.424 UTC: 	 CRAB project directory:		/afs/cern.ch/work/s/sthakur/xRavindra/MiniTree2017Data/CMSSW_10_4_0/src/ExLep2017Crab/crab/CrabMC_20191101/crab_ExLepMuMuZ_M1250_MC_20191101
INFO 2019-11-11 18:48:09.424 UTC: 	 Task name:			191101_121439:sthakur_crab_ExLepMuMuZ_M1250_MC_20191101
INFO 2019-11-11 18:48:09.424 UTC: 	 Grid scheduler - Task Worker:	crab3@vocms0119.cern.ch - crab-prod-tw01
INFO 2019-11-11 18:48:09.424 UTC: 	 Status on the CRAB server:	SUBMITTED
INFO 2019-11-11 18:48:09.424 UTC: 	 Task URL to use for HELP:	https://cmsweb.cern.ch/crabserver/ui/task/191101_121439%3Asthakur_crab_ExLepMuMuZ_M1250_MC_20191101
INFO 2019-11-11 18:48:09.425 UTC: 	 Dashboard monitoring URL:	https://monit-grafana.cern.ch/d/cmsTMDetail/cms-task-monitoring-task-view?orgId=11&var-user=sthakur&var-task=191101_121439%3Asthakur_crab_ExLepMuMuZ_M1250_MC_20191101
INFO 2019-11-11 18:48:09.425 UTC: 	 In case of issues with the dashboard, please provide feedback to hn-cms-computing-tools@cern.ch
DEBUG 2019-11-11 18:48:09.425 UTC: 	 The CRAB server submitted your task to the Grid scheduler (cluster ID: 44968950)
DEBUG 2019-11-11 18:48:09.425 UTC: 	 Webdir is located at http://vocms0119.cern.ch/mon/cms251/191101_121439:sthakur_crab_ExLepMuMuZ_M1250_MC_20191101
DEBUG 2019-11-11 18:48:09.495 UTC: 	 Proxied webdir is located at https://cmsweb.cern.ch/scheddmon/0119/cms251/191101_121439:sthakur_crab_ExLepMuMuZ_M1250_MC_20191101
DEBUG 2019-11-11 18:48:09.495 UTC: 	 Retrieving 'status_cache' file from https://cmsweb.cern.ch/scheddmon/0119/cms251/191101_121439:sthakur_crab_ExLepMuMuZ_M1250_MC_20191101/status_cache
DEBUG 2019-11-11 18:48:09.549 UTC: 	 Got information from status cache file: {'1': {'Retries': 0, 'WallDurations': [9.0, 3025.0], 'StartTimes': [1572610632.0], 'SubmitTimes': [1572610552.0], 'JobIds': ['44968956.0'], 'EndTimes': [1572613657.0], 'Restarts': 0, 'RecordedSite': True, 'State': 'finished', 'ResidentSetSize': [946196], 'TotalUserCpuTimeHistory': [1459], 'SiteHistory': ['Unknown', 'T1_UK_RAL'], 'TotalSysCpuTimeHistory': [71]}, '2': {'Retries': 0, 'WallDurations': [11.0, 958.0], 'StartTimes': [1572610650.0], 'SubmitTimes': [1572610553.0], 'JobIds': ['44968957.0'], 'EndTimes': [1572611608.0], 'Restarts': 0, 'RecordedSite': True, 'State': 'finished', 'ResidentSetSize': [845508], 'TotalUserCpuTimeHistory': [399], 'SiteHistory': ['Unknown', 'T1_UK_RAL'], 'TotalSysCpuTimeHistory': [21]}}
INFO 2019-11-11 18:48:09.549 UTC: 	 Status on the scheduler:	COMPLETED
INFO 2019-11-11 18:48:09.549 UTC: 	 
Jobs status:                    finished     		100.0% (2/2)
INFO 2019-11-11 18:48:09.671 UTC: 	 
No publication information available yet
INFO 2019-11-11 18:48:09.671 UTC: 	 
Warning: the max jobs runtime is less than 30% of the task requested value (1250 min), please consider to request a lower value for failed jobs (allowed through crab resubmit) and/or improve the jobs splitting (e.g. config.Data.splitting = 'Automatic') in a new task.
INFO 2019-11-11 18:48:09.671 UTC: 	 
Warning: the average jobs CPU efficiency is less than 50%, please consider to improve the jobs splitting (e.g. config.Data.splitting = 'Automatic') in a new task
INFO 2019-11-11 18:48:09.671 UTC: 	 
Summary of run jobs:
 * Memory: 924MB min, 924MB max, 875MB ave
 * Runtime: 0:15:58 min, 0:50:25 max, 0:33:11 ave
 * CPU eff: 44% min, 51% max, 49% ave
 * Waste: 0:00:20 (0% of total)

INFO 2019-11-11 18:48:09.703 UTC: 	 Log file is /afs/cern.ch/work/s/sthakur/xRavindra/MiniTree2017Data/CMSSW_10_4_0/src/ExLep2017Crab/crab/CrabMC_20191101/crab_ExLepMuMuZ_M1250_MC_20191101/crab.log
