DEBUG 2019-11-16 18:48:55.759 UTC: 	 Running on: Linux lxplus745.cern.ch 3.10.0-1062.4.1.el7.x86_64 #1 SMP Fri Oct 18 17:15:30 UTC 2019 x86_64 x86_64 x86_64 GNU/Linux - CentOS Linux 7 (Core)
DEBUG 2019-11-16 18:48:55.777 UTC: 	 OpenSSl version: OpenSSL 1.0.2k-fips  26 Jan 2017 (Library: OpenSSL 1.0.2d-fips 9 Jul 2015)
DEBUG 2019-11-16 18:48:55.778 UTC: 	 Executing command: 'submit'
DEBUG 2019-11-16 18:48:55.784 UTC: 	 Found CRAB cache file /afs/cern.ch/user/s/sthakur/.crab3
DEBUG 2019-11-16 18:48:55.793 UTC: 	 Checking credentials
DEBUG 2019-11-16 18:48:55.793 UTC: 	 Found proxy file /tmp/x509up_u77410
DEBUG 2019-11-16 18:48:55.793 UTC: 	 Getting proxy life time left
DEBUG 2019-11-16 18:48:56.499 UTC: 	 Executing : 
 command : voms-proxy-info -file /tmp/x509up_u77410 -timeleft
 output : 40362

 error: 
 retcode : 0
DEBUG 2019-11-16 18:48:57.204 UTC: 	 Executing : 
 command : voms-proxy-info -file /tmp/x509up_u77410 -actimeleft
 output : 40361

 error: 
 retcode : 0
DEBUG 2019-11-16 18:48:57.204 UTC: 	 Proxy lifetime 40362 secs is different from voms extension lifetime 40361 secs for proxy: /tmp/x509up_u77410
DEBUG 2019-11-16 18:48:57.205 UTC: 	 Proxy valid for 11:12:41 hours
DEBUG 2019-11-16 18:48:57.205 UTC: 	 Will use CRAB Analysis plugin (i.e. will run an analysis job type).
DEBUG 2019-11-16 18:48:57.422 UTC: 	 Executing : 
 command : openssl x509 -in ~/.globus/usercert.pem -subject -noout
 output : subject= /DC=ch/DC=cern/OU=Organic Units/OU=Users/CN=sthakur/CN=764789/CN=Shalini Thakur

 error: 
 retcode : 0
DEBUG 2019-11-16 18:48:57.423 UTC: 	 Checking credentials
DEBUG 2019-11-16 18:48:57.423 UTC: 	 Found proxy file /tmp/x509up_u77410
DEBUG 2019-11-16 18:48:57.423 UTC: 	 Getting proxy life time left
DEBUG 2019-11-16 18:48:58.230 UTC: 	 Executing : 
 command : voms-proxy-info -file /tmp/x509up_u77410 -timeleft
 output : 40360

 error: 
 retcode : 0
DEBUG 2019-11-16 18:48:59.042 UTC: 	 Executing : 
 command : voms-proxy-info -file /tmp/x509up_u77410 -actimeleft
 output : 40360

 error: 
 retcode : 0
DEBUG 2019-11-16 18:48:59.042 UTC: 	 Proxy valid for 11:12:40 hours
DEBUG 2019-11-16 18:48:59.853 UTC: 	 Executing : 
 command : env X509_USER_PROXY=/tmp/x509up_u77410 voms-proxy-info -fqan
 output : /cms/Role=NULL/Capability=NULL

 error: 
 retcode : 0
DEBUG 2019-11-16 18:48:59.954 UTC: 	 Registering user credentials for server /DC=ch/DC=cern/OU=computers/CN=vocms(052|058|030|0118|0105|0109).cern.ch|/DC=ch/DC=cern/OU=computers/CN=crab-(preprod|prod)-tw(02|01).cern.ch
DEBUG 2019-11-16 18:49:00.065 UTC: 	 Executing : 
 command : openssl x509 -in ~/.globus/usercert.pem -subject -noout
 output : subject= /DC=ch/DC=cern/OU=Organic Units/OU=Users/CN=sthakur/CN=764789/CN=Shalini Thakur

 error: 
 retcode : 0
DEBUG 2019-11-16 18:49:00.065 UTC: 	 Getting myproxy life time left for myproxy.cern.ch
DEBUG 2019-11-16 18:49:00.065 UTC: 	 Calculating hash of /DC=ch/DC=cern/OU=Organic Units/OU=Users/CN=sthakur/CN=764789/CN=Shalini Thakur_cmsweb.cern.ch for credential name
DEBUG 2019-11-16 18:49:00.270 UTC: 	 Executing : 
 command : myproxy-info -l 9cd94953387eeee7bf4da2b7588630639ea1153b -s myproxy.cern.ch
 output : username: 9cd94953387eeee7bf4da2b7588630639ea1153b
owner: /DC=ch/DC=cern/OU=Organic Units/OU=Users/CN=sthakur/CN=764789/CN=Shalini Thakur
  renewal policy: /DC=ch/DC=cern/OU=computers/CN=vocms(052|058|030|0118|0105|0109).cern.ch|/DC=ch/DC=cern/OU=computers/CN=crab-(preprod|prod)-tw(02|01).cern.ch
  trusted retrieval policy: /DC=ch/DC=cern/OU=computers/CN=vocms(052|058|030|0118|0105|0109).cern.ch|/DC=ch/DC=cern/OU=computers/CN=crab-(preprod|prod)-tw(02|01).cern.ch
  timeleft: 590:44:19  (24.6 days)

 error: 
 retcode : 0
DEBUG 2019-11-16 18:49:00.271 UTC: 	 Myproxy is valid: 2126659
DEBUG 2019-11-16 18:49:00.272 UTC: 	 Command use: submit
DEBUG 2019-11-16 18:49:00.272 UTC: 	 Options use: ['--config', <WMCore.Configuration.Configuration object at 0x7f67a3286fd0>]
DEBUG 2019-11-16 18:49:00.382 UTC: 	 CRABClient version: 3.3.1911.patch1
DEBUG 2019-11-16 18:49:00.382 UTC: 	 Instance is prod
DEBUG 2019-11-16 18:49:00.382 UTC: 	 Server base url is cmsweb.cern.ch
DEBUG 2019-11-16 18:49:00.382 UTC: 	 Command url /crabserver/prod/workflow
DEBUG 2019-11-16 18:49:00.382 UTC: 	 Started submission
DEBUG 2019-11-16 18:49:00.382 UTC: 	 Working on /afs/cern.ch/work/s/sthakur/xRavindra/MiniTree2017Data/CMSSW_10_4_0/src/ExLep2017Crab/crab/CrabMC_20191116/crab_ExLepEEZ_M1250_MC_20191116
DEBUG 2019-11-16 18:49:00.498 UTC: 	 Loading required information from the environment
DEBUG 2019-11-16 18:49:00.498 UTC: 	 Found CMSSW_10_4_0 for slc7_amd64_gcc700 with base /afs/cern.ch/work/s/sthakur/xRavindra/MiniTree2017Data/CMSSW_10_4_0
DEBUG 2019-11-16 18:49:00.498 UTC: 	 Loading required information from the environment
DEBUG 2019-11-16 18:49:00.498 UTC: 	 Found CMSSW_10_4_0 for slc7_amd64_gcc700 with base /afs/cern.ch/work/s/sthakur/xRavindra/MiniTree2017Data/CMSSW_10_4_0
DEBUG 2019-11-16 18:49:00.515 UTC: 	 UNIQUE NAME: tarUUID 38088441-b5a2-408c-a3ca-37aebdf95e11 
DEBUG 2019-11-16 18:49:00.516 UTC: 	 self.config: from WMCore.Configuration import Configuration
config = Configuration()
config.section_('General')
config.General.workArea = 'CrabMC_20191116'
config.General.transferOutputs = True
config.General.transferLogs = False
config.General.requestName = 'ExLepEEZ_M1250_MC_20191116'
config.section_('JobType')
config.JobType.psetName = '20191116/config/ExLepEEZ_M1250_MC_20191116_cfg.py'
config.JobType.pluginName = 'Analysis'
config.JobType.inputFiles = ['../../ExLep2017Tree/Selection/test/Fall17_V3_MC_PtResolution_AK8PF.txt', '../../ExLep2017Tree/Selection/test/Fall17_V3_MC_SF_AK8PF.txt']
config.JobType.allowUndistributedCMSSW = True
config.JobType.maxMemoryMB = 2000
config.section_('Data')
config.Data.inputDataset = '/ExcitedLepton_EEZ-1250_TuneCP5_13TeV-pythia8/RunIIFall17MiniAODv2-PU2017_12Apr2018_94X_mc2017_realistic_v14-v1/MINIAODSIM'
config.Data.allowNonValidInputDataset = True
config.Data.unitsPerJob = 10
config.Data.inputDBS = 'global'
config.Data.splitting = 'FileBased'
config.Data.outputDatasetTag = 'ExLepEEZ_M1250_MC_20191116'
config.Data.outLFNDirBase = '/store/user/sthakur/ntuple_for2017MC_20191116/MC_20191116/ExLepEEZ_M1250_MC_20191116'
config.section_('Site')
config.Site.storageSite = 'T2_IN_TIFR'
config.section_('User')
config.section_('Debug')

DEBUG 2019-11-16 18:49:00.516 UTC: 	 self.config.JobType.psetName: 20191116/config/ExLepEEZ_M1250_MC_20191116_cfg.py
INFO 2019-11-16 18:49:00.517 UTC: 	 Importing CMSSW configuration 20191116/config/ExLepEEZ_M1250_MC_20191116_cfg.py
INFO 2019-11-16 18:49:00.793 UTC: 	 Finished importing CMSSW configuration 20191116/config/ExLepEEZ_M1250_MC_20191116_cfg.py
DEBUG 2019-11-16 18:49:00.793 UTC: 	 Writing CMSSW configuration to /afs/cern.ch/work/s/sthakur/xRavindra/MiniTree2017Data/CMSSW_10_4_0/src/ExLep2017Crab/crab/CrabMC_20191116/crab_ExLepEEZ_M1250_MC_20191116/inputs/PSet.py
DEBUG 2019-11-16 18:49:00.945 UTC: 	 The following EDM output files will be collected: []
DEBUG 2019-11-16 18:49:00.945 UTC: 	 The following TFile output files will be collected: ['ExLepEEZ_M1250_MC_20191116_Ntuple.root']
DEBUG 2019-11-16 18:49:00.945 UTC: 	 The following user output files (not listed as PoolOuputModule or TFileService in the CMSSW PSet) will be collected: 
DEBUG 2019-11-16 18:49:00.945 UTC: 	 Loading required information from the environment
DEBUG 2019-11-16 18:49:00.945 UTC: 	 Found CMSSW_10_4_0 for slc7_amd64_gcc700 with base /afs/cern.ch/work/s/sthakur/xRavindra/MiniTree2017Data/CMSSW_10_4_0
DEBUG 2019-11-16 18:49:00.945 UTC: 	 Making tarball in /afs/cern.ch/work/s/sthakur/xRavindra/MiniTree2017Data/CMSSW_10_4_0/src/ExLep2017Crab/crab/CrabMC_20191116/crab_ExLepEEZ_M1250_MC_20191116/inputs/38088441-b5a2-408c-a3ca-37aebdf95e11default.tgz
DEBUG 2019-11-16 18:49:00.952 UTC: 	 Checking directory /afs/cern.ch/work/s/sthakur/xRavindra/MiniTree2017Data/CMSSW_10_4_0/lib
DEBUG 2019-11-16 18:49:00.952 UTC: 	 Adding directory /afs/cern.ch/work/s/sthakur/xRavindra/MiniTree2017Data/CMSSW_10_4_0/lib to tarball
DEBUG 2019-11-16 18:49:00.963 UTC: 	 Checking directory /afs/cern.ch/work/s/sthakur/xRavindra/MiniTree2017Data/CMSSW_10_4_0/biglib
DEBUG 2019-11-16 18:49:00.963 UTC: 	 Adding directory /afs/cern.ch/work/s/sthakur/xRavindra/MiniTree2017Data/CMSSW_10_4_0/biglib to tarball
DEBUG 2019-11-16 18:49:00.964 UTC: 	 Checking directory /afs/cern.ch/work/s/sthakur/xRavindra/MiniTree2017Data/CMSSW_10_4_0/module
DEBUG 2019-11-16 18:49:00.972 UTC: 	 Adding data directory /afs/cern.ch/work/s/sthakur/xRavindra/MiniTree2017Data/CMSSW_10_4_0/src/ExLep2017Tree/Selection/interface to tarball
DEBUG 2019-11-16 18:49:01.006 UTC: 	 Adding file ../../ExLep2017Tree/Selection/test/Fall17_V3_MC_PtResolution_AK8PF.txt to tarball
DEBUG 2019-11-16 18:49:01.007 UTC: 	 Adding file ../../ExLep2017Tree/Selection/test/Fall17_V3_MC_SF_AK8PF.txt to tarball
DEBUG 2019-11-16 18:49:01.170 UTC: 	 Uploading archive /afs/cern.ch/work/s/sthakur/xRavindra/MiniTree2017Data/CMSSW_10_4_0/src/ExLep2017Crab/crab/CrabMC_20191116/crab_ExLepEEZ_M1250_MC_20191116/inputs/38088441-b5a2-408c-a3ca-37aebdf95e11default.tgz (239 KB) to the CRAB cache. Using URI https://cmsweb.cern.ch/crabcache
DEBUG 2019-11-16 18:49:01.474 UTC: 	 Loading required information from the environment
DEBUG 2019-11-16 18:49:01.474 UTC: 	 Found CMSSW_10_4_0 for slc7_amd64_gcc700 with base /afs/cern.ch/work/s/sthakur/xRavindra/MiniTree2017Data/CMSSW_10_4_0
DEBUG 2019-11-16 18:49:01.475 UTC: 	 Making tarball in /afs/cern.ch/work/s/sthakur/xRavindra/MiniTree2017Data/CMSSW_10_4_0/src/ExLep2017Crab/crab/CrabMC_20191116/crab_ExLepEEZ_M1250_MC_20191116/inputs/debugFiles.tgz
DEBUG 2019-11-16 18:49:01.505 UTC: 	 Uploading archive /afs/cern.ch/work/s/sthakur/xRavindra/MiniTree2017Data/CMSSW_10_4_0/src/ExLep2017Crab/crab/CrabMC_20191116/crab_ExLepEEZ_M1250_MC_20191116/inputs/debugFiles.tgz (2 KB) to the CRAB cache. Using URI https://cmsweb.cern.ch/crabcache
DEBUG 2019-11-16 18:49:01.628 UTC: 	 Result uploading input files: 25022e2e487c39c160db7db70c6bd90a4f7eb5d28865c216088fc8ab96e523f6.tar.gz 
WARNING 2019-11-16 18:49:01.628 UTC: 	 Warning: The following output files will not be published, as they are not EDM files: ['ExLepEEZ_M1250_MC_20191116_Ntuple.root']
INFO 2019-11-16 18:49:01.628 UTC: 	 Sending the request to the server at cmsweb.cern.ch
DEBUG 2019-11-16 18:49:01.629 UTC: 	 Submitting {'maxjobruntime': 1250, 'extrajdl': [], 'ignorelocality': 0, 'savelogsflag': 0, 'useparent': 0, 'asyncdest': 'T2_IN_TIFR', 'algoargs': 10, 'cachefilename': '25022e2e487c39c160db7db70c6bd90a4f7eb5d28865c216088fc8ab96e523f6.tar.gz', 'numcores': 1, 'addoutputfiles': [], 'generator': 'pythia', 'maxmemory': 2000, 'publishdbsurl': 'https://cmsweb.cern.ch/dbs/prod/phys03/DBSWriter', 'priority': 10, 'jobsw': 'CMSSW_10_4_0', 'edmoutfiles': [], 'userfiles': [], 'primarydataset': '', 'inputdata': '/ExcitedLepton_EEZ-1250_TuneCP5_13TeV-pythia8/RunIIFall17MiniAODv2-PU2017_12Apr2018_94X_mc2017_realistic_v14-v1/MINIAODSIM', 'lfn': '/store/user/sthakur/ntuple_for2017MC_20191116/MC_20191116/ExLepEEZ_M1250_MC_20191116', 'dryrun': 0, 'workflow': 'crab_ExLepEEZ_M1250_MC_20191116', 'cacheurl': u'https://cmsweb.cern.ch/crabcache', 'nonprodsw': 1, 'tfileoutfiles': ['ExLepEEZ_M1250_MC_20191116_Ntuple.root'], 'oneEventMode': 0, 'debugfilename': 'c812eb1585e1bcf11b0650fa5ca9a92b88a1f4c16c9acf547571dc6b15453c91.tar.gz', 'saveoutput': 1, 'publication': 1, 'jobarch': 'slc7_amd64_gcc700', 'totalunits': 0, 'splitalgo': 'FileBased', 'ignoreglobalblacklist': 0, 'nonvaliddata': 1, 'dbsurl': 'https://cmsweb.cern.ch/dbs/prod/global/DBSReader', 'publishgroupname': 0, 'jobtype': 'Analysis', 'publishname2': 'ExLepEEZ_M1250_MC_20191116'} 
DEBUG 2019-11-16 18:49:01.629 UTC: 	 Encoded submit request: maxjobruntime=1250&ignorelocality=0&savelogsflag=0&useparent=0&asyncdest=T2_IN_TIFR&algoargs=10&cachefilename=25022e2e487c39c160db7db70c6bd90a4f7eb5d28865c216088fc8ab96e523f6.tar.gz&numcores=1&generator=pythia&maxmemory=2000&publishdbsurl=https%3A%2F%2Fcmsweb.cern.ch%2Fdbs%2Fprod%2Fphys03%2FDBSWriter&priority=10&jobsw=CMSSW_10_4_0&primarydataset=&inputdata=%2FExcitedLepton_EEZ-1250_TuneCP5_13TeV-pythia8%2FRunIIFall17MiniAODv2-PU2017_12Apr2018_94X_mc2017_realistic_v14-v1%2FMINIAODSIM&lfn=%2Fstore%2Fuser%2Fsthakur%2Fntuple_for2017MC_20191116%2FMC_20191116%2FExLepEEZ_M1250_MC_20191116&dryrun=0&workflow=crab_ExLepEEZ_M1250_MC_20191116&cacheurl=https%3A%2F%2Fcmsweb.cern.ch%2Fcrabcache&nonprodsw=1&oneEventMode=0&debugfilename=c812eb1585e1bcf11b0650fa5ca9a92b88a1f4c16c9acf547571dc6b15453c91.tar.gz&saveoutput=1&publication=1&jobarch=slc7_amd64_gcc700&totalunits=0&splitalgo=FileBased&ignoreglobalblacklist=0&nonvaliddata=1&dbsurl=https%3A%2F%2Fcmsweb.cern.ch%2Fdbs%2Fprod%2Fglobal%2FDBSReader&publishgroupname=0&jobtype=Analysis&publishname2=ExLepEEZ_M1250_MC_20191116&tfileoutfiles=ExLepEEZ_M1250_MC_20191116_Ntuple.root
DEBUG 2019-11-16 18:49:01.801 UTC: 	 Result: {u'result': [{u'RequestName': u'191116_184901:sthakur_crab_ExLepEEZ_M1250_MC_20191116'}]}
INFO 2019-11-16 18:49:01.823 UTC: 	 Success: Your task has been delivered to the prod CRAB3 server.
INFO 2019-11-16 18:49:01.823 UTC: 	 Task name: 191116_184901:sthakur_crab_ExLepEEZ_M1250_MC_20191116
INFO 2019-11-16 18:49:01.823 UTC: 	 Project dir: CrabMC_20191116/crab_ExLepEEZ_M1250_MC_20191116
INFO 2019-11-16 18:49:01.823 UTC: 	 Please use 'crab status -d CrabMC_20191116/crab_ExLepEEZ_M1250_MC_20191116' to check how the submission process proceeds.
DEBUG 2019-11-16 18:49:01.823 UTC: 	 About to return
DEBUG 2019-11-16 18:57:57.900 UTC: 	 Running on: Linux lxplus745.cern.ch 3.10.0-1062.4.1.el7.x86_64 #1 SMP Fri Oct 18 17:15:30 UTC 2019 x86_64 x86_64 x86_64 GNU/Linux - CentOS Linux 7 (Core)
DEBUG 2019-11-16 18:57:57.919 UTC: 	 OpenSSl version: OpenSSL 1.0.2k-fips  26 Jan 2017 (Library: OpenSSL 1.0.2d-fips 9 Jul 2015)
DEBUG 2019-11-16 18:57:57.920 UTC: 	 Executing command: 'status'
DEBUG 2019-11-16 18:57:57.920 UTC: 	 Found CRAB cache file /afs/cern.ch/user/s/sthakur/.crab3
DEBUG 2019-11-16 18:57:57.935 UTC: 	 Checking credentials
DEBUG 2019-11-16 18:57:57.935 UTC: 	 Found proxy file /tmp/x509up_u77410
DEBUG 2019-11-16 18:57:57.935 UTC: 	 Getting proxy life time left
DEBUG 2019-11-16 18:57:58.748 UTC: 	 Executing : 
 command : voms-proxy-info -file /tmp/x509up_u77410 -timeleft
 output : 39820

 error: 
 retcode : 0
DEBUG 2019-11-16 18:57:59.555 UTC: 	 Executing : 
 command : voms-proxy-info -file /tmp/x509up_u77410 -actimeleft
 output : 39819

 error: 
 retcode : 0
DEBUG 2019-11-16 18:57:59.555 UTC: 	 Proxy lifetime 39820 secs is different from voms extension lifetime 39819 secs for proxy: /tmp/x509up_u77410
DEBUG 2019-11-16 18:57:59.555 UTC: 	 Proxy valid for 11:03:39 hours
DEBUG 2019-11-16 18:57:59.699 UTC: 	 Executing : 
 command : openssl x509 -in ~/.globus/usercert.pem -subject -noout
 output : subject= /DC=ch/DC=cern/OU=Organic Units/OU=Users/CN=sthakur/CN=764789/CN=Shalini Thakur

 error: 
 retcode : 0
DEBUG 2019-11-16 18:57:59.699 UTC: 	 Checking credentials
DEBUG 2019-11-16 18:57:59.700 UTC: 	 Found proxy file /tmp/x509up_u77410
DEBUG 2019-11-16 18:57:59.700 UTC: 	 Getting proxy life time left
DEBUG 2019-11-16 18:58:00.507 UTC: 	 Executing : 
 command : voms-proxy-info -file /tmp/x509up_u77410 -timeleft
 output : 39818

 error: 
 retcode : 0
DEBUG 2019-11-16 18:58:01.319 UTC: 	 Executing : 
 command : voms-proxy-info -file /tmp/x509up_u77410 -actimeleft
 output : 39817

 error: 
 retcode : 0
DEBUG 2019-11-16 18:58:01.320 UTC: 	 Proxy lifetime 39818 secs is different from voms extension lifetime 39817 secs for proxy: /tmp/x509up_u77410
DEBUG 2019-11-16 18:58:01.320 UTC: 	 Proxy valid for 11:03:37 hours
DEBUG 2019-11-16 18:58:01.396 UTC: 	 Registering user credentials for server /DC=ch/DC=cern/OU=computers/CN=vocms(052|058|030|0118|0105|0109).cern.ch|/DC=ch/DC=cern/OU=computers/CN=crab-(preprod|prod)-tw(02|01).cern.ch
DEBUG 2019-11-16 18:58:01.507 UTC: 	 Executing : 
 command : openssl x509 -in ~/.globus/usercert.pem -subject -noout
 output : subject= /DC=ch/DC=cern/OU=Organic Units/OU=Users/CN=sthakur/CN=764789/CN=Shalini Thakur

 error: 
 retcode : 0
DEBUG 2019-11-16 18:58:01.508 UTC: 	 Getting myproxy life time left for myproxy.cern.ch
DEBUG 2019-11-16 18:58:01.508 UTC: 	 Calculating hash of /DC=ch/DC=cern/OU=Organic Units/OU=Users/CN=sthakur/CN=764789/CN=Shalini Thakur_cmsweb.cern.ch for credential name
DEBUG 2019-11-16 18:58:01.715 UTC: 	 Executing : 
 command : myproxy-info -l 9cd94953387eeee7bf4da2b7588630639ea1153b -s myproxy.cern.ch
 output : username: 9cd94953387eeee7bf4da2b7588630639ea1153b
owner: /DC=ch/DC=cern/OU=Organic Units/OU=Users/CN=sthakur/CN=764789/CN=Shalini Thakur
  renewal policy: /DC=ch/DC=cern/OU=computers/CN=vocms(052|058|030|0118|0105|0109).cern.ch|/DC=ch/DC=cern/OU=computers/CN=crab-(preprod|prod)-tw(02|01).cern.ch
  trusted retrieval policy: /DC=ch/DC=cern/OU=computers/CN=vocms(052|058|030|0118|0105|0109).cern.ch|/DC=ch/DC=cern/OU=computers/CN=crab-(preprod|prod)-tw(02|01).cern.ch
  timeleft: 590:35:18  (24.6 days)

 error: 
 retcode : 0
DEBUG 2019-11-16 18:58:01.716 UTC: 	 Myproxy is valid: 2126118
DEBUG 2019-11-16 18:58:01.717 UTC: 	 Command use: status
DEBUG 2019-11-16 18:58:01.717 UTC: 	 Options use: ['--verboseErrors', 'CrabMC_20191116/crab_ExLepEEZ_M1250_MC_20191116']
DEBUG 2019-11-16 18:58:01.792 UTC: 	 CRABClient version: 3.3.1911.patch1
DEBUG 2019-11-16 18:58:01.792 UTC: 	 Instance is prod
DEBUG 2019-11-16 18:58:01.792 UTC: 	 Server base url is cmsweb.cern.ch
DEBUG 2019-11-16 18:58:01.792 UTC: 	 Command url /crabserver/prod/workflow
DEBUG 2019-11-16 18:58:02.014 UTC: 	 Got information from server oracle database: {u'result': [u'191116_184901:sthakur_crab_ExLepEEZ_M1250_MC_20191116', u'None', u'None', u'SUBMITTED', u'SUBMIT', u'2019-11-16 18:49:01.793155', u'None', u'2019-11-16 18:49:37.251906', u'None', u'CMSSW_10_4_0', u'slc7_amd64_gcc700', u'/ExcitedLepton_EEZ-1250_TuneCP5_13TeV-pythia8/RunIIFall17MiniAODv2-PU2017_12Apr2018_94X_mc2017_realistic_v14-v1/MINIAODSIM', u'T', u'0', u'[]', u'[]', u'FileBased', u"{'splitOnRun': False, 'halt_job_on_file_boundaries': False, 'files_per_job': 10, 'runs': [], 'lumis': []}", u'25022e2e487c39c160db7db70c6bd90a4f7eb5d28865c216088fc8ab96e523f6.tar.gz', u'https://cmsweb.cern.ch/crabcache', u'sthakur', u'/DC=ch/DC=cern/OU=Organic Units/OU=Users/CN=sthakur/CN=764789/CN=Shalini Thakur', u'cms', u'None', u'None', u'ExLepEEZ_M1250_MC_20191116-00000000000000000000000000000000', u'F', u'T2_IN_TIFR', u'https://cmsweb.cern.ch/dbs/prod/global/DBSReader', u'https://cmsweb.cern.ch/dbs/prod/phys03/DBSWriter', u'T', u'[]', u"['ExLepEEZ_M1250_MC_20191116_Ntuple.root']", u'[]', u'Analysis', u'pythia', u'None', u'{}', u'[]', u'F', u'crab-prod-tw01', u'[]', u'1250', u'1', u'2000', u'10', u'None', u"['The CRAB3 server got a non-critical error while checking stageout permissions. Please use checkwrite to check if everything is fine.']", u'http://vocms0106.cern.ch/mon/cms251/191116_184901:sthakur_crab_ExLepEEZ_M1250_MC_20191116', u'None', u'[]', u'[]', u'https://cmsweb.cern.ch/crabserver/prod', u'cmsgwms-collector-global.cern.ch:9620,cmssrv623.fnal.gov:9620', u'crab3@vocms0106.cern.ch', u'F', u'[]', u'T', u'/store/user/sthakur/ntuple_for2017MC_20191116/MC_20191116/ExLepEEZ_M1250_MC_20191116', u'F', u'None', u'F', u'None', u'ExcitedLepton_EEZ-1250_TuneCP5_13TeV-pythia8', u'None', u'c812eb1585e1bcf11b0650fa5ca9a92b88a1f4c16c9acf547571dc6b15453c91.tar.gz', u'35736142', u'filetransfers', u'F', u'2001:1458:d00:13::2e5', u'0.0', u'None'], u'desc': {u'columns': [u'tm_taskname', u'tm_activity', u'panda_jobset_id', u'tm_task_status', u'tm_task_command', u'tm_start_time', u'tm_start_injection', u'tm_end_injection', u'tm_task_failure', u'tm_job_sw', u'tm_job_arch', u'tm_input_dataset', u'tm_nonvalid_input_dataset', u'tm_use_parent', u'tm_site_whitelist', u'tm_site_blacklist', u'tm_split_algo', u'tm_split_args', u'tm_user_sandbox', u'tm_cache_url', u'tm_username', u'tm_user_dn', u'tm_user_vo', u'tm_user_role', u'tm_user_group', u'tm_publish_name', u'tm_publish_groupname', u'tm_asyncdest', u'tm_dbs_url', u'tm_publish_dbs_url', u'tm_publication', u'tm_outfiles', u'tm_tfile_outfiles', u'tm_edm_outfiles', u'tm_job_type', u'tm_generator', u'tm_events_per_lumi', u'tm_arguments', u'panda_resubmitted_jobs', u'tm_save_logs', u'tw_name', u'tm_user_infiles', u'tm_maxjobruntime', u'tm_numcores', u'tm_maxmemory', u'tm_priority', u'tm_output_dataset', u'tm_task_warnings', u'tm_user_webdir', u'tm_scriptexe', u'tm_scriptargs', u'tm_extrajdl', u'tm_asourl', u'tm_collector', u'tm_schedd', u'tm_dry_run', u'tm_user_files', u'tm_transfer_outputs', u'tm_output_lfn', u'tm_ignore_locality', u'tm_fail_limit', u'tm_one_event_mode', u'tm_secondary_input_dataset', u'tm_primary_dataset', u'tm_last_publication', u'tm_debug_files', u'clusterid', u'tm_asodb', u'tm_ignore_global_blacklist', u'tm_submitter_ip_addr', u'tm_totalunits', u'tm_ddm_reqid']}}
INFO 2019-11-16 18:58:02.014 UTC: 	 CRAB project directory:		/afs/cern.ch/work/s/sthakur/xRavindra/MiniTree2017Data/CMSSW_10_4_0/src/ExLep2017Crab/crab/CrabMC_20191116/crab_ExLepEEZ_M1250_MC_20191116
INFO 2019-11-16 18:58:02.014 UTC: 	 Task name:			191116_184901:sthakur_crab_ExLepEEZ_M1250_MC_20191116
INFO 2019-11-16 18:58:02.014 UTC: 	 Grid scheduler - Task Worker:	crab3@vocms0106.cern.ch - crab-prod-tw01
INFO 2019-11-16 18:58:02.014 UTC: 	 Status on the CRAB server:	SUBMITTED
INFO 2019-11-16 18:58:02.014 UTC: 	 Task URL to use for HELP:	https://cmsweb.cern.ch/crabserver/ui/task/191116_184901%3Asthakur_crab_ExLepEEZ_M1250_MC_20191116
INFO 2019-11-16 18:58:02.015 UTC: 	 Dashboard monitoring URL:	https://monit-grafana.cern.ch/d/cmsTMDetail/cms-task-monitoring-task-view?orgId=11&var-user=sthakur&var-task=191116_184901%3Asthakur_crab_ExLepEEZ_M1250_MC_20191116
INFO 2019-11-16 18:58:02.015 UTC: 	 In case of issues with the dashboard, please provide feedback to hn-cms-computing-tools@cern.ch
WARNING 2019-11-16 18:58:02.015 UTC: 	 Warning:			The CRAB3 server got a non-critical error while checking stageout permissions. Please use checkwrite to check if everything is fine.
DEBUG 2019-11-16 18:58:02.015 UTC: 	 The CRAB server submitted your task to the Grid scheduler (cluster ID: 35736142)
DEBUG 2019-11-16 18:58:02.015 UTC: 	 Webdir is located at http://vocms0106.cern.ch/mon/cms251/191116_184901:sthakur_crab_ExLepEEZ_M1250_MC_20191116
DEBUG 2019-11-16 18:58:02.095 UTC: 	 Proxied webdir is located at https://cmsweb.cern.ch/scheddmon/0106/cms251/191116_184901:sthakur_crab_ExLepEEZ_M1250_MC_20191116
DEBUG 2019-11-16 18:58:02.095 UTC: 	 Retrieving 'status_cache' file from https://cmsweb.cern.ch/scheddmon/0106/cms251/191116_184901:sthakur_crab_ExLepEEZ_M1250_MC_20191116/status_cache
DEBUG 2019-11-16 18:58:02.145 UTC: 	 Got information from status cache file: {'1': {'Retries': 0, 'WallDurations': [8.0, 70.05798888206482], 'StartTimes': [1573930473.0], 'SubmitTimes': [1573930190.0], 'JobIds': ['35736147.0'], 'EndTimes': [], 'Restarts': 0, 'RecordedSite': True, 'State': 'running', 'ResidentSetSize': [47448], 'TotalUserCpuTimeHistory': [0.0], 'SiteHistory': ['Unknown', 'T2_US_Caltech'], 'TotalSysCpuTimeHistory': [0.0]}, '2': {'Retries': 0, 'WallDurations': [10.0, 72.05798888206482], 'StartTimes': [1573930471.0], 'SubmitTimes': [1573930190.0], 'JobIds': ['35736148.0'], 'EndTimes': [], 'Restarts': 0, 'RecordedSite': True, 'State': 'running', 'ResidentSetSize': [4424], 'TotalUserCpuTimeHistory': [0.0], 'SiteHistory': ['Unknown', 'T2_US_Nebraska'], 'TotalSysCpuTimeHistory': [0.0]}}
INFO 2019-11-16 18:58:02.145 UTC: 	 Status on the scheduler:	SUBMITTED
INFO 2019-11-16 18:58:02.145 UTC: 	 
Jobs status:                    running      		100.0% (2/2)
INFO 2019-11-16 18:58:02.145 UTC: 	 
No publication information available yet
INFO 2019-11-16 18:58:02.181 UTC: 	 Log file is /afs/cern.ch/work/s/sthakur/xRavindra/MiniTree2017Data/CMSSW_10_4_0/src/ExLep2017Crab/crab/CrabMC_20191116/crab_ExLepEEZ_M1250_MC_20191116/crab.log
DEBUG 2019-11-17 16:04:14.984 UTC: 	 Running on: Linux lxplus744.cern.ch 3.10.0-1062.4.1.el7.x86_64 #1 SMP Fri Oct 18 17:15:30 UTC 2019 x86_64 x86_64 x86_64 GNU/Linux - CentOS Linux 7 (Core)
DEBUG 2019-11-17 16:04:14.997 UTC: 	 OpenSSl version: OpenSSL 1.0.2k-fips  26 Jan 2017 (Library: OpenSSL 1.0.2d-fips 9 Jul 2015)
DEBUG 2019-11-17 16:04:14.998 UTC: 	 Executing command: 'status'
DEBUG 2019-11-17 16:04:14.998 UTC: 	 Found CRAB cache file /afs/cern.ch/user/s/sthakur/.crab3
DEBUG 2019-11-17 16:04:15.012 UTC: 	 Checking credentials
DEBUG 2019-11-17 16:04:15.013 UTC: 	 Found proxy file /tmp/x509up_u77410
DEBUG 2019-11-17 16:04:15.013 UTC: 	 Getting proxy life time left
DEBUG 2019-11-17 16:04:15.617 UTC: 	 Executing : 
 command : voms-proxy-info -file /tmp/x509up_u77410 -timeleft
 output : 43176

 error: 
 retcode : 0
DEBUG 2019-11-17 16:04:16.222 UTC: 	 Executing : 
 command : voms-proxy-info -file /tmp/x509up_u77410 -actimeleft
 output : 43175

 error: 
 retcode : 0
DEBUG 2019-11-17 16:04:16.222 UTC: 	 Proxy lifetime 43176 secs is different from voms extension lifetime 43175 secs for proxy: /tmp/x509up_u77410
DEBUG 2019-11-17 16:04:16.222 UTC: 	 Proxy valid for 11:59:35 hours
DEBUG 2019-11-17 16:04:16.440 UTC: 	 Executing : 
 command : openssl x509 -in ~/.globus/usercert.pem -subject -noout
 output : subject= /DC=ch/DC=cern/OU=Organic Units/OU=Users/CN=sthakur/CN=764789/CN=Shalini Thakur

 error: 
 retcode : 0
DEBUG 2019-11-17 16:04:16.441 UTC: 	 Checking credentials
DEBUG 2019-11-17 16:04:16.441 UTC: 	 Found proxy file /tmp/x509up_u77410
DEBUG 2019-11-17 16:04:16.441 UTC: 	 Getting proxy life time left
DEBUG 2019-11-17 16:04:17.045 UTC: 	 Executing : 
 command : voms-proxy-info -file /tmp/x509up_u77410 -timeleft
 output : 43175

 error: 
 retcode : 0
DEBUG 2019-11-17 16:04:17.650 UTC: 	 Executing : 
 command : voms-proxy-info -file /tmp/x509up_u77410 -actimeleft
 output : 43174

 error: 
 retcode : 0
DEBUG 2019-11-17 16:04:17.651 UTC: 	 Proxy lifetime 43175 secs is different from voms extension lifetime 43174 secs for proxy: /tmp/x509up_u77410
DEBUG 2019-11-17 16:04:17.651 UTC: 	 Proxy valid for 11:59:34 hours
DEBUG 2019-11-17 16:04:17.741 UTC: 	 Registering user credentials for server /DC=ch/DC=cern/OU=computers/CN=vocms(052|058|030|0118|0105|0109).cern.ch|/DC=ch/DC=cern/OU=computers/CN=crab-(preprod|prod)-tw(02|01).cern.ch
DEBUG 2019-11-17 16:04:17.850 UTC: 	 Executing : 
 command : openssl x509 -in ~/.globus/usercert.pem -subject -noout
 output : subject= /DC=ch/DC=cern/OU=Organic Units/OU=Users/CN=sthakur/CN=764789/CN=Shalini Thakur

 error: 
 retcode : 0
DEBUG 2019-11-17 16:04:17.850 UTC: 	 Getting myproxy life time left for myproxy.cern.ch
DEBUG 2019-11-17 16:04:17.850 UTC: 	 Calculating hash of /DC=ch/DC=cern/OU=Organic Units/OU=Users/CN=sthakur/CN=764789/CN=Shalini Thakur_cmsweb.cern.ch for credential name
DEBUG 2019-11-17 16:04:18.054 UTC: 	 Executing : 
 command : myproxy-info -l 9cd94953387eeee7bf4da2b7588630639ea1153b -s myproxy.cern.ch
 output : username: 9cd94953387eeee7bf4da2b7588630639ea1153b
owner: /DC=ch/DC=cern/OU=Organic Units/OU=Users/CN=sthakur/CN=764789/CN=Shalini Thakur
  renewal policy: /DC=ch/DC=cern/OU=computers/CN=vocms(052|058|030|0118|0105|0109).cern.ch|/DC=ch/DC=cern/OU=computers/CN=crab-(preprod|prod)-tw(02|01).cern.ch
  trusted retrieval policy: /DC=ch/DC=cern/OU=computers/CN=vocms(052|058|030|0118|0105|0109).cern.ch|/DC=ch/DC=cern/OU=computers/CN=crab-(preprod|prod)-tw(02|01).cern.ch
  timeleft: 569:29:02  (23.7 days)

 error: 
 retcode : 0
DEBUG 2019-11-17 16:04:18.055 UTC: 	 Myproxy is valid: 2050142
DEBUG 2019-11-17 16:04:18.056 UTC: 	 Command use: status
DEBUG 2019-11-17 16:04:18.056 UTC: 	 Options use: ['--verboseErrors', 'CrabMC_20191116/crab_ExLepEEZ_M1250_MC_20191116']
DEBUG 2019-11-17 16:04:18.134 UTC: 	 CRABClient version: 3.3.1911.patch1
DEBUG 2019-11-17 16:04:18.134 UTC: 	 Instance is prod
DEBUG 2019-11-17 16:04:18.134 UTC: 	 Server base url is cmsweb.cern.ch
DEBUG 2019-11-17 16:04:18.134 UTC: 	 Command url /crabserver/prod/workflow
DEBUG 2019-11-17 16:04:18.220 UTC: 	 Got information from server oracle database: {u'result': [u'191116_184901:sthakur_crab_ExLepEEZ_M1250_MC_20191116', u'None', u'None', u'SUBMITTED', u'SUBMIT', u'2019-11-16 18:49:01.793155', u'None', u'2019-11-16 18:49:37.251906', u'None', u'CMSSW_10_4_0', u'slc7_amd64_gcc700', u'/ExcitedLepton_EEZ-1250_TuneCP5_13TeV-pythia8/RunIIFall17MiniAODv2-PU2017_12Apr2018_94X_mc2017_realistic_v14-v1/MINIAODSIM', u'T', u'0', u'[]', u'[]', u'FileBased', u"{'splitOnRun': False, 'halt_job_on_file_boundaries': False, 'files_per_job': 10, 'runs': [], 'lumis': []}", u'25022e2e487c39c160db7db70c6bd90a4f7eb5d28865c216088fc8ab96e523f6.tar.gz', u'https://cmsweb.cern.ch/crabcache', u'sthakur', u'/DC=ch/DC=cern/OU=Organic Units/OU=Users/CN=sthakur/CN=764789/CN=Shalini Thakur', u'cms', u'None', u'None', u'ExLepEEZ_M1250_MC_20191116-00000000000000000000000000000000', u'F', u'T2_IN_TIFR', u'https://cmsweb.cern.ch/dbs/prod/global/DBSReader', u'https://cmsweb.cern.ch/dbs/prod/phys03/DBSWriter', u'T', u'[]', u"['ExLepEEZ_M1250_MC_20191116_Ntuple.root']", u'[]', u'Analysis', u'pythia', u'None', u'{}', u'[]', u'F', u'crab-prod-tw01', u'[]', u'1250', u'1', u'2000', u'10', u'None', u"['The CRAB3 server got a non-critical error while checking stageout permissions. Please use checkwrite to check if everything is fine.']", u'http://vocms0106.cern.ch/mon/cms251/191116_184901:sthakur_crab_ExLepEEZ_M1250_MC_20191116', u'None', u'[]', u'[]', u'https://cmsweb.cern.ch/crabserver/prod', u'cmsgwms-collector-global.cern.ch:9620,cmssrv623.fnal.gov:9620', u'crab3@vocms0106.cern.ch', u'F', u'[]', u'T', u'/store/user/sthakur/ntuple_for2017MC_20191116/MC_20191116/ExLepEEZ_M1250_MC_20191116', u'F', u'None', u'F', u'None', u'ExcitedLepton_EEZ-1250_TuneCP5_13TeV-pythia8', u'None', u'c812eb1585e1bcf11b0650fa5ca9a92b88a1f4c16c9acf547571dc6b15453c91.tar.gz', u'35736142', u'filetransfers', u'F', u'2001:1458:d00:13::2e5', u'0.0', u'None'], u'desc': {u'columns': [u'tm_taskname', u'tm_activity', u'panda_jobset_id', u'tm_task_status', u'tm_task_command', u'tm_start_time', u'tm_start_injection', u'tm_end_injection', u'tm_task_failure', u'tm_job_sw', u'tm_job_arch', u'tm_input_dataset', u'tm_nonvalid_input_dataset', u'tm_use_parent', u'tm_site_whitelist', u'tm_site_blacklist', u'tm_split_algo', u'tm_split_args', u'tm_user_sandbox', u'tm_cache_url', u'tm_username', u'tm_user_dn', u'tm_user_vo', u'tm_user_role', u'tm_user_group', u'tm_publish_name', u'tm_publish_groupname', u'tm_asyncdest', u'tm_dbs_url', u'tm_publish_dbs_url', u'tm_publication', u'tm_outfiles', u'tm_tfile_outfiles', u'tm_edm_outfiles', u'tm_job_type', u'tm_generator', u'tm_events_per_lumi', u'tm_arguments', u'panda_resubmitted_jobs', u'tm_save_logs', u'tw_name', u'tm_user_infiles', u'tm_maxjobruntime', u'tm_numcores', u'tm_maxmemory', u'tm_priority', u'tm_output_dataset', u'tm_task_warnings', u'tm_user_webdir', u'tm_scriptexe', u'tm_scriptargs', u'tm_extrajdl', u'tm_asourl', u'tm_collector', u'tm_schedd', u'tm_dry_run', u'tm_user_files', u'tm_transfer_outputs', u'tm_output_lfn', u'tm_ignore_locality', u'tm_fail_limit', u'tm_one_event_mode', u'tm_secondary_input_dataset', u'tm_primary_dataset', u'tm_last_publication', u'tm_debug_files', u'clusterid', u'tm_asodb', u'tm_ignore_global_blacklist', u'tm_submitter_ip_addr', u'tm_totalunits', u'tm_ddm_reqid']}}
INFO 2019-11-17 16:04:18.220 UTC: 	 CRAB project directory:		/afs/cern.ch/work/s/sthakur/xRavindra/MiniTree2017Data/CMSSW_10_4_0/src/ExLep2017Crab/crab/CrabMC_20191116/crab_ExLepEEZ_M1250_MC_20191116
INFO 2019-11-17 16:04:18.221 UTC: 	 Task name:			191116_184901:sthakur_crab_ExLepEEZ_M1250_MC_20191116
INFO 2019-11-17 16:04:18.221 UTC: 	 Grid scheduler - Task Worker:	crab3@vocms0106.cern.ch - crab-prod-tw01
INFO 2019-11-17 16:04:18.221 UTC: 	 Status on the CRAB server:	SUBMITTED
INFO 2019-11-17 16:04:18.221 UTC: 	 Task URL to use for HELP:	https://cmsweb.cern.ch/crabserver/ui/task/191116_184901%3Asthakur_crab_ExLepEEZ_M1250_MC_20191116
INFO 2019-11-17 16:04:18.221 UTC: 	 Dashboard monitoring URL:	https://monit-grafana.cern.ch/d/cmsTMDetail/cms-task-monitoring-task-view?orgId=11&var-user=sthakur&var-task=191116_184901%3Asthakur_crab_ExLepEEZ_M1250_MC_20191116
INFO 2019-11-17 16:04:18.221 UTC: 	 In case of issues with the dashboard, please provide feedback to hn-cms-computing-tools@cern.ch
WARNING 2019-11-17 16:04:18.221 UTC: 	 Warning:			The CRAB3 server got a non-critical error while checking stageout permissions. Please use checkwrite to check if everything is fine.
DEBUG 2019-11-17 16:04:18.221 UTC: 	 The CRAB server submitted your task to the Grid scheduler (cluster ID: 35736142)
DEBUG 2019-11-17 16:04:18.221 UTC: 	 Webdir is located at http://vocms0106.cern.ch/mon/cms251/191116_184901:sthakur_crab_ExLepEEZ_M1250_MC_20191116
DEBUG 2019-11-17 16:04:18.303 UTC: 	 Proxied webdir is located at https://cmsweb.cern.ch/scheddmon/0106/cms251/191116_184901:sthakur_crab_ExLepEEZ_M1250_MC_20191116
DEBUG 2019-11-17 16:04:18.303 UTC: 	 Retrieving 'status_cache' file from https://cmsweb.cern.ch/scheddmon/0106/cms251/191116_184901:sthakur_crab_ExLepEEZ_M1250_MC_20191116/status_cache
DEBUG 2019-11-17 16:04:18.402 UTC: 	 Got information from status cache file: {'1': {'Retries': 1, 'WallDurations': [8.0, 583.0, 8.0, 1613.0], 'StartTimes': [1573930473.0, 1573931224.0], 'SubmitTimes': [1573930190.0, 1573931130.0], 'JobIds': ['35736147.0', '35736311.0'], 'EndTimes': [1573931056.0, 1573932837.0], 'Restarts': 0, 'RecordedSite': True, 'State': 'finished', 'ResidentSetSize': [189436, 713612], 'TotalUserCpuTimeHistory': [3, 910], 'SiteHistory': ['Unknown', 'T2_US_Caltech', 'Unknown', 'T2_US_Caltech'], 'TotalSysCpuTimeHistory': [0, 32]}, '2': {'Retries': 0, 'WallDurations': [10.0, 2031.0], 'StartTimes': [1573930471.0], 'SubmitTimes': [1573930190.0], 'JobIds': ['35736148.0'], 'EndTimes': [1573932502.0], 'Restarts': 0, 'RecordedSite': True, 'State': 'finished', 'ResidentSetSize': [814824], 'TotalUserCpuTimeHistory': [1538], 'SiteHistory': ['Unknown', 'T2_US_Nebraska'], 'TotalSysCpuTimeHistory': [47]}}
INFO 2019-11-17 16:04:18.402 UTC: 	 Status on the scheduler:	COMPLETED
INFO 2019-11-17 16:04:18.402 UTC: 	 
Jobs status:                    finished     		100.0% (2/2)
INFO 2019-11-17 16:04:18.486 UTC: 	 
No publication information available yet
INFO 2019-11-17 16:04:18.486 UTC: 	 
Warning: the max jobs runtime is less than 30% of the task requested value (1250 min), please consider to request a lower value for failed jobs (allowed through crab resubmit) and/or improve the jobs splitting (e.g. config.Data.splitting = 'Automatic') in a new task.
INFO 2019-11-17 16:04:18.486 UTC: 	 
Summary of run jobs:
 * Memory: 696MB min, 795MB max, 746MB ave
 * Runtime: 0:26:53 min, 0:33:51 max, 0:30:22 ave
 * CPU eff: 58% min, 78% max, 69% ave
 * Waste: 0:10:09 (14% of total)

INFO 2019-11-17 16:04:18.494 UTC: 	 Log file is /afs/cern.ch/work/s/sthakur/xRavindra/MiniTree2017Data/CMSSW_10_4_0/src/ExLep2017Crab/crab/CrabMC_20191116/crab_ExLepEEZ_M1250_MC_20191116/crab.log
