DEBUG 2019-11-01 12:16:27.242 UTC: 	 Running on: Linux lxplus707.cern.ch 3.10.0-1062.1.2.el7.x86_64 #1 SMP Mon Sep 30 14:19:46 UTC 2019 x86_64 x86_64 x86_64 GNU/Linux
Description:	CentOS Linux release 7.7.1908 (Core) 

DEBUG 2019-11-01 12:16:27.242 UTC: 	 Executing command: 'submit'
DEBUG 2019-11-01 12:16:27.249 UTC: 	 Found CRAB cache file /afs/cern.ch/user/s/sthakur/.crab3
DEBUG 2019-11-01 12:16:27.256 UTC: 	 Checking credentials
DEBUG 2019-11-01 12:16:27.256 UTC: 	 Found proxy file /tmp/x509up_u77410
DEBUG 2019-11-01 12:16:27.256 UTC: 	 Getting proxy life time left
DEBUG 2019-11-01 12:16:27.973 UTC: 	 Executing : 
 command : voms-proxy-info -file /tmp/x509up_u77410 -timeleft
 output : 42811

 error: 
 retcode : 0
DEBUG 2019-11-01 12:16:28.679 UTC: 	 Executing : 
 command : voms-proxy-info -file /tmp/x509up_u77410 -actimeleft
 output : 42810

 error: 
 retcode : 0
DEBUG 2019-11-01 12:16:28.679 UTC: 	 Proxy lifetime 42811 secs is different from voms extension lifetime 42810 secs for proxy: /tmp/x509up_u77410
DEBUG 2019-11-01 12:16:28.679 UTC: 	 Proxy valid for 11:53:30 hours
DEBUG 2019-11-01 12:16:28.680 UTC: 	 Will use CRAB Analysis plugin (i.e. will run an analysis job type).
DEBUG 2019-11-01 12:16:28.799 UTC: 	 Executing : 
 command : openssl x509 -in ~/.globus/usercert.pem -subject -noout
 output : subject= /DC=ch/DC=cern/OU=Organic Units/OU=Users/CN=sthakur/CN=764789/CN=Shalini Thakur

 error: 
 retcode : 0
DEBUG 2019-11-01 12:16:28.799 UTC: 	 Checking credentials
DEBUG 2019-11-01 12:16:28.799 UTC: 	 Found proxy file /tmp/x509up_u77410
DEBUG 2019-11-01 12:16:28.799 UTC: 	 Getting proxy life time left
DEBUG 2019-11-01 12:16:29.505 UTC: 	 Executing : 
 command : voms-proxy-info -file /tmp/x509up_u77410 -timeleft
 output : 42809

 error: 
 retcode : 0
DEBUG 2019-11-01 12:16:30.212 UTC: 	 Executing : 
 command : voms-proxy-info -file /tmp/x509up_u77410 -actimeleft
 output : 42808

 error: 
 retcode : 0
DEBUG 2019-11-01 12:16:30.213 UTC: 	 Proxy lifetime 42809 secs is different from voms extension lifetime 42808 secs for proxy: /tmp/x509up_u77410
DEBUG 2019-11-01 12:16:30.213 UTC: 	 Proxy valid for 11:53:28 hours
DEBUG 2019-11-01 12:16:30.918 UTC: 	 Executing : 
 command : env X509_USER_PROXY=/tmp/x509up_u77410 voms-proxy-info -fqan
 output : /cms/Role=NULL/Capability=NULL

 error: 
 retcode : 0
DEBUG 2019-11-01 12:16:30.998 UTC: 	 Registering user credentials for server /DC=ch/DC=cern/OU=computers/CN=vocms(052|058|030|0118|0105|0109).cern.ch|/DC=ch/DC=cern/OU=computers/CN=crab-(preprod|prod)-tw(02|01).cern.ch
DEBUG 2019-11-01 12:16:31.108 UTC: 	 Executing : 
 command : openssl x509 -in ~/.globus/usercert.pem -subject -noout
 output : subject= /DC=ch/DC=cern/OU=Organic Units/OU=Users/CN=sthakur/CN=764789/CN=Shalini Thakur

 error: 
 retcode : 0
DEBUG 2019-11-01 12:16:31.109 UTC: 	 Getting myproxy life time left for myproxy.cern.ch
DEBUG 2019-11-01 12:16:31.109 UTC: 	 Calculating hash of /DC=ch/DC=cern/OU=Organic Units/OU=Users/CN=sthakur/CN=764789/CN=Shalini Thakur_cmsweb.cern.ch for credential name
DEBUG 2019-11-01 12:16:31.414 UTC: 	 Executing : 
 command : myproxy-info -l 9cd94953387eeee7bf4da2b7588630639ea1153b -s myproxy.cern.ch
 output : username: 9cd94953387eeee7bf4da2b7588630639ea1153b
owner: /DC=ch/DC=cern/OU=Organic Units/OU=Users/CN=sthakur/CN=764789/CN=Shalini Thakur
  renewal policy: /DC=ch/DC=cern/OU=computers/CN=vocms(052|058|030|0118|0105|0109).cern.ch|/DC=ch/DC=cern/OU=computers/CN=crab-(preprod|prod)-tw(02|01).cern.ch
  trusted retrieval policy: /DC=ch/DC=cern/OU=computers/CN=vocms(052|058|030|0118|0105|0109).cern.ch|/DC=ch/DC=cern/OU=computers/CN=crab-(preprod|prod)-tw(02|01).cern.ch
  timeleft: 558:21:29  (23.3 days)

 error: 
 retcode : 0
DEBUG 2019-11-01 12:16:31.415 UTC: 	 Myproxy is valid: 2010089
DEBUG 2019-11-01 12:16:31.415 UTC: 	 Command use: submit
DEBUG 2019-11-01 12:16:31.415 UTC: 	 Options use: ['--config', <WMCore.Configuration.Configuration object at 0x7f5780894f50>]
DEBUG 2019-11-01 12:16:31.497 UTC: 	 CRABClient version: 3.3.1910.patch2
DEBUG 2019-11-01 12:16:31.497 UTC: 	 Instance is prod
DEBUG 2019-11-01 12:16:31.497 UTC: 	 Server base url is cmsweb.cern.ch
DEBUG 2019-11-01 12:16:31.497 UTC: 	 Command url /crabserver/prod/workflow
DEBUG 2019-11-01 12:16:31.497 UTC: 	 Started submission
DEBUG 2019-11-01 12:16:31.497 UTC: 	 Working on /afs/cern.ch/work/s/sthakur/xRavindra/MiniTree2017Data/CMSSW_10_4_0/src/ExLep2017Crab/crab/CrabMC_20191101/crab_ExLepMuMuZ_M3500_MC_20191101
DEBUG 2019-11-01 12:16:31.677 UTC: 	 Loading required information from the environment
DEBUG 2019-11-01 12:16:31.677 UTC: 	 Found CMSSW_10_4_0 for slc7_amd64_gcc700 with base /afs/cern.ch/work/s/sthakur/xRavindra/MiniTree2017Data/CMSSW_10_4_0
DEBUG 2019-11-01 12:16:31.677 UTC: 	 Loading required information from the environment
DEBUG 2019-11-01 12:16:31.678 UTC: 	 Found CMSSW_10_4_0 for slc7_amd64_gcc700 with base /afs/cern.ch/work/s/sthakur/xRavindra/MiniTree2017Data/CMSSW_10_4_0
DEBUG 2019-11-01 12:16:31.693 UTC: 	 UNIQUE NAME: tarUUID b4b4b2be-8251-4541-a4fe-21a7f875bacf 
DEBUG 2019-11-01 12:16:31.693 UTC: 	 self.config: from WMCore.Configuration import Configuration
config = Configuration()
config.section_('General')
config.General.workArea = 'CrabMC_20191101'
config.General.transferOutputs = True
config.General.transferLogs = False
config.General.requestName = 'ExLepMuMuZ_M3500_MC_20191101'
config.section_('JobType')
config.JobType.psetName = '20191101/config/ExLepMuMuZ_M3500_MC_20191101_cfg.py'
config.JobType.pluginName = 'Analysis'
config.JobType.inputFiles = ['../../ExLep2017Tree/Selection/test/Fall17_V3_MC_PtResolution_AK8PF.txt', '../../ExLep2017Tree/Selection/test/Fall17_V3_MC_SF_AK8PF.txt']
config.JobType.allowUndistributedCMSSW = True
config.JobType.maxMemoryMB = 2000
config.section_('Data')
config.Data.inputDataset = '/ExcitedLepton_MuMuZ-3500_TuneCP5_13TeV-pythia8/RunIIFall17MiniAODv2-PU2017_12Apr2018_94X_mc2017_realistic_v14-v1/MINIAODSIM'
config.Data.allowNonValidInputDataset = True
config.Data.unitsPerJob = 10
config.Data.inputDBS = 'global'
config.Data.splitting = 'FileBased'
config.Data.outputDatasetTag = 'ExLepMuMuZ_M3500_MC_20191101'
config.Data.outLFNDirBase = '/store/user/sthakur/ntuple_for2017MC_20191101/MC_20191101/ExLepMuMuZ_M3500_MC_20191101'
config.section_('Site')
config.Site.storageSite = 'T2_IN_TIFR'
config.section_('User')
config.section_('Debug')

DEBUG 2019-11-01 12:16:31.693 UTC: 	 self.config.JobType.psetName: 20191101/config/ExLepMuMuZ_M3500_MC_20191101_cfg.py
INFO 2019-11-01 12:16:31.693 UTC: 	 Importing CMSSW configuration 20191101/config/ExLepMuMuZ_M3500_MC_20191101_cfg.py
INFO 2019-11-01 12:16:31.906 UTC: 	 Finished importing CMSSW configuration 20191101/config/ExLepMuMuZ_M3500_MC_20191101_cfg.py
DEBUG 2019-11-01 12:16:31.906 UTC: 	 Writing CMSSW configuration to /afs/cern.ch/work/s/sthakur/xRavindra/MiniTree2017Data/CMSSW_10_4_0/src/ExLep2017Crab/crab/CrabMC_20191101/crab_ExLepMuMuZ_M3500_MC_20191101/inputs/PSet.py
DEBUG 2019-11-01 12:16:31.951 UTC: 	 The following EDM output files will be collected: []
DEBUG 2019-11-01 12:16:31.951 UTC: 	 The following TFile output files will be collected: ['ExLepMuMuZ_M3500_MC_20191101_Ntuple.root']
DEBUG 2019-11-01 12:16:31.951 UTC: 	 The following user output files (not listed as PoolOuputModule or TFileService in the CMSSW PSet) will be collected: 
DEBUG 2019-11-01 12:16:31.951 UTC: 	 Loading required information from the environment
DEBUG 2019-11-01 12:16:31.951 UTC: 	 Found CMSSW_10_4_0 for slc7_amd64_gcc700 with base /afs/cern.ch/work/s/sthakur/xRavindra/MiniTree2017Data/CMSSW_10_4_0
DEBUG 2019-11-01 12:16:31.951 UTC: 	 Making tarball in /afs/cern.ch/work/s/sthakur/xRavindra/MiniTree2017Data/CMSSW_10_4_0/src/ExLep2017Crab/crab/CrabMC_20191101/crab_ExLepMuMuZ_M3500_MC_20191101/inputs/b4b4b2be-8251-4541-a4fe-21a7f875bacfdefault.tgz
DEBUG 2019-11-01 12:16:31.952 UTC: 	 Checking directory /afs/cern.ch/work/s/sthakur/xRavindra/MiniTree2017Data/CMSSW_10_4_0/lib
DEBUG 2019-11-01 12:16:31.952 UTC: 	 Adding directory /afs/cern.ch/work/s/sthakur/xRavindra/MiniTree2017Data/CMSSW_10_4_0/lib to tarball
DEBUG 2019-11-01 12:16:31.964 UTC: 	 Checking directory /afs/cern.ch/work/s/sthakur/xRavindra/MiniTree2017Data/CMSSW_10_4_0/biglib
DEBUG 2019-11-01 12:16:31.965 UTC: 	 Adding directory /afs/cern.ch/work/s/sthakur/xRavindra/MiniTree2017Data/CMSSW_10_4_0/biglib to tarball
DEBUG 2019-11-01 12:16:31.965 UTC: 	 Checking directory /afs/cern.ch/work/s/sthakur/xRavindra/MiniTree2017Data/CMSSW_10_4_0/module
DEBUG 2019-11-01 12:16:31.976 UTC: 	 Adding data directory /afs/cern.ch/work/s/sthakur/xRavindra/MiniTree2017Data/CMSSW_10_4_0/src/ExLep2017Tree/Selection/interface to tarball
DEBUG 2019-11-01 12:16:31.994 UTC: 	 Adding file ../../ExLep2017Tree/Selection/test/Fall17_V3_MC_PtResolution_AK8PF.txt to tarball
DEBUG 2019-11-01 12:16:31.995 UTC: 	 Adding file ../../ExLep2017Tree/Selection/test/Fall17_V3_MC_SF_AK8PF.txt to tarball
DEBUG 2019-11-01 12:16:32.100 UTC: 	 Uploading archive /afs/cern.ch/work/s/sthakur/xRavindra/MiniTree2017Data/CMSSW_10_4_0/src/ExLep2017Crab/crab/CrabMC_20191101/crab_ExLepMuMuZ_M3500_MC_20191101/inputs/b4b4b2be-8251-4541-a4fe-21a7f875bacfdefault.tgz (239 KB) to the CRAB cache. Using URI https://cmsweb.cern.ch/crabcache
DEBUG 2019-11-01 12:16:32.769 UTC: 	 Loading required information from the environment
DEBUG 2019-11-01 12:16:32.769 UTC: 	 Found CMSSW_10_4_0 for slc7_amd64_gcc700 with base /afs/cern.ch/work/s/sthakur/xRavindra/MiniTree2017Data/CMSSW_10_4_0
DEBUG 2019-11-01 12:16:32.769 UTC: 	 Making tarball in /afs/cern.ch/work/s/sthakur/xRavindra/MiniTree2017Data/CMSSW_10_4_0/src/ExLep2017Crab/crab/CrabMC_20191101/crab_ExLepMuMuZ_M3500_MC_20191101/inputs/debugFiles.tgz
DEBUG 2019-11-01 12:16:32.774 UTC: 	 Uploading archive /afs/cern.ch/work/s/sthakur/xRavindra/MiniTree2017Data/CMSSW_10_4_0/src/ExLep2017Crab/crab/CrabMC_20191101/crab_ExLepMuMuZ_M3500_MC_20191101/inputs/debugFiles.tgz (2 KB) to the CRAB cache. Using URI https://cmsweb.cern.ch/crabcache
DEBUG 2019-11-01 12:16:32.902 UTC: 	 Result uploading input files: 4a11f3c92bd9d198a5166e7d22ad468b4f285f7a25dc15893be2d8ea18e2dea8.tar.gz 
WARNING 2019-11-01 12:16:32.902 UTC: 	 Warning: The following output files will not be published, as they are not EDM files: ['ExLepMuMuZ_M3500_MC_20191101_Ntuple.root']
INFO 2019-11-01 12:16:32.902 UTC: 	 Sending the request to the server at cmsweb.cern.ch
DEBUG 2019-11-01 12:16:32.903 UTC: 	 Submitting {'maxjobruntime': 1250, 'extrajdl': [], 'ignorelocality': 0, 'savelogsflag': 0, 'useparent': 0, 'asyncdest': 'T2_IN_TIFR', 'algoargs': 10, 'cachefilename': '4a11f3c92bd9d198a5166e7d22ad468b4f285f7a25dc15893be2d8ea18e2dea8.tar.gz', 'numcores': 1, 'addoutputfiles': [], 'generator': 'pythia', 'maxmemory': 2000, 'publishdbsurl': 'https://cmsweb.cern.ch/dbs/prod/phys03/DBSWriter', 'priority': 10, 'jobsw': 'CMSSW_10_4_0', 'edmoutfiles': [], 'userfiles': [], 'primarydataset': '', 'inputdata': '/ExcitedLepton_MuMuZ-3500_TuneCP5_13TeV-pythia8/RunIIFall17MiniAODv2-PU2017_12Apr2018_94X_mc2017_realistic_v14-v1/MINIAODSIM', 'lfn': '/store/user/sthakur/ntuple_for2017MC_20191101/MC_20191101/ExLepMuMuZ_M3500_MC_20191101', 'dryrun': 0, 'workflow': 'crab_ExLepMuMuZ_M3500_MC_20191101', 'cacheurl': u'https://cmsweb.cern.ch/crabcache', 'nonprodsw': 1, 'tfileoutfiles': ['ExLepMuMuZ_M3500_MC_20191101_Ntuple.root'], 'oneEventMode': 0, 'debugfilename': 'ddb7049b63ce15bd7e8eac4a78cb14870091a3a256c762225cb7842bfa263d84.tar.gz', 'saveoutput': 1, 'publication': 1, 'jobarch': 'slc7_amd64_gcc700', 'totalunits': 0, 'splitalgo': 'FileBased', 'ignoreglobalblacklist': 0, 'nonvaliddata': 1, 'dbsurl': 'https://cmsweb.cern.ch/dbs/prod/global/DBSReader', 'publishgroupname': 0, 'jobtype': 'Analysis', 'publishname2': 'ExLepMuMuZ_M3500_MC_20191101'} 
DEBUG 2019-11-01 12:16:32.903 UTC: 	 Encoded submit request: maxjobruntime=1250&ignorelocality=0&savelogsflag=0&useparent=0&asyncdest=T2_IN_TIFR&algoargs=10&cachefilename=4a11f3c92bd9d198a5166e7d22ad468b4f285f7a25dc15893be2d8ea18e2dea8.tar.gz&numcores=1&generator=pythia&maxmemory=2000&publishdbsurl=https%3A%2F%2Fcmsweb.cern.ch%2Fdbs%2Fprod%2Fphys03%2FDBSWriter&priority=10&jobsw=CMSSW_10_4_0&primarydataset=&inputdata=%2FExcitedLepton_MuMuZ-3500_TuneCP5_13TeV-pythia8%2FRunIIFall17MiniAODv2-PU2017_12Apr2018_94X_mc2017_realistic_v14-v1%2FMINIAODSIM&lfn=%2Fstore%2Fuser%2Fsthakur%2Fntuple_for2017MC_20191101%2FMC_20191101%2FExLepMuMuZ_M3500_MC_20191101&dryrun=0&workflow=crab_ExLepMuMuZ_M3500_MC_20191101&cacheurl=https%3A%2F%2Fcmsweb.cern.ch%2Fcrabcache&nonprodsw=1&oneEventMode=0&debugfilename=ddb7049b63ce15bd7e8eac4a78cb14870091a3a256c762225cb7842bfa263d84.tar.gz&saveoutput=1&publication=1&jobarch=slc7_amd64_gcc700&totalunits=0&splitalgo=FileBased&ignoreglobalblacklist=0&nonvaliddata=1&dbsurl=https%3A%2F%2Fcmsweb.cern.ch%2Fdbs%2Fprod%2Fglobal%2FDBSReader&publishgroupname=0&jobtype=Analysis&publishname2=ExLepMuMuZ_M3500_MC_20191101&tfileoutfiles=ExLepMuMuZ_M3500_MC_20191101_Ntuple.root
DEBUG 2019-11-01 12:16:33.062 UTC: 	 Result: {u'result': [{u'RequestName': u'191101_121632:sthakur_crab_ExLepMuMuZ_M3500_MC_20191101'}]}
INFO 2019-11-01 12:16:33.064 UTC: 	 Success: Your task has been delivered to the prod CRAB3 server.
INFO 2019-11-01 12:16:33.064 UTC: 	 Task name: 191101_121632:sthakur_crab_ExLepMuMuZ_M3500_MC_20191101
INFO 2019-11-01 12:16:33.064 UTC: 	 Project dir: CrabMC_20191101/crab_ExLepMuMuZ_M3500_MC_20191101
INFO 2019-11-01 12:16:33.065 UTC: 	 Please use 'crab status -d CrabMC_20191101/crab_ExLepMuMuZ_M3500_MC_20191101' to check how the submission process proceeds.
DEBUG 2019-11-01 12:16:33.065 UTC: 	 About to return
DEBUG 2019-11-01 12:49:37.118 UTC: 	 Running on: Linux lxplus707.cern.ch 3.10.0-1062.1.2.el7.x86_64 #1 SMP Mon Sep 30 14:19:46 UTC 2019 x86_64 x86_64 x86_64 GNU/Linux
Description:	CentOS Linux release 7.7.1908 (Core) 

DEBUG 2019-11-01 12:49:37.118 UTC: 	 Executing command: 'status'
DEBUG 2019-11-01 12:49:37.118 UTC: 	 Found CRAB cache file /afs/cern.ch/user/s/sthakur/.crab3
DEBUG 2019-11-01 12:49:37.128 UTC: 	 Checking credentials
DEBUG 2019-11-01 12:49:37.128 UTC: 	 Found proxy file /tmp/x509up_u77410
DEBUG 2019-11-01 12:49:37.128 UTC: 	 Getting proxy life time left
DEBUG 2019-11-01 12:49:37.835 UTC: 	 Executing : 
 command : voms-proxy-info -file /tmp/x509up_u77410 -timeleft
 output : 40821

 error: 
 retcode : 0
DEBUG 2019-11-01 12:49:38.542 UTC: 	 Executing : 
 command : voms-proxy-info -file /tmp/x509up_u77410 -actimeleft
 output : 40820

 error: 
 retcode : 0
DEBUG 2019-11-01 12:49:38.542 UTC: 	 Proxy lifetime 40821 secs is different from voms extension lifetime 40820 secs for proxy: /tmp/x509up_u77410
DEBUG 2019-11-01 12:49:38.542 UTC: 	 Proxy valid for 11:20:20 hours
DEBUG 2019-11-01 12:49:38.717 UTC: 	 Executing : 
 command : openssl x509 -in ~/.globus/usercert.pem -subject -noout
 output : subject= /DC=ch/DC=cern/OU=Organic Units/OU=Users/CN=sthakur/CN=764789/CN=Shalini Thakur

 error: 
 retcode : 0
DEBUG 2019-11-01 12:49:38.718 UTC: 	 Checking credentials
DEBUG 2019-11-01 12:49:38.718 UTC: 	 Found proxy file /tmp/x509up_u77410
DEBUG 2019-11-01 12:49:38.718 UTC: 	 Getting proxy life time left
DEBUG 2019-11-01 12:49:39.328 UTC: 	 Executing : 
 command : voms-proxy-info -file /tmp/x509up_u77410 -timeleft
 output : 40819

 error: 
 retcode : 0
DEBUG 2019-11-01 12:49:40.034 UTC: 	 Executing : 
 command : voms-proxy-info -file /tmp/x509up_u77410 -actimeleft
 output : 40819

 error: 
 retcode : 0
DEBUG 2019-11-01 12:49:40.034 UTC: 	 Proxy valid for 11:20:19 hours
DEBUG 2019-11-01 12:49:40.109 UTC: 	 Registering user credentials for server /DC=ch/DC=cern/OU=computers/CN=vocms(052|058|030|0118|0105|0109).cern.ch|/DC=ch/DC=cern/OU=computers/CN=crab-(preprod|prod)-tw(02|01).cern.ch
DEBUG 2019-11-01 12:49:40.219 UTC: 	 Executing : 
 command : openssl x509 -in ~/.globus/usercert.pem -subject -noout
 output : subject= /DC=ch/DC=cern/OU=Organic Units/OU=Users/CN=sthakur/CN=764789/CN=Shalini Thakur

 error: 
 retcode : 0
DEBUG 2019-11-01 12:49:40.219 UTC: 	 Getting myproxy life time left for myproxy.cern.ch
DEBUG 2019-11-01 12:49:40.219 UTC: 	 Calculating hash of /DC=ch/DC=cern/OU=Organic Units/OU=Users/CN=sthakur/CN=764789/CN=Shalini Thakur_cmsweb.cern.ch for credential name
DEBUG 2019-11-01 12:49:40.525 UTC: 	 Executing : 
 command : myproxy-info -l 9cd94953387eeee7bf4da2b7588630639ea1153b -s myproxy.cern.ch
 output : username: 9cd94953387eeee7bf4da2b7588630639ea1153b
owner: /DC=ch/DC=cern/OU=Organic Units/OU=Users/CN=sthakur/CN=764789/CN=Shalini Thakur
  renewal policy: /DC=ch/DC=cern/OU=computers/CN=vocms(052|058|030|0118|0105|0109).cern.ch|/DC=ch/DC=cern/OU=computers/CN=crab-(preprod|prod)-tw(02|01).cern.ch
  trusted retrieval policy: /DC=ch/DC=cern/OU=computers/CN=vocms(052|058|030|0118|0105|0109).cern.ch|/DC=ch/DC=cern/OU=computers/CN=crab-(preprod|prod)-tw(02|01).cern.ch
  timeleft: 557:48:20  (23.2 days)

 error: 
 retcode : 0
DEBUG 2019-11-01 12:49:40.526 UTC: 	 Myproxy is valid: 2008100
DEBUG 2019-11-01 12:49:40.527 UTC: 	 Command use: status
DEBUG 2019-11-01 12:49:40.527 UTC: 	 Options use: ['--verboseErrors', 'CrabMC_20191101/crab_ExLepMuMuZ_M3500_MC_20191101']
DEBUG 2019-11-01 12:49:40.631 UTC: 	 CRABClient version: 3.3.1910.patch2
DEBUG 2019-11-01 12:49:40.631 UTC: 	 Instance is prod
DEBUG 2019-11-01 12:49:40.631 UTC: 	 Server base url is cmsweb.cern.ch
DEBUG 2019-11-01 12:49:40.631 UTC: 	 Command url /crabserver/prod/workflow
DEBUG 2019-11-01 12:49:40.753 UTC: 	 Got information from server oracle database: {u'result': [u'191101_121632:sthakur_crab_ExLepMuMuZ_M3500_MC_20191101', u'None', u'None', u'SUBMITTED', u'SUBMIT', u'2019-11-01 12:16:32.974224', u'None', u'2019-11-01 12:17:37.115342', u'None', u'CMSSW_10_4_0', u'slc7_amd64_gcc700', u'/ExcitedLepton_MuMuZ-3500_TuneCP5_13TeV-pythia8/RunIIFall17MiniAODv2-PU2017_12Apr2018_94X_mc2017_realistic_v14-v1/MINIAODSIM', u'T', u'0', u'[]', u'[]', u'FileBased', u"{'splitOnRun': False, 'halt_job_on_file_boundaries': False, 'files_per_job': 10, 'runs': [], 'lumis': []}", u'4a11f3c92bd9d198a5166e7d22ad468b4f285f7a25dc15893be2d8ea18e2dea8.tar.gz', u'https://cmsweb.cern.ch/crabcache', u'sthakur', u'/DC=ch/DC=cern/OU=Organic Units/OU=Users/CN=sthakur/CN=764789/CN=Shalini Thakur', u'cms', u'None', u'None', u'ExLepMuMuZ_M3500_MC_20191101-00000000000000000000000000000000', u'F', u'T2_IN_TIFR', u'https://cmsweb.cern.ch/dbs/prod/global/DBSReader', u'https://cmsweb.cern.ch/dbs/prod/phys03/DBSWriter', u'T', u'[]', u"['ExLepMuMuZ_M3500_MC_20191101_Ntuple.root']", u'[]', u'Analysis', u'pythia', u'None', u'{}', u'[]', u'F', u'crab-prod-tw01', u'[]', u'1250', u'1', u'2000', u'10', u'None', u'[]', u'http://vocms0121.cern.ch/mon/cms251/191101_121632:sthakur_crab_ExLepMuMuZ_M3500_MC_20191101', u'None', u'[]', u'[]', u'https://cmsweb.cern.ch/crabserver/prod', u'cmsgwms-collector-global.cern.ch:9620,cmssrv623.fnal.gov:9620', u'crab3@vocms0121.cern.ch', u'F', u'[]', u'T', u'/store/user/sthakur/ntuple_for2017MC_20191101/MC_20191101/ExLepMuMuZ_M3500_MC_20191101', u'F', u'None', u'F', u'None', u'ExcitedLepton_MuMuZ-3500_TuneCP5_13TeV-pythia8', u'None', u'ddb7049b63ce15bd7e8eac4a78cb14870091a3a256c762225cb7842bfa263d84.tar.gz', u'45910308', u'filetransfers', u'F', u'2001:1458:d00:2e::100:9b', u'0.0', u'None'], u'desc': {u'columns': [u'tm_taskname', u'tm_activity', u'panda_jobset_id', u'tm_task_status', u'tm_task_command', u'tm_start_time', u'tm_start_injection', u'tm_end_injection', u'tm_task_failure', u'tm_job_sw', u'tm_job_arch', u'tm_input_dataset', u'tm_nonvalid_input_dataset', u'tm_use_parent', u'tm_site_whitelist', u'tm_site_blacklist', u'tm_split_algo', u'tm_split_args', u'tm_user_sandbox', u'tm_cache_url', u'tm_username', u'tm_user_dn', u'tm_user_vo', u'tm_user_role', u'tm_user_group', u'tm_publish_name', u'tm_publish_groupname', u'tm_asyncdest', u'tm_dbs_url', u'tm_publish_dbs_url', u'tm_publication', u'tm_outfiles', u'tm_tfile_outfiles', u'tm_edm_outfiles', u'tm_job_type', u'tm_generator', u'tm_events_per_lumi', u'tm_arguments', u'panda_resubmitted_jobs', u'tm_save_logs', u'tw_name', u'tm_user_infiles', u'tm_maxjobruntime', u'tm_numcores', u'tm_maxmemory', u'tm_priority', u'tm_output_dataset', u'tm_task_warnings', u'tm_user_webdir', u'tm_scriptexe', u'tm_scriptargs', u'tm_extrajdl', u'tm_asourl', u'tm_collector', u'tm_schedd', u'tm_dry_run', u'tm_user_files', u'tm_transfer_outputs', u'tm_output_lfn', u'tm_ignore_locality', u'tm_fail_limit', u'tm_one_event_mode', u'tm_secondary_input_dataset', u'tm_primary_dataset', u'tm_last_publication', u'tm_debug_files', u'clusterid', u'tm_asodb', u'tm_ignore_global_blacklist', u'tm_submitter_ip_addr', u'tm_totalunits', u'tm_ddm_reqid']}}
INFO 2019-11-01 12:49:40.753 UTC: 	 CRAB project directory:		/afs/cern.ch/work/s/sthakur/xRavindra/MiniTree2017Data/CMSSW_10_4_0/src/ExLep2017Crab/crab/CrabMC_20191101/crab_ExLepMuMuZ_M3500_MC_20191101
INFO 2019-11-01 12:49:40.753 UTC: 	 Task name:			191101_121632:sthakur_crab_ExLepMuMuZ_M3500_MC_20191101
INFO 2019-11-01 12:49:40.753 UTC: 	 Grid scheduler - Task Worker:	crab3@vocms0121.cern.ch - crab-prod-tw01
INFO 2019-11-01 12:49:40.753 UTC: 	 Status on the CRAB server:	SUBMITTED
INFO 2019-11-01 12:49:40.754 UTC: 	 Task URL to use for HELP:	https://cmsweb.cern.ch/crabserver/ui/task/191101_121632%3Asthakur_crab_ExLepMuMuZ_M3500_MC_20191101
INFO 2019-11-01 12:49:40.754 UTC: 	 Dashboard monitoring URL:	https://monit-grafana.cern.ch/d/cmsTMDetail/cms-task-monitoring-task-view?orgId=11&var-user=sthakur&var-task=191101_121632%3Asthakur_crab_ExLepMuMuZ_M3500_MC_20191101
INFO 2019-11-01 12:49:40.754 UTC: 	 In case of issues with the dashboard, please provide feedback to hn-cms-computing-tools@cern.ch
DEBUG 2019-11-01 12:49:40.754 UTC: 	 The CRAB server submitted your task to the Grid scheduler (cluster ID: 45910308)
DEBUG 2019-11-01 12:49:40.754 UTC: 	 Webdir is located at http://vocms0121.cern.ch/mon/cms251/191101_121632:sthakur_crab_ExLepMuMuZ_M3500_MC_20191101
DEBUG 2019-11-01 12:49:40.844 UTC: 	 Proxied webdir is located at https://cmsweb.cern.ch/scheddmon/0121/cms251/191101_121632:sthakur_crab_ExLepMuMuZ_M3500_MC_20191101
DEBUG 2019-11-01 12:49:40.844 UTC: 	 Retrieving 'status_cache' file from https://cmsweb.cern.ch/scheddmon/0121/cms251/191101_121632:sthakur_crab_ExLepMuMuZ_M3500_MC_20191101/status_cache
DEBUG 2019-11-01 12:49:40.891 UTC: 	 Got information from status cache file: {'1': {'Retries': 0, 'WallDurations': [9.0, 1512.0], 'StartTimes': [1572610919.0], 'SubmitTimes': [1572610672.0], 'JobIds': ['45910310.0'], 'EndTimes': [], 'Restarts': 0, 'RecordedSite': True, 'State': 'running', 'ResidentSetSize': [746828], 'TotalUserCpuTimeHistory': [559.0], 'SiteHistory': ['Unknown', 'T2_US_Caltech'], 'TotalSysCpuTimeHistory': [22.0]}, '2': {'Retries': 0, 'WallDurations': [9.0, 181.0], 'StartTimes': [1572610920.0], 'SubmitTimes': [1572610672.0], 'JobIds': ['45910311.0'], 'EndTimes': [1572611101.0], 'Restarts': 0, 'RecordedSite': True, 'State': 'transferring', 'ResidentSetSize': [37004], 'TotalUserCpuTimeHistory': [122], 'SiteHistory': ['Unknown', 'T2_US_Florida'], 'TotalSysCpuTimeHistory': [2]}}
INFO 2019-11-01 12:49:40.891 UTC: 	 Status on the scheduler:	SUBMITTED
INFO 2019-11-01 12:49:40.891 UTC: 	 
Jobs status:                    running      		 50.0% (1/2)
INFO 2019-11-01 12:49:40.891 UTC: 	 				transferring 		 50.0% (1/2)
INFO 2019-11-01 12:49:40.891 UTC: 	 
No publication information available yet
INFO 2019-11-01 12:49:40.891 UTC: 	 
Warning: the max jobs runtime is less than 30% of the task requested value (1250 min), please consider to request a lower value for failed jobs (allowed through crab resubmit) and/or improve the jobs splitting (e.g. config.Data.splitting = 'Automatic') in a new task.
INFO 2019-11-01 12:49:40.891 UTC: 	 
Summary of run jobs:
 * Memory: 36MB min, 36MB max, 36MB ave
 * Runtime: 0:03:01 min, 0:03:01 max, 0:03:01 ave
 * CPU eff: 69% min, 69% max, 69% ave
 * Waste: 0:00:09 (5% of total)

INFO 2019-11-01 12:49:40.900 UTC: 	 Log file is /afs/cern.ch/work/s/sthakur/xRavindra/MiniTree2017Data/CMSSW_10_4_0/src/ExLep2017Crab/crab/CrabMC_20191101/crab_ExLepMuMuZ_M3500_MC_20191101/crab.log
DEBUG 2019-11-01 16:57:00.583 UTC: 	 Running on: Linux lxplus721.cern.ch 3.10.0-1062.1.2.el7.x86_64 #1 SMP Mon Sep 30 14:19:46 UTC 2019 x86_64 x86_64 x86_64 GNU/Linux
Description:	CentOS Linux release 7.7.1908 (Core) 

DEBUG 2019-11-01 16:57:00.583 UTC: 	 Executing command: 'status'
DEBUG 2019-11-01 16:57:00.586 UTC: 	 Found CRAB cache file /afs/cern.ch/user/s/sthakur/.crab3
DEBUG 2019-11-01 16:57:00.600 UTC: 	 Checking credentials
DEBUG 2019-11-01 16:57:00.600 UTC: 	 Found proxy file /tmp/x509up_u77410
DEBUG 2019-11-01 16:57:00.600 UTC: 	 Getting proxy life time left
DEBUG 2019-11-01 16:57:01.518 UTC: 	 Executing : 
 command : voms-proxy-info -file /tmp/x509up_u77410 -timeleft
 output : 43007

 error: 
 retcode : 0
DEBUG 2019-11-01 16:57:02.529 UTC: 	 Executing : 
 command : voms-proxy-info -file /tmp/x509up_u77410 -actimeleft
 output : 43006

 error: 
 retcode : 0
DEBUG 2019-11-01 16:57:02.530 UTC: 	 Proxy lifetime 43007 secs is different from voms extension lifetime 43006 secs for proxy: /tmp/x509up_u77410
DEBUG 2019-11-01 16:57:02.530 UTC: 	 Proxy valid for 11:56:46 hours
DEBUG 2019-11-01 16:57:02.643 UTC: 	 Executing : 
 command : openssl x509 -in ~/.globus/usercert.pem -subject -noout
 output : subject= /DC=ch/DC=cern/OU=Organic Units/OU=Users/CN=sthakur/CN=764789/CN=Shalini Thakur

 error: 
 retcode : 0
DEBUG 2019-11-01 16:57:02.644 UTC: 	 Checking credentials
DEBUG 2019-11-01 16:57:02.644 UTC: 	 Found proxy file /tmp/x509up_u77410
DEBUG 2019-11-01 16:57:02.644 UTC: 	 Getting proxy life time left
DEBUG 2019-11-01 16:57:03.554 UTC: 	 Executing : 
 command : voms-proxy-info -file /tmp/x509up_u77410 -timeleft
 output : 43005

 error: 
 retcode : 0
DEBUG 2019-11-01 16:57:04.477 UTC: 	 Executing : 
 command : voms-proxy-info -file /tmp/x509up_u77410 -actimeleft
 output : 43004

 error: 
 retcode : 0
DEBUG 2019-11-01 16:57:04.477 UTC: 	 Proxy lifetime 43005 secs is different from voms extension lifetime 43004 secs for proxy: /tmp/x509up_u77410
DEBUG 2019-11-01 16:57:04.477 UTC: 	 Proxy valid for 11:56:44 hours
DEBUG 2019-11-01 16:57:04.569 UTC: 	 Registering user credentials for server /DC=ch/DC=cern/OU=computers/CN=vocms(052|058|030|0118|0105|0109).cern.ch|/DC=ch/DC=cern/OU=computers/CN=crab-(preprod|prod)-tw(02|01).cern.ch
DEBUG 2019-11-01 16:57:04.680 UTC: 	 Executing : 
 command : openssl x509 -in ~/.globus/usercert.pem -subject -noout
 output : subject= /DC=ch/DC=cern/OU=Organic Units/OU=Users/CN=sthakur/CN=764789/CN=Shalini Thakur

 error: 
 retcode : 0
DEBUG 2019-11-01 16:57:04.680 UTC: 	 Getting myproxy life time left for myproxy.cern.ch
DEBUG 2019-11-01 16:57:04.680 UTC: 	 Calculating hash of /DC=ch/DC=cern/OU=Organic Units/OU=Users/CN=sthakur/CN=764789/CN=Shalini Thakur_cmsweb.cern.ch for credential name
DEBUG 2019-11-01 16:57:05.086 UTC: 	 Executing : 
 command : myproxy-info -l 9cd94953387eeee7bf4da2b7588630639ea1153b -s myproxy.cern.ch
 output : username: 9cd94953387eeee7bf4da2b7588630639ea1153b
owner: /DC=ch/DC=cern/OU=Organic Units/OU=Users/CN=sthakur/CN=764789/CN=Shalini Thakur
  renewal policy: /DC=ch/DC=cern/OU=computers/CN=vocms(052|058|030|0118|0105|0109).cern.ch|/DC=ch/DC=cern/OU=computers/CN=crab-(preprod|prod)-tw(02|01).cern.ch
  trusted retrieval policy: /DC=ch/DC=cern/OU=computers/CN=vocms(052|058|030|0118|0105|0109).cern.ch|/DC=ch/DC=cern/OU=computers/CN=crab-(preprod|prod)-tw(02|01).cern.ch
  timeleft: 553:40:55  (23.1 days)

 error: 
 retcode : 0
DEBUG 2019-11-01 16:57:05.087 UTC: 	 Myproxy is valid: 1993255
DEBUG 2019-11-01 16:57:05.087 UTC: 	 Command use: status
DEBUG 2019-11-01 16:57:05.087 UTC: 	 Options use: ['--verboseErrors', 'CrabMC_20191101/crab_ExLepMuMuZ_M3500_MC_20191101']
DEBUG 2019-11-01 16:57:05.163 UTC: 	 CRABClient version: 3.3.1910.patch2
DEBUG 2019-11-01 16:57:05.163 UTC: 	 Instance is prod
DEBUG 2019-11-01 16:57:05.163 UTC: 	 Server base url is cmsweb.cern.ch
DEBUG 2019-11-01 16:57:05.164 UTC: 	 Command url /crabserver/prod/workflow
DEBUG 2019-11-01 16:57:05.238 UTC: 	 Got information from server oracle database: {u'result': [u'191101_121632:sthakur_crab_ExLepMuMuZ_M3500_MC_20191101', u'None', u'None', u'SUBMITTED', u'SUBMIT', u'2019-11-01 12:16:32.974224', u'None', u'2019-11-01 12:17:37.115342', u'None', u'CMSSW_10_4_0', u'slc7_amd64_gcc700', u'/ExcitedLepton_MuMuZ-3500_TuneCP5_13TeV-pythia8/RunIIFall17MiniAODv2-PU2017_12Apr2018_94X_mc2017_realistic_v14-v1/MINIAODSIM', u'T', u'0', u'[]', u'[]', u'FileBased', u"{'splitOnRun': False, 'halt_job_on_file_boundaries': False, 'files_per_job': 10, 'runs': [], 'lumis': []}", u'4a11f3c92bd9d198a5166e7d22ad468b4f285f7a25dc15893be2d8ea18e2dea8.tar.gz', u'https://cmsweb.cern.ch/crabcache', u'sthakur', u'/DC=ch/DC=cern/OU=Organic Units/OU=Users/CN=sthakur/CN=764789/CN=Shalini Thakur', u'cms', u'None', u'None', u'ExLepMuMuZ_M3500_MC_20191101-00000000000000000000000000000000', u'F', u'T2_IN_TIFR', u'https://cmsweb.cern.ch/dbs/prod/global/DBSReader', u'https://cmsweb.cern.ch/dbs/prod/phys03/DBSWriter', u'T', u'[]', u"['ExLepMuMuZ_M3500_MC_20191101_Ntuple.root']", u'[]', u'Analysis', u'pythia', u'None', u'{}', u'[]', u'F', u'crab-prod-tw01', u'[]', u'1250', u'1', u'2000', u'10', u'None', u'[]', u'http://vocms0121.cern.ch/mon/cms251/191101_121632:sthakur_crab_ExLepMuMuZ_M3500_MC_20191101', u'None', u'[]', u'[]', u'https://cmsweb.cern.ch/crabserver/prod', u'cmsgwms-collector-global.cern.ch:9620,cmssrv623.fnal.gov:9620', u'crab3@vocms0121.cern.ch', u'F', u'[]', u'T', u'/store/user/sthakur/ntuple_for2017MC_20191101/MC_20191101/ExLepMuMuZ_M3500_MC_20191101', u'F', u'None', u'F', u'None', u'ExcitedLepton_MuMuZ-3500_TuneCP5_13TeV-pythia8', u'None', u'ddb7049b63ce15bd7e8eac4a78cb14870091a3a256c762225cb7842bfa263d84.tar.gz', u'45910308', u'filetransfers', u'F', u'2001:1458:d00:2e::100:9b', u'0.0', u'None'], u'desc': {u'columns': [u'tm_taskname', u'tm_activity', u'panda_jobset_id', u'tm_task_status', u'tm_task_command', u'tm_start_time', u'tm_start_injection', u'tm_end_injection', u'tm_task_failure', u'tm_job_sw', u'tm_job_arch', u'tm_input_dataset', u'tm_nonvalid_input_dataset', u'tm_use_parent', u'tm_site_whitelist', u'tm_site_blacklist', u'tm_split_algo', u'tm_split_args', u'tm_user_sandbox', u'tm_cache_url', u'tm_username', u'tm_user_dn', u'tm_user_vo', u'tm_user_role', u'tm_user_group', u'tm_publish_name', u'tm_publish_groupname', u'tm_asyncdest', u'tm_dbs_url', u'tm_publish_dbs_url', u'tm_publication', u'tm_outfiles', u'tm_tfile_outfiles', u'tm_edm_outfiles', u'tm_job_type', u'tm_generator', u'tm_events_per_lumi', u'tm_arguments', u'panda_resubmitted_jobs', u'tm_save_logs', u'tw_name', u'tm_user_infiles', u'tm_maxjobruntime', u'tm_numcores', u'tm_maxmemory', u'tm_priority', u'tm_output_dataset', u'tm_task_warnings', u'tm_user_webdir', u'tm_scriptexe', u'tm_scriptargs', u'tm_extrajdl', u'tm_asourl', u'tm_collector', u'tm_schedd', u'tm_dry_run', u'tm_user_files', u'tm_transfer_outputs', u'tm_output_lfn', u'tm_ignore_locality', u'tm_fail_limit', u'tm_one_event_mode', u'tm_secondary_input_dataset', u'tm_primary_dataset', u'tm_last_publication', u'tm_debug_files', u'clusterid', u'tm_asodb', u'tm_ignore_global_blacklist', u'tm_submitter_ip_addr', u'tm_totalunits', u'tm_ddm_reqid']}}
INFO 2019-11-01 16:57:05.239 UTC: 	 CRAB project directory:		/afs/cern.ch/work/s/sthakur/xRavindra/MiniTree2017Data/CMSSW_10_4_0/src/ExLep2017Crab/crab/CrabMC_20191101/crab_ExLepMuMuZ_M3500_MC_20191101
INFO 2019-11-01 16:57:05.239 UTC: 	 Task name:			191101_121632:sthakur_crab_ExLepMuMuZ_M3500_MC_20191101
INFO 2019-11-01 16:57:05.239 UTC: 	 Grid scheduler - Task Worker:	crab3@vocms0121.cern.ch - crab-prod-tw01
INFO 2019-11-01 16:57:05.239 UTC: 	 Status on the CRAB server:	SUBMITTED
INFO 2019-11-01 16:57:05.239 UTC: 	 Task URL to use for HELP:	https://cmsweb.cern.ch/crabserver/ui/task/191101_121632%3Asthakur_crab_ExLepMuMuZ_M3500_MC_20191101
INFO 2019-11-01 16:57:05.239 UTC: 	 Dashboard monitoring URL:	https://monit-grafana.cern.ch/d/cmsTMDetail/cms-task-monitoring-task-view?orgId=11&var-user=sthakur&var-task=191101_121632%3Asthakur_crab_ExLepMuMuZ_M3500_MC_20191101
INFO 2019-11-01 16:57:05.239 UTC: 	 In case of issues with the dashboard, please provide feedback to hn-cms-computing-tools@cern.ch
DEBUG 2019-11-01 16:57:05.239 UTC: 	 The CRAB server submitted your task to the Grid scheduler (cluster ID: 45910308)
DEBUG 2019-11-01 16:57:05.239 UTC: 	 Webdir is located at http://vocms0121.cern.ch/mon/cms251/191101_121632:sthakur_crab_ExLepMuMuZ_M3500_MC_20191101
DEBUG 2019-11-01 16:57:05.325 UTC: 	 Proxied webdir is located at https://cmsweb.cern.ch/scheddmon/0121/cms251/191101_121632:sthakur_crab_ExLepMuMuZ_M3500_MC_20191101
DEBUG 2019-11-01 16:57:05.325 UTC: 	 Retrieving 'status_cache' file from https://cmsweb.cern.ch/scheddmon/0121/cms251/191101_121632:sthakur_crab_ExLepMuMuZ_M3500_MC_20191101/status_cache
DEBUG 2019-11-01 16:57:05.373 UTC: 	 Got information from status cache file: {'1': {'Retries': 0, 'WallDurations': [9.0, 4041.0], 'StartTimes': [1572610919.0], 'SubmitTimes': [1572610672.0], 'JobIds': ['45910310.0'], 'EndTimes': [1572614960.0], 'Restarts': 0, 'RecordedSite': True, 'State': 'finished', 'ResidentSetSize': [746828], 'TotalUserCpuTimeHistory': [1523], 'SiteHistory': ['Unknown', 'T2_US_Caltech'], 'TotalSysCpuTimeHistory': [56]}, '2': {'Retries': 0, 'WallDurations': [9.0, 181.0], 'StartTimes': [1572610920.0], 'SubmitTimes': [1572610672.0], 'JobIds': ['45910311.0'], 'EndTimes': [1572611101.0], 'Restarts': 0, 'RecordedSite': True, 'State': 'finished', 'ResidentSetSize': [37004], 'TotalUserCpuTimeHistory': [122], 'SiteHistory': ['Unknown', 'T2_US_Florida'], 'TotalSysCpuTimeHistory': [2]}}
INFO 2019-11-01 16:57:05.373 UTC: 	 Status on the scheduler:	COMPLETED
INFO 2019-11-01 16:57:05.373 UTC: 	 
Jobs status:                    finished     		100.0% (2/2)
INFO 2019-11-01 16:57:05.452 UTC: 	 
No publication information available yet
INFO 2019-11-01 16:57:05.452 UTC: 	 
Warning: the max jobs runtime is less than 30% of the task requested value (1250 min), please consider to request a lower value for failed jobs (allowed through crab resubmit) and/or improve the jobs splitting (e.g. config.Data.splitting = 'Automatic') in a new task.
INFO 2019-11-01 16:57:05.452 UTC: 	 
Warning: the average jobs CPU efficiency is less than 50%, please consider to improve the jobs splitting (e.g. config.Data.splitting = 'Automatic') in a new task
INFO 2019-11-01 16:57:05.452 UTC: 	 
Summary of run jobs:
 * Memory: 36MB min, 729MB max, 383MB ave
 * Runtime: 0:03:01 min, 1:07:21 max, 0:35:11 ave
 * CPU eff: 39% min, 69% max, 40% ave
 * Waste: 0:00:18 (0% of total)

INFO 2019-11-01 16:57:05.481 UTC: 	 Log file is /afs/cern.ch/work/s/sthakur/xRavindra/MiniTree2017Data/CMSSW_10_4_0/src/ExLep2017Crab/crab/CrabMC_20191101/crab_ExLepMuMuZ_M3500_MC_20191101/crab.log
DEBUG 2019-11-03 17:56:41.044 UTC: 	 Running on: Linux lxplus737.cern.ch 3.10.0-1062.1.2.el7.x86_64 #1 SMP Mon Sep 30 14:19:46 UTC 2019 x86_64 x86_64 x86_64 GNU/Linux
Description:	CentOS Linux release 7.7.1908 (Core) 

DEBUG 2019-11-03 17:56:41.045 UTC: 	 Executing command: 'status'
DEBUG 2019-11-03 17:56:41.045 UTC: 	 Found CRAB cache file /afs/cern.ch/user/s/sthakur/.crab3
DEBUG 2019-11-03 17:56:41.071 UTC: 	 Checking credentials
DEBUG 2019-11-03 17:56:41.071 UTC: 	 Found proxy file /tmp/x509up_u77410
DEBUG 2019-11-03 17:56:41.071 UTC: 	 Getting proxy life time left
DEBUG 2019-11-03 17:56:41.880 UTC: 	 Executing : 
 command : voms-proxy-info -file /tmp/x509up_u77410 -timeleft
 output : 43005

 error: 
 retcode : 0
DEBUG 2019-11-03 17:56:42.587 UTC: 	 Executing : 
 command : voms-proxy-info -file /tmp/x509up_u77410 -actimeleft
 output : 43004

 error: 
 retcode : 0
DEBUG 2019-11-03 17:56:42.587 UTC: 	 Proxy lifetime 43005 secs is different from voms extension lifetime 43004 secs for proxy: /tmp/x509up_u77410
DEBUG 2019-11-03 17:56:42.587 UTC: 	 Proxy valid for 11:56:44 hours
DEBUG 2019-11-03 17:56:42.818 UTC: 	 Executing : 
 command : openssl x509 -in ~/.globus/usercert.pem -subject -noout
 output : subject= /DC=ch/DC=cern/OU=Organic Units/OU=Users/CN=sthakur/CN=764789/CN=Shalini Thakur

 error: 
 retcode : 0
DEBUG 2019-11-03 17:56:42.818 UTC: 	 Checking credentials
DEBUG 2019-11-03 17:56:42.818 UTC: 	 Found proxy file /tmp/x509up_u77410
DEBUG 2019-11-03 17:56:42.818 UTC: 	 Getting proxy life time left
DEBUG 2019-11-03 17:56:43.524 UTC: 	 Executing : 
 command : voms-proxy-info -file /tmp/x509up_u77410 -timeleft
 output : 43003

 error: 
 retcode : 0
DEBUG 2019-11-03 17:56:44.331 UTC: 	 Executing : 
 command : voms-proxy-info -file /tmp/x509up_u77410 -actimeleft
 output : 43002

 error: 
 retcode : 0
DEBUG 2019-11-03 17:56:44.331 UTC: 	 Proxy lifetime 43003 secs is different from voms extension lifetime 43002 secs for proxy: /tmp/x509up_u77410
DEBUG 2019-11-03 17:56:44.332 UTC: 	 Proxy valid for 11:56:42 hours
DEBUG 2019-11-03 17:56:44.455 UTC: 	 Registering user credentials for server /DC=ch/DC=cern/OU=computers/CN=vocms(052|058|030|0118|0105|0109).cern.ch|/DC=ch/DC=cern/OU=computers/CN=crab-(preprod|prod)-tw(02|01).cern.ch
DEBUG 2019-11-03 17:56:44.568 UTC: 	 Executing : 
 command : openssl x509 -in ~/.globus/usercert.pem -subject -noout
 output : subject= /DC=ch/DC=cern/OU=Organic Units/OU=Users/CN=sthakur/CN=764789/CN=Shalini Thakur

 error: 
 retcode : 0
DEBUG 2019-11-03 17:56:44.568 UTC: 	 Getting myproxy life time left for myproxy.cern.ch
DEBUG 2019-11-03 17:56:44.568 UTC: 	 Calculating hash of /DC=ch/DC=cern/OU=Organic Units/OU=Users/CN=sthakur/CN=764789/CN=Shalini Thakur_cmsweb.cern.ch for credential name
DEBUG 2019-11-03 17:56:44.874 UTC: 	 Executing : 
 command : myproxy-info -l 9cd94953387eeee7bf4da2b7588630639ea1153b -s myproxy.cern.ch
 output : username: 9cd94953387eeee7bf4da2b7588630639ea1153b
owner: /DC=ch/DC=cern/OU=Organic Units/OU=Users/CN=sthakur/CN=764789/CN=Shalini Thakur
  renewal policy: /DC=ch/DC=cern/OU=computers/CN=vocms(052|058|030|0118|0105|0109).cern.ch|/DC=ch/DC=cern/OU=computers/CN=crab-(preprod|prod)-tw(02|01).cern.ch
  trusted retrieval policy: /DC=ch/DC=cern/OU=computers/CN=vocms(052|058|030|0118|0105|0109).cern.ch|/DC=ch/DC=cern/OU=computers/CN=crab-(preprod|prod)-tw(02|01).cern.ch
  timeleft: 504:41:16  (21.0 days)

 error: 
 retcode : 0
DEBUG 2019-11-03 17:56:44.876 UTC: 	 Myproxy is valid: 1816876
DEBUG 2019-11-03 17:56:44.876 UTC: 	 Command use: status
DEBUG 2019-11-03 17:56:44.877 UTC: 	 Options use: ['--verboseErrors', 'CrabMC_20191101/crab_ExLepMuMuZ_M3500_MC_20191101']
DEBUG 2019-11-03 17:56:44.955 UTC: 	 CRABClient version: 3.3.1910.patch2
DEBUG 2019-11-03 17:56:44.955 UTC: 	 Instance is prod
DEBUG 2019-11-03 17:56:44.955 UTC: 	 Server base url is cmsweb.cern.ch
DEBUG 2019-11-03 17:56:44.955 UTC: 	 Command url /crabserver/prod/workflow
DEBUG 2019-11-03 17:56:45.036 UTC: 	 Got information from server oracle database: {u'result': [u'191101_121632:sthakur_crab_ExLepMuMuZ_M3500_MC_20191101', u'None', u'None', u'SUBMITTED', u'SUBMIT', u'2019-11-01 12:16:32.974224', u'None', u'2019-11-01 12:17:37.115342', u'None', u'CMSSW_10_4_0', u'slc7_amd64_gcc700', u'/ExcitedLepton_MuMuZ-3500_TuneCP5_13TeV-pythia8/RunIIFall17MiniAODv2-PU2017_12Apr2018_94X_mc2017_realistic_v14-v1/MINIAODSIM', u'T', u'0', u'[]', u'[]', u'FileBased', u"{'splitOnRun': False, 'halt_job_on_file_boundaries': False, 'files_per_job': 10, 'runs': [], 'lumis': []}", u'4a11f3c92bd9d198a5166e7d22ad468b4f285f7a25dc15893be2d8ea18e2dea8.tar.gz', u'https://cmsweb.cern.ch/crabcache', u'sthakur', u'/DC=ch/DC=cern/OU=Organic Units/OU=Users/CN=sthakur/CN=764789/CN=Shalini Thakur', u'cms', u'None', u'None', u'ExLepMuMuZ_M3500_MC_20191101-00000000000000000000000000000000', u'F', u'T2_IN_TIFR', u'https://cmsweb.cern.ch/dbs/prod/global/DBSReader', u'https://cmsweb.cern.ch/dbs/prod/phys03/DBSWriter', u'T', u'[]', u"['ExLepMuMuZ_M3500_MC_20191101_Ntuple.root']", u'[]', u'Analysis', u'pythia', u'None', u'{}', u'[]', u'F', u'crab-prod-tw01', u'[]', u'1250', u'1', u'2000', u'10', u'None', u'[]', u'http://vocms0121.cern.ch/mon/cms251/191101_121632:sthakur_crab_ExLepMuMuZ_M3500_MC_20191101', u'None', u'[]', u'[]', u'https://cmsweb.cern.ch/crabserver/prod', u'cmsgwms-collector-global.cern.ch:9620,cmssrv623.fnal.gov:9620', u'crab3@vocms0121.cern.ch', u'F', u'[]', u'T', u'/store/user/sthakur/ntuple_for2017MC_20191101/MC_20191101/ExLepMuMuZ_M3500_MC_20191101', u'F', u'None', u'F', u'None', u'ExcitedLepton_MuMuZ-3500_TuneCP5_13TeV-pythia8', u'None', u'ddb7049b63ce15bd7e8eac4a78cb14870091a3a256c762225cb7842bfa263d84.tar.gz', u'45910308', u'filetransfers', u'F', u'2001:1458:d00:2e::100:9b', u'0.0', u'None'], u'desc': {u'columns': [u'tm_taskname', u'tm_activity', u'panda_jobset_id', u'tm_task_status', u'tm_task_command', u'tm_start_time', u'tm_start_injection', u'tm_end_injection', u'tm_task_failure', u'tm_job_sw', u'tm_job_arch', u'tm_input_dataset', u'tm_nonvalid_input_dataset', u'tm_use_parent', u'tm_site_whitelist', u'tm_site_blacklist', u'tm_split_algo', u'tm_split_args', u'tm_user_sandbox', u'tm_cache_url', u'tm_username', u'tm_user_dn', u'tm_user_vo', u'tm_user_role', u'tm_user_group', u'tm_publish_name', u'tm_publish_groupname', u'tm_asyncdest', u'tm_dbs_url', u'tm_publish_dbs_url', u'tm_publication', u'tm_outfiles', u'tm_tfile_outfiles', u'tm_edm_outfiles', u'tm_job_type', u'tm_generator', u'tm_events_per_lumi', u'tm_arguments', u'panda_resubmitted_jobs', u'tm_save_logs', u'tw_name', u'tm_user_infiles', u'tm_maxjobruntime', u'tm_numcores', u'tm_maxmemory', u'tm_priority', u'tm_output_dataset', u'tm_task_warnings', u'tm_user_webdir', u'tm_scriptexe', u'tm_scriptargs', u'tm_extrajdl', u'tm_asourl', u'tm_collector', u'tm_schedd', u'tm_dry_run', u'tm_user_files', u'tm_transfer_outputs', u'tm_output_lfn', u'tm_ignore_locality', u'tm_fail_limit', u'tm_one_event_mode', u'tm_secondary_input_dataset', u'tm_primary_dataset', u'tm_last_publication', u'tm_debug_files', u'clusterid', u'tm_asodb', u'tm_ignore_global_blacklist', u'tm_submitter_ip_addr', u'tm_totalunits', u'tm_ddm_reqid']}}
INFO 2019-11-03 17:56:45.036 UTC: 	 CRAB project directory:		/afs/cern.ch/work/s/sthakur/xRavindra/MiniTree2017Data/CMSSW_10_4_0/src/ExLep2017Crab/crab/CrabMC_20191101/crab_ExLepMuMuZ_M3500_MC_20191101
INFO 2019-11-03 17:56:45.036 UTC: 	 Task name:			191101_121632:sthakur_crab_ExLepMuMuZ_M3500_MC_20191101
INFO 2019-11-03 17:56:45.036 UTC: 	 Grid scheduler - Task Worker:	crab3@vocms0121.cern.ch - crab-prod-tw01
INFO 2019-11-03 17:56:45.036 UTC: 	 Status on the CRAB server:	SUBMITTED
INFO 2019-11-03 17:56:45.037 UTC: 	 Task URL to use for HELP:	https://cmsweb.cern.ch/crabserver/ui/task/191101_121632%3Asthakur_crab_ExLepMuMuZ_M3500_MC_20191101
INFO 2019-11-03 17:56:45.037 UTC: 	 Dashboard monitoring URL:	https://monit-grafana.cern.ch/d/cmsTMDetail/cms-task-monitoring-task-view?orgId=11&var-user=sthakur&var-task=191101_121632%3Asthakur_crab_ExLepMuMuZ_M3500_MC_20191101
INFO 2019-11-03 17:56:45.037 UTC: 	 In case of issues with the dashboard, please provide feedback to hn-cms-computing-tools@cern.ch
DEBUG 2019-11-03 17:56:45.037 UTC: 	 The CRAB server submitted your task to the Grid scheduler (cluster ID: 45910308)
DEBUG 2019-11-03 17:56:45.037 UTC: 	 Webdir is located at http://vocms0121.cern.ch/mon/cms251/191101_121632:sthakur_crab_ExLepMuMuZ_M3500_MC_20191101
DEBUG 2019-11-03 17:56:45.110 UTC: 	 Proxied webdir is located at https://cmsweb.cern.ch/scheddmon/0121/cms251/191101_121632:sthakur_crab_ExLepMuMuZ_M3500_MC_20191101
DEBUG 2019-11-03 17:56:45.111 UTC: 	 Retrieving 'status_cache' file from https://cmsweb.cern.ch/scheddmon/0121/cms251/191101_121632:sthakur_crab_ExLepMuMuZ_M3500_MC_20191101/status_cache
DEBUG 2019-11-03 17:56:45.266 UTC: 	 Got information from status cache file: {'1': {'Retries': 0, 'WallDurations': [9.0, 4041.0], 'StartTimes': [1572610919.0], 'SubmitTimes': [1572610672.0], 'JobIds': ['45910310.0'], 'EndTimes': [1572614960.0], 'Restarts': 0, 'RecordedSite': True, 'State': 'finished', 'ResidentSetSize': [746828], 'TotalUserCpuTimeHistory': [1523], 'SiteHistory': ['Unknown', 'T2_US_Caltech'], 'TotalSysCpuTimeHistory': [56]}, '2': {'Retries': 0, 'WallDurations': [9.0, 181.0], 'StartTimes': [1572610920.0], 'SubmitTimes': [1572610672.0], 'JobIds': ['45910311.0'], 'EndTimes': [1572611101.0], 'Restarts': 0, 'RecordedSite': True, 'State': 'finished', 'ResidentSetSize': [37004], 'TotalUserCpuTimeHistory': [122], 'SiteHistory': ['Unknown', 'T2_US_Florida'], 'TotalSysCpuTimeHistory': [2]}}
INFO 2019-11-03 17:56:45.266 UTC: 	 Status on the scheduler:	COMPLETED
INFO 2019-11-03 17:56:45.266 UTC: 	 
Jobs status:                    finished     		100.0% (2/2)
INFO 2019-11-03 17:56:45.398 UTC: 	 
No publication information available yet
INFO 2019-11-03 17:56:45.398 UTC: 	 
Warning: the max jobs runtime is less than 30% of the task requested value (1250 min), please consider to request a lower value for failed jobs (allowed through crab resubmit) and/or improve the jobs splitting (e.g. config.Data.splitting = 'Automatic') in a new task.
INFO 2019-11-03 17:56:45.398 UTC: 	 
Warning: the average jobs CPU efficiency is less than 50%, please consider to improve the jobs splitting (e.g. config.Data.splitting = 'Automatic') in a new task
INFO 2019-11-03 17:56:45.398 UTC: 	 
Summary of run jobs:
 * Memory: 36MB min, 729MB max, 383MB ave
 * Runtime: 0:03:01 min, 1:07:21 max, 0:35:11 ave
 * CPU eff: 39% min, 69% max, 40% ave
 * Waste: 0:00:18 (0% of total)

INFO 2019-11-03 17:56:45.418 UTC: 	 Log file is /afs/cern.ch/work/s/sthakur/xRavindra/MiniTree2017Data/CMSSW_10_4_0/src/ExLep2017Crab/crab/CrabMC_20191101/crab_ExLepMuMuZ_M3500_MC_20191101/crab.log
DEBUG 2019-11-03 18:02:34.162 UTC: 	 Running on: Linux lxplus737.cern.ch 3.10.0-1062.1.2.el7.x86_64 #1 SMP Mon Sep 30 14:19:46 UTC 2019 x86_64 x86_64 x86_64 GNU/Linux
Description:	CentOS Linux release 7.7.1908 (Core) 

DEBUG 2019-11-03 18:02:34.163 UTC: 	 Executing command: 'resubmit'
DEBUG 2019-11-03 18:02:34.163 UTC: 	 Found CRAB cache file /afs/cern.ch/user/s/sthakur/.crab3
DEBUG 2019-11-03 18:02:34.172 UTC: 	 Checking credentials
DEBUG 2019-11-03 18:02:34.173 UTC: 	 Found proxy file /tmp/x509up_u77410
DEBUG 2019-11-03 18:02:34.173 UTC: 	 Getting proxy life time left
DEBUG 2019-11-03 18:02:34.879 UTC: 	 Executing : 
 command : voms-proxy-info -file /tmp/x509up_u77410 -timeleft
 output : 42652

 error: 
 retcode : 0
DEBUG 2019-11-03 18:02:35.586 UTC: 	 Executing : 
 command : voms-proxy-info -file /tmp/x509up_u77410 -actimeleft
 output : 42651

 error: 
 retcode : 0
DEBUG 2019-11-03 18:02:35.586 UTC: 	 Proxy lifetime 42652 secs is different from voms extension lifetime 42651 secs for proxy: /tmp/x509up_u77410
DEBUG 2019-11-03 18:02:35.586 UTC: 	 Proxy valid for 11:50:51 hours
DEBUG 2019-11-03 18:02:35.700 UTC: 	 Executing : 
 command : openssl x509 -in ~/.globus/usercert.pem -subject -noout
 output : subject= /DC=ch/DC=cern/OU=Organic Units/OU=Users/CN=sthakur/CN=764789/CN=Shalini Thakur

 error: 
 retcode : 0
DEBUG 2019-11-03 18:02:35.700 UTC: 	 Checking credentials
DEBUG 2019-11-03 18:02:35.700 UTC: 	 Found proxy file /tmp/x509up_u77410
DEBUG 2019-11-03 18:02:35.700 UTC: 	 Getting proxy life time left
DEBUG 2019-11-03 18:02:36.507 UTC: 	 Executing : 
 command : voms-proxy-info -file /tmp/x509up_u77410 -timeleft
 output : 42650

 error: 
 retcode : 0
DEBUG 2019-11-03 18:02:37.214 UTC: 	 Executing : 
 command : voms-proxy-info -file /tmp/x509up_u77410 -actimeleft
 output : 42649

 error: 
 retcode : 0
DEBUG 2019-11-03 18:02:37.214 UTC: 	 Proxy lifetime 42650 secs is different from voms extension lifetime 42649 secs for proxy: /tmp/x509up_u77410
DEBUG 2019-11-03 18:02:37.215 UTC: 	 Proxy valid for 11:50:49 hours
DEBUG 2019-11-03 18:02:37.318 UTC: 	 Registering user credentials for server /DC=ch/DC=cern/OU=computers/CN=vocms(052|058|030|0118|0105|0109).cern.ch|/DC=ch/DC=cern/OU=computers/CN=crab-(preprod|prod)-tw(02|01).cern.ch
DEBUG 2019-11-03 18:02:37.431 UTC: 	 Executing : 
 command : openssl x509 -in ~/.globus/usercert.pem -subject -noout
 output : subject= /DC=ch/DC=cern/OU=Organic Units/OU=Users/CN=sthakur/CN=764789/CN=Shalini Thakur

 error: 
 retcode : 0
DEBUG 2019-11-03 18:02:37.431 UTC: 	 Getting myproxy life time left for myproxy.cern.ch
DEBUG 2019-11-03 18:02:37.431 UTC: 	 Calculating hash of /DC=ch/DC=cern/OU=Organic Units/OU=Users/CN=sthakur/CN=764789/CN=Shalini Thakur_cmsweb.cern.ch for credential name
DEBUG 2019-11-03 18:02:37.837 UTC: 	 Executing : 
 command : myproxy-info -l 9cd94953387eeee7bf4da2b7588630639ea1153b -s myproxy.cern.ch
 output : username: 9cd94953387eeee7bf4da2b7588630639ea1153b
owner: /DC=ch/DC=cern/OU=Organic Units/OU=Users/CN=sthakur/CN=764789/CN=Shalini Thakur
  renewal policy: /DC=ch/DC=cern/OU=computers/CN=vocms(052|058|030|0118|0105|0109).cern.ch|/DC=ch/DC=cern/OU=computers/CN=crab-(preprod|prod)-tw(02|01).cern.ch
  trusted retrieval policy: /DC=ch/DC=cern/OU=computers/CN=vocms(052|058|030|0118|0105|0109).cern.ch|/DC=ch/DC=cern/OU=computers/CN=crab-(preprod|prod)-tw(02|01).cern.ch
  timeleft: 504:35:23  (21.0 days)

 error: 
 retcode : 0
DEBUG 2019-11-03 18:02:37.838 UTC: 	 Myproxy is valid: 1816523
DEBUG 2019-11-03 18:02:37.944 UTC: 	 Command use: resubmit
DEBUG 2019-11-03 18:02:37.945 UTC: 	 Options use: ['CrabMC_20191101/crab_ExLepMuMuZ_M3500_MC_20191101']
DEBUG 2019-11-03 18:02:38.052 UTC: 	 CRABClient version: 3.3.1910.patch2
DEBUG 2019-11-03 18:02:38.052 UTC: 	 Instance is prod
DEBUG 2019-11-03 18:02:38.052 UTC: 	 Server base url is cmsweb.cern.ch
DEBUG 2019-11-03 18:02:38.052 UTC: 	 Command url /crabserver/prod/workflow
DEBUG 2019-11-03 18:02:38.089 UTC: 	 Running on: Linux lxplus737.cern.ch 3.10.0-1062.1.2.el7.x86_64 #1 SMP Mon Sep 30 14:19:46 UTC 2019 x86_64 x86_64 x86_64 GNU/Linux
Description:	CentOS Linux release 7.7.1908 (Core) 

DEBUG 2019-11-03 18:02:38.089 UTC: 	 Executing command: 'status'
DEBUG 2019-11-03 18:02:38.089 UTC: 	 Found CRAB cache file /afs/cern.ch/user/s/sthakur/.crab3
DEBUG 2019-11-03 18:02:38.098 UTC: 	 Checking credentials
DEBUG 2019-11-03 18:02:38.098 UTC: 	 Found proxy file /tmp/x509up_u77410
DEBUG 2019-11-03 18:02:38.099 UTC: 	 Getting proxy life time left
DEBUG 2019-11-03 18:02:38.910 UTC: 	 Executing : 
 command : voms-proxy-info -file /tmp/x509up_u77410 -timeleft
 output : 42648

 error: 
 retcode : 0
DEBUG 2019-11-03 18:02:39.617 UTC: 	 Executing : 
 command : voms-proxy-info -file /tmp/x509up_u77410 -actimeleft
 output : 42647

 error: 
 retcode : 0
DEBUG 2019-11-03 18:02:39.617 UTC: 	 Proxy lifetime 42648 secs is different from voms extension lifetime 42647 secs for proxy: /tmp/x509up_u77410
DEBUG 2019-11-03 18:02:39.617 UTC: 	 Proxy valid for 11:50:47 hours
DEBUG 2019-11-03 18:02:39.817 UTC: 	 Executing : 
 command : openssl x509 -in ~/.globus/usercert.pem -subject -noout
 output : subject= /DC=ch/DC=cern/OU=Organic Units/OU=Users/CN=sthakur/CN=764789/CN=Shalini Thakur

 error: 
 retcode : 0
DEBUG 2019-11-03 18:02:39.818 UTC: 	 Checking credentials
DEBUG 2019-11-03 18:02:39.818 UTC: 	 Found proxy file /tmp/x509up_u77410
DEBUG 2019-11-03 18:02:39.818 UTC: 	 Getting proxy life time left
DEBUG 2019-11-03 18:02:40.524 UTC: 	 Executing : 
 command : voms-proxy-info -file /tmp/x509up_u77410 -timeleft
 output : 42646

 error: 
 retcode : 0
DEBUG 2019-11-03 18:02:41.234 UTC: 	 Executing : 
 command : voms-proxy-info -file /tmp/x509up_u77410 -actimeleft
 output : 42645

 error: 
 retcode : 0
DEBUG 2019-11-03 18:02:41.234 UTC: 	 Proxy lifetime 42646 secs is different from voms extension lifetime 42645 secs for proxy: /tmp/x509up_u77410
DEBUG 2019-11-03 18:02:41.234 UTC: 	 Proxy valid for 11:50:45 hours
DEBUG 2019-11-03 18:02:41.361 UTC: 	 Registering user credentials for server /DC=ch/DC=cern/OU=computers/CN=vocms(052|058|030|0118|0105|0109).cern.ch|/DC=ch/DC=cern/OU=computers/CN=crab-(preprod|prod)-tw(02|01).cern.ch
DEBUG 2019-11-03 18:02:41.473 UTC: 	 Executing : 
 command : openssl x509 -in ~/.globus/usercert.pem -subject -noout
 output : subject= /DC=ch/DC=cern/OU=Organic Units/OU=Users/CN=sthakur/CN=764789/CN=Shalini Thakur

 error: 
 retcode : 0
DEBUG 2019-11-03 18:02:41.473 UTC: 	 Getting myproxy life time left for myproxy.cern.ch
DEBUG 2019-11-03 18:02:41.473 UTC: 	 Calculating hash of /DC=ch/DC=cern/OU=Organic Units/OU=Users/CN=sthakur/CN=764789/CN=Shalini Thakur_cmsweb.cern.ch for credential name
DEBUG 2019-11-03 18:02:41.879 UTC: 	 Executing : 
 command : myproxy-info -l 9cd94953387eeee7bf4da2b7588630639ea1153b -s myproxy.cern.ch
 output : username: 9cd94953387eeee7bf4da2b7588630639ea1153b
owner: /DC=ch/DC=cern/OU=Organic Units/OU=Users/CN=sthakur/CN=764789/CN=Shalini Thakur
  renewal policy: /DC=ch/DC=cern/OU=computers/CN=vocms(052|058|030|0118|0105|0109).cern.ch|/DC=ch/DC=cern/OU=computers/CN=crab-(preprod|prod)-tw(02|01).cern.ch
  trusted retrieval policy: /DC=ch/DC=cern/OU=computers/CN=vocms(052|058|030|0118|0105|0109).cern.ch|/DC=ch/DC=cern/OU=computers/CN=crab-(preprod|prod)-tw(02|01).cern.ch
  timeleft: 504:35:19  (21.0 days)

 error: 
 retcode : 0
DEBUG 2019-11-03 18:02:41.880 UTC: 	 Myproxy is valid: 1816519
DEBUG 2019-11-03 18:02:41.881 UTC: 	 Command use: status
DEBUG 2019-11-03 18:02:41.881 UTC: 	 Options use: []
DEBUG 2019-11-03 18:02:41.977 UTC: 	 CRABClient version: 3.3.1910.patch2
DEBUG 2019-11-03 18:02:41.977 UTC: 	 Instance is prod
DEBUG 2019-11-03 18:02:41.977 UTC: 	 Server base url is cmsweb.cern.ch
DEBUG 2019-11-03 18:02:41.977 UTC: 	 Command url /crabserver/prod/workflow
DEBUG 2019-11-03 18:02:42.068 UTC: 	 Got information from server oracle database: {u'result': [u'191101_121632:sthakur_crab_ExLepMuMuZ_M3500_MC_20191101', u'None', u'None', u'SUBMITTED', u'SUBMIT', u'2019-11-01 12:16:32.974224', u'None', u'2019-11-01 12:17:37.115342', u'None', u'CMSSW_10_4_0', u'slc7_amd64_gcc700', u'/ExcitedLepton_MuMuZ-3500_TuneCP5_13TeV-pythia8/RunIIFall17MiniAODv2-PU2017_12Apr2018_94X_mc2017_realistic_v14-v1/MINIAODSIM', u'T', u'0', u'[]', u'[]', u'FileBased', u"{'splitOnRun': False, 'halt_job_on_file_boundaries': False, 'files_per_job': 10, 'runs': [], 'lumis': []}", u'4a11f3c92bd9d198a5166e7d22ad468b4f285f7a25dc15893be2d8ea18e2dea8.tar.gz', u'https://cmsweb.cern.ch/crabcache', u'sthakur', u'/DC=ch/DC=cern/OU=Organic Units/OU=Users/CN=sthakur/CN=764789/CN=Shalini Thakur', u'cms', u'None', u'None', u'ExLepMuMuZ_M3500_MC_20191101-00000000000000000000000000000000', u'F', u'T2_IN_TIFR', u'https://cmsweb.cern.ch/dbs/prod/global/DBSReader', u'https://cmsweb.cern.ch/dbs/prod/phys03/DBSWriter', u'T', u'[]', u"['ExLepMuMuZ_M3500_MC_20191101_Ntuple.root']", u'[]', u'Analysis', u'pythia', u'None', u'{}', u'[]', u'F', u'crab-prod-tw01', u'[]', u'1250', u'1', u'2000', u'10', u'None', u'[]', u'http://vocms0121.cern.ch/mon/cms251/191101_121632:sthakur_crab_ExLepMuMuZ_M3500_MC_20191101', u'None', u'[]', u'[]', u'https://cmsweb.cern.ch/crabserver/prod', u'cmsgwms-collector-global.cern.ch:9620,cmssrv623.fnal.gov:9620', u'crab3@vocms0121.cern.ch', u'F', u'[]', u'T', u'/store/user/sthakur/ntuple_for2017MC_20191101/MC_20191101/ExLepMuMuZ_M3500_MC_20191101', u'F', u'None', u'F', u'None', u'ExcitedLepton_MuMuZ-3500_TuneCP5_13TeV-pythia8', u'None', u'ddb7049b63ce15bd7e8eac4a78cb14870091a3a256c762225cb7842bfa263d84.tar.gz', u'45910308', u'filetransfers', u'F', u'2001:1458:d00:2e::100:9b', u'0.0', u'None'], u'desc': {u'columns': [u'tm_taskname', u'tm_activity', u'panda_jobset_id', u'tm_task_status', u'tm_task_command', u'tm_start_time', u'tm_start_injection', u'tm_end_injection', u'tm_task_failure', u'tm_job_sw', u'tm_job_arch', u'tm_input_dataset', u'tm_nonvalid_input_dataset', u'tm_use_parent', u'tm_site_whitelist', u'tm_site_blacklist', u'tm_split_algo', u'tm_split_args', u'tm_user_sandbox', u'tm_cache_url', u'tm_username', u'tm_user_dn', u'tm_user_vo', u'tm_user_role', u'tm_user_group', u'tm_publish_name', u'tm_publish_groupname', u'tm_asyncdest', u'tm_dbs_url', u'tm_publish_dbs_url', u'tm_publication', u'tm_outfiles', u'tm_tfile_outfiles', u'tm_edm_outfiles', u'tm_job_type', u'tm_generator', u'tm_events_per_lumi', u'tm_arguments', u'panda_resubmitted_jobs', u'tm_save_logs', u'tw_name', u'tm_user_infiles', u'tm_maxjobruntime', u'tm_numcores', u'tm_maxmemory', u'tm_priority', u'tm_output_dataset', u'tm_task_warnings', u'tm_user_webdir', u'tm_scriptexe', u'tm_scriptargs', u'tm_extrajdl', u'tm_asourl', u'tm_collector', u'tm_schedd', u'tm_dry_run', u'tm_user_files', u'tm_transfer_outputs', u'tm_output_lfn', u'tm_ignore_locality', u'tm_fail_limit', u'tm_one_event_mode', u'tm_secondary_input_dataset', u'tm_primary_dataset', u'tm_last_publication', u'tm_debug_files', u'clusterid', u'tm_asodb', u'tm_ignore_global_blacklist', u'tm_submitter_ip_addr', u'tm_totalunits', u'tm_ddm_reqid']}}
INFO 2019-11-03 18:02:42.069 UTC: 	 CRAB project directory:		/afs/cern.ch/work/s/sthakur/xRavindra/MiniTree2017Data/CMSSW_10_4_0/src/ExLep2017Crab/crab/CrabMC_20191101/crab_ExLepMuMuZ_M3500_MC_20191101
INFO 2019-11-03 18:02:42.069 UTC: 	 Task name:			191101_121632:sthakur_crab_ExLepMuMuZ_M3500_MC_20191101
INFO 2019-11-03 18:02:42.069 UTC: 	 Grid scheduler - Task Worker:	crab3@vocms0121.cern.ch - crab-prod-tw01
INFO 2019-11-03 18:02:42.069 UTC: 	 Status on the CRAB server:	SUBMITTED
INFO 2019-11-03 18:02:42.069 UTC: 	 Task URL to use for HELP:	https://cmsweb.cern.ch/crabserver/ui/task/191101_121632%3Asthakur_crab_ExLepMuMuZ_M3500_MC_20191101
INFO 2019-11-03 18:02:42.069 UTC: 	 Dashboard monitoring URL:	https://monit-grafana.cern.ch/d/cmsTMDetail/cms-task-monitoring-task-view?orgId=11&var-user=sthakur&var-task=191101_121632%3Asthakur_crab_ExLepMuMuZ_M3500_MC_20191101
INFO 2019-11-03 18:02:42.069 UTC: 	 In case of issues with the dashboard, please provide feedback to hn-cms-computing-tools@cern.ch
DEBUG 2019-11-03 18:02:42.069 UTC: 	 The CRAB server submitted your task to the Grid scheduler (cluster ID: 45910308)
DEBUG 2019-11-03 18:02:42.069 UTC: 	 Webdir is located at http://vocms0121.cern.ch/mon/cms251/191101_121632:sthakur_crab_ExLepMuMuZ_M3500_MC_20191101
DEBUG 2019-11-03 18:02:42.170 UTC: 	 Proxied webdir is located at https://cmsweb.cern.ch/scheddmon/0121/cms251/191101_121632:sthakur_crab_ExLepMuMuZ_M3500_MC_20191101
DEBUG 2019-11-03 18:02:42.170 UTC: 	 Retrieving 'status_cache' file from https://cmsweb.cern.ch/scheddmon/0121/cms251/191101_121632:sthakur_crab_ExLepMuMuZ_M3500_MC_20191101/status_cache
DEBUG 2019-11-03 18:02:42.223 UTC: 	 Got information from status cache file: {'1': {'Retries': 0, 'WallDurations': [9.0, 4041.0], 'StartTimes': [1572610919.0], 'SubmitTimes': [1572610672.0], 'JobIds': ['45910310.0'], 'EndTimes': [1572614960.0], 'Restarts': 0, 'RecordedSite': True, 'State': 'finished', 'ResidentSetSize': [746828], 'TotalUserCpuTimeHistory': [1523], 'SiteHistory': ['Unknown', 'T2_US_Caltech'], 'TotalSysCpuTimeHistory': [56]}, '2': {'Retries': 0, 'WallDurations': [9.0, 181.0], 'StartTimes': [1572610920.0], 'SubmitTimes': [1572610672.0], 'JobIds': ['45910311.0'], 'EndTimes': [1572611101.0], 'Restarts': 0, 'RecordedSite': True, 'State': 'finished', 'ResidentSetSize': [37004], 'TotalUserCpuTimeHistory': [122], 'SiteHistory': ['Unknown', 'T2_US_Florida'], 'TotalSysCpuTimeHistory': [2]}}
INFO 2019-11-03 18:02:42.224 UTC: 	 Status on the scheduler:	COMPLETED
INFO 2019-11-03 18:02:42.224 UTC: 	 
Jobs status:                    finished     		100.0% (2/2)
INFO 2019-11-03 18:02:42.301 UTC: 	 
No publication information available yet
INFO 2019-11-03 18:02:42.301 UTC: 	 
Warning: the max jobs runtime is less than 30% of the task requested value (1250 min), please consider to request a lower value for failed jobs (allowed through crab resubmit) and/or improve the jobs splitting (e.g. config.Data.splitting = 'Automatic') in a new task.
INFO 2019-11-03 18:02:42.301 UTC: 	 
Warning: the average jobs CPU efficiency is less than 50%, please consider to improve the jobs splitting (e.g. config.Data.splitting = 'Automatic') in a new task
INFO 2019-11-03 18:02:42.301 UTC: 	 
Summary of run jobs:
 * Memory: 36MB min, 729MB max, 383MB ave
 * Runtime: 0:03:01 min, 1:07:21 max, 0:35:11 ave
 * CPU eff: 39% min, 69% max, 40% ave
 * Waste: 0:00:18 (0% of total)

DEBUG 2019-11-03 18:02:42.305 UTC: 	 Requesting resubmission of failed jobs in task 191101_121632:sthakur_crab_ExLepMuMuZ_M3500_MC_20191101
ERROR 2019-11-03 18:02:42.305 UTC: 	 Found no jobs to resubmit. Only jobs in status failed can be resubmitted. Jobs in status finished can also be resubmitted, but only if the jobids are specified and the force option is set.
ERROR 2019-11-03 18:02:42.305 UTC: 	 Caught exception
Traceback (most recent call last):
  File "/cvmfs/cms.cern.ch/crab3/slc6_amd64_gcc493/cms/crabclient/3.3.1910.patch2/bin/crab", line 160, in <module>
    client()
  File "/cvmfs/cms.cern.ch/crab3/slc6_amd64_gcc493/cms/crabclient/3.3.1910.patch2/bin/crab", line 147, in __call__
    self.cmd()
  File "/cvmfs/cms.cern.ch/crab3/slc6_amd64_gcc493/cms/crabclient/3.3.1910.patch2/lib/python2.7/site-packages/CRABClient/Commands/resubmit.py", line 63, in __call__
    self.jobids = self.processJobIds(jobList)
  File "/cvmfs/cms.cern.ch/crab3/slc6_amd64_gcc493/cms/crabclient/3.3.1910.patch2/lib/python2.7/site-packages/CRABClient/Commands/resubmit.py", line 172, in processJobIds
    raise ConfigurationException(msg)
ConfigurationException: Found no jobs to resubmit. Only jobs in status failed can be resubmitted. Jobs in status finished can also be resubmitted, but only if the jobids are specified and the force option is set.
DEBUG 2019-11-04 17:52:46.563 UTC: 	 Running on: Linux lxplus794.cern.ch 3.10.0-1062.4.1.el7.x86_64 #1 SMP Fri Oct 18 17:15:30 UTC 2019 x86_64 x86_64 x86_64 GNU/Linux
Description:	CentOS Linux release 7.7.1908 (Core) 

DEBUG 2019-11-04 17:52:46.563 UTC: 	 Executing command: 'status'
DEBUG 2019-11-04 17:52:46.563 UTC: 	 Found CRAB cache file /afs/cern.ch/user/s/sthakur/.crab3
DEBUG 2019-11-04 17:52:46.575 UTC: 	 Checking credentials
DEBUG 2019-11-04 17:52:46.575 UTC: 	 Found proxy file /tmp/x509up_u77410
DEBUG 2019-11-04 17:52:46.575 UTC: 	 Getting proxy life time left
DEBUG 2019-11-04 17:52:47.182 UTC: 	 Executing : 
 command : voms-proxy-info -file /tmp/x509up_u77410 -timeleft
 output : 43022

 error: 
 retcode : 0
DEBUG 2019-11-04 17:52:47.788 UTC: 	 Executing : 
 command : voms-proxy-info -file /tmp/x509up_u77410 -actimeleft
 output : 43022

 error: 
 retcode : 0
DEBUG 2019-11-04 17:52:47.788 UTC: 	 Proxy valid for 11:57:02 hours
DEBUG 2019-11-04 17:52:48.095 UTC: 	 Executing : 
 command : openssl x509 -in ~/.globus/usercert.pem -subject -noout
 output : subject= /DC=ch/DC=cern/OU=Organic Units/OU=Users/CN=sthakur/CN=764789/CN=Shalini Thakur

 error: 
 retcode : 0
DEBUG 2019-11-04 17:52:48.095 UTC: 	 Checking credentials
DEBUG 2019-11-04 17:52:48.095 UTC: 	 Found proxy file /tmp/x509up_u77410
DEBUG 2019-11-04 17:52:48.095 UTC: 	 Getting proxy life time left
DEBUG 2019-11-04 17:52:48.700 UTC: 	 Executing : 
 command : voms-proxy-info -file /tmp/x509up_u77410 -timeleft
 output : 43021

 error: 
 retcode : 0
DEBUG 2019-11-04 17:52:49.306 UTC: 	 Executing : 
 command : voms-proxy-info -file /tmp/x509up_u77410 -actimeleft
 output : 43020

 error: 
 retcode : 0
DEBUG 2019-11-04 17:52:49.307 UTC: 	 Proxy lifetime 43021 secs is different from voms extension lifetime 43020 secs for proxy: /tmp/x509up_u77410
DEBUG 2019-11-04 17:52:49.307 UTC: 	 Proxy valid for 11:57:00 hours
DEBUG 2019-11-04 17:52:49.383 UTC: 	 Registering user credentials for server /DC=ch/DC=cern/OU=computers/CN=vocms(052|058|030|0118|0105|0109).cern.ch|/DC=ch/DC=cern/OU=computers/CN=crab-(preprod|prod)-tw(02|01).cern.ch
DEBUG 2019-11-04 17:52:49.493 UTC: 	 Executing : 
 command : openssl x509 -in ~/.globus/usercert.pem -subject -noout
 output : subject= /DC=ch/DC=cern/OU=Organic Units/OU=Users/CN=sthakur/CN=764789/CN=Shalini Thakur

 error: 
 retcode : 0
DEBUG 2019-11-04 17:52:49.493 UTC: 	 Getting myproxy life time left for myproxy.cern.ch
DEBUG 2019-11-04 17:52:49.493 UTC: 	 Calculating hash of /DC=ch/DC=cern/OU=Organic Units/OU=Users/CN=sthakur/CN=764789/CN=Shalini Thakur_cmsweb.cern.ch for credential name
DEBUG 2019-11-04 17:52:49.698 UTC: 	 Executing : 
 command : myproxy-info -l 9cd94953387eeee7bf4da2b7588630639ea1153b -s myproxy.cern.ch
 output : username: 9cd94953387eeee7bf4da2b7588630639ea1153b
owner: /DC=ch/DC=cern/OU=Organic Units/OU=Users/CN=sthakur/CN=764789/CN=Shalini Thakur
  renewal policy: /DC=ch/DC=cern/OU=computers/CN=vocms(052|058|030|0118|0105|0109).cern.ch|/DC=ch/DC=cern/OU=computers/CN=crab-(preprod|prod)-tw(02|01).cern.ch
  trusted retrieval policy: /DC=ch/DC=cern/OU=computers/CN=vocms(052|058|030|0118|0105|0109).cern.ch|/DC=ch/DC=cern/OU=computers/CN=crab-(preprod|prod)-tw(02|01).cern.ch
  timeleft: 480:45:11  (20.0 days)

 error: 
 retcode : 0
DEBUG 2019-11-04 17:52:49.699 UTC: 	 Myproxy is valid: 1730711
DEBUG 2019-11-04 17:52:49.700 UTC: 	 Command use: status
DEBUG 2019-11-04 17:52:49.700 UTC: 	 Options use: ['--verboseErrors', 'CrabMC_20191101/crab_ExLepMuMuZ_M3500_MC_20191101']
DEBUG 2019-11-04 17:52:49.786 UTC: 	 CRABClient version: 3.3.1910.patch2
DEBUG 2019-11-04 17:52:49.786 UTC: 	 Instance is prod
DEBUG 2019-11-04 17:52:49.786 UTC: 	 Server base url is cmsweb.cern.ch
DEBUG 2019-11-04 17:52:49.786 UTC: 	 Command url /crabserver/prod/workflow
DEBUG 2019-11-04 17:52:50.073 UTC: 	 Got information from server oracle database: {u'result': [u'191101_121632:sthakur_crab_ExLepMuMuZ_M3500_MC_20191101', u'None', u'None', u'SUBMITTED', u'SUBMIT', u'2019-11-01 12:16:32.974224', u'None', u'2019-11-01 12:17:37.115342', u'None', u'CMSSW_10_4_0', u'slc7_amd64_gcc700', u'/ExcitedLepton_MuMuZ-3500_TuneCP5_13TeV-pythia8/RunIIFall17MiniAODv2-PU2017_12Apr2018_94X_mc2017_realistic_v14-v1/MINIAODSIM', u'T', u'0', u'[]', u'[]', u'FileBased', u"{'splitOnRun': False, 'halt_job_on_file_boundaries': False, 'files_per_job': 10, 'runs': [], 'lumis': []}", u'4a11f3c92bd9d198a5166e7d22ad468b4f285f7a25dc15893be2d8ea18e2dea8.tar.gz', u'https://cmsweb.cern.ch/crabcache', u'sthakur', u'/DC=ch/DC=cern/OU=Organic Units/OU=Users/CN=sthakur/CN=764789/CN=Shalini Thakur', u'cms', u'None', u'None', u'ExLepMuMuZ_M3500_MC_20191101-00000000000000000000000000000000', u'F', u'T2_IN_TIFR', u'https://cmsweb.cern.ch/dbs/prod/global/DBSReader', u'https://cmsweb.cern.ch/dbs/prod/phys03/DBSWriter', u'T', u'[]', u"['ExLepMuMuZ_M3500_MC_20191101_Ntuple.root']", u'[]', u'Analysis', u'pythia', u'None', u'{}', u'[]', u'F', u'crab-prod-tw01', u'[]', u'1250', u'1', u'2000', u'10', u'None', u'[]', u'http://vocms0121.cern.ch/mon/cms251/191101_121632:sthakur_crab_ExLepMuMuZ_M3500_MC_20191101', u'None', u'[]', u'[]', u'https://cmsweb.cern.ch/crabserver/prod', u'cmsgwms-collector-global.cern.ch:9620,cmssrv623.fnal.gov:9620', u'crab3@vocms0121.cern.ch', u'F', u'[]', u'T', u'/store/user/sthakur/ntuple_for2017MC_20191101/MC_20191101/ExLepMuMuZ_M3500_MC_20191101', u'F', u'None', u'F', u'None', u'ExcitedLepton_MuMuZ-3500_TuneCP5_13TeV-pythia8', u'None', u'ddb7049b63ce15bd7e8eac4a78cb14870091a3a256c762225cb7842bfa263d84.tar.gz', u'45910308', u'filetransfers', u'F', u'2001:1458:d00:2e::100:9b', u'0.0', u'None'], u'desc': {u'columns': [u'tm_taskname', u'tm_activity', u'panda_jobset_id', u'tm_task_status', u'tm_task_command', u'tm_start_time', u'tm_start_injection', u'tm_end_injection', u'tm_task_failure', u'tm_job_sw', u'tm_job_arch', u'tm_input_dataset', u'tm_nonvalid_input_dataset', u'tm_use_parent', u'tm_site_whitelist', u'tm_site_blacklist', u'tm_split_algo', u'tm_split_args', u'tm_user_sandbox', u'tm_cache_url', u'tm_username', u'tm_user_dn', u'tm_user_vo', u'tm_user_role', u'tm_user_group', u'tm_publish_name', u'tm_publish_groupname', u'tm_asyncdest', u'tm_dbs_url', u'tm_publish_dbs_url', u'tm_publication', u'tm_outfiles', u'tm_tfile_outfiles', u'tm_edm_outfiles', u'tm_job_type', u'tm_generator', u'tm_events_per_lumi', u'tm_arguments', u'panda_resubmitted_jobs', u'tm_save_logs', u'tw_name', u'tm_user_infiles', u'tm_maxjobruntime', u'tm_numcores', u'tm_maxmemory', u'tm_priority', u'tm_output_dataset', u'tm_task_warnings', u'tm_user_webdir', u'tm_scriptexe', u'tm_scriptargs', u'tm_extrajdl', u'tm_asourl', u'tm_collector', u'tm_schedd', u'tm_dry_run', u'tm_user_files', u'tm_transfer_outputs', u'tm_output_lfn', u'tm_ignore_locality', u'tm_fail_limit', u'tm_one_event_mode', u'tm_secondary_input_dataset', u'tm_primary_dataset', u'tm_last_publication', u'tm_debug_files', u'clusterid', u'tm_asodb', u'tm_ignore_global_blacklist', u'tm_submitter_ip_addr', u'tm_totalunits', u'tm_ddm_reqid']}}
INFO 2019-11-04 17:52:50.073 UTC: 	 CRAB project directory:		/afs/cern.ch/work/s/sthakur/xRavindra/MiniTree2017Data/CMSSW_10_4_0/src/ExLep2017Crab/crab/CrabMC_20191101/crab_ExLepMuMuZ_M3500_MC_20191101
INFO 2019-11-04 17:52:50.075 UTC: 	 Task name:			191101_121632:sthakur_crab_ExLepMuMuZ_M3500_MC_20191101
INFO 2019-11-04 17:52:50.075 UTC: 	 Grid scheduler - Task Worker:	crab3@vocms0121.cern.ch - crab-prod-tw01
INFO 2019-11-04 17:52:50.075 UTC: 	 Status on the CRAB server:	SUBMITTED
INFO 2019-11-04 17:52:50.075 UTC: 	 Task URL to use for HELP:	https://cmsweb.cern.ch/crabserver/ui/task/191101_121632%3Asthakur_crab_ExLepMuMuZ_M3500_MC_20191101
INFO 2019-11-04 17:52:50.076 UTC: 	 Dashboard monitoring URL:	https://monit-grafana.cern.ch/d/cmsTMDetail/cms-task-monitoring-task-view?orgId=11&var-user=sthakur&var-task=191101_121632%3Asthakur_crab_ExLepMuMuZ_M3500_MC_20191101
INFO 2019-11-04 17:52:50.076 UTC: 	 In case of issues with the dashboard, please provide feedback to hn-cms-computing-tools@cern.ch
DEBUG 2019-11-04 17:52:50.076 UTC: 	 The CRAB server submitted your task to the Grid scheduler (cluster ID: 45910308)
DEBUG 2019-11-04 17:52:50.076 UTC: 	 Webdir is located at http://vocms0121.cern.ch/mon/cms251/191101_121632:sthakur_crab_ExLepMuMuZ_M3500_MC_20191101
DEBUG 2019-11-04 17:52:50.172 UTC: 	 Proxied webdir is located at https://cmsweb.cern.ch/scheddmon/0121/cms251/191101_121632:sthakur_crab_ExLepMuMuZ_M3500_MC_20191101
DEBUG 2019-11-04 17:52:50.172 UTC: 	 Retrieving 'status_cache' file from https://cmsweb.cern.ch/scheddmon/0121/cms251/191101_121632:sthakur_crab_ExLepMuMuZ_M3500_MC_20191101/status_cache
DEBUG 2019-11-04 17:52:51.167 UTC: 	 Got information from status cache file: {'1': {'Retries': 0, 'WallDurations': [9.0, 4041.0], 'StartTimes': [1572610919.0], 'SubmitTimes': [1572610672.0], 'JobIds': ['45910310.0'], 'EndTimes': [1572614960.0], 'Restarts': 0, 'RecordedSite': True, 'State': 'finished', 'ResidentSetSize': [746828], 'TotalUserCpuTimeHistory': [1523], 'SiteHistory': ['Unknown', 'T2_US_Caltech'], 'TotalSysCpuTimeHistory': [56]}, '2': {'Retries': 0, 'WallDurations': [9.0, 181.0], 'StartTimes': [1572610920.0], 'SubmitTimes': [1572610672.0], 'JobIds': ['45910311.0'], 'EndTimes': [1572611101.0], 'Restarts': 0, 'RecordedSite': True, 'State': 'finished', 'ResidentSetSize': [37004], 'TotalUserCpuTimeHistory': [122], 'SiteHistory': ['Unknown', 'T2_US_Florida'], 'TotalSysCpuTimeHistory': [2]}}
INFO 2019-11-04 17:52:51.167 UTC: 	 Status on the scheduler:	COMPLETED
INFO 2019-11-04 17:52:51.167 UTC: 	 
Jobs status:                    finished     		100.0% (2/2)
INFO 2019-11-04 17:52:51.248 UTC: 	 
No publication information available yet
INFO 2019-11-04 17:52:51.249 UTC: 	 
Warning: the max jobs runtime is less than 30% of the task requested value (1250 min), please consider to request a lower value for failed jobs (allowed through crab resubmit) and/or improve the jobs splitting (e.g. config.Data.splitting = 'Automatic') in a new task.
INFO 2019-11-04 17:52:51.249 UTC: 	 
Warning: the average jobs CPU efficiency is less than 50%, please consider to improve the jobs splitting (e.g. config.Data.splitting = 'Automatic') in a new task
INFO 2019-11-04 17:52:51.249 UTC: 	 
Summary of run jobs:
 * Memory: 36MB min, 729MB max, 383MB ave
 * Runtime: 0:03:01 min, 1:07:21 max, 0:35:11 ave
 * CPU eff: 39% min, 69% max, 40% ave
 * Waste: 0:00:18 (0% of total)

INFO 2019-11-04 17:52:51.295 UTC: 	 Log file is /afs/cern.ch/work/s/sthakur/xRavindra/MiniTree2017Data/CMSSW_10_4_0/src/ExLep2017Crab/crab/CrabMC_20191101/crab_ExLepMuMuZ_M3500_MC_20191101/crab.log
DEBUG 2019-11-11 18:32:39.809 UTC: 	 Running on: Linux lxplus745.cern.ch 3.10.0-1062.4.1.el7.x86_64 #1 SMP Fri Oct 18 17:15:30 UTC 2019 x86_64 x86_64 x86_64 GNU/Linux - CentOS Linux 7 (Core)
DEBUG 2019-11-11 18:32:39.821 UTC: 	 OpenSSl version: OpenSSL 1.0.2h  3 May 2016
DEBUG 2019-11-11 18:32:39.821 UTC: 	 Executing command: 'status'
DEBUG 2019-11-11 18:32:39.822 UTC: 	 Found CRAB cache file /afs/cern.ch/user/s/sthakur/.crab3
DEBUG 2019-11-11 18:32:39.853 UTC: 	 Checking credentials
DEBUG 2019-11-11 18:32:39.853 UTC: 	 Found proxy file /tmp/x509up_u77410
DEBUG 2019-11-11 18:32:39.853 UTC: 	 Getting proxy life time left
DEBUG 2019-11-11 18:32:41.066 UTC: 	 Executing : 
 command : voms-proxy-info -file /tmp/x509up_u77410 -timeleft
 output : 38900

 error: 
 retcode : 0
DEBUG 2019-11-11 18:32:42.401 UTC: 	 Executing : 
 command : voms-proxy-info -file /tmp/x509up_u77410 -actimeleft
 output : 38898

 error: 
 retcode : 0
DEBUG 2019-11-11 18:32:42.401 UTC: 	 Proxy lifetime 38900 secs is different from voms extension lifetime 38898 secs for proxy: /tmp/x509up_u77410
DEBUG 2019-11-11 18:32:42.401 UTC: 	 Proxy valid for 10:48:18 hours
DEBUG 2019-11-11 18:32:42.630 UTC: 	 Executing : 
 command : openssl x509 -in ~/.globus/usercert.pem -subject -noout
 output : subject= /DC=ch/DC=cern/OU=Organic Units/OU=Users/CN=sthakur/CN=764789/CN=Shalini Thakur

 error: 
 retcode : 0
DEBUG 2019-11-11 18:32:42.631 UTC: 	 Checking credentials
DEBUG 2019-11-11 18:32:42.631 UTC: 	 Found proxy file /tmp/x509up_u77410
DEBUG 2019-11-11 18:32:42.631 UTC: 	 Getting proxy life time left
DEBUG 2019-11-11 18:32:43.953 UTC: 	 Executing : 
 command : voms-proxy-info -file /tmp/x509up_u77410 -timeleft
 output : 38897

 error: 
 retcode : 0
DEBUG 2019-11-11 18:32:45.077 UTC: 	 Executing : 
 command : voms-proxy-info -file /tmp/x509up_u77410 -actimeleft
 output : 38895

 error: 
 retcode : 0
DEBUG 2019-11-11 18:32:45.077 UTC: 	 Proxy lifetime 38897 secs is different from voms extension lifetime 38895 secs for proxy: /tmp/x509up_u77410
DEBUG 2019-11-11 18:32:45.077 UTC: 	 Proxy valid for 10:48:15 hours
DEBUG 2019-11-11 18:32:45.473 UTC: 	 Registering user credentials for server /DC=ch/DC=cern/OU=computers/CN=vocms(052|058|030|0118|0105|0109).cern.ch|/DC=ch/DC=cern/OU=computers/CN=crab-(preprod|prod)-tw(02|01).cern.ch
DEBUG 2019-11-11 18:32:45.598 UTC: 	 Executing : 
 command : openssl x509 -in ~/.globus/usercert.pem -subject -noout
 output : subject= /DC=ch/DC=cern/OU=Organic Units/OU=Users/CN=sthakur/CN=764789/CN=Shalini Thakur

 error: 
 retcode : 0
DEBUG 2019-11-11 18:32:45.598 UTC: 	 Getting myproxy life time left for myproxy.cern.ch
DEBUG 2019-11-11 18:32:45.598 UTC: 	 Calculating hash of /DC=ch/DC=cern/OU=Organic Units/OU=Users/CN=sthakur/CN=764789/CN=Shalini Thakur_cmsweb.cern.ch for credential name
DEBUG 2019-11-11 18:32:45.920 UTC: 	 Executing : 
 command : myproxy-info -l 9cd94953387eeee7bf4da2b7588630639ea1153b -s myproxy.cern.ch
 output : username: 9cd94953387eeee7bf4da2b7588630639ea1153b
owner: /DC=ch/DC=cern/OU=Organic Units/OU=Users/CN=sthakur/CN=764789/CN=Shalini Thakur
  renewal policy: /DC=ch/DC=cern/OU=computers/CN=vocms(052|058|030|0118|0105|0109).cern.ch|/DC=ch/DC=cern/OU=computers/CN=crab-(preprod|prod)-tw(02|01).cern.ch
  trusted retrieval policy: /DC=ch/DC=cern/OU=computers/CN=vocms(052|058|030|0118|0105|0109).cern.ch|/DC=ch/DC=cern/OU=computers/CN=crab-(preprod|prod)-tw(02|01).cern.ch
  timeleft: 711:00:34  (29.6 days)

 error: 
 retcode : 0
DEBUG 2019-11-11 18:32:45.921 UTC: 	 Myproxy is valid: 2559634
DEBUG 2019-11-11 18:32:45.922 UTC: 	 Command use: status
DEBUG 2019-11-11 18:32:45.922 UTC: 	 Options use: ['--verboseErrors', 'CrabMC_20191101/crab_ExLepMuMuZ_M3500_MC_20191101']
DEBUG 2019-11-11 18:32:46.008 UTC: 	 CRABClient version: 3.3.1911
DEBUG 2019-11-11 18:32:46.008 UTC: 	 Instance is prod
DEBUG 2019-11-11 18:32:46.008 UTC: 	 Server base url is cmsweb.cern.ch
DEBUG 2019-11-11 18:32:46.008 UTC: 	 Command url /crabserver/prod/workflow
DEBUG 2019-11-11 18:32:46.154 UTC: 	 Got information from server oracle database: {u'result': [u'191101_121632:sthakur_crab_ExLepMuMuZ_M3500_MC_20191101', u'None', u'None', u'SUBMITTED', u'SUBMIT', u'2019-11-01 12:16:32.974224', u'None', u'2019-11-01 12:17:37.115342', u'None', u'CMSSW_10_4_0', u'slc7_amd64_gcc700', u'/ExcitedLepton_MuMuZ-3500_TuneCP5_13TeV-pythia8/RunIIFall17MiniAODv2-PU2017_12Apr2018_94X_mc2017_realistic_v14-v1/MINIAODSIM', u'T', u'0', u'[]', u'[]', u'FileBased', u"{'splitOnRun': False, 'halt_job_on_file_boundaries': False, 'files_per_job': 10, 'runs': [], 'lumis': []}", u'4a11f3c92bd9d198a5166e7d22ad468b4f285f7a25dc15893be2d8ea18e2dea8.tar.gz', u'https://cmsweb.cern.ch/crabcache', u'sthakur', u'/DC=ch/DC=cern/OU=Organic Units/OU=Users/CN=sthakur/CN=764789/CN=Shalini Thakur', u'cms', u'None', u'None', u'ExLepMuMuZ_M3500_MC_20191101-00000000000000000000000000000000', u'F', u'T2_IN_TIFR', u'https://cmsweb.cern.ch/dbs/prod/global/DBSReader', u'https://cmsweb.cern.ch/dbs/prod/phys03/DBSWriter', u'T', u'[]', u"['ExLepMuMuZ_M3500_MC_20191101_Ntuple.root']", u'[]', u'Analysis', u'pythia', u'None', u'{}', u'[]', u'F', u'crab-prod-tw01', u'[]', u'1250', u'1', u'2000', u'10', u'None', u'[]', u'http://vocms0121.cern.ch/mon/cms251/191101_121632:sthakur_crab_ExLepMuMuZ_M3500_MC_20191101', u'None', u'[]', u'[]', u'https://cmsweb.cern.ch/crabserver/prod', u'cmsgwms-collector-global.cern.ch:9620,cmssrv623.fnal.gov:9620', u'crab3@vocms0121.cern.ch', u'F', u'[]', u'T', u'/store/user/sthakur/ntuple_for2017MC_20191101/MC_20191101/ExLepMuMuZ_M3500_MC_20191101', u'F', u'None', u'F', u'None', u'ExcitedLepton_MuMuZ-3500_TuneCP5_13TeV-pythia8', u'None', u'ddb7049b63ce15bd7e8eac4a78cb14870091a3a256c762225cb7842bfa263d84.tar.gz', u'45910308', u'filetransfers', u'F', u'2001:1458:d00:2e::100:9b', u'0.0', u'None'], u'desc': {u'columns': [u'tm_taskname', u'tm_activity', u'panda_jobset_id', u'tm_task_status', u'tm_task_command', u'tm_start_time', u'tm_start_injection', u'tm_end_injection', u'tm_task_failure', u'tm_job_sw', u'tm_job_arch', u'tm_input_dataset', u'tm_nonvalid_input_dataset', u'tm_use_parent', u'tm_site_whitelist', u'tm_site_blacklist', u'tm_split_algo', u'tm_split_args', u'tm_user_sandbox', u'tm_cache_url', u'tm_username', u'tm_user_dn', u'tm_user_vo', u'tm_user_role', u'tm_user_group', u'tm_publish_name', u'tm_publish_groupname', u'tm_asyncdest', u'tm_dbs_url', u'tm_publish_dbs_url', u'tm_publication', u'tm_outfiles', u'tm_tfile_outfiles', u'tm_edm_outfiles', u'tm_job_type', u'tm_generator', u'tm_events_per_lumi', u'tm_arguments', u'panda_resubmitted_jobs', u'tm_save_logs', u'tw_name', u'tm_user_infiles', u'tm_maxjobruntime', u'tm_numcores', u'tm_maxmemory', u'tm_priority', u'tm_output_dataset', u'tm_task_warnings', u'tm_user_webdir', u'tm_scriptexe', u'tm_scriptargs', u'tm_extrajdl', u'tm_asourl', u'tm_collector', u'tm_schedd', u'tm_dry_run', u'tm_user_files', u'tm_transfer_outputs', u'tm_output_lfn', u'tm_ignore_locality', u'tm_fail_limit', u'tm_one_event_mode', u'tm_secondary_input_dataset', u'tm_primary_dataset', u'tm_last_publication', u'tm_debug_files', u'clusterid', u'tm_asodb', u'tm_ignore_global_blacklist', u'tm_submitter_ip_addr', u'tm_totalunits', u'tm_ddm_reqid']}}
INFO 2019-11-11 18:32:46.155 UTC: 	 CRAB project directory:		/afs/cern.ch/work/s/sthakur/xRavindra/MiniTree2017Data/CMSSW_10_4_0/src/ExLep2017Crab/crab/CrabMC_20191101/crab_ExLepMuMuZ_M3500_MC_20191101
INFO 2019-11-11 18:32:46.155 UTC: 	 Task name:			191101_121632:sthakur_crab_ExLepMuMuZ_M3500_MC_20191101
INFO 2019-11-11 18:32:46.155 UTC: 	 Grid scheduler - Task Worker:	crab3@vocms0121.cern.ch - crab-prod-tw01
INFO 2019-11-11 18:32:46.155 UTC: 	 Status on the CRAB server:	SUBMITTED
INFO 2019-11-11 18:32:46.155 UTC: 	 Task URL to use for HELP:	https://cmsweb.cern.ch/crabserver/ui/task/191101_121632%3Asthakur_crab_ExLepMuMuZ_M3500_MC_20191101
INFO 2019-11-11 18:32:46.155 UTC: 	 Dashboard monitoring URL:	https://monit-grafana.cern.ch/d/cmsTMDetail/cms-task-monitoring-task-view?orgId=11&var-user=sthakur&var-task=191101_121632%3Asthakur_crab_ExLepMuMuZ_M3500_MC_20191101
INFO 2019-11-11 18:32:46.155 UTC: 	 In case of issues with the dashboard, please provide feedback to hn-cms-computing-tools@cern.ch
DEBUG 2019-11-11 18:32:46.155 UTC: 	 The CRAB server submitted your task to the Grid scheduler (cluster ID: 45910308)
DEBUG 2019-11-11 18:32:46.155 UTC: 	 Webdir is located at http://vocms0121.cern.ch/mon/cms251/191101_121632:sthakur_crab_ExLepMuMuZ_M3500_MC_20191101
DEBUG 2019-11-11 18:32:46.280 UTC: 	 Proxied webdir is located at https://cmsweb.cern.ch/scheddmon/0121/cms251/191101_121632:sthakur_crab_ExLepMuMuZ_M3500_MC_20191101
DEBUG 2019-11-11 18:32:46.281 UTC: 	 Retrieving 'status_cache' file from https://cmsweb.cern.ch/scheddmon/0121/cms251/191101_121632:sthakur_crab_ExLepMuMuZ_M3500_MC_20191101/status_cache
DEBUG 2019-11-11 18:32:46.697 UTC: 	 Got information from status cache file: {'1': {'Retries': 0, 'WallDurations': [9.0, 4041.0], 'StartTimes': [1572610919.0], 'SubmitTimes': [1572610672.0], 'JobIds': ['45910310.0'], 'EndTimes': [1572614960.0], 'Restarts': 0, 'RecordedSite': True, 'State': 'finished', 'ResidentSetSize': [746828], 'TotalUserCpuTimeHistory': [1523], 'SiteHistory': ['Unknown', 'T2_US_Caltech'], 'TotalSysCpuTimeHistory': [56]}, '2': {'Retries': 0, 'WallDurations': [9.0, 181.0], 'StartTimes': [1572610920.0], 'SubmitTimes': [1572610672.0], 'JobIds': ['45910311.0'], 'EndTimes': [1572611101.0], 'Restarts': 0, 'RecordedSite': True, 'State': 'finished', 'ResidentSetSize': [37004], 'TotalUserCpuTimeHistory': [122], 'SiteHistory': ['Unknown', 'T2_US_Florida'], 'TotalSysCpuTimeHistory': [2]}}
INFO 2019-11-11 18:32:46.697 UTC: 	 Status on the scheduler:	COMPLETED
INFO 2019-11-11 18:32:46.698 UTC: 	 
Jobs status:                    finished     		100.0% (2/2)
INFO 2019-11-11 18:32:46.804 UTC: 	 
No publication information available yet
INFO 2019-11-11 18:32:46.805 UTC: 	 
Warning: the max jobs runtime is less than 30% of the task requested value (1250 min), please consider to request a lower value for failed jobs (allowed through crab resubmit) and/or improve the jobs splitting (e.g. config.Data.splitting = 'Automatic') in a new task.
INFO 2019-11-11 18:32:46.805 UTC: 	 
Warning: the average jobs CPU efficiency is less than 50%, please consider to improve the jobs splitting (e.g. config.Data.splitting = 'Automatic') in a new task
INFO 2019-11-11 18:32:46.805 UTC: 	 
Summary of run jobs:
 * Memory: 36MB min, 729MB max, 383MB ave
 * Runtime: 0:03:01 min, 1:07:21 max, 0:35:11 ave
 * CPU eff: 39% min, 69% max, 40% ave
 * Waste: 0:00:18 (0% of total)

INFO 2019-11-11 18:32:46.818 UTC: 	 Log file is /afs/cern.ch/work/s/sthakur/xRavindra/MiniTree2017Data/CMSSW_10_4_0/src/ExLep2017Crab/crab/CrabMC_20191101/crab_ExLepMuMuZ_M3500_MC_20191101/crab.log
DEBUG 2019-11-11 18:48:37.888 UTC: 	 Running on: Linux lxplus714.cern.ch 3.10.0-1062.4.1.el7.x86_64 #1 SMP Fri Oct 18 17:15:30 UTC 2019 x86_64 x86_64 x86_64 GNU/Linux - CentOS Linux 7 (Core)
DEBUG 2019-11-11 18:48:37.916 UTC: 	 OpenSSl version: OpenSSL 1.0.2k-fips  26 Jan 2017 (Library: OpenSSL 1.0.2d-fips 9 Jul 2015)
DEBUG 2019-11-11 18:48:37.917 UTC: 	 Executing command: 'status'
DEBUG 2019-11-11 18:48:37.917 UTC: 	 Found CRAB cache file /afs/cern.ch/user/s/sthakur/.crab3
DEBUG 2019-11-11 18:48:37.930 UTC: 	 Checking credentials
DEBUG 2019-11-11 18:48:37.930 UTC: 	 Found proxy file /tmp/x509up_u77410
DEBUG 2019-11-11 18:48:37.930 UTC: 	 Getting proxy life time left
DEBUG 2019-11-11 18:48:38.736 UTC: 	 Executing : 
 command : voms-proxy-info -file /tmp/x509up_u77410 -timeleft
 output : 43073

 error: 
 retcode : 0
DEBUG 2019-11-11 18:48:39.443 UTC: 	 Executing : 
 command : voms-proxy-info -file /tmp/x509up_u77410 -actimeleft
 output : 43072

 error: 
 retcode : 0
DEBUG 2019-11-11 18:48:39.443 UTC: 	 Proxy lifetime 43073 secs is different from voms extension lifetime 43072 secs for proxy: /tmp/x509up_u77410
DEBUG 2019-11-11 18:48:39.443 UTC: 	 Proxy valid for 11:57:52 hours
DEBUG 2019-11-11 18:48:39.684 UTC: 	 Executing : 
 command : openssl x509 -in ~/.globus/usercert.pem -subject -noout
 output : subject= /DC=ch/DC=cern/OU=Organic Units/OU=Users/CN=sthakur/CN=764789/CN=Shalini Thakur

 error: 
 retcode : 0
DEBUG 2019-11-11 18:48:39.684 UTC: 	 Checking credentials
DEBUG 2019-11-11 18:48:39.684 UTC: 	 Found proxy file /tmp/x509up_u77410
DEBUG 2019-11-11 18:48:39.685 UTC: 	 Getting proxy life time left
DEBUG 2019-11-11 18:48:40.395 UTC: 	 Executing : 
 command : voms-proxy-info -file /tmp/x509up_u77410 -timeleft
 output : 43071

 error: 
 retcode : 0
DEBUG 2019-11-11 18:48:41.108 UTC: 	 Executing : 
 command : voms-proxy-info -file /tmp/x509up_u77410 -actimeleft
 output : 43070

 error: 
 retcode : 0
DEBUG 2019-11-11 18:48:41.108 UTC: 	 Proxy lifetime 43071 secs is different from voms extension lifetime 43070 secs for proxy: /tmp/x509up_u77410
DEBUG 2019-11-11 18:48:41.108 UTC: 	 Proxy valid for 11:57:50 hours
DEBUG 2019-11-11 18:48:41.197 UTC: 	 Registering user credentials for server /DC=ch/DC=cern/OU=computers/CN=vocms(052|058|030|0118|0105|0109).cern.ch|/DC=ch/DC=cern/OU=computers/CN=crab-(preprod|prod)-tw(02|01).cern.ch
DEBUG 2019-11-11 18:48:41.310 UTC: 	 Executing : 
 command : openssl x509 -in ~/.globus/usercert.pem -subject -noout
 output : subject= /DC=ch/DC=cern/OU=Organic Units/OU=Users/CN=sthakur/CN=764789/CN=Shalini Thakur

 error: 
 retcode : 0
DEBUG 2019-11-11 18:48:41.311 UTC: 	 Getting myproxy life time left for myproxy.cern.ch
DEBUG 2019-11-11 18:48:41.311 UTC: 	 Calculating hash of /DC=ch/DC=cern/OU=Organic Units/OU=Users/CN=sthakur/CN=764789/CN=Shalini Thakur_cmsweb.cern.ch for credential name
DEBUG 2019-11-11 18:48:41.517 UTC: 	 Executing : 
 command : myproxy-info -l 9cd94953387eeee7bf4da2b7588630639ea1153b -s myproxy.cern.ch
 output : username: 9cd94953387eeee7bf4da2b7588630639ea1153b
owner: /DC=ch/DC=cern/OU=Organic Units/OU=Users/CN=sthakur/CN=764789/CN=Shalini Thakur
  renewal policy: /DC=ch/DC=cern/OU=computers/CN=vocms(052|058|030|0118|0105|0109).cern.ch|/DC=ch/DC=cern/OU=computers/CN=crab-(preprod|prod)-tw(02|01).cern.ch
  trusted retrieval policy: /DC=ch/DC=cern/OU=computers/CN=vocms(052|058|030|0118|0105|0109).cern.ch|/DC=ch/DC=cern/OU=computers/CN=crab-(preprod|prod)-tw(02|01).cern.ch
  timeleft: 710:44:38  (29.6 days)

 error: 
 retcode : 0
DEBUG 2019-11-11 18:48:41.518 UTC: 	 Myproxy is valid: 2558678
DEBUG 2019-11-11 18:48:41.519 UTC: 	 Command use: status
DEBUG 2019-11-11 18:48:41.519 UTC: 	 Options use: ['--verboseErrors', 'CrabMC_20191101/crab_ExLepMuMuZ_M3500_MC_20191101']
DEBUG 2019-11-11 18:48:41.626 UTC: 	 CRABClient version: 3.3.1911
DEBUG 2019-11-11 18:48:41.626 UTC: 	 Instance is prod
DEBUG 2019-11-11 18:48:41.626 UTC: 	 Server base url is cmsweb.cern.ch
DEBUG 2019-11-11 18:48:41.626 UTC: 	 Command url /crabserver/prod/workflow
DEBUG 2019-11-11 18:48:41.724 UTC: 	 Got information from server oracle database: {u'result': [u'191101_121632:sthakur_crab_ExLepMuMuZ_M3500_MC_20191101', u'None', u'None', u'SUBMITTED', u'SUBMIT', u'2019-11-01 12:16:32.974224', u'None', u'2019-11-01 12:17:37.115342', u'None', u'CMSSW_10_4_0', u'slc7_amd64_gcc700', u'/ExcitedLepton_MuMuZ-3500_TuneCP5_13TeV-pythia8/RunIIFall17MiniAODv2-PU2017_12Apr2018_94X_mc2017_realistic_v14-v1/MINIAODSIM', u'T', u'0', u'[]', u'[]', u'FileBased', u"{'splitOnRun': False, 'halt_job_on_file_boundaries': False, 'files_per_job': 10, 'runs': [], 'lumis': []}", u'4a11f3c92bd9d198a5166e7d22ad468b4f285f7a25dc15893be2d8ea18e2dea8.tar.gz', u'https://cmsweb.cern.ch/crabcache', u'sthakur', u'/DC=ch/DC=cern/OU=Organic Units/OU=Users/CN=sthakur/CN=764789/CN=Shalini Thakur', u'cms', u'None', u'None', u'ExLepMuMuZ_M3500_MC_20191101-00000000000000000000000000000000', u'F', u'T2_IN_TIFR', u'https://cmsweb.cern.ch/dbs/prod/global/DBSReader', u'https://cmsweb.cern.ch/dbs/prod/phys03/DBSWriter', u'T', u'[]', u"['ExLepMuMuZ_M3500_MC_20191101_Ntuple.root']", u'[]', u'Analysis', u'pythia', u'None', u'{}', u'[]', u'F', u'crab-prod-tw01', u'[]', u'1250', u'1', u'2000', u'10', u'None', u'[]', u'http://vocms0121.cern.ch/mon/cms251/191101_121632:sthakur_crab_ExLepMuMuZ_M3500_MC_20191101', u'None', u'[]', u'[]', u'https://cmsweb.cern.ch/crabserver/prod', u'cmsgwms-collector-global.cern.ch:9620,cmssrv623.fnal.gov:9620', u'crab3@vocms0121.cern.ch', u'F', u'[]', u'T', u'/store/user/sthakur/ntuple_for2017MC_20191101/MC_20191101/ExLepMuMuZ_M3500_MC_20191101', u'F', u'None', u'F', u'None', u'ExcitedLepton_MuMuZ-3500_TuneCP5_13TeV-pythia8', u'None', u'ddb7049b63ce15bd7e8eac4a78cb14870091a3a256c762225cb7842bfa263d84.tar.gz', u'45910308', u'filetransfers', u'F', u'2001:1458:d00:2e::100:9b', u'0.0', u'None'], u'desc': {u'columns': [u'tm_taskname', u'tm_activity', u'panda_jobset_id', u'tm_task_status', u'tm_task_command', u'tm_start_time', u'tm_start_injection', u'tm_end_injection', u'tm_task_failure', u'tm_job_sw', u'tm_job_arch', u'tm_input_dataset', u'tm_nonvalid_input_dataset', u'tm_use_parent', u'tm_site_whitelist', u'tm_site_blacklist', u'tm_split_algo', u'tm_split_args', u'tm_user_sandbox', u'tm_cache_url', u'tm_username', u'tm_user_dn', u'tm_user_vo', u'tm_user_role', u'tm_user_group', u'tm_publish_name', u'tm_publish_groupname', u'tm_asyncdest', u'tm_dbs_url', u'tm_publish_dbs_url', u'tm_publication', u'tm_outfiles', u'tm_tfile_outfiles', u'tm_edm_outfiles', u'tm_job_type', u'tm_generator', u'tm_events_per_lumi', u'tm_arguments', u'panda_resubmitted_jobs', u'tm_save_logs', u'tw_name', u'tm_user_infiles', u'tm_maxjobruntime', u'tm_numcores', u'tm_maxmemory', u'tm_priority', u'tm_output_dataset', u'tm_task_warnings', u'tm_user_webdir', u'tm_scriptexe', u'tm_scriptargs', u'tm_extrajdl', u'tm_asourl', u'tm_collector', u'tm_schedd', u'tm_dry_run', u'tm_user_files', u'tm_transfer_outputs', u'tm_output_lfn', u'tm_ignore_locality', u'tm_fail_limit', u'tm_one_event_mode', u'tm_secondary_input_dataset', u'tm_primary_dataset', u'tm_last_publication', u'tm_debug_files', u'clusterid', u'tm_asodb', u'tm_ignore_global_blacklist', u'tm_submitter_ip_addr', u'tm_totalunits', u'tm_ddm_reqid']}}
INFO 2019-11-11 18:48:41.725 UTC: 	 CRAB project directory:		/afs/cern.ch/work/s/sthakur/xRavindra/MiniTree2017Data/CMSSW_10_4_0/src/ExLep2017Crab/crab/CrabMC_20191101/crab_ExLepMuMuZ_M3500_MC_20191101
INFO 2019-11-11 18:48:41.725 UTC: 	 Task name:			191101_121632:sthakur_crab_ExLepMuMuZ_M3500_MC_20191101
INFO 2019-11-11 18:48:41.725 UTC: 	 Grid scheduler - Task Worker:	crab3@vocms0121.cern.ch - crab-prod-tw01
INFO 2019-11-11 18:48:41.725 UTC: 	 Status on the CRAB server:	SUBMITTED
INFO 2019-11-11 18:48:41.725 UTC: 	 Task URL to use for HELP:	https://cmsweb.cern.ch/crabserver/ui/task/191101_121632%3Asthakur_crab_ExLepMuMuZ_M3500_MC_20191101
INFO 2019-11-11 18:48:41.725 UTC: 	 Dashboard monitoring URL:	https://monit-grafana.cern.ch/d/cmsTMDetail/cms-task-monitoring-task-view?orgId=11&var-user=sthakur&var-task=191101_121632%3Asthakur_crab_ExLepMuMuZ_M3500_MC_20191101
INFO 2019-11-11 18:48:41.725 UTC: 	 In case of issues with the dashboard, please provide feedback to hn-cms-computing-tools@cern.ch
DEBUG 2019-11-11 18:48:41.725 UTC: 	 The CRAB server submitted your task to the Grid scheduler (cluster ID: 45910308)
DEBUG 2019-11-11 18:48:41.725 UTC: 	 Webdir is located at http://vocms0121.cern.ch/mon/cms251/191101_121632:sthakur_crab_ExLepMuMuZ_M3500_MC_20191101
DEBUG 2019-11-11 18:48:41.798 UTC: 	 Proxied webdir is located at https://cmsweb.cern.ch/scheddmon/0121/cms251/191101_121632:sthakur_crab_ExLepMuMuZ_M3500_MC_20191101
DEBUG 2019-11-11 18:48:41.798 UTC: 	 Retrieving 'status_cache' file from https://cmsweb.cern.ch/scheddmon/0121/cms251/191101_121632:sthakur_crab_ExLepMuMuZ_M3500_MC_20191101/status_cache
DEBUG 2019-11-11 18:48:41.850 UTC: 	 Got information from status cache file: {'1': {'Retries': 0, 'WallDurations': [9.0, 4041.0], 'StartTimes': [1572610919.0], 'SubmitTimes': [1572610672.0], 'JobIds': ['45910310.0'], 'EndTimes': [1572614960.0], 'Restarts': 0, 'RecordedSite': True, 'State': 'finished', 'ResidentSetSize': [746828], 'TotalUserCpuTimeHistory': [1523], 'SiteHistory': ['Unknown', 'T2_US_Caltech'], 'TotalSysCpuTimeHistory': [56]}, '2': {'Retries': 0, 'WallDurations': [9.0, 181.0], 'StartTimes': [1572610920.0], 'SubmitTimes': [1572610672.0], 'JobIds': ['45910311.0'], 'EndTimes': [1572611101.0], 'Restarts': 0, 'RecordedSite': True, 'State': 'finished', 'ResidentSetSize': [37004], 'TotalUserCpuTimeHistory': [122], 'SiteHistory': ['Unknown', 'T2_US_Florida'], 'TotalSysCpuTimeHistory': [2]}}
INFO 2019-11-11 18:48:41.850 UTC: 	 Status on the scheduler:	COMPLETED
INFO 2019-11-11 18:48:41.850 UTC: 	 
Jobs status:                    finished     		100.0% (2/2)
INFO 2019-11-11 18:48:42.101 UTC: 	 
No publication information available yet
INFO 2019-11-11 18:48:42.101 UTC: 	 
Warning: the max jobs runtime is less than 30% of the task requested value (1250 min), please consider to request a lower value for failed jobs (allowed through crab resubmit) and/or improve the jobs splitting (e.g. config.Data.splitting = 'Automatic') in a new task.
INFO 2019-11-11 18:48:42.101 UTC: 	 
Warning: the average jobs CPU efficiency is less than 50%, please consider to improve the jobs splitting (e.g. config.Data.splitting = 'Automatic') in a new task
INFO 2019-11-11 18:48:42.102 UTC: 	 
Summary of run jobs:
 * Memory: 36MB min, 729MB max, 383MB ave
 * Runtime: 0:03:01 min, 1:07:21 max, 0:35:11 ave
 * CPU eff: 39% min, 69% max, 40% ave
 * Waste: 0:00:18 (0% of total)

INFO 2019-11-11 18:48:42.135 UTC: 	 Log file is /afs/cern.ch/work/s/sthakur/xRavindra/MiniTree2017Data/CMSSW_10_4_0/src/ExLep2017Crab/crab/CrabMC_20191101/crab_ExLepMuMuZ_M3500_MC_20191101/crab.log
