DEBUG 2019-11-16 18:50:07.073 UTC: 	 Running on: Linux lxplus745.cern.ch 3.10.0-1062.4.1.el7.x86_64 #1 SMP Fri Oct 18 17:15:30 UTC 2019 x86_64 x86_64 x86_64 GNU/Linux - CentOS Linux 7 (Core)
DEBUG 2019-11-16 18:50:07.106 UTC: 	 OpenSSl version: OpenSSL 1.0.2k-fips  26 Jan 2017 (Library: OpenSSL 1.0.2d-fips 9 Jul 2015)
DEBUG 2019-11-16 18:50:07.107 UTC: 	 Executing command: 'submit'
DEBUG 2019-11-16 18:50:07.116 UTC: 	 Found CRAB cache file /afs/cern.ch/user/s/sthakur/.crab3
DEBUG 2019-11-16 18:50:07.124 UTC: 	 Checking credentials
DEBUG 2019-11-16 18:50:07.124 UTC: 	 Found proxy file /tmp/x509up_u77410
DEBUG 2019-11-16 18:50:07.124 UTC: 	 Getting proxy life time left
DEBUG 2019-11-16 18:50:07.930 UTC: 	 Executing : 
 command : voms-proxy-info -file /tmp/x509up_u77410 -timeleft
 output : 40291

 error: 
 retcode : 0
DEBUG 2019-11-16 18:50:08.640 UTC: 	 Executing : 
 command : voms-proxy-info -file /tmp/x509up_u77410 -actimeleft
 output : 40290

 error: 
 retcode : 0
DEBUG 2019-11-16 18:50:08.640 UTC: 	 Proxy lifetime 40291 secs is different from voms extension lifetime 40290 secs for proxy: /tmp/x509up_u77410
DEBUG 2019-11-16 18:50:08.640 UTC: 	 Proxy valid for 11:11:30 hours
DEBUG 2019-11-16 18:50:08.641 UTC: 	 Will use CRAB Analysis plugin (i.e. will run an analysis job type).
DEBUG 2019-11-16 18:50:08.858 UTC: 	 Executing : 
 command : openssl x509 -in ~/.globus/usercert.pem -subject -noout
 output : subject= /DC=ch/DC=cern/OU=Organic Units/OU=Users/CN=sthakur/CN=764789/CN=Shalini Thakur

 error: 
 retcode : 0
DEBUG 2019-11-16 18:50:08.859 UTC: 	 Checking credentials
DEBUG 2019-11-16 18:50:08.859 UTC: 	 Found proxy file /tmp/x509up_u77410
DEBUG 2019-11-16 18:50:08.859 UTC: 	 Getting proxy life time left
DEBUG 2019-11-16 18:50:09.574 UTC: 	 Executing : 
 command : voms-proxy-info -file /tmp/x509up_u77410 -timeleft
 output : 40289

 error: 
 retcode : 0
DEBUG 2019-11-16 18:50:10.279 UTC: 	 Executing : 
 command : voms-proxy-info -file /tmp/x509up_u77410 -actimeleft
 output : 40288

 error: 
 retcode : 0
DEBUG 2019-11-16 18:50:10.280 UTC: 	 Proxy lifetime 40289 secs is different from voms extension lifetime 40288 secs for proxy: /tmp/x509up_u77410
DEBUG 2019-11-16 18:50:10.280 UTC: 	 Proxy valid for 11:11:28 hours
DEBUG 2019-11-16 18:50:10.988 UTC: 	 Executing : 
 command : env X509_USER_PROXY=/tmp/x509up_u77410 voms-proxy-info -fqan
 output : /cms/Role=NULL/Capability=NULL

 error: 
 retcode : 0
DEBUG 2019-11-16 18:50:11.096 UTC: 	 Registering user credentials for server /DC=ch/DC=cern/OU=computers/CN=vocms(052|058|030|0118|0105|0109).cern.ch|/DC=ch/DC=cern/OU=computers/CN=crab-(preprod|prod)-tw(02|01).cern.ch
DEBUG 2019-11-16 18:50:11.209 UTC: 	 Executing : 
 command : openssl x509 -in ~/.globus/usercert.pem -subject -noout
 output : subject= /DC=ch/DC=cern/OU=Organic Units/OU=Users/CN=sthakur/CN=764789/CN=Shalini Thakur

 error: 
 retcode : 0
DEBUG 2019-11-16 18:50:11.209 UTC: 	 Getting myproxy life time left for myproxy.cern.ch
DEBUG 2019-11-16 18:50:11.209 UTC: 	 Calculating hash of /DC=ch/DC=cern/OU=Organic Units/OU=Users/CN=sthakur/CN=764789/CN=Shalini Thakur_cmsweb.cern.ch for credential name
DEBUG 2019-11-16 18:50:11.513 UTC: 	 Executing : 
 command : myproxy-info -l 9cd94953387eeee7bf4da2b7588630639ea1153b -s myproxy.cern.ch
 output : username: 9cd94953387eeee7bf4da2b7588630639ea1153b
owner: /DC=ch/DC=cern/OU=Organic Units/OU=Users/CN=sthakur/CN=764789/CN=Shalini Thakur
  renewal policy: /DC=ch/DC=cern/OU=computers/CN=vocms(052|058|030|0118|0105|0109).cern.ch|/DC=ch/DC=cern/OU=computers/CN=crab-(preprod|prod)-tw(02|01).cern.ch
  trusted retrieval policy: /DC=ch/DC=cern/OU=computers/CN=vocms(052|058|030|0118|0105|0109).cern.ch|/DC=ch/DC=cern/OU=computers/CN=crab-(preprod|prod)-tw(02|01).cern.ch
  timeleft: 590:43:08  (24.6 days)

 error: 
 retcode : 0
DEBUG 2019-11-16 18:50:11.514 UTC: 	 Myproxy is valid: 2126588
DEBUG 2019-11-16 18:50:11.514 UTC: 	 Command use: submit
DEBUG 2019-11-16 18:50:11.515 UTC: 	 Options use: ['--config', <WMCore.Configuration.Configuration object at 0x7f1832badfd0>]
DEBUG 2019-11-16 18:50:11.599 UTC: 	 CRABClient version: 3.3.1911.patch1
DEBUG 2019-11-16 18:50:11.599 UTC: 	 Instance is prod
DEBUG 2019-11-16 18:50:11.599 UTC: 	 Server base url is cmsweb.cern.ch
DEBUG 2019-11-16 18:50:11.599 UTC: 	 Command url /crabserver/prod/workflow
DEBUG 2019-11-16 18:50:11.599 UTC: 	 Started submission
DEBUG 2019-11-16 18:50:11.599 UTC: 	 Working on /afs/cern.ch/work/s/sthakur/xRavindra/MiniTree2017Data/CMSSW_10_4_0/src/ExLep2017Crab/crab/CrabMC_20191116/crab_ExLepEEZ_M250_MC_20191116
DEBUG 2019-11-16 18:50:11.737 UTC: 	 Loading required information from the environment
DEBUG 2019-11-16 18:50:11.737 UTC: 	 Found CMSSW_10_4_0 for slc7_amd64_gcc700 with base /afs/cern.ch/work/s/sthakur/xRavindra/MiniTree2017Data/CMSSW_10_4_0
DEBUG 2019-11-16 18:50:11.737 UTC: 	 Loading required information from the environment
DEBUG 2019-11-16 18:50:11.737 UTC: 	 Found CMSSW_10_4_0 for slc7_amd64_gcc700 with base /afs/cern.ch/work/s/sthakur/xRavindra/MiniTree2017Data/CMSSW_10_4_0
DEBUG 2019-11-16 18:50:11.755 UTC: 	 UNIQUE NAME: tarUUID c93c23db-5918-4ba2-b59d-33fcdd99d7e6 
DEBUG 2019-11-16 18:50:11.755 UTC: 	 self.config: from WMCore.Configuration import Configuration
config = Configuration()
config.section_('General')
config.General.workArea = 'CrabMC_20191116'
config.General.transferOutputs = True
config.General.transferLogs = False
config.General.requestName = 'ExLepEEZ_M250_MC_20191116'
config.section_('JobType')
config.JobType.psetName = '20191116/config/ExLepEEZ_M250_MC_20191116_cfg.py'
config.JobType.pluginName = 'Analysis'
config.JobType.inputFiles = ['../../ExLep2017Tree/Selection/test/Fall17_V3_MC_PtResolution_AK8PF.txt', '../../ExLep2017Tree/Selection/test/Fall17_V3_MC_SF_AK8PF.txt']
config.JobType.allowUndistributedCMSSW = True
config.JobType.maxMemoryMB = 2000
config.section_('Data')
config.Data.inputDataset = '/ExcitedLepton_EEZ-250_TuneCP5_13TeV-pythia8/RunIIFall17MiniAODv2-PU2017_12Apr2018_94X_mc2017_realistic_v14-v1/MINIAODSIM'
config.Data.allowNonValidInputDataset = True
config.Data.unitsPerJob = 10
config.Data.inputDBS = 'global'
config.Data.splitting = 'FileBased'
config.Data.outputDatasetTag = 'ExLepEEZ_M250_MC_20191116'
config.Data.outLFNDirBase = '/store/user/sthakur/ntuple_for2017MC_20191116/MC_20191116/ExLepEEZ_M250_MC_20191116'
config.section_('Site')
config.Site.storageSite = 'T2_IN_TIFR'
config.section_('User')
config.section_('Debug')

DEBUG 2019-11-16 18:50:11.755 UTC: 	 self.config.JobType.psetName: 20191116/config/ExLepEEZ_M250_MC_20191116_cfg.py
INFO 2019-11-16 18:50:11.755 UTC: 	 Importing CMSSW configuration 20191116/config/ExLepEEZ_M250_MC_20191116_cfg.py
INFO 2019-11-16 18:50:12.022 UTC: 	 Finished importing CMSSW configuration 20191116/config/ExLepEEZ_M250_MC_20191116_cfg.py
DEBUG 2019-11-16 18:50:12.022 UTC: 	 Writing CMSSW configuration to /afs/cern.ch/work/s/sthakur/xRavindra/MiniTree2017Data/CMSSW_10_4_0/src/ExLep2017Crab/crab/CrabMC_20191116/crab_ExLepEEZ_M250_MC_20191116/inputs/PSet.py
DEBUG 2019-11-16 18:50:12.197 UTC: 	 The following EDM output files will be collected: []
DEBUG 2019-11-16 18:50:12.197 UTC: 	 The following TFile output files will be collected: ['ExLepEEZ_M250_MC_20191116_Ntuple.root']
DEBUG 2019-11-16 18:50:12.197 UTC: 	 The following user output files (not listed as PoolOuputModule or TFileService in the CMSSW PSet) will be collected: 
DEBUG 2019-11-16 18:50:12.197 UTC: 	 Loading required information from the environment
DEBUG 2019-11-16 18:50:12.197 UTC: 	 Found CMSSW_10_4_0 for slc7_amd64_gcc700 with base /afs/cern.ch/work/s/sthakur/xRavindra/MiniTree2017Data/CMSSW_10_4_0
DEBUG 2019-11-16 18:50:12.197 UTC: 	 Making tarball in /afs/cern.ch/work/s/sthakur/xRavindra/MiniTree2017Data/CMSSW_10_4_0/src/ExLep2017Crab/crab/CrabMC_20191116/crab_ExLepEEZ_M250_MC_20191116/inputs/c93c23db-5918-4ba2-b59d-33fcdd99d7e6default.tgz
DEBUG 2019-11-16 18:50:12.219 UTC: 	 Checking directory /afs/cern.ch/work/s/sthakur/xRavindra/MiniTree2017Data/CMSSW_10_4_0/lib
DEBUG 2019-11-16 18:50:12.219 UTC: 	 Adding directory /afs/cern.ch/work/s/sthakur/xRavindra/MiniTree2017Data/CMSSW_10_4_0/lib to tarball
DEBUG 2019-11-16 18:50:12.235 UTC: 	 Checking directory /afs/cern.ch/work/s/sthakur/xRavindra/MiniTree2017Data/CMSSW_10_4_0/biglib
DEBUG 2019-11-16 18:50:12.235 UTC: 	 Adding directory /afs/cern.ch/work/s/sthakur/xRavindra/MiniTree2017Data/CMSSW_10_4_0/biglib to tarball
DEBUG 2019-11-16 18:50:12.236 UTC: 	 Checking directory /afs/cern.ch/work/s/sthakur/xRavindra/MiniTree2017Data/CMSSW_10_4_0/module
DEBUG 2019-11-16 18:50:12.248 UTC: 	 Adding data directory /afs/cern.ch/work/s/sthakur/xRavindra/MiniTree2017Data/CMSSW_10_4_0/src/ExLep2017Tree/Selection/interface to tarball
DEBUG 2019-11-16 18:50:12.286 UTC: 	 Adding file ../../ExLep2017Tree/Selection/test/Fall17_V3_MC_PtResolution_AK8PF.txt to tarball
DEBUG 2019-11-16 18:50:12.287 UTC: 	 Adding file ../../ExLep2017Tree/Selection/test/Fall17_V3_MC_SF_AK8PF.txt to tarball
DEBUG 2019-11-16 18:50:12.453 UTC: 	 Uploading archive /afs/cern.ch/work/s/sthakur/xRavindra/MiniTree2017Data/CMSSW_10_4_0/src/ExLep2017Crab/crab/CrabMC_20191116/crab_ExLepEEZ_M250_MC_20191116/inputs/c93c23db-5918-4ba2-b59d-33fcdd99d7e6default.tgz (239 KB) to the CRAB cache. Using URI https://cmsweb.cern.ch/crabcache
DEBUG 2019-11-16 18:50:12.790 UTC: 	 Loading required information from the environment
DEBUG 2019-11-16 18:50:12.791 UTC: 	 Found CMSSW_10_4_0 for slc7_amd64_gcc700 with base /afs/cern.ch/work/s/sthakur/xRavindra/MiniTree2017Data/CMSSW_10_4_0
DEBUG 2019-11-16 18:50:12.791 UTC: 	 Making tarball in /afs/cern.ch/work/s/sthakur/xRavindra/MiniTree2017Data/CMSSW_10_4_0/src/ExLep2017Crab/crab/CrabMC_20191116/crab_ExLepEEZ_M250_MC_20191116/inputs/debugFiles.tgz
DEBUG 2019-11-16 18:50:12.832 UTC: 	 Uploading archive /afs/cern.ch/work/s/sthakur/xRavindra/MiniTree2017Data/CMSSW_10_4_0/src/ExLep2017Crab/crab/CrabMC_20191116/crab_ExLepEEZ_M250_MC_20191116/inputs/debugFiles.tgz (2 KB) to the CRAB cache. Using URI https://cmsweb.cern.ch/crabcache
DEBUG 2019-11-16 18:50:12.902 UTC: 	 Result uploading input files: 507d727782a582a9f7a2d368647bf642a606e46a11cd07c3ee5cf6132e84e729.tar.gz 
WARNING 2019-11-16 18:50:12.902 UTC: 	 Warning: The following output files will not be published, as they are not EDM files: ['ExLepEEZ_M250_MC_20191116_Ntuple.root']
INFO 2019-11-16 18:50:12.903 UTC: 	 Sending the request to the server at cmsweb.cern.ch
DEBUG 2019-11-16 18:50:12.903 UTC: 	 Submitting {'maxjobruntime': 1250, 'extrajdl': [], 'ignorelocality': 0, 'savelogsflag': 0, 'useparent': 0, 'asyncdest': 'T2_IN_TIFR', 'algoargs': 10, 'cachefilename': '507d727782a582a9f7a2d368647bf642a606e46a11cd07c3ee5cf6132e84e729.tar.gz', 'numcores': 1, 'addoutputfiles': [], 'generator': 'pythia', 'maxmemory': 2000, 'publishdbsurl': 'https://cmsweb.cern.ch/dbs/prod/phys03/DBSWriter', 'priority': 10, 'jobsw': 'CMSSW_10_4_0', 'edmoutfiles': [], 'userfiles': [], 'primarydataset': '', 'inputdata': '/ExcitedLepton_EEZ-250_TuneCP5_13TeV-pythia8/RunIIFall17MiniAODv2-PU2017_12Apr2018_94X_mc2017_realistic_v14-v1/MINIAODSIM', 'lfn': '/store/user/sthakur/ntuple_for2017MC_20191116/MC_20191116/ExLepEEZ_M250_MC_20191116', 'dryrun': 0, 'workflow': 'crab_ExLepEEZ_M250_MC_20191116', 'cacheurl': u'https://cmsweb.cern.ch/crabcache', 'nonprodsw': 1, 'tfileoutfiles': ['ExLepEEZ_M250_MC_20191116_Ntuple.root'], 'oneEventMode': 0, 'debugfilename': '1104d84bc3b69f4fa2c3e343f1cc45a551e44d67529d9974583dad968ec757c5.tar.gz', 'saveoutput': 1, 'publication': 1, 'jobarch': 'slc7_amd64_gcc700', 'totalunits': 0, 'splitalgo': 'FileBased', 'ignoreglobalblacklist': 0, 'nonvaliddata': 1, 'dbsurl': 'https://cmsweb.cern.ch/dbs/prod/global/DBSReader', 'publishgroupname': 0, 'jobtype': 'Analysis', 'publishname2': 'ExLepEEZ_M250_MC_20191116'} 
DEBUG 2019-11-16 18:50:12.903 UTC: 	 Encoded submit request: maxjobruntime=1250&ignorelocality=0&savelogsflag=0&useparent=0&asyncdest=T2_IN_TIFR&algoargs=10&cachefilename=507d727782a582a9f7a2d368647bf642a606e46a11cd07c3ee5cf6132e84e729.tar.gz&numcores=1&generator=pythia&maxmemory=2000&publishdbsurl=https%3A%2F%2Fcmsweb.cern.ch%2Fdbs%2Fprod%2Fphys03%2FDBSWriter&priority=10&jobsw=CMSSW_10_4_0&primarydataset=&inputdata=%2FExcitedLepton_EEZ-250_TuneCP5_13TeV-pythia8%2FRunIIFall17MiniAODv2-PU2017_12Apr2018_94X_mc2017_realistic_v14-v1%2FMINIAODSIM&lfn=%2Fstore%2Fuser%2Fsthakur%2Fntuple_for2017MC_20191116%2FMC_20191116%2FExLepEEZ_M250_MC_20191116&dryrun=0&workflow=crab_ExLepEEZ_M250_MC_20191116&cacheurl=https%3A%2F%2Fcmsweb.cern.ch%2Fcrabcache&nonprodsw=1&oneEventMode=0&debugfilename=1104d84bc3b69f4fa2c3e343f1cc45a551e44d67529d9974583dad968ec757c5.tar.gz&saveoutput=1&publication=1&jobarch=slc7_amd64_gcc700&totalunits=0&splitalgo=FileBased&ignoreglobalblacklist=0&nonvaliddata=1&dbsurl=https%3A%2F%2Fcmsweb.cern.ch%2Fdbs%2Fprod%2Fglobal%2FDBSReader&publishgroupname=0&jobtype=Analysis&publishname2=ExLepEEZ_M250_MC_20191116&tfileoutfiles=ExLepEEZ_M250_MC_20191116_Ntuple.root
DEBUG 2019-11-16 18:50:13.089 UTC: 	 Result: {u'result': [{u'RequestName': u'191116_185012:sthakur_crab_ExLepEEZ_M250_MC_20191116'}]}
INFO 2019-11-16 18:50:13.113 UTC: 	 Success: Your task has been delivered to the prod CRAB3 server.
INFO 2019-11-16 18:50:13.114 UTC: 	 Task name: 191116_185012:sthakur_crab_ExLepEEZ_M250_MC_20191116
INFO 2019-11-16 18:50:13.114 UTC: 	 Project dir: CrabMC_20191116/crab_ExLepEEZ_M250_MC_20191116
INFO 2019-11-16 18:50:13.114 UTC: 	 Please use 'crab status -d CrabMC_20191116/crab_ExLepEEZ_M250_MC_20191116' to check how the submission process proceeds.
DEBUG 2019-11-16 18:50:13.114 UTC: 	 About to return
DEBUG 2019-11-16 18:58:15.117 UTC: 	 Running on: Linux lxplus745.cern.ch 3.10.0-1062.4.1.el7.x86_64 #1 SMP Fri Oct 18 17:15:30 UTC 2019 x86_64 x86_64 x86_64 GNU/Linux - CentOS Linux 7 (Core)
DEBUG 2019-11-16 18:58:15.134 UTC: 	 OpenSSl version: OpenSSL 1.0.2k-fips  26 Jan 2017 (Library: OpenSSL 1.0.2d-fips 9 Jul 2015)
DEBUG 2019-11-16 18:58:15.134 UTC: 	 Executing command: 'status'
DEBUG 2019-11-16 18:58:15.135 UTC: 	 Found CRAB cache file /afs/cern.ch/user/s/sthakur/.crab3
DEBUG 2019-11-16 18:58:15.145 UTC: 	 Checking credentials
DEBUG 2019-11-16 18:58:15.145 UTC: 	 Found proxy file /tmp/x509up_u77410
DEBUG 2019-11-16 18:58:15.145 UTC: 	 Getting proxy life time left
DEBUG 2019-11-16 18:58:15.851 UTC: 	 Executing : 
 command : voms-proxy-info -file /tmp/x509up_u77410 -timeleft
 output : 39803

 error: 
 retcode : 0
DEBUG 2019-11-16 18:58:16.557 UTC: 	 Executing : 
 command : voms-proxy-info -file /tmp/x509up_u77410 -actimeleft
 output : 39802

 error: 
 retcode : 0
DEBUG 2019-11-16 18:58:16.557 UTC: 	 Proxy lifetime 39803 secs is different from voms extension lifetime 39802 secs for proxy: /tmp/x509up_u77410
DEBUG 2019-11-16 18:58:16.557 UTC: 	 Proxy valid for 11:03:22 hours
DEBUG 2019-11-16 18:58:16.772 UTC: 	 Executing : 
 command : openssl x509 -in ~/.globus/usercert.pem -subject -noout
 output : subject= /DC=ch/DC=cern/OU=Organic Units/OU=Users/CN=sthakur/CN=764789/CN=Shalini Thakur

 error: 
 retcode : 0
DEBUG 2019-11-16 18:58:16.772 UTC: 	 Checking credentials
DEBUG 2019-11-16 18:58:16.772 UTC: 	 Found proxy file /tmp/x509up_u77410
DEBUG 2019-11-16 18:58:16.772 UTC: 	 Getting proxy life time left
DEBUG 2019-11-16 18:58:17.480 UTC: 	 Executing : 
 command : voms-proxy-info -file /tmp/x509up_u77410 -timeleft
 output : 39801

 error: 
 retcode : 0
DEBUG 2019-11-16 18:58:18.187 UTC: 	 Executing : 
 command : voms-proxy-info -file /tmp/x509up_u77410 -actimeleft
 output : 39800

 error: 
 retcode : 0
DEBUG 2019-11-16 18:58:18.187 UTC: 	 Proxy lifetime 39801 secs is different from voms extension lifetime 39800 secs for proxy: /tmp/x509up_u77410
DEBUG 2019-11-16 18:58:18.187 UTC: 	 Proxy valid for 11:03:20 hours
DEBUG 2019-11-16 18:58:18.291 UTC: 	 Registering user credentials for server /DC=ch/DC=cern/OU=computers/CN=vocms(052|058|030|0118|0105|0109).cern.ch|/DC=ch/DC=cern/OU=computers/CN=crab-(preprod|prod)-tw(02|01).cern.ch
DEBUG 2019-11-16 18:58:18.407 UTC: 	 Executing : 
 command : openssl x509 -in ~/.globus/usercert.pem -subject -noout
 output : subject= /DC=ch/DC=cern/OU=Organic Units/OU=Users/CN=sthakur/CN=764789/CN=Shalini Thakur

 error: 
 retcode : 0
DEBUG 2019-11-16 18:58:18.408 UTC: 	 Getting myproxy life time left for myproxy.cern.ch
DEBUG 2019-11-16 18:58:18.408 UTC: 	 Calculating hash of /DC=ch/DC=cern/OU=Organic Units/OU=Users/CN=sthakur/CN=764789/CN=Shalini Thakur_cmsweb.cern.ch for credential name
DEBUG 2019-11-16 18:58:18.612 UTC: 	 Executing : 
 command : myproxy-info -l 9cd94953387eeee7bf4da2b7588630639ea1153b -s myproxy.cern.ch
 output : username: 9cd94953387eeee7bf4da2b7588630639ea1153b
owner: /DC=ch/DC=cern/OU=Organic Units/OU=Users/CN=sthakur/CN=764789/CN=Shalini Thakur
  renewal policy: /DC=ch/DC=cern/OU=computers/CN=vocms(052|058|030|0118|0105|0109).cern.ch|/DC=ch/DC=cern/OU=computers/CN=crab-(preprod|prod)-tw(02|01).cern.ch
  trusted retrieval policy: /DC=ch/DC=cern/OU=computers/CN=vocms(052|058|030|0118|0105|0109).cern.ch|/DC=ch/DC=cern/OU=computers/CN=crab-(preprod|prod)-tw(02|01).cern.ch
  timeleft: 590:35:01  (24.6 days)

 error: 
 retcode : 0
DEBUG 2019-11-16 18:58:18.613 UTC: 	 Myproxy is valid: 2126101
DEBUG 2019-11-16 18:58:18.614 UTC: 	 Command use: status
DEBUG 2019-11-16 18:58:18.614 UTC: 	 Options use: ['--verboseErrors', 'CrabMC_20191116/crab_ExLepEEZ_M250_MC_20191116']
DEBUG 2019-11-16 18:58:18.693 UTC: 	 CRABClient version: 3.3.1911.patch1
DEBUG 2019-11-16 18:58:18.693 UTC: 	 Instance is prod
DEBUG 2019-11-16 18:58:18.693 UTC: 	 Server base url is cmsweb.cern.ch
DEBUG 2019-11-16 18:58:18.693 UTC: 	 Command url /crabserver/prod/workflow
DEBUG 2019-11-16 18:58:18.835 UTC: 	 Got information from server oracle database: {u'result': [u'191116_185012:sthakur_crab_ExLepEEZ_M250_MC_20191116', u'None', u'None', u'SUBMITTED', u'SUBMIT', u'2019-11-16 18:50:13.031832', u'None', u'2019-11-16 18:51:14.865471', u'None', u'CMSSW_10_4_0', u'slc7_amd64_gcc700', u'/ExcitedLepton_EEZ-250_TuneCP5_13TeV-pythia8/RunIIFall17MiniAODv2-PU2017_12Apr2018_94X_mc2017_realistic_v14-v1/MINIAODSIM', u'T', u'0', u'[]', u'[]', u'FileBased', u"{'splitOnRun': False, 'halt_job_on_file_boundaries': False, 'files_per_job': 10, 'runs': [], 'lumis': []}", u'507d727782a582a9f7a2d368647bf642a606e46a11cd07c3ee5cf6132e84e729.tar.gz', u'https://cmsweb.cern.ch/crabcache', u'sthakur', u'/DC=ch/DC=cern/OU=Organic Units/OU=Users/CN=sthakur/CN=764789/CN=Shalini Thakur', u'cms', u'None', u'None', u'ExLepEEZ_M250_MC_20191116-00000000000000000000000000000000', u'F', u'T2_IN_TIFR', u'https://cmsweb.cern.ch/dbs/prod/global/DBSReader', u'https://cmsweb.cern.ch/dbs/prod/phys03/DBSWriter', u'T', u'[]', u"['ExLepEEZ_M250_MC_20191116_Ntuple.root']", u'[]', u'Analysis', u'pythia', u'None', u'{}', u'[]', u'F', u'crab-prod-tw01', u'[]', u'1250', u'1', u'2000', u'10', u'None', u'[]', u'http://vocms0196.cern.ch/mon/cms251/191116_185012:sthakur_crab_ExLepEEZ_M250_MC_20191116', u'None', u'[]', u'[]', u'https://cmsweb.cern.ch/crabserver/prod', u'cmsgwms-collector-global.cern.ch:9620,cmssrv623.fnal.gov:9620', u'crab3@vocms0196.cern.ch', u'F', u'[]', u'T', u'/store/user/sthakur/ntuple_for2017MC_20191116/MC_20191116/ExLepEEZ_M250_MC_20191116', u'F', u'None', u'F', u'None', u'ExcitedLepton_EEZ-250_TuneCP5_13TeV-pythia8', u'None', u'1104d84bc3b69f4fa2c3e343f1cc45a551e44d67529d9974583dad968ec757c5.tar.gz', u'44789110', u'filetransfers', u'F', u'2001:1458:d00:13::2e5', u'0.0', u'None'], u'desc': {u'columns': [u'tm_taskname', u'tm_activity', u'panda_jobset_id', u'tm_task_status', u'tm_task_command', u'tm_start_time', u'tm_start_injection', u'tm_end_injection', u'tm_task_failure', u'tm_job_sw', u'tm_job_arch', u'tm_input_dataset', u'tm_nonvalid_input_dataset', u'tm_use_parent', u'tm_site_whitelist', u'tm_site_blacklist', u'tm_split_algo', u'tm_split_args', u'tm_user_sandbox', u'tm_cache_url', u'tm_username', u'tm_user_dn', u'tm_user_vo', u'tm_user_role', u'tm_user_group', u'tm_publish_name', u'tm_publish_groupname', u'tm_asyncdest', u'tm_dbs_url', u'tm_publish_dbs_url', u'tm_publication', u'tm_outfiles', u'tm_tfile_outfiles', u'tm_edm_outfiles', u'tm_job_type', u'tm_generator', u'tm_events_per_lumi', u'tm_arguments', u'panda_resubmitted_jobs', u'tm_save_logs', u'tw_name', u'tm_user_infiles', u'tm_maxjobruntime', u'tm_numcores', u'tm_maxmemory', u'tm_priority', u'tm_output_dataset', u'tm_task_warnings', u'tm_user_webdir', u'tm_scriptexe', u'tm_scriptargs', u'tm_extrajdl', u'tm_asourl', u'tm_collector', u'tm_schedd', u'tm_dry_run', u'tm_user_files', u'tm_transfer_outputs', u'tm_output_lfn', u'tm_ignore_locality', u'tm_fail_limit', u'tm_one_event_mode', u'tm_secondary_input_dataset', u'tm_primary_dataset', u'tm_last_publication', u'tm_debug_files', u'clusterid', u'tm_asodb', u'tm_ignore_global_blacklist', u'tm_submitter_ip_addr', u'tm_totalunits', u'tm_ddm_reqid']}}
INFO 2019-11-16 18:58:18.836 UTC: 	 CRAB project directory:		/afs/cern.ch/work/s/sthakur/xRavindra/MiniTree2017Data/CMSSW_10_4_0/src/ExLep2017Crab/crab/CrabMC_20191116/crab_ExLepEEZ_M250_MC_20191116
INFO 2019-11-16 18:58:18.836 UTC: 	 Task name:			191116_185012:sthakur_crab_ExLepEEZ_M250_MC_20191116
INFO 2019-11-16 18:58:18.836 UTC: 	 Grid scheduler - Task Worker:	crab3@vocms0196.cern.ch - crab-prod-tw01
INFO 2019-11-16 18:58:18.836 UTC: 	 Status on the CRAB server:	SUBMITTED
INFO 2019-11-16 18:58:18.836 UTC: 	 Task URL to use for HELP:	https://cmsweb.cern.ch/crabserver/ui/task/191116_185012%3Asthakur_crab_ExLepEEZ_M250_MC_20191116
INFO 2019-11-16 18:58:18.836 UTC: 	 Dashboard monitoring URL:	https://monit-grafana.cern.ch/d/cmsTMDetail/cms-task-monitoring-task-view?orgId=11&var-user=sthakur&var-task=191116_185012%3Asthakur_crab_ExLepEEZ_M250_MC_20191116
INFO 2019-11-16 18:58:18.836 UTC: 	 In case of issues with the dashboard, please provide feedback to hn-cms-computing-tools@cern.ch
DEBUG 2019-11-16 18:58:18.836 UTC: 	 The CRAB server submitted your task to the Grid scheduler (cluster ID: 44789110)
DEBUG 2019-11-16 18:58:18.836 UTC: 	 Webdir is located at http://vocms0196.cern.ch/mon/cms251/191116_185012:sthakur_crab_ExLepEEZ_M250_MC_20191116
DEBUG 2019-11-16 18:58:18.963 UTC: 	 Proxied webdir is located at https://cmsweb.cern.ch/scheddmon/0196/cms251/191116_185012:sthakur_crab_ExLepEEZ_M250_MC_20191116
DEBUG 2019-11-16 18:58:18.963 UTC: 	 Retrieving 'status_cache' file from https://cmsweb.cern.ch/scheddmon/0196/cms251/191116_185012:sthakur_crab_ExLepEEZ_M250_MC_20191116/status_cache
DEBUG 2019-11-16 18:58:19.039 UTC: 	 Got information from status cache file: {'1': {'Retries': 0, 'WallDurations': [0], 'StartTimes': [], 'SubmitTimes': [1573930286.0], 'JobIds': ['44789113.0'], 'EndTimes': [], 'Restarts': 0, 'RecordedSite': False, 'State': 'idle', 'ResidentSetSize': [0], 'TotalUserCpuTimeHistory': [0.0], 'SiteHistory': ['Unknown'], 'TotalSysCpuTimeHistory': [0.0]}, '2': {'Retries': 0, 'WallDurations': [0], 'StartTimes': [], 'SubmitTimes': [1573930286.0], 'JobIds': ['44789112.0'], 'EndTimes': [], 'Restarts': 0, 'RecordedSite': False, 'State': 'idle', 'ResidentSetSize': [0], 'TotalUserCpuTimeHistory': [0.0], 'SiteHistory': ['Unknown'], 'TotalSysCpuTimeHistory': [0.0]}}
INFO 2019-11-16 18:58:19.039 UTC: 	 Status on the scheduler:	SUBMITTED
INFO 2019-11-16 18:58:19.039 UTC: 	 
Jobs status:                    idle         		100.0% (2/2)
INFO 2019-11-16 18:58:19.039 UTC: 	 
No publication information available yet
INFO 2019-11-16 18:58:19.074 UTC: 	 Log file is /afs/cern.ch/work/s/sthakur/xRavindra/MiniTree2017Data/CMSSW_10_4_0/src/ExLep2017Crab/crab/CrabMC_20191116/crab_ExLepEEZ_M250_MC_20191116/crab.log
DEBUG 2019-11-17 16:04:30.531 UTC: 	 Running on: Linux lxplus744.cern.ch 3.10.0-1062.4.1.el7.x86_64 #1 SMP Fri Oct 18 17:15:30 UTC 2019 x86_64 x86_64 x86_64 GNU/Linux - CentOS Linux 7 (Core)
DEBUG 2019-11-17 16:04:30.546 UTC: 	 OpenSSl version: OpenSSL 1.0.2k-fips  26 Jan 2017 (Library: OpenSSL 1.0.2d-fips 9 Jul 2015)
DEBUG 2019-11-17 16:04:30.546 UTC: 	 Executing command: 'status'
DEBUG 2019-11-17 16:04:30.546 UTC: 	 Found CRAB cache file /afs/cern.ch/user/s/sthakur/.crab3
DEBUG 2019-11-17 16:04:30.566 UTC: 	 Checking credentials
DEBUG 2019-11-17 16:04:30.566 UTC: 	 Found proxy file /tmp/x509up_u77410
DEBUG 2019-11-17 16:04:30.566 UTC: 	 Getting proxy life time left
DEBUG 2019-11-17 16:04:31.171 UTC: 	 Executing : 
 command : voms-proxy-info -file /tmp/x509up_u77410 -timeleft
 output : 43160

 error: 
 retcode : 0
DEBUG 2019-11-17 16:04:31.776 UTC: 	 Executing : 
 command : voms-proxy-info -file /tmp/x509up_u77410 -actimeleft
 output : 43160

 error: 
 retcode : 0
DEBUG 2019-11-17 16:04:31.776 UTC: 	 Proxy valid for 11:59:20 hours
DEBUG 2019-11-17 16:04:31.964 UTC: 	 Executing : 
 command : openssl x509 -in ~/.globus/usercert.pem -subject -noout
 output : subject= /DC=ch/DC=cern/OU=Organic Units/OU=Users/CN=sthakur/CN=764789/CN=Shalini Thakur

 error: 
 retcode : 0
DEBUG 2019-11-17 16:04:31.964 UTC: 	 Checking credentials
DEBUG 2019-11-17 16:04:31.965 UTC: 	 Found proxy file /tmp/x509up_u77410
DEBUG 2019-11-17 16:04:31.965 UTC: 	 Getting proxy life time left
DEBUG 2019-11-17 16:04:32.572 UTC: 	 Executing : 
 command : voms-proxy-info -file /tmp/x509up_u77410 -timeleft
 output : 43159

 error: 
 retcode : 0
DEBUG 2019-11-17 16:04:33.177 UTC: 	 Executing : 
 command : voms-proxy-info -file /tmp/x509up_u77410 -actimeleft
 output : 43158

 error: 
 retcode : 0
DEBUG 2019-11-17 16:04:33.177 UTC: 	 Proxy lifetime 43159 secs is different from voms extension lifetime 43158 secs for proxy: /tmp/x509up_u77410
DEBUG 2019-11-17 16:04:33.177 UTC: 	 Proxy valid for 11:59:18 hours
DEBUG 2019-11-17 16:04:33.250 UTC: 	 Registering user credentials for server /DC=ch/DC=cern/OU=computers/CN=vocms(052|058|030|0118|0105|0109).cern.ch|/DC=ch/DC=cern/OU=computers/CN=crab-(preprod|prod)-tw(02|01).cern.ch
DEBUG 2019-11-17 16:04:33.361 UTC: 	 Executing : 
 command : openssl x509 -in ~/.globus/usercert.pem -subject -noout
 output : subject= /DC=ch/DC=cern/OU=Organic Units/OU=Users/CN=sthakur/CN=764789/CN=Shalini Thakur

 error: 
 retcode : 0
DEBUG 2019-11-17 16:04:33.361 UTC: 	 Getting myproxy life time left for myproxy.cern.ch
DEBUG 2019-11-17 16:04:33.361 UTC: 	 Calculating hash of /DC=ch/DC=cern/OU=Organic Units/OU=Users/CN=sthakur/CN=764789/CN=Shalini Thakur_cmsweb.cern.ch for credential name
DEBUG 2019-11-17 16:04:33.565 UTC: 	 Executing : 
 command : myproxy-info -l 9cd94953387eeee7bf4da2b7588630639ea1153b -s myproxy.cern.ch
 output : username: 9cd94953387eeee7bf4da2b7588630639ea1153b
owner: /DC=ch/DC=cern/OU=Organic Units/OU=Users/CN=sthakur/CN=764789/CN=Shalini Thakur
  renewal policy: /DC=ch/DC=cern/OU=computers/CN=vocms(052|058|030|0118|0105|0109).cern.ch|/DC=ch/DC=cern/OU=computers/CN=crab-(preprod|prod)-tw(02|01).cern.ch
  trusted retrieval policy: /DC=ch/DC=cern/OU=computers/CN=vocms(052|058|030|0118|0105|0109).cern.ch|/DC=ch/DC=cern/OU=computers/CN=crab-(preprod|prod)-tw(02|01).cern.ch
  timeleft: 569:28:46  (23.7 days)

 error: 
 retcode : 0
DEBUG 2019-11-17 16:04:33.566 UTC: 	 Myproxy is valid: 2050126
DEBUG 2019-11-17 16:04:33.567 UTC: 	 Command use: status
DEBUG 2019-11-17 16:04:33.567 UTC: 	 Options use: ['--verboseErrors', 'CrabMC_20191116/crab_ExLepEEZ_M250_MC_20191116']
DEBUG 2019-11-17 16:04:33.636 UTC: 	 CRABClient version: 3.3.1911.patch1
DEBUG 2019-11-17 16:04:33.636 UTC: 	 Instance is prod
DEBUG 2019-11-17 16:04:33.636 UTC: 	 Server base url is cmsweb.cern.ch
DEBUG 2019-11-17 16:04:33.636 UTC: 	 Command url /crabserver/prod/workflow
DEBUG 2019-11-17 16:04:33.731 UTC: 	 Got information from server oracle database: {u'result': [u'191116_185012:sthakur_crab_ExLepEEZ_M250_MC_20191116', u'None', u'None', u'SUBMITTED', u'SUBMIT', u'2019-11-16 18:50:13.031832', u'None', u'2019-11-16 18:51:14.865471', u'None', u'CMSSW_10_4_0', u'slc7_amd64_gcc700', u'/ExcitedLepton_EEZ-250_TuneCP5_13TeV-pythia8/RunIIFall17MiniAODv2-PU2017_12Apr2018_94X_mc2017_realistic_v14-v1/MINIAODSIM', u'T', u'0', u'[]', u'[]', u'FileBased', u"{'splitOnRun': False, 'halt_job_on_file_boundaries': False, 'files_per_job': 10, 'runs': [], 'lumis': []}", u'507d727782a582a9f7a2d368647bf642a606e46a11cd07c3ee5cf6132e84e729.tar.gz', u'https://cmsweb.cern.ch/crabcache', u'sthakur', u'/DC=ch/DC=cern/OU=Organic Units/OU=Users/CN=sthakur/CN=764789/CN=Shalini Thakur', u'cms', u'None', u'None', u'ExLepEEZ_M250_MC_20191116-00000000000000000000000000000000', u'F', u'T2_IN_TIFR', u'https://cmsweb.cern.ch/dbs/prod/global/DBSReader', u'https://cmsweb.cern.ch/dbs/prod/phys03/DBSWriter', u'T', u'[]', u"['ExLepEEZ_M250_MC_20191116_Ntuple.root']", u'[]', u'Analysis', u'pythia', u'None', u'{}', u'[]', u'F', u'crab-prod-tw01', u'[]', u'1250', u'1', u'2000', u'10', u'None', u'[]', u'http://vocms0196.cern.ch/mon/cms251/191116_185012:sthakur_crab_ExLepEEZ_M250_MC_20191116', u'None', u'[]', u'[]', u'https://cmsweb.cern.ch/crabserver/prod', u'cmsgwms-collector-global.cern.ch:9620,cmssrv623.fnal.gov:9620', u'crab3@vocms0196.cern.ch', u'F', u'[]', u'T', u'/store/user/sthakur/ntuple_for2017MC_20191116/MC_20191116/ExLepEEZ_M250_MC_20191116', u'F', u'None', u'F', u'None', u'ExcitedLepton_EEZ-250_TuneCP5_13TeV-pythia8', u'None', u'1104d84bc3b69f4fa2c3e343f1cc45a551e44d67529d9974583dad968ec757c5.tar.gz', u'44789110', u'filetransfers', u'F', u'2001:1458:d00:13::2e5', u'0.0', u'None'], u'desc': {u'columns': [u'tm_taskname', u'tm_activity', u'panda_jobset_id', u'tm_task_status', u'tm_task_command', u'tm_start_time', u'tm_start_injection', u'tm_end_injection', u'tm_task_failure', u'tm_job_sw', u'tm_job_arch', u'tm_input_dataset', u'tm_nonvalid_input_dataset', u'tm_use_parent', u'tm_site_whitelist', u'tm_site_blacklist', u'tm_split_algo', u'tm_split_args', u'tm_user_sandbox', u'tm_cache_url', u'tm_username', u'tm_user_dn', u'tm_user_vo', u'tm_user_role', u'tm_user_group', u'tm_publish_name', u'tm_publish_groupname', u'tm_asyncdest', u'tm_dbs_url', u'tm_publish_dbs_url', u'tm_publication', u'tm_outfiles', u'tm_tfile_outfiles', u'tm_edm_outfiles', u'tm_job_type', u'tm_generator', u'tm_events_per_lumi', u'tm_arguments', u'panda_resubmitted_jobs', u'tm_save_logs', u'tw_name', u'tm_user_infiles', u'tm_maxjobruntime', u'tm_numcores', u'tm_maxmemory', u'tm_priority', u'tm_output_dataset', u'tm_task_warnings', u'tm_user_webdir', u'tm_scriptexe', u'tm_scriptargs', u'tm_extrajdl', u'tm_asourl', u'tm_collector', u'tm_schedd', u'tm_dry_run', u'tm_user_files', u'tm_transfer_outputs', u'tm_output_lfn', u'tm_ignore_locality', u'tm_fail_limit', u'tm_one_event_mode', u'tm_secondary_input_dataset', u'tm_primary_dataset', u'tm_last_publication', u'tm_debug_files', u'clusterid', u'tm_asodb', u'tm_ignore_global_blacklist', u'tm_submitter_ip_addr', u'tm_totalunits', u'tm_ddm_reqid']}}
INFO 2019-11-17 16:04:33.731 UTC: 	 CRAB project directory:		/afs/cern.ch/work/s/sthakur/xRavindra/MiniTree2017Data/CMSSW_10_4_0/src/ExLep2017Crab/crab/CrabMC_20191116/crab_ExLepEEZ_M250_MC_20191116
INFO 2019-11-17 16:04:33.732 UTC: 	 Task name:			191116_185012:sthakur_crab_ExLepEEZ_M250_MC_20191116
INFO 2019-11-17 16:04:33.732 UTC: 	 Grid scheduler - Task Worker:	crab3@vocms0196.cern.ch - crab-prod-tw01
INFO 2019-11-17 16:04:33.732 UTC: 	 Status on the CRAB server:	SUBMITTED
INFO 2019-11-17 16:04:33.732 UTC: 	 Task URL to use for HELP:	https://cmsweb.cern.ch/crabserver/ui/task/191116_185012%3Asthakur_crab_ExLepEEZ_M250_MC_20191116
INFO 2019-11-17 16:04:33.732 UTC: 	 Dashboard monitoring URL:	https://monit-grafana.cern.ch/d/cmsTMDetail/cms-task-monitoring-task-view?orgId=11&var-user=sthakur&var-task=191116_185012%3Asthakur_crab_ExLepEEZ_M250_MC_20191116
INFO 2019-11-17 16:04:33.732 UTC: 	 In case of issues with the dashboard, please provide feedback to hn-cms-computing-tools@cern.ch
DEBUG 2019-11-17 16:04:33.732 UTC: 	 The CRAB server submitted your task to the Grid scheduler (cluster ID: 44789110)
DEBUG 2019-11-17 16:04:33.732 UTC: 	 Webdir is located at http://vocms0196.cern.ch/mon/cms251/191116_185012:sthakur_crab_ExLepEEZ_M250_MC_20191116
DEBUG 2019-11-17 16:04:33.799 UTC: 	 Proxied webdir is located at https://cmsweb.cern.ch/scheddmon/0196/cms251/191116_185012:sthakur_crab_ExLepEEZ_M250_MC_20191116
DEBUG 2019-11-17 16:04:33.799 UTC: 	 Retrieving 'status_cache' file from https://cmsweb.cern.ch/scheddmon/0196/cms251/191116_185012:sthakur_crab_ExLepEEZ_M250_MC_20191116/status_cache
DEBUG 2019-11-17 16:04:33.902 UTC: 	 Got information from status cache file: {'1': {'Retries': 0, 'WallDurations': [9.0, 1198.0], 'StartTimes': [1573931214.0], 'SubmitTimes': [1573930286.0], 'JobIds': ['44789113.0'], 'EndTimes': [1573932412.0], 'Restarts': 0, 'RecordedSite': True, 'State': 'finished', 'ResidentSetSize': [822432], 'TotalUserCpuTimeHistory': [684], 'SiteHistory': ['Unknown', 'T2_US_Purdue'], 'TotalSysCpuTimeHistory': [23]}, '2': {'Retries': 0, 'WallDurations': [9.0, 1825.0], 'StartTimes': [1573930718.0], 'SubmitTimes': [1573930286.0], 'JobIds': ['44789112.0'], 'EndTimes': [1573932543.0], 'Restarts': 0, 'RecordedSite': True, 'State': 'finished', 'ResidentSetSize': [718732], 'TotalUserCpuTimeHistory': [1030], 'SiteHistory': ['Unknown', 'T2_US_Caltech'], 'TotalSysCpuTimeHistory': [38]}}
INFO 2019-11-17 16:04:33.902 UTC: 	 Status on the scheduler:	COMPLETED
INFO 2019-11-17 16:04:33.902 UTC: 	 
Jobs status:                    finished     		100.0% (2/2)
INFO 2019-11-17 16:04:34.089 UTC: 	 
No publication information available yet
INFO 2019-11-17 16:04:34.089 UTC: 	 
Warning: the max jobs runtime is less than 30% of the task requested value (1250 min), please consider to request a lower value for failed jobs (allowed through crab resubmit) and/or improve the jobs splitting (e.g. config.Data.splitting = 'Automatic') in a new task.
INFO 2019-11-17 16:04:34.089 UTC: 	 
Summary of run jobs:
 * Memory: 803MB min, 803MB max, 753MB ave
 * Runtime: 0:19:58 min, 0:30:25 max, 0:25:11 ave
 * CPU eff: 59% min, 59% max, 59% ave
 * Waste: 0:00:18 (1% of total)

INFO 2019-11-17 16:04:34.108 UTC: 	 Log file is /afs/cern.ch/work/s/sthakur/xRavindra/MiniTree2017Data/CMSSW_10_4_0/src/ExLep2017Crab/crab/CrabMC_20191116/crab_ExLepEEZ_M250_MC_20191116/crab.log
