DEBUG 2019-11-01 12:18:54.395 UTC: 	 Running on: Linux lxplus707.cern.ch 3.10.0-1062.1.2.el7.x86_64 #1 SMP Mon Sep 30 14:19:46 UTC 2019 x86_64 x86_64 x86_64 GNU/Linux
Description:	CentOS Linux release 7.7.1908 (Core) 

DEBUG 2019-11-01 12:18:54.395 UTC: 	 Executing command: 'submit'
DEBUG 2019-11-01 12:18:54.406 UTC: 	 Found CRAB cache file /afs/cern.ch/user/s/sthakur/.crab3
DEBUG 2019-11-01 12:18:54.413 UTC: 	 Checking credentials
DEBUG 2019-11-01 12:18:54.413 UTC: 	 Found proxy file /tmp/x509up_u77410
DEBUG 2019-11-01 12:18:54.414 UTC: 	 Getting proxy life time left
DEBUG 2019-11-01 12:18:55.120 UTC: 	 Executing : 
 command : voms-proxy-info -file /tmp/x509up_u77410 -timeleft
 output : 42663

 error: 
 retcode : 0
DEBUG 2019-11-01 12:18:55.827 UTC: 	 Executing : 
 command : voms-proxy-info -file /tmp/x509up_u77410 -actimeleft
 output : 42663

 error: 
 retcode : 0
DEBUG 2019-11-01 12:18:55.827 UTC: 	 Proxy valid for 11:51:03 hours
DEBUG 2019-11-01 12:18:55.827 UTC: 	 Will use CRAB Analysis plugin (i.e. will run an analysis job type).
DEBUG 2019-11-01 12:18:55.959 UTC: 	 Executing : 
 command : openssl x509 -in ~/.globus/usercert.pem -subject -noout
 output : subject= /DC=ch/DC=cern/OU=Organic Units/OU=Users/CN=sthakur/CN=764789/CN=Shalini Thakur

 error: 
 retcode : 0
DEBUG 2019-11-01 12:18:55.959 UTC: 	 Checking credentials
DEBUG 2019-11-01 12:18:55.959 UTC: 	 Found proxy file /tmp/x509up_u77410
DEBUG 2019-11-01 12:18:55.959 UTC: 	 Getting proxy life time left
DEBUG 2019-11-01 12:18:56.666 UTC: 	 Executing : 
 command : voms-proxy-info -file /tmp/x509up_u77410 -timeleft
 output : 42662

 error: 
 retcode : 0
DEBUG 2019-11-01 12:18:57.373 UTC: 	 Executing : 
 command : voms-proxy-info -file /tmp/x509up_u77410 -actimeleft
 output : 42661

 error: 
 retcode : 0
DEBUG 2019-11-01 12:18:57.373 UTC: 	 Proxy lifetime 42662 secs is different from voms extension lifetime 42661 secs for proxy: /tmp/x509up_u77410
DEBUG 2019-11-01 12:18:57.373 UTC: 	 Proxy valid for 11:51:01 hours
DEBUG 2019-11-01 12:18:58.079 UTC: 	 Executing : 
 command : env X509_USER_PROXY=/tmp/x509up_u77410 voms-proxy-info -fqan
 output : /cms/Role=NULL/Capability=NULL

 error: 
 retcode : 0
DEBUG 2019-11-01 12:18:58.172 UTC: 	 Registering user credentials for server /DC=ch/DC=cern/OU=computers/CN=vocms(052|058|030|0118|0105|0109).cern.ch|/DC=ch/DC=cern/OU=computers/CN=crab-(preprod|prod)-tw(02|01).cern.ch
DEBUG 2019-11-01 12:18:58.283 UTC: 	 Executing : 
 command : openssl x509 -in ~/.globus/usercert.pem -subject -noout
 output : subject= /DC=ch/DC=cern/OU=Organic Units/OU=Users/CN=sthakur/CN=764789/CN=Shalini Thakur

 error: 
 retcode : 0
DEBUG 2019-11-01 12:18:58.283 UTC: 	 Getting myproxy life time left for myproxy.cern.ch
DEBUG 2019-11-01 12:18:58.283 UTC: 	 Calculating hash of /DC=ch/DC=cern/OU=Organic Units/OU=Users/CN=sthakur/CN=764789/CN=Shalini Thakur_cmsweb.cern.ch for credential name
DEBUG 2019-11-01 12:18:58.689 UTC: 	 Executing : 
 command : myproxy-info -l 9cd94953387eeee7bf4da2b7588630639ea1153b -s myproxy.cern.ch
 output : username: 9cd94953387eeee7bf4da2b7588630639ea1153b
owner: /DC=ch/DC=cern/OU=Organic Units/OU=Users/CN=sthakur/CN=764789/CN=Shalini Thakur
  renewal policy: /DC=ch/DC=cern/OU=computers/CN=vocms(052|058|030|0118|0105|0109).cern.ch|/DC=ch/DC=cern/OU=computers/CN=crab-(preprod|prod)-tw(02|01).cern.ch
  trusted retrieval policy: /DC=ch/DC=cern/OU=computers/CN=vocms(052|058|030|0118|0105|0109).cern.ch|/DC=ch/DC=cern/OU=computers/CN=crab-(preprod|prod)-tw(02|01).cern.ch
  timeleft: 558:19:02  (23.3 days)

 error: 
 retcode : 0
DEBUG 2019-11-01 12:18:58.690 UTC: 	 Myproxy is valid: 2009942
DEBUG 2019-11-01 12:18:58.690 UTC: 	 Command use: submit
DEBUG 2019-11-01 12:18:58.690 UTC: 	 Options use: ['--config', <WMCore.Configuration.Configuration object at 0x7fbb6eca7f50>]
DEBUG 2019-11-01 12:18:58.762 UTC: 	 CRABClient version: 3.3.1910.patch2
DEBUG 2019-11-01 12:18:58.762 UTC: 	 Instance is prod
DEBUG 2019-11-01 12:18:58.762 UTC: 	 Server base url is cmsweb.cern.ch
DEBUG 2019-11-01 12:18:58.762 UTC: 	 Command url /crabserver/prod/workflow
DEBUG 2019-11-01 12:18:58.762 UTC: 	 Started submission
DEBUG 2019-11-01 12:18:58.762 UTC: 	 Working on /afs/cern.ch/work/s/sthakur/xRavindra/MiniTree2017Data/CMSSW_10_4_0/src/ExLep2017Crab/crab/CrabMC_20191101/crab_WZ_MC_20191101
DEBUG 2019-11-01 12:18:58.948 UTC: 	 Loading required information from the environment
DEBUG 2019-11-01 12:18:58.948 UTC: 	 Found CMSSW_10_4_0 for slc7_amd64_gcc700 with base /afs/cern.ch/work/s/sthakur/xRavindra/MiniTree2017Data/CMSSW_10_4_0
DEBUG 2019-11-01 12:18:58.948 UTC: 	 Loading required information from the environment
DEBUG 2019-11-01 12:18:58.948 UTC: 	 Found CMSSW_10_4_0 for slc7_amd64_gcc700 with base /afs/cern.ch/work/s/sthakur/xRavindra/MiniTree2017Data/CMSSW_10_4_0
DEBUG 2019-11-01 12:18:58.964 UTC: 	 UNIQUE NAME: tarUUID 990fe23e-d887-4699-8ae8-2b2129c7b981 
DEBUG 2019-11-01 12:18:58.965 UTC: 	 self.config: from WMCore.Configuration import Configuration
config = Configuration()
config.section_('General')
config.General.workArea = 'CrabMC_20191101'
config.General.transferOutputs = True
config.General.transferLogs = False
config.General.requestName = 'WZ_MC_20191101'
config.section_('JobType')
config.JobType.psetName = '20191101/config/WZ_MC_20191101_cfg.py'
config.JobType.pluginName = 'Analysis'
config.JobType.inputFiles = ['../../ExLep2017Tree/Selection/test/Fall17_V3_MC_PtResolution_AK8PF.txt', '../../ExLep2017Tree/Selection/test/Fall17_V3_MC_SF_AK8PF.txt']
config.JobType.allowUndistributedCMSSW = True
config.JobType.maxMemoryMB = 2000
config.section_('Data')
config.Data.inputDataset = '/WZ_TuneCP5_13TeV-pythia8/RunIIFall17MiniAODv2-PU2017_12Apr2018_94X_mc2017_realistic_v14-v1/MINIAODSIM'
config.Data.allowNonValidInputDataset = True
config.Data.unitsPerJob = 10
config.Data.inputDBS = 'global'
config.Data.splitting = 'FileBased'
config.Data.outputDatasetTag = 'WZ_MC_20191101'
config.Data.outLFNDirBase = '/store/user/sthakur/ntuple_for2017MC_20191101/MC_20191101/WZ_MC_20191101'
config.section_('Site')
config.Site.storageSite = 'T2_IN_TIFR'
config.section_('User')
config.section_('Debug')

DEBUG 2019-11-01 12:18:58.965 UTC: 	 self.config.JobType.psetName: 20191101/config/WZ_MC_20191101_cfg.py
INFO 2019-11-01 12:18:58.965 UTC: 	 Importing CMSSW configuration 20191101/config/WZ_MC_20191101_cfg.py
INFO 2019-11-01 12:18:59.351 UTC: 	 Finished importing CMSSW configuration 20191101/config/WZ_MC_20191101_cfg.py
DEBUG 2019-11-01 12:18:59.351 UTC: 	 Writing CMSSW configuration to /afs/cern.ch/work/s/sthakur/xRavindra/MiniTree2017Data/CMSSW_10_4_0/src/ExLep2017Crab/crab/CrabMC_20191101/crab_WZ_MC_20191101/inputs/PSet.py
DEBUG 2019-11-01 12:18:59.395 UTC: 	 The following EDM output files will be collected: []
DEBUG 2019-11-01 12:18:59.395 UTC: 	 The following TFile output files will be collected: ['WZ_MC_20191101_Ntuple.root']
DEBUG 2019-11-01 12:18:59.395 UTC: 	 The following user output files (not listed as PoolOuputModule or TFileService in the CMSSW PSet) will be collected: 
DEBUG 2019-11-01 12:18:59.395 UTC: 	 Loading required information from the environment
DEBUG 2019-11-01 12:18:59.395 UTC: 	 Found CMSSW_10_4_0 for slc7_amd64_gcc700 with base /afs/cern.ch/work/s/sthakur/xRavindra/MiniTree2017Data/CMSSW_10_4_0
DEBUG 2019-11-01 12:18:59.395 UTC: 	 Making tarball in /afs/cern.ch/work/s/sthakur/xRavindra/MiniTree2017Data/CMSSW_10_4_0/src/ExLep2017Crab/crab/CrabMC_20191101/crab_WZ_MC_20191101/inputs/990fe23e-d887-4699-8ae8-2b2129c7b981default.tgz
DEBUG 2019-11-01 12:18:59.396 UTC: 	 Checking directory /afs/cern.ch/work/s/sthakur/xRavindra/MiniTree2017Data/CMSSW_10_4_0/lib
DEBUG 2019-11-01 12:18:59.396 UTC: 	 Adding directory /afs/cern.ch/work/s/sthakur/xRavindra/MiniTree2017Data/CMSSW_10_4_0/lib to tarball
DEBUG 2019-11-01 12:18:59.408 UTC: 	 Checking directory /afs/cern.ch/work/s/sthakur/xRavindra/MiniTree2017Data/CMSSW_10_4_0/biglib
DEBUG 2019-11-01 12:18:59.408 UTC: 	 Adding directory /afs/cern.ch/work/s/sthakur/xRavindra/MiniTree2017Data/CMSSW_10_4_0/biglib to tarball
DEBUG 2019-11-01 12:18:59.409 UTC: 	 Checking directory /afs/cern.ch/work/s/sthakur/xRavindra/MiniTree2017Data/CMSSW_10_4_0/module
DEBUG 2019-11-01 12:18:59.417 UTC: 	 Adding data directory /afs/cern.ch/work/s/sthakur/xRavindra/MiniTree2017Data/CMSSW_10_4_0/src/ExLep2017Tree/Selection/interface to tarball
DEBUG 2019-11-01 12:18:59.437 UTC: 	 Adding file ../../ExLep2017Tree/Selection/test/Fall17_V3_MC_PtResolution_AK8PF.txt to tarball
DEBUG 2019-11-01 12:18:59.438 UTC: 	 Adding file ../../ExLep2017Tree/Selection/test/Fall17_V3_MC_SF_AK8PF.txt to tarball
DEBUG 2019-11-01 12:18:59.539 UTC: 	 Uploading archive /afs/cern.ch/work/s/sthakur/xRavindra/MiniTree2017Data/CMSSW_10_4_0/src/ExLep2017Crab/crab/CrabMC_20191101/crab_WZ_MC_20191101/inputs/990fe23e-d887-4699-8ae8-2b2129c7b981default.tgz (239 KB) to the CRAB cache. Using URI https://cmsweb.cern.ch/crabcache
DEBUG 2019-11-01 12:18:59.868 UTC: 	 Loading required information from the environment
DEBUG 2019-11-01 12:18:59.869 UTC: 	 Found CMSSW_10_4_0 for slc7_amd64_gcc700 with base /afs/cern.ch/work/s/sthakur/xRavindra/MiniTree2017Data/CMSSW_10_4_0
DEBUG 2019-11-01 12:18:59.869 UTC: 	 Making tarball in /afs/cern.ch/work/s/sthakur/xRavindra/MiniTree2017Data/CMSSW_10_4_0/src/ExLep2017Crab/crab/CrabMC_20191101/crab_WZ_MC_20191101/inputs/debugFiles.tgz
DEBUG 2019-11-01 12:18:59.874 UTC: 	 Uploading archive /afs/cern.ch/work/s/sthakur/xRavindra/MiniTree2017Data/CMSSW_10_4_0/src/ExLep2017Crab/crab/CrabMC_20191101/crab_WZ_MC_20191101/inputs/debugFiles.tgz (2 KB) to the CRAB cache. Using URI https://cmsweb.cern.ch/crabcache
DEBUG 2019-11-01 12:18:59.964 UTC: 	 Result uploading input files: 2eaa2e5807ba2b5296098946ba7ecc99db193b2c4065ccd1b7331a1af0074642.tar.gz 
WARNING 2019-11-01 12:18:59.965 UTC: 	 Warning: The following output files will not be published, as they are not EDM files: ['WZ_MC_20191101_Ntuple.root']
INFO 2019-11-01 12:18:59.965 UTC: 	 Sending the request to the server at cmsweb.cern.ch
DEBUG 2019-11-01 12:18:59.965 UTC: 	 Submitting {'maxjobruntime': 1250, 'extrajdl': [], 'ignorelocality': 0, 'savelogsflag': 0, 'useparent': 0, 'asyncdest': 'T2_IN_TIFR', 'algoargs': 10, 'cachefilename': '2eaa2e5807ba2b5296098946ba7ecc99db193b2c4065ccd1b7331a1af0074642.tar.gz', 'numcores': 1, 'addoutputfiles': [], 'generator': 'pythia', 'maxmemory': 2000, 'publishdbsurl': 'https://cmsweb.cern.ch/dbs/prod/phys03/DBSWriter', 'priority': 10, 'jobsw': 'CMSSW_10_4_0', 'edmoutfiles': [], 'userfiles': [], 'primarydataset': '', 'inputdata': '/WZ_TuneCP5_13TeV-pythia8/RunIIFall17MiniAODv2-PU2017_12Apr2018_94X_mc2017_realistic_v14-v1/MINIAODSIM', 'lfn': '/store/user/sthakur/ntuple_for2017MC_20191101/MC_20191101/WZ_MC_20191101', 'dryrun': 0, 'workflow': 'crab_WZ_MC_20191101', 'cacheurl': u'https://cmsweb.cern.ch/crabcache', 'nonprodsw': 1, 'tfileoutfiles': ['WZ_MC_20191101_Ntuple.root'], 'oneEventMode': 0, 'debugfilename': '8d6d596e208ca1db88efe28260e9933fa1ea3b5ada8476fd2448456f99b6255f.tar.gz', 'saveoutput': 1, 'publication': 1, 'jobarch': 'slc7_amd64_gcc700', 'totalunits': 0, 'splitalgo': 'FileBased', 'ignoreglobalblacklist': 0, 'nonvaliddata': 1, 'dbsurl': 'https://cmsweb.cern.ch/dbs/prod/global/DBSReader', 'publishgroupname': 0, 'jobtype': 'Analysis', 'publishname2': 'WZ_MC_20191101'} 
DEBUG 2019-11-01 12:18:59.965 UTC: 	 Encoded submit request: maxjobruntime=1250&ignorelocality=0&savelogsflag=0&useparent=0&asyncdest=T2_IN_TIFR&algoargs=10&cachefilename=2eaa2e5807ba2b5296098946ba7ecc99db193b2c4065ccd1b7331a1af0074642.tar.gz&numcores=1&generator=pythia&maxmemory=2000&publishdbsurl=https%3A%2F%2Fcmsweb.cern.ch%2Fdbs%2Fprod%2Fphys03%2FDBSWriter&priority=10&jobsw=CMSSW_10_4_0&primarydataset=&inputdata=%2FWZ_TuneCP5_13TeV-pythia8%2FRunIIFall17MiniAODv2-PU2017_12Apr2018_94X_mc2017_realistic_v14-v1%2FMINIAODSIM&lfn=%2Fstore%2Fuser%2Fsthakur%2Fntuple_for2017MC_20191101%2FMC_20191101%2FWZ_MC_20191101&dryrun=0&workflow=crab_WZ_MC_20191101&cacheurl=https%3A%2F%2Fcmsweb.cern.ch%2Fcrabcache&nonprodsw=1&oneEventMode=0&debugfilename=8d6d596e208ca1db88efe28260e9933fa1ea3b5ada8476fd2448456f99b6255f.tar.gz&saveoutput=1&publication=1&jobarch=slc7_amd64_gcc700&totalunits=0&splitalgo=FileBased&ignoreglobalblacklist=0&nonvaliddata=1&dbsurl=https%3A%2F%2Fcmsweb.cern.ch%2Fdbs%2Fprod%2Fglobal%2FDBSReader&publishgroupname=0&jobtype=Analysis&publishname2=WZ_MC_20191101&tfileoutfiles=WZ_MC_20191101_Ntuple.root
DEBUG 2019-11-01 12:19:00.344 UTC: 	 Result: {u'result': [{u'RequestName': u'191101_121900:sthakur_crab_WZ_MC_20191101'}]}
INFO 2019-11-01 12:19:00.348 UTC: 	 Success: Your task has been delivered to the prod CRAB3 server.
INFO 2019-11-01 12:19:00.348 UTC: 	 Task name: 191101_121900:sthakur_crab_WZ_MC_20191101
INFO 2019-11-01 12:19:00.348 UTC: 	 Project dir: CrabMC_20191101/crab_WZ_MC_20191101
INFO 2019-11-01 12:19:00.348 UTC: 	 Please use 'crab status -d CrabMC_20191101/crab_WZ_MC_20191101' to check how the submission process proceeds.
DEBUG 2019-11-01 12:19:00.348 UTC: 	 About to return
DEBUG 2019-11-01 12:50:16.941 UTC: 	 Running on: Linux lxplus707.cern.ch 3.10.0-1062.1.2.el7.x86_64 #1 SMP Mon Sep 30 14:19:46 UTC 2019 x86_64 x86_64 x86_64 GNU/Linux
Description:	CentOS Linux release 7.7.1908 (Core) 

DEBUG 2019-11-01 12:50:16.941 UTC: 	 Executing command: 'status'
DEBUG 2019-11-01 12:50:16.941 UTC: 	 Found CRAB cache file /afs/cern.ch/user/s/sthakur/.crab3
DEBUG 2019-11-01 12:50:16.952 UTC: 	 Checking credentials
DEBUG 2019-11-01 12:50:16.953 UTC: 	 Found proxy file /tmp/x509up_u77410
DEBUG 2019-11-01 12:50:16.953 UTC: 	 Getting proxy life time left
DEBUG 2019-11-01 12:50:17.658 UTC: 	 Executing : 
 command : voms-proxy-info -file /tmp/x509up_u77410 -timeleft
 output : 40781

 error: 
 retcode : 0
DEBUG 2019-11-01 12:50:18.363 UTC: 	 Executing : 
 command : voms-proxy-info -file /tmp/x509up_u77410 -actimeleft
 output : 40780

 error: 
 retcode : 0
DEBUG 2019-11-01 12:50:18.363 UTC: 	 Proxy lifetime 40781 secs is different from voms extension lifetime 40780 secs for proxy: /tmp/x509up_u77410
DEBUG 2019-11-01 12:50:18.363 UTC: 	 Proxy valid for 11:19:40 hours
DEBUG 2019-11-01 12:50:18.549 UTC: 	 Executing : 
 command : openssl x509 -in ~/.globus/usercert.pem -subject -noout
 output : subject= /DC=ch/DC=cern/OU=Organic Units/OU=Users/CN=sthakur/CN=764789/CN=Shalini Thakur

 error: 
 retcode : 0
DEBUG 2019-11-01 12:50:18.549 UTC: 	 Checking credentials
DEBUG 2019-11-01 12:50:18.549 UTC: 	 Found proxy file /tmp/x509up_u77410
DEBUG 2019-11-01 12:50:18.549 UTC: 	 Getting proxy life time left
DEBUG 2019-11-01 12:50:19.155 UTC: 	 Executing : 
 command : voms-proxy-info -file /tmp/x509up_u77410 -timeleft
 output : 40779

 error: 
 retcode : 0
DEBUG 2019-11-01 12:50:19.861 UTC: 	 Executing : 
 command : voms-proxy-info -file /tmp/x509up_u77410 -actimeleft
 output : 40779

 error: 
 retcode : 0
DEBUG 2019-11-01 12:50:19.862 UTC: 	 Proxy valid for 11:19:39 hours
DEBUG 2019-11-01 12:50:19.936 UTC: 	 Registering user credentials for server /DC=ch/DC=cern/OU=computers/CN=vocms(052|058|030|0118|0105|0109).cern.ch|/DC=ch/DC=cern/OU=computers/CN=crab-(preprod|prod)-tw(02|01).cern.ch
DEBUG 2019-11-01 12:50:20.048 UTC: 	 Executing : 
 command : openssl x509 -in ~/.globus/usercert.pem -subject -noout
 output : subject= /DC=ch/DC=cern/OU=Organic Units/OU=Users/CN=sthakur/CN=764789/CN=Shalini Thakur

 error: 
 retcode : 0
DEBUG 2019-11-01 12:50:20.048 UTC: 	 Getting myproxy life time left for myproxy.cern.ch
DEBUG 2019-11-01 12:50:20.048 UTC: 	 Calculating hash of /DC=ch/DC=cern/OU=Organic Units/OU=Users/CN=sthakur/CN=764789/CN=Shalini Thakur_cmsweb.cern.ch for credential name
DEBUG 2019-11-01 12:50:20.454 UTC: 	 Executing : 
 command : myproxy-info -l 9cd94953387eeee7bf4da2b7588630639ea1153b -s myproxy.cern.ch
 output : username: 9cd94953387eeee7bf4da2b7588630639ea1153b
owner: /DC=ch/DC=cern/OU=Organic Units/OU=Users/CN=sthakur/CN=764789/CN=Shalini Thakur
  renewal policy: /DC=ch/DC=cern/OU=computers/CN=vocms(052|058|030|0118|0105|0109).cern.ch|/DC=ch/DC=cern/OU=computers/CN=crab-(preprod|prod)-tw(02|01).cern.ch
  trusted retrieval policy: /DC=ch/DC=cern/OU=computers/CN=vocms(052|058|030|0118|0105|0109).cern.ch|/DC=ch/DC=cern/OU=computers/CN=crab-(preprod|prod)-tw(02|01).cern.ch
  timeleft: 557:47:40  (23.2 days)

 error: 
 retcode : 0
DEBUG 2019-11-01 12:50:20.455 UTC: 	 Myproxy is valid: 2008060
DEBUG 2019-11-01 12:50:20.456 UTC: 	 Command use: status
DEBUG 2019-11-01 12:50:20.456 UTC: 	 Options use: ['--verboseErrors', 'CrabMC_20191101/crab_WZ_MC_20191101']
DEBUG 2019-11-01 12:50:20.525 UTC: 	 CRABClient version: 3.3.1910.patch2
DEBUG 2019-11-01 12:50:20.525 UTC: 	 Instance is prod
DEBUG 2019-11-01 12:50:20.525 UTC: 	 Server base url is cmsweb.cern.ch
DEBUG 2019-11-01 12:50:20.525 UTC: 	 Command url /crabserver/prod/workflow
DEBUG 2019-11-01 12:50:20.683 UTC: 	 Got information from server oracle database: {u'result': [u'191101_121900:sthakur_crab_WZ_MC_20191101', u'None', u'None', u'SUBMITTED', u'SUBMIT', u'2019-11-01 12:19:00.211235', u'None', u'2019-11-01 12:19:52.797650', u'None', u'CMSSW_10_4_0', u'slc7_amd64_gcc700', u'/WZ_TuneCP5_13TeV-pythia8/RunIIFall17MiniAODv2-PU2017_12Apr2018_94X_mc2017_realistic_v14-v1/MINIAODSIM', u'T', u'0', u'[]', u'[]', u'FileBased', u"{'splitOnRun': False, 'halt_job_on_file_boundaries': False, 'files_per_job': 10, 'runs': [], 'lumis': []}", u'2eaa2e5807ba2b5296098946ba7ecc99db193b2c4065ccd1b7331a1af0074642.tar.gz', u'https://cmsweb.cern.ch/crabcache', u'sthakur', u'/DC=ch/DC=cern/OU=Organic Units/OU=Users/CN=sthakur/CN=764789/CN=Shalini Thakur', u'cms', u'None', u'None', u'WZ_MC_20191101-00000000000000000000000000000000', u'F', u'T2_IN_TIFR', u'https://cmsweb.cern.ch/dbs/prod/global/DBSReader', u'https://cmsweb.cern.ch/dbs/prod/phys03/DBSWriter', u'T', u'[]', u"['WZ_MC_20191101_Ntuple.root']", u'[]', u'Analysis', u'pythia', u'None', u'{}', u'[]', u'F', u'crab-prod-tw01', u'[]', u'1250', u'1', u'2000', u'10', u'None', u'[]', u'http://vocms0144.cern.ch/mon/cms251/191101_121900:sthakur_crab_WZ_MC_20191101', u'None', u'[]', u'[]', u'https://cmsweb.cern.ch/crabserver/prod', u'cmsgwms-collector-global.cern.ch:9620,cmssrv623.fnal.gov:9620', u'crab3@vocms0144.cern.ch', u'F', u'[]', u'T', u'/store/user/sthakur/ntuple_for2017MC_20191101/MC_20191101/WZ_MC_20191101', u'F', u'None', u'F', u'None', u'WZ_TuneCP5_13TeV-pythia8', u'None', u'8d6d596e208ca1db88efe28260e9933fa1ea3b5ada8476fd2448456f99b6255f.tar.gz', u'46405223', u'filetransfers', u'F', u'2001:1458:d00:2e::100:9b', u'0.0', u'None'], u'desc': {u'columns': [u'tm_taskname', u'tm_activity', u'panda_jobset_id', u'tm_task_status', u'tm_task_command', u'tm_start_time', u'tm_start_injection', u'tm_end_injection', u'tm_task_failure', u'tm_job_sw', u'tm_job_arch', u'tm_input_dataset', u'tm_nonvalid_input_dataset', u'tm_use_parent', u'tm_site_whitelist', u'tm_site_blacklist', u'tm_split_algo', u'tm_split_args', u'tm_user_sandbox', u'tm_cache_url', u'tm_username', u'tm_user_dn', u'tm_user_vo', u'tm_user_role', u'tm_user_group', u'tm_publish_name', u'tm_publish_groupname', u'tm_asyncdest', u'tm_dbs_url', u'tm_publish_dbs_url', u'tm_publication', u'tm_outfiles', u'tm_tfile_outfiles', u'tm_edm_outfiles', u'tm_job_type', u'tm_generator', u'tm_events_per_lumi', u'tm_arguments', u'panda_resubmitted_jobs', u'tm_save_logs', u'tw_name', u'tm_user_infiles', u'tm_maxjobruntime', u'tm_numcores', u'tm_maxmemory', u'tm_priority', u'tm_output_dataset', u'tm_task_warnings', u'tm_user_webdir', u'tm_scriptexe', u'tm_scriptargs', u'tm_extrajdl', u'tm_asourl', u'tm_collector', u'tm_schedd', u'tm_dry_run', u'tm_user_files', u'tm_transfer_outputs', u'tm_output_lfn', u'tm_ignore_locality', u'tm_fail_limit', u'tm_one_event_mode', u'tm_secondary_input_dataset', u'tm_primary_dataset', u'tm_last_publication', u'tm_debug_files', u'clusterid', u'tm_asodb', u'tm_ignore_global_blacklist', u'tm_submitter_ip_addr', u'tm_totalunits', u'tm_ddm_reqid']}}
INFO 2019-11-01 12:50:20.683 UTC: 	 CRAB project directory:		/afs/cern.ch/work/s/sthakur/xRavindra/MiniTree2017Data/CMSSW_10_4_0/src/ExLep2017Crab/crab/CrabMC_20191101/crab_WZ_MC_20191101
INFO 2019-11-01 12:50:20.684 UTC: 	 Task name:			191101_121900:sthakur_crab_WZ_MC_20191101
INFO 2019-11-01 12:50:20.684 UTC: 	 Grid scheduler - Task Worker:	crab3@vocms0144.cern.ch - crab-prod-tw01
INFO 2019-11-01 12:50:20.684 UTC: 	 Status on the CRAB server:	SUBMITTED
INFO 2019-11-01 12:50:20.684 UTC: 	 Task URL to use for HELP:	https://cmsweb.cern.ch/crabserver/ui/task/191101_121900%3Asthakur_crab_WZ_MC_20191101
INFO 2019-11-01 12:50:20.684 UTC: 	 Dashboard monitoring URL:	https://monit-grafana.cern.ch/d/cmsTMDetail/cms-task-monitoring-task-view?orgId=11&var-user=sthakur&var-task=191101_121900%3Asthakur_crab_WZ_MC_20191101
INFO 2019-11-01 12:50:20.684 UTC: 	 In case of issues with the dashboard, please provide feedback to hn-cms-computing-tools@cern.ch
DEBUG 2019-11-01 12:50:20.684 UTC: 	 The CRAB server submitted your task to the Grid scheduler (cluster ID: 46405223)
DEBUG 2019-11-01 12:50:20.684 UTC: 	 Webdir is located at http://vocms0144.cern.ch/mon/cms251/191101_121900:sthakur_crab_WZ_MC_20191101
DEBUG 2019-11-01 12:50:20.790 UTC: 	 Proxied webdir is located at https://cmsweb.cern.ch/scheddmon/0144/cms251/191101_121900:sthakur_crab_WZ_MC_20191101
DEBUG 2019-11-01 12:50:20.790 UTC: 	 Retrieving 'status_cache' file from https://cmsweb.cern.ch/scheddmon/0144/cms251/191101_121900:sthakur_crab_WZ_MC_20191101/status_cache
DEBUG 2019-11-01 12:50:20.839 UTC: 	 Got information from status cache file: {'1': {'Retries': 0, 'WallDurations': [9.0, 1211.0], 'StartTimes': [1572610911.0], 'SubmitTimes': [1572610805.0], 'JobIds': ['46405225.0'], 'EndTimes': [], 'Restarts': 0, 'RecordedSite': True, 'State': 'running', 'ResidentSetSize': [817156], 'TotalUserCpuTimeHistory': [565.0], 'SiteHistory': ['Unknown', 'T2_US_Florida'], 'TotalSysCpuTimeHistory': [23.0]}, '3': {'Retries': 0, 'WallDurations': [8.0, 1208.0], 'StartTimes': [1572610911.0], 'SubmitTimes': [1572610805.0], 'JobIds': ['46405227.0'], 'EndTimes': [], 'Restarts': 0, 'RecordedSite': True, 'State': 'running', 'ResidentSetSize': [731372], 'TotalUserCpuTimeHistory': [318.0], 'SiteHistory': ['Unknown', 'T2_US_Vanderbilt'], 'TotalSysCpuTimeHistory': [14.0]}, '2': {'Retries': 0, 'WallDurations': [8.0, 1208.0], 'StartTimes': [1572610912.0], 'SubmitTimes': [1572610805.0], 'JobIds': ['46405228.0'], 'EndTimes': [], 'Restarts': 0, 'RecordedSite': True, 'State': 'running', 'ResidentSetSize': [799356], 'TotalUserCpuTimeHistory': [1063.0], 'SiteHistory': ['Unknown', 'T2_US_UCSD'], 'TotalSysCpuTimeHistory': [44.0]}, '5': {'Retries': 0, 'WallDurations': [9.0, 610.0], 'StartTimes': [1572610909.0], 'SubmitTimes': [1572610805.0], 'JobIds': ['46405226.0'], 'EndTimes': [], 'Restarts': 0, 'RecordedSite': True, 'State': 'running', 'ResidentSetSize': [800220], 'TotalUserCpuTimeHistory': [265.0], 'SiteHistory': ['Unknown', 'T2_US_Wisconsin'], 'TotalSysCpuTimeHistory': [13.0]}, '4': {'Retries': 0, 'WallDurations': [9.0, 1212.0], 'StartTimes': [1572610908.0], 'SubmitTimes': [1572610810.0], 'JobIds': ['46405229.0'], 'EndTimes': [], 'Restarts': 0, 'RecordedSite': True, 'State': 'running', 'ResidentSetSize': [703400], 'TotalUserCpuTimeHistory': [400.0], 'SiteHistory': ['Unknown', 'T2_US_Wisconsin'], 'TotalSysCpuTimeHistory': [26.0]}}
INFO 2019-11-01 12:50:20.839 UTC: 	 Status on the scheduler:	SUBMITTED
INFO 2019-11-01 12:50:20.840 UTC: 	 
Jobs status:                    running      		100.0% (5/5)
INFO 2019-11-01 12:50:20.840 UTC: 	 
No publication information available yet
INFO 2019-11-01 12:50:20.846 UTC: 	 Log file is /afs/cern.ch/work/s/sthakur/xRavindra/MiniTree2017Data/CMSSW_10_4_0/src/ExLep2017Crab/crab/CrabMC_20191101/crab_WZ_MC_20191101/crab.log
DEBUG 2019-11-01 16:57:46.386 UTC: 	 Running on: Linux lxplus721.cern.ch 3.10.0-1062.1.2.el7.x86_64 #1 SMP Mon Sep 30 14:19:46 UTC 2019 x86_64 x86_64 x86_64 GNU/Linux
Description:	CentOS Linux release 7.7.1908 (Core) 

DEBUG 2019-11-01 16:57:46.386 UTC: 	 Executing command: 'status'
DEBUG 2019-11-01 16:57:46.387 UTC: 	 Found CRAB cache file /afs/cern.ch/user/s/sthakur/.crab3
DEBUG 2019-11-01 16:57:46.399 UTC: 	 Checking credentials
DEBUG 2019-11-01 16:57:46.399 UTC: 	 Found proxy file /tmp/x509up_u77410
DEBUG 2019-11-01 16:57:46.399 UTC: 	 Getting proxy life time left
DEBUG 2019-11-01 16:57:47.105 UTC: 	 Executing : 
 command : voms-proxy-info -file /tmp/x509up_u77410 -timeleft
 output : 42961

 error: 
 retcode : 0
DEBUG 2019-11-01 16:57:47.815 UTC: 	 Executing : 
 command : voms-proxy-info -file /tmp/x509up_u77410 -actimeleft
 output : 42961

 error: 
 retcode : 0
DEBUG 2019-11-01 16:57:47.815 UTC: 	 Proxy valid for 11:56:01 hours
DEBUG 2019-11-01 16:57:48.008 UTC: 	 Executing : 
 command : openssl x509 -in ~/.globus/usercert.pem -subject -noout
 output : subject= /DC=ch/DC=cern/OU=Organic Units/OU=Users/CN=sthakur/CN=764789/CN=Shalini Thakur

 error: 
 retcode : 0
DEBUG 2019-11-01 16:57:48.009 UTC: 	 Checking credentials
DEBUG 2019-11-01 16:57:48.009 UTC: 	 Found proxy file /tmp/x509up_u77410
DEBUG 2019-11-01 16:57:48.009 UTC: 	 Getting proxy life time left
DEBUG 2019-11-01 16:57:48.714 UTC: 	 Executing : 
 command : voms-proxy-info -file /tmp/x509up_u77410 -timeleft
 output : 42960

 error: 
 retcode : 0
DEBUG 2019-11-01 16:57:49.422 UTC: 	 Executing : 
 command : voms-proxy-info -file /tmp/x509up_u77410 -actimeleft
 output : 42959

 error: 
 retcode : 0
DEBUG 2019-11-01 16:57:49.422 UTC: 	 Proxy lifetime 42960 secs is different from voms extension lifetime 42959 secs for proxy: /tmp/x509up_u77410
DEBUG 2019-11-01 16:57:49.422 UTC: 	 Proxy valid for 11:55:59 hours
DEBUG 2019-11-01 16:57:49.495 UTC: 	 Registering user credentials for server /DC=ch/DC=cern/OU=computers/CN=vocms(052|058|030|0118|0105|0109).cern.ch|/DC=ch/DC=cern/OU=computers/CN=crab-(preprod|prod)-tw(02|01).cern.ch
DEBUG 2019-11-01 16:57:49.605 UTC: 	 Executing : 
 command : openssl x509 -in ~/.globus/usercert.pem -subject -noout
 output : subject= /DC=ch/DC=cern/OU=Organic Units/OU=Users/CN=sthakur/CN=764789/CN=Shalini Thakur

 error: 
 retcode : 0
DEBUG 2019-11-01 16:57:49.605 UTC: 	 Getting myproxy life time left for myproxy.cern.ch
DEBUG 2019-11-01 16:57:49.605 UTC: 	 Calculating hash of /DC=ch/DC=cern/OU=Organic Units/OU=Users/CN=sthakur/CN=764789/CN=Shalini Thakur_cmsweb.cern.ch for credential name
DEBUG 2019-11-01 16:57:49.914 UTC: 	 Executing : 
 command : myproxy-info -l 9cd94953387eeee7bf4da2b7588630639ea1153b -s myproxy.cern.ch
 output : username: 9cd94953387eeee7bf4da2b7588630639ea1153b
owner: /DC=ch/DC=cern/OU=Organic Units/OU=Users/CN=sthakur/CN=764789/CN=Shalini Thakur
  renewal policy: /DC=ch/DC=cern/OU=computers/CN=vocms(052|058|030|0118|0105|0109).cern.ch|/DC=ch/DC=cern/OU=computers/CN=crab-(preprod|prod)-tw(02|01).cern.ch
  trusted retrieval policy: /DC=ch/DC=cern/OU=computers/CN=vocms(052|058|030|0118|0105|0109).cern.ch|/DC=ch/DC=cern/OU=computers/CN=crab-(preprod|prod)-tw(02|01).cern.ch
  timeleft: 553:40:11  (23.1 days)

 error: 
 retcode : 0
DEBUG 2019-11-01 16:57:49.915 UTC: 	 Myproxy is valid: 1993211
DEBUG 2019-11-01 16:57:49.916 UTC: 	 Command use: status
DEBUG 2019-11-01 16:57:49.916 UTC: 	 Options use: ['--verboseErrors', 'CrabMC_20191101/crab_WZ_MC_20191101']
DEBUG 2019-11-01 16:57:49.998 UTC: 	 CRABClient version: 3.3.1910.patch2
DEBUG 2019-11-01 16:57:49.998 UTC: 	 Instance is prod
DEBUG 2019-11-01 16:57:49.998 UTC: 	 Server base url is cmsweb.cern.ch
DEBUG 2019-11-01 16:57:49.998 UTC: 	 Command url /crabserver/prod/workflow
DEBUG 2019-11-01 16:57:50.108 UTC: 	 Got information from server oracle database: {u'result': [u'191101_121900:sthakur_crab_WZ_MC_20191101', u'None', u'None', u'SUBMITTED', u'SUBMIT', u'2019-11-01 12:19:00.211235', u'None', u'2019-11-01 12:19:52.797650', u'None', u'CMSSW_10_4_0', u'slc7_amd64_gcc700', u'/WZ_TuneCP5_13TeV-pythia8/RunIIFall17MiniAODv2-PU2017_12Apr2018_94X_mc2017_realistic_v14-v1/MINIAODSIM', u'T', u'0', u'[]', u'[]', u'FileBased', u"{'splitOnRun': False, 'halt_job_on_file_boundaries': False, 'files_per_job': 10, 'runs': [], 'lumis': []}", u'2eaa2e5807ba2b5296098946ba7ecc99db193b2c4065ccd1b7331a1af0074642.tar.gz', u'https://cmsweb.cern.ch/crabcache', u'sthakur', u'/DC=ch/DC=cern/OU=Organic Units/OU=Users/CN=sthakur/CN=764789/CN=Shalini Thakur', u'cms', u'None', u'None', u'WZ_MC_20191101-00000000000000000000000000000000', u'F', u'T2_IN_TIFR', u'https://cmsweb.cern.ch/dbs/prod/global/DBSReader', u'https://cmsweb.cern.ch/dbs/prod/phys03/DBSWriter', u'T', u'[]', u"['WZ_MC_20191101_Ntuple.root']", u'[]', u'Analysis', u'pythia', u'None', u'{}', u'[]', u'F', u'crab-prod-tw01', u'[]', u'1250', u'1', u'2000', u'10', u'None', u'[]', u'http://vocms0144.cern.ch/mon/cms251/191101_121900:sthakur_crab_WZ_MC_20191101', u'None', u'[]', u'[]', u'https://cmsweb.cern.ch/crabserver/prod', u'cmsgwms-collector-global.cern.ch:9620,cmssrv623.fnal.gov:9620', u'crab3@vocms0144.cern.ch', u'F', u'[]', u'T', u'/store/user/sthakur/ntuple_for2017MC_20191101/MC_20191101/WZ_MC_20191101', u'F', u'None', u'F', u'None', u'WZ_TuneCP5_13TeV-pythia8', u'None', u'8d6d596e208ca1db88efe28260e9933fa1ea3b5ada8476fd2448456f99b6255f.tar.gz', u'46405223', u'filetransfers', u'F', u'2001:1458:d00:2e::100:9b', u'0.0', u'None'], u'desc': {u'columns': [u'tm_taskname', u'tm_activity', u'panda_jobset_id', u'tm_task_status', u'tm_task_command', u'tm_start_time', u'tm_start_injection', u'tm_end_injection', u'tm_task_failure', u'tm_job_sw', u'tm_job_arch', u'tm_input_dataset', u'tm_nonvalid_input_dataset', u'tm_use_parent', u'tm_site_whitelist', u'tm_site_blacklist', u'tm_split_algo', u'tm_split_args', u'tm_user_sandbox', u'tm_cache_url', u'tm_username', u'tm_user_dn', u'tm_user_vo', u'tm_user_role', u'tm_user_group', u'tm_publish_name', u'tm_publish_groupname', u'tm_asyncdest', u'tm_dbs_url', u'tm_publish_dbs_url', u'tm_publication', u'tm_outfiles', u'tm_tfile_outfiles', u'tm_edm_outfiles', u'tm_job_type', u'tm_generator', u'tm_events_per_lumi', u'tm_arguments', u'panda_resubmitted_jobs', u'tm_save_logs', u'tw_name', u'tm_user_infiles', u'tm_maxjobruntime', u'tm_numcores', u'tm_maxmemory', u'tm_priority', u'tm_output_dataset', u'tm_task_warnings', u'tm_user_webdir', u'tm_scriptexe', u'tm_scriptargs', u'tm_extrajdl', u'tm_asourl', u'tm_collector', u'tm_schedd', u'tm_dry_run', u'tm_user_files', u'tm_transfer_outputs', u'tm_output_lfn', u'tm_ignore_locality', u'tm_fail_limit', u'tm_one_event_mode', u'tm_secondary_input_dataset', u'tm_primary_dataset', u'tm_last_publication', u'tm_debug_files', u'clusterid', u'tm_asodb', u'tm_ignore_global_blacklist', u'tm_submitter_ip_addr', u'tm_totalunits', u'tm_ddm_reqid']}}
INFO 2019-11-01 16:57:50.108 UTC: 	 CRAB project directory:		/afs/cern.ch/work/s/sthakur/xRavindra/MiniTree2017Data/CMSSW_10_4_0/src/ExLep2017Crab/crab/CrabMC_20191101/crab_WZ_MC_20191101
INFO 2019-11-01 16:57:50.108 UTC: 	 Task name:			191101_121900:sthakur_crab_WZ_MC_20191101
INFO 2019-11-01 16:57:50.108 UTC: 	 Grid scheduler - Task Worker:	crab3@vocms0144.cern.ch - crab-prod-tw01
INFO 2019-11-01 16:57:50.109 UTC: 	 Status on the CRAB server:	SUBMITTED
INFO 2019-11-01 16:57:50.109 UTC: 	 Task URL to use for HELP:	https://cmsweb.cern.ch/crabserver/ui/task/191101_121900%3Asthakur_crab_WZ_MC_20191101
INFO 2019-11-01 16:57:50.109 UTC: 	 Dashboard monitoring URL:	https://monit-grafana.cern.ch/d/cmsTMDetail/cms-task-monitoring-task-view?orgId=11&var-user=sthakur&var-task=191101_121900%3Asthakur_crab_WZ_MC_20191101
INFO 2019-11-01 16:57:50.109 UTC: 	 In case of issues with the dashboard, please provide feedback to hn-cms-computing-tools@cern.ch
DEBUG 2019-11-01 16:57:50.109 UTC: 	 The CRAB server submitted your task to the Grid scheduler (cluster ID: 46405223)
DEBUG 2019-11-01 16:57:50.109 UTC: 	 Webdir is located at http://vocms0144.cern.ch/mon/cms251/191101_121900:sthakur_crab_WZ_MC_20191101
DEBUG 2019-11-01 16:57:50.180 UTC: 	 Proxied webdir is located at https://cmsweb.cern.ch/scheddmon/0144/cms251/191101_121900:sthakur_crab_WZ_MC_20191101
DEBUG 2019-11-01 16:57:50.180 UTC: 	 Retrieving 'status_cache' file from https://cmsweb.cern.ch/scheddmon/0144/cms251/191101_121900:sthakur_crab_WZ_MC_20191101/status_cache
DEBUG 2019-11-01 16:57:50.232 UTC: 	 Got information from status cache file: {'1': {'Retries': 0, 'WallDurations': [9.0, 11055.0], 'StartTimes': [1572610911.0], 'SubmitTimes': [1572610805.0], 'JobIds': ['46405225.0'], 'EndTimes': [1572621966.0], 'Restarts': 0, 'RecordedSite': True, 'State': 'finished', 'ResidentSetSize': [923576], 'TotalUserCpuTimeHistory': [7071], 'SiteHistory': ['Unknown', 'T2_US_Florida'], 'TotalSysCpuTimeHistory': [308]}, '3': {'Retries': 0, 'WallDurations': [8.0, 16405.0], 'StartTimes': [1572610911.0], 'SubmitTimes': [1572610805.0], 'JobIds': ['46405227.0'], 'EndTimes': [1572627316.0], 'Restarts': 0, 'RecordedSite': True, 'State': 'transferring', 'ResidentSetSize': [966836], 'TotalUserCpuTimeHistory': [9137], 'SiteHistory': ['Unknown', 'T2_US_Vanderbilt'], 'TotalSysCpuTimeHistory': [323]}, '2': {'Retries': 0, 'WallDurations': [8.0, 7043.0], 'StartTimes': [1572610912.0], 'SubmitTimes': [1572610805.0], 'JobIds': ['46405228.0'], 'EndTimes': [1572617955.0], 'Restarts': 0, 'RecordedSite': True, 'State': 'finished', 'ResidentSetSize': [799356], 'TotalUserCpuTimeHistory': [5316], 'SiteHistory': ['Unknown', 'T2_US_UCSD'], 'TotalSysCpuTimeHistory': [211]}, '5': {'Retries': 2, 'WallDurations': [9.0, 10417.0, 9.0, 3818.0, 10.0, 1214.0], 'StartTimes': [1572610909.0, 1572621870.0, 1572626033.0], 'SubmitTimes': [1572610805.0, 1572621400.0, 1572625820.0], 'JobIds': ['46405226.0', '46410998.0', '46415458.0'], 'EndTimes': [1572621326.0, 1572625688.0], 'Restarts': 0, 'RecordedSite': True, 'State': 'running', 'ResidentSetSize': [800220, 803296, 770208], 'TotalUserCpuTimeHistory': [5297, 1931, 969.0], 'SiteHistory': ['Unknown', 'T2_US_Wisconsin', 'Unknown', 'T2_US_Wisconsin', 'Unknown', 'T1_US_FNAL'], 'TotalSysCpuTimeHistory': [145, 97, 49.0]}, '4': {'Retries': 0, 'WallDurations': [9.0, 10953.0], 'StartTimes': [1572610908.0], 'SubmitTimes': [1572610810.0], 'JobIds': ['46405229.0'], 'EndTimes': [1572621861.0], 'Restarts': 0, 'RecordedSite': True, 'State': 'finished', 'ResidentSetSize': [759172], 'TotalUserCpuTimeHistory': [7705], 'SiteHistory': ['Unknown', 'T2_US_Wisconsin'], 'TotalSysCpuTimeHistory': [374]}}
INFO 2019-11-01 16:57:50.232 UTC: 	 Status on the scheduler:	SUBMITTED
INFO 2019-11-01 16:57:50.232 UTC: 	 
Jobs status:                    finished     		 60.0% (3/5)
INFO 2019-11-01 16:57:50.232 UTC: 	 				running      		 20.0% (1/5)
INFO 2019-11-01 16:57:50.232 UTC: 	 				transferring 		 20.0% (1/5)
INFO 2019-11-01 16:57:50.303 UTC: 	 
No publication information available yet
INFO 2019-11-01 16:57:50.303 UTC: 	 
Warning: the max jobs runtime is less than 30% of the task requested value (1250 min), please consider to request a lower value for failed jobs (allowed through crab resubmit) and/or improve the jobs splitting (e.g. config.Data.splitting = 'Automatic') in a new task.
INFO 2019-11-01 16:57:50.304 UTC: 	 
Summary of run jobs:
 * Memory: 901MB min, 944MB max, 842MB ave
 * Runtime: 0:20:14 min, 4:33:25 max, 3:09:24 ave
 * CPU eff: 58% min, 78% max, 67% ave
 * Waste: 0:00:34 (0% of total)

INFO 2019-11-01 16:57:50.328 UTC: 	 Log file is /afs/cern.ch/work/s/sthakur/xRavindra/MiniTree2017Data/CMSSW_10_4_0/src/ExLep2017Crab/crab/CrabMC_20191101/crab_WZ_MC_20191101/crab.log
DEBUG 2019-11-03 17:57:23.916 UTC: 	 Running on: Linux lxplus737.cern.ch 3.10.0-1062.1.2.el7.x86_64 #1 SMP Mon Sep 30 14:19:46 UTC 2019 x86_64 x86_64 x86_64 GNU/Linux
Description:	CentOS Linux release 7.7.1908 (Core) 

DEBUG 2019-11-03 17:57:23.916 UTC: 	 Executing command: 'status'
DEBUG 2019-11-03 17:57:23.916 UTC: 	 Found CRAB cache file /afs/cern.ch/user/s/sthakur/.crab3
DEBUG 2019-11-03 17:57:23.928 UTC: 	 Checking credentials
DEBUG 2019-11-03 17:57:23.929 UTC: 	 Found proxy file /tmp/x509up_u77410
DEBUG 2019-11-03 17:57:23.929 UTC: 	 Getting proxy life time left
DEBUG 2019-11-03 17:57:24.738 UTC: 	 Executing : 
 command : voms-proxy-info -file /tmp/x509up_u77410 -timeleft
 output : 42962

 error: 
 retcode : 0
DEBUG 2019-11-03 17:57:25.445 UTC: 	 Executing : 
 command : voms-proxy-info -file /tmp/x509up_u77410 -actimeleft
 output : 42961

 error: 
 retcode : 0
DEBUG 2019-11-03 17:57:25.445 UTC: 	 Proxy lifetime 42962 secs is different from voms extension lifetime 42961 secs for proxy: /tmp/x509up_u77410
DEBUG 2019-11-03 17:57:25.446 UTC: 	 Proxy valid for 11:56:01 hours
DEBUG 2019-11-03 17:57:25.676 UTC: 	 Executing : 
 command : openssl x509 -in ~/.globus/usercert.pem -subject -noout
 output : subject= /DC=ch/DC=cern/OU=Organic Units/OU=Users/CN=sthakur/CN=764789/CN=Shalini Thakur

 error: 
 retcode : 0
DEBUG 2019-11-03 17:57:25.676 UTC: 	 Checking credentials
DEBUG 2019-11-03 17:57:25.676 UTC: 	 Found proxy file /tmp/x509up_u77410
DEBUG 2019-11-03 17:57:25.676 UTC: 	 Getting proxy life time left
DEBUG 2019-11-03 17:57:26.382 UTC: 	 Executing : 
 command : voms-proxy-info -file /tmp/x509up_u77410 -timeleft
 output : 42960

 error: 
 retcode : 0
DEBUG 2019-11-03 17:57:27.090 UTC: 	 Executing : 
 command : voms-proxy-info -file /tmp/x509up_u77410 -actimeleft
 output : 42959

 error: 
 retcode : 0
DEBUG 2019-11-03 17:57:27.090 UTC: 	 Proxy lifetime 42960 secs is different from voms extension lifetime 42959 secs for proxy: /tmp/x509up_u77410
DEBUG 2019-11-03 17:57:27.091 UTC: 	 Proxy valid for 11:55:59 hours
DEBUG 2019-11-03 17:57:27.181 UTC: 	 Registering user credentials for server /DC=ch/DC=cern/OU=computers/CN=vocms(052|058|030|0118|0105|0109).cern.ch|/DC=ch/DC=cern/OU=computers/CN=crab-(preprod|prod)-tw(02|01).cern.ch
DEBUG 2019-11-03 17:57:27.296 UTC: 	 Executing : 
 command : openssl x509 -in ~/.globus/usercert.pem -subject -noout
 output : subject= /DC=ch/DC=cern/OU=Organic Units/OU=Users/CN=sthakur/CN=764789/CN=Shalini Thakur

 error: 
 retcode : 0
DEBUG 2019-11-03 17:57:27.296 UTC: 	 Getting myproxy life time left for myproxy.cern.ch
DEBUG 2019-11-03 17:57:27.296 UTC: 	 Calculating hash of /DC=ch/DC=cern/OU=Organic Units/OU=Users/CN=sthakur/CN=764789/CN=Shalini Thakur_cmsweb.cern.ch for credential name
DEBUG 2019-11-03 17:57:27.700 UTC: 	 Executing : 
 command : myproxy-info -l 9cd94953387eeee7bf4da2b7588630639ea1153b -s myproxy.cern.ch
 output : username: 9cd94953387eeee7bf4da2b7588630639ea1153b
owner: /DC=ch/DC=cern/OU=Organic Units/OU=Users/CN=sthakur/CN=764789/CN=Shalini Thakur
  renewal policy: /DC=ch/DC=cern/OU=computers/CN=vocms(052|058|030|0118|0105|0109).cern.ch|/DC=ch/DC=cern/OU=computers/CN=crab-(preprod|prod)-tw(02|01).cern.ch
  trusted retrieval policy: /DC=ch/DC=cern/OU=computers/CN=vocms(052|058|030|0118|0105|0109).cern.ch|/DC=ch/DC=cern/OU=computers/CN=crab-(preprod|prod)-tw(02|01).cern.ch
  timeleft: 504:40:33  (21.0 days)

 error: 
 retcode : 0
DEBUG 2019-11-03 17:57:27.702 UTC: 	 Myproxy is valid: 1816833
DEBUG 2019-11-03 17:57:27.703 UTC: 	 Command use: status
DEBUG 2019-11-03 17:57:27.703 UTC: 	 Options use: ['--verboseErrors', 'CrabMC_20191101/crab_WZ_MC_20191101']
DEBUG 2019-11-03 17:57:27.886 UTC: 	 CRABClient version: 3.3.1910.patch2
DEBUG 2019-11-03 17:57:27.886 UTC: 	 Instance is prod
DEBUG 2019-11-03 17:57:27.886 UTC: 	 Server base url is cmsweb.cern.ch
DEBUG 2019-11-03 17:57:27.886 UTC: 	 Command url /crabserver/prod/workflow
DEBUG 2019-11-03 17:57:28.175 UTC: 	 Got information from server oracle database: {u'result': [u'191101_121900:sthakur_crab_WZ_MC_20191101', u'None', u'None', u'SUBMITTED', u'SUBMIT', u'2019-11-01 12:19:00.211235', u'None', u'2019-11-01 12:19:52.797650', u'None', u'CMSSW_10_4_0', u'slc7_amd64_gcc700', u'/WZ_TuneCP5_13TeV-pythia8/RunIIFall17MiniAODv2-PU2017_12Apr2018_94X_mc2017_realistic_v14-v1/MINIAODSIM', u'T', u'0', u'[]', u'[]', u'FileBased', u"{'splitOnRun': False, 'halt_job_on_file_boundaries': False, 'files_per_job': 10, 'runs': [], 'lumis': []}", u'2eaa2e5807ba2b5296098946ba7ecc99db193b2c4065ccd1b7331a1af0074642.tar.gz', u'https://cmsweb.cern.ch/crabcache', u'sthakur', u'/DC=ch/DC=cern/OU=Organic Units/OU=Users/CN=sthakur/CN=764789/CN=Shalini Thakur', u'cms', u'None', u'None', u'WZ_MC_20191101-00000000000000000000000000000000', u'F', u'T2_IN_TIFR', u'https://cmsweb.cern.ch/dbs/prod/global/DBSReader', u'https://cmsweb.cern.ch/dbs/prod/phys03/DBSWriter', u'T', u'[]', u"['WZ_MC_20191101_Ntuple.root']", u'[]', u'Analysis', u'pythia', u'None', u'{}', u'[]', u'F', u'crab-prod-tw01', u'[]', u'1250', u'1', u'2000', u'10', u'None', u'[]', u'http://vocms0144.cern.ch/mon/cms251/191101_121900:sthakur_crab_WZ_MC_20191101', u'None', u'[]', u'[]', u'https://cmsweb.cern.ch/crabserver/prod', u'cmsgwms-collector-global.cern.ch:9620,cmssrv623.fnal.gov:9620', u'crab3@vocms0144.cern.ch', u'F', u'[]', u'T', u'/store/user/sthakur/ntuple_for2017MC_20191101/MC_20191101/WZ_MC_20191101', u'F', u'None', u'F', u'None', u'WZ_TuneCP5_13TeV-pythia8', u'None', u'8d6d596e208ca1db88efe28260e9933fa1ea3b5ada8476fd2448456f99b6255f.tar.gz', u'46405223', u'filetransfers', u'F', u'2001:1458:d00:2e::100:9b', u'0.0', u'None'], u'desc': {u'columns': [u'tm_taskname', u'tm_activity', u'panda_jobset_id', u'tm_task_status', u'tm_task_command', u'tm_start_time', u'tm_start_injection', u'tm_end_injection', u'tm_task_failure', u'tm_job_sw', u'tm_job_arch', u'tm_input_dataset', u'tm_nonvalid_input_dataset', u'tm_use_parent', u'tm_site_whitelist', u'tm_site_blacklist', u'tm_split_algo', u'tm_split_args', u'tm_user_sandbox', u'tm_cache_url', u'tm_username', u'tm_user_dn', u'tm_user_vo', u'tm_user_role', u'tm_user_group', u'tm_publish_name', u'tm_publish_groupname', u'tm_asyncdest', u'tm_dbs_url', u'tm_publish_dbs_url', u'tm_publication', u'tm_outfiles', u'tm_tfile_outfiles', u'tm_edm_outfiles', u'tm_job_type', u'tm_generator', u'tm_events_per_lumi', u'tm_arguments', u'panda_resubmitted_jobs', u'tm_save_logs', u'tw_name', u'tm_user_infiles', u'tm_maxjobruntime', u'tm_numcores', u'tm_maxmemory', u'tm_priority', u'tm_output_dataset', u'tm_task_warnings', u'tm_user_webdir', u'tm_scriptexe', u'tm_scriptargs', u'tm_extrajdl', u'tm_asourl', u'tm_collector', u'tm_schedd', u'tm_dry_run', u'tm_user_files', u'tm_transfer_outputs', u'tm_output_lfn', u'tm_ignore_locality', u'tm_fail_limit', u'tm_one_event_mode', u'tm_secondary_input_dataset', u'tm_primary_dataset', u'tm_last_publication', u'tm_debug_files', u'clusterid', u'tm_asodb', u'tm_ignore_global_blacklist', u'tm_submitter_ip_addr', u'tm_totalunits', u'tm_ddm_reqid']}}
INFO 2019-11-03 17:57:28.175 UTC: 	 CRAB project directory:		/afs/cern.ch/work/s/sthakur/xRavindra/MiniTree2017Data/CMSSW_10_4_0/src/ExLep2017Crab/crab/CrabMC_20191101/crab_WZ_MC_20191101
INFO 2019-11-03 17:57:28.175 UTC: 	 Task name:			191101_121900:sthakur_crab_WZ_MC_20191101
INFO 2019-11-03 17:57:28.176 UTC: 	 Grid scheduler - Task Worker:	crab3@vocms0144.cern.ch - crab-prod-tw01
INFO 2019-11-03 17:57:28.176 UTC: 	 Status on the CRAB server:	SUBMITTED
INFO 2019-11-03 17:57:28.176 UTC: 	 Task URL to use for HELP:	https://cmsweb.cern.ch/crabserver/ui/task/191101_121900%3Asthakur_crab_WZ_MC_20191101
INFO 2019-11-03 17:57:28.176 UTC: 	 Dashboard monitoring URL:	https://monit-grafana.cern.ch/d/cmsTMDetail/cms-task-monitoring-task-view?orgId=11&var-user=sthakur&var-task=191101_121900%3Asthakur_crab_WZ_MC_20191101
INFO 2019-11-03 17:57:28.176 UTC: 	 In case of issues with the dashboard, please provide feedback to hn-cms-computing-tools@cern.ch
DEBUG 2019-11-03 17:57:28.176 UTC: 	 The CRAB server submitted your task to the Grid scheduler (cluster ID: 46405223)
DEBUG 2019-11-03 17:57:28.176 UTC: 	 Webdir is located at http://vocms0144.cern.ch/mon/cms251/191101_121900:sthakur_crab_WZ_MC_20191101
DEBUG 2019-11-03 17:57:28.253 UTC: 	 Proxied webdir is located at https://cmsweb.cern.ch/scheddmon/0144/cms251/191101_121900:sthakur_crab_WZ_MC_20191101
DEBUG 2019-11-03 17:57:28.253 UTC: 	 Retrieving 'status_cache' file from https://cmsweb.cern.ch/scheddmon/0144/cms251/191101_121900:sthakur_crab_WZ_MC_20191101/status_cache
DEBUG 2019-11-03 17:57:29.269 UTC: 	 Got information from status cache file: {'1': {'Retries': 0, 'WallDurations': [9.0, 11055.0], 'StartTimes': [1572610911.0], 'SubmitTimes': [1572610805.0], 'JobIds': ['46405225.0'], 'EndTimes': [1572621966.0], 'Restarts': 0, 'RecordedSite': True, 'State': 'finished', 'ResidentSetSize': [923576], 'TotalUserCpuTimeHistory': [7071], 'SiteHistory': ['Unknown', 'T2_US_Florida'], 'TotalSysCpuTimeHistory': [308]}, '3': {'Retries': 0, 'WallDurations': [8.0, 16405.0], 'StartTimes': [1572610911.0], 'SubmitTimes': [1572610805.0], 'JobIds': ['46405227.0'], 'EndTimes': [1572627316.0], 'Restarts': 0, 'RecordedSite': True, 'State': 'finished', 'ResidentSetSize': [966836], 'TotalUserCpuTimeHistory': [9137], 'SiteHistory': ['Unknown', 'T2_US_Vanderbilt'], 'TotalSysCpuTimeHistory': [323]}, '2': {'Retries': 0, 'WallDurations': [8.0, 7043.0], 'StartTimes': [1572610912.0], 'SubmitTimes': [1572610805.0], 'JobIds': ['46405228.0'], 'EndTimes': [1572617955.0], 'Restarts': 0, 'RecordedSite': True, 'State': 'finished', 'ResidentSetSize': [799356], 'TotalUserCpuTimeHistory': [5316], 'SiteHistory': ['Unknown', 'T2_US_UCSD'], 'TotalSysCpuTimeHistory': [211]}, '5': {'Retries': 2, 'WallDurations': [9.0, 10417.0, 9.0, 3818.0, 10.0, 9398.0], 'StartTimes': [1572610909.0, 1572621870.0, 1572626033.0], 'SubmitTimes': [1572610805.0, 1572621400.0, 1572625820.0], 'JobIds': ['46405226.0', '46410998.0', '46415458.0'], 'EndTimes': [1572621326.0, 1572625688.0, 1572635431.0], 'Restarts': 0, 'RecordedSite': True, 'State': 'finished', 'ResidentSetSize': [800220, 803296, 794008], 'TotalUserCpuTimeHistory': [5297, 1931, 7845], 'SiteHistory': ['Unknown', 'T2_US_Wisconsin', 'Unknown', 'T2_US_Wisconsin', 'Unknown', 'T1_US_FNAL'], 'TotalSysCpuTimeHistory': [145, 97, 398]}, '4': {'Retries': 0, 'WallDurations': [9.0, 10953.0], 'StartTimes': [1572610908.0], 'SubmitTimes': [1572610810.0], 'JobIds': ['46405229.0'], 'EndTimes': [1572621861.0], 'Restarts': 0, 'RecordedSite': True, 'State': 'finished', 'ResidentSetSize': [759172], 'TotalUserCpuTimeHistory': [7705], 'SiteHistory': ['Unknown', 'T2_US_Wisconsin'], 'TotalSysCpuTimeHistory': [374]}}
INFO 2019-11-03 17:57:29.269 UTC: 	 Status on the scheduler:	COMPLETED
INFO 2019-11-03 17:57:29.270 UTC: 	 
Jobs status:                    finished     		100.0% (5/5)
INFO 2019-11-03 17:57:29.366 UTC: 	 
No publication information available yet
INFO 2019-11-03 17:57:29.367 UTC: 	 
Warning: the max jobs runtime is less than 30% of the task requested value (1250 min), please consider to request a lower value for failed jobs (allowed through crab resubmit) and/or improve the jobs splitting (e.g. config.Data.splitting = 'Automatic') in a new task.
INFO 2019-11-03 17:57:29.367 UTC: 	 
Summary of run jobs:
 * Memory: 901MB min, 944MB max, 829MB ave
 * Runtime: 1:57:23 min, 4:33:25 max, 3:02:50 ave
 * CPU eff: 58% min, 88% max, 71% ave
 * Waste: 3:58:17 (21% of total)

INFO 2019-11-03 17:57:29.384 UTC: 	 Log file is /afs/cern.ch/work/s/sthakur/xRavindra/MiniTree2017Data/CMSSW_10_4_0/src/ExLep2017Crab/crab/CrabMC_20191101/crab_WZ_MC_20191101/crab.log
DEBUG 2019-11-03 18:03:53.138 UTC: 	 Running on: Linux lxplus737.cern.ch 3.10.0-1062.1.2.el7.x86_64 #1 SMP Mon Sep 30 14:19:46 UTC 2019 x86_64 x86_64 x86_64 GNU/Linux
Description:	CentOS Linux release 7.7.1908 (Core) 

DEBUG 2019-11-03 18:03:53.138 UTC: 	 Executing command: 'resubmit'
DEBUG 2019-11-03 18:03:53.139 UTC: 	 Found CRAB cache file /afs/cern.ch/user/s/sthakur/.crab3
DEBUG 2019-11-03 18:03:53.146 UTC: 	 Checking credentials
DEBUG 2019-11-03 18:03:53.147 UTC: 	 Found proxy file /tmp/x509up_u77410
DEBUG 2019-11-03 18:03:53.147 UTC: 	 Getting proxy life time left
DEBUG 2019-11-03 18:03:53.852 UTC: 	 Executing : 
 command : voms-proxy-info -file /tmp/x509up_u77410 -timeleft
 output : 42573

 error: 
 retcode : 0
DEBUG 2019-11-03 18:03:54.559 UTC: 	 Executing : 
 command : voms-proxy-info -file /tmp/x509up_u77410 -actimeleft
 output : 42572

 error: 
 retcode : 0
DEBUG 2019-11-03 18:03:54.559 UTC: 	 Proxy lifetime 42573 secs is different from voms extension lifetime 42572 secs for proxy: /tmp/x509up_u77410
DEBUG 2019-11-03 18:03:54.559 UTC: 	 Proxy valid for 11:49:32 hours
DEBUG 2019-11-03 18:03:54.756 UTC: 	 Executing : 
 command : openssl x509 -in ~/.globus/usercert.pem -subject -noout
 output : subject= /DC=ch/DC=cern/OU=Organic Units/OU=Users/CN=sthakur/CN=764789/CN=Shalini Thakur

 error: 
 retcode : 0
DEBUG 2019-11-03 18:03:54.756 UTC: 	 Checking credentials
DEBUG 2019-11-03 18:03:54.756 UTC: 	 Found proxy file /tmp/x509up_u77410
DEBUG 2019-11-03 18:03:54.756 UTC: 	 Getting proxy life time left
DEBUG 2019-11-03 18:03:55.463 UTC: 	 Executing : 
 command : voms-proxy-info -file /tmp/x509up_u77410 -timeleft
 output : 42571

 error: 
 retcode : 0
DEBUG 2019-11-03 18:03:56.170 UTC: 	 Executing : 
 command : voms-proxy-info -file /tmp/x509up_u77410 -actimeleft
 output : 42570

 error: 
 retcode : 0
DEBUG 2019-11-03 18:03:56.170 UTC: 	 Proxy lifetime 42571 secs is different from voms extension lifetime 42570 secs for proxy: /tmp/x509up_u77410
DEBUG 2019-11-03 18:03:56.170 UTC: 	 Proxy valid for 11:49:30 hours
DEBUG 2019-11-03 18:03:56.246 UTC: 	 Registering user credentials for server /DC=ch/DC=cern/OU=computers/CN=vocms(052|058|030|0118|0105|0109).cern.ch|/DC=ch/DC=cern/OU=computers/CN=crab-(preprod|prod)-tw(02|01).cern.ch
DEBUG 2019-11-03 18:03:56.357 UTC: 	 Executing : 
 command : openssl x509 -in ~/.globus/usercert.pem -subject -noout
 output : subject= /DC=ch/DC=cern/OU=Organic Units/OU=Users/CN=sthakur/CN=764789/CN=Shalini Thakur

 error: 
 retcode : 0
DEBUG 2019-11-03 18:03:56.357 UTC: 	 Getting myproxy life time left for myproxy.cern.ch
DEBUG 2019-11-03 18:03:56.357 UTC: 	 Calculating hash of /DC=ch/DC=cern/OU=Organic Units/OU=Users/CN=sthakur/CN=764789/CN=Shalini Thakur_cmsweb.cern.ch for credential name
DEBUG 2019-11-03 18:03:56.663 UTC: 	 Executing : 
 command : myproxy-info -l 9cd94953387eeee7bf4da2b7588630639ea1153b -s myproxy.cern.ch
 output : username: 9cd94953387eeee7bf4da2b7588630639ea1153b
owner: /DC=ch/DC=cern/OU=Organic Units/OU=Users/CN=sthakur/CN=764789/CN=Shalini Thakur
  renewal policy: /DC=ch/DC=cern/OU=computers/CN=vocms(052|058|030|0118|0105|0109).cern.ch|/DC=ch/DC=cern/OU=computers/CN=crab-(preprod|prod)-tw(02|01).cern.ch
  trusted retrieval policy: /DC=ch/DC=cern/OU=computers/CN=vocms(052|058|030|0118|0105|0109).cern.ch|/DC=ch/DC=cern/OU=computers/CN=crab-(preprod|prod)-tw(02|01).cern.ch
  timeleft: 504:34:04  (21.0 days)

 error: 
 retcode : 0
DEBUG 2019-11-03 18:03:56.664 UTC: 	 Myproxy is valid: 1816444
DEBUG 2019-11-03 18:03:57.009 UTC: 	 Command use: resubmit
DEBUG 2019-11-03 18:03:57.009 UTC: 	 Options use: ['CrabMC_20191101/crab_WZ_MC_20191101']
DEBUG 2019-11-03 18:03:57.076 UTC: 	 CRABClient version: 3.3.1910.patch2
DEBUG 2019-11-03 18:03:57.076 UTC: 	 Instance is prod
DEBUG 2019-11-03 18:03:57.076 UTC: 	 Server base url is cmsweb.cern.ch
DEBUG 2019-11-03 18:03:57.076 UTC: 	 Command url /crabserver/prod/workflow
DEBUG 2019-11-03 18:03:57.110 UTC: 	 Running on: Linux lxplus737.cern.ch 3.10.0-1062.1.2.el7.x86_64 #1 SMP Mon Sep 30 14:19:46 UTC 2019 x86_64 x86_64 x86_64 GNU/Linux
Description:	CentOS Linux release 7.7.1908 (Core) 

DEBUG 2019-11-03 18:03:57.111 UTC: 	 Executing command: 'status'
DEBUG 2019-11-03 18:03:57.111 UTC: 	 Found CRAB cache file /afs/cern.ch/user/s/sthakur/.crab3
DEBUG 2019-11-03 18:03:57.118 UTC: 	 Checking credentials
DEBUG 2019-11-03 18:03:57.118 UTC: 	 Found proxy file /tmp/x509up_u77410
DEBUG 2019-11-03 18:03:57.118 UTC: 	 Getting proxy life time left
DEBUG 2019-11-03 18:03:57.826 UTC: 	 Executing : 
 command : voms-proxy-info -file /tmp/x509up_u77410 -timeleft
 output : 42569

 error: 
 retcode : 0
DEBUG 2019-11-03 18:03:58.533 UTC: 	 Executing : 
 command : voms-proxy-info -file /tmp/x509up_u77410 -actimeleft
 output : 42568

 error: 
 retcode : 0
DEBUG 2019-11-03 18:03:58.534 UTC: 	 Proxy lifetime 42569 secs is different from voms extension lifetime 42568 secs for proxy: /tmp/x509up_u77410
DEBUG 2019-11-03 18:03:58.534 UTC: 	 Proxy valid for 11:49:28 hours
DEBUG 2019-11-03 18:03:58.772 UTC: 	 Executing : 
 command : openssl x509 -in ~/.globus/usercert.pem -subject -noout
 output : subject= /DC=ch/DC=cern/OU=Organic Units/OU=Users/CN=sthakur/CN=764789/CN=Shalini Thakur

 error: 
 retcode : 0
DEBUG 2019-11-03 18:03:58.772 UTC: 	 Checking credentials
DEBUG 2019-11-03 18:03:58.772 UTC: 	 Found proxy file /tmp/x509up_u77410
DEBUG 2019-11-03 18:03:58.772 UTC: 	 Getting proxy life time left
DEBUG 2019-11-03 18:03:59.479 UTC: 	 Executing : 
 command : voms-proxy-info -file /tmp/x509up_u77410 -timeleft
 output : 42567

 error: 
 retcode : 0
DEBUG 2019-11-03 18:04:00.189 UTC: 	 Executing : 
 command : voms-proxy-info -file /tmp/x509up_u77410 -actimeleft
 output : 42566

 error: 
 retcode : 0
DEBUG 2019-11-03 18:04:00.189 UTC: 	 Proxy lifetime 42567 secs is different from voms extension lifetime 42566 secs for proxy: /tmp/x509up_u77410
DEBUG 2019-11-03 18:04:00.189 UTC: 	 Proxy valid for 11:49:26 hours
DEBUG 2019-11-03 18:04:00.279 UTC: 	 Registering user credentials for server /DC=ch/DC=cern/OU=computers/CN=vocms(052|058|030|0118|0105|0109).cern.ch|/DC=ch/DC=cern/OU=computers/CN=crab-(preprod|prod)-tw(02|01).cern.ch
DEBUG 2019-11-03 18:04:00.390 UTC: 	 Executing : 
 command : openssl x509 -in ~/.globus/usercert.pem -subject -noout
 output : subject= /DC=ch/DC=cern/OU=Organic Units/OU=Users/CN=sthakur/CN=764789/CN=Shalini Thakur

 error: 
 retcode : 0
DEBUG 2019-11-03 18:04:00.391 UTC: 	 Getting myproxy life time left for myproxy.cern.ch
DEBUG 2019-11-03 18:04:00.391 UTC: 	 Calculating hash of /DC=ch/DC=cern/OU=Organic Units/OU=Users/CN=sthakur/CN=764789/CN=Shalini Thakur_cmsweb.cern.ch for credential name
DEBUG 2019-11-03 18:04:00.696 UTC: 	 Executing : 
 command : myproxy-info -l 9cd94953387eeee7bf4da2b7588630639ea1153b -s myproxy.cern.ch
 output : username: 9cd94953387eeee7bf4da2b7588630639ea1153b
owner: /DC=ch/DC=cern/OU=Organic Units/OU=Users/CN=sthakur/CN=764789/CN=Shalini Thakur
  renewal policy: /DC=ch/DC=cern/OU=computers/CN=vocms(052|058|030|0118|0105|0109).cern.ch|/DC=ch/DC=cern/OU=computers/CN=crab-(preprod|prod)-tw(02|01).cern.ch
  trusted retrieval policy: /DC=ch/DC=cern/OU=computers/CN=vocms(052|058|030|0118|0105|0109).cern.ch|/DC=ch/DC=cern/OU=computers/CN=crab-(preprod|prod)-tw(02|01).cern.ch
  timeleft: 504:34:00  (21.0 days)

 error: 
 retcode : 0
DEBUG 2019-11-03 18:04:00.696 UTC: 	 Myproxy is valid: 1816440
DEBUG 2019-11-03 18:04:00.697 UTC: 	 Command use: status
DEBUG 2019-11-03 18:04:00.697 UTC: 	 Options use: []
DEBUG 2019-11-03 18:04:00.766 UTC: 	 CRABClient version: 3.3.1910.patch2
DEBUG 2019-11-03 18:04:00.766 UTC: 	 Instance is prod
DEBUG 2019-11-03 18:04:00.766 UTC: 	 Server base url is cmsweb.cern.ch
DEBUG 2019-11-03 18:04:00.766 UTC: 	 Command url /crabserver/prod/workflow
DEBUG 2019-11-03 18:04:00.858 UTC: 	 Got information from server oracle database: {u'result': [u'191101_121900:sthakur_crab_WZ_MC_20191101', u'None', u'None', u'SUBMITTED', u'SUBMIT', u'2019-11-01 12:19:00.211235', u'None', u'2019-11-01 12:19:52.797650', u'None', u'CMSSW_10_4_0', u'slc7_amd64_gcc700', u'/WZ_TuneCP5_13TeV-pythia8/RunIIFall17MiniAODv2-PU2017_12Apr2018_94X_mc2017_realistic_v14-v1/MINIAODSIM', u'T', u'0', u'[]', u'[]', u'FileBased', u"{'splitOnRun': False, 'halt_job_on_file_boundaries': False, 'files_per_job': 10, 'runs': [], 'lumis': []}", u'2eaa2e5807ba2b5296098946ba7ecc99db193b2c4065ccd1b7331a1af0074642.tar.gz', u'https://cmsweb.cern.ch/crabcache', u'sthakur', u'/DC=ch/DC=cern/OU=Organic Units/OU=Users/CN=sthakur/CN=764789/CN=Shalini Thakur', u'cms', u'None', u'None', u'WZ_MC_20191101-00000000000000000000000000000000', u'F', u'T2_IN_TIFR', u'https://cmsweb.cern.ch/dbs/prod/global/DBSReader', u'https://cmsweb.cern.ch/dbs/prod/phys03/DBSWriter', u'T', u'[]', u"['WZ_MC_20191101_Ntuple.root']", u'[]', u'Analysis', u'pythia', u'None', u'{}', u'[]', u'F', u'crab-prod-tw01', u'[]', u'1250', u'1', u'2000', u'10', u'None', u'[]', u'http://vocms0144.cern.ch/mon/cms251/191101_121900:sthakur_crab_WZ_MC_20191101', u'None', u'[]', u'[]', u'https://cmsweb.cern.ch/crabserver/prod', u'cmsgwms-collector-global.cern.ch:9620,cmssrv623.fnal.gov:9620', u'crab3@vocms0144.cern.ch', u'F', u'[]', u'T', u'/store/user/sthakur/ntuple_for2017MC_20191101/MC_20191101/WZ_MC_20191101', u'F', u'None', u'F', u'None', u'WZ_TuneCP5_13TeV-pythia8', u'None', u'8d6d596e208ca1db88efe28260e9933fa1ea3b5ada8476fd2448456f99b6255f.tar.gz', u'46405223', u'filetransfers', u'F', u'2001:1458:d00:2e::100:9b', u'0.0', u'None'], u'desc': {u'columns': [u'tm_taskname', u'tm_activity', u'panda_jobset_id', u'tm_task_status', u'tm_task_command', u'tm_start_time', u'tm_start_injection', u'tm_end_injection', u'tm_task_failure', u'tm_job_sw', u'tm_job_arch', u'tm_input_dataset', u'tm_nonvalid_input_dataset', u'tm_use_parent', u'tm_site_whitelist', u'tm_site_blacklist', u'tm_split_algo', u'tm_split_args', u'tm_user_sandbox', u'tm_cache_url', u'tm_username', u'tm_user_dn', u'tm_user_vo', u'tm_user_role', u'tm_user_group', u'tm_publish_name', u'tm_publish_groupname', u'tm_asyncdest', u'tm_dbs_url', u'tm_publish_dbs_url', u'tm_publication', u'tm_outfiles', u'tm_tfile_outfiles', u'tm_edm_outfiles', u'tm_job_type', u'tm_generator', u'tm_events_per_lumi', u'tm_arguments', u'panda_resubmitted_jobs', u'tm_save_logs', u'tw_name', u'tm_user_infiles', u'tm_maxjobruntime', u'tm_numcores', u'tm_maxmemory', u'tm_priority', u'tm_output_dataset', u'tm_task_warnings', u'tm_user_webdir', u'tm_scriptexe', u'tm_scriptargs', u'tm_extrajdl', u'tm_asourl', u'tm_collector', u'tm_schedd', u'tm_dry_run', u'tm_user_files', u'tm_transfer_outputs', u'tm_output_lfn', u'tm_ignore_locality', u'tm_fail_limit', u'tm_one_event_mode', u'tm_secondary_input_dataset', u'tm_primary_dataset', u'tm_last_publication', u'tm_debug_files', u'clusterid', u'tm_asodb', u'tm_ignore_global_blacklist', u'tm_submitter_ip_addr', u'tm_totalunits', u'tm_ddm_reqid']}}
INFO 2019-11-03 18:04:00.859 UTC: 	 CRAB project directory:		/afs/cern.ch/work/s/sthakur/xRavindra/MiniTree2017Data/CMSSW_10_4_0/src/ExLep2017Crab/crab/CrabMC_20191101/crab_WZ_MC_20191101
INFO 2019-11-03 18:04:00.859 UTC: 	 Task name:			191101_121900:sthakur_crab_WZ_MC_20191101
INFO 2019-11-03 18:04:00.859 UTC: 	 Grid scheduler - Task Worker:	crab3@vocms0144.cern.ch - crab-prod-tw01
INFO 2019-11-03 18:04:00.859 UTC: 	 Status on the CRAB server:	SUBMITTED
INFO 2019-11-03 18:04:00.859 UTC: 	 Task URL to use for HELP:	https://cmsweb.cern.ch/crabserver/ui/task/191101_121900%3Asthakur_crab_WZ_MC_20191101
INFO 2019-11-03 18:04:00.859 UTC: 	 Dashboard monitoring URL:	https://monit-grafana.cern.ch/d/cmsTMDetail/cms-task-monitoring-task-view?orgId=11&var-user=sthakur&var-task=191101_121900%3Asthakur_crab_WZ_MC_20191101
INFO 2019-11-03 18:04:00.859 UTC: 	 In case of issues with the dashboard, please provide feedback to hn-cms-computing-tools@cern.ch
DEBUG 2019-11-03 18:04:00.859 UTC: 	 The CRAB server submitted your task to the Grid scheduler (cluster ID: 46405223)
DEBUG 2019-11-03 18:04:00.859 UTC: 	 Webdir is located at http://vocms0144.cern.ch/mon/cms251/191101_121900:sthakur_crab_WZ_MC_20191101
DEBUG 2019-11-03 18:04:01.070 UTC: 	 Proxied webdir is located at https://cmsweb.cern.ch/scheddmon/0144/cms251/191101_121900:sthakur_crab_WZ_MC_20191101
DEBUG 2019-11-03 18:04:01.070 UTC: 	 Retrieving 'status_cache' file from https://cmsweb.cern.ch/scheddmon/0144/cms251/191101_121900:sthakur_crab_WZ_MC_20191101/status_cache
DEBUG 2019-11-03 18:04:01.120 UTC: 	 Got information from status cache file: {'1': {'Retries': 0, 'WallDurations': [9.0, 11055.0], 'StartTimes': [1572610911.0], 'SubmitTimes': [1572610805.0], 'JobIds': ['46405225.0'], 'EndTimes': [1572621966.0], 'Restarts': 0, 'RecordedSite': True, 'State': 'finished', 'ResidentSetSize': [923576], 'TotalUserCpuTimeHistory': [7071], 'SiteHistory': ['Unknown', 'T2_US_Florida'], 'TotalSysCpuTimeHistory': [308]}, '3': {'Retries': 0, 'WallDurations': [8.0, 16405.0], 'StartTimes': [1572610911.0], 'SubmitTimes': [1572610805.0], 'JobIds': ['46405227.0'], 'EndTimes': [1572627316.0], 'Restarts': 0, 'RecordedSite': True, 'State': 'finished', 'ResidentSetSize': [966836], 'TotalUserCpuTimeHistory': [9137], 'SiteHistory': ['Unknown', 'T2_US_Vanderbilt'], 'TotalSysCpuTimeHistory': [323]}, '2': {'Retries': 0, 'WallDurations': [8.0, 7043.0], 'StartTimes': [1572610912.0], 'SubmitTimes': [1572610805.0], 'JobIds': ['46405228.0'], 'EndTimes': [1572617955.0], 'Restarts': 0, 'RecordedSite': True, 'State': 'finished', 'ResidentSetSize': [799356], 'TotalUserCpuTimeHistory': [5316], 'SiteHistory': ['Unknown', 'T2_US_UCSD'], 'TotalSysCpuTimeHistory': [211]}, '5': {'Retries': 2, 'WallDurations': [9.0, 10417.0, 9.0, 3818.0, 10.0, 9398.0], 'StartTimes': [1572610909.0, 1572621870.0, 1572626033.0], 'SubmitTimes': [1572610805.0, 1572621400.0, 1572625820.0], 'JobIds': ['46405226.0', '46410998.0', '46415458.0'], 'EndTimes': [1572621326.0, 1572625688.0, 1572635431.0], 'Restarts': 0, 'RecordedSite': True, 'State': 'finished', 'ResidentSetSize': [800220, 803296, 794008], 'TotalUserCpuTimeHistory': [5297, 1931, 7845], 'SiteHistory': ['Unknown', 'T2_US_Wisconsin', 'Unknown', 'T2_US_Wisconsin', 'Unknown', 'T1_US_FNAL'], 'TotalSysCpuTimeHistory': [145, 97, 398]}, '4': {'Retries': 0, 'WallDurations': [9.0, 10953.0], 'StartTimes': [1572610908.0], 'SubmitTimes': [1572610810.0], 'JobIds': ['46405229.0'], 'EndTimes': [1572621861.0], 'Restarts': 0, 'RecordedSite': True, 'State': 'finished', 'ResidentSetSize': [759172], 'TotalUserCpuTimeHistory': [7705], 'SiteHistory': ['Unknown', 'T2_US_Wisconsin'], 'TotalSysCpuTimeHistory': [374]}}
INFO 2019-11-03 18:04:01.120 UTC: 	 Status on the scheduler:	COMPLETED
INFO 2019-11-03 18:04:01.120 UTC: 	 
Jobs status:                    finished     		100.0% (5/5)
INFO 2019-11-03 18:04:01.195 UTC: 	 
No publication information available yet
INFO 2019-11-03 18:04:01.195 UTC: 	 
Warning: the max jobs runtime is less than 30% of the task requested value (1250 min), please consider to request a lower value for failed jobs (allowed through crab resubmit) and/or improve the jobs splitting (e.g. config.Data.splitting = 'Automatic') in a new task.
INFO 2019-11-03 18:04:01.195 UTC: 	 
Summary of run jobs:
 * Memory: 901MB min, 944MB max, 829MB ave
 * Runtime: 1:57:23 min, 4:33:25 max, 3:02:50 ave
 * CPU eff: 58% min, 88% max, 71% ave
 * Waste: 3:58:17 (21% of total)

DEBUG 2019-11-03 18:04:01.199 UTC: 	 Requesting resubmission of failed jobs in task 191101_121900:sthakur_crab_WZ_MC_20191101
ERROR 2019-11-03 18:04:01.199 UTC: 	 Found no jobs to resubmit. Only jobs in status failed can be resubmitted. Jobs in status finished can also be resubmitted, but only if the jobids are specified and the force option is set.
ERROR 2019-11-03 18:04:01.199 UTC: 	 Caught exception
Traceback (most recent call last):
  File "/cvmfs/cms.cern.ch/crab3/slc6_amd64_gcc493/cms/crabclient/3.3.1910.patch2/bin/crab", line 160, in <module>
    client()
  File "/cvmfs/cms.cern.ch/crab3/slc6_amd64_gcc493/cms/crabclient/3.3.1910.patch2/bin/crab", line 147, in __call__
    self.cmd()
  File "/cvmfs/cms.cern.ch/crab3/slc6_amd64_gcc493/cms/crabclient/3.3.1910.patch2/lib/python2.7/site-packages/CRABClient/Commands/resubmit.py", line 63, in __call__
    self.jobids = self.processJobIds(jobList)
  File "/cvmfs/cms.cern.ch/crab3/slc6_amd64_gcc493/cms/crabclient/3.3.1910.patch2/lib/python2.7/site-packages/CRABClient/Commands/resubmit.py", line 172, in processJobIds
    raise ConfigurationException(msg)
ConfigurationException: Found no jobs to resubmit. Only jobs in status failed can be resubmitted. Jobs in status finished can also be resubmitted, but only if the jobids are specified and the force option is set.
DEBUG 2019-11-04 17:53:26.691 UTC: 	 Running on: Linux lxplus794.cern.ch 3.10.0-1062.4.1.el7.x86_64 #1 SMP Fri Oct 18 17:15:30 UTC 2019 x86_64 x86_64 x86_64 GNU/Linux
Description:	CentOS Linux release 7.7.1908 (Core) 

DEBUG 2019-11-04 17:53:26.691 UTC: 	 Executing command: 'status'
DEBUG 2019-11-04 17:53:26.691 UTC: 	 Found CRAB cache file /afs/cern.ch/user/s/sthakur/.crab3
DEBUG 2019-11-04 17:53:26.703 UTC: 	 Checking credentials
DEBUG 2019-11-04 17:53:26.704 UTC: 	 Found proxy file /tmp/x509up_u77410
DEBUG 2019-11-04 17:53:26.704 UTC: 	 Getting proxy life time left
DEBUG 2019-11-04 17:53:27.312 UTC: 	 Executing : 
 command : voms-proxy-info -file /tmp/x509up_u77410 -timeleft
 output : 42982

 error: 
 retcode : 0
DEBUG 2019-11-04 17:53:27.918 UTC: 	 Executing : 
 command : voms-proxy-info -file /tmp/x509up_u77410 -actimeleft
 output : 42982

 error: 
 retcode : 0
DEBUG 2019-11-04 17:53:27.919 UTC: 	 Proxy valid for 11:56:22 hours
DEBUG 2019-11-04 17:53:28.407 UTC: 	 Executing : 
 command : openssl x509 -in ~/.globus/usercert.pem -subject -noout
 output : subject= /DC=ch/DC=cern/OU=Organic Units/OU=Users/CN=sthakur/CN=764789/CN=Shalini Thakur

 error: 
 retcode : 0
DEBUG 2019-11-04 17:53:28.408 UTC: 	 Checking credentials
DEBUG 2019-11-04 17:53:28.408 UTC: 	 Found proxy file /tmp/x509up_u77410
DEBUG 2019-11-04 17:53:28.408 UTC: 	 Getting proxy life time left
DEBUG 2019-11-04 17:53:29.017 UTC: 	 Executing : 
 command : voms-proxy-info -file /tmp/x509up_u77410 -timeleft
 output : 42980

 error: 
 retcode : 0
DEBUG 2019-11-04 17:53:29.624 UTC: 	 Executing : 
 command : voms-proxy-info -file /tmp/x509up_u77410 -actimeleft
 output : 42980

 error: 
 retcode : 0
DEBUG 2019-11-04 17:53:29.624 UTC: 	 Proxy valid for 11:56:20 hours
DEBUG 2019-11-04 17:53:29.738 UTC: 	 Registering user credentials for server /DC=ch/DC=cern/OU=computers/CN=vocms(052|058|030|0118|0105|0109).cern.ch|/DC=ch/DC=cern/OU=computers/CN=crab-(preprod|prod)-tw(02|01).cern.ch
DEBUG 2019-11-04 17:53:29.847 UTC: 	 Executing : 
 command : openssl x509 -in ~/.globus/usercert.pem -subject -noout
 output : subject= /DC=ch/DC=cern/OU=Organic Units/OU=Users/CN=sthakur/CN=764789/CN=Shalini Thakur

 error: 
 retcode : 0
DEBUG 2019-11-04 17:53:29.848 UTC: 	 Getting myproxy life time left for myproxy.cern.ch
DEBUG 2019-11-04 17:53:29.848 UTC: 	 Calculating hash of /DC=ch/DC=cern/OU=Organic Units/OU=Users/CN=sthakur/CN=764789/CN=Shalini Thakur_cmsweb.cern.ch for credential name
DEBUG 2019-11-04 17:53:30.053 UTC: 	 Executing : 
 command : myproxy-info -l 9cd94953387eeee7bf4da2b7588630639ea1153b -s myproxy.cern.ch
 output : username: 9cd94953387eeee7bf4da2b7588630639ea1153b
owner: /DC=ch/DC=cern/OU=Organic Units/OU=Users/CN=sthakur/CN=764789/CN=Shalini Thakur
  renewal policy: /DC=ch/DC=cern/OU=computers/CN=vocms(052|058|030|0118|0105|0109).cern.ch|/DC=ch/DC=cern/OU=computers/CN=crab-(preprod|prod)-tw(02|01).cern.ch
  trusted retrieval policy: /DC=ch/DC=cern/OU=computers/CN=vocms(052|058|030|0118|0105|0109).cern.ch|/DC=ch/DC=cern/OU=computers/CN=crab-(preprod|prod)-tw(02|01).cern.ch
  timeleft: 480:44:31  (20.0 days)

 error: 
 retcode : 0
DEBUG 2019-11-04 17:53:30.054 UTC: 	 Myproxy is valid: 1730671
DEBUG 2019-11-04 17:53:30.055 UTC: 	 Command use: status
DEBUG 2019-11-04 17:53:30.055 UTC: 	 Options use: ['--verboseErrors', 'CrabMC_20191101/crab_WZ_MC_20191101']
DEBUG 2019-11-04 17:53:30.153 UTC: 	 CRABClient version: 3.3.1910.patch2
DEBUG 2019-11-04 17:53:30.153 UTC: 	 Instance is prod
DEBUG 2019-11-04 17:53:30.153 UTC: 	 Server base url is cmsweb.cern.ch
DEBUG 2019-11-04 17:53:30.153 UTC: 	 Command url /crabserver/prod/workflow
DEBUG 2019-11-04 17:53:30.271 UTC: 	 Got information from server oracle database: {u'result': [u'191101_121900:sthakur_crab_WZ_MC_20191101', u'None', u'None', u'SUBMITTED', u'SUBMIT', u'2019-11-01 12:19:00.211235', u'None', u'2019-11-01 12:19:52.797650', u'None', u'CMSSW_10_4_0', u'slc7_amd64_gcc700', u'/WZ_TuneCP5_13TeV-pythia8/RunIIFall17MiniAODv2-PU2017_12Apr2018_94X_mc2017_realistic_v14-v1/MINIAODSIM', u'T', u'0', u'[]', u'[]', u'FileBased', u"{'splitOnRun': False, 'halt_job_on_file_boundaries': False, 'files_per_job': 10, 'runs': [], 'lumis': []}", u'2eaa2e5807ba2b5296098946ba7ecc99db193b2c4065ccd1b7331a1af0074642.tar.gz', u'https://cmsweb.cern.ch/crabcache', u'sthakur', u'/DC=ch/DC=cern/OU=Organic Units/OU=Users/CN=sthakur/CN=764789/CN=Shalini Thakur', u'cms', u'None', u'None', u'WZ_MC_20191101-00000000000000000000000000000000', u'F', u'T2_IN_TIFR', u'https://cmsweb.cern.ch/dbs/prod/global/DBSReader', u'https://cmsweb.cern.ch/dbs/prod/phys03/DBSWriter', u'T', u'[]', u"['WZ_MC_20191101_Ntuple.root']", u'[]', u'Analysis', u'pythia', u'None', u'{}', u'[]', u'F', u'crab-prod-tw01', u'[]', u'1250', u'1', u'2000', u'10', u'None', u'[]', u'http://vocms0144.cern.ch/mon/cms251/191101_121900:sthakur_crab_WZ_MC_20191101', u'None', u'[]', u'[]', u'https://cmsweb.cern.ch/crabserver/prod', u'cmsgwms-collector-global.cern.ch:9620,cmssrv623.fnal.gov:9620', u'crab3@vocms0144.cern.ch', u'F', u'[]', u'T', u'/store/user/sthakur/ntuple_for2017MC_20191101/MC_20191101/WZ_MC_20191101', u'F', u'None', u'F', u'None', u'WZ_TuneCP5_13TeV-pythia8', u'None', u'8d6d596e208ca1db88efe28260e9933fa1ea3b5ada8476fd2448456f99b6255f.tar.gz', u'46405223', u'filetransfers', u'F', u'2001:1458:d00:2e::100:9b', u'0.0', u'None'], u'desc': {u'columns': [u'tm_taskname', u'tm_activity', u'panda_jobset_id', u'tm_task_status', u'tm_task_command', u'tm_start_time', u'tm_start_injection', u'tm_end_injection', u'tm_task_failure', u'tm_job_sw', u'tm_job_arch', u'tm_input_dataset', u'tm_nonvalid_input_dataset', u'tm_use_parent', u'tm_site_whitelist', u'tm_site_blacklist', u'tm_split_algo', u'tm_split_args', u'tm_user_sandbox', u'tm_cache_url', u'tm_username', u'tm_user_dn', u'tm_user_vo', u'tm_user_role', u'tm_user_group', u'tm_publish_name', u'tm_publish_groupname', u'tm_asyncdest', u'tm_dbs_url', u'tm_publish_dbs_url', u'tm_publication', u'tm_outfiles', u'tm_tfile_outfiles', u'tm_edm_outfiles', u'tm_job_type', u'tm_generator', u'tm_events_per_lumi', u'tm_arguments', u'panda_resubmitted_jobs', u'tm_save_logs', u'tw_name', u'tm_user_infiles', u'tm_maxjobruntime', u'tm_numcores', u'tm_maxmemory', u'tm_priority', u'tm_output_dataset', u'tm_task_warnings', u'tm_user_webdir', u'tm_scriptexe', u'tm_scriptargs', u'tm_extrajdl', u'tm_asourl', u'tm_collector', u'tm_schedd', u'tm_dry_run', u'tm_user_files', u'tm_transfer_outputs', u'tm_output_lfn', u'tm_ignore_locality', u'tm_fail_limit', u'tm_one_event_mode', u'tm_secondary_input_dataset', u'tm_primary_dataset', u'tm_last_publication', u'tm_debug_files', u'clusterid', u'tm_asodb', u'tm_ignore_global_blacklist', u'tm_submitter_ip_addr', u'tm_totalunits', u'tm_ddm_reqid']}}
INFO 2019-11-04 17:53:30.272 UTC: 	 CRAB project directory:		/afs/cern.ch/work/s/sthakur/xRavindra/MiniTree2017Data/CMSSW_10_4_0/src/ExLep2017Crab/crab/CrabMC_20191101/crab_WZ_MC_20191101
INFO 2019-11-04 17:53:30.272 UTC: 	 Task name:			191101_121900:sthakur_crab_WZ_MC_20191101
INFO 2019-11-04 17:53:30.272 UTC: 	 Grid scheduler - Task Worker:	crab3@vocms0144.cern.ch - crab-prod-tw01
INFO 2019-11-04 17:53:30.272 UTC: 	 Status on the CRAB server:	SUBMITTED
INFO 2019-11-04 17:53:30.272 UTC: 	 Task URL to use for HELP:	https://cmsweb.cern.ch/crabserver/ui/task/191101_121900%3Asthakur_crab_WZ_MC_20191101
INFO 2019-11-04 17:53:30.272 UTC: 	 Dashboard monitoring URL:	https://monit-grafana.cern.ch/d/cmsTMDetail/cms-task-monitoring-task-view?orgId=11&var-user=sthakur&var-task=191101_121900%3Asthakur_crab_WZ_MC_20191101
INFO 2019-11-04 17:53:30.272 UTC: 	 In case of issues with the dashboard, please provide feedback to hn-cms-computing-tools@cern.ch
DEBUG 2019-11-04 17:53:30.273 UTC: 	 The CRAB server submitted your task to the Grid scheduler (cluster ID: 46405223)
DEBUG 2019-11-04 17:53:30.273 UTC: 	 Webdir is located at http://vocms0144.cern.ch/mon/cms251/191101_121900:sthakur_crab_WZ_MC_20191101
DEBUG 2019-11-04 17:53:30.402 UTC: 	 Proxied webdir is located at https://cmsweb.cern.ch/scheddmon/0144/cms251/191101_121900:sthakur_crab_WZ_MC_20191101
DEBUG 2019-11-04 17:53:30.402 UTC: 	 Retrieving 'status_cache' file from https://cmsweb.cern.ch/scheddmon/0144/cms251/191101_121900:sthakur_crab_WZ_MC_20191101/status_cache
DEBUG 2019-11-04 17:53:30.671 UTC: 	 Got information from status cache file: {'1': {'Retries': 0, 'WallDurations': [9.0, 11055.0], 'StartTimes': [1572610911.0], 'SubmitTimes': [1572610805.0], 'JobIds': ['46405225.0'], 'EndTimes': [1572621966.0], 'Restarts': 0, 'RecordedSite': True, 'State': 'finished', 'ResidentSetSize': [923576], 'TotalUserCpuTimeHistory': [7071], 'SiteHistory': ['Unknown', 'T2_US_Florida'], 'TotalSysCpuTimeHistory': [308]}, '3': {'Retries': 0, 'WallDurations': [8.0, 16405.0], 'StartTimes': [1572610911.0], 'SubmitTimes': [1572610805.0], 'JobIds': ['46405227.0'], 'EndTimes': [1572627316.0], 'Restarts': 0, 'RecordedSite': True, 'State': 'finished', 'ResidentSetSize': [966836], 'TotalUserCpuTimeHistory': [9137], 'SiteHistory': ['Unknown', 'T2_US_Vanderbilt'], 'TotalSysCpuTimeHistory': [323]}, '2': {'Retries': 0, 'WallDurations': [8.0, 7043.0], 'StartTimes': [1572610912.0], 'SubmitTimes': [1572610805.0], 'JobIds': ['46405228.0'], 'EndTimes': [1572617955.0], 'Restarts': 0, 'RecordedSite': True, 'State': 'finished', 'ResidentSetSize': [799356], 'TotalUserCpuTimeHistory': [5316], 'SiteHistory': ['Unknown', 'T2_US_UCSD'], 'TotalSysCpuTimeHistory': [211]}, '5': {'Retries': 2, 'WallDurations': [9.0, 10417.0, 9.0, 3818.0, 10.0, 9398.0], 'StartTimes': [1572610909.0, 1572621870.0, 1572626033.0], 'SubmitTimes': [1572610805.0, 1572621400.0, 1572625820.0], 'JobIds': ['46405226.0', '46410998.0', '46415458.0'], 'EndTimes': [1572621326.0, 1572625688.0, 1572635431.0], 'Restarts': 0, 'RecordedSite': True, 'State': 'finished', 'ResidentSetSize': [800220, 803296, 794008], 'TotalUserCpuTimeHistory': [5297, 1931, 7845], 'SiteHistory': ['Unknown', 'T2_US_Wisconsin', 'Unknown', 'T2_US_Wisconsin', 'Unknown', 'T1_US_FNAL'], 'TotalSysCpuTimeHistory': [145, 97, 398]}, '4': {'Retries': 0, 'WallDurations': [9.0, 10953.0], 'StartTimes': [1572610908.0], 'SubmitTimes': [1572610810.0], 'JobIds': ['46405229.0'], 'EndTimes': [1572621861.0], 'Restarts': 0, 'RecordedSite': True, 'State': 'finished', 'ResidentSetSize': [759172], 'TotalUserCpuTimeHistory': [7705], 'SiteHistory': ['Unknown', 'T2_US_Wisconsin'], 'TotalSysCpuTimeHistory': [374]}}
INFO 2019-11-04 17:53:30.672 UTC: 	 Status on the scheduler:	COMPLETED
INFO 2019-11-04 17:53:30.672 UTC: 	 
Jobs status:                    finished     		100.0% (5/5)
INFO 2019-11-04 17:53:30.777 UTC: 	 
No publication information available yet
INFO 2019-11-04 17:53:30.777 UTC: 	 
Warning: the max jobs runtime is less than 30% of the task requested value (1250 min), please consider to request a lower value for failed jobs (allowed through crab resubmit) and/or improve the jobs splitting (e.g. config.Data.splitting = 'Automatic') in a new task.
INFO 2019-11-04 17:53:30.777 UTC: 	 
Summary of run jobs:
 * Memory: 901MB min, 944MB max, 829MB ave
 * Runtime: 1:57:23 min, 4:33:25 max, 3:02:50 ave
 * CPU eff: 58% min, 88% max, 71% ave
 * Waste: 3:58:17 (21% of total)

INFO 2019-11-04 17:53:30.820 UTC: 	 Log file is /afs/cern.ch/work/s/sthakur/xRavindra/MiniTree2017Data/CMSSW_10_4_0/src/ExLep2017Crab/crab/CrabMC_20191101/crab_WZ_MC_20191101/crab.log
DEBUG 2019-11-11 18:33:29.272 UTC: 	 Running on: Linux lxplus745.cern.ch 3.10.0-1062.4.1.el7.x86_64 #1 SMP Fri Oct 18 17:15:30 UTC 2019 x86_64 x86_64 x86_64 GNU/Linux - CentOS Linux 7 (Core)
DEBUG 2019-11-11 18:33:29.282 UTC: 	 OpenSSl version: OpenSSL 1.0.2h  3 May 2016
DEBUG 2019-11-11 18:33:29.282 UTC: 	 Executing command: 'status'
DEBUG 2019-11-11 18:33:29.282 UTC: 	 Found CRAB cache file /afs/cern.ch/user/s/sthakur/.crab3
DEBUG 2019-11-11 18:33:29.295 UTC: 	 Checking credentials
DEBUG 2019-11-11 18:33:29.296 UTC: 	 Found proxy file /tmp/x509up_u77410
DEBUG 2019-11-11 18:33:29.296 UTC: 	 Getting proxy life time left
DEBUG 2019-11-11 18:33:30.102 UTC: 	 Executing : 
 command : voms-proxy-info -file /tmp/x509up_u77410 -timeleft
 output : 38850

 error: 
 retcode : 0
DEBUG 2019-11-11 18:33:30.809 UTC: 	 Executing : 
 command : voms-proxy-info -file /tmp/x509up_u77410 -actimeleft
 output : 38850

 error: 
 retcode : 0
DEBUG 2019-11-11 18:33:30.809 UTC: 	 Proxy valid for 10:47:30 hours
DEBUG 2019-11-11 18:33:31.050 UTC: 	 Executing : 
 command : openssl x509 -in ~/.globus/usercert.pem -subject -noout
 output : subject= /DC=ch/DC=cern/OU=Organic Units/OU=Users/CN=sthakur/CN=764789/CN=Shalini Thakur

 error: 
 retcode : 0
DEBUG 2019-11-11 18:33:31.050 UTC: 	 Checking credentials
DEBUG 2019-11-11 18:33:31.050 UTC: 	 Found proxy file /tmp/x509up_u77410
DEBUG 2019-11-11 18:33:31.050 UTC: 	 Getting proxy life time left
DEBUG 2019-11-11 18:33:31.757 UTC: 	 Executing : 
 command : voms-proxy-info -file /tmp/x509up_u77410 -timeleft
 output : 38849

 error: 
 retcode : 0
DEBUG 2019-11-11 18:33:32.466 UTC: 	 Executing : 
 command : voms-proxy-info -file /tmp/x509up_u77410 -actimeleft
 output : 38848

 error: 
 retcode : 0
DEBUG 2019-11-11 18:33:32.467 UTC: 	 Proxy lifetime 38849 secs is different from voms extension lifetime 38848 secs for proxy: /tmp/x509up_u77410
DEBUG 2019-11-11 18:33:32.467 UTC: 	 Proxy valid for 10:47:28 hours
DEBUG 2019-11-11 18:33:32.597 UTC: 	 Registering user credentials for server /DC=ch/DC=cern/OU=computers/CN=vocms(052|058|030|0118|0105|0109).cern.ch|/DC=ch/DC=cern/OU=computers/CN=crab-(preprod|prod)-tw(02|01).cern.ch
DEBUG 2019-11-11 18:33:32.708 UTC: 	 Executing : 
 command : openssl x509 -in ~/.globus/usercert.pem -subject -noout
 output : subject= /DC=ch/DC=cern/OU=Organic Units/OU=Users/CN=sthakur/CN=764789/CN=Shalini Thakur

 error: 
 retcode : 0
DEBUG 2019-11-11 18:33:32.708 UTC: 	 Getting myproxy life time left for myproxy.cern.ch
DEBUG 2019-11-11 18:33:32.708 UTC: 	 Calculating hash of /DC=ch/DC=cern/OU=Organic Units/OU=Users/CN=sthakur/CN=764789/CN=Shalini Thakur_cmsweb.cern.ch for credential name
DEBUG 2019-11-11 18:33:32.913 UTC: 	 Executing : 
 command : myproxy-info -l 9cd94953387eeee7bf4da2b7588630639ea1153b -s myproxy.cern.ch
 output : username: 9cd94953387eeee7bf4da2b7588630639ea1153b
owner: /DC=ch/DC=cern/OU=Organic Units/OU=Users/CN=sthakur/CN=764789/CN=Shalini Thakur
  renewal policy: /DC=ch/DC=cern/OU=computers/CN=vocms(052|058|030|0118|0105|0109).cern.ch|/DC=ch/DC=cern/OU=computers/CN=crab-(preprod|prod)-tw(02|01).cern.ch
  trusted retrieval policy: /DC=ch/DC=cern/OU=computers/CN=vocms(052|058|030|0118|0105|0109).cern.ch|/DC=ch/DC=cern/OU=computers/CN=crab-(preprod|prod)-tw(02|01).cern.ch
  timeleft: 710:59:47  (29.6 days)

 error: 
 retcode : 0
DEBUG 2019-11-11 18:33:32.914 UTC: 	 Myproxy is valid: 2559587
DEBUG 2019-11-11 18:33:32.915 UTC: 	 Command use: status
DEBUG 2019-11-11 18:33:32.915 UTC: 	 Options use: ['--verboseErrors', 'CrabMC_20191101/crab_WZ_MC_20191101']
DEBUG 2019-11-11 18:33:33.033 UTC: 	 CRABClient version: 3.3.1911
DEBUG 2019-11-11 18:33:33.034 UTC: 	 Instance is prod
DEBUG 2019-11-11 18:33:33.034 UTC: 	 Server base url is cmsweb.cern.ch
DEBUG 2019-11-11 18:33:33.034 UTC: 	 Command url /crabserver/prod/workflow
DEBUG 2019-11-11 18:33:33.138 UTC: 	 Got information from server oracle database: {u'result': [u'191101_121900:sthakur_crab_WZ_MC_20191101', u'None', u'None', u'SUBMITTED', u'SUBMIT', u'2019-11-01 12:19:00.211235', u'None', u'2019-11-01 12:19:52.797650', u'None', u'CMSSW_10_4_0', u'slc7_amd64_gcc700', u'/WZ_TuneCP5_13TeV-pythia8/RunIIFall17MiniAODv2-PU2017_12Apr2018_94X_mc2017_realistic_v14-v1/MINIAODSIM', u'T', u'0', u'[]', u'[]', u'FileBased', u"{'splitOnRun': False, 'halt_job_on_file_boundaries': False, 'files_per_job': 10, 'runs': [], 'lumis': []}", u'2eaa2e5807ba2b5296098946ba7ecc99db193b2c4065ccd1b7331a1af0074642.tar.gz', u'https://cmsweb.cern.ch/crabcache', u'sthakur', u'/DC=ch/DC=cern/OU=Organic Units/OU=Users/CN=sthakur/CN=764789/CN=Shalini Thakur', u'cms', u'None', u'None', u'WZ_MC_20191101-00000000000000000000000000000000', u'F', u'T2_IN_TIFR', u'https://cmsweb.cern.ch/dbs/prod/global/DBSReader', u'https://cmsweb.cern.ch/dbs/prod/phys03/DBSWriter', u'T', u'[]', u"['WZ_MC_20191101_Ntuple.root']", u'[]', u'Analysis', u'pythia', u'None', u'{}', u'[]', u'F', u'crab-prod-tw01', u'[]', u'1250', u'1', u'2000', u'10', u'None', u'[]', u'http://vocms0144.cern.ch/mon/cms251/191101_121900:sthakur_crab_WZ_MC_20191101', u'None', u'[]', u'[]', u'https://cmsweb.cern.ch/crabserver/prod', u'cmsgwms-collector-global.cern.ch:9620,cmssrv623.fnal.gov:9620', u'crab3@vocms0144.cern.ch', u'F', u'[]', u'T', u'/store/user/sthakur/ntuple_for2017MC_20191101/MC_20191101/WZ_MC_20191101', u'F', u'None', u'F', u'None', u'WZ_TuneCP5_13TeV-pythia8', u'None', u'8d6d596e208ca1db88efe28260e9933fa1ea3b5ada8476fd2448456f99b6255f.tar.gz', u'46405223', u'filetransfers', u'F', u'2001:1458:d00:2e::100:9b', u'0.0', u'None'], u'desc': {u'columns': [u'tm_taskname', u'tm_activity', u'panda_jobset_id', u'tm_task_status', u'tm_task_command', u'tm_start_time', u'tm_start_injection', u'tm_end_injection', u'tm_task_failure', u'tm_job_sw', u'tm_job_arch', u'tm_input_dataset', u'tm_nonvalid_input_dataset', u'tm_use_parent', u'tm_site_whitelist', u'tm_site_blacklist', u'tm_split_algo', u'tm_split_args', u'tm_user_sandbox', u'tm_cache_url', u'tm_username', u'tm_user_dn', u'tm_user_vo', u'tm_user_role', u'tm_user_group', u'tm_publish_name', u'tm_publish_groupname', u'tm_asyncdest', u'tm_dbs_url', u'tm_publish_dbs_url', u'tm_publication', u'tm_outfiles', u'tm_tfile_outfiles', u'tm_edm_outfiles', u'tm_job_type', u'tm_generator', u'tm_events_per_lumi', u'tm_arguments', u'panda_resubmitted_jobs', u'tm_save_logs', u'tw_name', u'tm_user_infiles', u'tm_maxjobruntime', u'tm_numcores', u'tm_maxmemory', u'tm_priority', u'tm_output_dataset', u'tm_task_warnings', u'tm_user_webdir', u'tm_scriptexe', u'tm_scriptargs', u'tm_extrajdl', u'tm_asourl', u'tm_collector', u'tm_schedd', u'tm_dry_run', u'tm_user_files', u'tm_transfer_outputs', u'tm_output_lfn', u'tm_ignore_locality', u'tm_fail_limit', u'tm_one_event_mode', u'tm_secondary_input_dataset', u'tm_primary_dataset', u'tm_last_publication', u'tm_debug_files', u'clusterid', u'tm_asodb', u'tm_ignore_global_blacklist', u'tm_submitter_ip_addr', u'tm_totalunits', u'tm_ddm_reqid']}}
INFO 2019-11-11 18:33:33.139 UTC: 	 CRAB project directory:		/afs/cern.ch/work/s/sthakur/xRavindra/MiniTree2017Data/CMSSW_10_4_0/src/ExLep2017Crab/crab/CrabMC_20191101/crab_WZ_MC_20191101
INFO 2019-11-11 18:33:33.139 UTC: 	 Task name:			191101_121900:sthakur_crab_WZ_MC_20191101
INFO 2019-11-11 18:33:33.139 UTC: 	 Grid scheduler - Task Worker:	crab3@vocms0144.cern.ch - crab-prod-tw01
INFO 2019-11-11 18:33:33.139 UTC: 	 Status on the CRAB server:	SUBMITTED
INFO 2019-11-11 18:33:33.139 UTC: 	 Task URL to use for HELP:	https://cmsweb.cern.ch/crabserver/ui/task/191101_121900%3Asthakur_crab_WZ_MC_20191101
INFO 2019-11-11 18:33:33.139 UTC: 	 Dashboard monitoring URL:	https://monit-grafana.cern.ch/d/cmsTMDetail/cms-task-monitoring-task-view?orgId=11&var-user=sthakur&var-task=191101_121900%3Asthakur_crab_WZ_MC_20191101
INFO 2019-11-11 18:33:33.139 UTC: 	 In case of issues with the dashboard, please provide feedback to hn-cms-computing-tools@cern.ch
DEBUG 2019-11-11 18:33:33.139 UTC: 	 The CRAB server submitted your task to the Grid scheduler (cluster ID: 46405223)
DEBUG 2019-11-11 18:33:33.139 UTC: 	 Webdir is located at http://vocms0144.cern.ch/mon/cms251/191101_121900:sthakur_crab_WZ_MC_20191101
DEBUG 2019-11-11 18:33:33.239 UTC: 	 Proxied webdir is located at https://cmsweb.cern.ch/scheddmon/0144/cms251/191101_121900:sthakur_crab_WZ_MC_20191101
DEBUG 2019-11-11 18:33:33.239 UTC: 	 Retrieving 'status_cache' file from https://cmsweb.cern.ch/scheddmon/0144/cms251/191101_121900:sthakur_crab_WZ_MC_20191101/status_cache
DEBUG 2019-11-11 18:33:33.398 UTC: 	 Got information from status cache file: {'1': {'Retries': 0, 'WallDurations': [9.0, 11055.0], 'StartTimes': [1572610911.0], 'SubmitTimes': [1572610805.0], 'JobIds': ['46405225.0'], 'EndTimes': [1572621966.0], 'Restarts': 0, 'RecordedSite': True, 'State': 'finished', 'ResidentSetSize': [923576], 'TotalUserCpuTimeHistory': [7071], 'SiteHistory': ['Unknown', 'T2_US_Florida'], 'TotalSysCpuTimeHistory': [308]}, '3': {'Retries': 0, 'WallDurations': [8.0, 16405.0], 'StartTimes': [1572610911.0], 'SubmitTimes': [1572610805.0], 'JobIds': ['46405227.0'], 'EndTimes': [1572627316.0], 'Restarts': 0, 'RecordedSite': True, 'State': 'finished', 'ResidentSetSize': [966836], 'TotalUserCpuTimeHistory': [9137], 'SiteHistory': ['Unknown', 'T2_US_Vanderbilt'], 'TotalSysCpuTimeHistory': [323]}, '2': {'Retries': 0, 'WallDurations': [8.0, 7043.0], 'StartTimes': [1572610912.0], 'SubmitTimes': [1572610805.0], 'JobIds': ['46405228.0'], 'EndTimes': [1572617955.0], 'Restarts': 0, 'RecordedSite': True, 'State': 'finished', 'ResidentSetSize': [799356], 'TotalUserCpuTimeHistory': [5316], 'SiteHistory': ['Unknown', 'T2_US_UCSD'], 'TotalSysCpuTimeHistory': [211]}, '5': {'Retries': 2, 'WallDurations': [9.0, 10417.0, 9.0, 3818.0, 10.0, 9398.0], 'StartTimes': [1572610909.0, 1572621870.0, 1572626033.0], 'SubmitTimes': [1572610805.0, 1572621400.0, 1572625820.0], 'JobIds': ['46405226.0', '46410998.0', '46415458.0'], 'EndTimes': [1572621326.0, 1572625688.0, 1572635431.0], 'Restarts': 0, 'RecordedSite': True, 'State': 'finished', 'ResidentSetSize': [800220, 803296, 794008], 'TotalUserCpuTimeHistory': [5297, 1931, 7845], 'SiteHistory': ['Unknown', 'T2_US_Wisconsin', 'Unknown', 'T2_US_Wisconsin', 'Unknown', 'T1_US_FNAL'], 'TotalSysCpuTimeHistory': [145, 97, 398]}, '4': {'Retries': 0, 'WallDurations': [9.0, 10953.0], 'StartTimes': [1572610908.0], 'SubmitTimes': [1572610810.0], 'JobIds': ['46405229.0'], 'EndTimes': [1572621861.0], 'Restarts': 0, 'RecordedSite': True, 'State': 'finished', 'ResidentSetSize': [759172], 'TotalUserCpuTimeHistory': [7705], 'SiteHistory': ['Unknown', 'T2_US_Wisconsin'], 'TotalSysCpuTimeHistory': [374]}}
INFO 2019-11-11 18:33:33.398 UTC: 	 Status on the scheduler:	COMPLETED
INFO 2019-11-11 18:33:33.398 UTC: 	 
Jobs status:                    finished     		100.0% (5/5)
INFO 2019-11-11 18:33:33.471 UTC: 	 
No publication information available yet
INFO 2019-11-11 18:33:33.471 UTC: 	 
Warning: the max jobs runtime is less than 30% of the task requested value (1250 min), please consider to request a lower value for failed jobs (allowed through crab resubmit) and/or improve the jobs splitting (e.g. config.Data.splitting = 'Automatic') in a new task.
INFO 2019-11-11 18:33:33.471 UTC: 	 
Summary of run jobs:
 * Memory: 901MB min, 944MB max, 829MB ave
 * Runtime: 1:57:23 min, 4:33:25 max, 3:02:50 ave
 * CPU eff: 58% min, 88% max, 71% ave
 * Waste: 3:58:17 (21% of total)

INFO 2019-11-11 18:33:33.485 UTC: 	 Log file is /afs/cern.ch/work/s/sthakur/xRavindra/MiniTree2017Data/CMSSW_10_4_0/src/ExLep2017Crab/crab/CrabMC_20191101/crab_WZ_MC_20191101/crab.log
DEBUG 2019-11-11 18:49:22.232 UTC: 	 Running on: Linux lxplus714.cern.ch 3.10.0-1062.4.1.el7.x86_64 #1 SMP Fri Oct 18 17:15:30 UTC 2019 x86_64 x86_64 x86_64 GNU/Linux - CentOS Linux 7 (Core)
DEBUG 2019-11-11 18:49:22.250 UTC: 	 OpenSSl version: OpenSSL 1.0.2k-fips  26 Jan 2017 (Library: OpenSSL 1.0.2d-fips 9 Jul 2015)
DEBUG 2019-11-11 18:49:22.250 UTC: 	 Executing command: 'status'
DEBUG 2019-11-11 18:49:22.251 UTC: 	 Found CRAB cache file /afs/cern.ch/user/s/sthakur/.crab3
DEBUG 2019-11-11 18:49:22.263 UTC: 	 Checking credentials
DEBUG 2019-11-11 18:49:22.264 UTC: 	 Found proxy file /tmp/x509up_u77410
DEBUG 2019-11-11 18:49:22.264 UTC: 	 Getting proxy life time left
DEBUG 2019-11-11 18:49:23.073 UTC: 	 Executing : 
 command : voms-proxy-info -file /tmp/x509up_u77410 -timeleft
 output : 43028

 error: 
 retcode : 0
DEBUG 2019-11-11 18:49:23.783 UTC: 	 Executing : 
 command : voms-proxy-info -file /tmp/x509up_u77410 -actimeleft
 output : 43028

 error: 
 retcode : 0
DEBUG 2019-11-11 18:49:23.783 UTC: 	 Proxy valid for 11:57:08 hours
DEBUG 2019-11-11 18:49:24.029 UTC: 	 Executing : 
 command : openssl x509 -in ~/.globus/usercert.pem -subject -noout
 output : subject= /DC=ch/DC=cern/OU=Organic Units/OU=Users/CN=sthakur/CN=764789/CN=Shalini Thakur

 error: 
 retcode : 0
DEBUG 2019-11-11 18:49:24.029 UTC: 	 Checking credentials
DEBUG 2019-11-11 18:49:24.029 UTC: 	 Found proxy file /tmp/x509up_u77410
DEBUG 2019-11-11 18:49:24.029 UTC: 	 Getting proxy life time left
DEBUG 2019-11-11 18:49:24.838 UTC: 	 Executing : 
 command : voms-proxy-info -file /tmp/x509up_u77410 -timeleft
 output : 43027

 error: 
 retcode : 0
DEBUG 2019-11-11 18:49:25.544 UTC: 	 Executing : 
 command : voms-proxy-info -file /tmp/x509up_u77410 -actimeleft
 output : 43026

 error: 
 retcode : 0
DEBUG 2019-11-11 18:49:25.544 UTC: 	 Proxy lifetime 43027 secs is different from voms extension lifetime 43026 secs for proxy: /tmp/x509up_u77410
DEBUG 2019-11-11 18:49:25.545 UTC: 	 Proxy valid for 11:57:06 hours
DEBUG 2019-11-11 18:49:25.623 UTC: 	 Registering user credentials for server /DC=ch/DC=cern/OU=computers/CN=vocms(052|058|030|0118|0105|0109).cern.ch|/DC=ch/DC=cern/OU=computers/CN=crab-(preprod|prod)-tw(02|01).cern.ch
DEBUG 2019-11-11 18:49:25.735 UTC: 	 Executing : 
 command : openssl x509 -in ~/.globus/usercert.pem -subject -noout
 output : subject= /DC=ch/DC=cern/OU=Organic Units/OU=Users/CN=sthakur/CN=764789/CN=Shalini Thakur

 error: 
 retcode : 0
DEBUG 2019-11-11 18:49:25.735 UTC: 	 Getting myproxy life time left for myproxy.cern.ch
DEBUG 2019-11-11 18:49:25.735 UTC: 	 Calculating hash of /DC=ch/DC=cern/OU=Organic Units/OU=Users/CN=sthakur/CN=764789/CN=Shalini Thakur_cmsweb.cern.ch for credential name
DEBUG 2019-11-11 18:49:25.941 UTC: 	 Executing : 
 command : myproxy-info -l 9cd94953387eeee7bf4da2b7588630639ea1153b -s myproxy.cern.ch
 output : username: 9cd94953387eeee7bf4da2b7588630639ea1153b
owner: /DC=ch/DC=cern/OU=Organic Units/OU=Users/CN=sthakur/CN=764789/CN=Shalini Thakur
  renewal policy: /DC=ch/DC=cern/OU=computers/CN=vocms(052|058|030|0118|0105|0109).cern.ch|/DC=ch/DC=cern/OU=computers/CN=crab-(preprod|prod)-tw(02|01).cern.ch
  trusted retrieval policy: /DC=ch/DC=cern/OU=computers/CN=vocms(052|058|030|0118|0105|0109).cern.ch|/DC=ch/DC=cern/OU=computers/CN=crab-(preprod|prod)-tw(02|01).cern.ch
  timeleft: 710:43:54  (29.6 days)

 error: 
 retcode : 0
DEBUG 2019-11-11 18:49:25.942 UTC: 	 Myproxy is valid: 2558634
DEBUG 2019-11-11 18:49:25.943 UTC: 	 Command use: status
DEBUG 2019-11-11 18:49:25.943 UTC: 	 Options use: ['--verboseErrors', 'CrabMC_20191101/crab_WZ_MC_20191101']
DEBUG 2019-11-11 18:49:26.138 UTC: 	 CRABClient version: 3.3.1911
DEBUG 2019-11-11 18:49:26.138 UTC: 	 Instance is prod
DEBUG 2019-11-11 18:49:26.138 UTC: 	 Server base url is cmsweb.cern.ch
DEBUG 2019-11-11 18:49:26.138 UTC: 	 Command url /crabserver/prod/workflow
DEBUG 2019-11-11 18:49:26.241 UTC: 	 Got information from server oracle database: {u'result': [u'191101_121900:sthakur_crab_WZ_MC_20191101', u'None', u'None', u'SUBMITTED', u'SUBMIT', u'2019-11-01 12:19:00.211235', u'None', u'2019-11-01 12:19:52.797650', u'None', u'CMSSW_10_4_0', u'slc7_amd64_gcc700', u'/WZ_TuneCP5_13TeV-pythia8/RunIIFall17MiniAODv2-PU2017_12Apr2018_94X_mc2017_realistic_v14-v1/MINIAODSIM', u'T', u'0', u'[]', u'[]', u'FileBased', u"{'splitOnRun': False, 'halt_job_on_file_boundaries': False, 'files_per_job': 10, 'runs': [], 'lumis': []}", u'2eaa2e5807ba2b5296098946ba7ecc99db193b2c4065ccd1b7331a1af0074642.tar.gz', u'https://cmsweb.cern.ch/crabcache', u'sthakur', u'/DC=ch/DC=cern/OU=Organic Units/OU=Users/CN=sthakur/CN=764789/CN=Shalini Thakur', u'cms', u'None', u'None', u'WZ_MC_20191101-00000000000000000000000000000000', u'F', u'T2_IN_TIFR', u'https://cmsweb.cern.ch/dbs/prod/global/DBSReader', u'https://cmsweb.cern.ch/dbs/prod/phys03/DBSWriter', u'T', u'[]', u"['WZ_MC_20191101_Ntuple.root']", u'[]', u'Analysis', u'pythia', u'None', u'{}', u'[]', u'F', u'crab-prod-tw01', u'[]', u'1250', u'1', u'2000', u'10', u'None', u'[]', u'http://vocms0144.cern.ch/mon/cms251/191101_121900:sthakur_crab_WZ_MC_20191101', u'None', u'[]', u'[]', u'https://cmsweb.cern.ch/crabserver/prod', u'cmsgwms-collector-global.cern.ch:9620,cmssrv623.fnal.gov:9620', u'crab3@vocms0144.cern.ch', u'F', u'[]', u'T', u'/store/user/sthakur/ntuple_for2017MC_20191101/MC_20191101/WZ_MC_20191101', u'F', u'None', u'F', u'None', u'WZ_TuneCP5_13TeV-pythia8', u'None', u'8d6d596e208ca1db88efe28260e9933fa1ea3b5ada8476fd2448456f99b6255f.tar.gz', u'46405223', u'filetransfers', u'F', u'2001:1458:d00:2e::100:9b', u'0.0', u'None'], u'desc': {u'columns': [u'tm_taskname', u'tm_activity', u'panda_jobset_id', u'tm_task_status', u'tm_task_command', u'tm_start_time', u'tm_start_injection', u'tm_end_injection', u'tm_task_failure', u'tm_job_sw', u'tm_job_arch', u'tm_input_dataset', u'tm_nonvalid_input_dataset', u'tm_use_parent', u'tm_site_whitelist', u'tm_site_blacklist', u'tm_split_algo', u'tm_split_args', u'tm_user_sandbox', u'tm_cache_url', u'tm_username', u'tm_user_dn', u'tm_user_vo', u'tm_user_role', u'tm_user_group', u'tm_publish_name', u'tm_publish_groupname', u'tm_asyncdest', u'tm_dbs_url', u'tm_publish_dbs_url', u'tm_publication', u'tm_outfiles', u'tm_tfile_outfiles', u'tm_edm_outfiles', u'tm_job_type', u'tm_generator', u'tm_events_per_lumi', u'tm_arguments', u'panda_resubmitted_jobs', u'tm_save_logs', u'tw_name', u'tm_user_infiles', u'tm_maxjobruntime', u'tm_numcores', u'tm_maxmemory', u'tm_priority', u'tm_output_dataset', u'tm_task_warnings', u'tm_user_webdir', u'tm_scriptexe', u'tm_scriptargs', u'tm_extrajdl', u'tm_asourl', u'tm_collector', u'tm_schedd', u'tm_dry_run', u'tm_user_files', u'tm_transfer_outputs', u'tm_output_lfn', u'tm_ignore_locality', u'tm_fail_limit', u'tm_one_event_mode', u'tm_secondary_input_dataset', u'tm_primary_dataset', u'tm_last_publication', u'tm_debug_files', u'clusterid', u'tm_asodb', u'tm_ignore_global_blacklist', u'tm_submitter_ip_addr', u'tm_totalunits', u'tm_ddm_reqid']}}
INFO 2019-11-11 18:49:26.241 UTC: 	 CRAB project directory:		/afs/cern.ch/work/s/sthakur/xRavindra/MiniTree2017Data/CMSSW_10_4_0/src/ExLep2017Crab/crab/CrabMC_20191101/crab_WZ_MC_20191101
INFO 2019-11-11 18:49:26.241 UTC: 	 Task name:			191101_121900:sthakur_crab_WZ_MC_20191101
INFO 2019-11-11 18:49:26.241 UTC: 	 Grid scheduler - Task Worker:	crab3@vocms0144.cern.ch - crab-prod-tw01
INFO 2019-11-11 18:49:26.242 UTC: 	 Status on the CRAB server:	SUBMITTED
INFO 2019-11-11 18:49:26.242 UTC: 	 Task URL to use for HELP:	https://cmsweb.cern.ch/crabserver/ui/task/191101_121900%3Asthakur_crab_WZ_MC_20191101
INFO 2019-11-11 18:49:26.242 UTC: 	 Dashboard monitoring URL:	https://monit-grafana.cern.ch/d/cmsTMDetail/cms-task-monitoring-task-view?orgId=11&var-user=sthakur&var-task=191101_121900%3Asthakur_crab_WZ_MC_20191101
INFO 2019-11-11 18:49:26.242 UTC: 	 In case of issues with the dashboard, please provide feedback to hn-cms-computing-tools@cern.ch
DEBUG 2019-11-11 18:49:26.242 UTC: 	 The CRAB server submitted your task to the Grid scheduler (cluster ID: 46405223)
DEBUG 2019-11-11 18:49:26.242 UTC: 	 Webdir is located at http://vocms0144.cern.ch/mon/cms251/191101_121900:sthakur_crab_WZ_MC_20191101
DEBUG 2019-11-11 18:49:26.315 UTC: 	 Proxied webdir is located at https://cmsweb.cern.ch/scheddmon/0144/cms251/191101_121900:sthakur_crab_WZ_MC_20191101
DEBUG 2019-11-11 18:49:26.315 UTC: 	 Retrieving 'status_cache' file from https://cmsweb.cern.ch/scheddmon/0144/cms251/191101_121900:sthakur_crab_WZ_MC_20191101/status_cache
DEBUG 2019-11-11 18:49:26.368 UTC: 	 Got information from status cache file: {'1': {'Retries': 0, 'WallDurations': [9.0, 11055.0], 'StartTimes': [1572610911.0], 'SubmitTimes': [1572610805.0], 'JobIds': ['46405225.0'], 'EndTimes': [1572621966.0], 'Restarts': 0, 'RecordedSite': True, 'State': 'finished', 'ResidentSetSize': [923576], 'TotalUserCpuTimeHistory': [7071], 'SiteHistory': ['Unknown', 'T2_US_Florida'], 'TotalSysCpuTimeHistory': [308]}, '3': {'Retries': 0, 'WallDurations': [8.0, 16405.0], 'StartTimes': [1572610911.0], 'SubmitTimes': [1572610805.0], 'JobIds': ['46405227.0'], 'EndTimes': [1572627316.0], 'Restarts': 0, 'RecordedSite': True, 'State': 'finished', 'ResidentSetSize': [966836], 'TotalUserCpuTimeHistory': [9137], 'SiteHistory': ['Unknown', 'T2_US_Vanderbilt'], 'TotalSysCpuTimeHistory': [323]}, '2': {'Retries': 0, 'WallDurations': [8.0, 7043.0], 'StartTimes': [1572610912.0], 'SubmitTimes': [1572610805.0], 'JobIds': ['46405228.0'], 'EndTimes': [1572617955.0], 'Restarts': 0, 'RecordedSite': True, 'State': 'finished', 'ResidentSetSize': [799356], 'TotalUserCpuTimeHistory': [5316], 'SiteHistory': ['Unknown', 'T2_US_UCSD'], 'TotalSysCpuTimeHistory': [211]}, '5': {'Retries': 2, 'WallDurations': [9.0, 10417.0, 9.0, 3818.0, 10.0, 9398.0], 'StartTimes': [1572610909.0, 1572621870.0, 1572626033.0], 'SubmitTimes': [1572610805.0, 1572621400.0, 1572625820.0], 'JobIds': ['46405226.0', '46410998.0', '46415458.0'], 'EndTimes': [1572621326.0, 1572625688.0, 1572635431.0], 'Restarts': 0, 'RecordedSite': True, 'State': 'finished', 'ResidentSetSize': [800220, 803296, 794008], 'TotalUserCpuTimeHistory': [5297, 1931, 7845], 'SiteHistory': ['Unknown', 'T2_US_Wisconsin', 'Unknown', 'T2_US_Wisconsin', 'Unknown', 'T1_US_FNAL'], 'TotalSysCpuTimeHistory': [145, 97, 398]}, '4': {'Retries': 0, 'WallDurations': [9.0, 10953.0], 'StartTimes': [1572610908.0], 'SubmitTimes': [1572610810.0], 'JobIds': ['46405229.0'], 'EndTimes': [1572621861.0], 'Restarts': 0, 'RecordedSite': True, 'State': 'finished', 'ResidentSetSize': [759172], 'TotalUserCpuTimeHistory': [7705], 'SiteHistory': ['Unknown', 'T2_US_Wisconsin'], 'TotalSysCpuTimeHistory': [374]}}
INFO 2019-11-11 18:49:26.368 UTC: 	 Status on the scheduler:	COMPLETED
INFO 2019-11-11 18:49:26.368 UTC: 	 
Jobs status:                    finished     		100.0% (5/5)
INFO 2019-11-11 18:49:26.530 UTC: 	 
No publication information available yet
INFO 2019-11-11 18:49:26.531 UTC: 	 
Warning: the max jobs runtime is less than 30% of the task requested value (1250 min), please consider to request a lower value for failed jobs (allowed through crab resubmit) and/or improve the jobs splitting (e.g. config.Data.splitting = 'Automatic') in a new task.
INFO 2019-11-11 18:49:26.531 UTC: 	 
Summary of run jobs:
 * Memory: 901MB min, 944MB max, 829MB ave
 * Runtime: 1:57:23 min, 4:33:25 max, 3:02:50 ave
 * CPU eff: 58% min, 88% max, 71% ave
 * Waste: 3:58:17 (21% of total)

INFO 2019-11-11 18:49:26.545 UTC: 	 Log file is /afs/cern.ch/work/s/sthakur/xRavindra/MiniTree2017Data/CMSSW_10_4_0/src/ExLep2017Crab/crab/CrabMC_20191101/crab_WZ_MC_20191101/crab.log
