DEBUG 2019-11-01 12:13:28.540 UTC: 	 Running on: Linux lxplus707.cern.ch 3.10.0-1062.1.2.el7.x86_64 #1 SMP Mon Sep 30 14:19:46 UTC 2019 x86_64 x86_64 x86_64 GNU/Linux
Description:	CentOS Linux release 7.7.1908 (Core) 

DEBUG 2019-11-01 12:13:28.540 UTC: 	 Executing command: 'submit'
DEBUG 2019-11-01 12:13:28.550 UTC: 	 Found CRAB cache file /afs/cern.ch/user/s/sthakur/.crab3
DEBUG 2019-11-01 12:13:28.558 UTC: 	 Checking credentials
DEBUG 2019-11-01 12:13:28.558 UTC: 	 Found proxy file /tmp/x509up_u77410
DEBUG 2019-11-01 12:13:28.558 UTC: 	 Getting proxy life time left
DEBUG 2019-11-01 12:13:29.264 UTC: 	 Executing : 
 command : voms-proxy-info -file /tmp/x509up_u77410 -timeleft
 output : 42989

 error: 
 retcode : 0
DEBUG 2019-11-01 12:13:29.972 UTC: 	 Executing : 
 command : voms-proxy-info -file /tmp/x509up_u77410 -actimeleft
 output : 42989

 error: 
 retcode : 0
DEBUG 2019-11-01 12:13:29.972 UTC: 	 Proxy valid for 11:56:29 hours
DEBUG 2019-11-01 12:13:29.973 UTC: 	 Will use CRAB Analysis plugin (i.e. will run an analysis job type).
DEBUG 2019-11-01 12:13:31.395 UTC: 	 Executing : 
 command : openssl x509 -in ~/.globus/usercert.pem -subject -noout
 output : subject= /DC=ch/DC=cern/OU=Organic Units/OU=Users/CN=sthakur/CN=764789/CN=Shalini Thakur

 error: 
 retcode : 0
DEBUG 2019-11-01 12:13:31.396 UTC: 	 Checking credentials
DEBUG 2019-11-01 12:13:31.396 UTC: 	 Found proxy file /tmp/x509up_u77410
DEBUG 2019-11-01 12:13:31.396 UTC: 	 Getting proxy life time left
DEBUG 2019-11-01 12:13:32.102 UTC: 	 Executing : 
 command : voms-proxy-info -file /tmp/x509up_u77410 -timeleft
 output : 42986

 error: 
 retcode : 0
DEBUG 2019-11-01 12:13:32.808 UTC: 	 Executing : 
 command : voms-proxy-info -file /tmp/x509up_u77410 -actimeleft
 output : 42986

 error: 
 retcode : 0
DEBUG 2019-11-01 12:13:32.808 UTC: 	 Proxy valid for 11:56:26 hours
DEBUG 2019-11-01 12:13:33.514 UTC: 	 Executing : 
 command : env X509_USER_PROXY=/tmp/x509up_u77410 voms-proxy-info -fqan
 output : /cms/Role=NULL/Capability=NULL

 error: 
 retcode : 0
DEBUG 2019-11-01 12:13:33.649 UTC: 	 Registering user credentials for server /DC=ch/DC=cern/OU=computers/CN=vocms(052|058|030|0118|0105|0109).cern.ch|/DC=ch/DC=cern/OU=computers/CN=crab-(preprod|prod)-tw(02|01).cern.ch
DEBUG 2019-11-01 12:13:33.759 UTC: 	 Executing : 
 command : openssl x509 -in ~/.globus/usercert.pem -subject -noout
 output : subject= /DC=ch/DC=cern/OU=Organic Units/OU=Users/CN=sthakur/CN=764789/CN=Shalini Thakur

 error: 
 retcode : 0
DEBUG 2019-11-01 12:13:33.760 UTC: 	 Getting myproxy life time left for myproxy.cern.ch
DEBUG 2019-11-01 12:13:33.760 UTC: 	 Calculating hash of /DC=ch/DC=cern/OU=Organic Units/OU=Users/CN=sthakur/CN=764789/CN=Shalini Thakur_cmsweb.cern.ch for credential name
DEBUG 2019-11-01 12:13:34.165 UTC: 	 Executing : 
 command : myproxy-info -l 9cd94953387eeee7bf4da2b7588630639ea1153b -s myproxy.cern.ch
 output : username: 9cd94953387eeee7bf4da2b7588630639ea1153b
owner: /DC=ch/DC=cern/OU=Organic Units/OU=Users/CN=sthakur/CN=764789/CN=Shalini Thakur
  renewal policy: /DC=ch/DC=cern/OU=computers/CN=vocms(052|058|030|0118|0105|0109).cern.ch|/DC=ch/DC=cern/OU=computers/CN=crab-(preprod|prod)-tw(02|01).cern.ch
  trusted retrieval policy: /DC=ch/DC=cern/OU=computers/CN=vocms(052|058|030|0118|0105|0109).cern.ch|/DC=ch/DC=cern/OU=computers/CN=crab-(preprod|prod)-tw(02|01).cern.ch
  timeleft: 558:24:26  (23.3 days)

 error: 
 retcode : 0
DEBUG 2019-11-01 12:13:34.166 UTC: 	 Myproxy is valid: 2010266
DEBUG 2019-11-01 12:13:34.166 UTC: 	 Command use: submit
DEBUG 2019-11-01 12:13:34.166 UTC: 	 Options use: ['--config', <WMCore.Configuration.Configuration object at 0x7f4f9a014f90>]
DEBUG 2019-11-01 12:13:34.270 UTC: 	 CRABClient version: 3.3.1910.patch2
DEBUG 2019-11-01 12:13:34.270 UTC: 	 Instance is prod
DEBUG 2019-11-01 12:13:34.270 UTC: 	 Server base url is cmsweb.cern.ch
DEBUG 2019-11-01 12:13:34.270 UTC: 	 Command url /crabserver/prod/workflow
DEBUG 2019-11-01 12:13:34.270 UTC: 	 Started submission
DEBUG 2019-11-01 12:13:34.270 UTC: 	 Working on /afs/cern.ch/work/s/sthakur/xRavindra/MiniTree2017Data/CMSSW_10_4_0/src/ExLep2017Crab/crab/CrabMC_20191101/crab_ExLepEEZ_M500_MC_20191101
DEBUG 2019-11-01 12:13:34.452 UTC: 	 Loading required information from the environment
DEBUG 2019-11-01 12:13:34.452 UTC: 	 Found CMSSW_10_4_0 for slc7_amd64_gcc700 with base /afs/cern.ch/work/s/sthakur/xRavindra/MiniTree2017Data/CMSSW_10_4_0
DEBUG 2019-11-01 12:13:34.452 UTC: 	 Loading required information from the environment
DEBUG 2019-11-01 12:13:34.452 UTC: 	 Found CMSSW_10_4_0 for slc7_amd64_gcc700 with base /afs/cern.ch/work/s/sthakur/xRavindra/MiniTree2017Data/CMSSW_10_4_0
DEBUG 2019-11-01 12:13:34.471 UTC: 	 UNIQUE NAME: tarUUID a3e15b4c-d25f-4cec-868f-5a9090732a11 
DEBUG 2019-11-01 12:13:34.472 UTC: 	 self.config: from WMCore.Configuration import Configuration
config = Configuration()
config.section_('General')
config.General.workArea = 'CrabMC_20191101'
config.General.transferOutputs = True
config.General.transferLogs = False
config.General.requestName = 'ExLepEEZ_M500_MC_20191101'
config.section_('JobType')
config.JobType.psetName = '20191101/config/ExLepEEZ_M500_MC_20191101_cfg.py'
config.JobType.pluginName = 'Analysis'
config.JobType.inputFiles = ['../../ExLep2017Tree/Selection/test/Fall17_V3_MC_PtResolution_AK8PF.txt', '../../ExLep2017Tree/Selection/test/Fall17_V3_MC_SF_AK8PF.txt']
config.JobType.allowUndistributedCMSSW = True
config.JobType.maxMemoryMB = 2000
config.section_('Data')
config.Data.inputDataset = '/ExcitedLepton_EEZ-500_TuneCP5_13TeV-pythia8/RunIIFall17MiniAODv2-PU2017_12Apr2018_94X_mc2017_realistic_v14-v1/MINIAODSIM'
config.Data.allowNonValidInputDataset = True
config.Data.unitsPerJob = 10
config.Data.inputDBS = 'global'
config.Data.splitting = 'FileBased'
config.Data.outputDatasetTag = 'ExLepEEZ_M500_MC_20191101'
config.Data.outLFNDirBase = '/store/user/sthakur/ntuple_for2017MC_20191101/MC_20191101/ExLepEEZ_M500_MC_20191101'
config.section_('Site')
config.Site.storageSite = 'T2_IN_TIFR'
config.section_('User')
config.section_('Debug')

DEBUG 2019-11-01 12:13:34.472 UTC: 	 self.config.JobType.psetName: 20191101/config/ExLepEEZ_M500_MC_20191101_cfg.py
INFO 2019-11-01 12:13:34.472 UTC: 	 Importing CMSSW configuration 20191101/config/ExLepEEZ_M500_MC_20191101_cfg.py
INFO 2019-11-01 12:13:34.736 UTC: 	 Finished importing CMSSW configuration 20191101/config/ExLepEEZ_M500_MC_20191101_cfg.py
DEBUG 2019-11-01 12:13:34.736 UTC: 	 Writing CMSSW configuration to /afs/cern.ch/work/s/sthakur/xRavindra/MiniTree2017Data/CMSSW_10_4_0/src/ExLep2017Crab/crab/CrabMC_20191101/crab_ExLepEEZ_M500_MC_20191101/inputs/PSet.py
DEBUG 2019-11-01 12:13:34.780 UTC: 	 The following EDM output files will be collected: []
DEBUG 2019-11-01 12:13:34.780 UTC: 	 The following TFile output files will be collected: ['ExLepEEZ_M500_MC_20191101_Ntuple.root']
DEBUG 2019-11-01 12:13:34.780 UTC: 	 The following user output files (not listed as PoolOuputModule or TFileService in the CMSSW PSet) will be collected: 
DEBUG 2019-11-01 12:13:34.780 UTC: 	 Loading required information from the environment
DEBUG 2019-11-01 12:13:34.780 UTC: 	 Found CMSSW_10_4_0 for slc7_amd64_gcc700 with base /afs/cern.ch/work/s/sthakur/xRavindra/MiniTree2017Data/CMSSW_10_4_0
DEBUG 2019-11-01 12:13:34.780 UTC: 	 Making tarball in /afs/cern.ch/work/s/sthakur/xRavindra/MiniTree2017Data/CMSSW_10_4_0/src/ExLep2017Crab/crab/CrabMC_20191101/crab_ExLepEEZ_M500_MC_20191101/inputs/a3e15b4c-d25f-4cec-868f-5a9090732a11default.tgz
DEBUG 2019-11-01 12:13:34.781 UTC: 	 Checking directory /afs/cern.ch/work/s/sthakur/xRavindra/MiniTree2017Data/CMSSW_10_4_0/lib
DEBUG 2019-11-01 12:13:34.782 UTC: 	 Adding directory /afs/cern.ch/work/s/sthakur/xRavindra/MiniTree2017Data/CMSSW_10_4_0/lib to tarball
DEBUG 2019-11-01 12:13:34.793 UTC: 	 Checking directory /afs/cern.ch/work/s/sthakur/xRavindra/MiniTree2017Data/CMSSW_10_4_0/biglib
DEBUG 2019-11-01 12:13:34.793 UTC: 	 Adding directory /afs/cern.ch/work/s/sthakur/xRavindra/MiniTree2017Data/CMSSW_10_4_0/biglib to tarball
DEBUG 2019-11-01 12:13:34.794 UTC: 	 Checking directory /afs/cern.ch/work/s/sthakur/xRavindra/MiniTree2017Data/CMSSW_10_4_0/module
DEBUG 2019-11-01 12:13:34.803 UTC: 	 Adding data directory /afs/cern.ch/work/s/sthakur/xRavindra/MiniTree2017Data/CMSSW_10_4_0/src/ExLep2017Tree/Selection/interface to tarball
DEBUG 2019-11-01 12:13:34.817 UTC: 	 Adding file ../../ExLep2017Tree/Selection/test/Fall17_V3_MC_PtResolution_AK8PF.txt to tarball
DEBUG 2019-11-01 12:13:34.818 UTC: 	 Adding file ../../ExLep2017Tree/Selection/test/Fall17_V3_MC_SF_AK8PF.txt to tarball
DEBUG 2019-11-01 12:13:34.920 UTC: 	 Uploading archive /afs/cern.ch/work/s/sthakur/xRavindra/MiniTree2017Data/CMSSW_10_4_0/src/ExLep2017Crab/crab/CrabMC_20191101/crab_ExLepEEZ_M500_MC_20191101/inputs/a3e15b4c-d25f-4cec-868f-5a9090732a11default.tgz (239 KB) to the CRAB cache. Using URI https://cmsweb.cern.ch/crabcache
DEBUG 2019-11-01 12:13:35.235 UTC: 	 Loading required information from the environment
DEBUG 2019-11-01 12:13:35.235 UTC: 	 Found CMSSW_10_4_0 for slc7_amd64_gcc700 with base /afs/cern.ch/work/s/sthakur/xRavindra/MiniTree2017Data/CMSSW_10_4_0
DEBUG 2019-11-01 12:13:35.236 UTC: 	 Making tarball in /afs/cern.ch/work/s/sthakur/xRavindra/MiniTree2017Data/CMSSW_10_4_0/src/ExLep2017Crab/crab/CrabMC_20191101/crab_ExLepEEZ_M500_MC_20191101/inputs/debugFiles.tgz
DEBUG 2019-11-01 12:13:35.241 UTC: 	 Uploading archive /afs/cern.ch/work/s/sthakur/xRavindra/MiniTree2017Data/CMSSW_10_4_0/src/ExLep2017Crab/crab/CrabMC_20191101/crab_ExLepEEZ_M500_MC_20191101/inputs/debugFiles.tgz (2 KB) to the CRAB cache. Using URI https://cmsweb.cern.ch/crabcache
DEBUG 2019-11-01 12:13:35.323 UTC: 	 Result uploading input files: 396d99dc9b86d9defd2bc0ec05ce1ba79fce751aa63962ce9d9e4b8a604abd53.tar.gz 
WARNING 2019-11-01 12:13:35.323 UTC: 	 Warning: The following output files will not be published, as they are not EDM files: ['ExLepEEZ_M500_MC_20191101_Ntuple.root']
INFO 2019-11-01 12:13:35.324 UTC: 	 Sending the request to the server at cmsweb.cern.ch
DEBUG 2019-11-01 12:13:35.324 UTC: 	 Submitting {'maxjobruntime': 1250, 'extrajdl': [], 'ignorelocality': 0, 'savelogsflag': 0, 'useparent': 0, 'asyncdest': 'T2_IN_TIFR', 'algoargs': 10, 'cachefilename': '396d99dc9b86d9defd2bc0ec05ce1ba79fce751aa63962ce9d9e4b8a604abd53.tar.gz', 'numcores': 1, 'addoutputfiles': [], 'generator': 'pythia', 'maxmemory': 2000, 'publishdbsurl': 'https://cmsweb.cern.ch/dbs/prod/phys03/DBSWriter', 'priority': 10, 'jobsw': 'CMSSW_10_4_0', 'edmoutfiles': [], 'userfiles': [], 'primarydataset': '', 'inputdata': '/ExcitedLepton_EEZ-500_TuneCP5_13TeV-pythia8/RunIIFall17MiniAODv2-PU2017_12Apr2018_94X_mc2017_realistic_v14-v1/MINIAODSIM', 'lfn': '/store/user/sthakur/ntuple_for2017MC_20191101/MC_20191101/ExLepEEZ_M500_MC_20191101', 'dryrun': 0, 'workflow': 'crab_ExLepEEZ_M500_MC_20191101', 'cacheurl': u'https://cmsweb.cern.ch/crabcache', 'nonprodsw': 1, 'tfileoutfiles': ['ExLepEEZ_M500_MC_20191101_Ntuple.root'], 'oneEventMode': 0, 'debugfilename': 'f9beb69d868484aaeada9ce84524e8f1fafaea001bca7321cf22bb9da2ef123c.tar.gz', 'saveoutput': 1, 'publication': 1, 'jobarch': 'slc7_amd64_gcc700', 'totalunits': 0, 'splitalgo': 'FileBased', 'ignoreglobalblacklist': 0, 'nonvaliddata': 1, 'dbsurl': 'https://cmsweb.cern.ch/dbs/prod/global/DBSReader', 'publishgroupname': 0, 'jobtype': 'Analysis', 'publishname2': 'ExLepEEZ_M500_MC_20191101'} 
DEBUG 2019-11-01 12:13:35.324 UTC: 	 Encoded submit request: maxjobruntime=1250&ignorelocality=0&savelogsflag=0&useparent=0&asyncdest=T2_IN_TIFR&algoargs=10&cachefilename=396d99dc9b86d9defd2bc0ec05ce1ba79fce751aa63962ce9d9e4b8a604abd53.tar.gz&numcores=1&generator=pythia&maxmemory=2000&publishdbsurl=https%3A%2F%2Fcmsweb.cern.ch%2Fdbs%2Fprod%2Fphys03%2FDBSWriter&priority=10&jobsw=CMSSW_10_4_0&primarydataset=&inputdata=%2FExcitedLepton_EEZ-500_TuneCP5_13TeV-pythia8%2FRunIIFall17MiniAODv2-PU2017_12Apr2018_94X_mc2017_realistic_v14-v1%2FMINIAODSIM&lfn=%2Fstore%2Fuser%2Fsthakur%2Fntuple_for2017MC_20191101%2FMC_20191101%2FExLepEEZ_M500_MC_20191101&dryrun=0&workflow=crab_ExLepEEZ_M500_MC_20191101&cacheurl=https%3A%2F%2Fcmsweb.cern.ch%2Fcrabcache&nonprodsw=1&oneEventMode=0&debugfilename=f9beb69d868484aaeada9ce84524e8f1fafaea001bca7321cf22bb9da2ef123c.tar.gz&saveoutput=1&publication=1&jobarch=slc7_amd64_gcc700&totalunits=0&splitalgo=FileBased&ignoreglobalblacklist=0&nonvaliddata=1&dbsurl=https%3A%2F%2Fcmsweb.cern.ch%2Fdbs%2Fprod%2Fglobal%2FDBSReader&publishgroupname=0&jobtype=Analysis&publishname2=ExLepEEZ_M500_MC_20191101&tfileoutfiles=ExLepEEZ_M500_MC_20191101_Ntuple.root
DEBUG 2019-11-01 12:13:35.440 UTC: 	 Result: {u'result': [{u'RequestName': u'191101_121335:sthakur_crab_ExLepEEZ_M500_MC_20191101'}]}
INFO 2019-11-01 12:13:35.442 UTC: 	 Success: Your task has been delivered to the prod CRAB3 server.
INFO 2019-11-01 12:13:35.443 UTC: 	 Task name: 191101_121335:sthakur_crab_ExLepEEZ_M500_MC_20191101
INFO 2019-11-01 12:13:35.443 UTC: 	 Project dir: CrabMC_20191101/crab_ExLepEEZ_M500_MC_20191101
INFO 2019-11-01 12:13:35.443 UTC: 	 Please use 'crab status -d CrabMC_20191101/crab_ExLepEEZ_M500_MC_20191101' to check how the submission process proceeds.
DEBUG 2019-11-01 12:13:35.443 UTC: 	 About to return
DEBUG 2019-11-01 12:48:49.587 UTC: 	 Running on: Linux lxplus707.cern.ch 3.10.0-1062.1.2.el7.x86_64 #1 SMP Mon Sep 30 14:19:46 UTC 2019 x86_64 x86_64 x86_64 GNU/Linux
Description:	CentOS Linux release 7.7.1908 (Core) 

DEBUG 2019-11-01 12:48:49.587 UTC: 	 Executing command: 'status'
DEBUG 2019-11-01 12:48:49.587 UTC: 	 Found CRAB cache file /afs/cern.ch/user/s/sthakur/.crab3
DEBUG 2019-11-01 12:48:49.599 UTC: 	 Checking credentials
DEBUG 2019-11-01 12:48:49.600 UTC: 	 Found proxy file /tmp/x509up_u77410
DEBUG 2019-11-01 12:48:49.600 UTC: 	 Getting proxy life time left
DEBUG 2019-11-01 12:48:50.307 UTC: 	 Executing : 
 command : voms-proxy-info -file /tmp/x509up_u77410 -timeleft
 output : 40868

 error: 
 retcode : 0
DEBUG 2019-11-01 12:48:50.914 UTC: 	 Executing : 
 command : voms-proxy-info -file /tmp/x509up_u77410 -actimeleft
 output : 40868

 error: 
 retcode : 0
DEBUG 2019-11-01 12:48:50.914 UTC: 	 Proxy valid for 11:21:08 hours
DEBUG 2019-11-01 12:48:51.111 UTC: 	 Executing : 
 command : openssl x509 -in ~/.globus/usercert.pem -subject -noout
 output : subject= /DC=ch/DC=cern/OU=Organic Units/OU=Users/CN=sthakur/CN=764789/CN=Shalini Thakur

 error: 
 retcode : 0
DEBUG 2019-11-01 12:48:51.111 UTC: 	 Checking credentials
DEBUG 2019-11-01 12:48:51.111 UTC: 	 Found proxy file /tmp/x509up_u77410
DEBUG 2019-11-01 12:48:51.111 UTC: 	 Getting proxy life time left
DEBUG 2019-11-01 12:48:51.817 UTC: 	 Executing : 
 command : voms-proxy-info -file /tmp/x509up_u77410 -timeleft
 output : 40867

 error: 
 retcode : 0
DEBUG 2019-11-01 12:48:52.524 UTC: 	 Executing : 
 command : voms-proxy-info -file /tmp/x509up_u77410 -actimeleft
 output : 40866

 error: 
 retcode : 0
DEBUG 2019-11-01 12:48:52.525 UTC: 	 Proxy lifetime 40867 secs is different from voms extension lifetime 40866 secs for proxy: /tmp/x509up_u77410
DEBUG 2019-11-01 12:48:52.525 UTC: 	 Proxy valid for 11:21:06 hours
DEBUG 2019-11-01 12:48:52.669 UTC: 	 Registering user credentials for server /DC=ch/DC=cern/OU=computers/CN=vocms(052|058|030|0118|0105|0109).cern.ch|/DC=ch/DC=cern/OU=computers/CN=crab-(preprod|prod)-tw(02|01).cern.ch
DEBUG 2019-11-01 12:48:52.780 UTC: 	 Executing : 
 command : openssl x509 -in ~/.globus/usercert.pem -subject -noout
 output : subject= /DC=ch/DC=cern/OU=Organic Units/OU=Users/CN=sthakur/CN=764789/CN=Shalini Thakur

 error: 
 retcode : 0
DEBUG 2019-11-01 12:48:52.781 UTC: 	 Getting myproxy life time left for myproxy.cern.ch
DEBUG 2019-11-01 12:48:52.781 UTC: 	 Calculating hash of /DC=ch/DC=cern/OU=Organic Units/OU=Users/CN=sthakur/CN=764789/CN=Shalini Thakur_cmsweb.cern.ch for credential name
DEBUG 2019-11-01 12:48:53.090 UTC: 	 Executing : 
 command : myproxy-info -l 9cd94953387eeee7bf4da2b7588630639ea1153b -s myproxy.cern.ch
 output : username: 9cd94953387eeee7bf4da2b7588630639ea1153b
owner: /DC=ch/DC=cern/OU=Organic Units/OU=Users/CN=sthakur/CN=764789/CN=Shalini Thakur
  renewal policy: /DC=ch/DC=cern/OU=computers/CN=vocms(052|058|030|0118|0105|0109).cern.ch|/DC=ch/DC=cern/OU=computers/CN=crab-(preprod|prod)-tw(02|01).cern.ch
  trusted retrieval policy: /DC=ch/DC=cern/OU=computers/CN=vocms(052|058|030|0118|0105|0109).cern.ch|/DC=ch/DC=cern/OU=computers/CN=crab-(preprod|prod)-tw(02|01).cern.ch
  timeleft: 557:49:07  (23.2 days)

 error: 
 retcode : 0
DEBUG 2019-11-01 12:48:53.091 UTC: 	 Myproxy is valid: 2008147
DEBUG 2019-11-01 12:48:53.092 UTC: 	 Command use: status
DEBUG 2019-11-01 12:48:53.092 UTC: 	 Options use: ['--verboseErrors', 'CrabMC_20191101/crab_ExLepEEZ_M500_MC_20191101']
DEBUG 2019-11-01 12:48:53.175 UTC: 	 CRABClient version: 3.3.1910.patch2
DEBUG 2019-11-01 12:48:53.175 UTC: 	 Instance is prod
DEBUG 2019-11-01 12:48:53.175 UTC: 	 Server base url is cmsweb.cern.ch
DEBUG 2019-11-01 12:48:53.175 UTC: 	 Command url /crabserver/prod/workflow
DEBUG 2019-11-01 12:48:53.301 UTC: 	 Got information from server oracle database: {u'result': [u'191101_121335:sthakur_crab_ExLepEEZ_M500_MC_20191101', u'None', u'None', u'SUBMITTED', u'SUBMIT', u'2019-11-01 12:13:35.427337', u'None', u'2019-11-01 12:14:51.745262', u'None', u'CMSSW_10_4_0', u'slc7_amd64_gcc700', u'/ExcitedLepton_EEZ-500_TuneCP5_13TeV-pythia8/RunIIFall17MiniAODv2-PU2017_12Apr2018_94X_mc2017_realistic_v14-v1/MINIAODSIM', u'T', u'0', u'[]', u'[]', u'FileBased', u"{'splitOnRun': False, 'halt_job_on_file_boundaries': False, 'files_per_job': 10, 'runs': [], 'lumis': []}", u'396d99dc9b86d9defd2bc0ec05ce1ba79fce751aa63962ce9d9e4b8a604abd53.tar.gz', u'https://cmsweb.cern.ch/crabcache', u'sthakur', u'/DC=ch/DC=cern/OU=Organic Units/OU=Users/CN=sthakur/CN=764789/CN=Shalini Thakur', u'cms', u'None', u'None', u'ExLepEEZ_M500_MC_20191101-00000000000000000000000000000000', u'F', u'T2_IN_TIFR', u'https://cmsweb.cern.ch/dbs/prod/global/DBSReader', u'https://cmsweb.cern.ch/dbs/prod/phys03/DBSWriter', u'T', u'[]', u"['ExLepEEZ_M500_MC_20191101_Ntuple.root']", u'[]', u'Analysis', u'pythia', u'None', u'{}', u'[]', u'F', u'crab-prod-tw01', u'[]', u'1250', u'1', u'2000', u'10', u'None', u'[]', u'http://vocms0120.cern.ch/mon/cms251/191101_121335:sthakur_crab_ExLepEEZ_M500_MC_20191101', u'None', u'[]', u'[]', u'https://cmsweb.cern.ch/crabserver/prod', u'cmsgwms-collector-global.cern.ch:9620,cmssrv623.fnal.gov:9620', u'crab3@vocms0120.cern.ch', u'F', u'[]', u'T', u'/store/user/sthakur/ntuple_for2017MC_20191101/MC_20191101/ExLepEEZ_M500_MC_20191101', u'F', u'None', u'F', u'None', u'ExcitedLepton_EEZ-500_TuneCP5_13TeV-pythia8', u'None', u'f9beb69d868484aaeada9ce84524e8f1fafaea001bca7321cf22bb9da2ef123c.tar.gz', u'45456956', u'filetransfers', u'F', u'2001:1458:d00:2e::100:9b', u'0.0', u'None'], u'desc': {u'columns': [u'tm_taskname', u'tm_activity', u'panda_jobset_id', u'tm_task_status', u'tm_task_command', u'tm_start_time', u'tm_start_injection', u'tm_end_injection', u'tm_task_failure', u'tm_job_sw', u'tm_job_arch', u'tm_input_dataset', u'tm_nonvalid_input_dataset', u'tm_use_parent', u'tm_site_whitelist', u'tm_site_blacklist', u'tm_split_algo', u'tm_split_args', u'tm_user_sandbox', u'tm_cache_url', u'tm_username', u'tm_user_dn', u'tm_user_vo', u'tm_user_role', u'tm_user_group', u'tm_publish_name', u'tm_publish_groupname', u'tm_asyncdest', u'tm_dbs_url', u'tm_publish_dbs_url', u'tm_publication', u'tm_outfiles', u'tm_tfile_outfiles', u'tm_edm_outfiles', u'tm_job_type', u'tm_generator', u'tm_events_per_lumi', u'tm_arguments', u'panda_resubmitted_jobs', u'tm_save_logs', u'tw_name', u'tm_user_infiles', u'tm_maxjobruntime', u'tm_numcores', u'tm_maxmemory', u'tm_priority', u'tm_output_dataset', u'tm_task_warnings', u'tm_user_webdir', u'tm_scriptexe', u'tm_scriptargs', u'tm_extrajdl', u'tm_asourl', u'tm_collector', u'tm_schedd', u'tm_dry_run', u'tm_user_files', u'tm_transfer_outputs', u'tm_output_lfn', u'tm_ignore_locality', u'tm_fail_limit', u'tm_one_event_mode', u'tm_secondary_input_dataset', u'tm_primary_dataset', u'tm_last_publication', u'tm_debug_files', u'clusterid', u'tm_asodb', u'tm_ignore_global_blacklist', u'tm_submitter_ip_addr', u'tm_totalunits', u'tm_ddm_reqid']}}
INFO 2019-11-01 12:48:53.301 UTC: 	 CRAB project directory:		/afs/cern.ch/work/s/sthakur/xRavindra/MiniTree2017Data/CMSSW_10_4_0/src/ExLep2017Crab/crab/CrabMC_20191101/crab_ExLepEEZ_M500_MC_20191101
INFO 2019-11-01 12:48:53.301 UTC: 	 Task name:			191101_121335:sthakur_crab_ExLepEEZ_M500_MC_20191101
INFO 2019-11-01 12:48:53.301 UTC: 	 Grid scheduler - Task Worker:	crab3@vocms0120.cern.ch - crab-prod-tw01
INFO 2019-11-01 12:48:53.301 UTC: 	 Status on the CRAB server:	SUBMITTED
INFO 2019-11-01 12:48:53.301 UTC: 	 Task URL to use for HELP:	https://cmsweb.cern.ch/crabserver/ui/task/191101_121335%3Asthakur_crab_ExLepEEZ_M500_MC_20191101
INFO 2019-11-01 12:48:53.302 UTC: 	 Dashboard monitoring URL:	https://monit-grafana.cern.ch/d/cmsTMDetail/cms-task-monitoring-task-view?orgId=11&var-user=sthakur&var-task=191101_121335%3Asthakur_crab_ExLepEEZ_M500_MC_20191101
INFO 2019-11-01 12:48:53.302 UTC: 	 In case of issues with the dashboard, please provide feedback to hn-cms-computing-tools@cern.ch
DEBUG 2019-11-01 12:48:53.302 UTC: 	 The CRAB server submitted your task to the Grid scheduler (cluster ID: 45456956)
DEBUG 2019-11-01 12:48:53.302 UTC: 	 Webdir is located at http://vocms0120.cern.ch/mon/cms251/191101_121335:sthakur_crab_ExLepEEZ_M500_MC_20191101
DEBUG 2019-11-01 12:48:53.369 UTC: 	 Proxied webdir is located at https://cmsweb.cern.ch/scheddmon/0120/cms251/191101_121335:sthakur_crab_ExLepEEZ_M500_MC_20191101
DEBUG 2019-11-01 12:48:53.369 UTC: 	 Retrieving 'status_cache' file from https://cmsweb.cern.ch/scheddmon/0120/cms251/191101_121335:sthakur_crab_ExLepEEZ_M500_MC_20191101/status_cache
DEBUG 2019-11-01 12:48:53.449 UTC: 	 Got information from status cache file: {'1': {'Retries': 0, 'WallDurations': [9.0, 1285.0], 'StartTimes': [1572610938.0], 'SubmitTimes': [1572610510.0], 'JobIds': ['45456958.0'], 'EndTimes': [1572612223.0], 'Restarts': 0, 'RecordedSite': True, 'State': 'transferring', 'ResidentSetSize': [898304], 'TotalUserCpuTimeHistory': [868], 'SiteHistory': ['Unknown', 'T2_CH_CSCS'], 'TotalSysCpuTimeHistory': [30]}, '3': {'Retries': 0, 'WallDurations': [8.0, 147.0], 'StartTimes': [1572611641.0], 'SubmitTimes': [1572610510.0], 'JobIds': ['45456959.0'], 'EndTimes': [1572611788.0], 'Restarts': 0, 'RecordedSite': True, 'State': 'transferring', 'ResidentSetSize': [6928], 'TotalUserCpuTimeHistory': [59], 'SiteHistory': ['Unknown', 'T2_CH_CSCS'], 'TotalSysCpuTimeHistory': [3]}, '2': {'Retries': 0, 'WallDurations': [9.0, 611.0], 'StartTimes': [1572611634.0], 'SubmitTimes': [1572610512.0], 'JobIds': ['45456960.0'], 'EndTimes': [], 'Restarts': 0, 'RecordedSite': True, 'State': 'running', 'ResidentSetSize': [893304], 'TotalUserCpuTimeHistory': [479.0], 'SiteHistory': ['Unknown', 'T2_CH_CSCS'], 'TotalSysCpuTimeHistory': [19.0]}}
INFO 2019-11-01 12:48:53.449 UTC: 	 Status on the scheduler:	SUBMITTED
INFO 2019-11-01 12:48:53.449 UTC: 	 
Jobs status:                    running      		 33.3% (1/3)
INFO 2019-11-01 12:48:53.449 UTC: 	 				transferring 		 66.7% (2/3)
INFO 2019-11-01 12:48:53.449 UTC: 	 
No publication information available yet
INFO 2019-11-01 12:48:53.450 UTC: 	 
Warning: the max jobs runtime is less than 30% of the task requested value (1250 min), please consider to request a lower value for failed jobs (allowed through crab resubmit) and/or improve the jobs splitting (e.g. config.Data.splitting = 'Automatic') in a new task.
INFO 2019-11-01 12:48:53.450 UTC: 	 
Summary of run jobs:
 * Memory: 6MB min, 877MB max, 442MB ave
 * Runtime: 0:02:27 min, 0:21:25 max, 0:11:56 ave
 * CPU eff: 42% min, 70% max, 67% ave
 * Waste: 0:00:17 (1% of total)

INFO 2019-11-01 12:48:53.460 UTC: 	 Log file is /afs/cern.ch/work/s/sthakur/xRavindra/MiniTree2017Data/CMSSW_10_4_0/src/ExLep2017Crab/crab/CrabMC_20191101/crab_ExLepEEZ_M500_MC_20191101/crab.log
DEBUG 2019-11-01 16:55:27.510 UTC: 	 Running on: Linux lxplus721.cern.ch 3.10.0-1062.1.2.el7.x86_64 #1 SMP Mon Sep 30 14:19:46 UTC 2019 x86_64 x86_64 x86_64 GNU/Linux
Description:	CentOS Linux release 7.7.1908 (Core) 

DEBUG 2019-11-01 16:55:27.511 UTC: 	 Executing command: 'status'
DEBUG 2019-11-01 16:55:27.511 UTC: 	 Found CRAB cache file /afs/cern.ch/user/s/sthakur/.crab3
DEBUG 2019-11-01 16:55:27.536 UTC: 	 Checking credentials
DEBUG 2019-11-01 16:55:27.536 UTC: 	 Found proxy file /tmp/x509up_u77410
DEBUG 2019-11-01 16:55:27.536 UTC: 	 Getting proxy life time left
DEBUG 2019-11-01 16:55:28.243 UTC: 	 Executing : 
 command : voms-proxy-info -file /tmp/x509up_u77410 -timeleft
 output : 43100

 error: 
 retcode : 0
DEBUG 2019-11-01 16:55:28.950 UTC: 	 Executing : 
 command : voms-proxy-info -file /tmp/x509up_u77410 -actimeleft
 output : 43100

 error: 
 retcode : 0
DEBUG 2019-11-01 16:55:28.951 UTC: 	 Proxy valid for 11:58:20 hours
DEBUG 2019-11-01 16:55:29.132 UTC: 	 Executing : 
 command : openssl x509 -in ~/.globus/usercert.pem -subject -noout
 output : subject= /DC=ch/DC=cern/OU=Organic Units/OU=Users/CN=sthakur/CN=764789/CN=Shalini Thakur

 error: 
 retcode : 0
DEBUG 2019-11-01 16:55:29.132 UTC: 	 Checking credentials
DEBUG 2019-11-01 16:55:29.133 UTC: 	 Found proxy file /tmp/x509up_u77410
DEBUG 2019-11-01 16:55:29.133 UTC: 	 Getting proxy life time left
DEBUG 2019-11-01 16:55:29.839 UTC: 	 Executing : 
 command : voms-proxy-info -file /tmp/x509up_u77410 -timeleft
 output : 43099

 error: 
 retcode : 0
DEBUG 2019-11-01 16:55:30.552 UTC: 	 Executing : 
 command : voms-proxy-info -file /tmp/x509up_u77410 -actimeleft
 output : 43098

 error: 
 retcode : 0
DEBUG 2019-11-01 16:55:30.552 UTC: 	 Proxy lifetime 43099 secs is different from voms extension lifetime 43098 secs for proxy: /tmp/x509up_u77410
DEBUG 2019-11-01 16:55:30.552 UTC: 	 Proxy valid for 11:58:18 hours
DEBUG 2019-11-01 16:55:30.655 UTC: 	 Registering user credentials for server /DC=ch/DC=cern/OU=computers/CN=vocms(052|058|030|0118|0105|0109).cern.ch|/DC=ch/DC=cern/OU=computers/CN=crab-(preprod|prod)-tw(02|01).cern.ch
DEBUG 2019-11-01 16:55:30.766 UTC: 	 Executing : 
 command : openssl x509 -in ~/.globus/usercert.pem -subject -noout
 output : subject= /DC=ch/DC=cern/OU=Organic Units/OU=Users/CN=sthakur/CN=764789/CN=Shalini Thakur

 error: 
 retcode : 0
DEBUG 2019-11-01 16:55:30.766 UTC: 	 Getting myproxy life time left for myproxy.cern.ch
DEBUG 2019-11-01 16:55:30.766 UTC: 	 Calculating hash of /DC=ch/DC=cern/OU=Organic Units/OU=Users/CN=sthakur/CN=764789/CN=Shalini Thakur_cmsweb.cern.ch for credential name
DEBUG 2019-11-01 16:55:31.373 UTC: 	 Executing : 
 command : myproxy-info -l 9cd94953387eeee7bf4da2b7588630639ea1153b -s myproxy.cern.ch
 output : username: 9cd94953387eeee7bf4da2b7588630639ea1153b
owner: /DC=ch/DC=cern/OU=Organic Units/OU=Users/CN=sthakur/CN=764789/CN=Shalini Thakur
  renewal policy: /DC=ch/DC=cern/OU=computers/CN=vocms(052|058|030|0118|0105|0109).cern.ch|/DC=ch/DC=cern/OU=computers/CN=crab-(preprod|prod)-tw(02|01).cern.ch
  trusted retrieval policy: /DC=ch/DC=cern/OU=computers/CN=vocms(052|058|030|0118|0105|0109).cern.ch|/DC=ch/DC=cern/OU=computers/CN=crab-(preprod|prod)-tw(02|01).cern.ch
  timeleft: 553:42:29  (23.1 days)

 error: 
 retcode : 0
DEBUG 2019-11-01 16:55:31.374 UTC: 	 Myproxy is valid: 1993349
DEBUG 2019-11-01 16:55:31.375 UTC: 	 Command use: status
DEBUG 2019-11-01 16:55:31.375 UTC: 	 Options use: ['--verboseErrors', 'CrabMC_20191101/crab_ExLepEEZ_M500_MC_20191101']
DEBUG 2019-11-01 16:55:31.450 UTC: 	 CRABClient version: 3.3.1910.patch2
DEBUG 2019-11-01 16:55:31.450 UTC: 	 Instance is prod
DEBUG 2019-11-01 16:55:31.451 UTC: 	 Server base url is cmsweb.cern.ch
DEBUG 2019-11-01 16:55:31.451 UTC: 	 Command url /crabserver/prod/workflow
DEBUG 2019-11-01 16:55:31.528 UTC: 	 Got information from server oracle database: {u'result': [u'191101_121335:sthakur_crab_ExLepEEZ_M500_MC_20191101', u'None', u'None', u'SUBMITTED', u'SUBMIT', u'2019-11-01 12:13:35.427337', u'None', u'2019-11-01 12:14:51.745262', u'None', u'CMSSW_10_4_0', u'slc7_amd64_gcc700', u'/ExcitedLepton_EEZ-500_TuneCP5_13TeV-pythia8/RunIIFall17MiniAODv2-PU2017_12Apr2018_94X_mc2017_realistic_v14-v1/MINIAODSIM', u'T', u'0', u'[]', u'[]', u'FileBased', u"{'splitOnRun': False, 'halt_job_on_file_boundaries': False, 'files_per_job': 10, 'runs': [], 'lumis': []}", u'396d99dc9b86d9defd2bc0ec05ce1ba79fce751aa63962ce9d9e4b8a604abd53.tar.gz', u'https://cmsweb.cern.ch/crabcache', u'sthakur', u'/DC=ch/DC=cern/OU=Organic Units/OU=Users/CN=sthakur/CN=764789/CN=Shalini Thakur', u'cms', u'None', u'None', u'ExLepEEZ_M500_MC_20191101-00000000000000000000000000000000', u'F', u'T2_IN_TIFR', u'https://cmsweb.cern.ch/dbs/prod/global/DBSReader', u'https://cmsweb.cern.ch/dbs/prod/phys03/DBSWriter', u'T', u'[]', u"['ExLepEEZ_M500_MC_20191101_Ntuple.root']", u'[]', u'Analysis', u'pythia', u'None', u'{}', u'[]', u'F', u'crab-prod-tw01', u'[]', u'1250', u'1', u'2000', u'10', u'None', u'[]', u'http://vocms0120.cern.ch/mon/cms251/191101_121335:sthakur_crab_ExLepEEZ_M500_MC_20191101', u'None', u'[]', u'[]', u'https://cmsweb.cern.ch/crabserver/prod', u'cmsgwms-collector-global.cern.ch:9620,cmssrv623.fnal.gov:9620', u'crab3@vocms0120.cern.ch', u'F', u'[]', u'T', u'/store/user/sthakur/ntuple_for2017MC_20191101/MC_20191101/ExLepEEZ_M500_MC_20191101', u'F', u'None', u'F', u'None', u'ExcitedLepton_EEZ-500_TuneCP5_13TeV-pythia8', u'None', u'f9beb69d868484aaeada9ce84524e8f1fafaea001bca7321cf22bb9da2ef123c.tar.gz', u'45456956', u'filetransfers', u'F', u'2001:1458:d00:2e::100:9b', u'0.0', u'None'], u'desc': {u'columns': [u'tm_taskname', u'tm_activity', u'panda_jobset_id', u'tm_task_status', u'tm_task_command', u'tm_start_time', u'tm_start_injection', u'tm_end_injection', u'tm_task_failure', u'tm_job_sw', u'tm_job_arch', u'tm_input_dataset', u'tm_nonvalid_input_dataset', u'tm_use_parent', u'tm_site_whitelist', u'tm_site_blacklist', u'tm_split_algo', u'tm_split_args', u'tm_user_sandbox', u'tm_cache_url', u'tm_username', u'tm_user_dn', u'tm_user_vo', u'tm_user_role', u'tm_user_group', u'tm_publish_name', u'tm_publish_groupname', u'tm_asyncdest', u'tm_dbs_url', u'tm_publish_dbs_url', u'tm_publication', u'tm_outfiles', u'tm_tfile_outfiles', u'tm_edm_outfiles', u'tm_job_type', u'tm_generator', u'tm_events_per_lumi', u'tm_arguments', u'panda_resubmitted_jobs', u'tm_save_logs', u'tw_name', u'tm_user_infiles', u'tm_maxjobruntime', u'tm_numcores', u'tm_maxmemory', u'tm_priority', u'tm_output_dataset', u'tm_task_warnings', u'tm_user_webdir', u'tm_scriptexe', u'tm_scriptargs', u'tm_extrajdl', u'tm_asourl', u'tm_collector', u'tm_schedd', u'tm_dry_run', u'tm_user_files', u'tm_transfer_outputs', u'tm_output_lfn', u'tm_ignore_locality', u'tm_fail_limit', u'tm_one_event_mode', u'tm_secondary_input_dataset', u'tm_primary_dataset', u'tm_last_publication', u'tm_debug_files', u'clusterid', u'tm_asodb', u'tm_ignore_global_blacklist', u'tm_submitter_ip_addr', u'tm_totalunits', u'tm_ddm_reqid']}}
INFO 2019-11-01 16:55:31.529 UTC: 	 CRAB project directory:		/afs/cern.ch/work/s/sthakur/xRavindra/MiniTree2017Data/CMSSW_10_4_0/src/ExLep2017Crab/crab/CrabMC_20191101/crab_ExLepEEZ_M500_MC_20191101
INFO 2019-11-01 16:55:31.529 UTC: 	 Task name:			191101_121335:sthakur_crab_ExLepEEZ_M500_MC_20191101
INFO 2019-11-01 16:55:31.529 UTC: 	 Grid scheduler - Task Worker:	crab3@vocms0120.cern.ch - crab-prod-tw01
INFO 2019-11-01 16:55:31.529 UTC: 	 Status on the CRAB server:	SUBMITTED
INFO 2019-11-01 16:55:31.529 UTC: 	 Task URL to use for HELP:	https://cmsweb.cern.ch/crabserver/ui/task/191101_121335%3Asthakur_crab_ExLepEEZ_M500_MC_20191101
INFO 2019-11-01 16:55:31.529 UTC: 	 Dashboard monitoring URL:	https://monit-grafana.cern.ch/d/cmsTMDetail/cms-task-monitoring-task-view?orgId=11&var-user=sthakur&var-task=191101_121335%3Asthakur_crab_ExLepEEZ_M500_MC_20191101
INFO 2019-11-01 16:55:31.529 UTC: 	 In case of issues with the dashboard, please provide feedback to hn-cms-computing-tools@cern.ch
DEBUG 2019-11-01 16:55:31.529 UTC: 	 The CRAB server submitted your task to the Grid scheduler (cluster ID: 45456956)
DEBUG 2019-11-01 16:55:31.529 UTC: 	 Webdir is located at http://vocms0120.cern.ch/mon/cms251/191101_121335:sthakur_crab_ExLepEEZ_M500_MC_20191101
DEBUG 2019-11-01 16:55:31.604 UTC: 	 Proxied webdir is located at https://cmsweb.cern.ch/scheddmon/0120/cms251/191101_121335:sthakur_crab_ExLepEEZ_M500_MC_20191101
DEBUG 2019-11-01 16:55:31.604 UTC: 	 Retrieving 'status_cache' file from https://cmsweb.cern.ch/scheddmon/0120/cms251/191101_121335:sthakur_crab_ExLepEEZ_M500_MC_20191101/status_cache
DEBUG 2019-11-01 16:55:31.679 UTC: 	 Got information from status cache file: {'1': {'Retries': 0, 'WallDurations': [9.0, 1285.0], 'StartTimes': [1572610938.0], 'SubmitTimes': [1572610510.0], 'JobIds': ['45456958.0'], 'EndTimes': [1572612223.0], 'Restarts': 0, 'RecordedSite': True, 'State': 'finished', 'ResidentSetSize': [898304], 'TotalUserCpuTimeHistory': [868], 'SiteHistory': ['Unknown', 'T2_CH_CSCS'], 'TotalSysCpuTimeHistory': [30]}, '3': {'Retries': 0, 'WallDurations': [8.0, 147.0], 'StartTimes': [1572611641.0], 'SubmitTimes': [1572610510.0], 'JobIds': ['45456959.0'], 'EndTimes': [1572611788.0], 'Restarts': 0, 'RecordedSite': True, 'State': 'finished', 'ResidentSetSize': [6928], 'TotalUserCpuTimeHistory': [59], 'SiteHistory': ['Unknown', 'T2_CH_CSCS'], 'TotalSysCpuTimeHistory': [3]}, '2': {'Retries': 0, 'WallDurations': [9.0, 1063.0], 'StartTimes': [1572611634.0], 'SubmitTimes': [1572610512.0], 'JobIds': ['45456960.0'], 'EndTimes': [1572612697.0], 'Restarts': 0, 'RecordedSite': True, 'State': 'finished', 'ResidentSetSize': [893304], 'TotalUserCpuTimeHistory': [694], 'SiteHistory': ['Unknown', 'T2_CH_CSCS'], 'TotalSysCpuTimeHistory': [29]}}
INFO 2019-11-01 16:55:31.679 UTC: 	 Status on the scheduler:	COMPLETED
INFO 2019-11-01 16:55:31.680 UTC: 	 
Jobs status:                    finished     		100.0% (3/3)
INFO 2019-11-01 16:55:31.778 UTC: 	 
No publication information available yet
INFO 2019-11-01 16:55:31.779 UTC: 	 
Warning: the max jobs runtime is less than 30% of the task requested value (1250 min), please consider to request a lower value for failed jobs (allowed through crab resubmit) and/or improve the jobs splitting (e.g. config.Data.splitting = 'Automatic') in a new task.
INFO 2019-11-01 16:55:31.779 UTC: 	 
Summary of run jobs:
 * Memory: 6MB min, 877MB max, 585MB ave
 * Runtime: 0:02:27 min, 0:21:25 max, 0:13:51 ave
 * CPU eff: 42% min, 70% max, 67% ave
 * Waste: 0:00:26 (1% of total)

INFO 2019-11-01 16:55:31.789 UTC: 	 Log file is /afs/cern.ch/work/s/sthakur/xRavindra/MiniTree2017Data/CMSSW_10_4_0/src/ExLep2017Crab/crab/CrabMC_20191101/crab_ExLepEEZ_M500_MC_20191101/crab.log
DEBUG 2019-11-03 17:55:17.454 UTC: 	 Running on: Linux lxplus737.cern.ch 3.10.0-1062.1.2.el7.x86_64 #1 SMP Mon Sep 30 14:19:46 UTC 2019 x86_64 x86_64 x86_64 GNU/Linux
Description:	CentOS Linux release 7.7.1908 (Core) 

DEBUG 2019-11-03 17:55:17.455 UTC: 	 Executing command: 'status'
DEBUG 2019-11-03 17:55:17.455 UTC: 	 Found CRAB cache file /afs/cern.ch/user/s/sthakur/.crab3
DEBUG 2019-11-03 17:55:17.503 UTC: 	 Checking credentials
DEBUG 2019-11-03 17:55:17.503 UTC: 	 Found proxy file /tmp/x509up_u77410
DEBUG 2019-11-03 17:55:17.503 UTC: 	 Getting proxy life time left
DEBUG 2019-11-03 17:55:18.617 UTC: 	 Executing : 
 command : voms-proxy-info -file /tmp/x509up_u77410 -timeleft
 output : 43088

 error: 
 retcode : 0
DEBUG 2019-11-03 17:55:19.826 UTC: 	 Executing : 
 command : voms-proxy-info -file /tmp/x509up_u77410 -actimeleft
 output : 43087

 error: 
 retcode : 0
DEBUG 2019-11-03 17:55:19.826 UTC: 	 Proxy lifetime 43088 secs is different from voms extension lifetime 43087 secs for proxy: /tmp/x509up_u77410
DEBUG 2019-11-03 17:55:19.826 UTC: 	 Proxy valid for 11:58:07 hours
DEBUG 2019-11-03 17:55:20.136 UTC: 	 Executing : 
 command : openssl x509 -in ~/.globus/usercert.pem -subject -noout
 output : subject= /DC=ch/DC=cern/OU=Organic Units/OU=Users/CN=sthakur/CN=764789/CN=Shalini Thakur

 error: 
 retcode : 0
DEBUG 2019-11-03 17:55:20.136 UTC: 	 Checking credentials
DEBUG 2019-11-03 17:55:20.136 UTC: 	 Found proxy file /tmp/x509up_u77410
DEBUG 2019-11-03 17:55:20.136 UTC: 	 Getting proxy life time left
DEBUG 2019-11-03 17:55:21.243 UTC: 	 Executing : 
 command : voms-proxy-info -file /tmp/x509up_u77410 -timeleft
 output : 43085

 error: 
 retcode : 0
DEBUG 2019-11-03 17:55:22.250 UTC: 	 Executing : 
 command : voms-proxy-info -file /tmp/x509up_u77410 -actimeleft
 output : 43084

 error: 
 retcode : 0
DEBUG 2019-11-03 17:55:22.250 UTC: 	 Proxy lifetime 43085 secs is different from voms extension lifetime 43084 secs for proxy: /tmp/x509up_u77410
DEBUG 2019-11-03 17:55:22.250 UTC: 	 Proxy valid for 11:58:04 hours
DEBUG 2019-11-03 17:55:22.342 UTC: 	 Registering user credentials for server /DC=ch/DC=cern/OU=computers/CN=vocms(052|058|030|0118|0105|0109).cern.ch|/DC=ch/DC=cern/OU=computers/CN=crab-(preprod|prod)-tw(02|01).cern.ch
DEBUG 2019-11-03 17:55:22.595 UTC: 	 Executing : 
 command : openssl x509 -in ~/.globus/usercert.pem -subject -noout
 output : subject= /DC=ch/DC=cern/OU=Organic Units/OU=Users/CN=sthakur/CN=764789/CN=Shalini Thakur

 error: 
 retcode : 0
DEBUG 2019-11-03 17:55:22.595 UTC: 	 Getting myproxy life time left for myproxy.cern.ch
DEBUG 2019-11-03 17:55:22.595 UTC: 	 Calculating hash of /DC=ch/DC=cern/OU=Organic Units/OU=Users/CN=sthakur/CN=764789/CN=Shalini Thakur_cmsweb.cern.ch for credential name
DEBUG 2019-11-03 17:55:23.102 UTC: 	 Executing : 
 command : myproxy-info -l 9cd94953387eeee7bf4da2b7588630639ea1153b -s myproxy.cern.ch
 output : username: 9cd94953387eeee7bf4da2b7588630639ea1153b
owner: /DC=ch/DC=cern/OU=Organic Units/OU=Users/CN=sthakur/CN=764789/CN=Shalini Thakur
  renewal policy: /DC=ch/DC=cern/OU=computers/CN=vocms(052|058|030|0118|0105|0109).cern.ch|/DC=ch/DC=cern/OU=computers/CN=crab-(preprod|prod)-tw(02|01).cern.ch
  trusted retrieval policy: /DC=ch/DC=cern/OU=computers/CN=vocms(052|058|030|0118|0105|0109).cern.ch|/DC=ch/DC=cern/OU=computers/CN=crab-(preprod|prod)-tw(02|01).cern.ch
  timeleft: 504:42:37  (21.0 days)

 error: 
 retcode : 0
DEBUG 2019-11-03 17:55:23.103 UTC: 	 Myproxy is valid: 1816957
DEBUG 2019-11-03 17:55:23.104 UTC: 	 Command use: status
DEBUG 2019-11-03 17:55:23.104 UTC: 	 Options use: ['--verboseErrors', 'CrabMC_20191101/crab_ExLepEEZ_M500_MC_20191101']
DEBUG 2019-11-03 17:55:23.233 UTC: 	 CRABClient version: 3.3.1910.patch2
DEBUG 2019-11-03 17:55:23.233 UTC: 	 Instance is prod
DEBUG 2019-11-03 17:55:23.233 UTC: 	 Server base url is cmsweb.cern.ch
DEBUG 2019-11-03 17:55:23.233 UTC: 	 Command url /crabserver/prod/workflow
DEBUG 2019-11-03 17:55:23.318 UTC: 	 Got information from server oracle database: {u'result': [u'191101_121335:sthakur_crab_ExLepEEZ_M500_MC_20191101', u'None', u'None', u'SUBMITTED', u'SUBMIT', u'2019-11-01 12:13:35.427337', u'None', u'2019-11-01 12:14:51.745262', u'None', u'CMSSW_10_4_0', u'slc7_amd64_gcc700', u'/ExcitedLepton_EEZ-500_TuneCP5_13TeV-pythia8/RunIIFall17MiniAODv2-PU2017_12Apr2018_94X_mc2017_realistic_v14-v1/MINIAODSIM', u'T', u'0', u'[]', u'[]', u'FileBased', u"{'splitOnRun': False, 'halt_job_on_file_boundaries': False, 'files_per_job': 10, 'runs': [], 'lumis': []}", u'396d99dc9b86d9defd2bc0ec05ce1ba79fce751aa63962ce9d9e4b8a604abd53.tar.gz', u'https://cmsweb.cern.ch/crabcache', u'sthakur', u'/DC=ch/DC=cern/OU=Organic Units/OU=Users/CN=sthakur/CN=764789/CN=Shalini Thakur', u'cms', u'None', u'None', u'ExLepEEZ_M500_MC_20191101-00000000000000000000000000000000', u'F', u'T2_IN_TIFR', u'https://cmsweb.cern.ch/dbs/prod/global/DBSReader', u'https://cmsweb.cern.ch/dbs/prod/phys03/DBSWriter', u'T', u'[]', u"['ExLepEEZ_M500_MC_20191101_Ntuple.root']", u'[]', u'Analysis', u'pythia', u'None', u'{}', u'[]', u'F', u'crab-prod-tw01', u'[]', u'1250', u'1', u'2000', u'10', u'None', u'[]', u'http://vocms0120.cern.ch/mon/cms251/191101_121335:sthakur_crab_ExLepEEZ_M500_MC_20191101', u'None', u'[]', u'[]', u'https://cmsweb.cern.ch/crabserver/prod', u'cmsgwms-collector-global.cern.ch:9620,cmssrv623.fnal.gov:9620', u'crab3@vocms0120.cern.ch', u'F', u'[]', u'T', u'/store/user/sthakur/ntuple_for2017MC_20191101/MC_20191101/ExLepEEZ_M500_MC_20191101', u'F', u'None', u'F', u'None', u'ExcitedLepton_EEZ-500_TuneCP5_13TeV-pythia8', u'None', u'f9beb69d868484aaeada9ce84524e8f1fafaea001bca7321cf22bb9da2ef123c.tar.gz', u'45456956', u'filetransfers', u'F', u'2001:1458:d00:2e::100:9b', u'0.0', u'None'], u'desc': {u'columns': [u'tm_taskname', u'tm_activity', u'panda_jobset_id', u'tm_task_status', u'tm_task_command', u'tm_start_time', u'tm_start_injection', u'tm_end_injection', u'tm_task_failure', u'tm_job_sw', u'tm_job_arch', u'tm_input_dataset', u'tm_nonvalid_input_dataset', u'tm_use_parent', u'tm_site_whitelist', u'tm_site_blacklist', u'tm_split_algo', u'tm_split_args', u'tm_user_sandbox', u'tm_cache_url', u'tm_username', u'tm_user_dn', u'tm_user_vo', u'tm_user_role', u'tm_user_group', u'tm_publish_name', u'tm_publish_groupname', u'tm_asyncdest', u'tm_dbs_url', u'tm_publish_dbs_url', u'tm_publication', u'tm_outfiles', u'tm_tfile_outfiles', u'tm_edm_outfiles', u'tm_job_type', u'tm_generator', u'tm_events_per_lumi', u'tm_arguments', u'panda_resubmitted_jobs', u'tm_save_logs', u'tw_name', u'tm_user_infiles', u'tm_maxjobruntime', u'tm_numcores', u'tm_maxmemory', u'tm_priority', u'tm_output_dataset', u'tm_task_warnings', u'tm_user_webdir', u'tm_scriptexe', u'tm_scriptargs', u'tm_extrajdl', u'tm_asourl', u'tm_collector', u'tm_schedd', u'tm_dry_run', u'tm_user_files', u'tm_transfer_outputs', u'tm_output_lfn', u'tm_ignore_locality', u'tm_fail_limit', u'tm_one_event_mode', u'tm_secondary_input_dataset', u'tm_primary_dataset', u'tm_last_publication', u'tm_debug_files', u'clusterid', u'tm_asodb', u'tm_ignore_global_blacklist', u'tm_submitter_ip_addr', u'tm_totalunits', u'tm_ddm_reqid']}}
INFO 2019-11-03 17:55:23.318 UTC: 	 CRAB project directory:		/afs/cern.ch/work/s/sthakur/xRavindra/MiniTree2017Data/CMSSW_10_4_0/src/ExLep2017Crab/crab/CrabMC_20191101/crab_ExLepEEZ_M500_MC_20191101
INFO 2019-11-03 17:55:23.319 UTC: 	 Task name:			191101_121335:sthakur_crab_ExLepEEZ_M500_MC_20191101
INFO 2019-11-03 17:55:23.319 UTC: 	 Grid scheduler - Task Worker:	crab3@vocms0120.cern.ch - crab-prod-tw01
INFO 2019-11-03 17:55:23.319 UTC: 	 Status on the CRAB server:	SUBMITTED
INFO 2019-11-03 17:55:23.319 UTC: 	 Task URL to use for HELP:	https://cmsweb.cern.ch/crabserver/ui/task/191101_121335%3Asthakur_crab_ExLepEEZ_M500_MC_20191101
INFO 2019-11-03 17:55:23.319 UTC: 	 Dashboard monitoring URL:	https://monit-grafana.cern.ch/d/cmsTMDetail/cms-task-monitoring-task-view?orgId=11&var-user=sthakur&var-task=191101_121335%3Asthakur_crab_ExLepEEZ_M500_MC_20191101
INFO 2019-11-03 17:55:23.319 UTC: 	 In case of issues with the dashboard, please provide feedback to hn-cms-computing-tools@cern.ch
DEBUG 2019-11-03 17:55:23.319 UTC: 	 The CRAB server submitted your task to the Grid scheduler (cluster ID: 45456956)
DEBUG 2019-11-03 17:55:23.319 UTC: 	 Webdir is located at http://vocms0120.cern.ch/mon/cms251/191101_121335:sthakur_crab_ExLepEEZ_M500_MC_20191101
DEBUG 2019-11-03 17:55:23.400 UTC: 	 Proxied webdir is located at https://cmsweb.cern.ch/scheddmon/0120/cms251/191101_121335:sthakur_crab_ExLepEEZ_M500_MC_20191101
DEBUG 2019-11-03 17:55:23.400 UTC: 	 Retrieving 'status_cache' file from https://cmsweb.cern.ch/scheddmon/0120/cms251/191101_121335:sthakur_crab_ExLepEEZ_M500_MC_20191101/status_cache
DEBUG 2019-11-03 17:55:23.649 UTC: 	 Got information from status cache file: {'1': {'Retries': 0, 'WallDurations': [9.0, 1285.0], 'StartTimes': [1572610938.0], 'SubmitTimes': [1572610510.0], 'JobIds': ['45456958.0'], 'EndTimes': [1572612223.0], 'Restarts': 0, 'RecordedSite': True, 'State': 'finished', 'ResidentSetSize': [898304], 'TotalUserCpuTimeHistory': [868], 'SiteHistory': ['Unknown', 'T2_CH_CSCS'], 'TotalSysCpuTimeHistory': [30]}, '3': {'Retries': 0, 'WallDurations': [8.0, 147.0], 'StartTimes': [1572611641.0], 'SubmitTimes': [1572610510.0], 'JobIds': ['45456959.0'], 'EndTimes': [1572611788.0], 'Restarts': 0, 'RecordedSite': True, 'State': 'finished', 'ResidentSetSize': [6928], 'TotalUserCpuTimeHistory': [59], 'SiteHistory': ['Unknown', 'T2_CH_CSCS'], 'TotalSysCpuTimeHistory': [3]}, '2': {'Retries': 0, 'WallDurations': [9.0, 1063.0], 'StartTimes': [1572611634.0], 'SubmitTimes': [1572610512.0], 'JobIds': ['45456960.0'], 'EndTimes': [1572612697.0], 'Restarts': 0, 'RecordedSite': True, 'State': 'finished', 'ResidentSetSize': [893304], 'TotalUserCpuTimeHistory': [694], 'SiteHistory': ['Unknown', 'T2_CH_CSCS'], 'TotalSysCpuTimeHistory': [29]}}
INFO 2019-11-03 17:55:23.649 UTC: 	 Status on the scheduler:	COMPLETED
INFO 2019-11-03 17:55:23.649 UTC: 	 
Jobs status:                    finished     		100.0% (3/3)
INFO 2019-11-03 17:55:23.781 UTC: 	 
No publication information available yet
INFO 2019-11-03 17:55:23.782 UTC: 	 
Warning: the max jobs runtime is less than 30% of the task requested value (1250 min), please consider to request a lower value for failed jobs (allowed through crab resubmit) and/or improve the jobs splitting (e.g. config.Data.splitting = 'Automatic') in a new task.
INFO 2019-11-03 17:55:23.782 UTC: 	 
Summary of run jobs:
 * Memory: 6MB min, 877MB max, 585MB ave
 * Runtime: 0:02:27 min, 0:21:25 max, 0:13:51 ave
 * CPU eff: 42% min, 70% max, 67% ave
 * Waste: 0:00:26 (1% of total)

INFO 2019-11-03 17:55:23.809 UTC: 	 Log file is /afs/cern.ch/work/s/sthakur/xRavindra/MiniTree2017Data/CMSSW_10_4_0/src/ExLep2017Crab/crab/CrabMC_20191101/crab_ExLepEEZ_M500_MC_20191101/crab.log
DEBUG 2019-11-03 18:00:53.853 UTC: 	 Running on: Linux lxplus737.cern.ch 3.10.0-1062.1.2.el7.x86_64 #1 SMP Mon Sep 30 14:19:46 UTC 2019 x86_64 x86_64 x86_64 GNU/Linux
Description:	CentOS Linux release 7.7.1908 (Core) 

DEBUG 2019-11-03 18:00:53.853 UTC: 	 Executing command: 'resubmit'
DEBUG 2019-11-03 18:00:53.854 UTC: 	 Found CRAB cache file /afs/cern.ch/user/s/sthakur/.crab3
DEBUG 2019-11-03 18:00:53.867 UTC: 	 Checking credentials
DEBUG 2019-11-03 18:00:53.867 UTC: 	 Found proxy file /tmp/x509up_u77410
DEBUG 2019-11-03 18:00:53.867 UTC: 	 Getting proxy life time left
DEBUG 2019-11-03 18:00:54.574 UTC: 	 Executing : 
 command : voms-proxy-info -file /tmp/x509up_u77410 -timeleft
 output : 42752

 error: 
 retcode : 0
DEBUG 2019-11-03 18:00:55.282 UTC: 	 Executing : 
 command : voms-proxy-info -file /tmp/x509up_u77410 -actimeleft
 output : 42751

 error: 
 retcode : 0
DEBUG 2019-11-03 18:00:55.282 UTC: 	 Proxy lifetime 42752 secs is different from voms extension lifetime 42751 secs for proxy: /tmp/x509up_u77410
DEBUG 2019-11-03 18:00:55.282 UTC: 	 Proxy valid for 11:52:31 hours
DEBUG 2019-11-03 18:00:55.486 UTC: 	 Executing : 
 command : openssl x509 -in ~/.globus/usercert.pem -subject -noout
 output : subject= /DC=ch/DC=cern/OU=Organic Units/OU=Users/CN=sthakur/CN=764789/CN=Shalini Thakur

 error: 
 retcode : 0
DEBUG 2019-11-03 18:00:55.486 UTC: 	 Checking credentials
DEBUG 2019-11-03 18:00:55.486 UTC: 	 Found proxy file /tmp/x509up_u77410
DEBUG 2019-11-03 18:00:55.486 UTC: 	 Getting proxy life time left
DEBUG 2019-11-03 18:00:56.192 UTC: 	 Executing : 
 command : voms-proxy-info -file /tmp/x509up_u77410 -timeleft
 output : 42750

 error: 
 retcode : 0
DEBUG 2019-11-03 18:00:56.899 UTC: 	 Executing : 
 command : voms-proxy-info -file /tmp/x509up_u77410 -actimeleft
 output : 42750

 error: 
 retcode : 0
DEBUG 2019-11-03 18:00:56.899 UTC: 	 Proxy valid for 11:52:30 hours
DEBUG 2019-11-03 18:00:56.986 UTC: 	 Registering user credentials for server /DC=ch/DC=cern/OU=computers/CN=vocms(052|058|030|0118|0105|0109).cern.ch|/DC=ch/DC=cern/OU=computers/CN=crab-(preprod|prod)-tw(02|01).cern.ch
DEBUG 2019-11-03 18:00:57.099 UTC: 	 Executing : 
 command : openssl x509 -in ~/.globus/usercert.pem -subject -noout
 output : subject= /DC=ch/DC=cern/OU=Organic Units/OU=Users/CN=sthakur/CN=764789/CN=Shalini Thakur

 error: 
 retcode : 0
DEBUG 2019-11-03 18:00:57.100 UTC: 	 Getting myproxy life time left for myproxy.cern.ch
DEBUG 2019-11-03 18:00:57.100 UTC: 	 Calculating hash of /DC=ch/DC=cern/OU=Organic Units/OU=Users/CN=sthakur/CN=764789/CN=Shalini Thakur_cmsweb.cern.ch for credential name
DEBUG 2019-11-03 18:00:57.406 UTC: 	 Executing : 
 command : myproxy-info -l 9cd94953387eeee7bf4da2b7588630639ea1153b -s myproxy.cern.ch
 output : username: 9cd94953387eeee7bf4da2b7588630639ea1153b
owner: /DC=ch/DC=cern/OU=Organic Units/OU=Users/CN=sthakur/CN=764789/CN=Shalini Thakur
  renewal policy: /DC=ch/DC=cern/OU=computers/CN=vocms(052|058|030|0118|0105|0109).cern.ch|/DC=ch/DC=cern/OU=computers/CN=crab-(preprod|prod)-tw(02|01).cern.ch
  trusted retrieval policy: /DC=ch/DC=cern/OU=computers/CN=vocms(052|058|030|0118|0105|0109).cern.ch|/DC=ch/DC=cern/OU=computers/CN=crab-(preprod|prod)-tw(02|01).cern.ch
  timeleft: 504:37:03  (21.0 days)

 error: 
 retcode : 0
DEBUG 2019-11-03 18:00:57.407 UTC: 	 Myproxy is valid: 1816623
DEBUG 2019-11-03 18:00:57.501 UTC: 	 Command use: resubmit
DEBUG 2019-11-03 18:00:57.501 UTC: 	 Options use: ['CrabMC_20191101/crab_ExLepEEZ_M500_MC_20191101']
DEBUG 2019-11-03 18:00:57.737 UTC: 	 CRABClient version: 3.3.1910.patch2
DEBUG 2019-11-03 18:00:57.737 UTC: 	 Instance is prod
DEBUG 2019-11-03 18:00:57.737 UTC: 	 Server base url is cmsweb.cern.ch
DEBUG 2019-11-03 18:00:57.737 UTC: 	 Command url /crabserver/prod/workflow
DEBUG 2019-11-03 18:00:57.774 UTC: 	 Running on: Linux lxplus737.cern.ch 3.10.0-1062.1.2.el7.x86_64 #1 SMP Mon Sep 30 14:19:46 UTC 2019 x86_64 x86_64 x86_64 GNU/Linux
Description:	CentOS Linux release 7.7.1908 (Core) 

DEBUG 2019-11-03 18:00:57.774 UTC: 	 Executing command: 'status'
DEBUG 2019-11-03 18:00:57.774 UTC: 	 Found CRAB cache file /afs/cern.ch/user/s/sthakur/.crab3
DEBUG 2019-11-03 18:00:57.783 UTC: 	 Checking credentials
DEBUG 2019-11-03 18:00:57.784 UTC: 	 Found proxy file /tmp/x509up_u77410
DEBUG 2019-11-03 18:00:57.784 UTC: 	 Getting proxy life time left
DEBUG 2019-11-03 18:00:58.489 UTC: 	 Executing : 
 command : voms-proxy-info -file /tmp/x509up_u77410 -timeleft
 output : 42748

 error: 
 retcode : 0
DEBUG 2019-11-03 18:00:59.201 UTC: 	 Executing : 
 command : voms-proxy-info -file /tmp/x509up_u77410 -actimeleft
 output : 42747

 error: 
 retcode : 0
DEBUG 2019-11-03 18:00:59.201 UTC: 	 Proxy lifetime 42748 secs is different from voms extension lifetime 42747 secs for proxy: /tmp/x509up_u77410
DEBUG 2019-11-03 18:00:59.201 UTC: 	 Proxy valid for 11:52:27 hours
DEBUG 2019-11-03 18:00:59.415 UTC: 	 Executing : 
 command : openssl x509 -in ~/.globus/usercert.pem -subject -noout
 output : subject= /DC=ch/DC=cern/OU=Organic Units/OU=Users/CN=sthakur/CN=764789/CN=Shalini Thakur

 error: 
 retcode : 0
DEBUG 2019-11-03 18:00:59.415 UTC: 	 Checking credentials
DEBUG 2019-11-03 18:00:59.416 UTC: 	 Found proxy file /tmp/x509up_u77410
DEBUG 2019-11-03 18:00:59.416 UTC: 	 Getting proxy life time left
DEBUG 2019-11-03 18:01:00.122 UTC: 	 Executing : 
 command : voms-proxy-info -file /tmp/x509up_u77410 -timeleft
 output : 42746

 error: 
 retcode : 0
DEBUG 2019-11-03 18:01:00.830 UTC: 	 Executing : 
 command : voms-proxy-info -file /tmp/x509up_u77410 -actimeleft
 output : 42746

 error: 
 retcode : 0
DEBUG 2019-11-03 18:01:00.830 UTC: 	 Proxy valid for 11:52:26 hours
DEBUG 2019-11-03 18:01:00.905 UTC: 	 Registering user credentials for server /DC=ch/DC=cern/OU=computers/CN=vocms(052|058|030|0118|0105|0109).cern.ch|/DC=ch/DC=cern/OU=computers/CN=crab-(preprod|prod)-tw(02|01).cern.ch
DEBUG 2019-11-03 18:01:01.017 UTC: 	 Executing : 
 command : openssl x509 -in ~/.globus/usercert.pem -subject -noout
 output : subject= /DC=ch/DC=cern/OU=Organic Units/OU=Users/CN=sthakur/CN=764789/CN=Shalini Thakur

 error: 
 retcode : 0
DEBUG 2019-11-03 18:01:01.017 UTC: 	 Getting myproxy life time left for myproxy.cern.ch
DEBUG 2019-11-03 18:01:01.018 UTC: 	 Calculating hash of /DC=ch/DC=cern/OU=Organic Units/OU=Users/CN=sthakur/CN=764789/CN=Shalini Thakur_cmsweb.cern.ch for credential name
DEBUG 2019-11-03 18:01:01.423 UTC: 	 Executing : 
 command : myproxy-info -l 9cd94953387eeee7bf4da2b7588630639ea1153b -s myproxy.cern.ch
 output : username: 9cd94953387eeee7bf4da2b7588630639ea1153b
owner: /DC=ch/DC=cern/OU=Organic Units/OU=Users/CN=sthakur/CN=764789/CN=Shalini Thakur
  renewal policy: /DC=ch/DC=cern/OU=computers/CN=vocms(052|058|030|0118|0105|0109).cern.ch|/DC=ch/DC=cern/OU=computers/CN=crab-(preprod|prod)-tw(02|01).cern.ch
  trusted retrieval policy: /DC=ch/DC=cern/OU=computers/CN=vocms(052|058|030|0118|0105|0109).cern.ch|/DC=ch/DC=cern/OU=computers/CN=crab-(preprod|prod)-tw(02|01).cern.ch
  timeleft: 504:36:59  (21.0 days)

 error: 
 retcode : 0
DEBUG 2019-11-03 18:01:01.424 UTC: 	 Myproxy is valid: 1816619
DEBUG 2019-11-03 18:01:01.424 UTC: 	 Command use: status
DEBUG 2019-11-03 18:01:01.424 UTC: 	 Options use: []
DEBUG 2019-11-03 18:01:01.509 UTC: 	 CRABClient version: 3.3.1910.patch2
DEBUG 2019-11-03 18:01:01.509 UTC: 	 Instance is prod
DEBUG 2019-11-03 18:01:01.509 UTC: 	 Server base url is cmsweb.cern.ch
DEBUG 2019-11-03 18:01:01.509 UTC: 	 Command url /crabserver/prod/workflow
DEBUG 2019-11-03 18:01:01.663 UTC: 	 Got information from server oracle database: {u'result': [u'191101_121335:sthakur_crab_ExLepEEZ_M500_MC_20191101', u'None', u'None', u'SUBMITTED', u'SUBMIT', u'2019-11-01 12:13:35.427337', u'None', u'2019-11-01 12:14:51.745262', u'None', u'CMSSW_10_4_0', u'slc7_amd64_gcc700', u'/ExcitedLepton_EEZ-500_TuneCP5_13TeV-pythia8/RunIIFall17MiniAODv2-PU2017_12Apr2018_94X_mc2017_realistic_v14-v1/MINIAODSIM', u'T', u'0', u'[]', u'[]', u'FileBased', u"{'splitOnRun': False, 'halt_job_on_file_boundaries': False, 'files_per_job': 10, 'runs': [], 'lumis': []}", u'396d99dc9b86d9defd2bc0ec05ce1ba79fce751aa63962ce9d9e4b8a604abd53.tar.gz', u'https://cmsweb.cern.ch/crabcache', u'sthakur', u'/DC=ch/DC=cern/OU=Organic Units/OU=Users/CN=sthakur/CN=764789/CN=Shalini Thakur', u'cms', u'None', u'None', u'ExLepEEZ_M500_MC_20191101-00000000000000000000000000000000', u'F', u'T2_IN_TIFR', u'https://cmsweb.cern.ch/dbs/prod/global/DBSReader', u'https://cmsweb.cern.ch/dbs/prod/phys03/DBSWriter', u'T', u'[]', u"['ExLepEEZ_M500_MC_20191101_Ntuple.root']", u'[]', u'Analysis', u'pythia', u'None', u'{}', u'[]', u'F', u'crab-prod-tw01', u'[]', u'1250', u'1', u'2000', u'10', u'None', u'[]', u'http://vocms0120.cern.ch/mon/cms251/191101_121335:sthakur_crab_ExLepEEZ_M500_MC_20191101', u'None', u'[]', u'[]', u'https://cmsweb.cern.ch/crabserver/prod', u'cmsgwms-collector-global.cern.ch:9620,cmssrv623.fnal.gov:9620', u'crab3@vocms0120.cern.ch', u'F', u'[]', u'T', u'/store/user/sthakur/ntuple_for2017MC_20191101/MC_20191101/ExLepEEZ_M500_MC_20191101', u'F', u'None', u'F', u'None', u'ExcitedLepton_EEZ-500_TuneCP5_13TeV-pythia8', u'None', u'f9beb69d868484aaeada9ce84524e8f1fafaea001bca7321cf22bb9da2ef123c.tar.gz', u'45456956', u'filetransfers', u'F', u'2001:1458:d00:2e::100:9b', u'0.0', u'None'], u'desc': {u'columns': [u'tm_taskname', u'tm_activity', u'panda_jobset_id', u'tm_task_status', u'tm_task_command', u'tm_start_time', u'tm_start_injection', u'tm_end_injection', u'tm_task_failure', u'tm_job_sw', u'tm_job_arch', u'tm_input_dataset', u'tm_nonvalid_input_dataset', u'tm_use_parent', u'tm_site_whitelist', u'tm_site_blacklist', u'tm_split_algo', u'tm_split_args', u'tm_user_sandbox', u'tm_cache_url', u'tm_username', u'tm_user_dn', u'tm_user_vo', u'tm_user_role', u'tm_user_group', u'tm_publish_name', u'tm_publish_groupname', u'tm_asyncdest', u'tm_dbs_url', u'tm_publish_dbs_url', u'tm_publication', u'tm_outfiles', u'tm_tfile_outfiles', u'tm_edm_outfiles', u'tm_job_type', u'tm_generator', u'tm_events_per_lumi', u'tm_arguments', u'panda_resubmitted_jobs', u'tm_save_logs', u'tw_name', u'tm_user_infiles', u'tm_maxjobruntime', u'tm_numcores', u'tm_maxmemory', u'tm_priority', u'tm_output_dataset', u'tm_task_warnings', u'tm_user_webdir', u'tm_scriptexe', u'tm_scriptargs', u'tm_extrajdl', u'tm_asourl', u'tm_collector', u'tm_schedd', u'tm_dry_run', u'tm_user_files', u'tm_transfer_outputs', u'tm_output_lfn', u'tm_ignore_locality', u'tm_fail_limit', u'tm_one_event_mode', u'tm_secondary_input_dataset', u'tm_primary_dataset', u'tm_last_publication', u'tm_debug_files', u'clusterid', u'tm_asodb', u'tm_ignore_global_blacklist', u'tm_submitter_ip_addr', u'tm_totalunits', u'tm_ddm_reqid']}}
INFO 2019-11-03 18:01:01.664 UTC: 	 CRAB project directory:		/afs/cern.ch/work/s/sthakur/xRavindra/MiniTree2017Data/CMSSW_10_4_0/src/ExLep2017Crab/crab/CrabMC_20191101/crab_ExLepEEZ_M500_MC_20191101
INFO 2019-11-03 18:01:01.664 UTC: 	 Task name:			191101_121335:sthakur_crab_ExLepEEZ_M500_MC_20191101
INFO 2019-11-03 18:01:01.664 UTC: 	 Grid scheduler - Task Worker:	crab3@vocms0120.cern.ch - crab-prod-tw01
INFO 2019-11-03 18:01:01.664 UTC: 	 Status on the CRAB server:	SUBMITTED
INFO 2019-11-03 18:01:01.664 UTC: 	 Task URL to use for HELP:	https://cmsweb.cern.ch/crabserver/ui/task/191101_121335%3Asthakur_crab_ExLepEEZ_M500_MC_20191101
INFO 2019-11-03 18:01:01.664 UTC: 	 Dashboard monitoring URL:	https://monit-grafana.cern.ch/d/cmsTMDetail/cms-task-monitoring-task-view?orgId=11&var-user=sthakur&var-task=191101_121335%3Asthakur_crab_ExLepEEZ_M500_MC_20191101
INFO 2019-11-03 18:01:01.664 UTC: 	 In case of issues with the dashboard, please provide feedback to hn-cms-computing-tools@cern.ch
DEBUG 2019-11-03 18:01:01.664 UTC: 	 The CRAB server submitted your task to the Grid scheduler (cluster ID: 45456956)
DEBUG 2019-11-03 18:01:01.664 UTC: 	 Webdir is located at http://vocms0120.cern.ch/mon/cms251/191101_121335:sthakur_crab_ExLepEEZ_M500_MC_20191101
DEBUG 2019-11-03 18:01:01.735 UTC: 	 Proxied webdir is located at https://cmsweb.cern.ch/scheddmon/0120/cms251/191101_121335:sthakur_crab_ExLepEEZ_M500_MC_20191101
DEBUG 2019-11-03 18:01:01.735 UTC: 	 Retrieving 'status_cache' file from https://cmsweb.cern.ch/scheddmon/0120/cms251/191101_121335:sthakur_crab_ExLepEEZ_M500_MC_20191101/status_cache
DEBUG 2019-11-03 18:01:01.784 UTC: 	 Got information from status cache file: {'1': {'Retries': 0, 'WallDurations': [9.0, 1285.0], 'StartTimes': [1572610938.0], 'SubmitTimes': [1572610510.0], 'JobIds': ['45456958.0'], 'EndTimes': [1572612223.0], 'Restarts': 0, 'RecordedSite': True, 'State': 'finished', 'ResidentSetSize': [898304], 'TotalUserCpuTimeHistory': [868], 'SiteHistory': ['Unknown', 'T2_CH_CSCS'], 'TotalSysCpuTimeHistory': [30]}, '3': {'Retries': 0, 'WallDurations': [8.0, 147.0], 'StartTimes': [1572611641.0], 'SubmitTimes': [1572610510.0], 'JobIds': ['45456959.0'], 'EndTimes': [1572611788.0], 'Restarts': 0, 'RecordedSite': True, 'State': 'finished', 'ResidentSetSize': [6928], 'TotalUserCpuTimeHistory': [59], 'SiteHistory': ['Unknown', 'T2_CH_CSCS'], 'TotalSysCpuTimeHistory': [3]}, '2': {'Retries': 0, 'WallDurations': [9.0, 1063.0], 'StartTimes': [1572611634.0], 'SubmitTimes': [1572610512.0], 'JobIds': ['45456960.0'], 'EndTimes': [1572612697.0], 'Restarts': 0, 'RecordedSite': True, 'State': 'finished', 'ResidentSetSize': [893304], 'TotalUserCpuTimeHistory': [694], 'SiteHistory': ['Unknown', 'T2_CH_CSCS'], 'TotalSysCpuTimeHistory': [29]}}
INFO 2019-11-03 18:01:01.784 UTC: 	 Status on the scheduler:	COMPLETED
INFO 2019-11-03 18:01:01.784 UTC: 	 
Jobs status:                    finished     		100.0% (3/3)
INFO 2019-11-03 18:01:01.892 UTC: 	 
No publication information available yet
INFO 2019-11-03 18:01:01.893 UTC: 	 
Warning: the max jobs runtime is less than 30% of the task requested value (1250 min), please consider to request a lower value for failed jobs (allowed through crab resubmit) and/or improve the jobs splitting (e.g. config.Data.splitting = 'Automatic') in a new task.
INFO 2019-11-03 18:01:01.893 UTC: 	 
Summary of run jobs:
 * Memory: 6MB min, 877MB max, 585MB ave
 * Runtime: 0:02:27 min, 0:21:25 max, 0:13:51 ave
 * CPU eff: 42% min, 70% max, 67% ave
 * Waste: 0:00:26 (1% of total)

DEBUG 2019-11-03 18:01:01.897 UTC: 	 Requesting resubmission of failed jobs in task 191101_121335:sthakur_crab_ExLepEEZ_M500_MC_20191101
ERROR 2019-11-03 18:01:01.897 UTC: 	 Found no jobs to resubmit. Only jobs in status failed can be resubmitted. Jobs in status finished can also be resubmitted, but only if the jobids are specified and the force option is set.
ERROR 2019-11-03 18:01:01.897 UTC: 	 Caught exception
Traceback (most recent call last):
  File "/cvmfs/cms.cern.ch/crab3/slc6_amd64_gcc493/cms/crabclient/3.3.1910.patch2/bin/crab", line 160, in <module>
    client()
  File "/cvmfs/cms.cern.ch/crab3/slc6_amd64_gcc493/cms/crabclient/3.3.1910.patch2/bin/crab", line 147, in __call__
    self.cmd()
  File "/cvmfs/cms.cern.ch/crab3/slc6_amd64_gcc493/cms/crabclient/3.3.1910.patch2/lib/python2.7/site-packages/CRABClient/Commands/resubmit.py", line 63, in __call__
    self.jobids = self.processJobIds(jobList)
  File "/cvmfs/cms.cern.ch/crab3/slc6_amd64_gcc493/cms/crabclient/3.3.1910.patch2/lib/python2.7/site-packages/CRABClient/Commands/resubmit.py", line 172, in processJobIds
    raise ConfigurationException(msg)
ConfigurationException: Found no jobs to resubmit. Only jobs in status failed can be resubmitted. Jobs in status finished can also be resubmitted, but only if the jobids are specified and the force option is set.
DEBUG 2019-11-04 17:51:55.958 UTC: 	 Running on: Linux lxplus794.cern.ch 3.10.0-1062.4.1.el7.x86_64 #1 SMP Fri Oct 18 17:15:30 UTC 2019 x86_64 x86_64 x86_64 GNU/Linux
Description:	CentOS Linux release 7.7.1908 (Core) 

DEBUG 2019-11-04 17:51:55.958 UTC: 	 Executing command: 'status'
DEBUG 2019-11-04 17:51:55.958 UTC: 	 Found CRAB cache file /afs/cern.ch/user/s/sthakur/.crab3
DEBUG 2019-11-04 17:51:55.988 UTC: 	 Checking credentials
DEBUG 2019-11-04 17:51:55.988 UTC: 	 Found proxy file /tmp/x509up_u77410
DEBUG 2019-11-04 17:51:55.988 UTC: 	 Getting proxy life time left
DEBUG 2019-11-04 17:51:56.693 UTC: 	 Executing : 
 command : voms-proxy-info -file /tmp/x509up_u77410 -timeleft
 output : 43073

 error: 
 retcode : 0
DEBUG 2019-11-04 17:51:57.299 UTC: 	 Executing : 
 command : voms-proxy-info -file /tmp/x509up_u77410 -actimeleft
 output : 43072

 error: 
 retcode : 0
DEBUG 2019-11-04 17:51:57.299 UTC: 	 Proxy lifetime 43073 secs is different from voms extension lifetime 43072 secs for proxy: /tmp/x509up_u77410
DEBUG 2019-11-04 17:51:57.299 UTC: 	 Proxy valid for 11:57:52 hours
DEBUG 2019-11-04 17:51:57.452 UTC: 	 Executing : 
 command : openssl x509 -in ~/.globus/usercert.pem -subject -noout
 output : subject= /DC=ch/DC=cern/OU=Organic Units/OU=Users/CN=sthakur/CN=764789/CN=Shalini Thakur

 error: 
 retcode : 0
DEBUG 2019-11-04 17:51:57.453 UTC: 	 Checking credentials
DEBUG 2019-11-04 17:51:57.453 UTC: 	 Found proxy file /tmp/x509up_u77410
DEBUG 2019-11-04 17:51:57.453 UTC: 	 Getting proxy life time left
DEBUG 2019-11-04 17:51:58.058 UTC: 	 Executing : 
 command : voms-proxy-info -file /tmp/x509up_u77410 -timeleft
 output : 43071

 error: 
 retcode : 0
DEBUG 2019-11-04 17:51:58.665 UTC: 	 Executing : 
 command : voms-proxy-info -file /tmp/x509up_u77410 -actimeleft
 output : 43071

 error: 
 retcode : 0
DEBUG 2019-11-04 17:51:58.666 UTC: 	 Proxy valid for 11:57:51 hours
DEBUG 2019-11-04 17:51:58.750 UTC: 	 Registering user credentials for server /DC=ch/DC=cern/OU=computers/CN=vocms(052|058|030|0118|0105|0109).cern.ch|/DC=ch/DC=cern/OU=computers/CN=crab-(preprod|prod)-tw(02|01).cern.ch
DEBUG 2019-11-04 17:51:58.865 UTC: 	 Executing : 
 command : openssl x509 -in ~/.globus/usercert.pem -subject -noout
 output : subject= /DC=ch/DC=cern/OU=Organic Units/OU=Users/CN=sthakur/CN=764789/CN=Shalini Thakur

 error: 
 retcode : 0
DEBUG 2019-11-04 17:51:58.866 UTC: 	 Getting myproxy life time left for myproxy.cern.ch
DEBUG 2019-11-04 17:51:58.866 UTC: 	 Calculating hash of /DC=ch/DC=cern/OU=Organic Units/OU=Users/CN=sthakur/CN=764789/CN=Shalini Thakur_cmsweb.cern.ch for credential name
DEBUG 2019-11-04 17:51:59.070 UTC: 	 Executing : 
 command : myproxy-info -l 9cd94953387eeee7bf4da2b7588630639ea1153b -s myproxy.cern.ch
 output : username: 9cd94953387eeee7bf4da2b7588630639ea1153b
owner: /DC=ch/DC=cern/OU=Organic Units/OU=Users/CN=sthakur/CN=764789/CN=Shalini Thakur
  renewal policy: /DC=ch/DC=cern/OU=computers/CN=vocms(052|058|030|0118|0105|0109).cern.ch|/DC=ch/DC=cern/OU=computers/CN=crab-(preprod|prod)-tw(02|01).cern.ch
  trusted retrieval policy: /DC=ch/DC=cern/OU=computers/CN=vocms(052|058|030|0118|0105|0109).cern.ch|/DC=ch/DC=cern/OU=computers/CN=crab-(preprod|prod)-tw(02|01).cern.ch
  timeleft: 480:46:01  (20.0 days)

 error: 
 retcode : 0
DEBUG 2019-11-04 17:51:59.071 UTC: 	 Myproxy is valid: 1730761
DEBUG 2019-11-04 17:51:59.072 UTC: 	 Command use: status
DEBUG 2019-11-04 17:51:59.072 UTC: 	 Options use: ['--verboseErrors', 'CrabMC_20191101/crab_ExLepEEZ_M500_MC_20191101']
DEBUG 2019-11-04 17:51:59.146 UTC: 	 CRABClient version: 3.3.1910.patch2
DEBUG 2019-11-04 17:51:59.146 UTC: 	 Instance is prod
DEBUG 2019-11-04 17:51:59.146 UTC: 	 Server base url is cmsweb.cern.ch
DEBUG 2019-11-04 17:51:59.146 UTC: 	 Command url /crabserver/prod/workflow
DEBUG 2019-11-04 17:51:59.257 UTC: 	 Got information from server oracle database: {u'result': [u'191101_121335:sthakur_crab_ExLepEEZ_M500_MC_20191101', u'None', u'None', u'SUBMITTED', u'SUBMIT', u'2019-11-01 12:13:35.427337', u'None', u'2019-11-01 12:14:51.745262', u'None', u'CMSSW_10_4_0', u'slc7_amd64_gcc700', u'/ExcitedLepton_EEZ-500_TuneCP5_13TeV-pythia8/RunIIFall17MiniAODv2-PU2017_12Apr2018_94X_mc2017_realistic_v14-v1/MINIAODSIM', u'T', u'0', u'[]', u'[]', u'FileBased', u"{'splitOnRun': False, 'halt_job_on_file_boundaries': False, 'files_per_job': 10, 'runs': [], 'lumis': []}", u'396d99dc9b86d9defd2bc0ec05ce1ba79fce751aa63962ce9d9e4b8a604abd53.tar.gz', u'https://cmsweb.cern.ch/crabcache', u'sthakur', u'/DC=ch/DC=cern/OU=Organic Units/OU=Users/CN=sthakur/CN=764789/CN=Shalini Thakur', u'cms', u'None', u'None', u'ExLepEEZ_M500_MC_20191101-00000000000000000000000000000000', u'F', u'T2_IN_TIFR', u'https://cmsweb.cern.ch/dbs/prod/global/DBSReader', u'https://cmsweb.cern.ch/dbs/prod/phys03/DBSWriter', u'T', u'[]', u"['ExLepEEZ_M500_MC_20191101_Ntuple.root']", u'[]', u'Analysis', u'pythia', u'None', u'{}', u'[]', u'F', u'crab-prod-tw01', u'[]', u'1250', u'1', u'2000', u'10', u'None', u'[]', u'http://vocms0120.cern.ch/mon/cms251/191101_121335:sthakur_crab_ExLepEEZ_M500_MC_20191101', u'None', u'[]', u'[]', u'https://cmsweb.cern.ch/crabserver/prod', u'cmsgwms-collector-global.cern.ch:9620,cmssrv623.fnal.gov:9620', u'crab3@vocms0120.cern.ch', u'F', u'[]', u'T', u'/store/user/sthakur/ntuple_for2017MC_20191101/MC_20191101/ExLepEEZ_M500_MC_20191101', u'F', u'None', u'F', u'None', u'ExcitedLepton_EEZ-500_TuneCP5_13TeV-pythia8', u'None', u'f9beb69d868484aaeada9ce84524e8f1fafaea001bca7321cf22bb9da2ef123c.tar.gz', u'45456956', u'filetransfers', u'F', u'2001:1458:d00:2e::100:9b', u'0.0', u'None'], u'desc': {u'columns': [u'tm_taskname', u'tm_activity', u'panda_jobset_id', u'tm_task_status', u'tm_task_command', u'tm_start_time', u'tm_start_injection', u'tm_end_injection', u'tm_task_failure', u'tm_job_sw', u'tm_job_arch', u'tm_input_dataset', u'tm_nonvalid_input_dataset', u'tm_use_parent', u'tm_site_whitelist', u'tm_site_blacklist', u'tm_split_algo', u'tm_split_args', u'tm_user_sandbox', u'tm_cache_url', u'tm_username', u'tm_user_dn', u'tm_user_vo', u'tm_user_role', u'tm_user_group', u'tm_publish_name', u'tm_publish_groupname', u'tm_asyncdest', u'tm_dbs_url', u'tm_publish_dbs_url', u'tm_publication', u'tm_outfiles', u'tm_tfile_outfiles', u'tm_edm_outfiles', u'tm_job_type', u'tm_generator', u'tm_events_per_lumi', u'tm_arguments', u'panda_resubmitted_jobs', u'tm_save_logs', u'tw_name', u'tm_user_infiles', u'tm_maxjobruntime', u'tm_numcores', u'tm_maxmemory', u'tm_priority', u'tm_output_dataset', u'tm_task_warnings', u'tm_user_webdir', u'tm_scriptexe', u'tm_scriptargs', u'tm_extrajdl', u'tm_asourl', u'tm_collector', u'tm_schedd', u'tm_dry_run', u'tm_user_files', u'tm_transfer_outputs', u'tm_output_lfn', u'tm_ignore_locality', u'tm_fail_limit', u'tm_one_event_mode', u'tm_secondary_input_dataset', u'tm_primary_dataset', u'tm_last_publication', u'tm_debug_files', u'clusterid', u'tm_asodb', u'tm_ignore_global_blacklist', u'tm_submitter_ip_addr', u'tm_totalunits', u'tm_ddm_reqid']}}
INFO 2019-11-04 17:51:59.258 UTC: 	 CRAB project directory:		/afs/cern.ch/work/s/sthakur/xRavindra/MiniTree2017Data/CMSSW_10_4_0/src/ExLep2017Crab/crab/CrabMC_20191101/crab_ExLepEEZ_M500_MC_20191101
INFO 2019-11-04 17:51:59.259 UTC: 	 Task name:			191101_121335:sthakur_crab_ExLepEEZ_M500_MC_20191101
INFO 2019-11-04 17:51:59.259 UTC: 	 Grid scheduler - Task Worker:	crab3@vocms0120.cern.ch - crab-prod-tw01
INFO 2019-11-04 17:51:59.259 UTC: 	 Status on the CRAB server:	SUBMITTED
INFO 2019-11-04 17:51:59.259 UTC: 	 Task URL to use for HELP:	https://cmsweb.cern.ch/crabserver/ui/task/191101_121335%3Asthakur_crab_ExLepEEZ_M500_MC_20191101
INFO 2019-11-04 17:51:59.259 UTC: 	 Dashboard monitoring URL:	https://monit-grafana.cern.ch/d/cmsTMDetail/cms-task-monitoring-task-view?orgId=11&var-user=sthakur&var-task=191101_121335%3Asthakur_crab_ExLepEEZ_M500_MC_20191101
INFO 2019-11-04 17:51:59.259 UTC: 	 In case of issues with the dashboard, please provide feedback to hn-cms-computing-tools@cern.ch
DEBUG 2019-11-04 17:51:59.259 UTC: 	 The CRAB server submitted your task to the Grid scheduler (cluster ID: 45456956)
DEBUG 2019-11-04 17:51:59.259 UTC: 	 Webdir is located at http://vocms0120.cern.ch/mon/cms251/191101_121335:sthakur_crab_ExLepEEZ_M500_MC_20191101
DEBUG 2019-11-04 17:51:59.369 UTC: 	 Proxied webdir is located at https://cmsweb.cern.ch/scheddmon/0120/cms251/191101_121335:sthakur_crab_ExLepEEZ_M500_MC_20191101
DEBUG 2019-11-04 17:51:59.369 UTC: 	 Retrieving 'status_cache' file from https://cmsweb.cern.ch/scheddmon/0120/cms251/191101_121335:sthakur_crab_ExLepEEZ_M500_MC_20191101/status_cache
DEBUG 2019-11-04 17:51:59.983 UTC: 	 Got information from status cache file: {'1': {'Retries': 0, 'WallDurations': [9.0, 1285.0], 'StartTimes': [1572610938.0], 'SubmitTimes': [1572610510.0], 'JobIds': ['45456958.0'], 'EndTimes': [1572612223.0], 'Restarts': 0, 'RecordedSite': True, 'State': 'finished', 'ResidentSetSize': [898304], 'TotalUserCpuTimeHistory': [868], 'SiteHistory': ['Unknown', 'T2_CH_CSCS'], 'TotalSysCpuTimeHistory': [30]}, '3': {'Retries': 0, 'WallDurations': [8.0, 147.0], 'StartTimes': [1572611641.0], 'SubmitTimes': [1572610510.0], 'JobIds': ['45456959.0'], 'EndTimes': [1572611788.0], 'Restarts': 0, 'RecordedSite': True, 'State': 'finished', 'ResidentSetSize': [6928], 'TotalUserCpuTimeHistory': [59], 'SiteHistory': ['Unknown', 'T2_CH_CSCS'], 'TotalSysCpuTimeHistory': [3]}, '2': {'Retries': 0, 'WallDurations': [9.0, 1063.0], 'StartTimes': [1572611634.0], 'SubmitTimes': [1572610512.0], 'JobIds': ['45456960.0'], 'EndTimes': [1572612697.0], 'Restarts': 0, 'RecordedSite': True, 'State': 'finished', 'ResidentSetSize': [893304], 'TotalUserCpuTimeHistory': [694], 'SiteHistory': ['Unknown', 'T2_CH_CSCS'], 'TotalSysCpuTimeHistory': [29]}}
INFO 2019-11-04 17:51:59.984 UTC: 	 Status on the scheduler:	COMPLETED
INFO 2019-11-04 17:51:59.984 UTC: 	 
Jobs status:                    finished     		100.0% (3/3)
INFO 2019-11-04 17:52:00.085 UTC: 	 
No publication information available yet
INFO 2019-11-04 17:52:00.085 UTC: 	 
Warning: the max jobs runtime is less than 30% of the task requested value (1250 min), please consider to request a lower value for failed jobs (allowed through crab resubmit) and/or improve the jobs splitting (e.g. config.Data.splitting = 'Automatic') in a new task.
INFO 2019-11-04 17:52:00.086 UTC: 	 
Summary of run jobs:
 * Memory: 6MB min, 877MB max, 585MB ave
 * Runtime: 0:02:27 min, 0:21:25 max, 0:13:51 ave
 * CPU eff: 42% min, 70% max, 67% ave
 * Waste: 0:00:26 (1% of total)

INFO 2019-11-04 17:52:00.125 UTC: 	 Log file is /afs/cern.ch/work/s/sthakur/xRavindra/MiniTree2017Data/CMSSW_10_4_0/src/ExLep2017Crab/crab/CrabMC_20191101/crab_ExLepEEZ_M500_MC_20191101/crab.log
DEBUG 2019-11-11 18:31:16.487 UTC: 	 Running on: Linux lxplus745.cern.ch 3.10.0-1062.4.1.el7.x86_64 #1 SMP Fri Oct 18 17:15:30 UTC 2019 x86_64 x86_64 x86_64 GNU/Linux - CentOS Linux 7 (Core)
DEBUG 2019-11-11 18:31:16.497 UTC: 	 OpenSSl version: OpenSSL 1.0.2h  3 May 2016
DEBUG 2019-11-11 18:31:16.498 UTC: 	 Executing command: 'status'
DEBUG 2019-11-11 18:31:16.498 UTC: 	 Found CRAB cache file /afs/cern.ch/user/s/sthakur/.crab3
DEBUG 2019-11-11 18:31:16.520 UTC: 	 Checking credentials
DEBUG 2019-11-11 18:31:16.521 UTC: 	 Found proxy file /tmp/x509up_u77410
DEBUG 2019-11-11 18:31:16.521 UTC: 	 Getting proxy life time left
DEBUG 2019-11-11 18:31:17.226 UTC: 	 Executing : 
 command : voms-proxy-info -file /tmp/x509up_u77410 -timeleft
 output : 38983

 error: 
 retcode : 0
DEBUG 2019-11-11 18:31:17.932 UTC: 	 Executing : 
 command : voms-proxy-info -file /tmp/x509up_u77410 -actimeleft
 output : 38983

 error: 
 retcode : 0
DEBUG 2019-11-11 18:31:17.932 UTC: 	 Proxy valid for 10:49:43 hours
DEBUG 2019-11-11 18:31:18.210 UTC: 	 Executing : 
 command : openssl x509 -in ~/.globus/usercert.pem -subject -noout
 output : subject= /DC=ch/DC=cern/OU=Organic Units/OU=Users/CN=sthakur/CN=764789/CN=Shalini Thakur

 error: 
 retcode : 0
DEBUG 2019-11-11 18:31:18.211 UTC: 	 Checking credentials
DEBUG 2019-11-11 18:31:18.211 UTC: 	 Found proxy file /tmp/x509up_u77410
DEBUG 2019-11-11 18:31:18.211 UTC: 	 Getting proxy life time left
DEBUG 2019-11-11 18:31:18.918 UTC: 	 Executing : 
 command : voms-proxy-info -file /tmp/x509up_u77410 -timeleft
 output : 38982

 error: 
 retcode : 0
DEBUG 2019-11-11 18:31:19.627 UTC: 	 Executing : 
 command : voms-proxy-info -file /tmp/x509up_u77410 -actimeleft
 output : 38981

 error: 
 retcode : 0
DEBUG 2019-11-11 18:31:19.627 UTC: 	 Proxy lifetime 38982 secs is different from voms extension lifetime 38981 secs for proxy: /tmp/x509up_u77410
DEBUG 2019-11-11 18:31:19.627 UTC: 	 Proxy valid for 10:49:41 hours
DEBUG 2019-11-11 18:31:19.710 UTC: 	 Registering user credentials for server /DC=ch/DC=cern/OU=computers/CN=vocms(052|058|030|0118|0105|0109).cern.ch|/DC=ch/DC=cern/OU=computers/CN=crab-(preprod|prod)-tw(02|01).cern.ch
DEBUG 2019-11-11 18:31:19.823 UTC: 	 Executing : 
 command : openssl x509 -in ~/.globus/usercert.pem -subject -noout
 output : subject= /DC=ch/DC=cern/OU=Organic Units/OU=Users/CN=sthakur/CN=764789/CN=Shalini Thakur

 error: 
 retcode : 0
DEBUG 2019-11-11 18:31:19.823 UTC: 	 Getting myproxy life time left for myproxy.cern.ch
DEBUG 2019-11-11 18:31:19.823 UTC: 	 Calculating hash of /DC=ch/DC=cern/OU=Organic Units/OU=Users/CN=sthakur/CN=764789/CN=Shalini Thakur_cmsweb.cern.ch for credential name
DEBUG 2019-11-11 18:31:20.029 UTC: 	 Executing : 
 command : myproxy-info -l 9cd94953387eeee7bf4da2b7588630639ea1153b -s myproxy.cern.ch
 output : username: 9cd94953387eeee7bf4da2b7588630639ea1153b
owner: /DC=ch/DC=cern/OU=Organic Units/OU=Users/CN=sthakur/CN=764789/CN=Shalini Thakur
  renewal policy: /DC=ch/DC=cern/OU=computers/CN=vocms(052|058|030|0118|0105|0109).cern.ch|/DC=ch/DC=cern/OU=computers/CN=crab-(preprod|prod)-tw(02|01).cern.ch
  trusted retrieval policy: /DC=ch/DC=cern/OU=computers/CN=vocms(052|058|030|0118|0105|0109).cern.ch|/DC=ch/DC=cern/OU=computers/CN=crab-(preprod|prod)-tw(02|01).cern.ch
  timeleft: 711:02:00  (29.6 days)

 error: 
 retcode : 0
DEBUG 2019-11-11 18:31:20.030 UTC: 	 Myproxy is valid: 2559720
DEBUG 2019-11-11 18:31:20.031 UTC: 	 Command use: status
DEBUG 2019-11-11 18:31:20.031 UTC: 	 Options use: ['--verboseErrors', 'CrabMC_20191101/crab_ExLepEEZ_M500_MC_20191101']
DEBUG 2019-11-11 18:31:20.124 UTC: 	 CRABClient version: 3.3.1911
DEBUG 2019-11-11 18:31:20.124 UTC: 	 Instance is prod
DEBUG 2019-11-11 18:31:20.124 UTC: 	 Server base url is cmsweb.cern.ch
DEBUG 2019-11-11 18:31:20.124 UTC: 	 Command url /crabserver/prod/workflow
DEBUG 2019-11-11 18:31:20.204 UTC: 	 Got information from server oracle database: {u'result': [u'191101_121335:sthakur_crab_ExLepEEZ_M500_MC_20191101', u'None', u'None', u'SUBMITTED', u'SUBMIT', u'2019-11-01 12:13:35.427337', u'None', u'2019-11-01 12:14:51.745262', u'None', u'CMSSW_10_4_0', u'slc7_amd64_gcc700', u'/ExcitedLepton_EEZ-500_TuneCP5_13TeV-pythia8/RunIIFall17MiniAODv2-PU2017_12Apr2018_94X_mc2017_realistic_v14-v1/MINIAODSIM', u'T', u'0', u'[]', u'[]', u'FileBased', u"{'splitOnRun': False, 'halt_job_on_file_boundaries': False, 'files_per_job': 10, 'runs': [], 'lumis': []}", u'396d99dc9b86d9defd2bc0ec05ce1ba79fce751aa63962ce9d9e4b8a604abd53.tar.gz', u'https://cmsweb.cern.ch/crabcache', u'sthakur', u'/DC=ch/DC=cern/OU=Organic Units/OU=Users/CN=sthakur/CN=764789/CN=Shalini Thakur', u'cms', u'None', u'None', u'ExLepEEZ_M500_MC_20191101-00000000000000000000000000000000', u'F', u'T2_IN_TIFR', u'https://cmsweb.cern.ch/dbs/prod/global/DBSReader', u'https://cmsweb.cern.ch/dbs/prod/phys03/DBSWriter', u'T', u'[]', u"['ExLepEEZ_M500_MC_20191101_Ntuple.root']", u'[]', u'Analysis', u'pythia', u'None', u'{}', u'[]', u'F', u'crab-prod-tw01', u'[]', u'1250', u'1', u'2000', u'10', u'None', u'[]', u'http://vocms0120.cern.ch/mon/cms251/191101_121335:sthakur_crab_ExLepEEZ_M500_MC_20191101', u'None', u'[]', u'[]', u'https://cmsweb.cern.ch/crabserver/prod', u'cmsgwms-collector-global.cern.ch:9620,cmssrv623.fnal.gov:9620', u'crab3@vocms0120.cern.ch', u'F', u'[]', u'T', u'/store/user/sthakur/ntuple_for2017MC_20191101/MC_20191101/ExLepEEZ_M500_MC_20191101', u'F', u'None', u'F', u'None', u'ExcitedLepton_EEZ-500_TuneCP5_13TeV-pythia8', u'None', u'f9beb69d868484aaeada9ce84524e8f1fafaea001bca7321cf22bb9da2ef123c.tar.gz', u'45456956', u'filetransfers', u'F', u'2001:1458:d00:2e::100:9b', u'0.0', u'None'], u'desc': {u'columns': [u'tm_taskname', u'tm_activity', u'panda_jobset_id', u'tm_task_status', u'tm_task_command', u'tm_start_time', u'tm_start_injection', u'tm_end_injection', u'tm_task_failure', u'tm_job_sw', u'tm_job_arch', u'tm_input_dataset', u'tm_nonvalid_input_dataset', u'tm_use_parent', u'tm_site_whitelist', u'tm_site_blacklist', u'tm_split_algo', u'tm_split_args', u'tm_user_sandbox', u'tm_cache_url', u'tm_username', u'tm_user_dn', u'tm_user_vo', u'tm_user_role', u'tm_user_group', u'tm_publish_name', u'tm_publish_groupname', u'tm_asyncdest', u'tm_dbs_url', u'tm_publish_dbs_url', u'tm_publication', u'tm_outfiles', u'tm_tfile_outfiles', u'tm_edm_outfiles', u'tm_job_type', u'tm_generator', u'tm_events_per_lumi', u'tm_arguments', u'panda_resubmitted_jobs', u'tm_save_logs', u'tw_name', u'tm_user_infiles', u'tm_maxjobruntime', u'tm_numcores', u'tm_maxmemory', u'tm_priority', u'tm_output_dataset', u'tm_task_warnings', u'tm_user_webdir', u'tm_scriptexe', u'tm_scriptargs', u'tm_extrajdl', u'tm_asourl', u'tm_collector', u'tm_schedd', u'tm_dry_run', u'tm_user_files', u'tm_transfer_outputs', u'tm_output_lfn', u'tm_ignore_locality', u'tm_fail_limit', u'tm_one_event_mode', u'tm_secondary_input_dataset', u'tm_primary_dataset', u'tm_last_publication', u'tm_debug_files', u'clusterid', u'tm_asodb', u'tm_ignore_global_blacklist', u'tm_submitter_ip_addr', u'tm_totalunits', u'tm_ddm_reqid']}}
INFO 2019-11-11 18:31:20.204 UTC: 	 CRAB project directory:		/afs/cern.ch/work/s/sthakur/xRavindra/MiniTree2017Data/CMSSW_10_4_0/src/ExLep2017Crab/crab/CrabMC_20191101/crab_ExLepEEZ_M500_MC_20191101
INFO 2019-11-11 18:31:20.205 UTC: 	 Task name:			191101_121335:sthakur_crab_ExLepEEZ_M500_MC_20191101
INFO 2019-11-11 18:31:20.205 UTC: 	 Grid scheduler - Task Worker:	crab3@vocms0120.cern.ch - crab-prod-tw01
INFO 2019-11-11 18:31:20.205 UTC: 	 Status on the CRAB server:	SUBMITTED
INFO 2019-11-11 18:31:20.205 UTC: 	 Task URL to use for HELP:	https://cmsweb.cern.ch/crabserver/ui/task/191101_121335%3Asthakur_crab_ExLepEEZ_M500_MC_20191101
INFO 2019-11-11 18:31:20.205 UTC: 	 Dashboard monitoring URL:	https://monit-grafana.cern.ch/d/cmsTMDetail/cms-task-monitoring-task-view?orgId=11&var-user=sthakur&var-task=191101_121335%3Asthakur_crab_ExLepEEZ_M500_MC_20191101
INFO 2019-11-11 18:31:20.205 UTC: 	 In case of issues with the dashboard, please provide feedback to hn-cms-computing-tools@cern.ch
DEBUG 2019-11-11 18:31:20.205 UTC: 	 The CRAB server submitted your task to the Grid scheduler (cluster ID: 45456956)
DEBUG 2019-11-11 18:31:20.205 UTC: 	 Webdir is located at http://vocms0120.cern.ch/mon/cms251/191101_121335:sthakur_crab_ExLepEEZ_M500_MC_20191101
DEBUG 2019-11-11 18:31:20.294 UTC: 	 Proxied webdir is located at https://cmsweb.cern.ch/scheddmon/0120/cms251/191101_121335:sthakur_crab_ExLepEEZ_M500_MC_20191101
DEBUG 2019-11-11 18:31:20.294 UTC: 	 Retrieving 'status_cache' file from https://cmsweb.cern.ch/scheddmon/0120/cms251/191101_121335:sthakur_crab_ExLepEEZ_M500_MC_20191101/status_cache
DEBUG 2019-11-11 18:31:20.623 UTC: 	 Got information from status cache file: {'1': {'Retries': 0, 'WallDurations': [9.0, 1285.0], 'StartTimes': [1572610938.0], 'SubmitTimes': [1572610510.0], 'JobIds': ['45456958.0'], 'EndTimes': [1572612223.0], 'Restarts': 0, 'RecordedSite': True, 'State': 'finished', 'ResidentSetSize': [898304], 'TotalUserCpuTimeHistory': [868], 'SiteHistory': ['Unknown', 'T2_CH_CSCS'], 'TotalSysCpuTimeHistory': [30]}, '3': {'Retries': 0, 'WallDurations': [8.0, 147.0], 'StartTimes': [1572611641.0], 'SubmitTimes': [1572610510.0], 'JobIds': ['45456959.0'], 'EndTimes': [1572611788.0], 'Restarts': 0, 'RecordedSite': True, 'State': 'finished', 'ResidentSetSize': [6928], 'TotalUserCpuTimeHistory': [59], 'SiteHistory': ['Unknown', 'T2_CH_CSCS'], 'TotalSysCpuTimeHistory': [3]}, '2': {'Retries': 0, 'WallDurations': [9.0, 1063.0], 'StartTimes': [1572611634.0], 'SubmitTimes': [1572610512.0], 'JobIds': ['45456960.0'], 'EndTimes': [1572612697.0], 'Restarts': 0, 'RecordedSite': True, 'State': 'finished', 'ResidentSetSize': [893304], 'TotalUserCpuTimeHistory': [694], 'SiteHistory': ['Unknown', 'T2_CH_CSCS'], 'TotalSysCpuTimeHistory': [29]}}
INFO 2019-11-11 18:31:20.624 UTC: 	 Status on the scheduler:	COMPLETED
INFO 2019-11-11 18:31:20.624 UTC: 	 
Jobs status:                    finished     		100.0% (3/3)
INFO 2019-11-11 18:31:20.744 UTC: 	 
No publication information available yet
INFO 2019-11-11 18:31:20.744 UTC: 	 
Warning: the max jobs runtime is less than 30% of the task requested value (1250 min), please consider to request a lower value for failed jobs (allowed through crab resubmit) and/or improve the jobs splitting (e.g. config.Data.splitting = 'Automatic') in a new task.
INFO 2019-11-11 18:31:20.744 UTC: 	 
Summary of run jobs:
 * Memory: 6MB min, 877MB max, 585MB ave
 * Runtime: 0:02:27 min, 0:21:25 max, 0:13:51 ave
 * CPU eff: 42% min, 70% max, 67% ave
 * Waste: 0:00:26 (1% of total)

INFO 2019-11-11 18:31:20.759 UTC: 	 Log file is /afs/cern.ch/work/s/sthakur/xRavindra/MiniTree2017Data/CMSSW_10_4_0/src/ExLep2017Crab/crab/CrabMC_20191101/crab_ExLepEEZ_M500_MC_20191101/crab.log
DEBUG 2019-11-11 18:47:46.601 UTC: 	 Running on: Linux lxplus714.cern.ch 3.10.0-1062.4.1.el7.x86_64 #1 SMP Fri Oct 18 17:15:30 UTC 2019 x86_64 x86_64 x86_64 GNU/Linux - CentOS Linux 7 (Core)
DEBUG 2019-11-11 18:47:46.618 UTC: 	 OpenSSl version: OpenSSL 1.0.2k-fips  26 Jan 2017 (Library: OpenSSL 1.0.2d-fips 9 Jul 2015)
DEBUG 2019-11-11 18:47:46.619 UTC: 	 Executing command: 'status'
DEBUG 2019-11-11 18:47:46.619 UTC: 	 Found CRAB cache file /afs/cern.ch/user/s/sthakur/.crab3
DEBUG 2019-11-11 18:47:46.632 UTC: 	 Checking credentials
DEBUG 2019-11-11 18:47:46.632 UTC: 	 Found proxy file /tmp/x509up_u77410
DEBUG 2019-11-11 18:47:46.632 UTC: 	 Getting proxy life time left
DEBUG 2019-11-11 18:47:47.438 UTC: 	 Executing : 
 command : voms-proxy-info -file /tmp/x509up_u77410 -timeleft
 output : 43124

 error: 
 retcode : 0
DEBUG 2019-11-11 18:47:48.154 UTC: 	 Executing : 
 command : voms-proxy-info -file /tmp/x509up_u77410 -actimeleft
 output : 43123

 error: 
 retcode : 0
DEBUG 2019-11-11 18:47:48.154 UTC: 	 Proxy lifetime 43124 secs is different from voms extension lifetime 43123 secs for proxy: /tmp/x509up_u77410
DEBUG 2019-11-11 18:47:48.154 UTC: 	 Proxy valid for 11:58:43 hours
DEBUG 2019-11-11 18:47:48.456 UTC: 	 Executing : 
 command : openssl x509 -in ~/.globus/usercert.pem -subject -noout
 output : subject= /DC=ch/DC=cern/OU=Organic Units/OU=Users/CN=sthakur/CN=764789/CN=Shalini Thakur

 error: 
 retcode : 0
DEBUG 2019-11-11 18:47:48.456 UTC: 	 Checking credentials
DEBUG 2019-11-11 18:47:48.456 UTC: 	 Found proxy file /tmp/x509up_u77410
DEBUG 2019-11-11 18:47:48.456 UTC: 	 Getting proxy life time left
DEBUG 2019-11-11 18:47:49.164 UTC: 	 Executing : 
 command : voms-proxy-info -file /tmp/x509up_u77410 -timeleft
 output : 43122

 error: 
 retcode : 0
DEBUG 2019-11-11 18:47:49.871 UTC: 	 Executing : 
 command : voms-proxy-info -file /tmp/x509up_u77410 -actimeleft
 output : 43122

 error: 
 retcode : 0
DEBUG 2019-11-11 18:47:49.871 UTC: 	 Proxy valid for 11:58:42 hours
DEBUG 2019-11-11 18:47:49.954 UTC: 	 Registering user credentials for server /DC=ch/DC=cern/OU=computers/CN=vocms(052|058|030|0118|0105|0109).cern.ch|/DC=ch/DC=cern/OU=computers/CN=crab-(preprod|prod)-tw(02|01).cern.ch
DEBUG 2019-11-11 18:47:50.067 UTC: 	 Executing : 
 command : openssl x509 -in ~/.globus/usercert.pem -subject -noout
 output : subject= /DC=ch/DC=cern/OU=Organic Units/OU=Users/CN=sthakur/CN=764789/CN=Shalini Thakur

 error: 
 retcode : 0
DEBUG 2019-11-11 18:47:50.067 UTC: 	 Getting myproxy life time left for myproxy.cern.ch
DEBUG 2019-11-11 18:47:50.067 UTC: 	 Calculating hash of /DC=ch/DC=cern/OU=Organic Units/OU=Users/CN=sthakur/CN=764789/CN=Shalini Thakur_cmsweb.cern.ch for credential name
DEBUG 2019-11-11 18:47:50.273 UTC: 	 Executing : 
 command : myproxy-info -l 9cd94953387eeee7bf4da2b7588630639ea1153b -s myproxy.cern.ch
 output : username: 9cd94953387eeee7bf4da2b7588630639ea1153b
owner: /DC=ch/DC=cern/OU=Organic Units/OU=Users/CN=sthakur/CN=764789/CN=Shalini Thakur
  renewal policy: /DC=ch/DC=cern/OU=computers/CN=vocms(052|058|030|0118|0105|0109).cern.ch|/DC=ch/DC=cern/OU=computers/CN=crab-(preprod|prod)-tw(02|01).cern.ch
  trusted retrieval policy: /DC=ch/DC=cern/OU=computers/CN=vocms(052|058|030|0118|0105|0109).cern.ch|/DC=ch/DC=cern/OU=computers/CN=crab-(preprod|prod)-tw(02|01).cern.ch
  timeleft: 710:45:29  (29.6 days)

 error: 
 retcode : 0
DEBUG 2019-11-11 18:47:50.274 UTC: 	 Myproxy is valid: 2558729
DEBUG 2019-11-11 18:47:50.275 UTC: 	 Command use: status
DEBUG 2019-11-11 18:47:50.275 UTC: 	 Options use: ['--verboseErrors', 'CrabMC_20191101/crab_ExLepEEZ_M500_MC_20191101']
DEBUG 2019-11-11 18:47:50.356 UTC: 	 CRABClient version: 3.3.1911
DEBUG 2019-11-11 18:47:50.356 UTC: 	 Instance is prod
DEBUG 2019-11-11 18:47:50.356 UTC: 	 Server base url is cmsweb.cern.ch
DEBUG 2019-11-11 18:47:50.356 UTC: 	 Command url /crabserver/prod/workflow
DEBUG 2019-11-11 18:47:50.495 UTC: 	 Got information from server oracle database: {u'result': [u'191101_121335:sthakur_crab_ExLepEEZ_M500_MC_20191101', u'None', u'None', u'SUBMITTED', u'SUBMIT', u'2019-11-01 12:13:35.427337', u'None', u'2019-11-01 12:14:51.745262', u'None', u'CMSSW_10_4_0', u'slc7_amd64_gcc700', u'/ExcitedLepton_EEZ-500_TuneCP5_13TeV-pythia8/RunIIFall17MiniAODv2-PU2017_12Apr2018_94X_mc2017_realistic_v14-v1/MINIAODSIM', u'T', u'0', u'[]', u'[]', u'FileBased', u"{'splitOnRun': False, 'halt_job_on_file_boundaries': False, 'files_per_job': 10, 'runs': [], 'lumis': []}", u'396d99dc9b86d9defd2bc0ec05ce1ba79fce751aa63962ce9d9e4b8a604abd53.tar.gz', u'https://cmsweb.cern.ch/crabcache', u'sthakur', u'/DC=ch/DC=cern/OU=Organic Units/OU=Users/CN=sthakur/CN=764789/CN=Shalini Thakur', u'cms', u'None', u'None', u'ExLepEEZ_M500_MC_20191101-00000000000000000000000000000000', u'F', u'T2_IN_TIFR', u'https://cmsweb.cern.ch/dbs/prod/global/DBSReader', u'https://cmsweb.cern.ch/dbs/prod/phys03/DBSWriter', u'T', u'[]', u"['ExLepEEZ_M500_MC_20191101_Ntuple.root']", u'[]', u'Analysis', u'pythia', u'None', u'{}', u'[]', u'F', u'crab-prod-tw01', u'[]', u'1250', u'1', u'2000', u'10', u'None', u'[]', u'http://vocms0120.cern.ch/mon/cms251/191101_121335:sthakur_crab_ExLepEEZ_M500_MC_20191101', u'None', u'[]', u'[]', u'https://cmsweb.cern.ch/crabserver/prod', u'cmsgwms-collector-global.cern.ch:9620,cmssrv623.fnal.gov:9620', u'crab3@vocms0120.cern.ch', u'F', u'[]', u'T', u'/store/user/sthakur/ntuple_for2017MC_20191101/MC_20191101/ExLepEEZ_M500_MC_20191101', u'F', u'None', u'F', u'None', u'ExcitedLepton_EEZ-500_TuneCP5_13TeV-pythia8', u'None', u'f9beb69d868484aaeada9ce84524e8f1fafaea001bca7321cf22bb9da2ef123c.tar.gz', u'45456956', u'filetransfers', u'F', u'2001:1458:d00:2e::100:9b', u'0.0', u'None'], u'desc': {u'columns': [u'tm_taskname', u'tm_activity', u'panda_jobset_id', u'tm_task_status', u'tm_task_command', u'tm_start_time', u'tm_start_injection', u'tm_end_injection', u'tm_task_failure', u'tm_job_sw', u'tm_job_arch', u'tm_input_dataset', u'tm_nonvalid_input_dataset', u'tm_use_parent', u'tm_site_whitelist', u'tm_site_blacklist', u'tm_split_algo', u'tm_split_args', u'tm_user_sandbox', u'tm_cache_url', u'tm_username', u'tm_user_dn', u'tm_user_vo', u'tm_user_role', u'tm_user_group', u'tm_publish_name', u'tm_publish_groupname', u'tm_asyncdest', u'tm_dbs_url', u'tm_publish_dbs_url', u'tm_publication', u'tm_outfiles', u'tm_tfile_outfiles', u'tm_edm_outfiles', u'tm_job_type', u'tm_generator', u'tm_events_per_lumi', u'tm_arguments', u'panda_resubmitted_jobs', u'tm_save_logs', u'tw_name', u'tm_user_infiles', u'tm_maxjobruntime', u'tm_numcores', u'tm_maxmemory', u'tm_priority', u'tm_output_dataset', u'tm_task_warnings', u'tm_user_webdir', u'tm_scriptexe', u'tm_scriptargs', u'tm_extrajdl', u'tm_asourl', u'tm_collector', u'tm_schedd', u'tm_dry_run', u'tm_user_files', u'tm_transfer_outputs', u'tm_output_lfn', u'tm_ignore_locality', u'tm_fail_limit', u'tm_one_event_mode', u'tm_secondary_input_dataset', u'tm_primary_dataset', u'tm_last_publication', u'tm_debug_files', u'clusterid', u'tm_asodb', u'tm_ignore_global_blacklist', u'tm_submitter_ip_addr', u'tm_totalunits', u'tm_ddm_reqid']}}
INFO 2019-11-11 18:47:50.496 UTC: 	 CRAB project directory:		/afs/cern.ch/work/s/sthakur/xRavindra/MiniTree2017Data/CMSSW_10_4_0/src/ExLep2017Crab/crab/CrabMC_20191101/crab_ExLepEEZ_M500_MC_20191101
INFO 2019-11-11 18:47:50.496 UTC: 	 Task name:			191101_121335:sthakur_crab_ExLepEEZ_M500_MC_20191101
INFO 2019-11-11 18:47:50.496 UTC: 	 Grid scheduler - Task Worker:	crab3@vocms0120.cern.ch - crab-prod-tw01
INFO 2019-11-11 18:47:50.496 UTC: 	 Status on the CRAB server:	SUBMITTED
INFO 2019-11-11 18:47:50.496 UTC: 	 Task URL to use for HELP:	https://cmsweb.cern.ch/crabserver/ui/task/191101_121335%3Asthakur_crab_ExLepEEZ_M500_MC_20191101
INFO 2019-11-11 18:47:50.496 UTC: 	 Dashboard monitoring URL:	https://monit-grafana.cern.ch/d/cmsTMDetail/cms-task-monitoring-task-view?orgId=11&var-user=sthakur&var-task=191101_121335%3Asthakur_crab_ExLepEEZ_M500_MC_20191101
INFO 2019-11-11 18:47:50.496 UTC: 	 In case of issues with the dashboard, please provide feedback to hn-cms-computing-tools@cern.ch
DEBUG 2019-11-11 18:47:50.496 UTC: 	 The CRAB server submitted your task to the Grid scheduler (cluster ID: 45456956)
DEBUG 2019-11-11 18:47:50.496 UTC: 	 Webdir is located at http://vocms0120.cern.ch/mon/cms251/191101_121335:sthakur_crab_ExLepEEZ_M500_MC_20191101
DEBUG 2019-11-11 18:47:50.575 UTC: 	 Proxied webdir is located at https://cmsweb.cern.ch/scheddmon/0120/cms251/191101_121335:sthakur_crab_ExLepEEZ_M500_MC_20191101
DEBUG 2019-11-11 18:47:50.575 UTC: 	 Retrieving 'status_cache' file from https://cmsweb.cern.ch/scheddmon/0120/cms251/191101_121335:sthakur_crab_ExLepEEZ_M500_MC_20191101/status_cache
DEBUG 2019-11-11 18:47:50.623 UTC: 	 Got information from status cache file: {'1': {'Retries': 0, 'WallDurations': [9.0, 1285.0], 'StartTimes': [1572610938.0], 'SubmitTimes': [1572610510.0], 'JobIds': ['45456958.0'], 'EndTimes': [1572612223.0], 'Restarts': 0, 'RecordedSite': True, 'State': 'finished', 'ResidentSetSize': [898304], 'TotalUserCpuTimeHistory': [868], 'SiteHistory': ['Unknown', 'T2_CH_CSCS'], 'TotalSysCpuTimeHistory': [30]}, '3': {'Retries': 0, 'WallDurations': [8.0, 147.0], 'StartTimes': [1572611641.0], 'SubmitTimes': [1572610510.0], 'JobIds': ['45456959.0'], 'EndTimes': [1572611788.0], 'Restarts': 0, 'RecordedSite': True, 'State': 'finished', 'ResidentSetSize': [6928], 'TotalUserCpuTimeHistory': [59], 'SiteHistory': ['Unknown', 'T2_CH_CSCS'], 'TotalSysCpuTimeHistory': [3]}, '2': {'Retries': 0, 'WallDurations': [9.0, 1063.0], 'StartTimes': [1572611634.0], 'SubmitTimes': [1572610512.0], 'JobIds': ['45456960.0'], 'EndTimes': [1572612697.0], 'Restarts': 0, 'RecordedSite': True, 'State': 'finished', 'ResidentSetSize': [893304], 'TotalUserCpuTimeHistory': [694], 'SiteHistory': ['Unknown', 'T2_CH_CSCS'], 'TotalSysCpuTimeHistory': [29]}}
INFO 2019-11-11 18:47:50.624 UTC: 	 Status on the scheduler:	COMPLETED
INFO 2019-11-11 18:47:50.624 UTC: 	 
Jobs status:                    finished     		100.0% (3/3)
INFO 2019-11-11 18:47:50.697 UTC: 	 
No publication information available yet
INFO 2019-11-11 18:47:50.697 UTC: 	 
Warning: the max jobs runtime is less than 30% of the task requested value (1250 min), please consider to request a lower value for failed jobs (allowed through crab resubmit) and/or improve the jobs splitting (e.g. config.Data.splitting = 'Automatic') in a new task.
INFO 2019-11-11 18:47:50.697 UTC: 	 
Summary of run jobs:
 * Memory: 6MB min, 877MB max, 585MB ave
 * Runtime: 0:02:27 min, 0:21:25 max, 0:13:51 ave
 * CPU eff: 42% min, 70% max, 67% ave
 * Waste: 0:00:26 (1% of total)

INFO 2019-11-11 18:47:50.709 UTC: 	 Log file is /afs/cern.ch/work/s/sthakur/xRavindra/MiniTree2017Data/CMSSW_10_4_0/src/ExLep2017Crab/crab/CrabMC_20191101/crab_ExLepEEZ_M500_MC_20191101/crab.log
