DEBUG 2019-11-16 18:51:28.796 UTC: 	 Running on: Linux lxplus745.cern.ch 3.10.0-1062.4.1.el7.x86_64 #1 SMP Fri Oct 18 17:15:30 UTC 2019 x86_64 x86_64 x86_64 GNU/Linux - CentOS Linux 7 (Core)
DEBUG 2019-11-16 18:51:28.813 UTC: 	 OpenSSl version: OpenSSL 1.0.2k-fips  26 Jan 2017 (Library: OpenSSL 1.0.2d-fips 9 Jul 2015)
DEBUG 2019-11-16 18:51:28.813 UTC: 	 Executing command: 'submit'
DEBUG 2019-11-16 18:51:28.821 UTC: 	 Found CRAB cache file /afs/cern.ch/user/s/sthakur/.crab3
DEBUG 2019-11-16 18:51:28.837 UTC: 	 Checking credentials
DEBUG 2019-11-16 18:51:28.837 UTC: 	 Found proxy file /tmp/x509up_u77410
DEBUG 2019-11-16 18:51:28.837 UTC: 	 Getting proxy life time left
DEBUG 2019-11-16 18:51:29.549 UTC: 	 Executing : 
 command : voms-proxy-info -file /tmp/x509up_u77410 -timeleft
 output : 40209

 error: 
 retcode : 0
DEBUG 2019-11-16 18:51:30.258 UTC: 	 Executing : 
 command : voms-proxy-info -file /tmp/x509up_u77410 -actimeleft
 output : 40208

 error: 
 retcode : 0
DEBUG 2019-11-16 18:51:30.258 UTC: 	 Proxy lifetime 40209 secs is different from voms extension lifetime 40208 secs for proxy: /tmp/x509up_u77410
DEBUG 2019-11-16 18:51:30.258 UTC: 	 Proxy valid for 11:10:08 hours
DEBUG 2019-11-16 18:51:30.259 UTC: 	 Will use CRAB Analysis plugin (i.e. will run an analysis job type).
DEBUG 2019-11-16 18:51:30.450 UTC: 	 Executing : 
 command : openssl x509 -in ~/.globus/usercert.pem -subject -noout
 output : subject= /DC=ch/DC=cern/OU=Organic Units/OU=Users/CN=sthakur/CN=764789/CN=Shalini Thakur

 error: 
 retcode : 0
DEBUG 2019-11-16 18:51:30.451 UTC: 	 Checking credentials
DEBUG 2019-11-16 18:51:30.451 UTC: 	 Found proxy file /tmp/x509up_u77410
DEBUG 2019-11-16 18:51:30.451 UTC: 	 Getting proxy life time left
DEBUG 2019-11-16 18:51:31.156 UTC: 	 Executing : 
 command : voms-proxy-info -file /tmp/x509up_u77410 -timeleft
 output : 40207

 error: 
 retcode : 0
DEBUG 2019-11-16 18:51:31.864 UTC: 	 Executing : 
 command : voms-proxy-info -file /tmp/x509up_u77410 -actimeleft
 output : 40207

 error: 
 retcode : 0
DEBUG 2019-11-16 18:51:31.864 UTC: 	 Proxy valid for 11:10:07 hours
DEBUG 2019-11-16 18:51:32.571 UTC: 	 Executing : 
 command : env X509_USER_PROXY=/tmp/x509up_u77410 voms-proxy-info -fqan
 output : /cms/Role=NULL/Capability=NULL

 error: 
 retcode : 0
DEBUG 2019-11-16 18:51:32.651 UTC: 	 Registering user credentials for server /DC=ch/DC=cern/OU=computers/CN=vocms(052|058|030|0118|0105|0109).cern.ch|/DC=ch/DC=cern/OU=computers/CN=crab-(preprod|prod)-tw(02|01).cern.ch
DEBUG 2019-11-16 18:51:32.761 UTC: 	 Executing : 
 command : openssl x509 -in ~/.globus/usercert.pem -subject -noout
 output : subject= /DC=ch/DC=cern/OU=Organic Units/OU=Users/CN=sthakur/CN=764789/CN=Shalini Thakur

 error: 
 retcode : 0
DEBUG 2019-11-16 18:51:32.762 UTC: 	 Getting myproxy life time left for myproxy.cern.ch
DEBUG 2019-11-16 18:51:32.762 UTC: 	 Calculating hash of /DC=ch/DC=cern/OU=Organic Units/OU=Users/CN=sthakur/CN=764789/CN=Shalini Thakur_cmsweb.cern.ch for credential name
DEBUG 2019-11-16 18:51:33.166 UTC: 	 Executing : 
 command : myproxy-info -l 9cd94953387eeee7bf4da2b7588630639ea1153b -s myproxy.cern.ch
 output : username: 9cd94953387eeee7bf4da2b7588630639ea1153b
owner: /DC=ch/DC=cern/OU=Organic Units/OU=Users/CN=sthakur/CN=764789/CN=Shalini Thakur
  renewal policy: /DC=ch/DC=cern/OU=computers/CN=vocms(052|058|030|0118|0105|0109).cern.ch|/DC=ch/DC=cern/OU=computers/CN=crab-(preprod|prod)-tw(02|01).cern.ch
  trusted retrieval policy: /DC=ch/DC=cern/OU=computers/CN=vocms(052|058|030|0118|0105|0109).cern.ch|/DC=ch/DC=cern/OU=computers/CN=crab-(preprod|prod)-tw(02|01).cern.ch
  timeleft: 590:41:46  (24.6 days)

 error: 
 retcode : 0
DEBUG 2019-11-16 18:51:33.167 UTC: 	 Myproxy is valid: 2126506
DEBUG 2019-11-16 18:51:33.167 UTC: 	 Command use: submit
DEBUG 2019-11-16 18:51:33.168 UTC: 	 Options use: ['--config', <WMCore.Configuration.Configuration object at 0x7f1f63a77fd0>]
DEBUG 2019-11-16 18:51:33.252 UTC: 	 CRABClient version: 3.3.1911.patch1
DEBUG 2019-11-16 18:51:33.252 UTC: 	 Instance is prod
DEBUG 2019-11-16 18:51:33.252 UTC: 	 Server base url is cmsweb.cern.ch
DEBUG 2019-11-16 18:51:33.252 UTC: 	 Command url /crabserver/prod/workflow
DEBUG 2019-11-16 18:51:33.252 UTC: 	 Started submission
DEBUG 2019-11-16 18:51:33.252 UTC: 	 Working on /afs/cern.ch/work/s/sthakur/xRavindra/MiniTree2017Data/CMSSW_10_4_0/src/ExLep2017Crab/crab/CrabMC_20191116/crab_ExLepEEZ_M4500_MC_20191116
DEBUG 2019-11-16 18:51:33.391 UTC: 	 Loading required information from the environment
DEBUG 2019-11-16 18:51:33.391 UTC: 	 Found CMSSW_10_4_0 for slc7_amd64_gcc700 with base /afs/cern.ch/work/s/sthakur/xRavindra/MiniTree2017Data/CMSSW_10_4_0
DEBUG 2019-11-16 18:51:33.391 UTC: 	 Loading required information from the environment
DEBUG 2019-11-16 18:51:33.391 UTC: 	 Found CMSSW_10_4_0 for slc7_amd64_gcc700 with base /afs/cern.ch/work/s/sthakur/xRavindra/MiniTree2017Data/CMSSW_10_4_0
DEBUG 2019-11-16 18:51:33.408 UTC: 	 UNIQUE NAME: tarUUID 3735d6ff-7779-4bdb-869b-eac9885a7c81 
DEBUG 2019-11-16 18:51:33.409 UTC: 	 self.config: from WMCore.Configuration import Configuration
config = Configuration()
config.section_('General')
config.General.workArea = 'CrabMC_20191116'
config.General.transferOutputs = True
config.General.transferLogs = False
config.General.requestName = 'ExLepEEZ_M4500_MC_20191116'
config.section_('JobType')
config.JobType.psetName = '20191116/config/ExLepEEZ_M4500_MC_20191116_cfg.py'
config.JobType.pluginName = 'Analysis'
config.JobType.inputFiles = ['../../ExLep2017Tree/Selection/test/Fall17_V3_MC_PtResolution_AK8PF.txt', '../../ExLep2017Tree/Selection/test/Fall17_V3_MC_SF_AK8PF.txt']
config.JobType.allowUndistributedCMSSW = True
config.JobType.maxMemoryMB = 2000
config.section_('Data')
config.Data.inputDataset = '/ExcitedLepton_EEZ-4500_TuneCP5_13TeV-pythia8/RunIIFall17MiniAODv2-PU2017_12Apr2018_94X_mc2017_realistic_v14-v1/MINIAODSIM'
config.Data.allowNonValidInputDataset = True
config.Data.unitsPerJob = 10
config.Data.inputDBS = 'global'
config.Data.splitting = 'FileBased'
config.Data.outputDatasetTag = 'ExLepEEZ_M4500_MC_20191116'
config.Data.outLFNDirBase = '/store/user/sthakur/ntuple_for2017MC_20191116/MC_20191116/ExLepEEZ_M4500_MC_20191116'
config.section_('Site')
config.Site.storageSite = 'T2_IN_TIFR'
config.section_('User')
config.section_('Debug')

DEBUG 2019-11-16 18:51:33.409 UTC: 	 self.config.JobType.psetName: 20191116/config/ExLepEEZ_M4500_MC_20191116_cfg.py
INFO 2019-11-16 18:51:33.409 UTC: 	 Importing CMSSW configuration 20191116/config/ExLepEEZ_M4500_MC_20191116_cfg.py
INFO 2019-11-16 18:51:33.636 UTC: 	 Finished importing CMSSW configuration 20191116/config/ExLepEEZ_M4500_MC_20191116_cfg.py
DEBUG 2019-11-16 18:51:33.636 UTC: 	 Writing CMSSW configuration to /afs/cern.ch/work/s/sthakur/xRavindra/MiniTree2017Data/CMSSW_10_4_0/src/ExLep2017Crab/crab/CrabMC_20191116/crab_ExLepEEZ_M4500_MC_20191116/inputs/PSet.py
DEBUG 2019-11-16 18:51:33.698 UTC: 	 The following EDM output files will be collected: []
DEBUG 2019-11-16 18:51:33.698 UTC: 	 The following TFile output files will be collected: ['ExLepEEZ_M4500_MC_20191116_Ntuple.root']
DEBUG 2019-11-16 18:51:33.698 UTC: 	 The following user output files (not listed as PoolOuputModule or TFileService in the CMSSW PSet) will be collected: 
DEBUG 2019-11-16 18:51:33.698 UTC: 	 Loading required information from the environment
DEBUG 2019-11-16 18:51:33.698 UTC: 	 Found CMSSW_10_4_0 for slc7_amd64_gcc700 with base /afs/cern.ch/work/s/sthakur/xRavindra/MiniTree2017Data/CMSSW_10_4_0
DEBUG 2019-11-16 18:51:33.698 UTC: 	 Making tarball in /afs/cern.ch/work/s/sthakur/xRavindra/MiniTree2017Data/CMSSW_10_4_0/src/ExLep2017Crab/crab/CrabMC_20191116/crab_ExLepEEZ_M4500_MC_20191116/inputs/3735d6ff-7779-4bdb-869b-eac9885a7c81default.tgz
DEBUG 2019-11-16 18:51:33.699 UTC: 	 Checking directory /afs/cern.ch/work/s/sthakur/xRavindra/MiniTree2017Data/CMSSW_10_4_0/lib
DEBUG 2019-11-16 18:51:33.699 UTC: 	 Adding directory /afs/cern.ch/work/s/sthakur/xRavindra/MiniTree2017Data/CMSSW_10_4_0/lib to tarball
DEBUG 2019-11-16 18:51:33.712 UTC: 	 Checking directory /afs/cern.ch/work/s/sthakur/xRavindra/MiniTree2017Data/CMSSW_10_4_0/biglib
DEBUG 2019-11-16 18:51:33.712 UTC: 	 Adding directory /afs/cern.ch/work/s/sthakur/xRavindra/MiniTree2017Data/CMSSW_10_4_0/biglib to tarball
DEBUG 2019-11-16 18:51:33.713 UTC: 	 Checking directory /afs/cern.ch/work/s/sthakur/xRavindra/MiniTree2017Data/CMSSW_10_4_0/module
DEBUG 2019-11-16 18:51:33.721 UTC: 	 Adding data directory /afs/cern.ch/work/s/sthakur/xRavindra/MiniTree2017Data/CMSSW_10_4_0/src/ExLep2017Tree/Selection/interface to tarball
DEBUG 2019-11-16 18:51:33.752 UTC: 	 Adding file ../../ExLep2017Tree/Selection/test/Fall17_V3_MC_PtResolution_AK8PF.txt to tarball
DEBUG 2019-11-16 18:51:33.753 UTC: 	 Adding file ../../ExLep2017Tree/Selection/test/Fall17_V3_MC_SF_AK8PF.txt to tarball
DEBUG 2019-11-16 18:51:33.870 UTC: 	 Uploading archive /afs/cern.ch/work/s/sthakur/xRavindra/MiniTree2017Data/CMSSW_10_4_0/src/ExLep2017Crab/crab/CrabMC_20191116/crab_ExLepEEZ_M4500_MC_20191116/inputs/3735d6ff-7779-4bdb-869b-eac9885a7c81default.tgz (239 KB) to the CRAB cache. Using URI https://cmsweb.cern.ch/crabcache
DEBUG 2019-11-16 18:51:34.428 UTC: 	 Loading required information from the environment
DEBUG 2019-11-16 18:51:34.428 UTC: 	 Found CMSSW_10_4_0 for slc7_amd64_gcc700 with base /afs/cern.ch/work/s/sthakur/xRavindra/MiniTree2017Data/CMSSW_10_4_0
DEBUG 2019-11-16 18:51:34.428 UTC: 	 Making tarball in /afs/cern.ch/work/s/sthakur/xRavindra/MiniTree2017Data/CMSSW_10_4_0/src/ExLep2017Crab/crab/CrabMC_20191116/crab_ExLepEEZ_M4500_MC_20191116/inputs/debugFiles.tgz
DEBUG 2019-11-16 18:51:34.462 UTC: 	 Uploading archive /afs/cern.ch/work/s/sthakur/xRavindra/MiniTree2017Data/CMSSW_10_4_0/src/ExLep2017Crab/crab/CrabMC_20191116/crab_ExLepEEZ_M4500_MC_20191116/inputs/debugFiles.tgz (2 KB) to the CRAB cache. Using URI https://cmsweb.cern.ch/crabcache
DEBUG 2019-11-16 18:51:34.571 UTC: 	 Result uploading input files: ec21f48c59540138fa42a76966c2197c5f380ede07957dec2255d2bd68f5c720.tar.gz 
WARNING 2019-11-16 18:51:34.572 UTC: 	 Warning: The following output files will not be published, as they are not EDM files: ['ExLepEEZ_M4500_MC_20191116_Ntuple.root']
INFO 2019-11-16 18:51:34.573 UTC: 	 Sending the request to the server at cmsweb.cern.ch
DEBUG 2019-11-16 18:51:34.573 UTC: 	 Submitting {'maxjobruntime': 1250, 'extrajdl': [], 'ignorelocality': 0, 'savelogsflag': 0, 'useparent': 0, 'asyncdest': 'T2_IN_TIFR', 'algoargs': 10, 'cachefilename': 'ec21f48c59540138fa42a76966c2197c5f380ede07957dec2255d2bd68f5c720.tar.gz', 'numcores': 1, 'addoutputfiles': [], 'generator': 'pythia', 'maxmemory': 2000, 'publishdbsurl': 'https://cmsweb.cern.ch/dbs/prod/phys03/DBSWriter', 'priority': 10, 'jobsw': 'CMSSW_10_4_0', 'edmoutfiles': [], 'userfiles': [], 'primarydataset': '', 'inputdata': '/ExcitedLepton_EEZ-4500_TuneCP5_13TeV-pythia8/RunIIFall17MiniAODv2-PU2017_12Apr2018_94X_mc2017_realistic_v14-v1/MINIAODSIM', 'lfn': '/store/user/sthakur/ntuple_for2017MC_20191116/MC_20191116/ExLepEEZ_M4500_MC_20191116', 'dryrun': 0, 'workflow': 'crab_ExLepEEZ_M4500_MC_20191116', 'cacheurl': u'https://cmsweb.cern.ch/crabcache', 'nonprodsw': 1, 'tfileoutfiles': ['ExLepEEZ_M4500_MC_20191116_Ntuple.root'], 'oneEventMode': 0, 'debugfilename': 'aac93fffd33100da05d84fda032b6aa1e269fee264b23cb21cde1cd6000a5df1.tar.gz', 'saveoutput': 1, 'publication': 1, 'jobarch': 'slc7_amd64_gcc700', 'totalunits': 0, 'splitalgo': 'FileBased', 'ignoreglobalblacklist': 0, 'nonvaliddata': 1, 'dbsurl': 'https://cmsweb.cern.ch/dbs/prod/global/DBSReader', 'publishgroupname': 0, 'jobtype': 'Analysis', 'publishname2': 'ExLepEEZ_M4500_MC_20191116'} 
DEBUG 2019-11-16 18:51:34.573 UTC: 	 Encoded submit request: maxjobruntime=1250&ignorelocality=0&savelogsflag=0&useparent=0&asyncdest=T2_IN_TIFR&algoargs=10&cachefilename=ec21f48c59540138fa42a76966c2197c5f380ede07957dec2255d2bd68f5c720.tar.gz&numcores=1&generator=pythia&maxmemory=2000&publishdbsurl=https%3A%2F%2Fcmsweb.cern.ch%2Fdbs%2Fprod%2Fphys03%2FDBSWriter&priority=10&jobsw=CMSSW_10_4_0&primarydataset=&inputdata=%2FExcitedLepton_EEZ-4500_TuneCP5_13TeV-pythia8%2FRunIIFall17MiniAODv2-PU2017_12Apr2018_94X_mc2017_realistic_v14-v1%2FMINIAODSIM&lfn=%2Fstore%2Fuser%2Fsthakur%2Fntuple_for2017MC_20191116%2FMC_20191116%2FExLepEEZ_M4500_MC_20191116&dryrun=0&workflow=crab_ExLepEEZ_M4500_MC_20191116&cacheurl=https%3A%2F%2Fcmsweb.cern.ch%2Fcrabcache&nonprodsw=1&oneEventMode=0&debugfilename=aac93fffd33100da05d84fda032b6aa1e269fee264b23cb21cde1cd6000a5df1.tar.gz&saveoutput=1&publication=1&jobarch=slc7_amd64_gcc700&totalunits=0&splitalgo=FileBased&ignoreglobalblacklist=0&nonvaliddata=1&dbsurl=https%3A%2F%2Fcmsweb.cern.ch%2Fdbs%2Fprod%2Fglobal%2FDBSReader&publishgroupname=0&jobtype=Analysis&publishname2=ExLepEEZ_M4500_MC_20191116&tfileoutfiles=ExLepEEZ_M4500_MC_20191116_Ntuple.root
DEBUG 2019-11-16 18:51:34.771 UTC: 	 Result: {u'result': [{u'RequestName': u'191116_185134:sthakur_crab_ExLepEEZ_M4500_MC_20191116'}]}
INFO 2019-11-16 18:51:34.792 UTC: 	 Success: Your task has been delivered to the prod CRAB3 server.
INFO 2019-11-16 18:51:34.793 UTC: 	 Task name: 191116_185134:sthakur_crab_ExLepEEZ_M4500_MC_20191116
INFO 2019-11-16 18:51:34.793 UTC: 	 Project dir: CrabMC_20191116/crab_ExLepEEZ_M4500_MC_20191116
INFO 2019-11-16 18:51:34.793 UTC: 	 Please use 'crab status -d CrabMC_20191116/crab_ExLepEEZ_M4500_MC_20191116' to check how the submission process proceeds.
DEBUG 2019-11-16 18:51:34.793 UTC: 	 About to return
DEBUG 2019-11-16 18:58:37.303 UTC: 	 Running on: Linux lxplus745.cern.ch 3.10.0-1062.4.1.el7.x86_64 #1 SMP Fri Oct 18 17:15:30 UTC 2019 x86_64 x86_64 x86_64 GNU/Linux - CentOS Linux 7 (Core)
DEBUG 2019-11-16 18:58:37.326 UTC: 	 OpenSSl version: OpenSSL 1.0.2k-fips  26 Jan 2017 (Library: OpenSSL 1.0.2d-fips 9 Jul 2015)
DEBUG 2019-11-16 18:58:37.326 UTC: 	 Executing command: 'status'
DEBUG 2019-11-16 18:58:37.326 UTC: 	 Found CRAB cache file /afs/cern.ch/user/s/sthakur/.crab3
DEBUG 2019-11-16 18:58:37.335 UTC: 	 Checking credentials
DEBUG 2019-11-16 18:58:37.335 UTC: 	 Found proxy file /tmp/x509up_u77410
DEBUG 2019-11-16 18:58:37.336 UTC: 	 Getting proxy life time left
DEBUG 2019-11-16 18:58:38.142 UTC: 	 Executing : 
 command : voms-proxy-info -file /tmp/x509up_u77410 -timeleft
 output : 39780

 error: 
 retcode : 0
DEBUG 2019-11-16 18:58:38.859 UTC: 	 Executing : 
 command : voms-proxy-info -file /tmp/x509up_u77410 -actimeleft
 output : 39780

 error: 
 retcode : 0
DEBUG 2019-11-16 18:58:38.859 UTC: 	 Proxy valid for 11:03:00 hours
DEBUG 2019-11-16 18:58:39.018 UTC: 	 Executing : 
 command : openssl x509 -in ~/.globus/usercert.pem -subject -noout
 output : subject= /DC=ch/DC=cern/OU=Organic Units/OU=Users/CN=sthakur/CN=764789/CN=Shalini Thakur

 error: 
 retcode : 0
DEBUG 2019-11-16 18:58:39.018 UTC: 	 Checking credentials
DEBUG 2019-11-16 18:58:39.018 UTC: 	 Found proxy file /tmp/x509up_u77410
DEBUG 2019-11-16 18:58:39.018 UTC: 	 Getting proxy life time left
DEBUG 2019-11-16 18:58:39.828 UTC: 	 Executing : 
 command : voms-proxy-info -file /tmp/x509up_u77410 -timeleft
 output : 39779

 error: 
 retcode : 0
DEBUG 2019-11-16 18:58:40.637 UTC: 	 Executing : 
 command : voms-proxy-info -file /tmp/x509up_u77410 -actimeleft
 output : 39778

 error: 
 retcode : 0
DEBUG 2019-11-16 18:58:40.637 UTC: 	 Proxy lifetime 39779 secs is different from voms extension lifetime 39778 secs for proxy: /tmp/x509up_u77410
DEBUG 2019-11-16 18:58:40.637 UTC: 	 Proxy valid for 11:02:58 hours
DEBUG 2019-11-16 18:58:40.739 UTC: 	 Registering user credentials for server /DC=ch/DC=cern/OU=computers/CN=vocms(052|058|030|0118|0105|0109).cern.ch|/DC=ch/DC=cern/OU=computers/CN=crab-(preprod|prod)-tw(02|01).cern.ch
DEBUG 2019-11-16 18:58:40.854 UTC: 	 Executing : 
 command : openssl x509 -in ~/.globus/usercert.pem -subject -noout
 output : subject= /DC=ch/DC=cern/OU=Organic Units/OU=Users/CN=sthakur/CN=764789/CN=Shalini Thakur

 error: 
 retcode : 0
DEBUG 2019-11-16 18:58:40.854 UTC: 	 Getting myproxy life time left for myproxy.cern.ch
DEBUG 2019-11-16 18:58:40.854 UTC: 	 Calculating hash of /DC=ch/DC=cern/OU=Organic Units/OU=Users/CN=sthakur/CN=764789/CN=Shalini Thakur_cmsweb.cern.ch for credential name
DEBUG 2019-11-16 18:58:41.059 UTC: 	 Executing : 
 command : myproxy-info -l 9cd94953387eeee7bf4da2b7588630639ea1153b -s myproxy.cern.ch
 output : username: 9cd94953387eeee7bf4da2b7588630639ea1153b
owner: /DC=ch/DC=cern/OU=Organic Units/OU=Users/CN=sthakur/CN=764789/CN=Shalini Thakur
  renewal policy: /DC=ch/DC=cern/OU=computers/CN=vocms(052|058|030|0118|0105|0109).cern.ch|/DC=ch/DC=cern/OU=computers/CN=crab-(preprod|prod)-tw(02|01).cern.ch
  trusted retrieval policy: /DC=ch/DC=cern/OU=computers/CN=vocms(052|058|030|0118|0105|0109).cern.ch|/DC=ch/DC=cern/OU=computers/CN=crab-(preprod|prod)-tw(02|01).cern.ch
  timeleft: 590:34:39  (24.6 days)

 error: 
 retcode : 0
DEBUG 2019-11-16 18:58:41.060 UTC: 	 Myproxy is valid: 2126079
DEBUG 2019-11-16 18:58:41.061 UTC: 	 Command use: status
DEBUG 2019-11-16 18:58:41.061 UTC: 	 Options use: ['--verboseErrors', 'CrabMC_20191116/crab_ExLepEEZ_M4500_MC_20191116']
DEBUG 2019-11-16 18:58:41.162 UTC: 	 CRABClient version: 3.3.1911.patch1
DEBUG 2019-11-16 18:58:41.162 UTC: 	 Instance is prod
DEBUG 2019-11-16 18:58:41.162 UTC: 	 Server base url is cmsweb.cern.ch
DEBUG 2019-11-16 18:58:41.162 UTC: 	 Command url /crabserver/prod/workflow
DEBUG 2019-11-16 18:58:41.250 UTC: 	 Got information from server oracle database: {u'result': [u'191116_185134:sthakur_crab_ExLepEEZ_M4500_MC_20191116', u'None', u'None', u'SUBMITTED', u'SUBMIT', u'2019-11-16 18:51:34.702084', u'None', u'2019-11-16 18:53:33.344356', u'None', u'CMSSW_10_4_0', u'slc7_amd64_gcc700', u'/ExcitedLepton_EEZ-4500_TuneCP5_13TeV-pythia8/RunIIFall17MiniAODv2-PU2017_12Apr2018_94X_mc2017_realistic_v14-v1/MINIAODSIM', u'T', u'0', u'[]', u'[]', u'FileBased', u"{'splitOnRun': False, 'halt_job_on_file_boundaries': False, 'files_per_job': 10, 'runs': [], 'lumis': []}", u'ec21f48c59540138fa42a76966c2197c5f380ede07957dec2255d2bd68f5c720.tar.gz', u'https://cmsweb.cern.ch/crabcache', u'sthakur', u'/DC=ch/DC=cern/OU=Organic Units/OU=Users/CN=sthakur/CN=764789/CN=Shalini Thakur', u'cms', u'None', u'None', u'ExLepEEZ_M4500_MC_20191116-00000000000000000000000000000000', u'F', u'T2_IN_TIFR', u'https://cmsweb.cern.ch/dbs/prod/global/DBSReader', u'https://cmsweb.cern.ch/dbs/prod/phys03/DBSWriter', u'T', u'[]', u"['ExLepEEZ_M4500_MC_20191116_Ntuple.root']", u'[]', u'Analysis', u'pythia', u'None', u'{}', u'[]', u'F', u'crab-prod-tw01', u'[]', u'1250', u'1', u'2000', u'10', u'None', u'[]', u'http://vocms0137.cern.ch/mon/cms251/191116_185134:sthakur_crab_ExLepEEZ_M4500_MC_20191116', u'None', u'[]', u'[]', u'https://cmsweb.cern.ch/crabserver/prod', u'cmsgwms-collector-global.cern.ch:9620,cmssrv623.fnal.gov:9620', u'crab3@vocms0137.cern.ch', u'F', u'[]', u'T', u'/store/user/sthakur/ntuple_for2017MC_20191116/MC_20191116/ExLepEEZ_M4500_MC_20191116', u'F', u'None', u'F', u'None', u'ExcitedLepton_EEZ-4500_TuneCP5_13TeV-pythia8', u'None', u'aac93fffd33100da05d84fda032b6aa1e269fee264b23cb21cde1cd6000a5df1.tar.gz', u'44322393', u'filetransfers', u'F', u'2001:1458:d00:13::2e5', u'0.0', u'None'], u'desc': {u'columns': [u'tm_taskname', u'tm_activity', u'panda_jobset_id', u'tm_task_status', u'tm_task_command', u'tm_start_time', u'tm_start_injection', u'tm_end_injection', u'tm_task_failure', u'tm_job_sw', u'tm_job_arch', u'tm_input_dataset', u'tm_nonvalid_input_dataset', u'tm_use_parent', u'tm_site_whitelist', u'tm_site_blacklist', u'tm_split_algo', u'tm_split_args', u'tm_user_sandbox', u'tm_cache_url', u'tm_username', u'tm_user_dn', u'tm_user_vo', u'tm_user_role', u'tm_user_group', u'tm_publish_name', u'tm_publish_groupname', u'tm_asyncdest', u'tm_dbs_url', u'tm_publish_dbs_url', u'tm_publication', u'tm_outfiles', u'tm_tfile_outfiles', u'tm_edm_outfiles', u'tm_job_type', u'tm_generator', u'tm_events_per_lumi', u'tm_arguments', u'panda_resubmitted_jobs', u'tm_save_logs', u'tw_name', u'tm_user_infiles', u'tm_maxjobruntime', u'tm_numcores', u'tm_maxmemory', u'tm_priority', u'tm_output_dataset', u'tm_task_warnings', u'tm_user_webdir', u'tm_scriptexe', u'tm_scriptargs', u'tm_extrajdl', u'tm_asourl', u'tm_collector', u'tm_schedd', u'tm_dry_run', u'tm_user_files', u'tm_transfer_outputs', u'tm_output_lfn', u'tm_ignore_locality', u'tm_fail_limit', u'tm_one_event_mode', u'tm_secondary_input_dataset', u'tm_primary_dataset', u'tm_last_publication', u'tm_debug_files', u'clusterid', u'tm_asodb', u'tm_ignore_global_blacklist', u'tm_submitter_ip_addr', u'tm_totalunits', u'tm_ddm_reqid']}}
INFO 2019-11-16 18:58:41.250 UTC: 	 CRAB project directory:		/afs/cern.ch/work/s/sthakur/xRavindra/MiniTree2017Data/CMSSW_10_4_0/src/ExLep2017Crab/crab/CrabMC_20191116/crab_ExLepEEZ_M4500_MC_20191116
INFO 2019-11-16 18:58:41.251 UTC: 	 Task name:			191116_185134:sthakur_crab_ExLepEEZ_M4500_MC_20191116
INFO 2019-11-16 18:58:41.251 UTC: 	 Grid scheduler - Task Worker:	crab3@vocms0137.cern.ch - crab-prod-tw01
INFO 2019-11-16 18:58:41.251 UTC: 	 Status on the CRAB server:	SUBMITTED
INFO 2019-11-16 18:58:41.251 UTC: 	 Task URL to use for HELP:	https://cmsweb.cern.ch/crabserver/ui/task/191116_185134%3Asthakur_crab_ExLepEEZ_M4500_MC_20191116
INFO 2019-11-16 18:58:41.251 UTC: 	 Dashboard monitoring URL:	https://monit-grafana.cern.ch/d/cmsTMDetail/cms-task-monitoring-task-view?orgId=11&var-user=sthakur&var-task=191116_185134%3Asthakur_crab_ExLepEEZ_M4500_MC_20191116
INFO 2019-11-16 18:58:41.251 UTC: 	 In case of issues with the dashboard, please provide feedback to hn-cms-computing-tools@cern.ch
DEBUG 2019-11-16 18:58:41.251 UTC: 	 The CRAB server submitted your task to the Grid scheduler (cluster ID: 44322393)
DEBUG 2019-11-16 18:58:41.251 UTC: 	 Webdir is located at http://vocms0137.cern.ch/mon/cms251/191116_185134:sthakur_crab_ExLepEEZ_M4500_MC_20191116
DEBUG 2019-11-16 18:58:41.401 UTC: 	 Proxied webdir is located at https://cmsweb.cern.ch/scheddmon/0137/cms251/191116_185134:sthakur_crab_ExLepEEZ_M4500_MC_20191116
DEBUG 2019-11-16 18:58:41.402 UTC: 	 Retrieving 'status_cache' file from https://cmsweb.cern.ch/scheddmon/0137/cms251/191116_185134:sthakur_crab_ExLepEEZ_M4500_MC_20191116/status_cache
DEBUG 2019-11-16 18:58:41.455 UTC: 	 Got information from status cache file: {'1': {'Retries': 0, 'WallDurations': [0], 'StartTimes': [], 'SubmitTimes': [1573930425.0], 'JobIds': ['44322395.0'], 'EndTimes': [], 'Restarts': 0, 'RecordedSite': False, 'State': 'idle', 'ResidentSetSize': [0], 'TotalUserCpuTimeHistory': [0.0], 'SiteHistory': ['Unknown'], 'TotalSysCpuTimeHistory': [0.0]}, '3': {'Retries': 0, 'WallDurations': [0], 'StartTimes': [], 'SubmitTimes': [1573930425.0], 'JobIds': ['44322396.0'], 'EndTimes': [], 'Restarts': 0, 'RecordedSite': False, 'State': 'idle', 'ResidentSetSize': [0], 'TotalUserCpuTimeHistory': [0.0], 'SiteHistory': ['Unknown'], 'TotalSysCpuTimeHistory': [0.0]}, '2': {'Retries': 0, 'WallDurations': [0], 'StartTimes': [], 'SubmitTimes': [1573930425.0], 'JobIds': ['44322397.0'], 'EndTimes': [], 'Restarts': 0, 'RecordedSite': False, 'State': 'idle', 'ResidentSetSize': [0], 'TotalUserCpuTimeHistory': [0.0], 'SiteHistory': ['Unknown'], 'TotalSysCpuTimeHistory': [0.0]}, '4': {'Retries': 0, 'WallDurations': [0], 'StartTimes': [], 'SubmitTimes': [1573930425.0], 'JobIds': ['44322398.0'], 'EndTimes': [], 'Restarts': 0, 'RecordedSite': False, 'State': 'idle', 'ResidentSetSize': [0], 'TotalUserCpuTimeHistory': [0.0], 'SiteHistory': ['Unknown'], 'TotalSysCpuTimeHistory': [0.0]}}
INFO 2019-11-16 18:58:41.455 UTC: 	 Status on the scheduler:	SUBMITTED
INFO 2019-11-16 18:58:41.455 UTC: 	 
Jobs status:                    idle         		100.0% (4/4)
INFO 2019-11-16 18:58:41.456 UTC: 	 
No publication information available yet
INFO 2019-11-16 18:58:41.481 UTC: 	 Log file is /afs/cern.ch/work/s/sthakur/xRavindra/MiniTree2017Data/CMSSW_10_4_0/src/ExLep2017Crab/crab/CrabMC_20191116/crab_ExLepEEZ_M4500_MC_20191116/crab.log
DEBUG 2019-11-17 16:04:49.739 UTC: 	 Running on: Linux lxplus744.cern.ch 3.10.0-1062.4.1.el7.x86_64 #1 SMP Fri Oct 18 17:15:30 UTC 2019 x86_64 x86_64 x86_64 GNU/Linux - CentOS Linux 7 (Core)
DEBUG 2019-11-17 16:04:49.753 UTC: 	 OpenSSl version: OpenSSL 1.0.2k-fips  26 Jan 2017 (Library: OpenSSL 1.0.2d-fips 9 Jul 2015)
DEBUG 2019-11-17 16:04:49.753 UTC: 	 Executing command: 'status'
DEBUG 2019-11-17 16:04:49.754 UTC: 	 Found CRAB cache file /afs/cern.ch/user/s/sthakur/.crab3
DEBUG 2019-11-17 16:04:49.766 UTC: 	 Checking credentials
DEBUG 2019-11-17 16:04:49.766 UTC: 	 Found proxy file /tmp/x509up_u77410
DEBUG 2019-11-17 16:04:49.766 UTC: 	 Getting proxy life time left
DEBUG 2019-11-17 16:04:50.373 UTC: 	 Executing : 
 command : voms-proxy-info -file /tmp/x509up_u77410 -timeleft
 output : 43141

 error: 
 retcode : 0
DEBUG 2019-11-17 16:04:50.978 UTC: 	 Executing : 
 command : voms-proxy-info -file /tmp/x509up_u77410 -actimeleft
 output : 43141

 error: 
 retcode : 0
DEBUG 2019-11-17 16:04:50.978 UTC: 	 Proxy valid for 11:59:01 hours
DEBUG 2019-11-17 16:04:51.168 UTC: 	 Executing : 
 command : openssl x509 -in ~/.globus/usercert.pem -subject -noout
 output : subject= /DC=ch/DC=cern/OU=Organic Units/OU=Users/CN=sthakur/CN=764789/CN=Shalini Thakur

 error: 
 retcode : 0
DEBUG 2019-11-17 16:04:51.168 UTC: 	 Checking credentials
DEBUG 2019-11-17 16:04:51.169 UTC: 	 Found proxy file /tmp/x509up_u77410
DEBUG 2019-11-17 16:04:51.169 UTC: 	 Getting proxy life time left
DEBUG 2019-11-17 16:04:51.774 UTC: 	 Executing : 
 command : voms-proxy-info -file /tmp/x509up_u77410 -timeleft
 output : 43140

 error: 
 retcode : 0
DEBUG 2019-11-17 16:04:52.379 UTC: 	 Executing : 
 command : voms-proxy-info -file /tmp/x509up_u77410 -actimeleft
 output : 43139

 error: 
 retcode : 0
DEBUG 2019-11-17 16:04:52.379 UTC: 	 Proxy lifetime 43140 secs is different from voms extension lifetime 43139 secs for proxy: /tmp/x509up_u77410
DEBUG 2019-11-17 16:04:52.379 UTC: 	 Proxy valid for 11:58:59 hours
DEBUG 2019-11-17 16:04:52.453 UTC: 	 Registering user credentials for server /DC=ch/DC=cern/OU=computers/CN=vocms(052|058|030|0118|0105|0109).cern.ch|/DC=ch/DC=cern/OU=computers/CN=crab-(preprod|prod)-tw(02|01).cern.ch
DEBUG 2019-11-17 16:04:52.562 UTC: 	 Executing : 
 command : openssl x509 -in ~/.globus/usercert.pem -subject -noout
 output : subject= /DC=ch/DC=cern/OU=Organic Units/OU=Users/CN=sthakur/CN=764789/CN=Shalini Thakur

 error: 
 retcode : 0
DEBUG 2019-11-17 16:04:52.562 UTC: 	 Getting myproxy life time left for myproxy.cern.ch
DEBUG 2019-11-17 16:04:52.562 UTC: 	 Calculating hash of /DC=ch/DC=cern/OU=Organic Units/OU=Users/CN=sthakur/CN=764789/CN=Shalini Thakur_cmsweb.cern.ch for credential name
DEBUG 2019-11-17 16:04:52.766 UTC: 	 Executing : 
 command : myproxy-info -l 9cd94953387eeee7bf4da2b7588630639ea1153b -s myproxy.cern.ch
 output : username: 9cd94953387eeee7bf4da2b7588630639ea1153b
owner: /DC=ch/DC=cern/OU=Organic Units/OU=Users/CN=sthakur/CN=764789/CN=Shalini Thakur
  renewal policy: /DC=ch/DC=cern/OU=computers/CN=vocms(052|058|030|0118|0105|0109).cern.ch|/DC=ch/DC=cern/OU=computers/CN=crab-(preprod|prod)-tw(02|01).cern.ch
  trusted retrieval policy: /DC=ch/DC=cern/OU=computers/CN=vocms(052|058|030|0118|0105|0109).cern.ch|/DC=ch/DC=cern/OU=computers/CN=crab-(preprod|prod)-tw(02|01).cern.ch
  timeleft: 569:28:27  (23.7 days)

 error: 
 retcode : 0
DEBUG 2019-11-17 16:04:52.767 UTC: 	 Myproxy is valid: 2050107
DEBUG 2019-11-17 16:04:52.768 UTC: 	 Command use: status
DEBUG 2019-11-17 16:04:52.768 UTC: 	 Options use: ['--verboseErrors', 'CrabMC_20191116/crab_ExLepEEZ_M4500_MC_20191116']
DEBUG 2019-11-17 16:04:52.849 UTC: 	 CRABClient version: 3.3.1911.patch1
DEBUG 2019-11-17 16:04:52.849 UTC: 	 Instance is prod
DEBUG 2019-11-17 16:04:52.849 UTC: 	 Server base url is cmsweb.cern.ch
DEBUG 2019-11-17 16:04:52.850 UTC: 	 Command url /crabserver/prod/workflow
DEBUG 2019-11-17 16:04:52.935 UTC: 	 Got information from server oracle database: {u'result': [u'191116_185134:sthakur_crab_ExLepEEZ_M4500_MC_20191116', u'None', u'None', u'SUBMITTED', u'SUBMIT', u'2019-11-16 18:51:34.702084', u'None', u'2019-11-16 18:53:33.344356', u'None', u'CMSSW_10_4_0', u'slc7_amd64_gcc700', u'/ExcitedLepton_EEZ-4500_TuneCP5_13TeV-pythia8/RunIIFall17MiniAODv2-PU2017_12Apr2018_94X_mc2017_realistic_v14-v1/MINIAODSIM', u'T', u'0', u'[]', u'[]', u'FileBased', u"{'splitOnRun': False, 'halt_job_on_file_boundaries': False, 'files_per_job': 10, 'runs': [], 'lumis': []}", u'ec21f48c59540138fa42a76966c2197c5f380ede07957dec2255d2bd68f5c720.tar.gz', u'https://cmsweb.cern.ch/crabcache', u'sthakur', u'/DC=ch/DC=cern/OU=Organic Units/OU=Users/CN=sthakur/CN=764789/CN=Shalini Thakur', u'cms', u'None', u'None', u'ExLepEEZ_M4500_MC_20191116-00000000000000000000000000000000', u'F', u'T2_IN_TIFR', u'https://cmsweb.cern.ch/dbs/prod/global/DBSReader', u'https://cmsweb.cern.ch/dbs/prod/phys03/DBSWriter', u'T', u'[]', u"['ExLepEEZ_M4500_MC_20191116_Ntuple.root']", u'[]', u'Analysis', u'pythia', u'None', u'{}', u'[]', u'F', u'crab-prod-tw01', u'[]', u'1250', u'1', u'2000', u'10', u'None', u'[]', u'http://vocms0137.cern.ch/mon/cms251/191116_185134:sthakur_crab_ExLepEEZ_M4500_MC_20191116', u'None', u'[]', u'[]', u'https://cmsweb.cern.ch/crabserver/prod', u'cmsgwms-collector-global.cern.ch:9620,cmssrv623.fnal.gov:9620', u'crab3@vocms0137.cern.ch', u'F', u'[]', u'T', u'/store/user/sthakur/ntuple_for2017MC_20191116/MC_20191116/ExLepEEZ_M4500_MC_20191116', u'F', u'None', u'F', u'None', u'ExcitedLepton_EEZ-4500_TuneCP5_13TeV-pythia8', u'None', u'aac93fffd33100da05d84fda032b6aa1e269fee264b23cb21cde1cd6000a5df1.tar.gz', u'44322393', u'filetransfers', u'F', u'2001:1458:d00:13::2e5', u'0.0', u'None'], u'desc': {u'columns': [u'tm_taskname', u'tm_activity', u'panda_jobset_id', u'tm_task_status', u'tm_task_command', u'tm_start_time', u'tm_start_injection', u'tm_end_injection', u'tm_task_failure', u'tm_job_sw', u'tm_job_arch', u'tm_input_dataset', u'tm_nonvalid_input_dataset', u'tm_use_parent', u'tm_site_whitelist', u'tm_site_blacklist', u'tm_split_algo', u'tm_split_args', u'tm_user_sandbox', u'tm_cache_url', u'tm_username', u'tm_user_dn', u'tm_user_vo', u'tm_user_role', u'tm_user_group', u'tm_publish_name', u'tm_publish_groupname', u'tm_asyncdest', u'tm_dbs_url', u'tm_publish_dbs_url', u'tm_publication', u'tm_outfiles', u'tm_tfile_outfiles', u'tm_edm_outfiles', u'tm_job_type', u'tm_generator', u'tm_events_per_lumi', u'tm_arguments', u'panda_resubmitted_jobs', u'tm_save_logs', u'tw_name', u'tm_user_infiles', u'tm_maxjobruntime', u'tm_numcores', u'tm_maxmemory', u'tm_priority', u'tm_output_dataset', u'tm_task_warnings', u'tm_user_webdir', u'tm_scriptexe', u'tm_scriptargs', u'tm_extrajdl', u'tm_asourl', u'tm_collector', u'tm_schedd', u'tm_dry_run', u'tm_user_files', u'tm_transfer_outputs', u'tm_output_lfn', u'tm_ignore_locality', u'tm_fail_limit', u'tm_one_event_mode', u'tm_secondary_input_dataset', u'tm_primary_dataset', u'tm_last_publication', u'tm_debug_files', u'clusterid', u'tm_asodb', u'tm_ignore_global_blacklist', u'tm_submitter_ip_addr', u'tm_totalunits', u'tm_ddm_reqid']}}
INFO 2019-11-17 16:04:52.936 UTC: 	 CRAB project directory:		/afs/cern.ch/work/s/sthakur/xRavindra/MiniTree2017Data/CMSSW_10_4_0/src/ExLep2017Crab/crab/CrabMC_20191116/crab_ExLepEEZ_M4500_MC_20191116
INFO 2019-11-17 16:04:52.936 UTC: 	 Task name:			191116_185134:sthakur_crab_ExLepEEZ_M4500_MC_20191116
INFO 2019-11-17 16:04:52.936 UTC: 	 Grid scheduler - Task Worker:	crab3@vocms0137.cern.ch - crab-prod-tw01
INFO 2019-11-17 16:04:52.936 UTC: 	 Status on the CRAB server:	SUBMITTED
INFO 2019-11-17 16:04:52.936 UTC: 	 Task URL to use for HELP:	https://cmsweb.cern.ch/crabserver/ui/task/191116_185134%3Asthakur_crab_ExLepEEZ_M4500_MC_20191116
INFO 2019-11-17 16:04:52.936 UTC: 	 Dashboard monitoring URL:	https://monit-grafana.cern.ch/d/cmsTMDetail/cms-task-monitoring-task-view?orgId=11&var-user=sthakur&var-task=191116_185134%3Asthakur_crab_ExLepEEZ_M4500_MC_20191116
INFO 2019-11-17 16:04:52.936 UTC: 	 In case of issues with the dashboard, please provide feedback to hn-cms-computing-tools@cern.ch
DEBUG 2019-11-17 16:04:52.936 UTC: 	 The CRAB server submitted your task to the Grid scheduler (cluster ID: 44322393)
DEBUG 2019-11-17 16:04:52.936 UTC: 	 Webdir is located at http://vocms0137.cern.ch/mon/cms251/191116_185134:sthakur_crab_ExLepEEZ_M4500_MC_20191116
DEBUG 2019-11-17 16:04:53.034 UTC: 	 Proxied webdir is located at https://cmsweb.cern.ch/scheddmon/0137/cms251/191116_185134:sthakur_crab_ExLepEEZ_M4500_MC_20191116
DEBUG 2019-11-17 16:04:53.034 UTC: 	 Retrieving 'status_cache' file from https://cmsweb.cern.ch/scheddmon/0137/cms251/191116_185134:sthakur_crab_ExLepEEZ_M4500_MC_20191116/status_cache
DEBUG 2019-11-17 16:04:53.124 UTC: 	 Got information from status cache file: {'1': {'Retries': 0, 'WallDurations': [10.0, 1498.0], 'StartTimes': [1573930745.0], 'SubmitTimes': [1573930425.0], 'JobIds': ['44322395.0'], 'EndTimes': [1573932243.0], 'Restarts': 0, 'RecordedSite': True, 'State': 'finished', 'ResidentSetSize': [811520], 'TotalUserCpuTimeHistory': [1021], 'SiteHistory': ['Unknown', 'T2_UK_SGrid_RALPP'], 'TotalSysCpuTimeHistory': [30]}, '3': {'Retries': 0, 'WallDurations': [10.0, 831.0], 'StartTimes': [1573930722.0], 'SubmitTimes': [1573930425.0], 'JobIds': ['44322396.0'], 'EndTimes': [1573931553.0], 'Restarts': 0, 'RecordedSite': True, 'State': 'finished', 'ResidentSetSize': [814952], 'TotalUserCpuTimeHistory': [490], 'SiteHistory': ['Unknown', 'T2_US_Nebraska'], 'TotalSysCpuTimeHistory': [16]}, '2': {'Retries': 0, 'WallDurations': [9.0, 388.0], 'StartTimes': [1573930865.0], 'SubmitTimes': [1573930425.0], 'JobIds': ['44322397.0'], 'EndTimes': [1573931253.0], 'Restarts': 0, 'RecordedSite': True, 'State': 'finished', 'ResidentSetSize': [808844], 'TotalUserCpuTimeHistory': [271], 'SiteHistory': ['Unknown', 'T2_UK_SGrid_RALPP'], 'TotalSysCpuTimeHistory': [8]}, '4': {'Retries': 0, 'WallDurations': [10.0, 268.0], 'StartTimes': [1573930955.0], 'SubmitTimes': [1573930425.0], 'JobIds': ['44322398.0'], 'EndTimes': [1573931223.0], 'Restarts': 0, 'RecordedSite': True, 'State': 'finished', 'ResidentSetSize': [6520], 'TotalUserCpuTimeHistory': [49], 'SiteHistory': ['Unknown', 'T2_US_Wisconsin'], 'TotalSysCpuTimeHistory': [11]}}
INFO 2019-11-17 16:04:53.124 UTC: 	 Status on the scheduler:	COMPLETED
INFO 2019-11-17 16:04:53.124 UTC: 	 
Jobs status:                    finished     		100.0% (4/4)
INFO 2019-11-17 16:04:53.197 UTC: 	 
No publication information available yet
INFO 2019-11-17 16:04:53.197 UTC: 	 
Warning: the max jobs runtime is less than 30% of the task requested value (1250 min), please consider to request a lower value for failed jobs (allowed through crab resubmit) and/or improve the jobs splitting (e.g. config.Data.splitting = 'Automatic') in a new task.
INFO 2019-11-17 16:04:53.197 UTC: 	 
Summary of run jobs:
 * Memory: 6MB min, 795MB max, 596MB ave
 * Runtime: 0:04:28 min, 0:24:58 max, 0:12:26 ave
 * CPU eff: 22% min, 72% max, 64% ave
 * Waste: 0:00:39 (1% of total)

INFO 2019-11-17 16:04:53.206 UTC: 	 Log file is /afs/cern.ch/work/s/sthakur/xRavindra/MiniTree2017Data/CMSSW_10_4_0/src/ExLep2017Crab/crab/CrabMC_20191116/crab_ExLepEEZ_M4500_MC_20191116/crab.log
