DEBUG 2019-11-01 12:12:09.105 UTC: 	 Running on: Linux lxplus707.cern.ch 3.10.0-1062.1.2.el7.x86_64 #1 SMP Mon Sep 30 14:19:46 UTC 2019 x86_64 x86_64 x86_64 GNU/Linux
Description:	CentOS Linux release 7.7.1908 (Core) 

DEBUG 2019-11-01 12:12:09.105 UTC: 	 Executing command: 'submit'
DEBUG 2019-11-01 12:12:09.113 UTC: 	 Found CRAB cache file /afs/cern.ch/user/s/sthakur/.crab3
DEBUG 2019-11-01 12:12:09.120 UTC: 	 Checking credentials
DEBUG 2019-11-01 12:12:09.121 UTC: 	 Found proxy file /tmp/x509up_u77410
DEBUG 2019-11-01 12:12:09.121 UTC: 	 Getting proxy life time left
DEBUG 2019-11-01 12:12:09.826 UTC: 	 Executing : 
 command : voms-proxy-info -file /tmp/x509up_u77410 -timeleft
 output : 43069

 error: 
 retcode : 0
DEBUG 2019-11-01 12:12:10.532 UTC: 	 Executing : 
 command : voms-proxy-info -file /tmp/x509up_u77410 -actimeleft
 output : 43068

 error: 
 retcode : 0
DEBUG 2019-11-01 12:12:10.532 UTC: 	 Proxy lifetime 43069 secs is different from voms extension lifetime 43068 secs for proxy: /tmp/x509up_u77410
DEBUG 2019-11-01 12:12:10.532 UTC: 	 Proxy valid for 11:57:48 hours
DEBUG 2019-11-01 12:12:10.533 UTC: 	 Will use CRAB Analysis plugin (i.e. will run an analysis job type).
DEBUG 2019-11-01 12:12:10.653 UTC: 	 Executing : 
 command : openssl x509 -in ~/.globus/usercert.pem -subject -noout
 output : subject= /DC=ch/DC=cern/OU=Organic Units/OU=Users/CN=sthakur/CN=764789/CN=Shalini Thakur

 error: 
 retcode : 0
DEBUG 2019-11-01 12:12:10.653 UTC: 	 Checking credentials
DEBUG 2019-11-01 12:12:10.653 UTC: 	 Found proxy file /tmp/x509up_u77410
DEBUG 2019-11-01 12:12:10.653 UTC: 	 Getting proxy life time left
DEBUG 2019-11-01 12:12:11.359 UTC: 	 Executing : 
 command : voms-proxy-info -file /tmp/x509up_u77410 -timeleft
 output : 43067

 error: 
 retcode : 0
DEBUG 2019-11-01 12:12:12.065 UTC: 	 Executing : 
 command : voms-proxy-info -file /tmp/x509up_u77410 -actimeleft
 output : 43067

 error: 
 retcode : 0
DEBUG 2019-11-01 12:12:12.065 UTC: 	 Proxy valid for 11:57:47 hours
DEBUG 2019-11-01 12:12:12.778 UTC: 	 Executing : 
 command : env X509_USER_PROXY=/tmp/x509up_u77410 voms-proxy-info -fqan
 output : /cms/Role=NULL/Capability=NULL

 error: 
 retcode : 0
DEBUG 2019-11-01 12:12:12.864 UTC: 	 Registering user credentials for server /DC=ch/DC=cern/OU=computers/CN=vocms(052|058|030|0118|0105|0109).cern.ch|/DC=ch/DC=cern/OU=computers/CN=crab-(preprod|prod)-tw(02|01).cern.ch
DEBUG 2019-11-01 12:12:12.975 UTC: 	 Executing : 
 command : openssl x509 -in ~/.globus/usercert.pem -subject -noout
 output : subject= /DC=ch/DC=cern/OU=Organic Units/OU=Users/CN=sthakur/CN=764789/CN=Shalini Thakur

 error: 
 retcode : 0
DEBUG 2019-11-01 12:12:12.976 UTC: 	 Getting myproxy life time left for myproxy.cern.ch
DEBUG 2019-11-01 12:12:12.976 UTC: 	 Calculating hash of /DC=ch/DC=cern/OU=Organic Units/OU=Users/CN=sthakur/CN=764789/CN=Shalini Thakur_cmsweb.cern.ch for credential name
DEBUG 2019-11-01 12:12:13.281 UTC: 	 Executing : 
 command : myproxy-info -l 9cd94953387eeee7bf4da2b7588630639ea1153b -s myproxy.cern.ch
 output : username: 9cd94953387eeee7bf4da2b7588630639ea1153b
owner: /DC=ch/DC=cern/OU=Organic Units/OU=Users/CN=sthakur/CN=764789/CN=Shalini Thakur
  renewal policy: /DC=ch/DC=cern/OU=computers/CN=vocms(052|058|030|0118|0105|0109).cern.ch|/DC=ch/DC=cern/OU=computers/CN=crab-(preprod|prod)-tw(02|01).cern.ch
  trusted retrieval policy: /DC=ch/DC=cern/OU=computers/CN=vocms(052|058|030|0118|0105|0109).cern.ch|/DC=ch/DC=cern/OU=computers/CN=crab-(preprod|prod)-tw(02|01).cern.ch
  timeleft: 558:25:47  (23.3 days)

 error: 
 retcode : 0
DEBUG 2019-11-01 12:12:13.282 UTC: 	 Myproxy is valid: 2010347
DEBUG 2019-11-01 12:12:13.282 UTC: 	 Command use: submit
DEBUG 2019-11-01 12:12:13.283 UTC: 	 Options use: ['--config', <WMCore.Configuration.Configuration object at 0x7fed93d4ff90>]
DEBUG 2019-11-01 12:12:13.355 UTC: 	 CRABClient version: 3.3.1910.patch2
DEBUG 2019-11-01 12:12:13.355 UTC: 	 Instance is prod
DEBUG 2019-11-01 12:12:13.355 UTC: 	 Server base url is cmsweb.cern.ch
DEBUG 2019-11-01 12:12:13.355 UTC: 	 Command url /crabserver/prod/workflow
DEBUG 2019-11-01 12:12:13.355 UTC: 	 Started submission
DEBUG 2019-11-01 12:12:13.355 UTC: 	 Working on /afs/cern.ch/work/s/sthakur/xRavindra/MiniTree2017Data/CMSSW_10_4_0/src/ExLep2017Crab/crab/CrabMC_20191101/crab_ExLepEEZ_M2500_MC_20191101
DEBUG 2019-11-01 12:12:13.455 UTC: 	 Loading required information from the environment
DEBUG 2019-11-01 12:12:13.455 UTC: 	 Found CMSSW_10_4_0 for slc7_amd64_gcc700 with base /afs/cern.ch/work/s/sthakur/xRavindra/MiniTree2017Data/CMSSW_10_4_0
DEBUG 2019-11-01 12:12:13.455 UTC: 	 Loading required information from the environment
DEBUG 2019-11-01 12:12:13.455 UTC: 	 Found CMSSW_10_4_0 for slc7_amd64_gcc700 with base /afs/cern.ch/work/s/sthakur/xRavindra/MiniTree2017Data/CMSSW_10_4_0
DEBUG 2019-11-01 12:12:13.469 UTC: 	 UNIQUE NAME: tarUUID ef2c7c62-23e1-45be-8db9-d09a3ea26912 
DEBUG 2019-11-01 12:12:13.470 UTC: 	 self.config: from WMCore.Configuration import Configuration
config = Configuration()
config.section_('General')
config.General.workArea = 'CrabMC_20191101'
config.General.transferOutputs = True
config.General.transferLogs = False
config.General.requestName = 'ExLepEEZ_M2500_MC_20191101'
config.section_('JobType')
config.JobType.psetName = '20191101/config/ExLepEEZ_M2500_MC_20191101_cfg.py'
config.JobType.pluginName = 'Analysis'
config.JobType.inputFiles = ['../../ExLep2017Tree/Selection/test/Fall17_V3_MC_PtResolution_AK8PF.txt', '../../ExLep2017Tree/Selection/test/Fall17_V3_MC_SF_AK8PF.txt']
config.JobType.allowUndistributedCMSSW = True
config.JobType.maxMemoryMB = 2000
config.section_('Data')
config.Data.inputDataset = '/ExcitedLepton_EEZ-2500_TuneCP5_13TeV-pythia8/RunIIFall17MiniAODv2-PU2017_12Apr2018_94X_mc2017_realistic_v14-v1/MINIAODSIM'
config.Data.allowNonValidInputDataset = True
config.Data.unitsPerJob = 10
config.Data.inputDBS = 'global'
config.Data.splitting = 'FileBased'
config.Data.outputDatasetTag = 'ExLepEEZ_M2500_MC_20191101'
config.Data.outLFNDirBase = '/store/user/sthakur/ntuple_for2017MC_20191101/MC_20191101/ExLepEEZ_M2500_MC_20191101'
config.section_('Site')
config.Site.storageSite = 'T2_IN_TIFR'
config.section_('User')
config.section_('Debug')

DEBUG 2019-11-01 12:12:13.470 UTC: 	 self.config.JobType.psetName: 20191101/config/ExLepEEZ_M2500_MC_20191101_cfg.py
INFO 2019-11-01 12:12:13.470 UTC: 	 Importing CMSSW configuration 20191101/config/ExLepEEZ_M2500_MC_20191101_cfg.py
INFO 2019-11-01 12:12:13.674 UTC: 	 Finished importing CMSSW configuration 20191101/config/ExLepEEZ_M2500_MC_20191101_cfg.py
DEBUG 2019-11-01 12:12:13.675 UTC: 	 Writing CMSSW configuration to /afs/cern.ch/work/s/sthakur/xRavindra/MiniTree2017Data/CMSSW_10_4_0/src/ExLep2017Crab/crab/CrabMC_20191101/crab_ExLepEEZ_M2500_MC_20191101/inputs/PSet.py
DEBUG 2019-11-01 12:12:13.719 UTC: 	 The following EDM output files will be collected: []
DEBUG 2019-11-01 12:12:13.719 UTC: 	 The following TFile output files will be collected: ['ExLepEEZ_M2500_MC_20191101_Ntuple.root']
DEBUG 2019-11-01 12:12:13.719 UTC: 	 The following user output files (not listed as PoolOuputModule or TFileService in the CMSSW PSet) will be collected: 
DEBUG 2019-11-01 12:12:13.719 UTC: 	 Loading required information from the environment
DEBUG 2019-11-01 12:12:13.719 UTC: 	 Found CMSSW_10_4_0 for slc7_amd64_gcc700 with base /afs/cern.ch/work/s/sthakur/xRavindra/MiniTree2017Data/CMSSW_10_4_0
DEBUG 2019-11-01 12:12:13.719 UTC: 	 Making tarball in /afs/cern.ch/work/s/sthakur/xRavindra/MiniTree2017Data/CMSSW_10_4_0/src/ExLep2017Crab/crab/CrabMC_20191101/crab_ExLepEEZ_M2500_MC_20191101/inputs/ef2c7c62-23e1-45be-8db9-d09a3ea26912default.tgz
DEBUG 2019-11-01 12:12:13.720 UTC: 	 Checking directory /afs/cern.ch/work/s/sthakur/xRavindra/MiniTree2017Data/CMSSW_10_4_0/lib
DEBUG 2019-11-01 12:12:13.721 UTC: 	 Adding directory /afs/cern.ch/work/s/sthakur/xRavindra/MiniTree2017Data/CMSSW_10_4_0/lib to tarball
DEBUG 2019-11-01 12:12:13.733 UTC: 	 Checking directory /afs/cern.ch/work/s/sthakur/xRavindra/MiniTree2017Data/CMSSW_10_4_0/biglib
DEBUG 2019-11-01 12:12:13.733 UTC: 	 Adding directory /afs/cern.ch/work/s/sthakur/xRavindra/MiniTree2017Data/CMSSW_10_4_0/biglib to tarball
DEBUG 2019-11-01 12:12:13.734 UTC: 	 Checking directory /afs/cern.ch/work/s/sthakur/xRavindra/MiniTree2017Data/CMSSW_10_4_0/module
DEBUG 2019-11-01 12:12:13.744 UTC: 	 Adding data directory /afs/cern.ch/work/s/sthakur/xRavindra/MiniTree2017Data/CMSSW_10_4_0/src/ExLep2017Tree/Selection/interface to tarball
DEBUG 2019-11-01 12:12:13.756 UTC: 	 Adding file ../../ExLep2017Tree/Selection/test/Fall17_V3_MC_PtResolution_AK8PF.txt to tarball
DEBUG 2019-11-01 12:12:13.757 UTC: 	 Adding file ../../ExLep2017Tree/Selection/test/Fall17_V3_MC_SF_AK8PF.txt to tarball
DEBUG 2019-11-01 12:12:13.867 UTC: 	 Uploading archive /afs/cern.ch/work/s/sthakur/xRavindra/MiniTree2017Data/CMSSW_10_4_0/src/ExLep2017Crab/crab/CrabMC_20191101/crab_ExLepEEZ_M2500_MC_20191101/inputs/ef2c7c62-23e1-45be-8db9-d09a3ea26912default.tgz (239 KB) to the CRAB cache. Using URI https://cmsweb.cern.ch/crabcache
DEBUG 2019-11-01 12:12:14.222 UTC: 	 Loading required information from the environment
DEBUG 2019-11-01 12:12:14.222 UTC: 	 Found CMSSW_10_4_0 for slc7_amd64_gcc700 with base /afs/cern.ch/work/s/sthakur/xRavindra/MiniTree2017Data/CMSSW_10_4_0
DEBUG 2019-11-01 12:12:14.222 UTC: 	 Making tarball in /afs/cern.ch/work/s/sthakur/xRavindra/MiniTree2017Data/CMSSW_10_4_0/src/ExLep2017Crab/crab/CrabMC_20191101/crab_ExLepEEZ_M2500_MC_20191101/inputs/debugFiles.tgz
DEBUG 2019-11-01 12:12:14.231 UTC: 	 Uploading archive /afs/cern.ch/work/s/sthakur/xRavindra/MiniTree2017Data/CMSSW_10_4_0/src/ExLep2017Crab/crab/CrabMC_20191101/crab_ExLepEEZ_M2500_MC_20191101/inputs/debugFiles.tgz (2 KB) to the CRAB cache. Using URI https://cmsweb.cern.ch/crabcache
DEBUG 2019-11-01 12:12:14.309 UTC: 	 Result uploading input files: 8e3badb8b69516df080920696c510f4ac6e34af34aa9205d9cd49c07c6cf323f.tar.gz 
WARNING 2019-11-01 12:12:14.310 UTC: 	 Warning: The following output files will not be published, as they are not EDM files: ['ExLepEEZ_M2500_MC_20191101_Ntuple.root']
INFO 2019-11-01 12:12:14.310 UTC: 	 Sending the request to the server at cmsweb.cern.ch
DEBUG 2019-11-01 12:12:14.310 UTC: 	 Submitting {'maxjobruntime': 1250, 'extrajdl': [], 'ignorelocality': 0, 'savelogsflag': 0, 'useparent': 0, 'asyncdest': 'T2_IN_TIFR', 'algoargs': 10, 'cachefilename': '8e3badb8b69516df080920696c510f4ac6e34af34aa9205d9cd49c07c6cf323f.tar.gz', 'numcores': 1, 'addoutputfiles': [], 'generator': 'pythia', 'maxmemory': 2000, 'publishdbsurl': 'https://cmsweb.cern.ch/dbs/prod/phys03/DBSWriter', 'priority': 10, 'jobsw': 'CMSSW_10_4_0', 'edmoutfiles': [], 'userfiles': [], 'primarydataset': '', 'inputdata': '/ExcitedLepton_EEZ-2500_TuneCP5_13TeV-pythia8/RunIIFall17MiniAODv2-PU2017_12Apr2018_94X_mc2017_realistic_v14-v1/MINIAODSIM', 'lfn': '/store/user/sthakur/ntuple_for2017MC_20191101/MC_20191101/ExLepEEZ_M2500_MC_20191101', 'dryrun': 0, 'workflow': 'crab_ExLepEEZ_M2500_MC_20191101', 'cacheurl': u'https://cmsweb.cern.ch/crabcache', 'nonprodsw': 1, 'tfileoutfiles': ['ExLepEEZ_M2500_MC_20191101_Ntuple.root'], 'oneEventMode': 0, 'debugfilename': '73bab1d337093513186ee99faa92503674c84405e77f952ac00fa4ae19a29738.tar.gz', 'saveoutput': 1, 'publication': 1, 'jobarch': 'slc7_amd64_gcc700', 'totalunits': 0, 'splitalgo': 'FileBased', 'ignoreglobalblacklist': 0, 'nonvaliddata': 1, 'dbsurl': 'https://cmsweb.cern.ch/dbs/prod/global/DBSReader', 'publishgroupname': 0, 'jobtype': 'Analysis', 'publishname2': 'ExLepEEZ_M2500_MC_20191101'} 
DEBUG 2019-11-01 12:12:14.310 UTC: 	 Encoded submit request: maxjobruntime=1250&ignorelocality=0&savelogsflag=0&useparent=0&asyncdest=T2_IN_TIFR&algoargs=10&cachefilename=8e3badb8b69516df080920696c510f4ac6e34af34aa9205d9cd49c07c6cf323f.tar.gz&numcores=1&generator=pythia&maxmemory=2000&publishdbsurl=https%3A%2F%2Fcmsweb.cern.ch%2Fdbs%2Fprod%2Fphys03%2FDBSWriter&priority=10&jobsw=CMSSW_10_4_0&primarydataset=&inputdata=%2FExcitedLepton_EEZ-2500_TuneCP5_13TeV-pythia8%2FRunIIFall17MiniAODv2-PU2017_12Apr2018_94X_mc2017_realistic_v14-v1%2FMINIAODSIM&lfn=%2Fstore%2Fuser%2Fsthakur%2Fntuple_for2017MC_20191101%2FMC_20191101%2FExLepEEZ_M2500_MC_20191101&dryrun=0&workflow=crab_ExLepEEZ_M2500_MC_20191101&cacheurl=https%3A%2F%2Fcmsweb.cern.ch%2Fcrabcache&nonprodsw=1&oneEventMode=0&debugfilename=73bab1d337093513186ee99faa92503674c84405e77f952ac00fa4ae19a29738.tar.gz&saveoutput=1&publication=1&jobarch=slc7_amd64_gcc700&totalunits=0&splitalgo=FileBased&ignoreglobalblacklist=0&nonvaliddata=1&dbsurl=https%3A%2F%2Fcmsweb.cern.ch%2Fdbs%2Fprod%2Fglobal%2FDBSReader&publishgroupname=0&jobtype=Analysis&publishname2=ExLepEEZ_M2500_MC_20191101&tfileoutfiles=ExLepEEZ_M2500_MC_20191101_Ntuple.root
DEBUG 2019-11-01 12:12:14.429 UTC: 	 Result: {u'result': [{u'RequestName': u'191101_121214:sthakur_crab_ExLepEEZ_M2500_MC_20191101'}]}
INFO 2019-11-01 12:12:14.431 UTC: 	 Success: Your task has been delivered to the prod CRAB3 server.
INFO 2019-11-01 12:12:14.432 UTC: 	 Task name: 191101_121214:sthakur_crab_ExLepEEZ_M2500_MC_20191101
INFO 2019-11-01 12:12:14.432 UTC: 	 Project dir: CrabMC_20191101/crab_ExLepEEZ_M2500_MC_20191101
INFO 2019-11-01 12:12:14.432 UTC: 	 Please use 'crab status -d CrabMC_20191101/crab_ExLepEEZ_M2500_MC_20191101' to check how the submission process proceeds.
DEBUG 2019-11-01 12:12:14.432 UTC: 	 About to return
DEBUG 2019-11-01 12:48:27.134 UTC: 	 Running on: Linux lxplus707.cern.ch 3.10.0-1062.1.2.el7.x86_64 #1 SMP Mon Sep 30 14:19:46 UTC 2019 x86_64 x86_64 x86_64 GNU/Linux
Description:	CentOS Linux release 7.7.1908 (Core) 

DEBUG 2019-11-01 12:48:27.135 UTC: 	 Executing command: 'status'
DEBUG 2019-11-01 12:48:27.135 UTC: 	 Found CRAB cache file /afs/cern.ch/user/s/sthakur/.crab3
DEBUG 2019-11-01 12:48:27.147 UTC: 	 Checking credentials
DEBUG 2019-11-01 12:48:27.147 UTC: 	 Found proxy file /tmp/x509up_u77410
DEBUG 2019-11-01 12:48:27.147 UTC: 	 Getting proxy life time left
DEBUG 2019-11-01 12:48:27.852 UTC: 	 Executing : 
 command : voms-proxy-info -file /tmp/x509up_u77410 -timeleft
 output : 40891

 error: 
 retcode : 0
DEBUG 2019-11-01 12:48:28.560 UTC: 	 Executing : 
 command : voms-proxy-info -file /tmp/x509up_u77410 -actimeleft
 output : 40890

 error: 
 retcode : 0
DEBUG 2019-11-01 12:48:28.560 UTC: 	 Proxy lifetime 40891 secs is different from voms extension lifetime 40890 secs for proxy: /tmp/x509up_u77410
DEBUG 2019-11-01 12:48:28.560 UTC: 	 Proxy valid for 11:21:30 hours
DEBUG 2019-11-01 12:48:28.775 UTC: 	 Executing : 
 command : openssl x509 -in ~/.globus/usercert.pem -subject -noout
 output : subject= /DC=ch/DC=cern/OU=Organic Units/OU=Users/CN=sthakur/CN=764789/CN=Shalini Thakur

 error: 
 retcode : 0
DEBUG 2019-11-01 12:48:28.775 UTC: 	 Checking credentials
DEBUG 2019-11-01 12:48:28.775 UTC: 	 Found proxy file /tmp/x509up_u77410
DEBUG 2019-11-01 12:48:28.775 UTC: 	 Getting proxy life time left
DEBUG 2019-11-01 12:48:29.381 UTC: 	 Executing : 
 command : voms-proxy-info -file /tmp/x509up_u77410 -timeleft
 output : 40889

 error: 
 retcode : 0
DEBUG 2019-11-01 12:48:30.088 UTC: 	 Executing : 
 command : voms-proxy-info -file /tmp/x509up_u77410 -actimeleft
 output : 40889

 error: 
 retcode : 0
DEBUG 2019-11-01 12:48:30.088 UTC: 	 Proxy valid for 11:21:29 hours
DEBUG 2019-11-01 12:48:30.165 UTC: 	 Registering user credentials for server /DC=ch/DC=cern/OU=computers/CN=vocms(052|058|030|0118|0105|0109).cern.ch|/DC=ch/DC=cern/OU=computers/CN=crab-(preprod|prod)-tw(02|01).cern.ch
DEBUG 2019-11-01 12:48:30.275 UTC: 	 Executing : 
 command : openssl x509 -in ~/.globus/usercert.pem -subject -noout
 output : subject= /DC=ch/DC=cern/OU=Organic Units/OU=Users/CN=sthakur/CN=764789/CN=Shalini Thakur

 error: 
 retcode : 0
DEBUG 2019-11-01 12:48:30.275 UTC: 	 Getting myproxy life time left for myproxy.cern.ch
DEBUG 2019-11-01 12:48:30.275 UTC: 	 Calculating hash of /DC=ch/DC=cern/OU=Organic Units/OU=Users/CN=sthakur/CN=764789/CN=Shalini Thakur_cmsweb.cern.ch for credential name
DEBUG 2019-11-01 12:48:30.580 UTC: 	 Executing : 
 command : myproxy-info -l 9cd94953387eeee7bf4da2b7588630639ea1153b -s myproxy.cern.ch
 output : username: 9cd94953387eeee7bf4da2b7588630639ea1153b
owner: /DC=ch/DC=cern/OU=Organic Units/OU=Users/CN=sthakur/CN=764789/CN=Shalini Thakur
  renewal policy: /DC=ch/DC=cern/OU=computers/CN=vocms(052|058|030|0118|0105|0109).cern.ch|/DC=ch/DC=cern/OU=computers/CN=crab-(preprod|prod)-tw(02|01).cern.ch
  trusted retrieval policy: /DC=ch/DC=cern/OU=computers/CN=vocms(052|058|030|0118|0105|0109).cern.ch|/DC=ch/DC=cern/OU=computers/CN=crab-(preprod|prod)-tw(02|01).cern.ch
  timeleft: 557:49:30  (23.2 days)

 error: 
 retcode : 0
DEBUG 2019-11-01 12:48:30.581 UTC: 	 Myproxy is valid: 2008170
DEBUG 2019-11-01 12:48:30.582 UTC: 	 Command use: status
DEBUG 2019-11-01 12:48:30.582 UTC: 	 Options use: ['--verboseErrors', 'CrabMC_20191101/crab_ExLepEEZ_M2500_MC_20191101']
DEBUG 2019-11-01 12:48:30.742 UTC: 	 CRABClient version: 3.3.1910.patch2
DEBUG 2019-11-01 12:48:30.742 UTC: 	 Instance is prod
DEBUG 2019-11-01 12:48:30.742 UTC: 	 Server base url is cmsweb.cern.ch
DEBUG 2019-11-01 12:48:30.742 UTC: 	 Command url /crabserver/prod/workflow
DEBUG 2019-11-01 12:48:31.030 UTC: 	 Got information from server oracle database: {u'result': [u'191101_121214:sthakur_crab_ExLepEEZ_M2500_MC_20191101', u'None', u'None', u'SUBMITTED', u'SUBMIT', u'2019-11-01 12:12:14.421169', u'None', u'2019-11-01 12:13:18.685581', u'None', u'CMSSW_10_4_0', u'slc7_amd64_gcc700', u'/ExcitedLepton_EEZ-2500_TuneCP5_13TeV-pythia8/RunIIFall17MiniAODv2-PU2017_12Apr2018_94X_mc2017_realistic_v14-v1/MINIAODSIM', u'T', u'0', u'[]', u'[]', u'FileBased', u"{'splitOnRun': False, 'halt_job_on_file_boundaries': False, 'files_per_job': 10, 'runs': [], 'lumis': []}", u'8e3badb8b69516df080920696c510f4ac6e34af34aa9205d9cd49c07c6cf323f.tar.gz', u'https://cmsweb.cern.ch/crabcache', u'sthakur', u'/DC=ch/DC=cern/OU=Organic Units/OU=Users/CN=sthakur/CN=764789/CN=Shalini Thakur', u'cms', u'None', u'None', u'ExLepEEZ_M2500_MC_20191101-00000000000000000000000000000000', u'F', u'T2_IN_TIFR', u'https://cmsweb.cern.ch/dbs/prod/global/DBSReader', u'https://cmsweb.cern.ch/dbs/prod/phys03/DBSWriter', u'T', u'[]', u"['ExLepEEZ_M2500_MC_20191101_Ntuple.root']", u'[]', u'Analysis', u'pythia', u'None', u'{}', u'[]', u'F', u'crab-prod-tw01', u'[]', u'1250', u'1', u'2000', u'10', u'None', u'[]', u'http://vocms0198.cern.ch/mon/cms251/191101_121214:sthakur_crab_ExLepEEZ_M2500_MC_20191101', u'None', u'[]', u'[]', u'https://cmsweb.cern.ch/crabserver/prod', u'cmsgwms-collector-global.cern.ch:9620,cmssrv623.fnal.gov:9620', u'crab3@vocms0198.cern.ch', u'F', u'[]', u'T', u'/store/user/sthakur/ntuple_for2017MC_20191101/MC_20191101/ExLepEEZ_M2500_MC_20191101', u'F', u'None', u'F', u'None', u'ExcitedLepton_EEZ-2500_TuneCP5_13TeV-pythia8', u'None', u'73bab1d337093513186ee99faa92503674c84405e77f952ac00fa4ae19a29738.tar.gz', u'40369638', u'filetransfers', u'F', u'2001:1458:d00:2e::100:9b', u'0.0', u'None'], u'desc': {u'columns': [u'tm_taskname', u'tm_activity', u'panda_jobset_id', u'tm_task_status', u'tm_task_command', u'tm_start_time', u'tm_start_injection', u'tm_end_injection', u'tm_task_failure', u'tm_job_sw', u'tm_job_arch', u'tm_input_dataset', u'tm_nonvalid_input_dataset', u'tm_use_parent', u'tm_site_whitelist', u'tm_site_blacklist', u'tm_split_algo', u'tm_split_args', u'tm_user_sandbox', u'tm_cache_url', u'tm_username', u'tm_user_dn', u'tm_user_vo', u'tm_user_role', u'tm_user_group', u'tm_publish_name', u'tm_publish_groupname', u'tm_asyncdest', u'tm_dbs_url', u'tm_publish_dbs_url', u'tm_publication', u'tm_outfiles', u'tm_tfile_outfiles', u'tm_edm_outfiles', u'tm_job_type', u'tm_generator', u'tm_events_per_lumi', u'tm_arguments', u'panda_resubmitted_jobs', u'tm_save_logs', u'tw_name', u'tm_user_infiles', u'tm_maxjobruntime', u'tm_numcores', u'tm_maxmemory', u'tm_priority', u'tm_output_dataset', u'tm_task_warnings', u'tm_user_webdir', u'tm_scriptexe', u'tm_scriptargs', u'tm_extrajdl', u'tm_asourl', u'tm_collector', u'tm_schedd', u'tm_dry_run', u'tm_user_files', u'tm_transfer_outputs', u'tm_output_lfn', u'tm_ignore_locality', u'tm_fail_limit', u'tm_one_event_mode', u'tm_secondary_input_dataset', u'tm_primary_dataset', u'tm_last_publication', u'tm_debug_files', u'clusterid', u'tm_asodb', u'tm_ignore_global_blacklist', u'tm_submitter_ip_addr', u'tm_totalunits', u'tm_ddm_reqid']}}
INFO 2019-11-01 12:48:31.031 UTC: 	 CRAB project directory:		/afs/cern.ch/work/s/sthakur/xRavindra/MiniTree2017Data/CMSSW_10_4_0/src/ExLep2017Crab/crab/CrabMC_20191101/crab_ExLepEEZ_M2500_MC_20191101
INFO 2019-11-01 12:48:31.031 UTC: 	 Task name:			191101_121214:sthakur_crab_ExLepEEZ_M2500_MC_20191101
INFO 2019-11-01 12:48:31.031 UTC: 	 Grid scheduler - Task Worker:	crab3@vocms0198.cern.ch - crab-prod-tw01
INFO 2019-11-01 12:48:31.031 UTC: 	 Status on the CRAB server:	SUBMITTED
INFO 2019-11-01 12:48:31.031 UTC: 	 Task URL to use for HELP:	https://cmsweb.cern.ch/crabserver/ui/task/191101_121214%3Asthakur_crab_ExLepEEZ_M2500_MC_20191101
INFO 2019-11-01 12:48:31.031 UTC: 	 Dashboard monitoring URL:	https://monit-grafana.cern.ch/d/cmsTMDetail/cms-task-monitoring-task-view?orgId=11&var-user=sthakur&var-task=191101_121214%3Asthakur_crab_ExLepEEZ_M2500_MC_20191101
INFO 2019-11-01 12:48:31.031 UTC: 	 In case of issues with the dashboard, please provide feedback to hn-cms-computing-tools@cern.ch
DEBUG 2019-11-01 12:48:31.031 UTC: 	 The CRAB server submitted your task to the Grid scheduler (cluster ID: 40369638)
DEBUG 2019-11-01 12:48:31.031 UTC: 	 Webdir is located at http://vocms0198.cern.ch/mon/cms251/191101_121214:sthakur_crab_ExLepEEZ_M2500_MC_20191101
DEBUG 2019-11-01 12:48:31.109 UTC: 	 Proxied webdir is located at https://cmsweb.cern.ch/scheddmon/0198/cms251/191101_121214:sthakur_crab_ExLepEEZ_M2500_MC_20191101
DEBUG 2019-11-01 12:48:31.109 UTC: 	 Retrieving 'status_cache' file from https://cmsweb.cern.ch/scheddmon/0198/cms251/191101_121214:sthakur_crab_ExLepEEZ_M2500_MC_20191101/status_cache
DEBUG 2019-11-01 12:48:31.157 UTC: 	 Got information from status cache file: {'1': {'Retries': 0, 'WallDurations': [10.0, 1513.0], 'StartTimes': [1572610642.0], 'SubmitTimes': [1572610413.0], 'JobIds': ['40369686.0'], 'EndTimes': [], 'Restarts': 0, 'RecordedSite': True, 'State': 'running', 'ResidentSetSize': [747632], 'TotalUserCpuTimeHistory': [1177.0], 'SiteHistory': ['Unknown', 'T1_US_FNAL'], 'TotalSysCpuTimeHistory': [31.0]}, '2': {'Retries': 0, 'WallDurations': [9.0, 808.0], 'StartTimes': [1572610655.0], 'SubmitTimes': [1572610413.0], 'JobIds': ['40369688.0'], 'EndTimes': [1572611463.0], 'Restarts': 0, 'RecordedSite': True, 'State': 'transferring', 'ResidentSetSize': [857292], 'TotalUserCpuTimeHistory': [496], 'SiteHistory': ['Unknown', 'T1_US_FNAL'], 'TotalSysCpuTimeHistory': [16]}}
INFO 2019-11-01 12:48:31.157 UTC: 	 Status on the scheduler:	SUBMITTED
INFO 2019-11-01 12:48:31.158 UTC: 	 
Jobs status:                    running      		 50.0% (1/2)
INFO 2019-11-01 12:48:31.158 UTC: 	 				transferring 		 50.0% (1/2)
INFO 2019-11-01 12:48:31.158 UTC: 	 
No publication information available yet
INFO 2019-11-01 12:48:31.158 UTC: 	 
Warning: the max jobs runtime is less than 30% of the task requested value (1250 min), please consider to request a lower value for failed jobs (allowed through crab resubmit) and/or improve the jobs splitting (e.g. config.Data.splitting = 'Automatic') in a new task.
INFO 2019-11-01 12:48:31.158 UTC: 	 
Summary of run jobs:
 * Memory: 730MB min, 837MB max, 837MB ave
 * Runtime: 0:13:28 min, 0:13:28 max, 0:13:28 ave
 * CPU eff: 63% min, 63% max, 63% ave
 * Waste: 0:00:09 (1% of total)

INFO 2019-11-01 12:48:31.168 UTC: 	 Log file is /afs/cern.ch/work/s/sthakur/xRavindra/MiniTree2017Data/CMSSW_10_4_0/src/ExLep2017Crab/crab/CrabMC_20191101/crab_ExLepEEZ_M2500_MC_20191101/crab.log
DEBUG 2019-11-01 16:55:05.486 UTC: 	 Running on: Linux lxplus721.cern.ch 3.10.0-1062.1.2.el7.x86_64 #1 SMP Mon Sep 30 14:19:46 UTC 2019 x86_64 x86_64 x86_64 GNU/Linux
Description:	CentOS Linux release 7.7.1908 (Core) 

DEBUG 2019-11-01 16:55:05.486 UTC: 	 Executing command: 'status'
DEBUG 2019-11-01 16:55:05.487 UTC: 	 Found CRAB cache file /afs/cern.ch/user/s/sthakur/.crab3
DEBUG 2019-11-01 16:55:05.497 UTC: 	 Checking credentials
DEBUG 2019-11-01 16:55:05.497 UTC: 	 Found proxy file /tmp/x509up_u77410
DEBUG 2019-11-01 16:55:05.497 UTC: 	 Getting proxy life time left
DEBUG 2019-11-01 16:55:06.203 UTC: 	 Executing : 
 command : voms-proxy-info -file /tmp/x509up_u77410 -timeleft
 output : 43122

 error: 
 retcode : 0
DEBUG 2019-11-01 16:55:06.910 UTC: 	 Executing : 
 command : voms-proxy-info -file /tmp/x509up_u77410 -actimeleft
 output : 43122

 error: 
 retcode : 0
DEBUG 2019-11-01 16:55:06.910 UTC: 	 Proxy valid for 11:58:42 hours
DEBUG 2019-11-01 16:55:07.113 UTC: 	 Executing : 
 command : openssl x509 -in ~/.globus/usercert.pem -subject -noout
 output : subject= /DC=ch/DC=cern/OU=Organic Units/OU=Users/CN=sthakur/CN=764789/CN=Shalini Thakur

 error: 
 retcode : 0
DEBUG 2019-11-01 16:55:07.114 UTC: 	 Checking credentials
DEBUG 2019-11-01 16:55:07.114 UTC: 	 Found proxy file /tmp/x509up_u77410
DEBUG 2019-11-01 16:55:07.114 UTC: 	 Getting proxy life time left
DEBUG 2019-11-01 16:55:07.828 UTC: 	 Executing : 
 command : voms-proxy-info -file /tmp/x509up_u77410 -timeleft
 output : 43121

 error: 
 retcode : 0
DEBUG 2019-11-01 16:55:08.437 UTC: 	 Executing : 
 command : voms-proxy-info -file /tmp/x509up_u77410 -actimeleft
 output : 43120

 error: 
 retcode : 0
DEBUG 2019-11-01 16:55:08.437 UTC: 	 Proxy lifetime 43121 secs is different from voms extension lifetime 43120 secs for proxy: /tmp/x509up_u77410
DEBUG 2019-11-01 16:55:08.437 UTC: 	 Proxy valid for 11:58:40 hours
DEBUG 2019-11-01 16:55:08.514 UTC: 	 Registering user credentials for server /DC=ch/DC=cern/OU=computers/CN=vocms(052|058|030|0118|0105|0109).cern.ch|/DC=ch/DC=cern/OU=computers/CN=crab-(preprod|prod)-tw(02|01).cern.ch
DEBUG 2019-11-01 16:55:08.625 UTC: 	 Executing : 
 command : openssl x509 -in ~/.globus/usercert.pem -subject -noout
 output : subject= /DC=ch/DC=cern/OU=Organic Units/OU=Users/CN=sthakur/CN=764789/CN=Shalini Thakur

 error: 
 retcode : 0
DEBUG 2019-11-01 16:55:08.626 UTC: 	 Getting myproxy life time left for myproxy.cern.ch
DEBUG 2019-11-01 16:55:08.626 UTC: 	 Calculating hash of /DC=ch/DC=cern/OU=Organic Units/OU=Users/CN=sthakur/CN=764789/CN=Shalini Thakur_cmsweb.cern.ch for credential name
DEBUG 2019-11-01 16:55:09.231 UTC: 	 Executing : 
 command : myproxy-info -l 9cd94953387eeee7bf4da2b7588630639ea1153b -s myproxy.cern.ch
 output : username: 9cd94953387eeee7bf4da2b7588630639ea1153b
owner: /DC=ch/DC=cern/OU=Organic Units/OU=Users/CN=sthakur/CN=764789/CN=Shalini Thakur
  renewal policy: /DC=ch/DC=cern/OU=computers/CN=vocms(052|058|030|0118|0105|0109).cern.ch|/DC=ch/DC=cern/OU=computers/CN=crab-(preprod|prod)-tw(02|01).cern.ch
  trusted retrieval policy: /DC=ch/DC=cern/OU=computers/CN=vocms(052|058|030|0118|0105|0109).cern.ch|/DC=ch/DC=cern/OU=computers/CN=crab-(preprod|prod)-tw(02|01).cern.ch
  timeleft: 553:42:51  (23.1 days)

 error: 
 retcode : 0
DEBUG 2019-11-01 16:55:09.232 UTC: 	 Myproxy is valid: 1993371
DEBUG 2019-11-01 16:55:09.233 UTC: 	 Command use: status
DEBUG 2019-11-01 16:55:09.233 UTC: 	 Options use: ['--verboseErrors', 'CrabMC_20191101/crab_ExLepEEZ_M2500_MC_20191101']
DEBUG 2019-11-01 16:55:09.317 UTC: 	 CRABClient version: 3.3.1910.patch2
DEBUG 2019-11-01 16:55:09.317 UTC: 	 Instance is prod
DEBUG 2019-11-01 16:55:09.317 UTC: 	 Server base url is cmsweb.cern.ch
DEBUG 2019-11-01 16:55:09.317 UTC: 	 Command url /crabserver/prod/workflow
DEBUG 2019-11-01 16:55:09.414 UTC: 	 Got information from server oracle database: {u'result': [u'191101_121214:sthakur_crab_ExLepEEZ_M2500_MC_20191101', u'None', u'None', u'SUBMITTED', u'SUBMIT', u'2019-11-01 12:12:14.421169', u'None', u'2019-11-01 12:13:18.685581', u'None', u'CMSSW_10_4_0', u'slc7_amd64_gcc700', u'/ExcitedLepton_EEZ-2500_TuneCP5_13TeV-pythia8/RunIIFall17MiniAODv2-PU2017_12Apr2018_94X_mc2017_realistic_v14-v1/MINIAODSIM', u'T', u'0', u'[]', u'[]', u'FileBased', u"{'splitOnRun': False, 'halt_job_on_file_boundaries': False, 'files_per_job': 10, 'runs': [], 'lumis': []}", u'8e3badb8b69516df080920696c510f4ac6e34af34aa9205d9cd49c07c6cf323f.tar.gz', u'https://cmsweb.cern.ch/crabcache', u'sthakur', u'/DC=ch/DC=cern/OU=Organic Units/OU=Users/CN=sthakur/CN=764789/CN=Shalini Thakur', u'cms', u'None', u'None', u'ExLepEEZ_M2500_MC_20191101-00000000000000000000000000000000', u'F', u'T2_IN_TIFR', u'https://cmsweb.cern.ch/dbs/prod/global/DBSReader', u'https://cmsweb.cern.ch/dbs/prod/phys03/DBSWriter', u'T', u'[]', u"['ExLepEEZ_M2500_MC_20191101_Ntuple.root']", u'[]', u'Analysis', u'pythia', u'None', u'{}', u'[]', u'F', u'crab-prod-tw01', u'[]', u'1250', u'1', u'2000', u'10', u'None', u'[]', u'http://vocms0198.cern.ch/mon/cms251/191101_121214:sthakur_crab_ExLepEEZ_M2500_MC_20191101', u'None', u'[]', u'[]', u'https://cmsweb.cern.ch/crabserver/prod', u'cmsgwms-collector-global.cern.ch:9620,cmssrv623.fnal.gov:9620', u'crab3@vocms0198.cern.ch', u'F', u'[]', u'T', u'/store/user/sthakur/ntuple_for2017MC_20191101/MC_20191101/ExLepEEZ_M2500_MC_20191101', u'F', u'None', u'F', u'None', u'ExcitedLepton_EEZ-2500_TuneCP5_13TeV-pythia8', u'None', u'73bab1d337093513186ee99faa92503674c84405e77f952ac00fa4ae19a29738.tar.gz', u'40369638', u'filetransfers', u'F', u'2001:1458:d00:2e::100:9b', u'0.0', u'None'], u'desc': {u'columns': [u'tm_taskname', u'tm_activity', u'panda_jobset_id', u'tm_task_status', u'tm_task_command', u'tm_start_time', u'tm_start_injection', u'tm_end_injection', u'tm_task_failure', u'tm_job_sw', u'tm_job_arch', u'tm_input_dataset', u'tm_nonvalid_input_dataset', u'tm_use_parent', u'tm_site_whitelist', u'tm_site_blacklist', u'tm_split_algo', u'tm_split_args', u'tm_user_sandbox', u'tm_cache_url', u'tm_username', u'tm_user_dn', u'tm_user_vo', u'tm_user_role', u'tm_user_group', u'tm_publish_name', u'tm_publish_groupname', u'tm_asyncdest', u'tm_dbs_url', u'tm_publish_dbs_url', u'tm_publication', u'tm_outfiles', u'tm_tfile_outfiles', u'tm_edm_outfiles', u'tm_job_type', u'tm_generator', u'tm_events_per_lumi', u'tm_arguments', u'panda_resubmitted_jobs', u'tm_save_logs', u'tw_name', u'tm_user_infiles', u'tm_maxjobruntime', u'tm_numcores', u'tm_maxmemory', u'tm_priority', u'tm_output_dataset', u'tm_task_warnings', u'tm_user_webdir', u'tm_scriptexe', u'tm_scriptargs', u'tm_extrajdl', u'tm_asourl', u'tm_collector', u'tm_schedd', u'tm_dry_run', u'tm_user_files', u'tm_transfer_outputs', u'tm_output_lfn', u'tm_ignore_locality', u'tm_fail_limit', u'tm_one_event_mode', u'tm_secondary_input_dataset', u'tm_primary_dataset', u'tm_last_publication', u'tm_debug_files', u'clusterid', u'tm_asodb', u'tm_ignore_global_blacklist', u'tm_submitter_ip_addr', u'tm_totalunits', u'tm_ddm_reqid']}}
INFO 2019-11-01 16:55:09.415 UTC: 	 CRAB project directory:		/afs/cern.ch/work/s/sthakur/xRavindra/MiniTree2017Data/CMSSW_10_4_0/src/ExLep2017Crab/crab/CrabMC_20191101/crab_ExLepEEZ_M2500_MC_20191101
INFO 2019-11-01 16:55:09.415 UTC: 	 Task name:			191101_121214:sthakur_crab_ExLepEEZ_M2500_MC_20191101
INFO 2019-11-01 16:55:09.415 UTC: 	 Grid scheduler - Task Worker:	crab3@vocms0198.cern.ch - crab-prod-tw01
INFO 2019-11-01 16:55:09.415 UTC: 	 Status on the CRAB server:	SUBMITTED
INFO 2019-11-01 16:55:09.415 UTC: 	 Task URL to use for HELP:	https://cmsweb.cern.ch/crabserver/ui/task/191101_121214%3Asthakur_crab_ExLepEEZ_M2500_MC_20191101
INFO 2019-11-01 16:55:09.415 UTC: 	 Dashboard monitoring URL:	https://monit-grafana.cern.ch/d/cmsTMDetail/cms-task-monitoring-task-view?orgId=11&var-user=sthakur&var-task=191101_121214%3Asthakur_crab_ExLepEEZ_M2500_MC_20191101
INFO 2019-11-01 16:55:09.415 UTC: 	 In case of issues with the dashboard, please provide feedback to hn-cms-computing-tools@cern.ch
DEBUG 2019-11-01 16:55:09.415 UTC: 	 The CRAB server submitted your task to the Grid scheduler (cluster ID: 40369638)
DEBUG 2019-11-01 16:55:09.415 UTC: 	 Webdir is located at http://vocms0198.cern.ch/mon/cms251/191101_121214:sthakur_crab_ExLepEEZ_M2500_MC_20191101
DEBUG 2019-11-01 16:55:09.483 UTC: 	 Proxied webdir is located at https://cmsweb.cern.ch/scheddmon/0198/cms251/191101_121214:sthakur_crab_ExLepEEZ_M2500_MC_20191101
DEBUG 2019-11-01 16:55:09.483 UTC: 	 Retrieving 'status_cache' file from https://cmsweb.cern.ch/scheddmon/0198/cms251/191101_121214:sthakur_crab_ExLepEEZ_M2500_MC_20191101/status_cache
DEBUG 2019-11-01 16:55:09.531 UTC: 	 Got information from status cache file: {'1': {'Retries': 0, 'WallDurations': [10.0, 1834.0], 'StartTimes': [1572610642.0], 'SubmitTimes': [1572610413.0], 'JobIds': ['40369686.0'], 'EndTimes': [1572612476.0], 'Restarts': 0, 'RecordedSite': True, 'State': 'finished', 'ResidentSetSize': [747632], 'TotalUserCpuTimeHistory': [1479], 'SiteHistory': ['Unknown', 'T1_US_FNAL'], 'TotalSysCpuTimeHistory': [40]}, '2': {'Retries': 0, 'WallDurations': [9.0, 808.0], 'StartTimes': [1572610655.0], 'SubmitTimes': [1572610413.0], 'JobIds': ['40369688.0'], 'EndTimes': [1572611463.0], 'Restarts': 0, 'RecordedSite': True, 'State': 'finished', 'ResidentSetSize': [857292], 'TotalUserCpuTimeHistory': [496], 'SiteHistory': ['Unknown', 'T1_US_FNAL'], 'TotalSysCpuTimeHistory': [16]}}
INFO 2019-11-01 16:55:09.531 UTC: 	 Status on the scheduler:	COMPLETED
INFO 2019-11-01 16:55:09.531 UTC: 	 
Jobs status:                    finished     		100.0% (2/2)
INFO 2019-11-01 16:55:09.629 UTC: 	 
No publication information available yet
INFO 2019-11-01 16:55:09.630 UTC: 	 
Warning: the max jobs runtime is less than 30% of the task requested value (1250 min), please consider to request a lower value for failed jobs (allowed through crab resubmit) and/or improve the jobs splitting (e.g. config.Data.splitting = 'Automatic') in a new task.
INFO 2019-11-01 16:55:09.630 UTC: 	 
Summary of run jobs:
 * Memory: 730MB min, 837MB max, 784MB ave
 * Runtime: 0:13:28 min, 0:30:34 max, 0:22:01 ave
 * CPU eff: 63% min, 83% max, 77% ave
 * Waste: 0:00:19 (1% of total)

INFO 2019-11-01 16:55:09.663 UTC: 	 Log file is /afs/cern.ch/work/s/sthakur/xRavindra/MiniTree2017Data/CMSSW_10_4_0/src/ExLep2017Crab/crab/CrabMC_20191101/crab_ExLepEEZ_M2500_MC_20191101/crab.log
DEBUG 2019-11-03 17:54:45.168 UTC: 	 Running on: Linux lxplus737.cern.ch 3.10.0-1062.1.2.el7.x86_64 #1 SMP Mon Sep 30 14:19:46 UTC 2019 x86_64 x86_64 x86_64 GNU/Linux
Description:	CentOS Linux release 7.7.1908 (Core) 

DEBUG 2019-11-03 17:54:45.168 UTC: 	 Executing command: 'status'
DEBUG 2019-11-03 17:54:45.168 UTC: 	 Found CRAB cache file /afs/cern.ch/user/s/sthakur/.crab3
DEBUG 2019-11-03 17:54:45.180 UTC: 	 Checking credentials
DEBUG 2019-11-03 17:54:45.180 UTC: 	 Found proxy file /tmp/x509up_u77410
DEBUG 2019-11-03 17:54:45.180 UTC: 	 Getting proxy life time left
DEBUG 2019-11-03 17:54:45.784 UTC: 	 Executing : 
 command : voms-proxy-info -file /tmp/x509up_u77410 -timeleft
 output : 43121

 error: 
 retcode : 0
DEBUG 2019-11-03 17:54:46.491 UTC: 	 Executing : 
 command : voms-proxy-info -file /tmp/x509up_u77410 -actimeleft
 output : 43120

 error: 
 retcode : 0
DEBUG 2019-11-03 17:54:46.491 UTC: 	 Proxy lifetime 43121 secs is different from voms extension lifetime 43120 secs for proxy: /tmp/x509up_u77410
DEBUG 2019-11-03 17:54:46.492 UTC: 	 Proxy valid for 11:58:40 hours
DEBUG 2019-11-03 17:54:47.263 UTC: 	 Executing : 
 command : openssl x509 -in ~/.globus/usercert.pem -subject -noout
 output : subject= /DC=ch/DC=cern/OU=Organic Units/OU=Users/CN=sthakur/CN=764789/CN=Shalini Thakur

 error: 
 retcode : 0
DEBUG 2019-11-03 17:54:47.264 UTC: 	 Checking credentials
DEBUG 2019-11-03 17:54:47.264 UTC: 	 Found proxy file /tmp/x509up_u77410
DEBUG 2019-11-03 17:54:47.264 UTC: 	 Getting proxy life time left
DEBUG 2019-11-03 17:54:47.971 UTC: 	 Executing : 
 command : voms-proxy-info -file /tmp/x509up_u77410 -timeleft
 output : 43119

 error: 
 retcode : 0
DEBUG 2019-11-03 17:54:48.678 UTC: 	 Executing : 
 command : voms-proxy-info -file /tmp/x509up_u77410 -actimeleft
 output : 43118

 error: 
 retcode : 0
DEBUG 2019-11-03 17:54:48.679 UTC: 	 Proxy lifetime 43119 secs is different from voms extension lifetime 43118 secs for proxy: /tmp/x509up_u77410
DEBUG 2019-11-03 17:54:48.679 UTC: 	 Proxy valid for 11:58:38 hours
DEBUG 2019-11-03 17:54:48.793 UTC: 	 Registering user credentials for server /DC=ch/DC=cern/OU=computers/CN=vocms(052|058|030|0118|0105|0109).cern.ch|/DC=ch/DC=cern/OU=computers/CN=crab-(preprod|prod)-tw(02|01).cern.ch
DEBUG 2019-11-03 17:54:48.910 UTC: 	 Executing : 
 command : openssl x509 -in ~/.globus/usercert.pem -subject -noout
 output : subject= /DC=ch/DC=cern/OU=Organic Units/OU=Users/CN=sthakur/CN=764789/CN=Shalini Thakur

 error: 
 retcode : 0
DEBUG 2019-11-03 17:54:48.910 UTC: 	 Getting myproxy life time left for myproxy.cern.ch
DEBUG 2019-11-03 17:54:48.910 UTC: 	 Calculating hash of /DC=ch/DC=cern/OU=Organic Units/OU=Users/CN=sthakur/CN=764789/CN=Shalini Thakur_cmsweb.cern.ch for credential name
DEBUG 2019-11-03 17:54:49.316 UTC: 	 Executing : 
 command : myproxy-info -l 9cd94953387eeee7bf4da2b7588630639ea1153b -s myproxy.cern.ch
 output : username: 9cd94953387eeee7bf4da2b7588630639ea1153b
owner: /DC=ch/DC=cern/OU=Organic Units/OU=Users/CN=sthakur/CN=764789/CN=Shalini Thakur
  renewal policy: /DC=ch/DC=cern/OU=computers/CN=vocms(052|058|030|0118|0105|0109).cern.ch|/DC=ch/DC=cern/OU=computers/CN=crab-(preprod|prod)-tw(02|01).cern.ch
  trusted retrieval policy: /DC=ch/DC=cern/OU=computers/CN=vocms(052|058|030|0118|0105|0109).cern.ch|/DC=ch/DC=cern/OU=computers/CN=crab-(preprod|prod)-tw(02|01).cern.ch
  timeleft: 504:43:11  (21.0 days)

 error: 
 retcode : 0
DEBUG 2019-11-03 17:54:49.317 UTC: 	 Myproxy is valid: 1816991
DEBUG 2019-11-03 17:54:49.318 UTC: 	 Command use: status
DEBUG 2019-11-03 17:54:49.318 UTC: 	 Options use: ['--verboseErrors', 'CrabMC_20191101/crab_ExLepEEZ_M2500_MC_20191101']
DEBUG 2019-11-03 17:54:49.425 UTC: 	 CRABClient version: 3.3.1910.patch2
DEBUG 2019-11-03 17:54:49.425 UTC: 	 Instance is prod
DEBUG 2019-11-03 17:54:49.425 UTC: 	 Server base url is cmsweb.cern.ch
DEBUG 2019-11-03 17:54:49.425 UTC: 	 Command url /crabserver/prod/workflow
DEBUG 2019-11-03 17:54:49.499 UTC: 	 Got information from server oracle database: {u'result': [u'191101_121214:sthakur_crab_ExLepEEZ_M2500_MC_20191101', u'None', u'None', u'SUBMITTED', u'SUBMIT', u'2019-11-01 12:12:14.421169', u'None', u'2019-11-01 12:13:18.685581', u'None', u'CMSSW_10_4_0', u'slc7_amd64_gcc700', u'/ExcitedLepton_EEZ-2500_TuneCP5_13TeV-pythia8/RunIIFall17MiniAODv2-PU2017_12Apr2018_94X_mc2017_realistic_v14-v1/MINIAODSIM', u'T', u'0', u'[]', u'[]', u'FileBased', u"{'splitOnRun': False, 'halt_job_on_file_boundaries': False, 'files_per_job': 10, 'runs': [], 'lumis': []}", u'8e3badb8b69516df080920696c510f4ac6e34af34aa9205d9cd49c07c6cf323f.tar.gz', u'https://cmsweb.cern.ch/crabcache', u'sthakur', u'/DC=ch/DC=cern/OU=Organic Units/OU=Users/CN=sthakur/CN=764789/CN=Shalini Thakur', u'cms', u'None', u'None', u'ExLepEEZ_M2500_MC_20191101-00000000000000000000000000000000', u'F', u'T2_IN_TIFR', u'https://cmsweb.cern.ch/dbs/prod/global/DBSReader', u'https://cmsweb.cern.ch/dbs/prod/phys03/DBSWriter', u'T', u'[]', u"['ExLepEEZ_M2500_MC_20191101_Ntuple.root']", u'[]', u'Analysis', u'pythia', u'None', u'{}', u'[]', u'F', u'crab-prod-tw01', u'[]', u'1250', u'1', u'2000', u'10', u'None', u'[]', u'http://vocms0198.cern.ch/mon/cms251/191101_121214:sthakur_crab_ExLepEEZ_M2500_MC_20191101', u'None', u'[]', u'[]', u'https://cmsweb.cern.ch/crabserver/prod', u'cmsgwms-collector-global.cern.ch:9620,cmssrv623.fnal.gov:9620', u'crab3@vocms0198.cern.ch', u'F', u'[]', u'T', u'/store/user/sthakur/ntuple_for2017MC_20191101/MC_20191101/ExLepEEZ_M2500_MC_20191101', u'F', u'None', u'F', u'None', u'ExcitedLepton_EEZ-2500_TuneCP5_13TeV-pythia8', u'None', u'73bab1d337093513186ee99faa92503674c84405e77f952ac00fa4ae19a29738.tar.gz', u'40369638', u'filetransfers', u'F', u'2001:1458:d00:2e::100:9b', u'0.0', u'None'], u'desc': {u'columns': [u'tm_taskname', u'tm_activity', u'panda_jobset_id', u'tm_task_status', u'tm_task_command', u'tm_start_time', u'tm_start_injection', u'tm_end_injection', u'tm_task_failure', u'tm_job_sw', u'tm_job_arch', u'tm_input_dataset', u'tm_nonvalid_input_dataset', u'tm_use_parent', u'tm_site_whitelist', u'tm_site_blacklist', u'tm_split_algo', u'tm_split_args', u'tm_user_sandbox', u'tm_cache_url', u'tm_username', u'tm_user_dn', u'tm_user_vo', u'tm_user_role', u'tm_user_group', u'tm_publish_name', u'tm_publish_groupname', u'tm_asyncdest', u'tm_dbs_url', u'tm_publish_dbs_url', u'tm_publication', u'tm_outfiles', u'tm_tfile_outfiles', u'tm_edm_outfiles', u'tm_job_type', u'tm_generator', u'tm_events_per_lumi', u'tm_arguments', u'panda_resubmitted_jobs', u'tm_save_logs', u'tw_name', u'tm_user_infiles', u'tm_maxjobruntime', u'tm_numcores', u'tm_maxmemory', u'tm_priority', u'tm_output_dataset', u'tm_task_warnings', u'tm_user_webdir', u'tm_scriptexe', u'tm_scriptargs', u'tm_extrajdl', u'tm_asourl', u'tm_collector', u'tm_schedd', u'tm_dry_run', u'tm_user_files', u'tm_transfer_outputs', u'tm_output_lfn', u'tm_ignore_locality', u'tm_fail_limit', u'tm_one_event_mode', u'tm_secondary_input_dataset', u'tm_primary_dataset', u'tm_last_publication', u'tm_debug_files', u'clusterid', u'tm_asodb', u'tm_ignore_global_blacklist', u'tm_submitter_ip_addr', u'tm_totalunits', u'tm_ddm_reqid']}}
INFO 2019-11-03 17:54:49.500 UTC: 	 CRAB project directory:		/afs/cern.ch/work/s/sthakur/xRavindra/MiniTree2017Data/CMSSW_10_4_0/src/ExLep2017Crab/crab/CrabMC_20191101/crab_ExLepEEZ_M2500_MC_20191101
INFO 2019-11-03 17:54:49.500 UTC: 	 Task name:			191101_121214:sthakur_crab_ExLepEEZ_M2500_MC_20191101
INFO 2019-11-03 17:54:49.500 UTC: 	 Grid scheduler - Task Worker:	crab3@vocms0198.cern.ch - crab-prod-tw01
INFO 2019-11-03 17:54:49.500 UTC: 	 Status on the CRAB server:	SUBMITTED
INFO 2019-11-03 17:54:49.500 UTC: 	 Task URL to use for HELP:	https://cmsweb.cern.ch/crabserver/ui/task/191101_121214%3Asthakur_crab_ExLepEEZ_M2500_MC_20191101
INFO 2019-11-03 17:54:49.500 UTC: 	 Dashboard monitoring URL:	https://monit-grafana.cern.ch/d/cmsTMDetail/cms-task-monitoring-task-view?orgId=11&var-user=sthakur&var-task=191101_121214%3Asthakur_crab_ExLepEEZ_M2500_MC_20191101
INFO 2019-11-03 17:54:49.500 UTC: 	 In case of issues with the dashboard, please provide feedback to hn-cms-computing-tools@cern.ch
DEBUG 2019-11-03 17:54:49.500 UTC: 	 The CRAB server submitted your task to the Grid scheduler (cluster ID: 40369638)
DEBUG 2019-11-03 17:54:49.500 UTC: 	 Webdir is located at http://vocms0198.cern.ch/mon/cms251/191101_121214:sthakur_crab_ExLepEEZ_M2500_MC_20191101
DEBUG 2019-11-03 17:54:49.645 UTC: 	 Proxied webdir is located at https://cmsweb.cern.ch/scheddmon/0198/cms251/191101_121214:sthakur_crab_ExLepEEZ_M2500_MC_20191101
DEBUG 2019-11-03 17:54:49.645 UTC: 	 Retrieving 'status_cache' file from https://cmsweb.cern.ch/scheddmon/0198/cms251/191101_121214:sthakur_crab_ExLepEEZ_M2500_MC_20191101/status_cache
DEBUG 2019-11-03 17:54:49.783 UTC: 	 Got information from status cache file: {'1': {'Retries': 0, 'WallDurations': [10.0, 1834.0], 'StartTimes': [1572610642.0], 'SubmitTimes': [1572610413.0], 'JobIds': ['40369686.0'], 'EndTimes': [1572612476.0], 'Restarts': 0, 'RecordedSite': True, 'State': 'finished', 'ResidentSetSize': [747632], 'TotalUserCpuTimeHistory': [1479], 'SiteHistory': ['Unknown', 'T1_US_FNAL'], 'TotalSysCpuTimeHistory': [40]}, '2': {'Retries': 0, 'WallDurations': [9.0, 808.0], 'StartTimes': [1572610655.0], 'SubmitTimes': [1572610413.0], 'JobIds': ['40369688.0'], 'EndTimes': [1572611463.0], 'Restarts': 0, 'RecordedSite': True, 'State': 'finished', 'ResidentSetSize': [857292], 'TotalUserCpuTimeHistory': [496], 'SiteHistory': ['Unknown', 'T1_US_FNAL'], 'TotalSysCpuTimeHistory': [16]}}
INFO 2019-11-03 17:54:49.783 UTC: 	 Status on the scheduler:	COMPLETED
INFO 2019-11-03 17:54:49.783 UTC: 	 
Jobs status:                    finished     		100.0% (2/2)
INFO 2019-11-03 17:54:49.894 UTC: 	 
No publication information available yet
INFO 2019-11-03 17:54:49.894 UTC: 	 
Warning: the max jobs runtime is less than 30% of the task requested value (1250 min), please consider to request a lower value for failed jobs (allowed through crab resubmit) and/or improve the jobs splitting (e.g. config.Data.splitting = 'Automatic') in a new task.
INFO 2019-11-03 17:54:49.894 UTC: 	 
Summary of run jobs:
 * Memory: 730MB min, 837MB max, 784MB ave
 * Runtime: 0:13:28 min, 0:30:34 max, 0:22:01 ave
 * CPU eff: 63% min, 83% max, 77% ave
 * Waste: 0:00:19 (1% of total)

INFO 2019-11-03 17:54:49.911 UTC: 	 Log file is /afs/cern.ch/work/s/sthakur/xRavindra/MiniTree2017Data/CMSSW_10_4_0/src/ExLep2017Crab/crab/CrabMC_20191101/crab_ExLepEEZ_M2500_MC_20191101/crab.log
DEBUG 2019-11-03 18:00:08.095 UTC: 	 Running on: Linux lxplus737.cern.ch 3.10.0-1062.1.2.el7.x86_64 #1 SMP Mon Sep 30 14:19:46 UTC 2019 x86_64 x86_64 x86_64 GNU/Linux
Description:	CentOS Linux release 7.7.1908 (Core) 

DEBUG 2019-11-03 18:00:08.095 UTC: 	 Executing command: 'resubmit'
DEBUG 2019-11-03 18:00:08.095 UTC: 	 Found CRAB cache file /afs/cern.ch/user/s/sthakur/.crab3
DEBUG 2019-11-03 18:00:08.106 UTC: 	 Checking credentials
DEBUG 2019-11-03 18:00:08.107 UTC: 	 Found proxy file /tmp/x509up_u77410
DEBUG 2019-11-03 18:00:08.107 UTC: 	 Getting proxy life time left
DEBUG 2019-11-03 18:00:08.814 UTC: 	 Executing : 
 command : voms-proxy-info -file /tmp/x509up_u77410 -timeleft
 output : 42798

 error: 
 retcode : 0
DEBUG 2019-11-03 18:00:09.628 UTC: 	 Executing : 
 command : voms-proxy-info -file /tmp/x509up_u77410 -actimeleft
 output : 42797

 error: 
 retcode : 0
DEBUG 2019-11-03 18:00:09.629 UTC: 	 Proxy lifetime 42798 secs is different from voms extension lifetime 42797 secs for proxy: /tmp/x509up_u77410
DEBUG 2019-11-03 18:00:09.629 UTC: 	 Proxy valid for 11:53:17 hours
DEBUG 2019-11-03 18:00:09.856 UTC: 	 Executing : 
 command : openssl x509 -in ~/.globus/usercert.pem -subject -noout
 output : subject= /DC=ch/DC=cern/OU=Organic Units/OU=Users/CN=sthakur/CN=764789/CN=Shalini Thakur

 error: 
 retcode : 0
DEBUG 2019-11-03 18:00:09.857 UTC: 	 Checking credentials
DEBUG 2019-11-03 18:00:09.857 UTC: 	 Found proxy file /tmp/x509up_u77410
DEBUG 2019-11-03 18:00:09.857 UTC: 	 Getting proxy life time left
DEBUG 2019-11-03 18:00:10.563 UTC: 	 Executing : 
 command : voms-proxy-info -file /tmp/x509up_u77410 -timeleft
 output : 42796

 error: 
 retcode : 0
DEBUG 2019-11-03 18:00:11.270 UTC: 	 Executing : 
 command : voms-proxy-info -file /tmp/x509up_u77410 -actimeleft
 output : 42795

 error: 
 retcode : 0
DEBUG 2019-11-03 18:00:11.271 UTC: 	 Proxy lifetime 42796 secs is different from voms extension lifetime 42795 secs for proxy: /tmp/x509up_u77410
DEBUG 2019-11-03 18:00:11.271 UTC: 	 Proxy valid for 11:53:15 hours
DEBUG 2019-11-03 18:00:11.396 UTC: 	 Registering user credentials for server /DC=ch/DC=cern/OU=computers/CN=vocms(052|058|030|0118|0105|0109).cern.ch|/DC=ch/DC=cern/OU=computers/CN=crab-(preprod|prod)-tw(02|01).cern.ch
DEBUG 2019-11-03 18:00:11.510 UTC: 	 Executing : 
 command : openssl x509 -in ~/.globus/usercert.pem -subject -noout
 output : subject= /DC=ch/DC=cern/OU=Organic Units/OU=Users/CN=sthakur/CN=764789/CN=Shalini Thakur

 error: 
 retcode : 0
DEBUG 2019-11-03 18:00:11.511 UTC: 	 Getting myproxy life time left for myproxy.cern.ch
DEBUG 2019-11-03 18:00:11.511 UTC: 	 Calculating hash of /DC=ch/DC=cern/OU=Organic Units/OU=Users/CN=sthakur/CN=764789/CN=Shalini Thakur_cmsweb.cern.ch for credential name
DEBUG 2019-11-03 18:00:11.917 UTC: 	 Executing : 
 command : myproxy-info -l 9cd94953387eeee7bf4da2b7588630639ea1153b -s myproxy.cern.ch
 output : username: 9cd94953387eeee7bf4da2b7588630639ea1153b
owner: /DC=ch/DC=cern/OU=Organic Units/OU=Users/CN=sthakur/CN=764789/CN=Shalini Thakur
  renewal policy: /DC=ch/DC=cern/OU=computers/CN=vocms(052|058|030|0118|0105|0109).cern.ch|/DC=ch/DC=cern/OU=computers/CN=crab-(preprod|prod)-tw(02|01).cern.ch
  trusted retrieval policy: /DC=ch/DC=cern/OU=computers/CN=vocms(052|058|030|0118|0105|0109).cern.ch|/DC=ch/DC=cern/OU=computers/CN=crab-(preprod|prod)-tw(02|01).cern.ch
  timeleft: 504:37:49  (21.0 days)

 error: 
 retcode : 0
DEBUG 2019-11-03 18:00:11.918 UTC: 	 Myproxy is valid: 1816669
DEBUG 2019-11-03 18:00:12.004 UTC: 	 Command use: resubmit
DEBUG 2019-11-03 18:00:12.004 UTC: 	 Options use: ['CrabMC_20191101/crab_ExLepEEZ_M2500_MC_20191101']
DEBUG 2019-11-03 18:00:12.083 UTC: 	 CRABClient version: 3.3.1910.patch2
DEBUG 2019-11-03 18:00:12.083 UTC: 	 Instance is prod
DEBUG 2019-11-03 18:00:12.083 UTC: 	 Server base url is cmsweb.cern.ch
DEBUG 2019-11-03 18:00:12.083 UTC: 	 Command url /crabserver/prod/workflow
DEBUG 2019-11-03 18:00:12.117 UTC: 	 Running on: Linux lxplus737.cern.ch 3.10.0-1062.1.2.el7.x86_64 #1 SMP Mon Sep 30 14:19:46 UTC 2019 x86_64 x86_64 x86_64 GNU/Linux
Description:	CentOS Linux release 7.7.1908 (Core) 

DEBUG 2019-11-03 18:00:12.118 UTC: 	 Executing command: 'status'
DEBUG 2019-11-03 18:00:12.118 UTC: 	 Found CRAB cache file /afs/cern.ch/user/s/sthakur/.crab3
DEBUG 2019-11-03 18:00:12.126 UTC: 	 Checking credentials
DEBUG 2019-11-03 18:00:12.126 UTC: 	 Found proxy file /tmp/x509up_u77410
DEBUG 2019-11-03 18:00:12.126 UTC: 	 Getting proxy life time left
DEBUG 2019-11-03 18:00:12.931 UTC: 	 Executing : 
 command : voms-proxy-info -file /tmp/x509up_u77410 -timeleft
 output : 42794

 error: 
 retcode : 0
DEBUG 2019-11-03 18:00:13.638 UTC: 	 Executing : 
 command : voms-proxy-info -file /tmp/x509up_u77410 -actimeleft
 output : 42793

 error: 
 retcode : 0
DEBUG 2019-11-03 18:00:13.638 UTC: 	 Proxy lifetime 42794 secs is different from voms extension lifetime 42793 secs for proxy: /tmp/x509up_u77410
DEBUG 2019-11-03 18:00:13.638 UTC: 	 Proxy valid for 11:53:13 hours
DEBUG 2019-11-03 18:00:13.829 UTC: 	 Executing : 
 command : openssl x509 -in ~/.globus/usercert.pem -subject -noout
 output : subject= /DC=ch/DC=cern/OU=Organic Units/OU=Users/CN=sthakur/CN=764789/CN=Shalini Thakur

 error: 
 retcode : 0
DEBUG 2019-11-03 18:00:13.830 UTC: 	 Checking credentials
DEBUG 2019-11-03 18:00:13.830 UTC: 	 Found proxy file /tmp/x509up_u77410
DEBUG 2019-11-03 18:00:13.830 UTC: 	 Getting proxy life time left
DEBUG 2019-11-03 18:00:14.537 UTC: 	 Executing : 
 command : voms-proxy-info -file /tmp/x509up_u77410 -timeleft
 output : 42792

 error: 
 retcode : 0
DEBUG 2019-11-03 18:00:15.243 UTC: 	 Executing : 
 command : voms-proxy-info -file /tmp/x509up_u77410 -actimeleft
 output : 42791

 error: 
 retcode : 0
DEBUG 2019-11-03 18:00:15.244 UTC: 	 Proxy lifetime 42792 secs is different from voms extension lifetime 42791 secs for proxy: /tmp/x509up_u77410
DEBUG 2019-11-03 18:00:15.244 UTC: 	 Proxy valid for 11:53:11 hours
DEBUG 2019-11-03 18:00:15.998 UTC: 	 Registering user credentials for server /DC=ch/DC=cern/OU=computers/CN=vocms(052|058|030|0118|0105|0109).cern.ch|/DC=ch/DC=cern/OU=computers/CN=crab-(preprod|prod)-tw(02|01).cern.ch
DEBUG 2019-11-03 18:00:16.109 UTC: 	 Executing : 
 command : openssl x509 -in ~/.globus/usercert.pem -subject -noout
 output : subject= /DC=ch/DC=cern/OU=Organic Units/OU=Users/CN=sthakur/CN=764789/CN=Shalini Thakur

 error: 
 retcode : 0
DEBUG 2019-11-03 18:00:16.109 UTC: 	 Getting myproxy life time left for myproxy.cern.ch
DEBUG 2019-11-03 18:00:16.109 UTC: 	 Calculating hash of /DC=ch/DC=cern/OU=Organic Units/OU=Users/CN=sthakur/CN=764789/CN=Shalini Thakur_cmsweb.cern.ch for credential name
DEBUG 2019-11-03 18:00:16.516 UTC: 	 Executing : 
 command : myproxy-info -l 9cd94953387eeee7bf4da2b7588630639ea1153b -s myproxy.cern.ch
 output : username: 9cd94953387eeee7bf4da2b7588630639ea1153b
owner: /DC=ch/DC=cern/OU=Organic Units/OU=Users/CN=sthakur/CN=764789/CN=Shalini Thakur
  renewal policy: /DC=ch/DC=cern/OU=computers/CN=vocms(052|058|030|0118|0105|0109).cern.ch|/DC=ch/DC=cern/OU=computers/CN=crab-(preprod|prod)-tw(02|01).cern.ch
  trusted retrieval policy: /DC=ch/DC=cern/OU=computers/CN=vocms(052|058|030|0118|0105|0109).cern.ch|/DC=ch/DC=cern/OU=computers/CN=crab-(preprod|prod)-tw(02|01).cern.ch
  timeleft: 504:37:44  (21.0 days)

 error: 
 retcode : 0
DEBUG 2019-11-03 18:00:16.516 UTC: 	 Myproxy is valid: 1816664
DEBUG 2019-11-03 18:00:16.517 UTC: 	 Command use: status
DEBUG 2019-11-03 18:00:16.517 UTC: 	 Options use: []
DEBUG 2019-11-03 18:00:17.201 UTC: 	 CRABClient version: 3.3.1910.patch2
DEBUG 2019-11-03 18:00:17.202 UTC: 	 Instance is prod
DEBUG 2019-11-03 18:00:17.202 UTC: 	 Server base url is cmsweb.cern.ch
DEBUG 2019-11-03 18:00:17.202 UTC: 	 Command url /crabserver/prod/workflow
DEBUG 2019-11-03 18:00:17.666 UTC: 	 Got information from server oracle database: {u'result': [u'191101_121214:sthakur_crab_ExLepEEZ_M2500_MC_20191101', u'None', u'None', u'SUBMITTED', u'SUBMIT', u'2019-11-01 12:12:14.421169', u'None', u'2019-11-01 12:13:18.685581', u'None', u'CMSSW_10_4_0', u'slc7_amd64_gcc700', u'/ExcitedLepton_EEZ-2500_TuneCP5_13TeV-pythia8/RunIIFall17MiniAODv2-PU2017_12Apr2018_94X_mc2017_realistic_v14-v1/MINIAODSIM', u'T', u'0', u'[]', u'[]', u'FileBased', u"{'splitOnRun': False, 'halt_job_on_file_boundaries': False, 'files_per_job': 10, 'runs': [], 'lumis': []}", u'8e3badb8b69516df080920696c510f4ac6e34af34aa9205d9cd49c07c6cf323f.tar.gz', u'https://cmsweb.cern.ch/crabcache', u'sthakur', u'/DC=ch/DC=cern/OU=Organic Units/OU=Users/CN=sthakur/CN=764789/CN=Shalini Thakur', u'cms', u'None', u'None', u'ExLepEEZ_M2500_MC_20191101-00000000000000000000000000000000', u'F', u'T2_IN_TIFR', u'https://cmsweb.cern.ch/dbs/prod/global/DBSReader', u'https://cmsweb.cern.ch/dbs/prod/phys03/DBSWriter', u'T', u'[]', u"['ExLepEEZ_M2500_MC_20191101_Ntuple.root']", u'[]', u'Analysis', u'pythia', u'None', u'{}', u'[]', u'F', u'crab-prod-tw01', u'[]', u'1250', u'1', u'2000', u'10', u'None', u'[]', u'http://vocms0198.cern.ch/mon/cms251/191101_121214:sthakur_crab_ExLepEEZ_M2500_MC_20191101', u'None', u'[]', u'[]', u'https://cmsweb.cern.ch/crabserver/prod', u'cmsgwms-collector-global.cern.ch:9620,cmssrv623.fnal.gov:9620', u'crab3@vocms0198.cern.ch', u'F', u'[]', u'T', u'/store/user/sthakur/ntuple_for2017MC_20191101/MC_20191101/ExLepEEZ_M2500_MC_20191101', u'F', u'None', u'F', u'None', u'ExcitedLepton_EEZ-2500_TuneCP5_13TeV-pythia8', u'None', u'73bab1d337093513186ee99faa92503674c84405e77f952ac00fa4ae19a29738.tar.gz', u'40369638', u'filetransfers', u'F', u'2001:1458:d00:2e::100:9b', u'0.0', u'None'], u'desc': {u'columns': [u'tm_taskname', u'tm_activity', u'panda_jobset_id', u'tm_task_status', u'tm_task_command', u'tm_start_time', u'tm_start_injection', u'tm_end_injection', u'tm_task_failure', u'tm_job_sw', u'tm_job_arch', u'tm_input_dataset', u'tm_nonvalid_input_dataset', u'tm_use_parent', u'tm_site_whitelist', u'tm_site_blacklist', u'tm_split_algo', u'tm_split_args', u'tm_user_sandbox', u'tm_cache_url', u'tm_username', u'tm_user_dn', u'tm_user_vo', u'tm_user_role', u'tm_user_group', u'tm_publish_name', u'tm_publish_groupname', u'tm_asyncdest', u'tm_dbs_url', u'tm_publish_dbs_url', u'tm_publication', u'tm_outfiles', u'tm_tfile_outfiles', u'tm_edm_outfiles', u'tm_job_type', u'tm_generator', u'tm_events_per_lumi', u'tm_arguments', u'panda_resubmitted_jobs', u'tm_save_logs', u'tw_name', u'tm_user_infiles', u'tm_maxjobruntime', u'tm_numcores', u'tm_maxmemory', u'tm_priority', u'tm_output_dataset', u'tm_task_warnings', u'tm_user_webdir', u'tm_scriptexe', u'tm_scriptargs', u'tm_extrajdl', u'tm_asourl', u'tm_collector', u'tm_schedd', u'tm_dry_run', u'tm_user_files', u'tm_transfer_outputs', u'tm_output_lfn', u'tm_ignore_locality', u'tm_fail_limit', u'tm_one_event_mode', u'tm_secondary_input_dataset', u'tm_primary_dataset', u'tm_last_publication', u'tm_debug_files', u'clusterid', u'tm_asodb', u'tm_ignore_global_blacklist', u'tm_submitter_ip_addr', u'tm_totalunits', u'tm_ddm_reqid']}}
INFO 2019-11-03 18:00:17.667 UTC: 	 CRAB project directory:		/afs/cern.ch/work/s/sthakur/xRavindra/MiniTree2017Data/CMSSW_10_4_0/src/ExLep2017Crab/crab/CrabMC_20191101/crab_ExLepEEZ_M2500_MC_20191101
INFO 2019-11-03 18:00:17.667 UTC: 	 Task name:			191101_121214:sthakur_crab_ExLepEEZ_M2500_MC_20191101
INFO 2019-11-03 18:00:17.667 UTC: 	 Grid scheduler - Task Worker:	crab3@vocms0198.cern.ch - crab-prod-tw01
INFO 2019-11-03 18:00:17.667 UTC: 	 Status on the CRAB server:	SUBMITTED
INFO 2019-11-03 18:00:17.667 UTC: 	 Task URL to use for HELP:	https://cmsweb.cern.ch/crabserver/ui/task/191101_121214%3Asthakur_crab_ExLepEEZ_M2500_MC_20191101
INFO 2019-11-03 18:00:17.667 UTC: 	 Dashboard monitoring URL:	https://monit-grafana.cern.ch/d/cmsTMDetail/cms-task-monitoring-task-view?orgId=11&var-user=sthakur&var-task=191101_121214%3Asthakur_crab_ExLepEEZ_M2500_MC_20191101
INFO 2019-11-03 18:00:17.667 UTC: 	 In case of issues with the dashboard, please provide feedback to hn-cms-computing-tools@cern.ch
DEBUG 2019-11-03 18:00:17.667 UTC: 	 The CRAB server submitted your task to the Grid scheduler (cluster ID: 40369638)
DEBUG 2019-11-03 18:00:17.667 UTC: 	 Webdir is located at http://vocms0198.cern.ch/mon/cms251/191101_121214:sthakur_crab_ExLepEEZ_M2500_MC_20191101
DEBUG 2019-11-03 18:00:17.771 UTC: 	 Proxied webdir is located at https://cmsweb.cern.ch/scheddmon/0198/cms251/191101_121214:sthakur_crab_ExLepEEZ_M2500_MC_20191101
DEBUG 2019-11-03 18:00:17.771 UTC: 	 Retrieving 'status_cache' file from https://cmsweb.cern.ch/scheddmon/0198/cms251/191101_121214:sthakur_crab_ExLepEEZ_M2500_MC_20191101/status_cache
DEBUG 2019-11-03 18:00:17.888 UTC: 	 Got information from status cache file: {'1': {'Retries': 0, 'WallDurations': [10.0, 1834.0], 'StartTimes': [1572610642.0], 'SubmitTimes': [1572610413.0], 'JobIds': ['40369686.0'], 'EndTimes': [1572612476.0], 'Restarts': 0, 'RecordedSite': True, 'State': 'finished', 'ResidentSetSize': [747632], 'TotalUserCpuTimeHistory': [1479], 'SiteHistory': ['Unknown', 'T1_US_FNAL'], 'TotalSysCpuTimeHistory': [40]}, '2': {'Retries': 0, 'WallDurations': [9.0, 808.0], 'StartTimes': [1572610655.0], 'SubmitTimes': [1572610413.0], 'JobIds': ['40369688.0'], 'EndTimes': [1572611463.0], 'Restarts': 0, 'RecordedSite': True, 'State': 'finished', 'ResidentSetSize': [857292], 'TotalUserCpuTimeHistory': [496], 'SiteHistory': ['Unknown', 'T1_US_FNAL'], 'TotalSysCpuTimeHistory': [16]}}
INFO 2019-11-03 18:00:17.888 UTC: 	 Status on the scheduler:	COMPLETED
INFO 2019-11-03 18:00:17.888 UTC: 	 
Jobs status:                    finished     		100.0% (2/2)
INFO 2019-11-03 18:00:17.998 UTC: 	 
No publication information available yet
INFO 2019-11-03 18:00:17.999 UTC: 	 
Warning: the max jobs runtime is less than 30% of the task requested value (1250 min), please consider to request a lower value for failed jobs (allowed through crab resubmit) and/or improve the jobs splitting (e.g. config.Data.splitting = 'Automatic') in a new task.
INFO 2019-11-03 18:00:17.999 UTC: 	 
Summary of run jobs:
 * Memory: 730MB min, 837MB max, 784MB ave
 * Runtime: 0:13:28 min, 0:30:34 max, 0:22:01 ave
 * CPU eff: 63% min, 83% max, 77% ave
 * Waste: 0:00:19 (1% of total)

DEBUG 2019-11-03 18:00:18.004 UTC: 	 Requesting resubmission of failed jobs in task 191101_121214:sthakur_crab_ExLepEEZ_M2500_MC_20191101
ERROR 2019-11-03 18:00:18.004 UTC: 	 Found no jobs to resubmit. Only jobs in status failed can be resubmitted. Jobs in status finished can also be resubmitted, but only if the jobids are specified and the force option is set.
ERROR 2019-11-03 18:00:18.004 UTC: 	 Caught exception
Traceback (most recent call last):
  File "/cvmfs/cms.cern.ch/crab3/slc6_amd64_gcc493/cms/crabclient/3.3.1910.patch2/bin/crab", line 160, in <module>
    client()
  File "/cvmfs/cms.cern.ch/crab3/slc6_amd64_gcc493/cms/crabclient/3.3.1910.patch2/bin/crab", line 147, in __call__
    self.cmd()
  File "/cvmfs/cms.cern.ch/crab3/slc6_amd64_gcc493/cms/crabclient/3.3.1910.patch2/lib/python2.7/site-packages/CRABClient/Commands/resubmit.py", line 63, in __call__
    self.jobids = self.processJobIds(jobList)
  File "/cvmfs/cms.cern.ch/crab3/slc6_amd64_gcc493/cms/crabclient/3.3.1910.patch2/lib/python2.7/site-packages/CRABClient/Commands/resubmit.py", line 172, in processJobIds
    raise ConfigurationException(msg)
ConfigurationException: Found no jobs to resubmit. Only jobs in status failed can be resubmitted. Jobs in status finished can also be resubmitted, but only if the jobids are specified and the force option is set.
DEBUG 2019-11-04 17:51:32.277 UTC: 	 Running on: Linux lxplus794.cern.ch 3.10.0-1062.4.1.el7.x86_64 #1 SMP Fri Oct 18 17:15:30 UTC 2019 x86_64 x86_64 x86_64 GNU/Linux
Description:	CentOS Linux release 7.7.1908 (Core) 

DEBUG 2019-11-04 17:51:32.277 UTC: 	 Executing command: 'status'
DEBUG 2019-11-04 17:51:32.278 UTC: 	 Found CRAB cache file /afs/cern.ch/user/s/sthakur/.crab3
DEBUG 2019-11-04 17:51:32.311 UTC: 	 Checking credentials
DEBUG 2019-11-04 17:51:32.311 UTC: 	 Found proxy file /tmp/x509up_u77410
DEBUG 2019-11-04 17:51:32.311 UTC: 	 Getting proxy life time left
DEBUG 2019-11-04 17:51:32.915 UTC: 	 Executing : 
 command : voms-proxy-info -file /tmp/x509up_u77410 -timeleft
 output : 43097

 error: 
 retcode : 0
DEBUG 2019-11-04 17:51:33.522 UTC: 	 Executing : 
 command : voms-proxy-info -file /tmp/x509up_u77410 -actimeleft
 output : 43096

 error: 
 retcode : 0
DEBUG 2019-11-04 17:51:33.522 UTC: 	 Proxy lifetime 43097 secs is different from voms extension lifetime 43096 secs for proxy: /tmp/x509up_u77410
DEBUG 2019-11-04 17:51:33.522 UTC: 	 Proxy valid for 11:58:16 hours
DEBUG 2019-11-04 17:51:33.747 UTC: 	 Executing : 
 command : openssl x509 -in ~/.globus/usercert.pem -subject -noout
 output : subject= /DC=ch/DC=cern/OU=Organic Units/OU=Users/CN=sthakur/CN=764789/CN=Shalini Thakur

 error: 
 retcode : 0
DEBUG 2019-11-04 17:51:33.747 UTC: 	 Checking credentials
DEBUG 2019-11-04 17:51:33.748 UTC: 	 Found proxy file /tmp/x509up_u77410
DEBUG 2019-11-04 17:51:33.748 UTC: 	 Getting proxy life time left
DEBUG 2019-11-04 17:51:34.356 UTC: 	 Executing : 
 command : voms-proxy-info -file /tmp/x509up_u77410 -timeleft
 output : 43095

 error: 
 retcode : 0
DEBUG 2019-11-04 17:51:34.962 UTC: 	 Executing : 
 command : voms-proxy-info -file /tmp/x509up_u77410 -actimeleft
 output : 43095

 error: 
 retcode : 0
DEBUG 2019-11-04 17:51:34.962 UTC: 	 Proxy valid for 11:58:15 hours
DEBUG 2019-11-04 17:51:35.049 UTC: 	 Registering user credentials for server /DC=ch/DC=cern/OU=computers/CN=vocms(052|058|030|0118|0105|0109).cern.ch|/DC=ch/DC=cern/OU=computers/CN=crab-(preprod|prod)-tw(02|01).cern.ch
DEBUG 2019-11-04 17:51:35.160 UTC: 	 Executing : 
 command : openssl x509 -in ~/.globus/usercert.pem -subject -noout
 output : subject= /DC=ch/DC=cern/OU=Organic Units/OU=Users/CN=sthakur/CN=764789/CN=Shalini Thakur

 error: 
 retcode : 0
DEBUG 2019-11-04 17:51:35.160 UTC: 	 Getting myproxy life time left for myproxy.cern.ch
DEBUG 2019-11-04 17:51:35.160 UTC: 	 Calculating hash of /DC=ch/DC=cern/OU=Organic Units/OU=Users/CN=sthakur/CN=764789/CN=Shalini Thakur_cmsweb.cern.ch for credential name
DEBUG 2019-11-04 17:51:36.167 UTC: 	 Executing : 
 command : myproxy-info -l 9cd94953387eeee7bf4da2b7588630639ea1153b -s myproxy.cern.ch
 output : username: 9cd94953387eeee7bf4da2b7588630639ea1153b
owner: /DC=ch/DC=cern/OU=Organic Units/OU=Users/CN=sthakur/CN=764789/CN=Shalini Thakur
  renewal policy: /DC=ch/DC=cern/OU=computers/CN=vocms(052|058|030|0118|0105|0109).cern.ch|/DC=ch/DC=cern/OU=computers/CN=crab-(preprod|prod)-tw(02|01).cern.ch
  trusted retrieval policy: /DC=ch/DC=cern/OU=computers/CN=vocms(052|058|030|0118|0105|0109).cern.ch|/DC=ch/DC=cern/OU=computers/CN=crab-(preprod|prod)-tw(02|01).cern.ch
  timeleft: 480:46:24  (20.0 days)

 error: 
 retcode : 0
DEBUG 2019-11-04 17:51:36.168 UTC: 	 Myproxy is valid: 1730784
DEBUG 2019-11-04 17:51:36.169 UTC: 	 Command use: status
DEBUG 2019-11-04 17:51:36.169 UTC: 	 Options use: ['--verboseErrors', 'CrabMC_20191101/crab_ExLepEEZ_M2500_MC_20191101']
DEBUG 2019-11-04 17:51:36.243 UTC: 	 CRABClient version: 3.3.1910.patch2
DEBUG 2019-11-04 17:51:36.243 UTC: 	 Instance is prod
DEBUG 2019-11-04 17:51:36.243 UTC: 	 Server base url is cmsweb.cern.ch
DEBUG 2019-11-04 17:51:36.243 UTC: 	 Command url /crabserver/prod/workflow
DEBUG 2019-11-04 17:51:36.330 UTC: 	 Got information from server oracle database: {u'result': [u'191101_121214:sthakur_crab_ExLepEEZ_M2500_MC_20191101', u'None', u'None', u'SUBMITTED', u'SUBMIT', u'2019-11-01 12:12:14.421169', u'None', u'2019-11-01 12:13:18.685581', u'None', u'CMSSW_10_4_0', u'slc7_amd64_gcc700', u'/ExcitedLepton_EEZ-2500_TuneCP5_13TeV-pythia8/RunIIFall17MiniAODv2-PU2017_12Apr2018_94X_mc2017_realistic_v14-v1/MINIAODSIM', u'T', u'0', u'[]', u'[]', u'FileBased', u"{'splitOnRun': False, 'halt_job_on_file_boundaries': False, 'files_per_job': 10, 'runs': [], 'lumis': []}", u'8e3badb8b69516df080920696c510f4ac6e34af34aa9205d9cd49c07c6cf323f.tar.gz', u'https://cmsweb.cern.ch/crabcache', u'sthakur', u'/DC=ch/DC=cern/OU=Organic Units/OU=Users/CN=sthakur/CN=764789/CN=Shalini Thakur', u'cms', u'None', u'None', u'ExLepEEZ_M2500_MC_20191101-00000000000000000000000000000000', u'F', u'T2_IN_TIFR', u'https://cmsweb.cern.ch/dbs/prod/global/DBSReader', u'https://cmsweb.cern.ch/dbs/prod/phys03/DBSWriter', u'T', u'[]', u"['ExLepEEZ_M2500_MC_20191101_Ntuple.root']", u'[]', u'Analysis', u'pythia', u'None', u'{}', u'[]', u'F', u'crab-prod-tw01', u'[]', u'1250', u'1', u'2000', u'10', u'None', u'[]', u'http://vocms0198.cern.ch/mon/cms251/191101_121214:sthakur_crab_ExLepEEZ_M2500_MC_20191101', u'None', u'[]', u'[]', u'https://cmsweb.cern.ch/crabserver/prod', u'cmsgwms-collector-global.cern.ch:9620,cmssrv623.fnal.gov:9620', u'crab3@vocms0198.cern.ch', u'F', u'[]', u'T', u'/store/user/sthakur/ntuple_for2017MC_20191101/MC_20191101/ExLepEEZ_M2500_MC_20191101', u'F', u'None', u'F', u'None', u'ExcitedLepton_EEZ-2500_TuneCP5_13TeV-pythia8', u'None', u'73bab1d337093513186ee99faa92503674c84405e77f952ac00fa4ae19a29738.tar.gz', u'40369638', u'filetransfers', u'F', u'2001:1458:d00:2e::100:9b', u'0.0', u'None'], u'desc': {u'columns': [u'tm_taskname', u'tm_activity', u'panda_jobset_id', u'tm_task_status', u'tm_task_command', u'tm_start_time', u'tm_start_injection', u'tm_end_injection', u'tm_task_failure', u'tm_job_sw', u'tm_job_arch', u'tm_input_dataset', u'tm_nonvalid_input_dataset', u'tm_use_parent', u'tm_site_whitelist', u'tm_site_blacklist', u'tm_split_algo', u'tm_split_args', u'tm_user_sandbox', u'tm_cache_url', u'tm_username', u'tm_user_dn', u'tm_user_vo', u'tm_user_role', u'tm_user_group', u'tm_publish_name', u'tm_publish_groupname', u'tm_asyncdest', u'tm_dbs_url', u'tm_publish_dbs_url', u'tm_publication', u'tm_outfiles', u'tm_tfile_outfiles', u'tm_edm_outfiles', u'tm_job_type', u'tm_generator', u'tm_events_per_lumi', u'tm_arguments', u'panda_resubmitted_jobs', u'tm_save_logs', u'tw_name', u'tm_user_infiles', u'tm_maxjobruntime', u'tm_numcores', u'tm_maxmemory', u'tm_priority', u'tm_output_dataset', u'tm_task_warnings', u'tm_user_webdir', u'tm_scriptexe', u'tm_scriptargs', u'tm_extrajdl', u'tm_asourl', u'tm_collector', u'tm_schedd', u'tm_dry_run', u'tm_user_files', u'tm_transfer_outputs', u'tm_output_lfn', u'tm_ignore_locality', u'tm_fail_limit', u'tm_one_event_mode', u'tm_secondary_input_dataset', u'tm_primary_dataset', u'tm_last_publication', u'tm_debug_files', u'clusterid', u'tm_asodb', u'tm_ignore_global_blacklist', u'tm_submitter_ip_addr', u'tm_totalunits', u'tm_ddm_reqid']}}
INFO 2019-11-04 17:51:36.330 UTC: 	 CRAB project directory:		/afs/cern.ch/work/s/sthakur/xRavindra/MiniTree2017Data/CMSSW_10_4_0/src/ExLep2017Crab/crab/CrabMC_20191101/crab_ExLepEEZ_M2500_MC_20191101
INFO 2019-11-04 17:51:36.330 UTC: 	 Task name:			191101_121214:sthakur_crab_ExLepEEZ_M2500_MC_20191101
INFO 2019-11-04 17:51:36.330 UTC: 	 Grid scheduler - Task Worker:	crab3@vocms0198.cern.ch - crab-prod-tw01
INFO 2019-11-04 17:51:36.331 UTC: 	 Status on the CRAB server:	SUBMITTED
INFO 2019-11-04 17:51:36.331 UTC: 	 Task URL to use for HELP:	https://cmsweb.cern.ch/crabserver/ui/task/191101_121214%3Asthakur_crab_ExLepEEZ_M2500_MC_20191101
INFO 2019-11-04 17:51:36.331 UTC: 	 Dashboard monitoring URL:	https://monit-grafana.cern.ch/d/cmsTMDetail/cms-task-monitoring-task-view?orgId=11&var-user=sthakur&var-task=191101_121214%3Asthakur_crab_ExLepEEZ_M2500_MC_20191101
INFO 2019-11-04 17:51:36.331 UTC: 	 In case of issues with the dashboard, please provide feedback to hn-cms-computing-tools@cern.ch
DEBUG 2019-11-04 17:51:36.331 UTC: 	 The CRAB server submitted your task to the Grid scheduler (cluster ID: 40369638)
DEBUG 2019-11-04 17:51:36.331 UTC: 	 Webdir is located at http://vocms0198.cern.ch/mon/cms251/191101_121214:sthakur_crab_ExLepEEZ_M2500_MC_20191101
DEBUG 2019-11-04 17:51:36.406 UTC: 	 Proxied webdir is located at https://cmsweb.cern.ch/scheddmon/0198/cms251/191101_121214:sthakur_crab_ExLepEEZ_M2500_MC_20191101
DEBUG 2019-11-04 17:51:36.407 UTC: 	 Retrieving 'status_cache' file from https://cmsweb.cern.ch/scheddmon/0198/cms251/191101_121214:sthakur_crab_ExLepEEZ_M2500_MC_20191101/status_cache
DEBUG 2019-11-04 17:51:36.541 UTC: 	 Got information from status cache file: {'1': {'Retries': 0, 'WallDurations': [10.0, 1834.0], 'StartTimes': [1572610642.0], 'SubmitTimes': [1572610413.0], 'JobIds': ['40369686.0'], 'EndTimes': [1572612476.0], 'Restarts': 0, 'RecordedSite': True, 'State': 'finished', 'ResidentSetSize': [747632], 'TotalUserCpuTimeHistory': [1479], 'SiteHistory': ['Unknown', 'T1_US_FNAL'], 'TotalSysCpuTimeHistory': [40]}, '2': {'Retries': 0, 'WallDurations': [9.0, 808.0], 'StartTimes': [1572610655.0], 'SubmitTimes': [1572610413.0], 'JobIds': ['40369688.0'], 'EndTimes': [1572611463.0], 'Restarts': 0, 'RecordedSite': True, 'State': 'finished', 'ResidentSetSize': [857292], 'TotalUserCpuTimeHistory': [496], 'SiteHistory': ['Unknown', 'T1_US_FNAL'], 'TotalSysCpuTimeHistory': [16]}}
INFO 2019-11-04 17:51:36.541 UTC: 	 Status on the scheduler:	COMPLETED
INFO 2019-11-04 17:51:36.542 UTC: 	 
Jobs status:                    finished     		100.0% (2/2)
INFO 2019-11-04 17:51:36.612 UTC: 	 
No publication information available yet
INFO 2019-11-04 17:51:36.612 UTC: 	 
Warning: the max jobs runtime is less than 30% of the task requested value (1250 min), please consider to request a lower value for failed jobs (allowed through crab resubmit) and/or improve the jobs splitting (e.g. config.Data.splitting = 'Automatic') in a new task.
INFO 2019-11-04 17:51:36.612 UTC: 	 
Summary of run jobs:
 * Memory: 730MB min, 837MB max, 784MB ave
 * Runtime: 0:13:28 min, 0:30:34 max, 0:22:01 ave
 * CPU eff: 63% min, 83% max, 77% ave
 * Waste: 0:00:19 (1% of total)

INFO 2019-11-04 17:51:36.657 UTC: 	 Log file is /afs/cern.ch/work/s/sthakur/xRavindra/MiniTree2017Data/CMSSW_10_4_0/src/ExLep2017Crab/crab/CrabMC_20191101/crab_ExLepEEZ_M2500_MC_20191101/crab.log
DEBUG 2019-11-11 18:30:43.901 UTC: 	 Running on: Linux lxplus745.cern.ch 3.10.0-1062.4.1.el7.x86_64 #1 SMP Fri Oct 18 17:15:30 UTC 2019 x86_64 x86_64 x86_64 GNU/Linux - CentOS Linux 7 (Core)
DEBUG 2019-11-11 18:30:43.911 UTC: 	 OpenSSl version: OpenSSL 1.0.2h  3 May 2016
DEBUG 2019-11-11 18:30:43.911 UTC: 	 Executing command: 'status'
DEBUG 2019-11-11 18:30:43.911 UTC: 	 Found CRAB cache file /afs/cern.ch/user/s/sthakur/.crab3
DEBUG 2019-11-11 18:30:43.928 UTC: 	 Checking credentials
DEBUG 2019-11-11 18:30:43.929 UTC: 	 Found proxy file /tmp/x509up_u77410
DEBUG 2019-11-11 18:30:43.929 UTC: 	 Getting proxy life time left
DEBUG 2019-11-11 18:30:44.643 UTC: 	 Executing : 
 command : voms-proxy-info -file /tmp/x509up_u77410 -timeleft
 output : 39016

 error: 
 retcode : 0
DEBUG 2019-11-11 18:30:45.349 UTC: 	 Executing : 
 command : voms-proxy-info -file /tmp/x509up_u77410 -actimeleft
 output : 39015

 error: 
 retcode : 0
DEBUG 2019-11-11 18:30:45.350 UTC: 	 Proxy lifetime 39016 secs is different from voms extension lifetime 39015 secs for proxy: /tmp/x509up_u77410
DEBUG 2019-11-11 18:30:45.350 UTC: 	 Proxy valid for 10:50:15 hours
DEBUG 2019-11-11 18:30:45.516 UTC: 	 Executing : 
 command : openssl x509 -in ~/.globus/usercert.pem -subject -noout
 output : subject= /DC=ch/DC=cern/OU=Organic Units/OU=Users/CN=sthakur/CN=764789/CN=Shalini Thakur

 error: 
 retcode : 0
DEBUG 2019-11-11 18:30:45.516 UTC: 	 Checking credentials
DEBUG 2019-11-11 18:30:45.517 UTC: 	 Found proxy file /tmp/x509up_u77410
DEBUG 2019-11-11 18:30:45.517 UTC: 	 Getting proxy life time left
DEBUG 2019-11-11 18:30:46.326 UTC: 	 Executing : 
 command : voms-proxy-info -file /tmp/x509up_u77410 -timeleft
 output : 39014

 error: 
 retcode : 0
DEBUG 2019-11-11 18:30:47.234 UTC: 	 Executing : 
 command : voms-proxy-info -file /tmp/x509up_u77410 -actimeleft
 output : 39013

 error: 
 retcode : 0
DEBUG 2019-11-11 18:30:47.234 UTC: 	 Proxy lifetime 39014 secs is different from voms extension lifetime 39013 secs for proxy: /tmp/x509up_u77410
DEBUG 2019-11-11 18:30:47.234 UTC: 	 Proxy valid for 10:50:13 hours
DEBUG 2019-11-11 18:30:47.328 UTC: 	 Registering user credentials for server /DC=ch/DC=cern/OU=computers/CN=vocms(052|058|030|0118|0105|0109).cern.ch|/DC=ch/DC=cern/OU=computers/CN=crab-(preprod|prod)-tw(02|01).cern.ch
DEBUG 2019-11-11 18:30:47.443 UTC: 	 Executing : 
 command : openssl x509 -in ~/.globus/usercert.pem -subject -noout
 output : subject= /DC=ch/DC=cern/OU=Organic Units/OU=Users/CN=sthakur/CN=764789/CN=Shalini Thakur

 error: 
 retcode : 0
DEBUG 2019-11-11 18:30:47.444 UTC: 	 Getting myproxy life time left for myproxy.cern.ch
DEBUG 2019-11-11 18:30:47.444 UTC: 	 Calculating hash of /DC=ch/DC=cern/OU=Organic Units/OU=Users/CN=sthakur/CN=764789/CN=Shalini Thakur_cmsweb.cern.ch for credential name
DEBUG 2019-11-11 18:30:47.651 UTC: 	 Executing : 
 command : myproxy-info -l 9cd94953387eeee7bf4da2b7588630639ea1153b -s myproxy.cern.ch
 output : username: 9cd94953387eeee7bf4da2b7588630639ea1153b
owner: /DC=ch/DC=cern/OU=Organic Units/OU=Users/CN=sthakur/CN=764789/CN=Shalini Thakur
  renewal policy: /DC=ch/DC=cern/OU=computers/CN=vocms(052|058|030|0118|0105|0109).cern.ch|/DC=ch/DC=cern/OU=computers/CN=crab-(preprod|prod)-tw(02|01).cern.ch
  trusted retrieval policy: /DC=ch/DC=cern/OU=computers/CN=vocms(052|058|030|0118|0105|0109).cern.ch|/DC=ch/DC=cern/OU=computers/CN=crab-(preprod|prod)-tw(02|01).cern.ch
  timeleft: 711:02:32  (29.6 days)

 error: 
 retcode : 0
DEBUG 2019-11-11 18:30:47.652 UTC: 	 Myproxy is valid: 2559752
DEBUG 2019-11-11 18:30:47.653 UTC: 	 Command use: status
DEBUG 2019-11-11 18:30:47.653 UTC: 	 Options use: ['--verboseErrors', 'CrabMC_20191101/crab_ExLepEEZ_M2500_MC_20191101']
DEBUG 2019-11-11 18:30:47.763 UTC: 	 CRABClient version: 3.3.1911
DEBUG 2019-11-11 18:30:47.764 UTC: 	 Instance is prod
DEBUG 2019-11-11 18:30:47.764 UTC: 	 Server base url is cmsweb.cern.ch
DEBUG 2019-11-11 18:30:47.764 UTC: 	 Command url /crabserver/prod/workflow
DEBUG 2019-11-11 18:30:47.948 UTC: 	 Got information from server oracle database: {u'result': [u'191101_121214:sthakur_crab_ExLepEEZ_M2500_MC_20191101', u'None', u'None', u'SUBMITTED', u'SUBMIT', u'2019-11-01 12:12:14.421169', u'None', u'2019-11-01 12:13:18.685581', u'None', u'CMSSW_10_4_0', u'slc7_amd64_gcc700', u'/ExcitedLepton_EEZ-2500_TuneCP5_13TeV-pythia8/RunIIFall17MiniAODv2-PU2017_12Apr2018_94X_mc2017_realistic_v14-v1/MINIAODSIM', u'T', u'0', u'[]', u'[]', u'FileBased', u"{'splitOnRun': False, 'halt_job_on_file_boundaries': False, 'files_per_job': 10, 'runs': [], 'lumis': []}", u'8e3badb8b69516df080920696c510f4ac6e34af34aa9205d9cd49c07c6cf323f.tar.gz', u'https://cmsweb.cern.ch/crabcache', u'sthakur', u'/DC=ch/DC=cern/OU=Organic Units/OU=Users/CN=sthakur/CN=764789/CN=Shalini Thakur', u'cms', u'None', u'None', u'ExLepEEZ_M2500_MC_20191101-00000000000000000000000000000000', u'F', u'T2_IN_TIFR', u'https://cmsweb.cern.ch/dbs/prod/global/DBSReader', u'https://cmsweb.cern.ch/dbs/prod/phys03/DBSWriter', u'T', u'[]', u"['ExLepEEZ_M2500_MC_20191101_Ntuple.root']", u'[]', u'Analysis', u'pythia', u'None', u'{}', u'[]', u'F', u'crab-prod-tw01', u'[]', u'1250', u'1', u'2000', u'10', u'None', u'[]', u'http://vocms0198.cern.ch/mon/cms251/191101_121214:sthakur_crab_ExLepEEZ_M2500_MC_20191101', u'None', u'[]', u'[]', u'https://cmsweb.cern.ch/crabserver/prod', u'cmsgwms-collector-global.cern.ch:9620,cmssrv623.fnal.gov:9620', u'crab3@vocms0198.cern.ch', u'F', u'[]', u'T', u'/store/user/sthakur/ntuple_for2017MC_20191101/MC_20191101/ExLepEEZ_M2500_MC_20191101', u'F', u'None', u'F', u'None', u'ExcitedLepton_EEZ-2500_TuneCP5_13TeV-pythia8', u'None', u'73bab1d337093513186ee99faa92503674c84405e77f952ac00fa4ae19a29738.tar.gz', u'40369638', u'filetransfers', u'F', u'2001:1458:d00:2e::100:9b', u'0.0', u'None'], u'desc': {u'columns': [u'tm_taskname', u'tm_activity', u'panda_jobset_id', u'tm_task_status', u'tm_task_command', u'tm_start_time', u'tm_start_injection', u'tm_end_injection', u'tm_task_failure', u'tm_job_sw', u'tm_job_arch', u'tm_input_dataset', u'tm_nonvalid_input_dataset', u'tm_use_parent', u'tm_site_whitelist', u'tm_site_blacklist', u'tm_split_algo', u'tm_split_args', u'tm_user_sandbox', u'tm_cache_url', u'tm_username', u'tm_user_dn', u'tm_user_vo', u'tm_user_role', u'tm_user_group', u'tm_publish_name', u'tm_publish_groupname', u'tm_asyncdest', u'tm_dbs_url', u'tm_publish_dbs_url', u'tm_publication', u'tm_outfiles', u'tm_tfile_outfiles', u'tm_edm_outfiles', u'tm_job_type', u'tm_generator', u'tm_events_per_lumi', u'tm_arguments', u'panda_resubmitted_jobs', u'tm_save_logs', u'tw_name', u'tm_user_infiles', u'tm_maxjobruntime', u'tm_numcores', u'tm_maxmemory', u'tm_priority', u'tm_output_dataset', u'tm_task_warnings', u'tm_user_webdir', u'tm_scriptexe', u'tm_scriptargs', u'tm_extrajdl', u'tm_asourl', u'tm_collector', u'tm_schedd', u'tm_dry_run', u'tm_user_files', u'tm_transfer_outputs', u'tm_output_lfn', u'tm_ignore_locality', u'tm_fail_limit', u'tm_one_event_mode', u'tm_secondary_input_dataset', u'tm_primary_dataset', u'tm_last_publication', u'tm_debug_files', u'clusterid', u'tm_asodb', u'tm_ignore_global_blacklist', u'tm_submitter_ip_addr', u'tm_totalunits', u'tm_ddm_reqid']}}
INFO 2019-11-11 18:30:47.949 UTC: 	 CRAB project directory:		/afs/cern.ch/work/s/sthakur/xRavindra/MiniTree2017Data/CMSSW_10_4_0/src/ExLep2017Crab/crab/CrabMC_20191101/crab_ExLepEEZ_M2500_MC_20191101
INFO 2019-11-11 18:30:47.949 UTC: 	 Task name:			191101_121214:sthakur_crab_ExLepEEZ_M2500_MC_20191101
INFO 2019-11-11 18:30:47.949 UTC: 	 Grid scheduler - Task Worker:	crab3@vocms0198.cern.ch - crab-prod-tw01
INFO 2019-11-11 18:30:47.949 UTC: 	 Status on the CRAB server:	SUBMITTED
INFO 2019-11-11 18:30:47.950 UTC: 	 Task URL to use for HELP:	https://cmsweb.cern.ch/crabserver/ui/task/191101_121214%3Asthakur_crab_ExLepEEZ_M2500_MC_20191101
INFO 2019-11-11 18:30:47.950 UTC: 	 Dashboard monitoring URL:	https://monit-grafana.cern.ch/d/cmsTMDetail/cms-task-monitoring-task-view?orgId=11&var-user=sthakur&var-task=191101_121214%3Asthakur_crab_ExLepEEZ_M2500_MC_20191101
INFO 2019-11-11 18:30:47.950 UTC: 	 In case of issues with the dashboard, please provide feedback to hn-cms-computing-tools@cern.ch
DEBUG 2019-11-11 18:30:47.950 UTC: 	 The CRAB server submitted your task to the Grid scheduler (cluster ID: 40369638)
DEBUG 2019-11-11 18:30:47.950 UTC: 	 Webdir is located at http://vocms0198.cern.ch/mon/cms251/191101_121214:sthakur_crab_ExLepEEZ_M2500_MC_20191101
DEBUG 2019-11-11 18:30:48.189 UTC: 	 Proxied webdir is located at https://cmsweb.cern.ch/scheddmon/0198/cms251/191101_121214:sthakur_crab_ExLepEEZ_M2500_MC_20191101
DEBUG 2019-11-11 18:30:48.189 UTC: 	 Retrieving 'status_cache' file from https://cmsweb.cern.ch/scheddmon/0198/cms251/191101_121214:sthakur_crab_ExLepEEZ_M2500_MC_20191101/status_cache
DEBUG 2019-11-11 18:30:48.456 UTC: 	 Got information from status cache file: {'1': {'Retries': 0, 'WallDurations': [10.0, 1834.0], 'StartTimes': [1572610642.0], 'SubmitTimes': [1572610413.0], 'JobIds': ['40369686.0'], 'EndTimes': [1572612476.0], 'Restarts': 0, 'RecordedSite': True, 'State': 'finished', 'ResidentSetSize': [747632], 'TotalUserCpuTimeHistory': [1479], 'SiteHistory': ['Unknown', 'T1_US_FNAL'], 'TotalSysCpuTimeHistory': [40]}, '2': {'Retries': 0, 'WallDurations': [9.0, 808.0], 'StartTimes': [1572610655.0], 'SubmitTimes': [1572610413.0], 'JobIds': ['40369688.0'], 'EndTimes': [1572611463.0], 'Restarts': 0, 'RecordedSite': True, 'State': 'finished', 'ResidentSetSize': [857292], 'TotalUserCpuTimeHistory': [496], 'SiteHistory': ['Unknown', 'T1_US_FNAL'], 'TotalSysCpuTimeHistory': [16]}}
INFO 2019-11-11 18:30:48.456 UTC: 	 Status on the scheduler:	COMPLETED
INFO 2019-11-11 18:30:48.456 UTC: 	 
Jobs status:                    finished     		100.0% (2/2)
INFO 2019-11-11 18:30:48.549 UTC: 	 
No publication information available yet
INFO 2019-11-11 18:30:48.549 UTC: 	 
Warning: the max jobs runtime is less than 30% of the task requested value (1250 min), please consider to request a lower value for failed jobs (allowed through crab resubmit) and/or improve the jobs splitting (e.g. config.Data.splitting = 'Automatic') in a new task.
INFO 2019-11-11 18:30:48.549 UTC: 	 
Summary of run jobs:
 * Memory: 730MB min, 837MB max, 784MB ave
 * Runtime: 0:13:28 min, 0:30:34 max, 0:22:01 ave
 * CPU eff: 63% min, 83% max, 77% ave
 * Waste: 0:00:19 (1% of total)

INFO 2019-11-11 18:30:48.564 UTC: 	 Log file is /afs/cern.ch/work/s/sthakur/xRavindra/MiniTree2017Data/CMSSW_10_4_0/src/ExLep2017Crab/crab/CrabMC_20191101/crab_ExLepEEZ_M2500_MC_20191101/crab.log
DEBUG 2019-11-11 18:47:24.405 UTC: 	 Running on: Linux lxplus714.cern.ch 3.10.0-1062.4.1.el7.x86_64 #1 SMP Fri Oct 18 17:15:30 UTC 2019 x86_64 x86_64 x86_64 GNU/Linux - CentOS Linux 7 (Core)
DEBUG 2019-11-11 18:47:24.427 UTC: 	 OpenSSl version: OpenSSL 1.0.2k-fips  26 Jan 2017 (Library: OpenSSL 1.0.2d-fips 9 Jul 2015)
DEBUG 2019-11-11 18:47:24.428 UTC: 	 Executing command: 'status'
DEBUG 2019-11-11 18:47:24.428 UTC: 	 Found CRAB cache file /afs/cern.ch/user/s/sthakur/.crab3
DEBUG 2019-11-11 18:47:24.443 UTC: 	 Checking credentials
DEBUG 2019-11-11 18:47:24.443 UTC: 	 Found proxy file /tmp/x509up_u77410
DEBUG 2019-11-11 18:47:24.443 UTC: 	 Getting proxy life time left
DEBUG 2019-11-11 18:47:25.149 UTC: 	 Executing : 
 command : voms-proxy-info -file /tmp/x509up_u77410 -timeleft
 output : 43146

 error: 
 retcode : 0
DEBUG 2019-11-11 18:47:25.856 UTC: 	 Executing : 
 command : voms-proxy-info -file /tmp/x509up_u77410 -actimeleft
 output : 43146

 error: 
 retcode : 0
DEBUG 2019-11-11 18:47:25.856 UTC: 	 Proxy valid for 11:59:06 hours
DEBUG 2019-11-11 18:47:26.112 UTC: 	 Executing : 
 command : openssl x509 -in ~/.globus/usercert.pem -subject -noout
 output : subject= /DC=ch/DC=cern/OU=Organic Units/OU=Users/CN=sthakur/CN=764789/CN=Shalini Thakur

 error: 
 retcode : 0
DEBUG 2019-11-11 18:47:26.113 UTC: 	 Checking credentials
DEBUG 2019-11-11 18:47:26.113 UTC: 	 Found proxy file /tmp/x509up_u77410
DEBUG 2019-11-11 18:47:26.113 UTC: 	 Getting proxy life time left
DEBUG 2019-11-11 18:47:26.824 UTC: 	 Executing : 
 command : voms-proxy-info -file /tmp/x509up_u77410 -timeleft
 output : 43145

 error: 
 retcode : 0
DEBUG 2019-11-11 18:47:27.533 UTC: 	 Executing : 
 command : voms-proxy-info -file /tmp/x509up_u77410 -actimeleft
 output : 43144

 error: 
 retcode : 0
DEBUG 2019-11-11 18:47:27.534 UTC: 	 Proxy lifetime 43145 secs is different from voms extension lifetime 43144 secs for proxy: /tmp/x509up_u77410
DEBUG 2019-11-11 18:47:27.534 UTC: 	 Proxy valid for 11:59:04 hours
DEBUG 2019-11-11 18:47:27.641 UTC: 	 Registering user credentials for server /DC=ch/DC=cern/OU=computers/CN=vocms(052|058|030|0118|0105|0109).cern.ch|/DC=ch/DC=cern/OU=computers/CN=crab-(preprod|prod)-tw(02|01).cern.ch
DEBUG 2019-11-11 18:47:27.752 UTC: 	 Executing : 
 command : openssl x509 -in ~/.globus/usercert.pem -subject -noout
 output : subject= /DC=ch/DC=cern/OU=Organic Units/OU=Users/CN=sthakur/CN=764789/CN=Shalini Thakur

 error: 
 retcode : 0
DEBUG 2019-11-11 18:47:27.752 UTC: 	 Getting myproxy life time left for myproxy.cern.ch
DEBUG 2019-11-11 18:47:27.752 UTC: 	 Calculating hash of /DC=ch/DC=cern/OU=Organic Units/OU=Users/CN=sthakur/CN=764789/CN=Shalini Thakur_cmsweb.cern.ch for credential name
DEBUG 2019-11-11 18:47:27.958 UTC: 	 Executing : 
 command : myproxy-info -l 9cd94953387eeee7bf4da2b7588630639ea1153b -s myproxy.cern.ch
 output : username: 9cd94953387eeee7bf4da2b7588630639ea1153b
owner: /DC=ch/DC=cern/OU=Organic Units/OU=Users/CN=sthakur/CN=764789/CN=Shalini Thakur
  renewal policy: /DC=ch/DC=cern/OU=computers/CN=vocms(052|058|030|0118|0105|0109).cern.ch|/DC=ch/DC=cern/OU=computers/CN=crab-(preprod|prod)-tw(02|01).cern.ch
  trusted retrieval policy: /DC=ch/DC=cern/OU=computers/CN=vocms(052|058|030|0118|0105|0109).cern.ch|/DC=ch/DC=cern/OU=computers/CN=crab-(preprod|prod)-tw(02|01).cern.ch
  timeleft: 710:45:52  (29.6 days)

 error: 
 retcode : 0
DEBUG 2019-11-11 18:47:27.959 UTC: 	 Myproxy is valid: 2558752
DEBUG 2019-11-11 18:47:27.960 UTC: 	 Command use: status
DEBUG 2019-11-11 18:47:27.960 UTC: 	 Options use: ['--verboseErrors', 'CrabMC_20191101/crab_ExLepEEZ_M2500_MC_20191101']
DEBUG 2019-11-11 18:47:28.032 UTC: 	 CRABClient version: 3.3.1911
DEBUG 2019-11-11 18:47:28.033 UTC: 	 Instance is prod
DEBUG 2019-11-11 18:47:28.033 UTC: 	 Server base url is cmsweb.cern.ch
DEBUG 2019-11-11 18:47:28.033 UTC: 	 Command url /crabserver/prod/workflow
DEBUG 2019-11-11 18:47:28.129 UTC: 	 Got information from server oracle database: {u'result': [u'191101_121214:sthakur_crab_ExLepEEZ_M2500_MC_20191101', u'None', u'None', u'SUBMITTED', u'SUBMIT', u'2019-11-01 12:12:14.421169', u'None', u'2019-11-01 12:13:18.685581', u'None', u'CMSSW_10_4_0', u'slc7_amd64_gcc700', u'/ExcitedLepton_EEZ-2500_TuneCP5_13TeV-pythia8/RunIIFall17MiniAODv2-PU2017_12Apr2018_94X_mc2017_realistic_v14-v1/MINIAODSIM', u'T', u'0', u'[]', u'[]', u'FileBased', u"{'splitOnRun': False, 'halt_job_on_file_boundaries': False, 'files_per_job': 10, 'runs': [], 'lumis': []}", u'8e3badb8b69516df080920696c510f4ac6e34af34aa9205d9cd49c07c6cf323f.tar.gz', u'https://cmsweb.cern.ch/crabcache', u'sthakur', u'/DC=ch/DC=cern/OU=Organic Units/OU=Users/CN=sthakur/CN=764789/CN=Shalini Thakur', u'cms', u'None', u'None', u'ExLepEEZ_M2500_MC_20191101-00000000000000000000000000000000', u'F', u'T2_IN_TIFR', u'https://cmsweb.cern.ch/dbs/prod/global/DBSReader', u'https://cmsweb.cern.ch/dbs/prod/phys03/DBSWriter', u'T', u'[]', u"['ExLepEEZ_M2500_MC_20191101_Ntuple.root']", u'[]', u'Analysis', u'pythia', u'None', u'{}', u'[]', u'F', u'crab-prod-tw01', u'[]', u'1250', u'1', u'2000', u'10', u'None', u'[]', u'http://vocms0198.cern.ch/mon/cms251/191101_121214:sthakur_crab_ExLepEEZ_M2500_MC_20191101', u'None', u'[]', u'[]', u'https://cmsweb.cern.ch/crabserver/prod', u'cmsgwms-collector-global.cern.ch:9620,cmssrv623.fnal.gov:9620', u'crab3@vocms0198.cern.ch', u'F', u'[]', u'T', u'/store/user/sthakur/ntuple_for2017MC_20191101/MC_20191101/ExLepEEZ_M2500_MC_20191101', u'F', u'None', u'F', u'None', u'ExcitedLepton_EEZ-2500_TuneCP5_13TeV-pythia8', u'None', u'73bab1d337093513186ee99faa92503674c84405e77f952ac00fa4ae19a29738.tar.gz', u'40369638', u'filetransfers', u'F', u'2001:1458:d00:2e::100:9b', u'0.0', u'None'], u'desc': {u'columns': [u'tm_taskname', u'tm_activity', u'panda_jobset_id', u'tm_task_status', u'tm_task_command', u'tm_start_time', u'tm_start_injection', u'tm_end_injection', u'tm_task_failure', u'tm_job_sw', u'tm_job_arch', u'tm_input_dataset', u'tm_nonvalid_input_dataset', u'tm_use_parent', u'tm_site_whitelist', u'tm_site_blacklist', u'tm_split_algo', u'tm_split_args', u'tm_user_sandbox', u'tm_cache_url', u'tm_username', u'tm_user_dn', u'tm_user_vo', u'tm_user_role', u'tm_user_group', u'tm_publish_name', u'tm_publish_groupname', u'tm_asyncdest', u'tm_dbs_url', u'tm_publish_dbs_url', u'tm_publication', u'tm_outfiles', u'tm_tfile_outfiles', u'tm_edm_outfiles', u'tm_job_type', u'tm_generator', u'tm_events_per_lumi', u'tm_arguments', u'panda_resubmitted_jobs', u'tm_save_logs', u'tw_name', u'tm_user_infiles', u'tm_maxjobruntime', u'tm_numcores', u'tm_maxmemory', u'tm_priority', u'tm_output_dataset', u'tm_task_warnings', u'tm_user_webdir', u'tm_scriptexe', u'tm_scriptargs', u'tm_extrajdl', u'tm_asourl', u'tm_collector', u'tm_schedd', u'tm_dry_run', u'tm_user_files', u'tm_transfer_outputs', u'tm_output_lfn', u'tm_ignore_locality', u'tm_fail_limit', u'tm_one_event_mode', u'tm_secondary_input_dataset', u'tm_primary_dataset', u'tm_last_publication', u'tm_debug_files', u'clusterid', u'tm_asodb', u'tm_ignore_global_blacklist', u'tm_submitter_ip_addr', u'tm_totalunits', u'tm_ddm_reqid']}}
INFO 2019-11-11 18:47:28.129 UTC: 	 CRAB project directory:		/afs/cern.ch/work/s/sthakur/xRavindra/MiniTree2017Data/CMSSW_10_4_0/src/ExLep2017Crab/crab/CrabMC_20191101/crab_ExLepEEZ_M2500_MC_20191101
INFO 2019-11-11 18:47:28.130 UTC: 	 Task name:			191101_121214:sthakur_crab_ExLepEEZ_M2500_MC_20191101
INFO 2019-11-11 18:47:28.130 UTC: 	 Grid scheduler - Task Worker:	crab3@vocms0198.cern.ch - crab-prod-tw01
INFO 2019-11-11 18:47:28.130 UTC: 	 Status on the CRAB server:	SUBMITTED
INFO 2019-11-11 18:47:28.130 UTC: 	 Task URL to use for HELP:	https://cmsweb.cern.ch/crabserver/ui/task/191101_121214%3Asthakur_crab_ExLepEEZ_M2500_MC_20191101
INFO 2019-11-11 18:47:28.130 UTC: 	 Dashboard monitoring URL:	https://monit-grafana.cern.ch/d/cmsTMDetail/cms-task-monitoring-task-view?orgId=11&var-user=sthakur&var-task=191101_121214%3Asthakur_crab_ExLepEEZ_M2500_MC_20191101
INFO 2019-11-11 18:47:28.130 UTC: 	 In case of issues with the dashboard, please provide feedback to hn-cms-computing-tools@cern.ch
DEBUG 2019-11-11 18:47:28.130 UTC: 	 The CRAB server submitted your task to the Grid scheduler (cluster ID: 40369638)
DEBUG 2019-11-11 18:47:28.130 UTC: 	 Webdir is located at http://vocms0198.cern.ch/mon/cms251/191101_121214:sthakur_crab_ExLepEEZ_M2500_MC_20191101
DEBUG 2019-11-11 18:47:28.215 UTC: 	 Proxied webdir is located at https://cmsweb.cern.ch/scheddmon/0198/cms251/191101_121214:sthakur_crab_ExLepEEZ_M2500_MC_20191101
DEBUG 2019-11-11 18:47:28.215 UTC: 	 Retrieving 'status_cache' file from https://cmsweb.cern.ch/scheddmon/0198/cms251/191101_121214:sthakur_crab_ExLepEEZ_M2500_MC_20191101/status_cache
DEBUG 2019-11-11 18:47:28.265 UTC: 	 Got information from status cache file: {'1': {'Retries': 0, 'WallDurations': [10.0, 1834.0], 'StartTimes': [1572610642.0], 'SubmitTimes': [1572610413.0], 'JobIds': ['40369686.0'], 'EndTimes': [1572612476.0], 'Restarts': 0, 'RecordedSite': True, 'State': 'finished', 'ResidentSetSize': [747632], 'TotalUserCpuTimeHistory': [1479], 'SiteHistory': ['Unknown', 'T1_US_FNAL'], 'TotalSysCpuTimeHistory': [40]}, '2': {'Retries': 0, 'WallDurations': [9.0, 808.0], 'StartTimes': [1572610655.0], 'SubmitTimes': [1572610413.0], 'JobIds': ['40369688.0'], 'EndTimes': [1572611463.0], 'Restarts': 0, 'RecordedSite': True, 'State': 'finished', 'ResidentSetSize': [857292], 'TotalUserCpuTimeHistory': [496], 'SiteHistory': ['Unknown', 'T1_US_FNAL'], 'TotalSysCpuTimeHistory': [16]}}
INFO 2019-11-11 18:47:28.265 UTC: 	 Status on the scheduler:	COMPLETED
INFO 2019-11-11 18:47:28.265 UTC: 	 
Jobs status:                    finished     		100.0% (2/2)
INFO 2019-11-11 18:47:28.366 UTC: 	 
No publication information available yet
INFO 2019-11-11 18:47:28.366 UTC: 	 
Warning: the max jobs runtime is less than 30% of the task requested value (1250 min), please consider to request a lower value for failed jobs (allowed through crab resubmit) and/or improve the jobs splitting (e.g. config.Data.splitting = 'Automatic') in a new task.
INFO 2019-11-11 18:47:28.367 UTC: 	 
Summary of run jobs:
 * Memory: 730MB min, 837MB max, 784MB ave
 * Runtime: 0:13:28 min, 0:30:34 max, 0:22:01 ave
 * CPU eff: 63% min, 83% max, 77% ave
 * Waste: 0:00:19 (1% of total)

INFO 2019-11-11 18:47:28.376 UTC: 	 Log file is /afs/cern.ch/work/s/sthakur/xRavindra/MiniTree2017Data/CMSSW_10_4_0/src/ExLep2017Crab/crab/CrabMC_20191101/crab_ExLepEEZ_M2500_MC_20191101/crab.log
