DEBUG 2019-11-01 12:11:22.572 UTC: 	 Running on: Linux lxplus707.cern.ch 3.10.0-1062.1.2.el7.x86_64 #1 SMP Mon Sep 30 14:19:46 UTC 2019 x86_64 x86_64 x86_64 GNU/Linux
Description:	CentOS Linux release 7.7.1908 (Core) 

DEBUG 2019-11-01 12:11:22.572 UTC: 	 Executing command: 'submit'
DEBUG 2019-11-01 12:11:22.583 UTC: 	 Found CRAB cache file /afs/cern.ch/user/s/sthakur/.crab3
DEBUG 2019-11-01 12:11:22.593 UTC: 	 Checking credentials
DEBUG 2019-11-01 12:11:22.593 UTC: 	 Found proxy file /tmp/x509up_u77410
DEBUG 2019-11-01 12:11:22.593 UTC: 	 Getting proxy life time left
DEBUG 2019-11-01 12:11:23.200 UTC: 	 Executing : 
 command : voms-proxy-info -file /tmp/x509up_u77410 -timeleft
 output : 43115

 error: 
 retcode : 0
DEBUG 2019-11-01 12:11:23.906 UTC: 	 Executing : 
 command : voms-proxy-info -file /tmp/x509up_u77410 -actimeleft
 output : 43115

 error: 
 retcode : 0
DEBUG 2019-11-01 12:11:23.906 UTC: 	 Proxy valid for 11:58:35 hours
DEBUG 2019-11-01 12:11:23.907 UTC: 	 Will use CRAB Analysis plugin (i.e. will run an analysis job type).
DEBUG 2019-11-01 12:11:24.027 UTC: 	 Executing : 
 command : openssl x509 -in ~/.globus/usercert.pem -subject -noout
 output : subject= /DC=ch/DC=cern/OU=Organic Units/OU=Users/CN=sthakur/CN=764789/CN=Shalini Thakur

 error: 
 retcode : 0
DEBUG 2019-11-01 12:11:24.027 UTC: 	 Checking credentials
DEBUG 2019-11-01 12:11:24.027 UTC: 	 Found proxy file /tmp/x509up_u77410
DEBUG 2019-11-01 12:11:24.027 UTC: 	 Getting proxy life time left
DEBUG 2019-11-01 12:11:24.734 UTC: 	 Executing : 
 command : voms-proxy-info -file /tmp/x509up_u77410 -timeleft
 output : 43114

 error: 
 retcode : 0
DEBUG 2019-11-01 12:11:25.441 UTC: 	 Executing : 
 command : voms-proxy-info -file /tmp/x509up_u77410 -actimeleft
 output : 43113

 error: 
 retcode : 0
DEBUG 2019-11-01 12:11:25.441 UTC: 	 Proxy lifetime 43114 secs is different from voms extension lifetime 43113 secs for proxy: /tmp/x509up_u77410
DEBUG 2019-11-01 12:11:25.441 UTC: 	 Proxy valid for 11:58:33 hours
DEBUG 2019-11-01 12:11:26.147 UTC: 	 Executing : 
 command : env X509_USER_PROXY=/tmp/x509up_u77410 voms-proxy-info -fqan
 output : /cms/Role=NULL/Capability=NULL

 error: 
 retcode : 0
DEBUG 2019-11-01 12:11:26.220 UTC: 	 Registering user credentials for server /DC=ch/DC=cern/OU=computers/CN=vocms(052|058|030|0118|0105|0109).cern.ch|/DC=ch/DC=cern/OU=computers/CN=crab-(preprod|prod)-tw(02|01).cern.ch
DEBUG 2019-11-01 12:11:26.330 UTC: 	 Executing : 
 command : openssl x509 -in ~/.globus/usercert.pem -subject -noout
 output : subject= /DC=ch/DC=cern/OU=Organic Units/OU=Users/CN=sthakur/CN=764789/CN=Shalini Thakur

 error: 
 retcode : 0
DEBUG 2019-11-01 12:11:26.330 UTC: 	 Getting myproxy life time left for myproxy.cern.ch
DEBUG 2019-11-01 12:11:26.330 UTC: 	 Calculating hash of /DC=ch/DC=cern/OU=Organic Units/OU=Users/CN=sthakur/CN=764789/CN=Shalini Thakur_cmsweb.cern.ch for credential name
DEBUG 2019-11-01 12:11:26.635 UTC: 	 Executing : 
 command : myproxy-info -l 9cd94953387eeee7bf4da2b7588630639ea1153b -s myproxy.cern.ch
 output : username: 9cd94953387eeee7bf4da2b7588630639ea1153b
owner: /DC=ch/DC=cern/OU=Organic Units/OU=Users/CN=sthakur/CN=764789/CN=Shalini Thakur
  renewal policy: /DC=ch/DC=cern/OU=computers/CN=vocms(052|058|030|0118|0105|0109).cern.ch|/DC=ch/DC=cern/OU=computers/CN=crab-(preprod|prod)-tw(02|01).cern.ch
  trusted retrieval policy: /DC=ch/DC=cern/OU=computers/CN=vocms(052|058|030|0118|0105|0109).cern.ch|/DC=ch/DC=cern/OU=computers/CN=crab-(preprod|prod)-tw(02|01).cern.ch
  timeleft: 558:26:34  (23.3 days)

 error: 
 retcode : 0
DEBUG 2019-11-01 12:11:26.636 UTC: 	 Myproxy is valid: 2010394
DEBUG 2019-11-01 12:11:26.636 UTC: 	 Command use: submit
DEBUG 2019-11-01 12:11:26.637 UTC: 	 Options use: ['--config', <WMCore.Configuration.Configuration object at 0x7f682801bf90>]
DEBUG 2019-11-01 12:11:26.720 UTC: 	 CRABClient version: 3.3.1910.patch2
DEBUG 2019-11-01 12:11:26.720 UTC: 	 Instance is prod
DEBUG 2019-11-01 12:11:26.720 UTC: 	 Server base url is cmsweb.cern.ch
DEBUG 2019-11-01 12:11:26.720 UTC: 	 Command url /crabserver/prod/workflow
DEBUG 2019-11-01 12:11:26.720 UTC: 	 Started submission
DEBUG 2019-11-01 12:11:26.721 UTC: 	 Working on /afs/cern.ch/work/s/sthakur/xRavindra/MiniTree2017Data/CMSSW_10_4_0/src/ExLep2017Crab/crab/CrabMC_20191101/crab_ExLepEEZ_M1750_MC_20191101
DEBUG 2019-11-01 12:11:26.929 UTC: 	 Loading required information from the environment
DEBUG 2019-11-01 12:11:26.929 UTC: 	 Found CMSSW_10_4_0 for slc7_amd64_gcc700 with base /afs/cern.ch/work/s/sthakur/xRavindra/MiniTree2017Data/CMSSW_10_4_0
DEBUG 2019-11-01 12:11:26.929 UTC: 	 Loading required information from the environment
DEBUG 2019-11-01 12:11:26.929 UTC: 	 Found CMSSW_10_4_0 for slc7_amd64_gcc700 with base /afs/cern.ch/work/s/sthakur/xRavindra/MiniTree2017Data/CMSSW_10_4_0
DEBUG 2019-11-01 12:11:26.944 UTC: 	 UNIQUE NAME: tarUUID b478eb72-6a3b-4256-aaf4-7909920c9afa 
DEBUG 2019-11-01 12:11:26.945 UTC: 	 self.config: from WMCore.Configuration import Configuration
config = Configuration()
config.section_('General')
config.General.workArea = 'CrabMC_20191101'
config.General.transferOutputs = True
config.General.transferLogs = False
config.General.requestName = 'ExLepEEZ_M1750_MC_20191101'
config.section_('JobType')
config.JobType.psetName = '20191101/config/ExLepEEZ_M1750_MC_20191101_cfg.py'
config.JobType.pluginName = 'Analysis'
config.JobType.inputFiles = ['../../ExLep2017Tree/Selection/test/Fall17_V3_MC_PtResolution_AK8PF.txt', '../../ExLep2017Tree/Selection/test/Fall17_V3_MC_SF_AK8PF.txt']
config.JobType.allowUndistributedCMSSW = True
config.JobType.maxMemoryMB = 2000
config.section_('Data')
config.Data.inputDataset = '/ExcitedLepton_EEZ-1750_TuneCP5_13TeV-pythia8/RunIIFall17MiniAODv2-PU2017_12Apr2018_94X_mc2017_realistic_v14-v1/MINIAODSIM'
config.Data.allowNonValidInputDataset = True
config.Data.unitsPerJob = 10
config.Data.inputDBS = 'global'
config.Data.splitting = 'FileBased'
config.Data.outputDatasetTag = 'ExLepEEZ_M1750_MC_20191101'
config.Data.outLFNDirBase = '/store/user/sthakur/ntuple_for2017MC_20191101/MC_20191101/ExLepEEZ_M1750_MC_20191101'
config.section_('Site')
config.Site.storageSite = 'T2_IN_TIFR'
config.section_('User')
config.section_('Debug')

DEBUG 2019-11-01 12:11:26.945 UTC: 	 self.config.JobType.psetName: 20191101/config/ExLepEEZ_M1750_MC_20191101_cfg.py
INFO 2019-11-01 12:11:26.945 UTC: 	 Importing CMSSW configuration 20191101/config/ExLepEEZ_M1750_MC_20191101_cfg.py
INFO 2019-11-01 12:11:27.194 UTC: 	 Finished importing CMSSW configuration 20191101/config/ExLepEEZ_M1750_MC_20191101_cfg.py
DEBUG 2019-11-01 12:11:27.194 UTC: 	 Writing CMSSW configuration to /afs/cern.ch/work/s/sthakur/xRavindra/MiniTree2017Data/CMSSW_10_4_0/src/ExLep2017Crab/crab/CrabMC_20191101/crab_ExLepEEZ_M1750_MC_20191101/inputs/PSet.py
DEBUG 2019-11-01 12:11:27.236 UTC: 	 The following EDM output files will be collected: []
DEBUG 2019-11-01 12:11:27.237 UTC: 	 The following TFile output files will be collected: ['ExLepEEZ_M1750_MC_20191101_Ntuple.root']
DEBUG 2019-11-01 12:11:27.237 UTC: 	 The following user output files (not listed as PoolOuputModule or TFileService in the CMSSW PSet) will be collected: 
DEBUG 2019-11-01 12:11:27.237 UTC: 	 Loading required information from the environment
DEBUG 2019-11-01 12:11:27.237 UTC: 	 Found CMSSW_10_4_0 for slc7_amd64_gcc700 with base /afs/cern.ch/work/s/sthakur/xRavindra/MiniTree2017Data/CMSSW_10_4_0
DEBUG 2019-11-01 12:11:27.237 UTC: 	 Making tarball in /afs/cern.ch/work/s/sthakur/xRavindra/MiniTree2017Data/CMSSW_10_4_0/src/ExLep2017Crab/crab/CrabMC_20191101/crab_ExLepEEZ_M1750_MC_20191101/inputs/b478eb72-6a3b-4256-aaf4-7909920c9afadefault.tgz
DEBUG 2019-11-01 12:11:27.238 UTC: 	 Checking directory /afs/cern.ch/work/s/sthakur/xRavindra/MiniTree2017Data/CMSSW_10_4_0/lib
DEBUG 2019-11-01 12:11:27.238 UTC: 	 Adding directory /afs/cern.ch/work/s/sthakur/xRavindra/MiniTree2017Data/CMSSW_10_4_0/lib to tarball
DEBUG 2019-11-01 12:11:27.250 UTC: 	 Checking directory /afs/cern.ch/work/s/sthakur/xRavindra/MiniTree2017Data/CMSSW_10_4_0/biglib
DEBUG 2019-11-01 12:11:27.250 UTC: 	 Adding directory /afs/cern.ch/work/s/sthakur/xRavindra/MiniTree2017Data/CMSSW_10_4_0/biglib to tarball
DEBUG 2019-11-01 12:11:27.251 UTC: 	 Checking directory /afs/cern.ch/work/s/sthakur/xRavindra/MiniTree2017Data/CMSSW_10_4_0/module
DEBUG 2019-11-01 12:11:27.260 UTC: 	 Adding data directory /afs/cern.ch/work/s/sthakur/xRavindra/MiniTree2017Data/CMSSW_10_4_0/src/ExLep2017Tree/Selection/interface to tarball
DEBUG 2019-11-01 12:11:27.272 UTC: 	 Adding file ../../ExLep2017Tree/Selection/test/Fall17_V3_MC_PtResolution_AK8PF.txt to tarball
DEBUG 2019-11-01 12:11:27.272 UTC: 	 Adding file ../../ExLep2017Tree/Selection/test/Fall17_V3_MC_SF_AK8PF.txt to tarball
DEBUG 2019-11-01 12:11:27.373 UTC: 	 Uploading archive /afs/cern.ch/work/s/sthakur/xRavindra/MiniTree2017Data/CMSSW_10_4_0/src/ExLep2017Crab/crab/CrabMC_20191101/crab_ExLepEEZ_M1750_MC_20191101/inputs/b478eb72-6a3b-4256-aaf4-7909920c9afadefault.tgz (239 KB) to the CRAB cache. Using URI https://cmsweb.cern.ch/crabcache
DEBUG 2019-11-01 12:11:27.654 UTC: 	 Loading required information from the environment
DEBUG 2019-11-01 12:11:27.654 UTC: 	 Found CMSSW_10_4_0 for slc7_amd64_gcc700 with base /afs/cern.ch/work/s/sthakur/xRavindra/MiniTree2017Data/CMSSW_10_4_0
DEBUG 2019-11-01 12:11:27.654 UTC: 	 Making tarball in /afs/cern.ch/work/s/sthakur/xRavindra/MiniTree2017Data/CMSSW_10_4_0/src/ExLep2017Crab/crab/CrabMC_20191101/crab_ExLepEEZ_M1750_MC_20191101/inputs/debugFiles.tgz
DEBUG 2019-11-01 12:11:27.717 UTC: 	 Uploading archive /afs/cern.ch/work/s/sthakur/xRavindra/MiniTree2017Data/CMSSW_10_4_0/src/ExLep2017Crab/crab/CrabMC_20191101/crab_ExLepEEZ_M1750_MC_20191101/inputs/debugFiles.tgz (2 KB) to the CRAB cache. Using URI https://cmsweb.cern.ch/crabcache
DEBUG 2019-11-01 12:11:27.783 UTC: 	 Result uploading input files: 58295d610eb214be9cb8dc510394df607abc03e040d762955d999ff226175a1b.tar.gz 
WARNING 2019-11-01 12:11:27.783 UTC: 	 Warning: The following output files will not be published, as they are not EDM files: ['ExLepEEZ_M1750_MC_20191101_Ntuple.root']
INFO 2019-11-01 12:11:27.783 UTC: 	 Sending the request to the server at cmsweb.cern.ch
DEBUG 2019-11-01 12:11:27.783 UTC: 	 Submitting {'maxjobruntime': 1250, 'extrajdl': [], 'ignorelocality': 0, 'savelogsflag': 0, 'useparent': 0, 'asyncdest': 'T2_IN_TIFR', 'algoargs': 10, 'cachefilename': '58295d610eb214be9cb8dc510394df607abc03e040d762955d999ff226175a1b.tar.gz', 'numcores': 1, 'addoutputfiles': [], 'generator': 'pythia', 'maxmemory': 2000, 'publishdbsurl': 'https://cmsweb.cern.ch/dbs/prod/phys03/DBSWriter', 'priority': 10, 'jobsw': 'CMSSW_10_4_0', 'edmoutfiles': [], 'userfiles': [], 'primarydataset': '', 'inputdata': '/ExcitedLepton_EEZ-1750_TuneCP5_13TeV-pythia8/RunIIFall17MiniAODv2-PU2017_12Apr2018_94X_mc2017_realistic_v14-v1/MINIAODSIM', 'lfn': '/store/user/sthakur/ntuple_for2017MC_20191101/MC_20191101/ExLepEEZ_M1750_MC_20191101', 'dryrun': 0, 'workflow': 'crab_ExLepEEZ_M1750_MC_20191101', 'cacheurl': u'https://cmsweb.cern.ch/crabcache', 'nonprodsw': 1, 'tfileoutfiles': ['ExLepEEZ_M1750_MC_20191101_Ntuple.root'], 'oneEventMode': 0, 'debugfilename': 'c8022daf94e28f55c1b706c61693ecefe2faf12cbda86912fce48cb6d8f6026a.tar.gz', 'saveoutput': 1, 'publication': 1, 'jobarch': 'slc7_amd64_gcc700', 'totalunits': 0, 'splitalgo': 'FileBased', 'ignoreglobalblacklist': 0, 'nonvaliddata': 1, 'dbsurl': 'https://cmsweb.cern.ch/dbs/prod/global/DBSReader', 'publishgroupname': 0, 'jobtype': 'Analysis', 'publishname2': 'ExLepEEZ_M1750_MC_20191101'} 
DEBUG 2019-11-01 12:11:27.784 UTC: 	 Encoded submit request: maxjobruntime=1250&ignorelocality=0&savelogsflag=0&useparent=0&asyncdest=T2_IN_TIFR&algoargs=10&cachefilename=58295d610eb214be9cb8dc510394df607abc03e040d762955d999ff226175a1b.tar.gz&numcores=1&generator=pythia&maxmemory=2000&publishdbsurl=https%3A%2F%2Fcmsweb.cern.ch%2Fdbs%2Fprod%2Fphys03%2FDBSWriter&priority=10&jobsw=CMSSW_10_4_0&primarydataset=&inputdata=%2FExcitedLepton_EEZ-1750_TuneCP5_13TeV-pythia8%2FRunIIFall17MiniAODv2-PU2017_12Apr2018_94X_mc2017_realistic_v14-v1%2FMINIAODSIM&lfn=%2Fstore%2Fuser%2Fsthakur%2Fntuple_for2017MC_20191101%2FMC_20191101%2FExLepEEZ_M1750_MC_20191101&dryrun=0&workflow=crab_ExLepEEZ_M1750_MC_20191101&cacheurl=https%3A%2F%2Fcmsweb.cern.ch%2Fcrabcache&nonprodsw=1&oneEventMode=0&debugfilename=c8022daf94e28f55c1b706c61693ecefe2faf12cbda86912fce48cb6d8f6026a.tar.gz&saveoutput=1&publication=1&jobarch=slc7_amd64_gcc700&totalunits=0&splitalgo=FileBased&ignoreglobalblacklist=0&nonvaliddata=1&dbsurl=https%3A%2F%2Fcmsweb.cern.ch%2Fdbs%2Fprod%2Fglobal%2FDBSReader&publishgroupname=0&jobtype=Analysis&publishname2=ExLepEEZ_M1750_MC_20191101&tfileoutfiles=ExLepEEZ_M1750_MC_20191101_Ntuple.root
DEBUG 2019-11-01 12:11:27.915 UTC: 	 Result: {u'result': [{u'RequestName': u'191101_121127:sthakur_crab_ExLepEEZ_M1750_MC_20191101'}]}
INFO 2019-11-01 12:11:27.918 UTC: 	 Success: Your task has been delivered to the prod CRAB3 server.
INFO 2019-11-01 12:11:27.918 UTC: 	 Task name: 191101_121127:sthakur_crab_ExLepEEZ_M1750_MC_20191101
INFO 2019-11-01 12:11:27.918 UTC: 	 Project dir: CrabMC_20191101/crab_ExLepEEZ_M1750_MC_20191101
INFO 2019-11-01 12:11:27.918 UTC: 	 Please use 'crab status -d CrabMC_20191101/crab_ExLepEEZ_M1750_MC_20191101' to check how the submission process proceeds.
DEBUG 2019-11-01 12:11:27.918 UTC: 	 About to return
DEBUG 2019-11-01 12:48:14.662 UTC: 	 Running on: Linux lxplus707.cern.ch 3.10.0-1062.1.2.el7.x86_64 #1 SMP Mon Sep 30 14:19:46 UTC 2019 x86_64 x86_64 x86_64 GNU/Linux
Description:	CentOS Linux release 7.7.1908 (Core) 

DEBUG 2019-11-01 12:48:14.662 UTC: 	 Executing command: 'status'
DEBUG 2019-11-01 12:48:14.663 UTC: 	 Found CRAB cache file /afs/cern.ch/user/s/sthakur/.crab3
DEBUG 2019-11-01 12:48:14.672 UTC: 	 Checking credentials
DEBUG 2019-11-01 12:48:14.673 UTC: 	 Found proxy file /tmp/x509up_u77410
DEBUG 2019-11-01 12:48:14.673 UTC: 	 Getting proxy life time left
DEBUG 2019-11-01 12:48:15.380 UTC: 	 Executing : 
 command : voms-proxy-info -file /tmp/x509up_u77410 -timeleft
 output : 40903

 error: 
 retcode : 0
DEBUG 2019-11-01 12:48:16.086 UTC: 	 Executing : 
 command : voms-proxy-info -file /tmp/x509up_u77410 -actimeleft
 output : 40903

 error: 
 retcode : 0
DEBUG 2019-11-01 12:48:16.086 UTC: 	 Proxy valid for 11:21:43 hours
DEBUG 2019-11-01 12:48:16.287 UTC: 	 Executing : 
 command : openssl x509 -in ~/.globus/usercert.pem -subject -noout
 output : subject= /DC=ch/DC=cern/OU=Organic Units/OU=Users/CN=sthakur/CN=764789/CN=Shalini Thakur

 error: 
 retcode : 0
DEBUG 2019-11-01 12:48:16.287 UTC: 	 Checking credentials
DEBUG 2019-11-01 12:48:16.287 UTC: 	 Found proxy file /tmp/x509up_u77410
DEBUG 2019-11-01 12:48:16.287 UTC: 	 Getting proxy life time left
DEBUG 2019-11-01 12:48:16.993 UTC: 	 Executing : 
 command : voms-proxy-info -file /tmp/x509up_u77410 -timeleft
 output : 40902

 error: 
 retcode : 0
DEBUG 2019-11-01 12:48:17.699 UTC: 	 Executing : 
 command : voms-proxy-info -file /tmp/x509up_u77410 -actimeleft
 output : 40901

 error: 
 retcode : 0
DEBUG 2019-11-01 12:48:17.699 UTC: 	 Proxy lifetime 40902 secs is different from voms extension lifetime 40901 secs for proxy: /tmp/x509up_u77410
DEBUG 2019-11-01 12:48:17.699 UTC: 	 Proxy valid for 11:21:41 hours
DEBUG 2019-11-01 12:48:17.807 UTC: 	 Registering user credentials for server /DC=ch/DC=cern/OU=computers/CN=vocms(052|058|030|0118|0105|0109).cern.ch|/DC=ch/DC=cern/OU=computers/CN=crab-(preprod|prod)-tw(02|01).cern.ch
DEBUG 2019-11-01 12:48:17.918 UTC: 	 Executing : 
 command : openssl x509 -in ~/.globus/usercert.pem -subject -noout
 output : subject= /DC=ch/DC=cern/OU=Organic Units/OU=Users/CN=sthakur/CN=764789/CN=Shalini Thakur

 error: 
 retcode : 0
DEBUG 2019-11-01 12:48:17.918 UTC: 	 Getting myproxy life time left for myproxy.cern.ch
DEBUG 2019-11-01 12:48:17.918 UTC: 	 Calculating hash of /DC=ch/DC=cern/OU=Organic Units/OU=Users/CN=sthakur/CN=764789/CN=Shalini Thakur_cmsweb.cern.ch for credential name
DEBUG 2019-11-01 12:48:18.223 UTC: 	 Executing : 
 command : myproxy-info -l 9cd94953387eeee7bf4da2b7588630639ea1153b -s myproxy.cern.ch
 output : username: 9cd94953387eeee7bf4da2b7588630639ea1153b
owner: /DC=ch/DC=cern/OU=Organic Units/OU=Users/CN=sthakur/CN=764789/CN=Shalini Thakur
  renewal policy: /DC=ch/DC=cern/OU=computers/CN=vocms(052|058|030|0118|0105|0109).cern.ch|/DC=ch/DC=cern/OU=computers/CN=crab-(preprod|prod)-tw(02|01).cern.ch
  trusted retrieval policy: /DC=ch/DC=cern/OU=computers/CN=vocms(052|058|030|0118|0105|0109).cern.ch|/DC=ch/DC=cern/OU=computers/CN=crab-(preprod|prod)-tw(02|01).cern.ch
  timeleft: 557:49:42  (23.2 days)

 error: 
 retcode : 0
DEBUG 2019-11-01 12:48:18.224 UTC: 	 Myproxy is valid: 2008182
DEBUG 2019-11-01 12:48:18.224 UTC: 	 Command use: status
DEBUG 2019-11-01 12:48:18.224 UTC: 	 Options use: ['--verboseErrors', 'CrabMC_20191101/crab_ExLepEEZ_M1750_MC_20191101']
DEBUG 2019-11-01 12:48:18.317 UTC: 	 CRABClient version: 3.3.1910.patch2
DEBUG 2019-11-01 12:48:18.317 UTC: 	 Instance is prod
DEBUG 2019-11-01 12:48:18.317 UTC: 	 Server base url is cmsweb.cern.ch
DEBUG 2019-11-01 12:48:18.317 UTC: 	 Command url /crabserver/prod/workflow
DEBUG 2019-11-01 12:48:18.401 UTC: 	 Got information from server oracle database: {u'result': [u'191101_121127:sthakur_crab_ExLepEEZ_M1750_MC_20191101', u'None', u'None', u'SUBMITTED', u'SUBMIT', u'2019-11-01 12:11:27.908323', u'None', u'2019-11-01 12:12:36.774342', u'None', u'CMSSW_10_4_0', u'slc7_amd64_gcc700', u'/ExcitedLepton_EEZ-1750_TuneCP5_13TeV-pythia8/RunIIFall17MiniAODv2-PU2017_12Apr2018_94X_mc2017_realistic_v14-v1/MINIAODSIM', u'T', u'0', u'[]', u'[]', u'FileBased', u"{'splitOnRun': False, 'halt_job_on_file_boundaries': False, 'files_per_job': 10, 'runs': [], 'lumis': []}", u'58295d610eb214be9cb8dc510394df607abc03e040d762955d999ff226175a1b.tar.gz', u'https://cmsweb.cern.ch/crabcache', u'sthakur', u'/DC=ch/DC=cern/OU=Organic Units/OU=Users/CN=sthakur/CN=764789/CN=Shalini Thakur', u'cms', u'None', u'None', u'ExLepEEZ_M1750_MC_20191101-00000000000000000000000000000000', u'F', u'T2_IN_TIFR', u'https://cmsweb.cern.ch/dbs/prod/global/DBSReader', u'https://cmsweb.cern.ch/dbs/prod/phys03/DBSWriter', u'T', u'[]', u"['ExLepEEZ_M1750_MC_20191101_Ntuple.root']", u'[]', u'Analysis', u'pythia', u'None', u'{}', u'[]', u'F', u'crab-prod-tw01', u'[]', u'1250', u'1', u'2000', u'10', u'None', u'[]', u'http://vocms0194.cern.ch/mon/cms251/191101_121127:sthakur_crab_ExLepEEZ_M1750_MC_20191101', u'None', u'[]', u'[]', u'https://cmsweb.cern.ch/crabserver/prod', u'cmsgwms-collector-global.cern.ch:9620,cmssrv623.fnal.gov:9620', u'crab3@vocms0194.cern.ch', u'F', u'[]', u'T', u'/store/user/sthakur/ntuple_for2017MC_20191101/MC_20191101/ExLepEEZ_M1750_MC_20191101', u'F', u'None', u'F', u'None', u'ExcitedLepton_EEZ-1750_TuneCP5_13TeV-pythia8', u'None', u'c8022daf94e28f55c1b706c61693ecefe2faf12cbda86912fce48cb6d8f6026a.tar.gz', u'45270735', u'filetransfers', u'F', u'2001:1458:d00:2e::100:9b', u'0.0', u'None'], u'desc': {u'columns': [u'tm_taskname', u'tm_activity', u'panda_jobset_id', u'tm_task_status', u'tm_task_command', u'tm_start_time', u'tm_start_injection', u'tm_end_injection', u'tm_task_failure', u'tm_job_sw', u'tm_job_arch', u'tm_input_dataset', u'tm_nonvalid_input_dataset', u'tm_use_parent', u'tm_site_whitelist', u'tm_site_blacklist', u'tm_split_algo', u'tm_split_args', u'tm_user_sandbox', u'tm_cache_url', u'tm_username', u'tm_user_dn', u'tm_user_vo', u'tm_user_role', u'tm_user_group', u'tm_publish_name', u'tm_publish_groupname', u'tm_asyncdest', u'tm_dbs_url', u'tm_publish_dbs_url', u'tm_publication', u'tm_outfiles', u'tm_tfile_outfiles', u'tm_edm_outfiles', u'tm_job_type', u'tm_generator', u'tm_events_per_lumi', u'tm_arguments', u'panda_resubmitted_jobs', u'tm_save_logs', u'tw_name', u'tm_user_infiles', u'tm_maxjobruntime', u'tm_numcores', u'tm_maxmemory', u'tm_priority', u'tm_output_dataset', u'tm_task_warnings', u'tm_user_webdir', u'tm_scriptexe', u'tm_scriptargs', u'tm_extrajdl', u'tm_asourl', u'tm_collector', u'tm_schedd', u'tm_dry_run', u'tm_user_files', u'tm_transfer_outputs', u'tm_output_lfn', u'tm_ignore_locality', u'tm_fail_limit', u'tm_one_event_mode', u'tm_secondary_input_dataset', u'tm_primary_dataset', u'tm_last_publication', u'tm_debug_files', u'clusterid', u'tm_asodb', u'tm_ignore_global_blacklist', u'tm_submitter_ip_addr', u'tm_totalunits', u'tm_ddm_reqid']}}
INFO 2019-11-01 12:48:18.401 UTC: 	 CRAB project directory:		/afs/cern.ch/work/s/sthakur/xRavindra/MiniTree2017Data/CMSSW_10_4_0/src/ExLep2017Crab/crab/CrabMC_20191101/crab_ExLepEEZ_M1750_MC_20191101
INFO 2019-11-01 12:48:18.402 UTC: 	 Task name:			191101_121127:sthakur_crab_ExLepEEZ_M1750_MC_20191101
INFO 2019-11-01 12:48:18.402 UTC: 	 Grid scheduler - Task Worker:	crab3@vocms0194.cern.ch - crab-prod-tw01
INFO 2019-11-01 12:48:18.402 UTC: 	 Status on the CRAB server:	SUBMITTED
INFO 2019-11-01 12:48:18.402 UTC: 	 Task URL to use for HELP:	https://cmsweb.cern.ch/crabserver/ui/task/191101_121127%3Asthakur_crab_ExLepEEZ_M1750_MC_20191101
INFO 2019-11-01 12:48:18.402 UTC: 	 Dashboard monitoring URL:	https://monit-grafana.cern.ch/d/cmsTMDetail/cms-task-monitoring-task-view?orgId=11&var-user=sthakur&var-task=191101_121127%3Asthakur_crab_ExLepEEZ_M1750_MC_20191101
INFO 2019-11-01 12:48:18.402 UTC: 	 In case of issues with the dashboard, please provide feedback to hn-cms-computing-tools@cern.ch
DEBUG 2019-11-01 12:48:18.402 UTC: 	 The CRAB server submitted your task to the Grid scheduler (cluster ID: 45270735)
DEBUG 2019-11-01 12:48:18.402 UTC: 	 Webdir is located at http://vocms0194.cern.ch/mon/cms251/191101_121127:sthakur_crab_ExLepEEZ_M1750_MC_20191101
DEBUG 2019-11-01 12:48:18.473 UTC: 	 Proxied webdir is located at https://cmsweb.cern.ch/scheddmon/0194/cms251/191101_121127:sthakur_crab_ExLepEEZ_M1750_MC_20191101
DEBUG 2019-11-01 12:48:18.473 UTC: 	 Retrieving 'status_cache' file from https://cmsweb.cern.ch/scheddmon/0194/cms251/191101_121127:sthakur_crab_ExLepEEZ_M1750_MC_20191101/status_cache
DEBUG 2019-11-01 12:48:18.522 UTC: 	 Got information from status cache file: {'1': {'Retries': 0, 'WallDurations': [9.0, 311.0], 'StartTimes': [1572610931.0], 'SubmitTimes': [1572610368.0], 'JobIds': ['45270739.0'], 'EndTimes': [], 'Restarts': 0, 'RecordedSite': True, 'State': 'running', 'ResidentSetSize': [770864], 'TotalUserCpuTimeHistory': [23.0], 'SiteHistory': ['Unknown', 'T2_US_Caltech'], 'TotalSysCpuTimeHistory': [2.0]}, '2': {'Retries': 0, 'WallDurations': [8.0, 908.0], 'StartTimes': [1572610924.0], 'SubmitTimes': [1572610368.0], 'JobIds': ['45270740.0'], 'EndTimes': [], 'Restarts': 0, 'RecordedSite': True, 'State': 'running', 'ResidentSetSize': [789624], 'TotalUserCpuTimeHistory': [90.0], 'SiteHistory': ['Unknown', 'T2_US_Caltech'], 'TotalSysCpuTimeHistory': [7.0]}}
INFO 2019-11-01 12:48:18.523 UTC: 	 Status on the scheduler:	SUBMITTED
INFO 2019-11-01 12:48:18.523 UTC: 	 
Jobs status:                    running      		100.0% (2/2)
INFO 2019-11-01 12:48:18.523 UTC: 	 
No publication information available yet
INFO 2019-11-01 12:48:18.532 UTC: 	 Log file is /afs/cern.ch/work/s/sthakur/xRavindra/MiniTree2017Data/CMSSW_10_4_0/src/ExLep2017Crab/crab/CrabMC_20191101/crab_ExLepEEZ_M1750_MC_20191101/crab.log
DEBUG 2019-11-01 16:54:52.374 UTC: 	 Running on: Linux lxplus721.cern.ch 3.10.0-1062.1.2.el7.x86_64 #1 SMP Mon Sep 30 14:19:46 UTC 2019 x86_64 x86_64 x86_64 GNU/Linux
Description:	CentOS Linux release 7.7.1908 (Core) 

DEBUG 2019-11-01 16:54:52.374 UTC: 	 Executing command: 'status'
DEBUG 2019-11-01 16:54:52.374 UTC: 	 Found CRAB cache file /afs/cern.ch/user/s/sthakur/.crab3
DEBUG 2019-11-01 16:54:52.394 UTC: 	 Checking credentials
DEBUG 2019-11-01 16:54:52.394 UTC: 	 Found proxy file /tmp/x509up_u77410
DEBUG 2019-11-01 16:54:52.394 UTC: 	 Getting proxy life time left
DEBUG 2019-11-01 16:54:53.099 UTC: 	 Executing : 
 command : voms-proxy-info -file /tmp/x509up_u77410 -timeleft
 output : 43136

 error: 
 retcode : 0
DEBUG 2019-11-01 16:54:53.706 UTC: 	 Executing : 
 command : voms-proxy-info -file /tmp/x509up_u77410 -actimeleft
 output : 43135

 error: 
 retcode : 0
DEBUG 2019-11-01 16:54:53.707 UTC: 	 Proxy lifetime 43136 secs is different from voms extension lifetime 43135 secs for proxy: /tmp/x509up_u77410
DEBUG 2019-11-01 16:54:53.707 UTC: 	 Proxy valid for 11:58:55 hours
DEBUG 2019-11-01 16:54:53.878 UTC: 	 Executing : 
 command : openssl x509 -in ~/.globus/usercert.pem -subject -noout
 output : subject= /DC=ch/DC=cern/OU=Organic Units/OU=Users/CN=sthakur/CN=764789/CN=Shalini Thakur

 error: 
 retcode : 0
DEBUG 2019-11-01 16:54:53.878 UTC: 	 Checking credentials
DEBUG 2019-11-01 16:54:53.878 UTC: 	 Found proxy file /tmp/x509up_u77410
DEBUG 2019-11-01 16:54:53.878 UTC: 	 Getting proxy life time left
DEBUG 2019-11-01 16:54:54.488 UTC: 	 Executing : 
 command : voms-proxy-info -file /tmp/x509up_u77410 -timeleft
 output : 43134

 error: 
 retcode : 0
DEBUG 2019-11-01 16:54:55.104 UTC: 	 Executing : 
 command : voms-proxy-info -file /tmp/x509up_u77410 -actimeleft
 output : 43133

 error: 
 retcode : 0
DEBUG 2019-11-01 16:54:55.105 UTC: 	 Proxy lifetime 43134 secs is different from voms extension lifetime 43133 secs for proxy: /tmp/x509up_u77410
DEBUG 2019-11-01 16:54:55.105 UTC: 	 Proxy valid for 11:58:53 hours
DEBUG 2019-11-01 16:54:55.176 UTC: 	 Registering user credentials for server /DC=ch/DC=cern/OU=computers/CN=vocms(052|058|030|0118|0105|0109).cern.ch|/DC=ch/DC=cern/OU=computers/CN=crab-(preprod|prod)-tw(02|01).cern.ch
DEBUG 2019-11-01 16:54:55.287 UTC: 	 Executing : 
 command : openssl x509 -in ~/.globus/usercert.pem -subject -noout
 output : subject= /DC=ch/DC=cern/OU=Organic Units/OU=Users/CN=sthakur/CN=764789/CN=Shalini Thakur

 error: 
 retcode : 0
DEBUG 2019-11-01 16:54:55.288 UTC: 	 Getting myproxy life time left for myproxy.cern.ch
DEBUG 2019-11-01 16:54:55.288 UTC: 	 Calculating hash of /DC=ch/DC=cern/OU=Organic Units/OU=Users/CN=sthakur/CN=764789/CN=Shalini Thakur_cmsweb.cern.ch for credential name
DEBUG 2019-11-01 16:54:55.893 UTC: 	 Executing : 
 command : myproxy-info -l 9cd94953387eeee7bf4da2b7588630639ea1153b -s myproxy.cern.ch
 output : username: 9cd94953387eeee7bf4da2b7588630639ea1153b
owner: /DC=ch/DC=cern/OU=Organic Units/OU=Users/CN=sthakur/CN=764789/CN=Shalini Thakur
  renewal policy: /DC=ch/DC=cern/OU=computers/CN=vocms(052|058|030|0118|0105|0109).cern.ch|/DC=ch/DC=cern/OU=computers/CN=crab-(preprod|prod)-tw(02|01).cern.ch
  trusted retrieval policy: /DC=ch/DC=cern/OU=computers/CN=vocms(052|058|030|0118|0105|0109).cern.ch|/DC=ch/DC=cern/OU=computers/CN=crab-(preprod|prod)-tw(02|01).cern.ch
  timeleft: 553:43:05  (23.1 days)

 error: 
 retcode : 0
DEBUG 2019-11-01 16:54:55.894 UTC: 	 Myproxy is valid: 1993385
DEBUG 2019-11-01 16:54:55.895 UTC: 	 Command use: status
DEBUG 2019-11-01 16:54:55.895 UTC: 	 Options use: ['--verboseErrors', 'CrabMC_20191101/crab_ExLepEEZ_M1750_MC_20191101']
DEBUG 2019-11-01 16:54:56.025 UTC: 	 CRABClient version: 3.3.1910.patch2
DEBUG 2019-11-01 16:54:56.025 UTC: 	 Instance is prod
DEBUG 2019-11-01 16:54:56.025 UTC: 	 Server base url is cmsweb.cern.ch
DEBUG 2019-11-01 16:54:56.025 UTC: 	 Command url /crabserver/prod/workflow
DEBUG 2019-11-01 16:54:56.098 UTC: 	 Got information from server oracle database: {u'result': [u'191101_121127:sthakur_crab_ExLepEEZ_M1750_MC_20191101', u'None', u'None', u'SUBMITTED', u'SUBMIT', u'2019-11-01 12:11:27.908323', u'None', u'2019-11-01 12:12:36.774342', u'None', u'CMSSW_10_4_0', u'slc7_amd64_gcc700', u'/ExcitedLepton_EEZ-1750_TuneCP5_13TeV-pythia8/RunIIFall17MiniAODv2-PU2017_12Apr2018_94X_mc2017_realistic_v14-v1/MINIAODSIM', u'T', u'0', u'[]', u'[]', u'FileBased', u"{'splitOnRun': False, 'halt_job_on_file_boundaries': False, 'files_per_job': 10, 'runs': [], 'lumis': []}", u'58295d610eb214be9cb8dc510394df607abc03e040d762955d999ff226175a1b.tar.gz', u'https://cmsweb.cern.ch/crabcache', u'sthakur', u'/DC=ch/DC=cern/OU=Organic Units/OU=Users/CN=sthakur/CN=764789/CN=Shalini Thakur', u'cms', u'None', u'None', u'ExLepEEZ_M1750_MC_20191101-00000000000000000000000000000000', u'F', u'T2_IN_TIFR', u'https://cmsweb.cern.ch/dbs/prod/global/DBSReader', u'https://cmsweb.cern.ch/dbs/prod/phys03/DBSWriter', u'T', u'[]', u"['ExLepEEZ_M1750_MC_20191101_Ntuple.root']", u'[]', u'Analysis', u'pythia', u'None', u'{}', u'[]', u'F', u'crab-prod-tw01', u'[]', u'1250', u'1', u'2000', u'10', u'None', u'[]', u'http://vocms0194.cern.ch/mon/cms251/191101_121127:sthakur_crab_ExLepEEZ_M1750_MC_20191101', u'None', u'[]', u'[]', u'https://cmsweb.cern.ch/crabserver/prod', u'cmsgwms-collector-global.cern.ch:9620,cmssrv623.fnal.gov:9620', u'crab3@vocms0194.cern.ch', u'F', u'[]', u'T', u'/store/user/sthakur/ntuple_for2017MC_20191101/MC_20191101/ExLepEEZ_M1750_MC_20191101', u'F', u'None', u'F', u'None', u'ExcitedLepton_EEZ-1750_TuneCP5_13TeV-pythia8', u'None', u'c8022daf94e28f55c1b706c61693ecefe2faf12cbda86912fce48cb6d8f6026a.tar.gz', u'45270735', u'filetransfers', u'F', u'2001:1458:d00:2e::100:9b', u'0.0', u'None'], u'desc': {u'columns': [u'tm_taskname', u'tm_activity', u'panda_jobset_id', u'tm_task_status', u'tm_task_command', u'tm_start_time', u'tm_start_injection', u'tm_end_injection', u'tm_task_failure', u'tm_job_sw', u'tm_job_arch', u'tm_input_dataset', u'tm_nonvalid_input_dataset', u'tm_use_parent', u'tm_site_whitelist', u'tm_site_blacklist', u'tm_split_algo', u'tm_split_args', u'tm_user_sandbox', u'tm_cache_url', u'tm_username', u'tm_user_dn', u'tm_user_vo', u'tm_user_role', u'tm_user_group', u'tm_publish_name', u'tm_publish_groupname', u'tm_asyncdest', u'tm_dbs_url', u'tm_publish_dbs_url', u'tm_publication', u'tm_outfiles', u'tm_tfile_outfiles', u'tm_edm_outfiles', u'tm_job_type', u'tm_generator', u'tm_events_per_lumi', u'tm_arguments', u'panda_resubmitted_jobs', u'tm_save_logs', u'tw_name', u'tm_user_infiles', u'tm_maxjobruntime', u'tm_numcores', u'tm_maxmemory', u'tm_priority', u'tm_output_dataset', u'tm_task_warnings', u'tm_user_webdir', u'tm_scriptexe', u'tm_scriptargs', u'tm_extrajdl', u'tm_asourl', u'tm_collector', u'tm_schedd', u'tm_dry_run', u'tm_user_files', u'tm_transfer_outputs', u'tm_output_lfn', u'tm_ignore_locality', u'tm_fail_limit', u'tm_one_event_mode', u'tm_secondary_input_dataset', u'tm_primary_dataset', u'tm_last_publication', u'tm_debug_files', u'clusterid', u'tm_asodb', u'tm_ignore_global_blacklist', u'tm_submitter_ip_addr', u'tm_totalunits', u'tm_ddm_reqid']}}
INFO 2019-11-01 16:54:56.098 UTC: 	 CRAB project directory:		/afs/cern.ch/work/s/sthakur/xRavindra/MiniTree2017Data/CMSSW_10_4_0/src/ExLep2017Crab/crab/CrabMC_20191101/crab_ExLepEEZ_M1750_MC_20191101
INFO 2019-11-01 16:54:56.098 UTC: 	 Task name:			191101_121127:sthakur_crab_ExLepEEZ_M1750_MC_20191101
INFO 2019-11-01 16:54:56.098 UTC: 	 Grid scheduler - Task Worker:	crab3@vocms0194.cern.ch - crab-prod-tw01
INFO 2019-11-01 16:54:56.099 UTC: 	 Status on the CRAB server:	SUBMITTED
INFO 2019-11-01 16:54:56.099 UTC: 	 Task URL to use for HELP:	https://cmsweb.cern.ch/crabserver/ui/task/191101_121127%3Asthakur_crab_ExLepEEZ_M1750_MC_20191101
INFO 2019-11-01 16:54:56.099 UTC: 	 Dashboard monitoring URL:	https://monit-grafana.cern.ch/d/cmsTMDetail/cms-task-monitoring-task-view?orgId=11&var-user=sthakur&var-task=191101_121127%3Asthakur_crab_ExLepEEZ_M1750_MC_20191101
INFO 2019-11-01 16:54:56.099 UTC: 	 In case of issues with the dashboard, please provide feedback to hn-cms-computing-tools@cern.ch
DEBUG 2019-11-01 16:54:56.099 UTC: 	 The CRAB server submitted your task to the Grid scheduler (cluster ID: 45270735)
DEBUG 2019-11-01 16:54:56.099 UTC: 	 Webdir is located at http://vocms0194.cern.ch/mon/cms251/191101_121127:sthakur_crab_ExLepEEZ_M1750_MC_20191101
DEBUG 2019-11-01 16:54:56.229 UTC: 	 Proxied webdir is located at https://cmsweb.cern.ch/scheddmon/0194/cms251/191101_121127:sthakur_crab_ExLepEEZ_M1750_MC_20191101
DEBUG 2019-11-01 16:54:56.229 UTC: 	 Retrieving 'status_cache' file from https://cmsweb.cern.ch/scheddmon/0194/cms251/191101_121127:sthakur_crab_ExLepEEZ_M1750_MC_20191101/status_cache
DEBUG 2019-11-01 16:54:56.284 UTC: 	 Got information from status cache file: {'1': {'Retries': 0, 'WallDurations': [9.0, 15568.0], 'StartTimes': [1572610931.0], 'SubmitTimes': [1572610368.0], 'JobIds': ['45270739.0'], 'EndTimes': [1572626499.0], 'Restarts': 0, 'RecordedSite': True, 'State': 'transferring', 'ResidentSetSize': [770864], 'TotalUserCpuTimeHistory': [1345], 'SiteHistory': ['Unknown', 'T2_US_Caltech'], 'TotalSysCpuTimeHistory': [91]}, '2': {'Retries': 0, 'WallDurations': [8.0, 2136.0], 'StartTimes': [1572610924.0], 'SubmitTimes': [1572610368.0], 'JobIds': ['45270740.0'], 'EndTimes': [1572613060.0], 'Restarts': 0, 'RecordedSite': True, 'State': 'finished', 'ResidentSetSize': [789624], 'TotalUserCpuTimeHistory': [209], 'SiteHistory': ['Unknown', 'T2_US_Caltech'], 'TotalSysCpuTimeHistory': [15]}}
INFO 2019-11-01 16:54:56.284 UTC: 	 Status on the scheduler:	SUBMITTED
INFO 2019-11-01 16:54:56.284 UTC: 	 
Jobs status:                    finished     		 50.0% (1/2)
INFO 2019-11-01 16:54:56.284 UTC: 	 				transferring 		 50.0% (1/2)
INFO 2019-11-01 16:54:56.365 UTC: 	 
No publication information available yet
INFO 2019-11-01 16:54:56.366 UTC: 	 
Warning: the max jobs runtime is less than 30% of the task requested value (1250 min), please consider to request a lower value for failed jobs (allowed through crab resubmit) and/or improve the jobs splitting (e.g. config.Data.splitting = 'Automatic') in a new task.
INFO 2019-11-01 16:54:56.366 UTC: 	 
Warning: the average jobs CPU efficiency is less than 50%, please consider to improve the jobs splitting (e.g. config.Data.splitting = 'Automatic') in a new task
INFO 2019-11-01 16:54:56.366 UTC: 	 
Summary of run jobs:
 * Memory: 752MB min, 771MB max, 762MB ave
 * Runtime: 0:35:36 min, 4:19:28 max, 2:27:32 ave
 * CPU eff: 9% min, 10% max, 9% ave
 * Waste: 0:00:17 (0% of total)

INFO 2019-11-01 16:54:56.395 UTC: 	 Log file is /afs/cern.ch/work/s/sthakur/xRavindra/MiniTree2017Data/CMSSW_10_4_0/src/ExLep2017Crab/crab/CrabMC_20191101/crab_ExLepEEZ_M1750_MC_20191101/crab.log
DEBUG 2019-11-03 17:54:30.198 UTC: 	 Running on: Linux lxplus737.cern.ch 3.10.0-1062.1.2.el7.x86_64 #1 SMP Mon Sep 30 14:19:46 UTC 2019 x86_64 x86_64 x86_64 GNU/Linux
Description:	CentOS Linux release 7.7.1908 (Core) 

DEBUG 2019-11-03 17:54:30.199 UTC: 	 Executing command: 'status'
DEBUG 2019-11-03 17:54:30.199 UTC: 	 Found CRAB cache file /afs/cern.ch/user/s/sthakur/.crab3
DEBUG 2019-11-03 17:54:30.227 UTC: 	 Checking credentials
DEBUG 2019-11-03 17:54:30.228 UTC: 	 Found proxy file /tmp/x509up_u77410
DEBUG 2019-11-03 17:54:30.228 UTC: 	 Getting proxy life time left
DEBUG 2019-11-03 17:54:30.933 UTC: 	 Executing : 
 command : voms-proxy-info -file /tmp/x509up_u77410 -timeleft
 output : 43136

 error: 
 retcode : 0
DEBUG 2019-11-03 17:54:31.640 UTC: 	 Executing : 
 command : voms-proxy-info -file /tmp/x509up_u77410 -actimeleft
 output : 43135

 error: 
 retcode : 0
DEBUG 2019-11-03 17:54:31.640 UTC: 	 Proxy lifetime 43136 secs is different from voms extension lifetime 43135 secs for proxy: /tmp/x509up_u77410
DEBUG 2019-11-03 17:54:31.640 UTC: 	 Proxy valid for 11:58:55 hours
DEBUG 2019-11-03 17:54:31.756 UTC: 	 Executing : 
 command : openssl x509 -in ~/.globus/usercert.pem -subject -noout
 output : subject= /DC=ch/DC=cern/OU=Organic Units/OU=Users/CN=sthakur/CN=764789/CN=Shalini Thakur

 error: 
 retcode : 0
DEBUG 2019-11-03 17:54:31.756 UTC: 	 Checking credentials
DEBUG 2019-11-03 17:54:31.756 UTC: 	 Found proxy file /tmp/x509up_u77410
DEBUG 2019-11-03 17:54:31.756 UTC: 	 Getting proxy life time left
DEBUG 2019-11-03 17:54:32.462 UTC: 	 Executing : 
 command : voms-proxy-info -file /tmp/x509up_u77410 -timeleft
 output : 43134

 error: 
 retcode : 0
DEBUG 2019-11-03 17:54:33.171 UTC: 	 Executing : 
 command : voms-proxy-info -file /tmp/x509up_u77410 -actimeleft
 output : 43133

 error: 
 retcode : 0
DEBUG 2019-11-03 17:54:33.171 UTC: 	 Proxy lifetime 43134 secs is different from voms extension lifetime 43133 secs for proxy: /tmp/x509up_u77410
DEBUG 2019-11-03 17:54:33.171 UTC: 	 Proxy valid for 11:58:53 hours
DEBUG 2019-11-03 17:54:33.267 UTC: 	 Registering user credentials for server /DC=ch/DC=cern/OU=computers/CN=vocms(052|058|030|0118|0105|0109).cern.ch|/DC=ch/DC=cern/OU=computers/CN=crab-(preprod|prod)-tw(02|01).cern.ch
DEBUG 2019-11-03 17:54:33.379 UTC: 	 Executing : 
 command : openssl x509 -in ~/.globus/usercert.pem -subject -noout
 output : subject= /DC=ch/DC=cern/OU=Organic Units/OU=Users/CN=sthakur/CN=764789/CN=Shalini Thakur

 error: 
 retcode : 0
DEBUG 2019-11-03 17:54:33.380 UTC: 	 Getting myproxy life time left for myproxy.cern.ch
DEBUG 2019-11-03 17:54:33.380 UTC: 	 Calculating hash of /DC=ch/DC=cern/OU=Organic Units/OU=Users/CN=sthakur/CN=764789/CN=Shalini Thakur_cmsweb.cern.ch for credential name
DEBUG 2019-11-03 17:54:33.785 UTC: 	 Executing : 
 command : myproxy-info -l 9cd94953387eeee7bf4da2b7588630639ea1153b -s myproxy.cern.ch
 output : username: 9cd94953387eeee7bf4da2b7588630639ea1153b
owner: /DC=ch/DC=cern/OU=Organic Units/OU=Users/CN=sthakur/CN=764789/CN=Shalini Thakur
  renewal policy: /DC=ch/DC=cern/OU=computers/CN=vocms(052|058|030|0118|0105|0109).cern.ch|/DC=ch/DC=cern/OU=computers/CN=crab-(preprod|prod)-tw(02|01).cern.ch
  trusted retrieval policy: /DC=ch/DC=cern/OU=computers/CN=vocms(052|058|030|0118|0105|0109).cern.ch|/DC=ch/DC=cern/OU=computers/CN=crab-(preprod|prod)-tw(02|01).cern.ch
  timeleft: 504:43:27  (21.0 days)

 error: 
 retcode : 0
DEBUG 2019-11-03 17:54:33.786 UTC: 	 Myproxy is valid: 1817007
DEBUG 2019-11-03 17:54:33.787 UTC: 	 Command use: status
DEBUG 2019-11-03 17:54:33.787 UTC: 	 Options use: ['--verboseErrors', 'CrabMC_20191101/crab_ExLepEEZ_M1750_MC_20191101']
DEBUG 2019-11-03 17:54:33.866 UTC: 	 CRABClient version: 3.3.1910.patch2
DEBUG 2019-11-03 17:54:33.866 UTC: 	 Instance is prod
DEBUG 2019-11-03 17:54:33.866 UTC: 	 Server base url is cmsweb.cern.ch
DEBUG 2019-11-03 17:54:33.866 UTC: 	 Command url /crabserver/prod/workflow
DEBUG 2019-11-03 17:54:33.949 UTC: 	 Got information from server oracle database: {u'result': [u'191101_121127:sthakur_crab_ExLepEEZ_M1750_MC_20191101', u'None', u'None', u'SUBMITTED', u'SUBMIT', u'2019-11-01 12:11:27.908323', u'None', u'2019-11-01 12:12:36.774342', u'None', u'CMSSW_10_4_0', u'slc7_amd64_gcc700', u'/ExcitedLepton_EEZ-1750_TuneCP5_13TeV-pythia8/RunIIFall17MiniAODv2-PU2017_12Apr2018_94X_mc2017_realistic_v14-v1/MINIAODSIM', u'T', u'0', u'[]', u'[]', u'FileBased', u"{'splitOnRun': False, 'halt_job_on_file_boundaries': False, 'files_per_job': 10, 'runs': [], 'lumis': []}", u'58295d610eb214be9cb8dc510394df607abc03e040d762955d999ff226175a1b.tar.gz', u'https://cmsweb.cern.ch/crabcache', u'sthakur', u'/DC=ch/DC=cern/OU=Organic Units/OU=Users/CN=sthakur/CN=764789/CN=Shalini Thakur', u'cms', u'None', u'None', u'ExLepEEZ_M1750_MC_20191101-00000000000000000000000000000000', u'F', u'T2_IN_TIFR', u'https://cmsweb.cern.ch/dbs/prod/global/DBSReader', u'https://cmsweb.cern.ch/dbs/prod/phys03/DBSWriter', u'T', u'[]', u"['ExLepEEZ_M1750_MC_20191101_Ntuple.root']", u'[]', u'Analysis', u'pythia', u'None', u'{}', u'[]', u'F', u'crab-prod-tw01', u'[]', u'1250', u'1', u'2000', u'10', u'None', u'[]', u'http://vocms0194.cern.ch/mon/cms251/191101_121127:sthakur_crab_ExLepEEZ_M1750_MC_20191101', u'None', u'[]', u'[]', u'https://cmsweb.cern.ch/crabserver/prod', u'cmsgwms-collector-global.cern.ch:9620,cmssrv623.fnal.gov:9620', u'crab3@vocms0194.cern.ch', u'F', u'[]', u'T', u'/store/user/sthakur/ntuple_for2017MC_20191101/MC_20191101/ExLepEEZ_M1750_MC_20191101', u'F', u'None', u'F', u'None', u'ExcitedLepton_EEZ-1750_TuneCP5_13TeV-pythia8', u'None', u'c8022daf94e28f55c1b706c61693ecefe2faf12cbda86912fce48cb6d8f6026a.tar.gz', u'45270735', u'filetransfers', u'F', u'2001:1458:d00:2e::100:9b', u'0.0', u'None'], u'desc': {u'columns': [u'tm_taskname', u'tm_activity', u'panda_jobset_id', u'tm_task_status', u'tm_task_command', u'tm_start_time', u'tm_start_injection', u'tm_end_injection', u'tm_task_failure', u'tm_job_sw', u'tm_job_arch', u'tm_input_dataset', u'tm_nonvalid_input_dataset', u'tm_use_parent', u'tm_site_whitelist', u'tm_site_blacklist', u'tm_split_algo', u'tm_split_args', u'tm_user_sandbox', u'tm_cache_url', u'tm_username', u'tm_user_dn', u'tm_user_vo', u'tm_user_role', u'tm_user_group', u'tm_publish_name', u'tm_publish_groupname', u'tm_asyncdest', u'tm_dbs_url', u'tm_publish_dbs_url', u'tm_publication', u'tm_outfiles', u'tm_tfile_outfiles', u'tm_edm_outfiles', u'tm_job_type', u'tm_generator', u'tm_events_per_lumi', u'tm_arguments', u'panda_resubmitted_jobs', u'tm_save_logs', u'tw_name', u'tm_user_infiles', u'tm_maxjobruntime', u'tm_numcores', u'tm_maxmemory', u'tm_priority', u'tm_output_dataset', u'tm_task_warnings', u'tm_user_webdir', u'tm_scriptexe', u'tm_scriptargs', u'tm_extrajdl', u'tm_asourl', u'tm_collector', u'tm_schedd', u'tm_dry_run', u'tm_user_files', u'tm_transfer_outputs', u'tm_output_lfn', u'tm_ignore_locality', u'tm_fail_limit', u'tm_one_event_mode', u'tm_secondary_input_dataset', u'tm_primary_dataset', u'tm_last_publication', u'tm_debug_files', u'clusterid', u'tm_asodb', u'tm_ignore_global_blacklist', u'tm_submitter_ip_addr', u'tm_totalunits', u'tm_ddm_reqid']}}
INFO 2019-11-03 17:54:33.950 UTC: 	 CRAB project directory:		/afs/cern.ch/work/s/sthakur/xRavindra/MiniTree2017Data/CMSSW_10_4_0/src/ExLep2017Crab/crab/CrabMC_20191101/crab_ExLepEEZ_M1750_MC_20191101
INFO 2019-11-03 17:54:33.951 UTC: 	 Task name:			191101_121127:sthakur_crab_ExLepEEZ_M1750_MC_20191101
INFO 2019-11-03 17:54:33.951 UTC: 	 Grid scheduler - Task Worker:	crab3@vocms0194.cern.ch - crab-prod-tw01
INFO 2019-11-03 17:54:33.951 UTC: 	 Status on the CRAB server:	SUBMITTED
INFO 2019-11-03 17:54:33.951 UTC: 	 Task URL to use for HELP:	https://cmsweb.cern.ch/crabserver/ui/task/191101_121127%3Asthakur_crab_ExLepEEZ_M1750_MC_20191101
INFO 2019-11-03 17:54:33.951 UTC: 	 Dashboard monitoring URL:	https://monit-grafana.cern.ch/d/cmsTMDetail/cms-task-monitoring-task-view?orgId=11&var-user=sthakur&var-task=191101_121127%3Asthakur_crab_ExLepEEZ_M1750_MC_20191101
INFO 2019-11-03 17:54:33.952 UTC: 	 In case of issues with the dashboard, please provide feedback to hn-cms-computing-tools@cern.ch
DEBUG 2019-11-03 17:54:33.952 UTC: 	 The CRAB server submitted your task to the Grid scheduler (cluster ID: 45270735)
DEBUG 2019-11-03 17:54:33.952 UTC: 	 Webdir is located at http://vocms0194.cern.ch/mon/cms251/191101_121127:sthakur_crab_ExLepEEZ_M1750_MC_20191101
DEBUG 2019-11-03 17:54:34.031 UTC: 	 Proxied webdir is located at https://cmsweb.cern.ch/scheddmon/0194/cms251/191101_121127:sthakur_crab_ExLepEEZ_M1750_MC_20191101
DEBUG 2019-11-03 17:54:34.031 UTC: 	 Retrieving 'status_cache' file from https://cmsweb.cern.ch/scheddmon/0194/cms251/191101_121127:sthakur_crab_ExLepEEZ_M1750_MC_20191101/status_cache
DEBUG 2019-11-03 17:54:34.531 UTC: 	 Got information from status cache file: {'1': {'Retries': 0, 'WallDurations': [9.0, 15568.0], 'StartTimes': [1572610931.0], 'SubmitTimes': [1572610368.0], 'JobIds': ['45270739.0'], 'EndTimes': [1572626499.0], 'Restarts': 0, 'RecordedSite': True, 'State': 'finished', 'ResidentSetSize': [770864], 'TotalUserCpuTimeHistory': [1345], 'SiteHistory': ['Unknown', 'T2_US_Caltech'], 'TotalSysCpuTimeHistory': [91]}, '2': {'Retries': 0, 'WallDurations': [8.0, 2136.0], 'StartTimes': [1572610924.0], 'SubmitTimes': [1572610368.0], 'JobIds': ['45270740.0'], 'EndTimes': [1572613060.0], 'Restarts': 0, 'RecordedSite': True, 'State': 'finished', 'ResidentSetSize': [789624], 'TotalUserCpuTimeHistory': [209], 'SiteHistory': ['Unknown', 'T2_US_Caltech'], 'TotalSysCpuTimeHistory': [15]}}
INFO 2019-11-03 17:54:34.532 UTC: 	 Status on the scheduler:	COMPLETED
INFO 2019-11-03 17:54:34.532 UTC: 	 
Jobs status:                    finished     		100.0% (2/2)
INFO 2019-11-03 17:54:34.613 UTC: 	 
No publication information available yet
INFO 2019-11-03 17:54:34.614 UTC: 	 
Warning: the max jobs runtime is less than 30% of the task requested value (1250 min), please consider to request a lower value for failed jobs (allowed through crab resubmit) and/or improve the jobs splitting (e.g. config.Data.splitting = 'Automatic') in a new task.
INFO 2019-11-03 17:54:34.614 UTC: 	 
Warning: the average jobs CPU efficiency is less than 50%, please consider to improve the jobs splitting (e.g. config.Data.splitting = 'Automatic') in a new task
INFO 2019-11-03 17:54:34.614 UTC: 	 
Summary of run jobs:
 * Memory: 752MB min, 771MB max, 762MB ave
 * Runtime: 0:35:36 min, 4:19:28 max, 2:27:32 ave
 * CPU eff: 9% min, 10% max, 9% ave
 * Waste: 0:00:17 (0% of total)

INFO 2019-11-03 17:54:34.646 UTC: 	 Log file is /afs/cern.ch/work/s/sthakur/xRavindra/MiniTree2017Data/CMSSW_10_4_0/src/ExLep2017Crab/crab/CrabMC_20191101/crab_ExLepEEZ_M1750_MC_20191101/crab.log
DEBUG 2019-11-03 17:59:40.027 UTC: 	 Running on: Linux lxplus737.cern.ch 3.10.0-1062.1.2.el7.x86_64 #1 SMP Mon Sep 30 14:19:46 UTC 2019 x86_64 x86_64 x86_64 GNU/Linux
Description:	CentOS Linux release 7.7.1908 (Core) 

DEBUG 2019-11-03 17:59:40.028 UTC: 	 Executing command: 'resubmit'
DEBUG 2019-11-03 17:59:40.028 UTC: 	 Found CRAB cache file /afs/cern.ch/user/s/sthakur/.crab3
DEBUG 2019-11-03 17:59:40.038 UTC: 	 Checking credentials
DEBUG 2019-11-03 17:59:40.038 UTC: 	 Found proxy file /tmp/x509up_u77410
DEBUG 2019-11-03 17:59:40.038 UTC: 	 Getting proxy life time left
DEBUG 2019-11-03 17:59:40.744 UTC: 	 Executing : 
 command : voms-proxy-info -file /tmp/x509up_u77410 -timeleft
 output : 42826

 error: 
 retcode : 0
DEBUG 2019-11-03 17:59:41.452 UTC: 	 Executing : 
 command : voms-proxy-info -file /tmp/x509up_u77410 -actimeleft
 output : 42825

 error: 
 retcode : 0
DEBUG 2019-11-03 17:59:41.452 UTC: 	 Proxy lifetime 42826 secs is different from voms extension lifetime 42825 secs for proxy: /tmp/x509up_u77410
DEBUG 2019-11-03 17:59:41.452 UTC: 	 Proxy valid for 11:53:45 hours
DEBUG 2019-11-03 17:59:41.710 UTC: 	 Executing : 
 command : openssl x509 -in ~/.globus/usercert.pem -subject -noout
 output : subject= /DC=ch/DC=cern/OU=Organic Units/OU=Users/CN=sthakur/CN=764789/CN=Shalini Thakur

 error: 
 retcode : 0
DEBUG 2019-11-03 17:59:41.710 UTC: 	 Checking credentials
DEBUG 2019-11-03 17:59:41.710 UTC: 	 Found proxy file /tmp/x509up_u77410
DEBUG 2019-11-03 17:59:41.710 UTC: 	 Getting proxy life time left
DEBUG 2019-11-03 17:59:42.416 UTC: 	 Executing : 
 command : voms-proxy-info -file /tmp/x509up_u77410 -timeleft
 output : 42824

 error: 
 retcode : 0
DEBUG 2019-11-03 17:59:43.123 UTC: 	 Executing : 
 command : voms-proxy-info -file /tmp/x509up_u77410 -actimeleft
 output : 42823

 error: 
 retcode : 0
DEBUG 2019-11-03 17:59:43.123 UTC: 	 Proxy lifetime 42824 secs is different from voms extension lifetime 42823 secs for proxy: /tmp/x509up_u77410
DEBUG 2019-11-03 17:59:43.123 UTC: 	 Proxy valid for 11:53:43 hours
DEBUG 2019-11-03 17:59:43.201 UTC: 	 Registering user credentials for server /DC=ch/DC=cern/OU=computers/CN=vocms(052|058|030|0118|0105|0109).cern.ch|/DC=ch/DC=cern/OU=computers/CN=crab-(preprod|prod)-tw(02|01).cern.ch
DEBUG 2019-11-03 17:59:43.312 UTC: 	 Executing : 
 command : openssl x509 -in ~/.globus/usercert.pem -subject -noout
 output : subject= /DC=ch/DC=cern/OU=Organic Units/OU=Users/CN=sthakur/CN=764789/CN=Shalini Thakur

 error: 
 retcode : 0
DEBUG 2019-11-03 17:59:43.312 UTC: 	 Getting myproxy life time left for myproxy.cern.ch
DEBUG 2019-11-03 17:59:43.312 UTC: 	 Calculating hash of /DC=ch/DC=cern/OU=Organic Units/OU=Users/CN=sthakur/CN=764789/CN=Shalini Thakur_cmsweb.cern.ch for credential name
DEBUG 2019-11-03 17:59:43.918 UTC: 	 Executing : 
 command : myproxy-info -l 9cd94953387eeee7bf4da2b7588630639ea1153b -s myproxy.cern.ch
 output : username: 9cd94953387eeee7bf4da2b7588630639ea1153b
owner: /DC=ch/DC=cern/OU=Organic Units/OU=Users/CN=sthakur/CN=764789/CN=Shalini Thakur
  renewal policy: /DC=ch/DC=cern/OU=computers/CN=vocms(052|058|030|0118|0105|0109).cern.ch|/DC=ch/DC=cern/OU=computers/CN=crab-(preprod|prod)-tw(02|01).cern.ch
  trusted retrieval policy: /DC=ch/DC=cern/OU=computers/CN=vocms(052|058|030|0118|0105|0109).cern.ch|/DC=ch/DC=cern/OU=computers/CN=crab-(preprod|prod)-tw(02|01).cern.ch
  timeleft: 504:38:17  (21.0 days)

 error: 
 retcode : 0
DEBUG 2019-11-03 17:59:43.919 UTC: 	 Myproxy is valid: 1816697
DEBUG 2019-11-03 17:59:44.000 UTC: 	 Command use: resubmit
DEBUG 2019-11-03 17:59:44.000 UTC: 	 Options use: ['CrabMC_20191101/crab_ExLepEEZ_M1750_MC_20191101']
DEBUG 2019-11-03 17:59:44.071 UTC: 	 CRABClient version: 3.3.1910.patch2
DEBUG 2019-11-03 17:59:44.071 UTC: 	 Instance is prod
DEBUG 2019-11-03 17:59:44.071 UTC: 	 Server base url is cmsweb.cern.ch
DEBUG 2019-11-03 17:59:44.071 UTC: 	 Command url /crabserver/prod/workflow
DEBUG 2019-11-03 17:59:44.107 UTC: 	 Running on: Linux lxplus737.cern.ch 3.10.0-1062.1.2.el7.x86_64 #1 SMP Mon Sep 30 14:19:46 UTC 2019 x86_64 x86_64 x86_64 GNU/Linux
Description:	CentOS Linux release 7.7.1908 (Core) 

DEBUG 2019-11-03 17:59:44.107 UTC: 	 Executing command: 'status'
DEBUG 2019-11-03 17:59:44.107 UTC: 	 Found CRAB cache file /afs/cern.ch/user/s/sthakur/.crab3
DEBUG 2019-11-03 17:59:44.116 UTC: 	 Checking credentials
DEBUG 2019-11-03 17:59:44.116 UTC: 	 Found proxy file /tmp/x509up_u77410
DEBUG 2019-11-03 17:59:44.116 UTC: 	 Getting proxy life time left
DEBUG 2019-11-03 17:59:44.823 UTC: 	 Executing : 
 command : voms-proxy-info -file /tmp/x509up_u77410 -timeleft
 output : 42822

 error: 
 retcode : 0
DEBUG 2019-11-03 17:59:45.531 UTC: 	 Executing : 
 command : voms-proxy-info -file /tmp/x509up_u77410 -actimeleft
 output : 42821

 error: 
 retcode : 0
DEBUG 2019-11-03 17:59:45.531 UTC: 	 Proxy lifetime 42822 secs is different from voms extension lifetime 42821 secs for proxy: /tmp/x509up_u77410
DEBUG 2019-11-03 17:59:45.531 UTC: 	 Proxy valid for 11:53:41 hours
DEBUG 2019-11-03 17:59:47.283 UTC: 	 Executing : 
 command : openssl x509 -in ~/.globus/usercert.pem -subject -noout
 output : subject= /DC=ch/DC=cern/OU=Organic Units/OU=Users/CN=sthakur/CN=764789/CN=Shalini Thakur

 error: 
 retcode : 0
DEBUG 2019-11-03 17:59:47.284 UTC: 	 Checking credentials
DEBUG 2019-11-03 17:59:47.284 UTC: 	 Found proxy file /tmp/x509up_u77410
DEBUG 2019-11-03 17:59:47.284 UTC: 	 Getting proxy life time left
DEBUG 2019-11-03 17:59:47.992 UTC: 	 Executing : 
 command : voms-proxy-info -file /tmp/x509up_u77410 -timeleft
 output : 42819

 error: 
 retcode : 0
DEBUG 2019-11-03 17:59:48.701 UTC: 	 Executing : 
 command : voms-proxy-info -file /tmp/x509up_u77410 -actimeleft
 output : 42818

 error: 
 retcode : 0
DEBUG 2019-11-03 17:59:48.701 UTC: 	 Proxy lifetime 42819 secs is different from voms extension lifetime 42818 secs for proxy: /tmp/x509up_u77410
DEBUG 2019-11-03 17:59:48.701 UTC: 	 Proxy valid for 11:53:38 hours
DEBUG 2019-11-03 17:59:48.768 UTC: 	 Registering user credentials for server /DC=ch/DC=cern/OU=computers/CN=vocms(052|058|030|0118|0105|0109).cern.ch|/DC=ch/DC=cern/OU=computers/CN=crab-(preprod|prod)-tw(02|01).cern.ch
DEBUG 2019-11-03 17:59:48.879 UTC: 	 Executing : 
 command : openssl x509 -in ~/.globus/usercert.pem -subject -noout
 output : subject= /DC=ch/DC=cern/OU=Organic Units/OU=Users/CN=sthakur/CN=764789/CN=Shalini Thakur

 error: 
 retcode : 0
DEBUG 2019-11-03 17:59:48.880 UTC: 	 Getting myproxy life time left for myproxy.cern.ch
DEBUG 2019-11-03 17:59:48.880 UTC: 	 Calculating hash of /DC=ch/DC=cern/OU=Organic Units/OU=Users/CN=sthakur/CN=764789/CN=Shalini Thakur_cmsweb.cern.ch for credential name
DEBUG 2019-11-03 17:59:49.286 UTC: 	 Executing : 
 command : myproxy-info -l 9cd94953387eeee7bf4da2b7588630639ea1153b -s myproxy.cern.ch
 output : username: 9cd94953387eeee7bf4da2b7588630639ea1153b
owner: /DC=ch/DC=cern/OU=Organic Units/OU=Users/CN=sthakur/CN=764789/CN=Shalini Thakur
  renewal policy: /DC=ch/DC=cern/OU=computers/CN=vocms(052|058|030|0118|0105|0109).cern.ch|/DC=ch/DC=cern/OU=computers/CN=crab-(preprod|prod)-tw(02|01).cern.ch
  trusted retrieval policy: /DC=ch/DC=cern/OU=computers/CN=vocms(052|058|030|0118|0105|0109).cern.ch|/DC=ch/DC=cern/OU=computers/CN=crab-(preprod|prod)-tw(02|01).cern.ch
  timeleft: 504:38:11  (21.0 days)

 error: 
 retcode : 0
DEBUG 2019-11-03 17:59:49.286 UTC: 	 Myproxy is valid: 1816691
DEBUG 2019-11-03 17:59:49.287 UTC: 	 Command use: status
DEBUG 2019-11-03 17:59:49.287 UTC: 	 Options use: []
DEBUG 2019-11-03 17:59:49.421 UTC: 	 CRABClient version: 3.3.1910.patch2
DEBUG 2019-11-03 17:59:49.421 UTC: 	 Instance is prod
DEBUG 2019-11-03 17:59:49.421 UTC: 	 Server base url is cmsweb.cern.ch
DEBUG 2019-11-03 17:59:49.421 UTC: 	 Command url /crabserver/prod/workflow
DEBUG 2019-11-03 17:59:49.499 UTC: 	 Got information from server oracle database: {u'result': [u'191101_121127:sthakur_crab_ExLepEEZ_M1750_MC_20191101', u'None', u'None', u'SUBMITTED', u'SUBMIT', u'2019-11-01 12:11:27.908323', u'None', u'2019-11-01 12:12:36.774342', u'None', u'CMSSW_10_4_0', u'slc7_amd64_gcc700', u'/ExcitedLepton_EEZ-1750_TuneCP5_13TeV-pythia8/RunIIFall17MiniAODv2-PU2017_12Apr2018_94X_mc2017_realistic_v14-v1/MINIAODSIM', u'T', u'0', u'[]', u'[]', u'FileBased', u"{'splitOnRun': False, 'halt_job_on_file_boundaries': False, 'files_per_job': 10, 'runs': [], 'lumis': []}", u'58295d610eb214be9cb8dc510394df607abc03e040d762955d999ff226175a1b.tar.gz', u'https://cmsweb.cern.ch/crabcache', u'sthakur', u'/DC=ch/DC=cern/OU=Organic Units/OU=Users/CN=sthakur/CN=764789/CN=Shalini Thakur', u'cms', u'None', u'None', u'ExLepEEZ_M1750_MC_20191101-00000000000000000000000000000000', u'F', u'T2_IN_TIFR', u'https://cmsweb.cern.ch/dbs/prod/global/DBSReader', u'https://cmsweb.cern.ch/dbs/prod/phys03/DBSWriter', u'T', u'[]', u"['ExLepEEZ_M1750_MC_20191101_Ntuple.root']", u'[]', u'Analysis', u'pythia', u'None', u'{}', u'[]', u'F', u'crab-prod-tw01', u'[]', u'1250', u'1', u'2000', u'10', u'None', u'[]', u'http://vocms0194.cern.ch/mon/cms251/191101_121127:sthakur_crab_ExLepEEZ_M1750_MC_20191101', u'None', u'[]', u'[]', u'https://cmsweb.cern.ch/crabserver/prod', u'cmsgwms-collector-global.cern.ch:9620,cmssrv623.fnal.gov:9620', u'crab3@vocms0194.cern.ch', u'F', u'[]', u'T', u'/store/user/sthakur/ntuple_for2017MC_20191101/MC_20191101/ExLepEEZ_M1750_MC_20191101', u'F', u'None', u'F', u'None', u'ExcitedLepton_EEZ-1750_TuneCP5_13TeV-pythia8', u'None', u'c8022daf94e28f55c1b706c61693ecefe2faf12cbda86912fce48cb6d8f6026a.tar.gz', u'45270735', u'filetransfers', u'F', u'2001:1458:d00:2e::100:9b', u'0.0', u'None'], u'desc': {u'columns': [u'tm_taskname', u'tm_activity', u'panda_jobset_id', u'tm_task_status', u'tm_task_command', u'tm_start_time', u'tm_start_injection', u'tm_end_injection', u'tm_task_failure', u'tm_job_sw', u'tm_job_arch', u'tm_input_dataset', u'tm_nonvalid_input_dataset', u'tm_use_parent', u'tm_site_whitelist', u'tm_site_blacklist', u'tm_split_algo', u'tm_split_args', u'tm_user_sandbox', u'tm_cache_url', u'tm_username', u'tm_user_dn', u'tm_user_vo', u'tm_user_role', u'tm_user_group', u'tm_publish_name', u'tm_publish_groupname', u'tm_asyncdest', u'tm_dbs_url', u'tm_publish_dbs_url', u'tm_publication', u'tm_outfiles', u'tm_tfile_outfiles', u'tm_edm_outfiles', u'tm_job_type', u'tm_generator', u'tm_events_per_lumi', u'tm_arguments', u'panda_resubmitted_jobs', u'tm_save_logs', u'tw_name', u'tm_user_infiles', u'tm_maxjobruntime', u'tm_numcores', u'tm_maxmemory', u'tm_priority', u'tm_output_dataset', u'tm_task_warnings', u'tm_user_webdir', u'tm_scriptexe', u'tm_scriptargs', u'tm_extrajdl', u'tm_asourl', u'tm_collector', u'tm_schedd', u'tm_dry_run', u'tm_user_files', u'tm_transfer_outputs', u'tm_output_lfn', u'tm_ignore_locality', u'tm_fail_limit', u'tm_one_event_mode', u'tm_secondary_input_dataset', u'tm_primary_dataset', u'tm_last_publication', u'tm_debug_files', u'clusterid', u'tm_asodb', u'tm_ignore_global_blacklist', u'tm_submitter_ip_addr', u'tm_totalunits', u'tm_ddm_reqid']}}
INFO 2019-11-03 17:59:49.500 UTC: 	 CRAB project directory:		/afs/cern.ch/work/s/sthakur/xRavindra/MiniTree2017Data/CMSSW_10_4_0/src/ExLep2017Crab/crab/CrabMC_20191101/crab_ExLepEEZ_M1750_MC_20191101
INFO 2019-11-03 17:59:49.500 UTC: 	 Task name:			191101_121127:sthakur_crab_ExLepEEZ_M1750_MC_20191101
INFO 2019-11-03 17:59:49.500 UTC: 	 Grid scheduler - Task Worker:	crab3@vocms0194.cern.ch - crab-prod-tw01
INFO 2019-11-03 17:59:49.500 UTC: 	 Status on the CRAB server:	SUBMITTED
INFO 2019-11-03 17:59:49.500 UTC: 	 Task URL to use for HELP:	https://cmsweb.cern.ch/crabserver/ui/task/191101_121127%3Asthakur_crab_ExLepEEZ_M1750_MC_20191101
INFO 2019-11-03 17:59:49.500 UTC: 	 Dashboard monitoring URL:	https://monit-grafana.cern.ch/d/cmsTMDetail/cms-task-monitoring-task-view?orgId=11&var-user=sthakur&var-task=191101_121127%3Asthakur_crab_ExLepEEZ_M1750_MC_20191101
INFO 2019-11-03 17:59:49.500 UTC: 	 In case of issues with the dashboard, please provide feedback to hn-cms-computing-tools@cern.ch
DEBUG 2019-11-03 17:59:49.500 UTC: 	 The CRAB server submitted your task to the Grid scheduler (cluster ID: 45270735)
DEBUG 2019-11-03 17:59:49.500 UTC: 	 Webdir is located at http://vocms0194.cern.ch/mon/cms251/191101_121127:sthakur_crab_ExLepEEZ_M1750_MC_20191101
DEBUG 2019-11-03 17:59:49.627 UTC: 	 Proxied webdir is located at https://cmsweb.cern.ch/scheddmon/0194/cms251/191101_121127:sthakur_crab_ExLepEEZ_M1750_MC_20191101
DEBUG 2019-11-03 17:59:49.627 UTC: 	 Retrieving 'status_cache' file from https://cmsweb.cern.ch/scheddmon/0194/cms251/191101_121127:sthakur_crab_ExLepEEZ_M1750_MC_20191101/status_cache
DEBUG 2019-11-03 17:59:49.676 UTC: 	 Got information from status cache file: {'1': {'Retries': 0, 'WallDurations': [9.0, 15568.0], 'StartTimes': [1572610931.0], 'SubmitTimes': [1572610368.0], 'JobIds': ['45270739.0'], 'EndTimes': [1572626499.0], 'Restarts': 0, 'RecordedSite': True, 'State': 'finished', 'ResidentSetSize': [770864], 'TotalUserCpuTimeHistory': [1345], 'SiteHistory': ['Unknown', 'T2_US_Caltech'], 'TotalSysCpuTimeHistory': [91]}, '2': {'Retries': 0, 'WallDurations': [8.0, 2136.0], 'StartTimes': [1572610924.0], 'SubmitTimes': [1572610368.0], 'JobIds': ['45270740.0'], 'EndTimes': [1572613060.0], 'Restarts': 0, 'RecordedSite': True, 'State': 'finished', 'ResidentSetSize': [789624], 'TotalUserCpuTimeHistory': [209], 'SiteHistory': ['Unknown', 'T2_US_Caltech'], 'TotalSysCpuTimeHistory': [15]}}
INFO 2019-11-03 17:59:49.676 UTC: 	 Status on the scheduler:	COMPLETED
INFO 2019-11-03 17:59:49.676 UTC: 	 
Jobs status:                    finished     		100.0% (2/2)
INFO 2019-11-03 17:59:49.744 UTC: 	 
No publication information available yet
INFO 2019-11-03 17:59:49.744 UTC: 	 
Warning: the max jobs runtime is less than 30% of the task requested value (1250 min), please consider to request a lower value for failed jobs (allowed through crab resubmit) and/or improve the jobs splitting (e.g. config.Data.splitting = 'Automatic') in a new task.
INFO 2019-11-03 17:59:49.744 UTC: 	 
Warning: the average jobs CPU efficiency is less than 50%, please consider to improve the jobs splitting (e.g. config.Data.splitting = 'Automatic') in a new task
INFO 2019-11-03 17:59:49.744 UTC: 	 
Summary of run jobs:
 * Memory: 752MB min, 771MB max, 762MB ave
 * Runtime: 0:35:36 min, 4:19:28 max, 2:27:32 ave
 * CPU eff: 9% min, 10% max, 9% ave
 * Waste: 0:00:17 (0% of total)

DEBUG 2019-11-03 17:59:49.748 UTC: 	 Requesting resubmission of failed jobs in task 191101_121127:sthakur_crab_ExLepEEZ_M1750_MC_20191101
ERROR 2019-11-03 17:59:49.748 UTC: 	 Found no jobs to resubmit. Only jobs in status failed can be resubmitted. Jobs in status finished can also be resubmitted, but only if the jobids are specified and the force option is set.
ERROR 2019-11-03 17:59:49.748 UTC: 	 Caught exception
Traceback (most recent call last):
  File "/cvmfs/cms.cern.ch/crab3/slc6_amd64_gcc493/cms/crabclient/3.3.1910.patch2/bin/crab", line 160, in <module>
    client()
  File "/cvmfs/cms.cern.ch/crab3/slc6_amd64_gcc493/cms/crabclient/3.3.1910.patch2/bin/crab", line 147, in __call__
    self.cmd()
  File "/cvmfs/cms.cern.ch/crab3/slc6_amd64_gcc493/cms/crabclient/3.3.1910.patch2/lib/python2.7/site-packages/CRABClient/Commands/resubmit.py", line 63, in __call__
    self.jobids = self.processJobIds(jobList)
  File "/cvmfs/cms.cern.ch/crab3/slc6_amd64_gcc493/cms/crabclient/3.3.1910.patch2/lib/python2.7/site-packages/CRABClient/Commands/resubmit.py", line 172, in processJobIds
    raise ConfigurationException(msg)
ConfigurationException: Found no jobs to resubmit. Only jobs in status failed can be resubmitted. Jobs in status finished can also be resubmitted, but only if the jobids are specified and the force option is set.
DEBUG 2019-11-04 17:51:18.561 UTC: 	 Running on: Linux lxplus794.cern.ch 3.10.0-1062.4.1.el7.x86_64 #1 SMP Fri Oct 18 17:15:30 UTC 2019 x86_64 x86_64 x86_64 GNU/Linux
Description:	CentOS Linux release 7.7.1908 (Core) 

DEBUG 2019-11-04 17:51:18.561 UTC: 	 Executing command: 'status'
DEBUG 2019-11-04 17:51:18.562 UTC: 	 Found CRAB cache file /afs/cern.ch/user/s/sthakur/.crab3
DEBUG 2019-11-04 17:51:18.603 UTC: 	 Checking credentials
DEBUG 2019-11-04 17:51:18.603 UTC: 	 Found proxy file /tmp/x509up_u77410
DEBUG 2019-11-04 17:51:18.603 UTC: 	 Getting proxy life time left
DEBUG 2019-11-04 17:51:19.209 UTC: 	 Executing : 
 command : voms-proxy-info -file /tmp/x509up_u77410 -timeleft
 output : 43110

 error: 
 retcode : 0
DEBUG 2019-11-04 17:51:19.816 UTC: 	 Executing : 
 command : voms-proxy-info -file /tmp/x509up_u77410 -actimeleft
 output : 43110

 error: 
 retcode : 0
DEBUG 2019-11-04 17:51:19.817 UTC: 	 Proxy valid for 11:58:30 hours
DEBUG 2019-11-04 17:51:20.046 UTC: 	 Executing : 
 command : openssl x509 -in ~/.globus/usercert.pem -subject -noout
 output : subject= /DC=ch/DC=cern/OU=Organic Units/OU=Users/CN=sthakur/CN=764789/CN=Shalini Thakur

 error: 
 retcode : 0
DEBUG 2019-11-04 17:51:20.046 UTC: 	 Checking credentials
DEBUG 2019-11-04 17:51:20.047 UTC: 	 Found proxy file /tmp/x509up_u77410
DEBUG 2019-11-04 17:51:20.047 UTC: 	 Getting proxy life time left
DEBUG 2019-11-04 17:51:20.652 UTC: 	 Executing : 
 command : voms-proxy-info -file /tmp/x509up_u77410 -timeleft
 output : 43109

 error: 
 retcode : 0
DEBUG 2019-11-04 17:51:21.258 UTC: 	 Executing : 
 command : voms-proxy-info -file /tmp/x509up_u77410 -actimeleft
 output : 43108

 error: 
 retcode : 0
DEBUG 2019-11-04 17:51:21.258 UTC: 	 Proxy lifetime 43109 secs is different from voms extension lifetime 43108 secs for proxy: /tmp/x509up_u77410
DEBUG 2019-11-04 17:51:21.258 UTC: 	 Proxy valid for 11:58:28 hours
DEBUG 2019-11-04 17:51:21.333 UTC: 	 Registering user credentials for server /DC=ch/DC=cern/OU=computers/CN=vocms(052|058|030|0118|0105|0109).cern.ch|/DC=ch/DC=cern/OU=computers/CN=crab-(preprod|prod)-tw(02|01).cern.ch
DEBUG 2019-11-04 17:51:21.444 UTC: 	 Executing : 
 command : openssl x509 -in ~/.globus/usercert.pem -subject -noout
 output : subject= /DC=ch/DC=cern/OU=Organic Units/OU=Users/CN=sthakur/CN=764789/CN=Shalini Thakur

 error: 
 retcode : 0
DEBUG 2019-11-04 17:51:21.444 UTC: 	 Getting myproxy life time left for myproxy.cern.ch
DEBUG 2019-11-04 17:51:21.444 UTC: 	 Calculating hash of /DC=ch/DC=cern/OU=Organic Units/OU=Users/CN=sthakur/CN=764789/CN=Shalini Thakur_cmsweb.cern.ch for credential name
DEBUG 2019-11-04 17:51:21.649 UTC: 	 Executing : 
 command : myproxy-info -l 9cd94953387eeee7bf4da2b7588630639ea1153b -s myproxy.cern.ch
 output : username: 9cd94953387eeee7bf4da2b7588630639ea1153b
owner: /DC=ch/DC=cern/OU=Organic Units/OU=Users/CN=sthakur/CN=764789/CN=Shalini Thakur
  renewal policy: /DC=ch/DC=cern/OU=computers/CN=vocms(052|058|030|0118|0105|0109).cern.ch|/DC=ch/DC=cern/OU=computers/CN=crab-(preprod|prod)-tw(02|01).cern.ch
  trusted retrieval policy: /DC=ch/DC=cern/OU=computers/CN=vocms(052|058|030|0118|0105|0109).cern.ch|/DC=ch/DC=cern/OU=computers/CN=crab-(preprod|prod)-tw(02|01).cern.ch
  timeleft: 480:46:39  (20.0 days)

 error: 
 retcode : 0
DEBUG 2019-11-04 17:51:21.650 UTC: 	 Myproxy is valid: 1730799
DEBUG 2019-11-04 17:51:21.650 UTC: 	 Command use: status
DEBUG 2019-11-04 17:51:21.650 UTC: 	 Options use: ['--verboseErrors', 'CrabMC_20191101/crab_ExLepEEZ_M1750_MC_20191101']
DEBUG 2019-11-04 17:51:21.754 UTC: 	 CRABClient version: 3.3.1910.patch2
DEBUG 2019-11-04 17:51:21.754 UTC: 	 Instance is prod
DEBUG 2019-11-04 17:51:21.754 UTC: 	 Server base url is cmsweb.cern.ch
DEBUG 2019-11-04 17:51:21.754 UTC: 	 Command url /crabserver/prod/workflow
DEBUG 2019-11-04 17:51:21.846 UTC: 	 Got information from server oracle database: {u'result': [u'191101_121127:sthakur_crab_ExLepEEZ_M1750_MC_20191101', u'None', u'None', u'SUBMITTED', u'SUBMIT', u'2019-11-01 12:11:27.908323', u'None', u'2019-11-01 12:12:36.774342', u'None', u'CMSSW_10_4_0', u'slc7_amd64_gcc700', u'/ExcitedLepton_EEZ-1750_TuneCP5_13TeV-pythia8/RunIIFall17MiniAODv2-PU2017_12Apr2018_94X_mc2017_realistic_v14-v1/MINIAODSIM', u'T', u'0', u'[]', u'[]', u'FileBased', u"{'splitOnRun': False, 'halt_job_on_file_boundaries': False, 'files_per_job': 10, 'runs': [], 'lumis': []}", u'58295d610eb214be9cb8dc510394df607abc03e040d762955d999ff226175a1b.tar.gz', u'https://cmsweb.cern.ch/crabcache', u'sthakur', u'/DC=ch/DC=cern/OU=Organic Units/OU=Users/CN=sthakur/CN=764789/CN=Shalini Thakur', u'cms', u'None', u'None', u'ExLepEEZ_M1750_MC_20191101-00000000000000000000000000000000', u'F', u'T2_IN_TIFR', u'https://cmsweb.cern.ch/dbs/prod/global/DBSReader', u'https://cmsweb.cern.ch/dbs/prod/phys03/DBSWriter', u'T', u'[]', u"['ExLepEEZ_M1750_MC_20191101_Ntuple.root']", u'[]', u'Analysis', u'pythia', u'None', u'{}', u'[]', u'F', u'crab-prod-tw01', u'[]', u'1250', u'1', u'2000', u'10', u'None', u'[]', u'http://vocms0194.cern.ch/mon/cms251/191101_121127:sthakur_crab_ExLepEEZ_M1750_MC_20191101', u'None', u'[]', u'[]', u'https://cmsweb.cern.ch/crabserver/prod', u'cmsgwms-collector-global.cern.ch:9620,cmssrv623.fnal.gov:9620', u'crab3@vocms0194.cern.ch', u'F', u'[]', u'T', u'/store/user/sthakur/ntuple_for2017MC_20191101/MC_20191101/ExLepEEZ_M1750_MC_20191101', u'F', u'None', u'F', u'None', u'ExcitedLepton_EEZ-1750_TuneCP5_13TeV-pythia8', u'None', u'c8022daf94e28f55c1b706c61693ecefe2faf12cbda86912fce48cb6d8f6026a.tar.gz', u'45270735', u'filetransfers', u'F', u'2001:1458:d00:2e::100:9b', u'0.0', u'None'], u'desc': {u'columns': [u'tm_taskname', u'tm_activity', u'panda_jobset_id', u'tm_task_status', u'tm_task_command', u'tm_start_time', u'tm_start_injection', u'tm_end_injection', u'tm_task_failure', u'tm_job_sw', u'tm_job_arch', u'tm_input_dataset', u'tm_nonvalid_input_dataset', u'tm_use_parent', u'tm_site_whitelist', u'tm_site_blacklist', u'tm_split_algo', u'tm_split_args', u'tm_user_sandbox', u'tm_cache_url', u'tm_username', u'tm_user_dn', u'tm_user_vo', u'tm_user_role', u'tm_user_group', u'tm_publish_name', u'tm_publish_groupname', u'tm_asyncdest', u'tm_dbs_url', u'tm_publish_dbs_url', u'tm_publication', u'tm_outfiles', u'tm_tfile_outfiles', u'tm_edm_outfiles', u'tm_job_type', u'tm_generator', u'tm_events_per_lumi', u'tm_arguments', u'panda_resubmitted_jobs', u'tm_save_logs', u'tw_name', u'tm_user_infiles', u'tm_maxjobruntime', u'tm_numcores', u'tm_maxmemory', u'tm_priority', u'tm_output_dataset', u'tm_task_warnings', u'tm_user_webdir', u'tm_scriptexe', u'tm_scriptargs', u'tm_extrajdl', u'tm_asourl', u'tm_collector', u'tm_schedd', u'tm_dry_run', u'tm_user_files', u'tm_transfer_outputs', u'tm_output_lfn', u'tm_ignore_locality', u'tm_fail_limit', u'tm_one_event_mode', u'tm_secondary_input_dataset', u'tm_primary_dataset', u'tm_last_publication', u'tm_debug_files', u'clusterid', u'tm_asodb', u'tm_ignore_global_blacklist', u'tm_submitter_ip_addr', u'tm_totalunits', u'tm_ddm_reqid']}}
INFO 2019-11-04 17:51:21.846 UTC: 	 CRAB project directory:		/afs/cern.ch/work/s/sthakur/xRavindra/MiniTree2017Data/CMSSW_10_4_0/src/ExLep2017Crab/crab/CrabMC_20191101/crab_ExLepEEZ_M1750_MC_20191101
INFO 2019-11-04 17:51:21.847 UTC: 	 Task name:			191101_121127:sthakur_crab_ExLepEEZ_M1750_MC_20191101
INFO 2019-11-04 17:51:21.847 UTC: 	 Grid scheduler - Task Worker:	crab3@vocms0194.cern.ch - crab-prod-tw01
INFO 2019-11-04 17:51:21.847 UTC: 	 Status on the CRAB server:	SUBMITTED
INFO 2019-11-04 17:51:21.847 UTC: 	 Task URL to use for HELP:	https://cmsweb.cern.ch/crabserver/ui/task/191101_121127%3Asthakur_crab_ExLepEEZ_M1750_MC_20191101
INFO 2019-11-04 17:51:21.847 UTC: 	 Dashboard monitoring URL:	https://monit-grafana.cern.ch/d/cmsTMDetail/cms-task-monitoring-task-view?orgId=11&var-user=sthakur&var-task=191101_121127%3Asthakur_crab_ExLepEEZ_M1750_MC_20191101
INFO 2019-11-04 17:51:21.847 UTC: 	 In case of issues with the dashboard, please provide feedback to hn-cms-computing-tools@cern.ch
DEBUG 2019-11-04 17:51:21.847 UTC: 	 The CRAB server submitted your task to the Grid scheduler (cluster ID: 45270735)
DEBUG 2019-11-04 17:51:21.847 UTC: 	 Webdir is located at http://vocms0194.cern.ch/mon/cms251/191101_121127:sthakur_crab_ExLepEEZ_M1750_MC_20191101
DEBUG 2019-11-04 17:51:21.918 UTC: 	 Proxied webdir is located at https://cmsweb.cern.ch/scheddmon/0194/cms251/191101_121127:sthakur_crab_ExLepEEZ_M1750_MC_20191101
DEBUG 2019-11-04 17:51:21.918 UTC: 	 Retrieving 'status_cache' file from https://cmsweb.cern.ch/scheddmon/0194/cms251/191101_121127:sthakur_crab_ExLepEEZ_M1750_MC_20191101/status_cache
DEBUG 2019-11-04 17:51:22.721 UTC: 	 Got information from status cache file: {'1': {'Retries': 0, 'WallDurations': [9.0, 15568.0], 'StartTimes': [1572610931.0], 'SubmitTimes': [1572610368.0], 'JobIds': ['45270739.0'], 'EndTimes': [1572626499.0], 'Restarts': 0, 'RecordedSite': True, 'State': 'finished', 'ResidentSetSize': [770864], 'TotalUserCpuTimeHistory': [1345], 'SiteHistory': ['Unknown', 'T2_US_Caltech'], 'TotalSysCpuTimeHistory': [91]}, '2': {'Retries': 0, 'WallDurations': [8.0, 2136.0], 'StartTimes': [1572610924.0], 'SubmitTimes': [1572610368.0], 'JobIds': ['45270740.0'], 'EndTimes': [1572613060.0], 'Restarts': 0, 'RecordedSite': True, 'State': 'finished', 'ResidentSetSize': [789624], 'TotalUserCpuTimeHistory': [209], 'SiteHistory': ['Unknown', 'T2_US_Caltech'], 'TotalSysCpuTimeHistory': [15]}}
INFO 2019-11-04 17:51:22.721 UTC: 	 Status on the scheduler:	COMPLETED
INFO 2019-11-04 17:51:22.722 UTC: 	 
Jobs status:                    finished     		100.0% (2/2)
INFO 2019-11-04 17:51:22.796 UTC: 	 
No publication information available yet
INFO 2019-11-04 17:51:22.796 UTC: 	 
Warning: the max jobs runtime is less than 30% of the task requested value (1250 min), please consider to request a lower value for failed jobs (allowed through crab resubmit) and/or improve the jobs splitting (e.g. config.Data.splitting = 'Automatic') in a new task.
INFO 2019-11-04 17:51:22.796 UTC: 	 
Warning: the average jobs CPU efficiency is less than 50%, please consider to improve the jobs splitting (e.g. config.Data.splitting = 'Automatic') in a new task
INFO 2019-11-04 17:51:22.796 UTC: 	 
Summary of run jobs:
 * Memory: 752MB min, 771MB max, 762MB ave
 * Runtime: 0:35:36 min, 4:19:28 max, 2:27:32 ave
 * CPU eff: 9% min, 10% max, 9% ave
 * Waste: 0:00:17 (0% of total)

INFO 2019-11-04 17:51:22.820 UTC: 	 Log file is /afs/cern.ch/work/s/sthakur/xRavindra/MiniTree2017Data/CMSSW_10_4_0/src/ExLep2017Crab/crab/CrabMC_20191101/crab_ExLepEEZ_M1750_MC_20191101/crab.log
DEBUG 2019-11-11 18:30:28.273 UTC: 	 Running on: Linux lxplus745.cern.ch 3.10.0-1062.4.1.el7.x86_64 #1 SMP Fri Oct 18 17:15:30 UTC 2019 x86_64 x86_64 x86_64 GNU/Linux - CentOS Linux 7 (Core)
DEBUG 2019-11-11 18:30:28.288 UTC: 	 OpenSSl version: OpenSSL 1.0.2h  3 May 2016
DEBUG 2019-11-11 18:30:28.288 UTC: 	 Executing command: 'status'
DEBUG 2019-11-11 18:30:28.288 UTC: 	 Found CRAB cache file /afs/cern.ch/user/s/sthakur/.crab3
DEBUG 2019-11-11 18:30:28.302 UTC: 	 Checking credentials
DEBUG 2019-11-11 18:30:28.303 UTC: 	 Found proxy file /tmp/x509up_u77410
DEBUG 2019-11-11 18:30:28.303 UTC: 	 Getting proxy life time left
DEBUG 2019-11-11 18:30:29.010 UTC: 	 Executing : 
 command : voms-proxy-info -file /tmp/x509up_u77410 -timeleft
 output : 39032

 error: 
 retcode : 0
DEBUG 2019-11-11 18:30:29.723 UTC: 	 Executing : 
 command : voms-proxy-info -file /tmp/x509up_u77410 -actimeleft
 output : 39031

 error: 
 retcode : 0
DEBUG 2019-11-11 18:30:29.723 UTC: 	 Proxy lifetime 39032 secs is different from voms extension lifetime 39031 secs for proxy: /tmp/x509up_u77410
DEBUG 2019-11-11 18:30:29.723 UTC: 	 Proxy valid for 10:50:31 hours
DEBUG 2019-11-11 18:30:30.023 UTC: 	 Executing : 
 command : openssl x509 -in ~/.globus/usercert.pem -subject -noout
 output : subject= /DC=ch/DC=cern/OU=Organic Units/OU=Users/CN=sthakur/CN=764789/CN=Shalini Thakur

 error: 
 retcode : 0
DEBUG 2019-11-11 18:30:30.023 UTC: 	 Checking credentials
DEBUG 2019-11-11 18:30:30.023 UTC: 	 Found proxy file /tmp/x509up_u77410
DEBUG 2019-11-11 18:30:30.023 UTC: 	 Getting proxy life time left
DEBUG 2019-11-11 18:30:30.734 UTC: 	 Executing : 
 command : voms-proxy-info -file /tmp/x509up_u77410 -timeleft
 output : 39030

 error: 
 retcode : 0
DEBUG 2019-11-11 18:30:31.445 UTC: 	 Executing : 
 command : voms-proxy-info -file /tmp/x509up_u77410 -actimeleft
 output : 39029

 error: 
 retcode : 0
DEBUG 2019-11-11 18:30:31.446 UTC: 	 Proxy lifetime 39030 secs is different from voms extension lifetime 39029 secs for proxy: /tmp/x509up_u77410
DEBUG 2019-11-11 18:30:31.446 UTC: 	 Proxy valid for 10:50:29 hours
DEBUG 2019-11-11 18:30:31.539 UTC: 	 Registering user credentials for server /DC=ch/DC=cern/OU=computers/CN=vocms(052|058|030|0118|0105|0109).cern.ch|/DC=ch/DC=cern/OU=computers/CN=crab-(preprod|prod)-tw(02|01).cern.ch
DEBUG 2019-11-11 18:30:31.653 UTC: 	 Executing : 
 command : openssl x509 -in ~/.globus/usercert.pem -subject -noout
 output : subject= /DC=ch/DC=cern/OU=Organic Units/OU=Users/CN=sthakur/CN=764789/CN=Shalini Thakur

 error: 
 retcode : 0
DEBUG 2019-11-11 18:30:31.654 UTC: 	 Getting myproxy life time left for myproxy.cern.ch
DEBUG 2019-11-11 18:30:31.654 UTC: 	 Calculating hash of /DC=ch/DC=cern/OU=Organic Units/OU=Users/CN=sthakur/CN=764789/CN=Shalini Thakur_cmsweb.cern.ch for credential name
DEBUG 2019-11-11 18:30:31.860 UTC: 	 Executing : 
 command : myproxy-info -l 9cd94953387eeee7bf4da2b7588630639ea1153b -s myproxy.cern.ch
 output : username: 9cd94953387eeee7bf4da2b7588630639ea1153b
owner: /DC=ch/DC=cern/OU=Organic Units/OU=Users/CN=sthakur/CN=764789/CN=Shalini Thakur
  renewal policy: /DC=ch/DC=cern/OU=computers/CN=vocms(052|058|030|0118|0105|0109).cern.ch|/DC=ch/DC=cern/OU=computers/CN=crab-(preprod|prod)-tw(02|01).cern.ch
  trusted retrieval policy: /DC=ch/DC=cern/OU=computers/CN=vocms(052|058|030|0118|0105|0109).cern.ch|/DC=ch/DC=cern/OU=computers/CN=crab-(preprod|prod)-tw(02|01).cern.ch
  timeleft: 711:02:48  (29.6 days)

 error: 
 retcode : 0
DEBUG 2019-11-11 18:30:31.861 UTC: 	 Myproxy is valid: 2559768
DEBUG 2019-11-11 18:30:31.862 UTC: 	 Command use: status
DEBUG 2019-11-11 18:30:31.862 UTC: 	 Options use: ['--verboseErrors', 'CrabMC_20191101/crab_ExLepEEZ_M1750_MC_20191101']
DEBUG 2019-11-11 18:30:32.013 UTC: 	 CRABClient version: 3.3.1911
DEBUG 2019-11-11 18:30:32.013 UTC: 	 Instance is prod
DEBUG 2019-11-11 18:30:32.013 UTC: 	 Server base url is cmsweb.cern.ch
DEBUG 2019-11-11 18:30:32.013 UTC: 	 Command url /crabserver/prod/workflow
DEBUG 2019-11-11 18:30:32.113 UTC: 	 Got information from server oracle database: {u'result': [u'191101_121127:sthakur_crab_ExLepEEZ_M1750_MC_20191101', u'None', u'None', u'SUBMITTED', u'SUBMIT', u'2019-11-01 12:11:27.908323', u'None', u'2019-11-01 12:12:36.774342', u'None', u'CMSSW_10_4_0', u'slc7_amd64_gcc700', u'/ExcitedLepton_EEZ-1750_TuneCP5_13TeV-pythia8/RunIIFall17MiniAODv2-PU2017_12Apr2018_94X_mc2017_realistic_v14-v1/MINIAODSIM', u'T', u'0', u'[]', u'[]', u'FileBased', u"{'splitOnRun': False, 'halt_job_on_file_boundaries': False, 'files_per_job': 10, 'runs': [], 'lumis': []}", u'58295d610eb214be9cb8dc510394df607abc03e040d762955d999ff226175a1b.tar.gz', u'https://cmsweb.cern.ch/crabcache', u'sthakur', u'/DC=ch/DC=cern/OU=Organic Units/OU=Users/CN=sthakur/CN=764789/CN=Shalini Thakur', u'cms', u'None', u'None', u'ExLepEEZ_M1750_MC_20191101-00000000000000000000000000000000', u'F', u'T2_IN_TIFR', u'https://cmsweb.cern.ch/dbs/prod/global/DBSReader', u'https://cmsweb.cern.ch/dbs/prod/phys03/DBSWriter', u'T', u'[]', u"['ExLepEEZ_M1750_MC_20191101_Ntuple.root']", u'[]', u'Analysis', u'pythia', u'None', u'{}', u'[]', u'F', u'crab-prod-tw01', u'[]', u'1250', u'1', u'2000', u'10', u'None', u'[]', u'http://vocms0194.cern.ch/mon/cms251/191101_121127:sthakur_crab_ExLepEEZ_M1750_MC_20191101', u'None', u'[]', u'[]', u'https://cmsweb.cern.ch/crabserver/prod', u'cmsgwms-collector-global.cern.ch:9620,cmssrv623.fnal.gov:9620', u'crab3@vocms0194.cern.ch', u'F', u'[]', u'T', u'/store/user/sthakur/ntuple_for2017MC_20191101/MC_20191101/ExLepEEZ_M1750_MC_20191101', u'F', u'None', u'F', u'None', u'ExcitedLepton_EEZ-1750_TuneCP5_13TeV-pythia8', u'None', u'c8022daf94e28f55c1b706c61693ecefe2faf12cbda86912fce48cb6d8f6026a.tar.gz', u'45270735', u'filetransfers', u'F', u'2001:1458:d00:2e::100:9b', u'0.0', u'None'], u'desc': {u'columns': [u'tm_taskname', u'tm_activity', u'panda_jobset_id', u'tm_task_status', u'tm_task_command', u'tm_start_time', u'tm_start_injection', u'tm_end_injection', u'tm_task_failure', u'tm_job_sw', u'tm_job_arch', u'tm_input_dataset', u'tm_nonvalid_input_dataset', u'tm_use_parent', u'tm_site_whitelist', u'tm_site_blacklist', u'tm_split_algo', u'tm_split_args', u'tm_user_sandbox', u'tm_cache_url', u'tm_username', u'tm_user_dn', u'tm_user_vo', u'tm_user_role', u'tm_user_group', u'tm_publish_name', u'tm_publish_groupname', u'tm_asyncdest', u'tm_dbs_url', u'tm_publish_dbs_url', u'tm_publication', u'tm_outfiles', u'tm_tfile_outfiles', u'tm_edm_outfiles', u'tm_job_type', u'tm_generator', u'tm_events_per_lumi', u'tm_arguments', u'panda_resubmitted_jobs', u'tm_save_logs', u'tw_name', u'tm_user_infiles', u'tm_maxjobruntime', u'tm_numcores', u'tm_maxmemory', u'tm_priority', u'tm_output_dataset', u'tm_task_warnings', u'tm_user_webdir', u'tm_scriptexe', u'tm_scriptargs', u'tm_extrajdl', u'tm_asourl', u'tm_collector', u'tm_schedd', u'tm_dry_run', u'tm_user_files', u'tm_transfer_outputs', u'tm_output_lfn', u'tm_ignore_locality', u'tm_fail_limit', u'tm_one_event_mode', u'tm_secondary_input_dataset', u'tm_primary_dataset', u'tm_last_publication', u'tm_debug_files', u'clusterid', u'tm_asodb', u'tm_ignore_global_blacklist', u'tm_submitter_ip_addr', u'tm_totalunits', u'tm_ddm_reqid']}}
INFO 2019-11-11 18:30:32.114 UTC: 	 CRAB project directory:		/afs/cern.ch/work/s/sthakur/xRavindra/MiniTree2017Data/CMSSW_10_4_0/src/ExLep2017Crab/crab/CrabMC_20191101/crab_ExLepEEZ_M1750_MC_20191101
INFO 2019-11-11 18:30:32.114 UTC: 	 Task name:			191101_121127:sthakur_crab_ExLepEEZ_M1750_MC_20191101
INFO 2019-11-11 18:30:32.114 UTC: 	 Grid scheduler - Task Worker:	crab3@vocms0194.cern.ch - crab-prod-tw01
INFO 2019-11-11 18:30:32.114 UTC: 	 Status on the CRAB server:	SUBMITTED
INFO 2019-11-11 18:30:32.114 UTC: 	 Task URL to use for HELP:	https://cmsweb.cern.ch/crabserver/ui/task/191101_121127%3Asthakur_crab_ExLepEEZ_M1750_MC_20191101
INFO 2019-11-11 18:30:32.114 UTC: 	 Dashboard monitoring URL:	https://monit-grafana.cern.ch/d/cmsTMDetail/cms-task-monitoring-task-view?orgId=11&var-user=sthakur&var-task=191101_121127%3Asthakur_crab_ExLepEEZ_M1750_MC_20191101
INFO 2019-11-11 18:30:32.114 UTC: 	 In case of issues with the dashboard, please provide feedback to hn-cms-computing-tools@cern.ch
DEBUG 2019-11-11 18:30:32.114 UTC: 	 The CRAB server submitted your task to the Grid scheduler (cluster ID: 45270735)
DEBUG 2019-11-11 18:30:32.114 UTC: 	 Webdir is located at http://vocms0194.cern.ch/mon/cms251/191101_121127:sthakur_crab_ExLepEEZ_M1750_MC_20191101
DEBUG 2019-11-11 18:30:32.193 UTC: 	 Proxied webdir is located at https://cmsweb.cern.ch/scheddmon/0194/cms251/191101_121127:sthakur_crab_ExLepEEZ_M1750_MC_20191101
DEBUG 2019-11-11 18:30:32.194 UTC: 	 Retrieving 'status_cache' file from https://cmsweb.cern.ch/scheddmon/0194/cms251/191101_121127:sthakur_crab_ExLepEEZ_M1750_MC_20191101/status_cache
DEBUG 2019-11-11 18:30:32.948 UTC: 	 Got information from status cache file: {'1': {'Retries': 0, 'WallDurations': [9.0, 15568.0], 'StartTimes': [1572610931.0], 'SubmitTimes': [1572610368.0], 'JobIds': ['45270739.0'], 'EndTimes': [1572626499.0], 'Restarts': 0, 'RecordedSite': True, 'State': 'finished', 'ResidentSetSize': [770864], 'TotalUserCpuTimeHistory': [1345], 'SiteHistory': ['Unknown', 'T2_US_Caltech'], 'TotalSysCpuTimeHistory': [91]}, '2': {'Retries': 0, 'WallDurations': [8.0, 2136.0], 'StartTimes': [1572610924.0], 'SubmitTimes': [1572610368.0], 'JobIds': ['45270740.0'], 'EndTimes': [1572613060.0], 'Restarts': 0, 'RecordedSite': True, 'State': 'finished', 'ResidentSetSize': [789624], 'TotalUserCpuTimeHistory': [209], 'SiteHistory': ['Unknown', 'T2_US_Caltech'], 'TotalSysCpuTimeHistory': [15]}}
INFO 2019-11-11 18:30:32.949 UTC: 	 Status on the scheduler:	COMPLETED
INFO 2019-11-11 18:30:32.949 UTC: 	 
Jobs status:                    finished     		100.0% (2/2)
INFO 2019-11-11 18:30:33.066 UTC: 	 
No publication information available yet
INFO 2019-11-11 18:30:33.067 UTC: 	 
Warning: the max jobs runtime is less than 30% of the task requested value (1250 min), please consider to request a lower value for failed jobs (allowed through crab resubmit) and/or improve the jobs splitting (e.g. config.Data.splitting = 'Automatic') in a new task.
INFO 2019-11-11 18:30:33.067 UTC: 	 
Warning: the average jobs CPU efficiency is less than 50%, please consider to improve the jobs splitting (e.g. config.Data.splitting = 'Automatic') in a new task
INFO 2019-11-11 18:30:33.067 UTC: 	 
Summary of run jobs:
 * Memory: 752MB min, 771MB max, 762MB ave
 * Runtime: 0:35:36 min, 4:19:28 max, 2:27:32 ave
 * CPU eff: 9% min, 10% max, 9% ave
 * Waste: 0:00:17 (0% of total)

INFO 2019-11-11 18:30:33.078 UTC: 	 Log file is /afs/cern.ch/work/s/sthakur/xRavindra/MiniTree2017Data/CMSSW_10_4_0/src/ExLep2017Crab/crab/CrabMC_20191101/crab_ExLepEEZ_M1750_MC_20191101/crab.log
DEBUG 2019-11-11 18:47:10.971 UTC: 	 Running on: Linux lxplus714.cern.ch 3.10.0-1062.4.1.el7.x86_64 #1 SMP Fri Oct 18 17:15:30 UTC 2019 x86_64 x86_64 x86_64 GNU/Linux - CentOS Linux 7 (Core)
DEBUG 2019-11-11 18:47:10.988 UTC: 	 OpenSSl version: OpenSSL 1.0.2k-fips  26 Jan 2017 (Library: OpenSSL 1.0.2d-fips 9 Jul 2015)
DEBUG 2019-11-11 18:47:10.988 UTC: 	 Executing command: 'status'
DEBUG 2019-11-11 18:47:10.989 UTC: 	 Found CRAB cache file /afs/cern.ch/user/s/sthakur/.crab3
DEBUG 2019-11-11 18:47:11.002 UTC: 	 Checking credentials
DEBUG 2019-11-11 18:47:11.002 UTC: 	 Found proxy file /tmp/x509up_u77410
DEBUG 2019-11-11 18:47:11.002 UTC: 	 Getting proxy life time left
DEBUG 2019-11-11 18:47:11.709 UTC: 	 Executing : 
 command : voms-proxy-info -file /tmp/x509up_u77410 -timeleft
 output : 43160

 error: 
 retcode : 0
DEBUG 2019-11-11 18:47:12.418 UTC: 	 Executing : 
 command : voms-proxy-info -file /tmp/x509up_u77410 -actimeleft
 output : 43159

 error: 
 retcode : 0
DEBUG 2019-11-11 18:47:12.418 UTC: 	 Proxy lifetime 43160 secs is different from voms extension lifetime 43159 secs for proxy: /tmp/x509up_u77410
DEBUG 2019-11-11 18:47:12.418 UTC: 	 Proxy valid for 11:59:19 hours
DEBUG 2019-11-11 18:47:12.634 UTC: 	 Executing : 
 command : openssl x509 -in ~/.globus/usercert.pem -subject -noout
 output : subject= /DC=ch/DC=cern/OU=Organic Units/OU=Users/CN=sthakur/CN=764789/CN=Shalini Thakur

 error: 
 retcode : 0
DEBUG 2019-11-11 18:47:12.635 UTC: 	 Checking credentials
DEBUG 2019-11-11 18:47:12.635 UTC: 	 Found proxy file /tmp/x509up_u77410
DEBUG 2019-11-11 18:47:12.635 UTC: 	 Getting proxy life time left
DEBUG 2019-11-11 18:47:13.342 UTC: 	 Executing : 
 command : voms-proxy-info -file /tmp/x509up_u77410 -timeleft
 output : 43158

 error: 
 retcode : 0
DEBUG 2019-11-11 18:47:14.049 UTC: 	 Executing : 
 command : voms-proxy-info -file /tmp/x509up_u77410 -actimeleft
 output : 43157

 error: 
 retcode : 0
DEBUG 2019-11-11 18:47:14.049 UTC: 	 Proxy lifetime 43158 secs is different from voms extension lifetime 43157 secs for proxy: /tmp/x509up_u77410
DEBUG 2019-11-11 18:47:14.049 UTC: 	 Proxy valid for 11:59:17 hours
DEBUG 2019-11-11 18:47:14.128 UTC: 	 Registering user credentials for server /DC=ch/DC=cern/OU=computers/CN=vocms(052|058|030|0118|0105|0109).cern.ch|/DC=ch/DC=cern/OU=computers/CN=crab-(preprod|prod)-tw(02|01).cern.ch
DEBUG 2019-11-11 18:47:14.239 UTC: 	 Executing : 
 command : openssl x509 -in ~/.globus/usercert.pem -subject -noout
 output : subject= /DC=ch/DC=cern/OU=Organic Units/OU=Users/CN=sthakur/CN=764789/CN=Shalini Thakur

 error: 
 retcode : 0
DEBUG 2019-11-11 18:47:14.240 UTC: 	 Getting myproxy life time left for myproxy.cern.ch
DEBUG 2019-11-11 18:47:14.240 UTC: 	 Calculating hash of /DC=ch/DC=cern/OU=Organic Units/OU=Users/CN=sthakur/CN=764789/CN=Shalini Thakur_cmsweb.cern.ch for credential name
DEBUG 2019-11-11 18:47:14.444 UTC: 	 Executing : 
 command : myproxy-info -l 9cd94953387eeee7bf4da2b7588630639ea1153b -s myproxy.cern.ch
 output : username: 9cd94953387eeee7bf4da2b7588630639ea1153b
owner: /DC=ch/DC=cern/OU=Organic Units/OU=Users/CN=sthakur/CN=764789/CN=Shalini Thakur
  renewal policy: /DC=ch/DC=cern/OU=computers/CN=vocms(052|058|030|0118|0105|0109).cern.ch|/DC=ch/DC=cern/OU=computers/CN=crab-(preprod|prod)-tw(02|01).cern.ch
  trusted retrieval policy: /DC=ch/DC=cern/OU=computers/CN=vocms(052|058|030|0118|0105|0109).cern.ch|/DC=ch/DC=cern/OU=computers/CN=crab-(preprod|prod)-tw(02|01).cern.ch
  timeleft: 710:46:05  (29.6 days)

 error: 
 retcode : 0
DEBUG 2019-11-11 18:47:14.445 UTC: 	 Myproxy is valid: 2558765
DEBUG 2019-11-11 18:47:14.446 UTC: 	 Command use: status
DEBUG 2019-11-11 18:47:14.446 UTC: 	 Options use: ['--verboseErrors', 'CrabMC_20191101/crab_ExLepEEZ_M1750_MC_20191101']
DEBUG 2019-11-11 18:47:14.547 UTC: 	 CRABClient version: 3.3.1911
DEBUG 2019-11-11 18:47:14.547 UTC: 	 Instance is prod
DEBUG 2019-11-11 18:47:14.547 UTC: 	 Server base url is cmsweb.cern.ch
DEBUG 2019-11-11 18:47:14.547 UTC: 	 Command url /crabserver/prod/workflow
DEBUG 2019-11-11 18:47:14.653 UTC: 	 Got information from server oracle database: {u'result': [u'191101_121127:sthakur_crab_ExLepEEZ_M1750_MC_20191101', u'None', u'None', u'SUBMITTED', u'SUBMIT', u'2019-11-01 12:11:27.908323', u'None', u'2019-11-01 12:12:36.774342', u'None', u'CMSSW_10_4_0', u'slc7_amd64_gcc700', u'/ExcitedLepton_EEZ-1750_TuneCP5_13TeV-pythia8/RunIIFall17MiniAODv2-PU2017_12Apr2018_94X_mc2017_realistic_v14-v1/MINIAODSIM', u'T', u'0', u'[]', u'[]', u'FileBased', u"{'splitOnRun': False, 'halt_job_on_file_boundaries': False, 'files_per_job': 10, 'runs': [], 'lumis': []}", u'58295d610eb214be9cb8dc510394df607abc03e040d762955d999ff226175a1b.tar.gz', u'https://cmsweb.cern.ch/crabcache', u'sthakur', u'/DC=ch/DC=cern/OU=Organic Units/OU=Users/CN=sthakur/CN=764789/CN=Shalini Thakur', u'cms', u'None', u'None', u'ExLepEEZ_M1750_MC_20191101-00000000000000000000000000000000', u'F', u'T2_IN_TIFR', u'https://cmsweb.cern.ch/dbs/prod/global/DBSReader', u'https://cmsweb.cern.ch/dbs/prod/phys03/DBSWriter', u'T', u'[]', u"['ExLepEEZ_M1750_MC_20191101_Ntuple.root']", u'[]', u'Analysis', u'pythia', u'None', u'{}', u'[]', u'F', u'crab-prod-tw01', u'[]', u'1250', u'1', u'2000', u'10', u'None', u'[]', u'http://vocms0194.cern.ch/mon/cms251/191101_121127:sthakur_crab_ExLepEEZ_M1750_MC_20191101', u'None', u'[]', u'[]', u'https://cmsweb.cern.ch/crabserver/prod', u'cmsgwms-collector-global.cern.ch:9620,cmssrv623.fnal.gov:9620', u'crab3@vocms0194.cern.ch', u'F', u'[]', u'T', u'/store/user/sthakur/ntuple_for2017MC_20191101/MC_20191101/ExLepEEZ_M1750_MC_20191101', u'F', u'None', u'F', u'None', u'ExcitedLepton_EEZ-1750_TuneCP5_13TeV-pythia8', u'None', u'c8022daf94e28f55c1b706c61693ecefe2faf12cbda86912fce48cb6d8f6026a.tar.gz', u'45270735', u'filetransfers', u'F', u'2001:1458:d00:2e::100:9b', u'0.0', u'None'], u'desc': {u'columns': [u'tm_taskname', u'tm_activity', u'panda_jobset_id', u'tm_task_status', u'tm_task_command', u'tm_start_time', u'tm_start_injection', u'tm_end_injection', u'tm_task_failure', u'tm_job_sw', u'tm_job_arch', u'tm_input_dataset', u'tm_nonvalid_input_dataset', u'tm_use_parent', u'tm_site_whitelist', u'tm_site_blacklist', u'tm_split_algo', u'tm_split_args', u'tm_user_sandbox', u'tm_cache_url', u'tm_username', u'tm_user_dn', u'tm_user_vo', u'tm_user_role', u'tm_user_group', u'tm_publish_name', u'tm_publish_groupname', u'tm_asyncdest', u'tm_dbs_url', u'tm_publish_dbs_url', u'tm_publication', u'tm_outfiles', u'tm_tfile_outfiles', u'tm_edm_outfiles', u'tm_job_type', u'tm_generator', u'tm_events_per_lumi', u'tm_arguments', u'panda_resubmitted_jobs', u'tm_save_logs', u'tw_name', u'tm_user_infiles', u'tm_maxjobruntime', u'tm_numcores', u'tm_maxmemory', u'tm_priority', u'tm_output_dataset', u'tm_task_warnings', u'tm_user_webdir', u'tm_scriptexe', u'tm_scriptargs', u'tm_extrajdl', u'tm_asourl', u'tm_collector', u'tm_schedd', u'tm_dry_run', u'tm_user_files', u'tm_transfer_outputs', u'tm_output_lfn', u'tm_ignore_locality', u'tm_fail_limit', u'tm_one_event_mode', u'tm_secondary_input_dataset', u'tm_primary_dataset', u'tm_last_publication', u'tm_debug_files', u'clusterid', u'tm_asodb', u'tm_ignore_global_blacklist', u'tm_submitter_ip_addr', u'tm_totalunits', u'tm_ddm_reqid']}}
INFO 2019-11-11 18:47:14.653 UTC: 	 CRAB project directory:		/afs/cern.ch/work/s/sthakur/xRavindra/MiniTree2017Data/CMSSW_10_4_0/src/ExLep2017Crab/crab/CrabMC_20191101/crab_ExLepEEZ_M1750_MC_20191101
INFO 2019-11-11 18:47:14.653 UTC: 	 Task name:			191101_121127:sthakur_crab_ExLepEEZ_M1750_MC_20191101
INFO 2019-11-11 18:47:14.654 UTC: 	 Grid scheduler - Task Worker:	crab3@vocms0194.cern.ch - crab-prod-tw01
INFO 2019-11-11 18:47:14.654 UTC: 	 Status on the CRAB server:	SUBMITTED
INFO 2019-11-11 18:47:14.654 UTC: 	 Task URL to use for HELP:	https://cmsweb.cern.ch/crabserver/ui/task/191101_121127%3Asthakur_crab_ExLepEEZ_M1750_MC_20191101
INFO 2019-11-11 18:47:14.654 UTC: 	 Dashboard monitoring URL:	https://monit-grafana.cern.ch/d/cmsTMDetail/cms-task-monitoring-task-view?orgId=11&var-user=sthakur&var-task=191101_121127%3Asthakur_crab_ExLepEEZ_M1750_MC_20191101
INFO 2019-11-11 18:47:14.654 UTC: 	 In case of issues with the dashboard, please provide feedback to hn-cms-computing-tools@cern.ch
DEBUG 2019-11-11 18:47:14.654 UTC: 	 The CRAB server submitted your task to the Grid scheduler (cluster ID: 45270735)
DEBUG 2019-11-11 18:47:14.654 UTC: 	 Webdir is located at http://vocms0194.cern.ch/mon/cms251/191101_121127:sthakur_crab_ExLepEEZ_M1750_MC_20191101
DEBUG 2019-11-11 18:47:14.833 UTC: 	 Proxied webdir is located at https://cmsweb.cern.ch/scheddmon/0194/cms251/191101_121127:sthakur_crab_ExLepEEZ_M1750_MC_20191101
DEBUG 2019-11-11 18:47:14.833 UTC: 	 Retrieving 'status_cache' file from https://cmsweb.cern.ch/scheddmon/0194/cms251/191101_121127:sthakur_crab_ExLepEEZ_M1750_MC_20191101/status_cache
DEBUG 2019-11-11 18:47:14.887 UTC: 	 Got information from status cache file: {'1': {'Retries': 0, 'WallDurations': [9.0, 15568.0], 'StartTimes': [1572610931.0], 'SubmitTimes': [1572610368.0], 'JobIds': ['45270739.0'], 'EndTimes': [1572626499.0], 'Restarts': 0, 'RecordedSite': True, 'State': 'finished', 'ResidentSetSize': [770864], 'TotalUserCpuTimeHistory': [1345], 'SiteHistory': ['Unknown', 'T2_US_Caltech'], 'TotalSysCpuTimeHistory': [91]}, '2': {'Retries': 0, 'WallDurations': [8.0, 2136.0], 'StartTimes': [1572610924.0], 'SubmitTimes': [1572610368.0], 'JobIds': ['45270740.0'], 'EndTimes': [1572613060.0], 'Restarts': 0, 'RecordedSite': True, 'State': 'finished', 'ResidentSetSize': [789624], 'TotalUserCpuTimeHistory': [209], 'SiteHistory': ['Unknown', 'T2_US_Caltech'], 'TotalSysCpuTimeHistory': [15]}}
INFO 2019-11-11 18:47:14.887 UTC: 	 Status on the scheduler:	COMPLETED
INFO 2019-11-11 18:47:14.887 UTC: 	 
Jobs status:                    finished     		100.0% (2/2)
INFO 2019-11-11 18:47:14.975 UTC: 	 
No publication information available yet
INFO 2019-11-11 18:47:14.975 UTC: 	 
Warning: the max jobs runtime is less than 30% of the task requested value (1250 min), please consider to request a lower value for failed jobs (allowed through crab resubmit) and/or improve the jobs splitting (e.g. config.Data.splitting = 'Automatic') in a new task.
INFO 2019-11-11 18:47:14.975 UTC: 	 
Warning: the average jobs CPU efficiency is less than 50%, please consider to improve the jobs splitting (e.g. config.Data.splitting = 'Automatic') in a new task
INFO 2019-11-11 18:47:14.976 UTC: 	 
Summary of run jobs:
 * Memory: 752MB min, 771MB max, 762MB ave
 * Runtime: 0:35:36 min, 4:19:28 max, 2:27:32 ave
 * CPU eff: 9% min, 10% max, 9% ave
 * Waste: 0:00:17 (0% of total)

INFO 2019-11-11 18:47:14.985 UTC: 	 Log file is /afs/cern.ch/work/s/sthakur/xRavindra/MiniTree2017Data/CMSSW_10_4_0/src/ExLep2017Crab/crab/CrabMC_20191101/crab_ExLepEEZ_M1750_MC_20191101/crab.log
