DEBUG 2019-11-16 18:49:47.862 UTC: 	 Running on: Linux lxplus745.cern.ch 3.10.0-1062.4.1.el7.x86_64 #1 SMP Fri Oct 18 17:15:30 UTC 2019 x86_64 x86_64 x86_64 GNU/Linux - CentOS Linux 7 (Core)
DEBUG 2019-11-16 18:49:47.879 UTC: 	 OpenSSl version: OpenSSL 1.0.2k-fips  26 Jan 2017 (Library: OpenSSL 1.0.2d-fips 9 Jul 2015)
DEBUG 2019-11-16 18:49:47.880 UTC: 	 Executing command: 'submit'
DEBUG 2019-11-16 18:49:47.887 UTC: 	 Found CRAB cache file /afs/cern.ch/user/s/sthakur/.crab3
DEBUG 2019-11-16 18:49:47.895 UTC: 	 Checking credentials
DEBUG 2019-11-16 18:49:47.895 UTC: 	 Found proxy file /tmp/x509up_u77410
DEBUG 2019-11-16 18:49:47.895 UTC: 	 Getting proxy life time left
DEBUG 2019-11-16 18:49:48.600 UTC: 	 Executing : 
 command : voms-proxy-info -file /tmp/x509up_u77410 -timeleft
 output : 40310

 error: 
 retcode : 0
DEBUG 2019-11-16 18:49:49.310 UTC: 	 Executing : 
 command : voms-proxy-info -file /tmp/x509up_u77410 -actimeleft
 output : 40309

 error: 
 retcode : 0
DEBUG 2019-11-16 18:49:49.310 UTC: 	 Proxy lifetime 40310 secs is different from voms extension lifetime 40309 secs for proxy: /tmp/x509up_u77410
DEBUG 2019-11-16 18:49:49.310 UTC: 	 Proxy valid for 11:11:49 hours
DEBUG 2019-11-16 18:49:49.311 UTC: 	 Will use CRAB Analysis plugin (i.e. will run an analysis job type).
DEBUG 2019-11-16 18:49:49.537 UTC: 	 Executing : 
 command : openssl x509 -in ~/.globus/usercert.pem -subject -noout
 output : subject= /DC=ch/DC=cern/OU=Organic Units/OU=Users/CN=sthakur/CN=764789/CN=Shalini Thakur

 error: 
 retcode : 0
DEBUG 2019-11-16 18:49:49.537 UTC: 	 Checking credentials
DEBUG 2019-11-16 18:49:49.537 UTC: 	 Found proxy file /tmp/x509up_u77410
DEBUG 2019-11-16 18:49:49.537 UTC: 	 Getting proxy life time left
DEBUG 2019-11-16 18:49:50.456 UTC: 	 Executing : 
 command : voms-proxy-info -file /tmp/x509up_u77410 -timeleft
 output : 40308

 error: 
 retcode : 0
DEBUG 2019-11-16 18:49:51.466 UTC: 	 Executing : 
 command : voms-proxy-info -file /tmp/x509up_u77410 -actimeleft
 output : 40307

 error: 
 retcode : 0
DEBUG 2019-11-16 18:49:51.466 UTC: 	 Proxy lifetime 40308 secs is different from voms extension lifetime 40307 secs for proxy: /tmp/x509up_u77410
DEBUG 2019-11-16 18:49:51.466 UTC: 	 Proxy valid for 11:11:47 hours
DEBUG 2019-11-16 18:49:52.176 UTC: 	 Executing : 
 command : env X509_USER_PROXY=/tmp/x509up_u77410 voms-proxy-info -fqan
 output : /cms/Role=NULL/Capability=NULL

 error: 
 retcode : 0
DEBUG 2019-11-16 18:49:52.271 UTC: 	 Registering user credentials for server /DC=ch/DC=cern/OU=computers/CN=vocms(052|058|030|0118|0105|0109).cern.ch|/DC=ch/DC=cern/OU=computers/CN=crab-(preprod|prod)-tw(02|01).cern.ch
DEBUG 2019-11-16 18:49:52.381 UTC: 	 Executing : 
 command : openssl x509 -in ~/.globus/usercert.pem -subject -noout
 output : subject= /DC=ch/DC=cern/OU=Organic Units/OU=Users/CN=sthakur/CN=764789/CN=Shalini Thakur

 error: 
 retcode : 0
DEBUG 2019-11-16 18:49:52.382 UTC: 	 Getting myproxy life time left for myproxy.cern.ch
DEBUG 2019-11-16 18:49:52.382 UTC: 	 Calculating hash of /DC=ch/DC=cern/OU=Organic Units/OU=Users/CN=sthakur/CN=764789/CN=Shalini Thakur_cmsweb.cern.ch for credential name
DEBUG 2019-11-16 18:49:52.587 UTC: 	 Executing : 
 command : myproxy-info -l 9cd94953387eeee7bf4da2b7588630639ea1153b -s myproxy.cern.ch
 output : username: 9cd94953387eeee7bf4da2b7588630639ea1153b
owner: /DC=ch/DC=cern/OU=Organic Units/OU=Users/CN=sthakur/CN=764789/CN=Shalini Thakur
  renewal policy: /DC=ch/DC=cern/OU=computers/CN=vocms(052|058|030|0118|0105|0109).cern.ch|/DC=ch/DC=cern/OU=computers/CN=crab-(preprod|prod)-tw(02|01).cern.ch
  trusted retrieval policy: /DC=ch/DC=cern/OU=computers/CN=vocms(052|058|030|0118|0105|0109).cern.ch|/DC=ch/DC=cern/OU=computers/CN=crab-(preprod|prod)-tw(02|01).cern.ch
  timeleft: 590:43:27  (24.6 days)

 error: 
 retcode : 0
DEBUG 2019-11-16 18:49:52.588 UTC: 	 Myproxy is valid: 2126607
DEBUG 2019-11-16 18:49:52.588 UTC: 	 Command use: submit
DEBUG 2019-11-16 18:49:52.588 UTC: 	 Options use: ['--config', <WMCore.Configuration.Configuration object at 0x7f296570cfd0>]
DEBUG 2019-11-16 18:49:52.691 UTC: 	 CRABClient version: 3.3.1911.patch1
DEBUG 2019-11-16 18:49:52.691 UTC: 	 Instance is prod
DEBUG 2019-11-16 18:49:52.691 UTC: 	 Server base url is cmsweb.cern.ch
DEBUG 2019-11-16 18:49:52.691 UTC: 	 Command url /crabserver/prod/workflow
DEBUG 2019-11-16 18:49:52.691 UTC: 	 Started submission
DEBUG 2019-11-16 18:49:52.691 UTC: 	 Working on /afs/cern.ch/work/s/sthakur/xRavindra/MiniTree2017Data/CMSSW_10_4_0/src/ExLep2017Crab/crab/CrabMC_20191116/crab_ExLepEEZ_M2000_MC_20191116
DEBUG 2019-11-16 18:49:52.828 UTC: 	 Loading required information from the environment
DEBUG 2019-11-16 18:49:52.828 UTC: 	 Found CMSSW_10_4_0 for slc7_amd64_gcc700 with base /afs/cern.ch/work/s/sthakur/xRavindra/MiniTree2017Data/CMSSW_10_4_0
DEBUG 2019-11-16 18:49:52.828 UTC: 	 Loading required information from the environment
DEBUG 2019-11-16 18:49:52.828 UTC: 	 Found CMSSW_10_4_0 for slc7_amd64_gcc700 with base /afs/cern.ch/work/s/sthakur/xRavindra/MiniTree2017Data/CMSSW_10_4_0
DEBUG 2019-11-16 18:49:52.844 UTC: 	 UNIQUE NAME: tarUUID 5c630a12-5750-4f43-91b5-010be01a1f73 
DEBUG 2019-11-16 18:49:52.844 UTC: 	 self.config: from WMCore.Configuration import Configuration
config = Configuration()
config.section_('General')
config.General.workArea = 'CrabMC_20191116'
config.General.transferOutputs = True
config.General.transferLogs = False
config.General.requestName = 'ExLepEEZ_M2000_MC_20191116'
config.section_('JobType')
config.JobType.psetName = '20191116/config/ExLepEEZ_M2000_MC_20191116_cfg.py'
config.JobType.pluginName = 'Analysis'
config.JobType.inputFiles = ['../../ExLep2017Tree/Selection/test/Fall17_V3_MC_PtResolution_AK8PF.txt', '../../ExLep2017Tree/Selection/test/Fall17_V3_MC_SF_AK8PF.txt']
config.JobType.allowUndistributedCMSSW = True
config.JobType.maxMemoryMB = 2000
config.section_('Data')
config.Data.inputDataset = '/ExcitedLepton_EEZ-2000_TuneCP5_13TeV-pythia8/RunIIFall17MiniAODv2-PU2017_12Apr2018_94X_mc2017_realistic_v14-v1/MINIAODSIM'
config.Data.allowNonValidInputDataset = True
config.Data.unitsPerJob = 10
config.Data.inputDBS = 'global'
config.Data.splitting = 'FileBased'
config.Data.outputDatasetTag = 'ExLepEEZ_M2000_MC_20191116'
config.Data.outLFNDirBase = '/store/user/sthakur/ntuple_for2017MC_20191116/MC_20191116/ExLepEEZ_M2000_MC_20191116'
config.section_('Site')
config.Site.storageSite = 'T2_IN_TIFR'
config.section_('User')
config.section_('Debug')

DEBUG 2019-11-16 18:49:52.844 UTC: 	 self.config.JobType.psetName: 20191116/config/ExLepEEZ_M2000_MC_20191116_cfg.py
INFO 2019-11-16 18:49:52.844 UTC: 	 Importing CMSSW configuration 20191116/config/ExLepEEZ_M2000_MC_20191116_cfg.py
INFO 2019-11-16 18:49:53.081 UTC: 	 Finished importing CMSSW configuration 20191116/config/ExLepEEZ_M2000_MC_20191116_cfg.py
DEBUG 2019-11-16 18:49:53.081 UTC: 	 Writing CMSSW configuration to /afs/cern.ch/work/s/sthakur/xRavindra/MiniTree2017Data/CMSSW_10_4_0/src/ExLep2017Crab/crab/CrabMC_20191116/crab_ExLepEEZ_M2000_MC_20191116/inputs/PSet.py
DEBUG 2019-11-16 18:49:53.223 UTC: 	 The following EDM output files will be collected: []
DEBUG 2019-11-16 18:49:53.224 UTC: 	 The following TFile output files will be collected: ['ExLepEEZ_M2000_MC_20191116_Ntuple.root']
DEBUG 2019-11-16 18:49:53.224 UTC: 	 The following user output files (not listed as PoolOuputModule or TFileService in the CMSSW PSet) will be collected: 
DEBUG 2019-11-16 18:49:53.224 UTC: 	 Loading required information from the environment
DEBUG 2019-11-16 18:49:53.224 UTC: 	 Found CMSSW_10_4_0 for slc7_amd64_gcc700 with base /afs/cern.ch/work/s/sthakur/xRavindra/MiniTree2017Data/CMSSW_10_4_0
DEBUG 2019-11-16 18:49:53.224 UTC: 	 Making tarball in /afs/cern.ch/work/s/sthakur/xRavindra/MiniTree2017Data/CMSSW_10_4_0/src/ExLep2017Crab/crab/CrabMC_20191116/crab_ExLepEEZ_M2000_MC_20191116/inputs/5c630a12-5750-4f43-91b5-010be01a1f73default.tgz
DEBUG 2019-11-16 18:49:53.230 UTC: 	 Checking directory /afs/cern.ch/work/s/sthakur/xRavindra/MiniTree2017Data/CMSSW_10_4_0/lib
DEBUG 2019-11-16 18:49:53.230 UTC: 	 Adding directory /afs/cern.ch/work/s/sthakur/xRavindra/MiniTree2017Data/CMSSW_10_4_0/lib to tarball
DEBUG 2019-11-16 18:49:53.242 UTC: 	 Checking directory /afs/cern.ch/work/s/sthakur/xRavindra/MiniTree2017Data/CMSSW_10_4_0/biglib
DEBUG 2019-11-16 18:49:53.242 UTC: 	 Adding directory /afs/cern.ch/work/s/sthakur/xRavindra/MiniTree2017Data/CMSSW_10_4_0/biglib to tarball
DEBUG 2019-11-16 18:49:53.243 UTC: 	 Checking directory /afs/cern.ch/work/s/sthakur/xRavindra/MiniTree2017Data/CMSSW_10_4_0/module
DEBUG 2019-11-16 18:49:53.250 UTC: 	 Adding data directory /afs/cern.ch/work/s/sthakur/xRavindra/MiniTree2017Data/CMSSW_10_4_0/src/ExLep2017Tree/Selection/interface to tarball
DEBUG 2019-11-16 18:49:53.288 UTC: 	 Adding file ../../ExLep2017Tree/Selection/test/Fall17_V3_MC_PtResolution_AK8PF.txt to tarball
DEBUG 2019-11-16 18:49:53.289 UTC: 	 Adding file ../../ExLep2017Tree/Selection/test/Fall17_V3_MC_SF_AK8PF.txt to tarball
DEBUG 2019-11-16 18:49:53.467 UTC: 	 Uploading archive /afs/cern.ch/work/s/sthakur/xRavindra/MiniTree2017Data/CMSSW_10_4_0/src/ExLep2017Crab/crab/CrabMC_20191116/crab_ExLepEEZ_M2000_MC_20191116/inputs/5c630a12-5750-4f43-91b5-010be01a1f73default.tgz (239 KB) to the CRAB cache. Using URI https://cmsweb.cern.ch/crabcache
DEBUG 2019-11-16 18:49:53.762 UTC: 	 Loading required information from the environment
DEBUG 2019-11-16 18:49:53.762 UTC: 	 Found CMSSW_10_4_0 for slc7_amd64_gcc700 with base /afs/cern.ch/work/s/sthakur/xRavindra/MiniTree2017Data/CMSSW_10_4_0
DEBUG 2019-11-16 18:49:53.762 UTC: 	 Making tarball in /afs/cern.ch/work/s/sthakur/xRavindra/MiniTree2017Data/CMSSW_10_4_0/src/ExLep2017Crab/crab/CrabMC_20191116/crab_ExLepEEZ_M2000_MC_20191116/inputs/debugFiles.tgz
DEBUG 2019-11-16 18:49:53.785 UTC: 	 Uploading archive /afs/cern.ch/work/s/sthakur/xRavindra/MiniTree2017Data/CMSSW_10_4_0/src/ExLep2017Crab/crab/CrabMC_20191116/crab_ExLepEEZ_M2000_MC_20191116/inputs/debugFiles.tgz (2 KB) to the CRAB cache. Using URI https://cmsweb.cern.ch/crabcache
DEBUG 2019-11-16 18:49:53.853 UTC: 	 Result uploading input files: 6a923136419b8c0b647ce12368e3856f13ec81ae1fcb473bef1f0887dcb7090f.tar.gz 
WARNING 2019-11-16 18:49:53.854 UTC: 	 Warning: The following output files will not be published, as they are not EDM files: ['ExLepEEZ_M2000_MC_20191116_Ntuple.root']
INFO 2019-11-16 18:49:53.854 UTC: 	 Sending the request to the server at cmsweb.cern.ch
DEBUG 2019-11-16 18:49:53.854 UTC: 	 Submitting {'maxjobruntime': 1250, 'extrajdl': [], 'ignorelocality': 0, 'savelogsflag': 0, 'useparent': 0, 'asyncdest': 'T2_IN_TIFR', 'algoargs': 10, 'cachefilename': '6a923136419b8c0b647ce12368e3856f13ec81ae1fcb473bef1f0887dcb7090f.tar.gz', 'numcores': 1, 'addoutputfiles': [], 'generator': 'pythia', 'maxmemory': 2000, 'publishdbsurl': 'https://cmsweb.cern.ch/dbs/prod/phys03/DBSWriter', 'priority': 10, 'jobsw': 'CMSSW_10_4_0', 'edmoutfiles': [], 'userfiles': [], 'primarydataset': '', 'inputdata': '/ExcitedLepton_EEZ-2000_TuneCP5_13TeV-pythia8/RunIIFall17MiniAODv2-PU2017_12Apr2018_94X_mc2017_realistic_v14-v1/MINIAODSIM', 'lfn': '/store/user/sthakur/ntuple_for2017MC_20191116/MC_20191116/ExLepEEZ_M2000_MC_20191116', 'dryrun': 0, 'workflow': 'crab_ExLepEEZ_M2000_MC_20191116', 'cacheurl': u'https://cmsweb.cern.ch/crabcache', 'nonprodsw': 1, 'tfileoutfiles': ['ExLepEEZ_M2000_MC_20191116_Ntuple.root'], 'oneEventMode': 0, 'debugfilename': '393ecfdfa05fe78cd83ed304d09342af3a90f27f4420693a539704ccb377f527.tar.gz', 'saveoutput': 1, 'publication': 1, 'jobarch': 'slc7_amd64_gcc700', 'totalunits': 0, 'splitalgo': 'FileBased', 'ignoreglobalblacklist': 0, 'nonvaliddata': 1, 'dbsurl': 'https://cmsweb.cern.ch/dbs/prod/global/DBSReader', 'publishgroupname': 0, 'jobtype': 'Analysis', 'publishname2': 'ExLepEEZ_M2000_MC_20191116'} 
DEBUG 2019-11-16 18:49:53.854 UTC: 	 Encoded submit request: maxjobruntime=1250&ignorelocality=0&savelogsflag=0&useparent=0&asyncdest=T2_IN_TIFR&algoargs=10&cachefilename=6a923136419b8c0b647ce12368e3856f13ec81ae1fcb473bef1f0887dcb7090f.tar.gz&numcores=1&generator=pythia&maxmemory=2000&publishdbsurl=https%3A%2F%2Fcmsweb.cern.ch%2Fdbs%2Fprod%2Fphys03%2FDBSWriter&priority=10&jobsw=CMSSW_10_4_0&primarydataset=&inputdata=%2FExcitedLepton_EEZ-2000_TuneCP5_13TeV-pythia8%2FRunIIFall17MiniAODv2-PU2017_12Apr2018_94X_mc2017_realistic_v14-v1%2FMINIAODSIM&lfn=%2Fstore%2Fuser%2Fsthakur%2Fntuple_for2017MC_20191116%2FMC_20191116%2FExLepEEZ_M2000_MC_20191116&dryrun=0&workflow=crab_ExLepEEZ_M2000_MC_20191116&cacheurl=https%3A%2F%2Fcmsweb.cern.ch%2Fcrabcache&nonprodsw=1&oneEventMode=0&debugfilename=393ecfdfa05fe78cd83ed304d09342af3a90f27f4420693a539704ccb377f527.tar.gz&saveoutput=1&publication=1&jobarch=slc7_amd64_gcc700&totalunits=0&splitalgo=FileBased&ignoreglobalblacklist=0&nonvaliddata=1&dbsurl=https%3A%2F%2Fcmsweb.cern.ch%2Fdbs%2Fprod%2Fglobal%2FDBSReader&publishgroupname=0&jobtype=Analysis&publishname2=ExLepEEZ_M2000_MC_20191116&tfileoutfiles=ExLepEEZ_M2000_MC_20191116_Ntuple.root
DEBUG 2019-11-16 18:49:53.998 UTC: 	 Result: {u'result': [{u'RequestName': u'191116_184953:sthakur_crab_ExLepEEZ_M2000_MC_20191116'}]}
INFO 2019-11-16 18:49:54.018 UTC: 	 Success: Your task has been delivered to the prod CRAB3 server.
INFO 2019-11-16 18:49:54.018 UTC: 	 Task name: 191116_184953:sthakur_crab_ExLepEEZ_M2000_MC_20191116
INFO 2019-11-16 18:49:54.018 UTC: 	 Project dir: CrabMC_20191116/crab_ExLepEEZ_M2000_MC_20191116
INFO 2019-11-16 18:49:54.018 UTC: 	 Please use 'crab status -d CrabMC_20191116/crab_ExLepEEZ_M2000_MC_20191116' to check how the submission process proceeds.
DEBUG 2019-11-16 18:49:54.018 UTC: 	 About to return
DEBUG 2019-11-16 18:58:10.826 UTC: 	 Running on: Linux lxplus745.cern.ch 3.10.0-1062.4.1.el7.x86_64 #1 SMP Fri Oct 18 17:15:30 UTC 2019 x86_64 x86_64 x86_64 GNU/Linux - CentOS Linux 7 (Core)
DEBUG 2019-11-16 18:58:10.844 UTC: 	 OpenSSl version: OpenSSL 1.0.2k-fips  26 Jan 2017 (Library: OpenSSL 1.0.2d-fips 9 Jul 2015)
DEBUG 2019-11-16 18:58:10.845 UTC: 	 Executing command: 'status'
DEBUG 2019-11-16 18:58:10.845 UTC: 	 Found CRAB cache file /afs/cern.ch/user/s/sthakur/.crab3
DEBUG 2019-11-16 18:58:10.858 UTC: 	 Checking credentials
DEBUG 2019-11-16 18:58:10.858 UTC: 	 Found proxy file /tmp/x509up_u77410
DEBUG 2019-11-16 18:58:10.859 UTC: 	 Getting proxy life time left
DEBUG 2019-11-16 18:58:11.564 UTC: 	 Executing : 
 command : voms-proxy-info -file /tmp/x509up_u77410 -timeleft
 output : 39807

 error: 
 retcode : 0
DEBUG 2019-11-16 18:58:12.270 UTC: 	 Executing : 
 command : voms-proxy-info -file /tmp/x509up_u77410 -actimeleft
 output : 39806

 error: 
 retcode : 0
DEBUG 2019-11-16 18:58:12.270 UTC: 	 Proxy lifetime 39807 secs is different from voms extension lifetime 39806 secs for proxy: /tmp/x509up_u77410
DEBUG 2019-11-16 18:58:12.270 UTC: 	 Proxy valid for 11:03:26 hours
DEBUG 2019-11-16 18:58:12.426 UTC: 	 Executing : 
 command : openssl x509 -in ~/.globus/usercert.pem -subject -noout
 output : subject= /DC=ch/DC=cern/OU=Organic Units/OU=Users/CN=sthakur/CN=764789/CN=Shalini Thakur

 error: 
 retcode : 0
DEBUG 2019-11-16 18:58:12.426 UTC: 	 Checking credentials
DEBUG 2019-11-16 18:58:12.426 UTC: 	 Found proxy file /tmp/x509up_u77410
DEBUG 2019-11-16 18:58:12.426 UTC: 	 Getting proxy life time left
DEBUG 2019-11-16 18:58:13.132 UTC: 	 Executing : 
 command : voms-proxy-info -file /tmp/x509up_u77410 -timeleft
 output : 39805

 error: 
 retcode : 0
DEBUG 2019-11-16 18:58:13.939 UTC: 	 Executing : 
 command : voms-proxy-info -file /tmp/x509up_u77410 -actimeleft
 output : 39805

 error: 
 retcode : 0
DEBUG 2019-11-16 18:58:13.939 UTC: 	 Proxy valid for 11:03:25 hours
DEBUG 2019-11-16 18:58:14.019 UTC: 	 Registering user credentials for server /DC=ch/DC=cern/OU=computers/CN=vocms(052|058|030|0118|0105|0109).cern.ch|/DC=ch/DC=cern/OU=computers/CN=crab-(preprod|prod)-tw(02|01).cern.ch
DEBUG 2019-11-16 18:58:14.130 UTC: 	 Executing : 
 command : openssl x509 -in ~/.globus/usercert.pem -subject -noout
 output : subject= /DC=ch/DC=cern/OU=Organic Units/OU=Users/CN=sthakur/CN=764789/CN=Shalini Thakur

 error: 
 retcode : 0
DEBUG 2019-11-16 18:58:14.131 UTC: 	 Getting myproxy life time left for myproxy.cern.ch
DEBUG 2019-11-16 18:58:14.131 UTC: 	 Calculating hash of /DC=ch/DC=cern/OU=Organic Units/OU=Users/CN=sthakur/CN=764789/CN=Shalini Thakur_cmsweb.cern.ch for credential name
DEBUG 2019-11-16 18:58:14.335 UTC: 	 Executing : 
 command : myproxy-info -l 9cd94953387eeee7bf4da2b7588630639ea1153b -s myproxy.cern.ch
 output : username: 9cd94953387eeee7bf4da2b7588630639ea1153b
owner: /DC=ch/DC=cern/OU=Organic Units/OU=Users/CN=sthakur/CN=764789/CN=Shalini Thakur
  renewal policy: /DC=ch/DC=cern/OU=computers/CN=vocms(052|058|030|0118|0105|0109).cern.ch|/DC=ch/DC=cern/OU=computers/CN=crab-(preprod|prod)-tw(02|01).cern.ch
  trusted retrieval policy: /DC=ch/DC=cern/OU=computers/CN=vocms(052|058|030|0118|0105|0109).cern.ch|/DC=ch/DC=cern/OU=computers/CN=crab-(preprod|prod)-tw(02|01).cern.ch
  timeleft: 590:35:05  (24.6 days)

 error: 
 retcode : 0
DEBUG 2019-11-16 18:58:14.336 UTC: 	 Myproxy is valid: 2126105
DEBUG 2019-11-16 18:58:14.337 UTC: 	 Command use: status
DEBUG 2019-11-16 18:58:14.337 UTC: 	 Options use: ['--verboseErrors', 'CrabMC_20191116/crab_ExLepEEZ_M2000_MC_20191116']
DEBUG 2019-11-16 18:58:14.471 UTC: 	 CRABClient version: 3.3.1911.patch1
DEBUG 2019-11-16 18:58:14.471 UTC: 	 Instance is prod
DEBUG 2019-11-16 18:58:14.471 UTC: 	 Server base url is cmsweb.cern.ch
DEBUG 2019-11-16 18:58:14.471 UTC: 	 Command url /crabserver/prod/workflow
DEBUG 2019-11-16 18:58:14.551 UTC: 	 Got information from server oracle database: {u'result': [u'191116_184953:sthakur_crab_ExLepEEZ_M2000_MC_20191116', u'None', u'None', u'SUBMITTED', u'SUBMIT', u'2019-11-16 18:49:53.990888', u'None', u'2019-11-16 18:51:16.335791', u'None', u'CMSSW_10_4_0', u'slc7_amd64_gcc700', u'/ExcitedLepton_EEZ-2000_TuneCP5_13TeV-pythia8/RunIIFall17MiniAODv2-PU2017_12Apr2018_94X_mc2017_realistic_v14-v1/MINIAODSIM', u'T', u'0', u'[]', u'[]', u'FileBased', u"{'splitOnRun': False, 'halt_job_on_file_boundaries': False, 'files_per_job': 10, 'runs': [], 'lumis': []}", u'6a923136419b8c0b647ce12368e3856f13ec81ae1fcb473bef1f0887dcb7090f.tar.gz', u'https://cmsweb.cern.ch/crabcache', u'sthakur', u'/DC=ch/DC=cern/OU=Organic Units/OU=Users/CN=sthakur/CN=764789/CN=Shalini Thakur', u'cms', u'None', u'None', u'ExLepEEZ_M2000_MC_20191116-00000000000000000000000000000000', u'F', u'T2_IN_TIFR', u'https://cmsweb.cern.ch/dbs/prod/global/DBSReader', u'https://cmsweb.cern.ch/dbs/prod/phys03/DBSWriter', u'T', u'[]', u"['ExLepEEZ_M2000_MC_20191116_Ntuple.root']", u'[]', u'Analysis', u'pythia', u'None', u'{}', u'[]', u'F', u'crab-prod-tw01', u'[]', u'1250', u'1', u'2000', u'10', u'None', u'[]', u'http://vocms0198.cern.ch/mon/cms251/191116_184953:sthakur_crab_ExLepEEZ_M2000_MC_20191116', u'None', u'[]', u'[]', u'https://cmsweb.cern.ch/crabserver/prod', u'cmsgwms-collector-global.cern.ch:9620,cmssrv623.fnal.gov:9620', u'crab3@vocms0198.cern.ch', u'F', u'[]', u'T', u'/store/user/sthakur/ntuple_for2017MC_20191116/MC_20191116/ExLepEEZ_M2000_MC_20191116', u'F', u'None', u'F', u'None', u'ExcitedLepton_EEZ-2000_TuneCP5_13TeV-pythia8', u'None', u'393ecfdfa05fe78cd83ed304d09342af3a90f27f4420693a539704ccb377f527.tar.gz', u'41031489', u'filetransfers', u'F', u'2001:1458:d00:13::2e5', u'0.0', u'None'], u'desc': {u'columns': [u'tm_taskname', u'tm_activity', u'panda_jobset_id', u'tm_task_status', u'tm_task_command', u'tm_start_time', u'tm_start_injection', u'tm_end_injection', u'tm_task_failure', u'tm_job_sw', u'tm_job_arch', u'tm_input_dataset', u'tm_nonvalid_input_dataset', u'tm_use_parent', u'tm_site_whitelist', u'tm_site_blacklist', u'tm_split_algo', u'tm_split_args', u'tm_user_sandbox', u'tm_cache_url', u'tm_username', u'tm_user_dn', u'tm_user_vo', u'tm_user_role', u'tm_user_group', u'tm_publish_name', u'tm_publish_groupname', u'tm_asyncdest', u'tm_dbs_url', u'tm_publish_dbs_url', u'tm_publication', u'tm_outfiles', u'tm_tfile_outfiles', u'tm_edm_outfiles', u'tm_job_type', u'tm_generator', u'tm_events_per_lumi', u'tm_arguments', u'panda_resubmitted_jobs', u'tm_save_logs', u'tw_name', u'tm_user_infiles', u'tm_maxjobruntime', u'tm_numcores', u'tm_maxmemory', u'tm_priority', u'tm_output_dataset', u'tm_task_warnings', u'tm_user_webdir', u'tm_scriptexe', u'tm_scriptargs', u'tm_extrajdl', u'tm_asourl', u'tm_collector', u'tm_schedd', u'tm_dry_run', u'tm_user_files', u'tm_transfer_outputs', u'tm_output_lfn', u'tm_ignore_locality', u'tm_fail_limit', u'tm_one_event_mode', u'tm_secondary_input_dataset', u'tm_primary_dataset', u'tm_last_publication', u'tm_debug_files', u'clusterid', u'tm_asodb', u'tm_ignore_global_blacklist', u'tm_submitter_ip_addr', u'tm_totalunits', u'tm_ddm_reqid']}}
INFO 2019-11-16 18:58:14.551 UTC: 	 CRAB project directory:		/afs/cern.ch/work/s/sthakur/xRavindra/MiniTree2017Data/CMSSW_10_4_0/src/ExLep2017Crab/crab/CrabMC_20191116/crab_ExLepEEZ_M2000_MC_20191116
INFO 2019-11-16 18:58:14.551 UTC: 	 Task name:			191116_184953:sthakur_crab_ExLepEEZ_M2000_MC_20191116
INFO 2019-11-16 18:58:14.552 UTC: 	 Grid scheduler - Task Worker:	crab3@vocms0198.cern.ch - crab-prod-tw01
INFO 2019-11-16 18:58:14.552 UTC: 	 Status on the CRAB server:	SUBMITTED
INFO 2019-11-16 18:58:14.552 UTC: 	 Task URL to use for HELP:	https://cmsweb.cern.ch/crabserver/ui/task/191116_184953%3Asthakur_crab_ExLepEEZ_M2000_MC_20191116
INFO 2019-11-16 18:58:14.552 UTC: 	 Dashboard monitoring URL:	https://monit-grafana.cern.ch/d/cmsTMDetail/cms-task-monitoring-task-view?orgId=11&var-user=sthakur&var-task=191116_184953%3Asthakur_crab_ExLepEEZ_M2000_MC_20191116
INFO 2019-11-16 18:58:14.552 UTC: 	 In case of issues with the dashboard, please provide feedback to hn-cms-computing-tools@cern.ch
DEBUG 2019-11-16 18:58:14.552 UTC: 	 The CRAB server submitted your task to the Grid scheduler (cluster ID: 41031489)
DEBUG 2019-11-16 18:58:14.552 UTC: 	 Webdir is located at http://vocms0198.cern.ch/mon/cms251/191116_184953:sthakur_crab_ExLepEEZ_M2000_MC_20191116
DEBUG 2019-11-16 18:58:14.656 UTC: 	 Proxied webdir is located at https://cmsweb.cern.ch/scheddmon/0198/cms251/191116_184953:sthakur_crab_ExLepEEZ_M2000_MC_20191116
DEBUG 2019-11-16 18:58:14.656 UTC: 	 Retrieving 'status_cache' file from https://cmsweb.cern.ch/scheddmon/0198/cms251/191116_184953:sthakur_crab_ExLepEEZ_M2000_MC_20191116/status_cache
DEBUG 2019-11-16 18:58:14.726 UTC: 	 Got information from status cache file: {'1': {'Retries': 0, 'WallDurations': [0], 'StartTimes': [], 'SubmitTimes': [1573930288.0], 'JobIds': ['41031492.0'], 'EndTimes': [], 'Restarts': 0, 'RecordedSite': False, 'State': 'idle', 'ResidentSetSize': [0], 'TotalUserCpuTimeHistory': [0.0], 'SiteHistory': ['Unknown'], 'TotalSysCpuTimeHistory': [0.0]}, '2': {'Retries': 0, 'WallDurations': [0], 'StartTimes': [], 'SubmitTimes': [1573930288.0], 'JobIds': ['41031493.0'], 'EndTimes': [], 'Restarts': 0, 'RecordedSite': False, 'State': 'idle', 'ResidentSetSize': [0], 'TotalUserCpuTimeHistory': [0.0], 'SiteHistory': ['Unknown'], 'TotalSysCpuTimeHistory': [0.0]}}
INFO 2019-11-16 18:58:14.726 UTC: 	 Status on the scheduler:	SUBMITTED
INFO 2019-11-16 18:58:14.726 UTC: 	 
Jobs status:                    idle         		100.0% (2/2)
INFO 2019-11-16 18:58:14.726 UTC: 	 
No publication information available yet
INFO 2019-11-16 18:58:14.761 UTC: 	 Log file is /afs/cern.ch/work/s/sthakur/xRavindra/MiniTree2017Data/CMSSW_10_4_0/src/ExLep2017Crab/crab/CrabMC_20191116/crab_ExLepEEZ_M2000_MC_20191116/crab.log
DEBUG 2019-11-17 16:04:26.755 UTC: 	 Running on: Linux lxplus744.cern.ch 3.10.0-1062.4.1.el7.x86_64 #1 SMP Fri Oct 18 17:15:30 UTC 2019 x86_64 x86_64 x86_64 GNU/Linux - CentOS Linux 7 (Core)
DEBUG 2019-11-17 16:04:26.769 UTC: 	 OpenSSl version: OpenSSL 1.0.2k-fips  26 Jan 2017 (Library: OpenSSL 1.0.2d-fips 9 Jul 2015)
DEBUG 2019-11-17 16:04:26.769 UTC: 	 Executing command: 'status'
DEBUG 2019-11-17 16:04:26.769 UTC: 	 Found CRAB cache file /afs/cern.ch/user/s/sthakur/.crab3
DEBUG 2019-11-17 16:04:26.787 UTC: 	 Checking credentials
DEBUG 2019-11-17 16:04:26.787 UTC: 	 Found proxy file /tmp/x509up_u77410
DEBUG 2019-11-17 16:04:26.787 UTC: 	 Getting proxy life time left
DEBUG 2019-11-17 16:04:27.392 UTC: 	 Executing : 
 command : voms-proxy-info -file /tmp/x509up_u77410 -timeleft
 output : 43164

 error: 
 retcode : 0
DEBUG 2019-11-17 16:04:27.997 UTC: 	 Executing : 
 command : voms-proxy-info -file /tmp/x509up_u77410 -actimeleft
 output : 43164

 error: 
 retcode : 0
DEBUG 2019-11-17 16:04:27.998 UTC: 	 Proxy valid for 11:59:24 hours
DEBUG 2019-11-17 16:04:28.111 UTC: 	 Executing : 
 command : openssl x509 -in ~/.globus/usercert.pem -subject -noout
 output : subject= /DC=ch/DC=cern/OU=Organic Units/OU=Users/CN=sthakur/CN=764789/CN=Shalini Thakur

 error: 
 retcode : 0
DEBUG 2019-11-17 16:04:28.111 UTC: 	 Checking credentials
DEBUG 2019-11-17 16:04:28.111 UTC: 	 Found proxy file /tmp/x509up_u77410
DEBUG 2019-11-17 16:04:28.111 UTC: 	 Getting proxy life time left
DEBUG 2019-11-17 16:04:28.716 UTC: 	 Executing : 
 command : voms-proxy-info -file /tmp/x509up_u77410 -timeleft
 output : 43163

 error: 
 retcode : 0
DEBUG 2019-11-17 16:04:29.321 UTC: 	 Executing : 
 command : voms-proxy-info -file /tmp/x509up_u77410 -actimeleft
 output : 43162

 error: 
 retcode : 0
DEBUG 2019-11-17 16:04:29.322 UTC: 	 Proxy lifetime 43163 secs is different from voms extension lifetime 43162 secs for proxy: /tmp/x509up_u77410
DEBUG 2019-11-17 16:04:29.322 UTC: 	 Proxy valid for 11:59:22 hours
DEBUG 2019-11-17 16:04:29.425 UTC: 	 Registering user credentials for server /DC=ch/DC=cern/OU=computers/CN=vocms(052|058|030|0118|0105|0109).cern.ch|/DC=ch/DC=cern/OU=computers/CN=crab-(preprod|prod)-tw(02|01).cern.ch
DEBUG 2019-11-17 16:04:29.536 UTC: 	 Executing : 
 command : openssl x509 -in ~/.globus/usercert.pem -subject -noout
 output : subject= /DC=ch/DC=cern/OU=Organic Units/OU=Users/CN=sthakur/CN=764789/CN=Shalini Thakur

 error: 
 retcode : 0
DEBUG 2019-11-17 16:04:29.536 UTC: 	 Getting myproxy life time left for myproxy.cern.ch
DEBUG 2019-11-17 16:04:29.536 UTC: 	 Calculating hash of /DC=ch/DC=cern/OU=Organic Units/OU=Users/CN=sthakur/CN=764789/CN=Shalini Thakur_cmsweb.cern.ch for credential name
DEBUG 2019-11-17 16:04:29.740 UTC: 	 Executing : 
 command : myproxy-info -l 9cd94953387eeee7bf4da2b7588630639ea1153b -s myproxy.cern.ch
 output : username: 9cd94953387eeee7bf4da2b7588630639ea1153b
owner: /DC=ch/DC=cern/OU=Organic Units/OU=Users/CN=sthakur/CN=764789/CN=Shalini Thakur
  renewal policy: /DC=ch/DC=cern/OU=computers/CN=vocms(052|058|030|0118|0105|0109).cern.ch|/DC=ch/DC=cern/OU=computers/CN=crab-(preprod|prod)-tw(02|01).cern.ch
  trusted retrieval policy: /DC=ch/DC=cern/OU=computers/CN=vocms(052|058|030|0118|0105|0109).cern.ch|/DC=ch/DC=cern/OU=computers/CN=crab-(preprod|prod)-tw(02|01).cern.ch
  timeleft: 569:28:50  (23.7 days)

 error: 
 retcode : 0
DEBUG 2019-11-17 16:04:29.741 UTC: 	 Myproxy is valid: 2050130
DEBUG 2019-11-17 16:04:29.742 UTC: 	 Command use: status
DEBUG 2019-11-17 16:04:29.742 UTC: 	 Options use: ['--verboseErrors', 'CrabMC_20191116/crab_ExLepEEZ_M2000_MC_20191116']
DEBUG 2019-11-17 16:04:29.811 UTC: 	 CRABClient version: 3.3.1911.patch1
DEBUG 2019-11-17 16:04:29.811 UTC: 	 Instance is prod
DEBUG 2019-11-17 16:04:29.811 UTC: 	 Server base url is cmsweb.cern.ch
DEBUG 2019-11-17 16:04:29.811 UTC: 	 Command url /crabserver/prod/workflow
DEBUG 2019-11-17 16:04:29.950 UTC: 	 Got information from server oracle database: {u'result': [u'191116_184953:sthakur_crab_ExLepEEZ_M2000_MC_20191116', u'None', u'None', u'SUBMITTED', u'SUBMIT', u'2019-11-16 18:49:53.990888', u'None', u'2019-11-16 18:51:16.335791', u'None', u'CMSSW_10_4_0', u'slc7_amd64_gcc700', u'/ExcitedLepton_EEZ-2000_TuneCP5_13TeV-pythia8/RunIIFall17MiniAODv2-PU2017_12Apr2018_94X_mc2017_realistic_v14-v1/MINIAODSIM', u'T', u'0', u'[]', u'[]', u'FileBased', u"{'splitOnRun': False, 'halt_job_on_file_boundaries': False, 'files_per_job': 10, 'runs': [], 'lumis': []}", u'6a923136419b8c0b647ce12368e3856f13ec81ae1fcb473bef1f0887dcb7090f.tar.gz', u'https://cmsweb.cern.ch/crabcache', u'sthakur', u'/DC=ch/DC=cern/OU=Organic Units/OU=Users/CN=sthakur/CN=764789/CN=Shalini Thakur', u'cms', u'None', u'None', u'ExLepEEZ_M2000_MC_20191116-00000000000000000000000000000000', u'F', u'T2_IN_TIFR', u'https://cmsweb.cern.ch/dbs/prod/global/DBSReader', u'https://cmsweb.cern.ch/dbs/prod/phys03/DBSWriter', u'T', u'[]', u"['ExLepEEZ_M2000_MC_20191116_Ntuple.root']", u'[]', u'Analysis', u'pythia', u'None', u'{}', u'[]', u'F', u'crab-prod-tw01', u'[]', u'1250', u'1', u'2000', u'10', u'None', u'[]', u'http://vocms0198.cern.ch/mon/cms251/191116_184953:sthakur_crab_ExLepEEZ_M2000_MC_20191116', u'None', u'[]', u'[]', u'https://cmsweb.cern.ch/crabserver/prod', u'cmsgwms-collector-global.cern.ch:9620,cmssrv623.fnal.gov:9620', u'crab3@vocms0198.cern.ch', u'F', u'[]', u'T', u'/store/user/sthakur/ntuple_for2017MC_20191116/MC_20191116/ExLepEEZ_M2000_MC_20191116', u'F', u'None', u'F', u'None', u'ExcitedLepton_EEZ-2000_TuneCP5_13TeV-pythia8', u'None', u'393ecfdfa05fe78cd83ed304d09342af3a90f27f4420693a539704ccb377f527.tar.gz', u'41031489', u'filetransfers', u'F', u'2001:1458:d00:13::2e5', u'0.0', u'None'], u'desc': {u'columns': [u'tm_taskname', u'tm_activity', u'panda_jobset_id', u'tm_task_status', u'tm_task_command', u'tm_start_time', u'tm_start_injection', u'tm_end_injection', u'tm_task_failure', u'tm_job_sw', u'tm_job_arch', u'tm_input_dataset', u'tm_nonvalid_input_dataset', u'tm_use_parent', u'tm_site_whitelist', u'tm_site_blacklist', u'tm_split_algo', u'tm_split_args', u'tm_user_sandbox', u'tm_cache_url', u'tm_username', u'tm_user_dn', u'tm_user_vo', u'tm_user_role', u'tm_user_group', u'tm_publish_name', u'tm_publish_groupname', u'tm_asyncdest', u'tm_dbs_url', u'tm_publish_dbs_url', u'tm_publication', u'tm_outfiles', u'tm_tfile_outfiles', u'tm_edm_outfiles', u'tm_job_type', u'tm_generator', u'tm_events_per_lumi', u'tm_arguments', u'panda_resubmitted_jobs', u'tm_save_logs', u'tw_name', u'tm_user_infiles', u'tm_maxjobruntime', u'tm_numcores', u'tm_maxmemory', u'tm_priority', u'tm_output_dataset', u'tm_task_warnings', u'tm_user_webdir', u'tm_scriptexe', u'tm_scriptargs', u'tm_extrajdl', u'tm_asourl', u'tm_collector', u'tm_schedd', u'tm_dry_run', u'tm_user_files', u'tm_transfer_outputs', u'tm_output_lfn', u'tm_ignore_locality', u'tm_fail_limit', u'tm_one_event_mode', u'tm_secondary_input_dataset', u'tm_primary_dataset', u'tm_last_publication', u'tm_debug_files', u'clusterid', u'tm_asodb', u'tm_ignore_global_blacklist', u'tm_submitter_ip_addr', u'tm_totalunits', u'tm_ddm_reqid']}}
INFO 2019-11-17 16:04:29.950 UTC: 	 CRAB project directory:		/afs/cern.ch/work/s/sthakur/xRavindra/MiniTree2017Data/CMSSW_10_4_0/src/ExLep2017Crab/crab/CrabMC_20191116/crab_ExLepEEZ_M2000_MC_20191116
INFO 2019-11-17 16:04:29.950 UTC: 	 Task name:			191116_184953:sthakur_crab_ExLepEEZ_M2000_MC_20191116
INFO 2019-11-17 16:04:29.950 UTC: 	 Grid scheduler - Task Worker:	crab3@vocms0198.cern.ch - crab-prod-tw01
INFO 2019-11-17 16:04:29.950 UTC: 	 Status on the CRAB server:	SUBMITTED
INFO 2019-11-17 16:04:29.950 UTC: 	 Task URL to use for HELP:	https://cmsweb.cern.ch/crabserver/ui/task/191116_184953%3Asthakur_crab_ExLepEEZ_M2000_MC_20191116
INFO 2019-11-17 16:04:29.951 UTC: 	 Dashboard monitoring URL:	https://monit-grafana.cern.ch/d/cmsTMDetail/cms-task-monitoring-task-view?orgId=11&var-user=sthakur&var-task=191116_184953%3Asthakur_crab_ExLepEEZ_M2000_MC_20191116
INFO 2019-11-17 16:04:29.951 UTC: 	 In case of issues with the dashboard, please provide feedback to hn-cms-computing-tools@cern.ch
DEBUG 2019-11-17 16:04:29.951 UTC: 	 The CRAB server submitted your task to the Grid scheduler (cluster ID: 41031489)
DEBUG 2019-11-17 16:04:29.951 UTC: 	 Webdir is located at http://vocms0198.cern.ch/mon/cms251/191116_184953:sthakur_crab_ExLepEEZ_M2000_MC_20191116
DEBUG 2019-11-17 16:04:30.071 UTC: 	 Proxied webdir is located at https://cmsweb.cern.ch/scheddmon/0198/cms251/191116_184953:sthakur_crab_ExLepEEZ_M2000_MC_20191116
DEBUG 2019-11-17 16:04:30.072 UTC: 	 Retrieving 'status_cache' file from https://cmsweb.cern.ch/scheddmon/0198/cms251/191116_184953:sthakur_crab_ExLepEEZ_M2000_MC_20191116/status_cache
DEBUG 2019-11-17 16:04:30.118 UTC: 	 Got information from status cache file: {'1': {'Retries': 0, 'WallDurations': [8.0, 1846.0], 'StartTimes': [1573930961.0], 'SubmitTimes': [1573930288.0], 'JobIds': ['41031492.0'], 'EndTimes': [1573932807.0], 'Restarts': 0, 'RecordedSite': True, 'State': 'finished', 'ResidentSetSize': [820984], 'TotalUserCpuTimeHistory': [1123], 'SiteHistory': ['Unknown', 'T2_US_Caltech'], 'TotalSysCpuTimeHistory': [41]}, '2': {'Retries': 0, 'WallDurations': [9.0, 1602.0], 'StartTimes': [1573930970.0], 'SubmitTimes': [1573930288.0], 'JobIds': ['41031493.0'], 'EndTimes': [1573932572.0], 'Restarts': 0, 'RecordedSite': True, 'State': 'finished', 'ResidentSetSize': [815328], 'TotalUserCpuTimeHistory': [965], 'SiteHistory': ['Unknown', 'T2_US_Caltech'], 'TotalSysCpuTimeHistory': [51]}}
INFO 2019-11-17 16:04:30.118 UTC: 	 Status on the scheduler:	COMPLETED
INFO 2019-11-17 16:04:30.118 UTC: 	 
Jobs status:                    finished     		100.0% (2/2)
INFO 2019-11-17 16:04:30.203 UTC: 	 
No publication information available yet
INFO 2019-11-17 16:04:30.203 UTC: 	 
Warning: the max jobs runtime is less than 30% of the task requested value (1250 min), please consider to request a lower value for failed jobs (allowed through crab resubmit) and/or improve the jobs splitting (e.g. config.Data.splitting = 'Automatic') in a new task.
INFO 2019-11-17 16:04:30.203 UTC: 	 
Summary of run jobs:
 * Memory: 801MB min, 801MB max, 799MB ave
 * Runtime: 0:26:42 min, 0:30:46 max, 0:28:44 ave
 * CPU eff: 63% min, 63% max, 63% ave
 * Waste: 0:00:17 (0% of total)

INFO 2019-11-17 16:04:30.233 UTC: 	 Log file is /afs/cern.ch/work/s/sthakur/xRavindra/MiniTree2017Data/CMSSW_10_4_0/src/ExLep2017Crab/crab/CrabMC_20191116/crab_ExLepEEZ_M2000_MC_20191116/crab.log
