DEBUG 2019-11-01 12:14:18.309 UTC: 	 Running on: Linux lxplus707.cern.ch 3.10.0-1062.1.2.el7.x86_64 #1 SMP Mon Sep 30 14:19:46 UTC 2019 x86_64 x86_64 x86_64 GNU/Linux
Description:	CentOS Linux release 7.7.1908 (Core) 

DEBUG 2019-11-01 12:14:18.309 UTC: 	 Executing command: 'submit'
DEBUG 2019-11-01 12:14:18.317 UTC: 	 Found CRAB cache file /afs/cern.ch/user/s/sthakur/.crab3
DEBUG 2019-11-01 12:14:18.323 UTC: 	 Checking credentials
DEBUG 2019-11-01 12:14:18.324 UTC: 	 Found proxy file /tmp/x509up_u77410
DEBUG 2019-11-01 12:14:18.324 UTC: 	 Getting proxy life time left
DEBUG 2019-11-01 12:14:19.030 UTC: 	 Executing : 
 command : voms-proxy-info -file /tmp/x509up_u77410 -timeleft
 output : 42940

 error: 
 retcode : 0
DEBUG 2019-11-01 12:14:19.736 UTC: 	 Executing : 
 command : voms-proxy-info -file /tmp/x509up_u77410 -actimeleft
 output : 42939

 error: 
 retcode : 0
DEBUG 2019-11-01 12:14:19.736 UTC: 	 Proxy lifetime 42940 secs is different from voms extension lifetime 42939 secs for proxy: /tmp/x509up_u77410
DEBUG 2019-11-01 12:14:19.736 UTC: 	 Proxy valid for 11:55:39 hours
DEBUG 2019-11-01 12:14:19.736 UTC: 	 Will use CRAB Analysis plugin (i.e. will run an analysis job type).
DEBUG 2019-11-01 12:14:19.857 UTC: 	 Executing : 
 command : openssl x509 -in ~/.globus/usercert.pem -subject -noout
 output : subject= /DC=ch/DC=cern/OU=Organic Units/OU=Users/CN=sthakur/CN=764789/CN=Shalini Thakur

 error: 
 retcode : 0
DEBUG 2019-11-01 12:14:19.858 UTC: 	 Checking credentials
DEBUG 2019-11-01 12:14:19.858 UTC: 	 Found proxy file /tmp/x509up_u77410
DEBUG 2019-11-01 12:14:19.858 UTC: 	 Getting proxy life time left
DEBUG 2019-11-01 12:14:20.563 UTC: 	 Executing : 
 command : voms-proxy-info -file /tmp/x509up_u77410 -timeleft
 output : 42938

 error: 
 retcode : 0
DEBUG 2019-11-01 12:14:21.274 UTC: 	 Executing : 
 command : voms-proxy-info -file /tmp/x509up_u77410 -actimeleft
 output : 42937

 error: 
 retcode : 0
DEBUG 2019-11-01 12:14:21.274 UTC: 	 Proxy lifetime 42938 secs is different from voms extension lifetime 42937 secs for proxy: /tmp/x509up_u77410
DEBUG 2019-11-01 12:14:21.274 UTC: 	 Proxy valid for 11:55:37 hours
DEBUG 2019-11-01 12:14:21.984 UTC: 	 Executing : 
 command : env X509_USER_PROXY=/tmp/x509up_u77410 voms-proxy-info -fqan
 output : /cms/Role=NULL/Capability=NULL

 error: 
 retcode : 0
DEBUG 2019-11-01 12:14:22.106 UTC: 	 Registering user credentials for server /DC=ch/DC=cern/OU=computers/CN=vocms(052|058|030|0118|0105|0109).cern.ch|/DC=ch/DC=cern/OU=computers/CN=crab-(preprod|prod)-tw(02|01).cern.ch
DEBUG 2019-11-01 12:14:22.216 UTC: 	 Executing : 
 command : openssl x509 -in ~/.globus/usercert.pem -subject -noout
 output : subject= /DC=ch/DC=cern/OU=Organic Units/OU=Users/CN=sthakur/CN=764789/CN=Shalini Thakur

 error: 
 retcode : 0
DEBUG 2019-11-01 12:14:22.216 UTC: 	 Getting myproxy life time left for myproxy.cern.ch
DEBUG 2019-11-01 12:14:22.217 UTC: 	 Calculating hash of /DC=ch/DC=cern/OU=Organic Units/OU=Users/CN=sthakur/CN=764789/CN=Shalini Thakur_cmsweb.cern.ch for credential name
DEBUG 2019-11-01 12:14:22.522 UTC: 	 Executing : 
 command : myproxy-info -l 9cd94953387eeee7bf4da2b7588630639ea1153b -s myproxy.cern.ch
 output : username: 9cd94953387eeee7bf4da2b7588630639ea1153b
owner: /DC=ch/DC=cern/OU=Organic Units/OU=Users/CN=sthakur/CN=764789/CN=Shalini Thakur
  renewal policy: /DC=ch/DC=cern/OU=computers/CN=vocms(052|058|030|0118|0105|0109).cern.ch|/DC=ch/DC=cern/OU=computers/CN=crab-(preprod|prod)-tw(02|01).cern.ch
  trusted retrieval policy: /DC=ch/DC=cern/OU=computers/CN=vocms(052|058|030|0118|0105|0109).cern.ch|/DC=ch/DC=cern/OU=computers/CN=crab-(preprod|prod)-tw(02|01).cern.ch
  timeleft: 558:23:38  (23.3 days)

 error: 
 retcode : 0
DEBUG 2019-11-01 12:14:22.523 UTC: 	 Myproxy is valid: 2010218
DEBUG 2019-11-01 12:14:22.523 UTC: 	 Command use: submit
DEBUG 2019-11-01 12:14:22.523 UTC: 	 Options use: ['--config', <WMCore.Configuration.Configuration object at 0x7f1618bacf50>]
DEBUG 2019-11-01 12:14:22.623 UTC: 	 CRABClient version: 3.3.1910.patch2
DEBUG 2019-11-01 12:14:22.623 UTC: 	 Instance is prod
DEBUG 2019-11-01 12:14:22.623 UTC: 	 Server base url is cmsweb.cern.ch
DEBUG 2019-11-01 12:14:22.623 UTC: 	 Command url /crabserver/prod/workflow
DEBUG 2019-11-01 12:14:22.624 UTC: 	 Started submission
DEBUG 2019-11-01 12:14:22.624 UTC: 	 Working on /afs/cern.ch/work/s/sthakur/xRavindra/MiniTree2017Data/CMSSW_10_4_0/src/ExLep2017Crab/crab/CrabMC_20191101/crab_ExLepMuMuZ_M1000_MC_20191101
DEBUG 2019-11-01 12:14:22.717 UTC: 	 Loading required information from the environment
DEBUG 2019-11-01 12:14:22.717 UTC: 	 Found CMSSW_10_4_0 for slc7_amd64_gcc700 with base /afs/cern.ch/work/s/sthakur/xRavindra/MiniTree2017Data/CMSSW_10_4_0
DEBUG 2019-11-01 12:14:22.717 UTC: 	 Loading required information from the environment
DEBUG 2019-11-01 12:14:22.717 UTC: 	 Found CMSSW_10_4_0 for slc7_amd64_gcc700 with base /afs/cern.ch/work/s/sthakur/xRavindra/MiniTree2017Data/CMSSW_10_4_0
DEBUG 2019-11-01 12:14:22.730 UTC: 	 UNIQUE NAME: tarUUID 0eda17bf-cec7-47be-b3e7-89e9d8253f05 
DEBUG 2019-11-01 12:14:22.731 UTC: 	 self.config: from WMCore.Configuration import Configuration
config = Configuration()
config.section_('General')
config.General.workArea = 'CrabMC_20191101'
config.General.transferOutputs = True
config.General.transferLogs = False
config.General.requestName = 'ExLepMuMuZ_M1000_MC_20191101'
config.section_('JobType')
config.JobType.psetName = '20191101/config/ExLepMuMuZ_M1000_MC_20191101_cfg.py'
config.JobType.pluginName = 'Analysis'
config.JobType.inputFiles = ['../../ExLep2017Tree/Selection/test/Fall17_V3_MC_PtResolution_AK8PF.txt', '../../ExLep2017Tree/Selection/test/Fall17_V3_MC_SF_AK8PF.txt']
config.JobType.allowUndistributedCMSSW = True
config.JobType.maxMemoryMB = 2000
config.section_('Data')
config.Data.inputDataset = '/ExcitedLepton_MuMuZ-1000_TuneCP5_13TeV-pythia8/RunIIFall17MiniAODv2-PU2017_12Apr2018_94X_mc2017_realistic_v14-v1/MINIAODSIM'
config.Data.allowNonValidInputDataset = True
config.Data.unitsPerJob = 10
config.Data.inputDBS = 'global'
config.Data.splitting = 'FileBased'
config.Data.outputDatasetTag = 'ExLepMuMuZ_M1000_MC_20191101'
config.Data.outLFNDirBase = '/store/user/sthakur/ntuple_for2017MC_20191101/MC_20191101/ExLepMuMuZ_M1000_MC_20191101'
config.section_('Site')
config.Site.storageSite = 'T2_IN_TIFR'
config.section_('User')
config.section_('Debug')

DEBUG 2019-11-01 12:14:22.731 UTC: 	 self.config.JobType.psetName: 20191101/config/ExLepMuMuZ_M1000_MC_20191101_cfg.py
INFO 2019-11-01 12:14:22.731 UTC: 	 Importing CMSSW configuration 20191101/config/ExLepMuMuZ_M1000_MC_20191101_cfg.py
INFO 2019-11-01 12:14:22.926 UTC: 	 Finished importing CMSSW configuration 20191101/config/ExLepMuMuZ_M1000_MC_20191101_cfg.py
DEBUG 2019-11-01 12:14:22.927 UTC: 	 Writing CMSSW configuration to /afs/cern.ch/work/s/sthakur/xRavindra/MiniTree2017Data/CMSSW_10_4_0/src/ExLep2017Crab/crab/CrabMC_20191101/crab_ExLepMuMuZ_M1000_MC_20191101/inputs/PSet.py
DEBUG 2019-11-01 12:14:22.969 UTC: 	 The following EDM output files will be collected: []
DEBUG 2019-11-01 12:14:22.969 UTC: 	 The following TFile output files will be collected: ['ExLepMuMuZ_M1000_MC_20191101_Ntuple.root']
DEBUG 2019-11-01 12:14:22.969 UTC: 	 The following user output files (not listed as PoolOuputModule or TFileService in the CMSSW PSet) will be collected: 
DEBUG 2019-11-01 12:14:22.970 UTC: 	 Loading required information from the environment
DEBUG 2019-11-01 12:14:22.970 UTC: 	 Found CMSSW_10_4_0 for slc7_amd64_gcc700 with base /afs/cern.ch/work/s/sthakur/xRavindra/MiniTree2017Data/CMSSW_10_4_0
DEBUG 2019-11-01 12:14:22.970 UTC: 	 Making tarball in /afs/cern.ch/work/s/sthakur/xRavindra/MiniTree2017Data/CMSSW_10_4_0/src/ExLep2017Crab/crab/CrabMC_20191101/crab_ExLepMuMuZ_M1000_MC_20191101/inputs/0eda17bf-cec7-47be-b3e7-89e9d8253f05default.tgz
DEBUG 2019-11-01 12:14:22.971 UTC: 	 Checking directory /afs/cern.ch/work/s/sthakur/xRavindra/MiniTree2017Data/CMSSW_10_4_0/lib
DEBUG 2019-11-01 12:14:22.971 UTC: 	 Adding directory /afs/cern.ch/work/s/sthakur/xRavindra/MiniTree2017Data/CMSSW_10_4_0/lib to tarball
DEBUG 2019-11-01 12:14:22.984 UTC: 	 Checking directory /afs/cern.ch/work/s/sthakur/xRavindra/MiniTree2017Data/CMSSW_10_4_0/biglib
DEBUG 2019-11-01 12:14:22.984 UTC: 	 Adding directory /afs/cern.ch/work/s/sthakur/xRavindra/MiniTree2017Data/CMSSW_10_4_0/biglib to tarball
DEBUG 2019-11-01 12:14:22.985 UTC: 	 Checking directory /afs/cern.ch/work/s/sthakur/xRavindra/MiniTree2017Data/CMSSW_10_4_0/module
DEBUG 2019-11-01 12:14:22.994 UTC: 	 Adding data directory /afs/cern.ch/work/s/sthakur/xRavindra/MiniTree2017Data/CMSSW_10_4_0/src/ExLep2017Tree/Selection/interface to tarball
DEBUG 2019-11-01 12:14:23.009 UTC: 	 Adding file ../../ExLep2017Tree/Selection/test/Fall17_V3_MC_PtResolution_AK8PF.txt to tarball
DEBUG 2019-11-01 12:14:23.010 UTC: 	 Adding file ../../ExLep2017Tree/Selection/test/Fall17_V3_MC_SF_AK8PF.txt to tarball
DEBUG 2019-11-01 12:14:23.111 UTC: 	 Uploading archive /afs/cern.ch/work/s/sthakur/xRavindra/MiniTree2017Data/CMSSW_10_4_0/src/ExLep2017Crab/crab/CrabMC_20191101/crab_ExLepMuMuZ_M1000_MC_20191101/inputs/0eda17bf-cec7-47be-b3e7-89e9d8253f05default.tgz (239 KB) to the CRAB cache. Using URI https://cmsweb.cern.ch/crabcache
DEBUG 2019-11-01 12:14:23.441 UTC: 	 Loading required information from the environment
DEBUG 2019-11-01 12:14:23.441 UTC: 	 Found CMSSW_10_4_0 for slc7_amd64_gcc700 with base /afs/cern.ch/work/s/sthakur/xRavindra/MiniTree2017Data/CMSSW_10_4_0
DEBUG 2019-11-01 12:14:23.441 UTC: 	 Making tarball in /afs/cern.ch/work/s/sthakur/xRavindra/MiniTree2017Data/CMSSW_10_4_0/src/ExLep2017Crab/crab/CrabMC_20191101/crab_ExLepMuMuZ_M1000_MC_20191101/inputs/debugFiles.tgz
DEBUG 2019-11-01 12:14:23.448 UTC: 	 Uploading archive /afs/cern.ch/work/s/sthakur/xRavindra/MiniTree2017Data/CMSSW_10_4_0/src/ExLep2017Crab/crab/CrabMC_20191101/crab_ExLepMuMuZ_M1000_MC_20191101/inputs/debugFiles.tgz (2 KB) to the CRAB cache. Using URI https://cmsweb.cern.ch/crabcache
DEBUG 2019-11-01 12:14:23.537 UTC: 	 Result uploading input files: 343ff6f1deb09b96514c1a2540a31fbe6d4c94e65192052d7d959d3a67c21379.tar.gz 
WARNING 2019-11-01 12:14:23.537 UTC: 	 Warning: The following output files will not be published, as they are not EDM files: ['ExLepMuMuZ_M1000_MC_20191101_Ntuple.root']
INFO 2019-11-01 12:14:23.537 UTC: 	 Sending the request to the server at cmsweb.cern.ch
DEBUG 2019-11-01 12:14:23.538 UTC: 	 Submitting {'maxjobruntime': 1250, 'extrajdl': [], 'ignorelocality': 0, 'savelogsflag': 0, 'useparent': 0, 'asyncdest': 'T2_IN_TIFR', 'algoargs': 10, 'cachefilename': '343ff6f1deb09b96514c1a2540a31fbe6d4c94e65192052d7d959d3a67c21379.tar.gz', 'numcores': 1, 'addoutputfiles': [], 'generator': 'pythia', 'maxmemory': 2000, 'publishdbsurl': 'https://cmsweb.cern.ch/dbs/prod/phys03/DBSWriter', 'priority': 10, 'jobsw': 'CMSSW_10_4_0', 'edmoutfiles': [], 'userfiles': [], 'primarydataset': '', 'inputdata': '/ExcitedLepton_MuMuZ-1000_TuneCP5_13TeV-pythia8/RunIIFall17MiniAODv2-PU2017_12Apr2018_94X_mc2017_realistic_v14-v1/MINIAODSIM', 'lfn': '/store/user/sthakur/ntuple_for2017MC_20191101/MC_20191101/ExLepMuMuZ_M1000_MC_20191101', 'dryrun': 0, 'workflow': 'crab_ExLepMuMuZ_M1000_MC_20191101', 'cacheurl': u'https://cmsweb.cern.ch/crabcache', 'nonprodsw': 1, 'tfileoutfiles': ['ExLepMuMuZ_M1000_MC_20191101_Ntuple.root'], 'oneEventMode': 0, 'debugfilename': '3baf4673af614eb2ee222f2645e9563cb87c04834824567606ea9c2fda228746.tar.gz', 'saveoutput': 1, 'publication': 1, 'jobarch': 'slc7_amd64_gcc700', 'totalunits': 0, 'splitalgo': 'FileBased', 'ignoreglobalblacklist': 0, 'nonvaliddata': 1, 'dbsurl': 'https://cmsweb.cern.ch/dbs/prod/global/DBSReader', 'publishgroupname': 0, 'jobtype': 'Analysis', 'publishname2': 'ExLepMuMuZ_M1000_MC_20191101'} 
DEBUG 2019-11-01 12:14:23.538 UTC: 	 Encoded submit request: maxjobruntime=1250&ignorelocality=0&savelogsflag=0&useparent=0&asyncdest=T2_IN_TIFR&algoargs=10&cachefilename=343ff6f1deb09b96514c1a2540a31fbe6d4c94e65192052d7d959d3a67c21379.tar.gz&numcores=1&generator=pythia&maxmemory=2000&publishdbsurl=https%3A%2F%2Fcmsweb.cern.ch%2Fdbs%2Fprod%2Fphys03%2FDBSWriter&priority=10&jobsw=CMSSW_10_4_0&primarydataset=&inputdata=%2FExcitedLepton_MuMuZ-1000_TuneCP5_13TeV-pythia8%2FRunIIFall17MiniAODv2-PU2017_12Apr2018_94X_mc2017_realistic_v14-v1%2FMINIAODSIM&lfn=%2Fstore%2Fuser%2Fsthakur%2Fntuple_for2017MC_20191101%2FMC_20191101%2FExLepMuMuZ_M1000_MC_20191101&dryrun=0&workflow=crab_ExLepMuMuZ_M1000_MC_20191101&cacheurl=https%3A%2F%2Fcmsweb.cern.ch%2Fcrabcache&nonprodsw=1&oneEventMode=0&debugfilename=3baf4673af614eb2ee222f2645e9563cb87c04834824567606ea9c2fda228746.tar.gz&saveoutput=1&publication=1&jobarch=slc7_amd64_gcc700&totalunits=0&splitalgo=FileBased&ignoreglobalblacklist=0&nonvaliddata=1&dbsurl=https%3A%2F%2Fcmsweb.cern.ch%2Fdbs%2Fprod%2Fglobal%2FDBSReader&publishgroupname=0&jobtype=Analysis&publishname2=ExLepMuMuZ_M1000_MC_20191101&tfileoutfiles=ExLepMuMuZ_M1000_MC_20191101_Ntuple.root
DEBUG 2019-11-01 12:14:23.670 UTC: 	 Result: {u'result': [{u'RequestName': u'191101_121423:sthakur_crab_ExLepMuMuZ_M1000_MC_20191101'}]}
INFO 2019-11-01 12:14:23.674 UTC: 	 Success: Your task has been delivered to the prod CRAB3 server.
INFO 2019-11-01 12:14:23.674 UTC: 	 Task name: 191101_121423:sthakur_crab_ExLepMuMuZ_M1000_MC_20191101
INFO 2019-11-01 12:14:23.674 UTC: 	 Project dir: CrabMC_20191101/crab_ExLepMuMuZ_M1000_MC_20191101
INFO 2019-11-01 12:14:23.674 UTC: 	 Please use 'crab status -d CrabMC_20191101/crab_ExLepMuMuZ_M1000_MC_20191101' to check how the submission process proceeds.
DEBUG 2019-11-01 12:14:23.675 UTC: 	 About to return
DEBUG 2019-11-01 12:49:03.108 UTC: 	 Running on: Linux lxplus707.cern.ch 3.10.0-1062.1.2.el7.x86_64 #1 SMP Mon Sep 30 14:19:46 UTC 2019 x86_64 x86_64 x86_64 GNU/Linux
Description:	CentOS Linux release 7.7.1908 (Core) 

DEBUG 2019-11-01 12:49:03.109 UTC: 	 Executing command: 'status'
DEBUG 2019-11-01 12:49:03.109 UTC: 	 Found CRAB cache file /afs/cern.ch/user/s/sthakur/.crab3
DEBUG 2019-11-01 12:49:03.121 UTC: 	 Checking credentials
DEBUG 2019-11-01 12:49:03.121 UTC: 	 Found proxy file /tmp/x509up_u77410
DEBUG 2019-11-01 12:49:03.121 UTC: 	 Getting proxy life time left
DEBUG 2019-11-01 12:49:03.828 UTC: 	 Executing : 
 command : voms-proxy-info -file /tmp/x509up_u77410 -timeleft
 output : 40855

 error: 
 retcode : 0
DEBUG 2019-11-01 12:49:04.535 UTC: 	 Executing : 
 command : voms-proxy-info -file /tmp/x509up_u77410 -actimeleft
 output : 40854

 error: 
 retcode : 0
DEBUG 2019-11-01 12:49:04.536 UTC: 	 Proxy lifetime 40855 secs is different from voms extension lifetime 40854 secs for proxy: /tmp/x509up_u77410
DEBUG 2019-11-01 12:49:04.536 UTC: 	 Proxy valid for 11:20:54 hours
DEBUG 2019-11-01 12:49:04.649 UTC: 	 Executing : 
 command : openssl x509 -in ~/.globus/usercert.pem -subject -noout
 output : subject= /DC=ch/DC=cern/OU=Organic Units/OU=Users/CN=sthakur/CN=764789/CN=Shalini Thakur

 error: 
 retcode : 0
DEBUG 2019-11-01 12:49:04.649 UTC: 	 Checking credentials
DEBUG 2019-11-01 12:49:04.650 UTC: 	 Found proxy file /tmp/x509up_u77410
DEBUG 2019-11-01 12:49:04.650 UTC: 	 Getting proxy life time left
DEBUG 2019-11-01 12:49:05.255 UTC: 	 Executing : 
 command : voms-proxy-info -file /tmp/x509up_u77410 -timeleft
 output : 40853

 error: 
 retcode : 0
DEBUG 2019-11-01 12:49:05.961 UTC: 	 Executing : 
 command : voms-proxy-info -file /tmp/x509up_u77410 -actimeleft
 output : 40853

 error: 
 retcode : 0
DEBUG 2019-11-01 12:49:05.962 UTC: 	 Proxy valid for 11:20:53 hours
DEBUG 2019-11-01 12:49:06.070 UTC: 	 Registering user credentials for server /DC=ch/DC=cern/OU=computers/CN=vocms(052|058|030|0118|0105|0109).cern.ch|/DC=ch/DC=cern/OU=computers/CN=crab-(preprod|prod)-tw(02|01).cern.ch
DEBUG 2019-11-01 12:49:06.180 UTC: 	 Executing : 
 command : openssl x509 -in ~/.globus/usercert.pem -subject -noout
 output : subject= /DC=ch/DC=cern/OU=Organic Units/OU=Users/CN=sthakur/CN=764789/CN=Shalini Thakur

 error: 
 retcode : 0
DEBUG 2019-11-01 12:49:06.180 UTC: 	 Getting myproxy life time left for myproxy.cern.ch
DEBUG 2019-11-01 12:49:06.180 UTC: 	 Calculating hash of /DC=ch/DC=cern/OU=Organic Units/OU=Users/CN=sthakur/CN=764789/CN=Shalini Thakur_cmsweb.cern.ch for credential name
DEBUG 2019-11-01 12:49:06.485 UTC: 	 Executing : 
 command : myproxy-info -l 9cd94953387eeee7bf4da2b7588630639ea1153b -s myproxy.cern.ch
 output : username: 9cd94953387eeee7bf4da2b7588630639ea1153b
owner: /DC=ch/DC=cern/OU=Organic Units/OU=Users/CN=sthakur/CN=764789/CN=Shalini Thakur
  renewal policy: /DC=ch/DC=cern/OU=computers/CN=vocms(052|058|030|0118|0105|0109).cern.ch|/DC=ch/DC=cern/OU=computers/CN=crab-(preprod|prod)-tw(02|01).cern.ch
  trusted retrieval policy: /DC=ch/DC=cern/OU=computers/CN=vocms(052|058|030|0118|0105|0109).cern.ch|/DC=ch/DC=cern/OU=computers/CN=crab-(preprod|prod)-tw(02|01).cern.ch
  timeleft: 557:48:54  (23.2 days)

 error: 
 retcode : 0
DEBUG 2019-11-01 12:49:06.486 UTC: 	 Myproxy is valid: 2008134
DEBUG 2019-11-01 12:49:06.487 UTC: 	 Command use: status
DEBUG 2019-11-01 12:49:06.487 UTC: 	 Options use: ['--verboseErrors', 'CrabMC_20191101/crab_ExLepMuMuZ_M1000_MC_20191101']
DEBUG 2019-11-01 12:49:06.576 UTC: 	 CRABClient version: 3.3.1910.patch2
DEBUG 2019-11-01 12:49:06.576 UTC: 	 Instance is prod
DEBUG 2019-11-01 12:49:06.576 UTC: 	 Server base url is cmsweb.cern.ch
DEBUG 2019-11-01 12:49:06.576 UTC: 	 Command url /crabserver/prod/workflow
DEBUG 2019-11-01 12:49:06.667 UTC: 	 Got information from server oracle database: {u'result': [u'191101_121423:sthakur_crab_ExLepMuMuZ_M1000_MC_20191101', u'None', u'None', u'SUBMITTED', u'SUBMIT', u'2019-11-01 12:14:23.624575', u'None', u'2019-11-01 12:15:48.792145', u'None', u'CMSSW_10_4_0', u'slc7_amd64_gcc700', u'/ExcitedLepton_MuMuZ-1000_TuneCP5_13TeV-pythia8/RunIIFall17MiniAODv2-PU2017_12Apr2018_94X_mc2017_realistic_v14-v1/MINIAODSIM', u'T', u'0', u'[]', u'[]', u'FileBased', u"{'splitOnRun': False, 'halt_job_on_file_boundaries': False, 'files_per_job': 10, 'runs': [], 'lumis': []}", u'343ff6f1deb09b96514c1a2540a31fbe6d4c94e65192052d7d959d3a67c21379.tar.gz', u'https://cmsweb.cern.ch/crabcache', u'sthakur', u'/DC=ch/DC=cern/OU=Organic Units/OU=Users/CN=sthakur/CN=764789/CN=Shalini Thakur', u'cms', u'None', u'None', u'ExLepMuMuZ_M1000_MC_20191101-00000000000000000000000000000000', u'F', u'T2_IN_TIFR', u'https://cmsweb.cern.ch/dbs/prod/global/DBSReader', u'https://cmsweb.cern.ch/dbs/prod/phys03/DBSWriter', u'T', u'[]', u"['ExLepMuMuZ_M1000_MC_20191101_Ntuple.root']", u'[]', u'Analysis', u'pythia', u'None', u'{}', u'[]', u'F', u'crab-prod-tw01', u'[]', u'1250', u'1', u'2000', u'10', u'None', u'[]', u'http://vocms0198.cern.ch/mon/cms251/191101_121423:sthakur_crab_ExLepMuMuZ_M1000_MC_20191101', u'None', u'[]', u'[]', u'https://cmsweb.cern.ch/crabserver/prod', u'cmsgwms-collector-global.cern.ch:9620,cmssrv623.fnal.gov:9620', u'crab3@vocms0198.cern.ch', u'F', u'[]', u'T', u'/store/user/sthakur/ntuple_for2017MC_20191101/MC_20191101/ExLepMuMuZ_M1000_MC_20191101', u'F', u'None', u'F', u'None', u'ExcitedLepton_MuMuZ-1000_TuneCP5_13TeV-pythia8', u'None', u'3baf4673af614eb2ee222f2645e9563cb87c04834824567606ea9c2fda228746.tar.gz', u'40369966', u'filetransfers', u'F', u'2001:1458:d00:2e::100:9b', u'0.0', u'None'], u'desc': {u'columns': [u'tm_taskname', u'tm_activity', u'panda_jobset_id', u'tm_task_status', u'tm_task_command', u'tm_start_time', u'tm_start_injection', u'tm_end_injection', u'tm_task_failure', u'tm_job_sw', u'tm_job_arch', u'tm_input_dataset', u'tm_nonvalid_input_dataset', u'tm_use_parent', u'tm_site_whitelist', u'tm_site_blacklist', u'tm_split_algo', u'tm_split_args', u'tm_user_sandbox', u'tm_cache_url', u'tm_username', u'tm_user_dn', u'tm_user_vo', u'tm_user_role', u'tm_user_group', u'tm_publish_name', u'tm_publish_groupname', u'tm_asyncdest', u'tm_dbs_url', u'tm_publish_dbs_url', u'tm_publication', u'tm_outfiles', u'tm_tfile_outfiles', u'tm_edm_outfiles', u'tm_job_type', u'tm_generator', u'tm_events_per_lumi', u'tm_arguments', u'panda_resubmitted_jobs', u'tm_save_logs', u'tw_name', u'tm_user_infiles', u'tm_maxjobruntime', u'tm_numcores', u'tm_maxmemory', u'tm_priority', u'tm_output_dataset', u'tm_task_warnings', u'tm_user_webdir', u'tm_scriptexe', u'tm_scriptargs', u'tm_extrajdl', u'tm_asourl', u'tm_collector', u'tm_schedd', u'tm_dry_run', u'tm_user_files', u'tm_transfer_outputs', u'tm_output_lfn', u'tm_ignore_locality', u'tm_fail_limit', u'tm_one_event_mode', u'tm_secondary_input_dataset', u'tm_primary_dataset', u'tm_last_publication', u'tm_debug_files', u'clusterid', u'tm_asodb', u'tm_ignore_global_blacklist', u'tm_submitter_ip_addr', u'tm_totalunits', u'tm_ddm_reqid']}}
INFO 2019-11-01 12:49:06.667 UTC: 	 CRAB project directory:		/afs/cern.ch/work/s/sthakur/xRavindra/MiniTree2017Data/CMSSW_10_4_0/src/ExLep2017Crab/crab/CrabMC_20191101/crab_ExLepMuMuZ_M1000_MC_20191101
INFO 2019-11-01 12:49:06.667 UTC: 	 Task name:			191101_121423:sthakur_crab_ExLepMuMuZ_M1000_MC_20191101
INFO 2019-11-01 12:49:06.667 UTC: 	 Grid scheduler - Task Worker:	crab3@vocms0198.cern.ch - crab-prod-tw01
INFO 2019-11-01 12:49:06.667 UTC: 	 Status on the CRAB server:	SUBMITTED
INFO 2019-11-01 12:49:06.667 UTC: 	 Task URL to use for HELP:	https://cmsweb.cern.ch/crabserver/ui/task/191101_121423%3Asthakur_crab_ExLepMuMuZ_M1000_MC_20191101
INFO 2019-11-01 12:49:06.667 UTC: 	 Dashboard monitoring URL:	https://monit-grafana.cern.ch/d/cmsTMDetail/cms-task-monitoring-task-view?orgId=11&var-user=sthakur&var-task=191101_121423%3Asthakur_crab_ExLepMuMuZ_M1000_MC_20191101
INFO 2019-11-01 12:49:06.668 UTC: 	 In case of issues with the dashboard, please provide feedback to hn-cms-computing-tools@cern.ch
DEBUG 2019-11-01 12:49:06.668 UTC: 	 The CRAB server submitted your task to the Grid scheduler (cluster ID: 40369966)
DEBUG 2019-11-01 12:49:06.668 UTC: 	 Webdir is located at http://vocms0198.cern.ch/mon/cms251/191101_121423:sthakur_crab_ExLepMuMuZ_M1000_MC_20191101
DEBUG 2019-11-01 12:49:06.766 UTC: 	 Proxied webdir is located at https://cmsweb.cern.ch/scheddmon/0198/cms251/191101_121423:sthakur_crab_ExLepMuMuZ_M1000_MC_20191101
DEBUG 2019-11-01 12:49:06.766 UTC: 	 Retrieving 'status_cache' file from https://cmsweb.cern.ch/scheddmon/0198/cms251/191101_121423:sthakur_crab_ExLepMuMuZ_M1000_MC_20191101/status_cache
DEBUG 2019-11-01 12:49:06.819 UTC: 	 Got information from status cache file: {'1': {'Retries': 0, 'WallDurations': [0, 1019.0], 'StartTimes': [1572610917.0], 'SubmitTimes': [1572610566.0], 'JobIds': ['40369974.0'], 'EndTimes': [1572611936.0], 'Restarts': 0, 'RecordedSite': True, 'State': 'transferring', 'ResidentSetSize': [883556], 'TotalUserCpuTimeHistory': [894], 'SiteHistory': ['Unknown', 'T2_US_Florida'], 'TotalSysCpuTimeHistory': [21]}, '2': {'Retries': 0, 'WallDurations': [0, 960.0], 'StartTimes': [1572610917.0], 'SubmitTimes': [1572610568.0], 'JobIds': ['40369976.0'], 'EndTimes': [1572611877.0], 'Restarts': 0, 'RecordedSite': True, 'State': 'transferring', 'ResidentSetSize': [773708], 'TotalUserCpuTimeHistory': [471], 'SiteHistory': ['Unknown', 'T2_US_UCSD'], 'TotalSysCpuTimeHistory': [22]}}
INFO 2019-11-01 12:49:06.819 UTC: 	 Status on the scheduler:	SUBMITTED
INFO 2019-11-01 12:49:06.819 UTC: 	 
Jobs status:                    transferring 		100.0% (2/2)
INFO 2019-11-01 12:49:06.819 UTC: 	 
No publication information available yet
INFO 2019-11-01 12:49:06.819 UTC: 	 
Warning: the max jobs runtime is less than 30% of the task requested value (1250 min), please consider to request a lower value for failed jobs (allowed through crab resubmit) and/or improve the jobs splitting (e.g. config.Data.splitting = 'Automatic') in a new task.
INFO 2019-11-01 12:49:06.819 UTC: 	 
Summary of run jobs:
 * Memory: 862MB min, 862MB max, 809MB ave
 * Runtime: 0:16:00 min, 0:16:59 max, 0:16:29 ave
 * CPU eff: 51% min, 90% max, 71% ave
 * Waste: 0:00:00 (0% of total)

INFO 2019-11-01 12:49:06.829 UTC: 	 Log file is /afs/cern.ch/work/s/sthakur/xRavindra/MiniTree2017Data/CMSSW_10_4_0/src/ExLep2017Crab/crab/CrabMC_20191101/crab_ExLepMuMuZ_M1000_MC_20191101/crab.log
DEBUG 2019-11-01 16:55:41.997 UTC: 	 Running on: Linux lxplus721.cern.ch 3.10.0-1062.1.2.el7.x86_64 #1 SMP Mon Sep 30 14:19:46 UTC 2019 x86_64 x86_64 x86_64 GNU/Linux
Description:	CentOS Linux release 7.7.1908 (Core) 

DEBUG 2019-11-01 16:55:41.997 UTC: 	 Executing command: 'status'
DEBUG 2019-11-01 16:55:41.997 UTC: 	 Found CRAB cache file /afs/cern.ch/user/s/sthakur/.crab3
DEBUG 2019-11-01 16:55:42.006 UTC: 	 Checking credentials
DEBUG 2019-11-01 16:55:42.006 UTC: 	 Found proxy file /tmp/x509up_u77410
DEBUG 2019-11-01 16:55:42.006 UTC: 	 Getting proxy life time left
DEBUG 2019-11-01 16:55:42.612 UTC: 	 Executing : 
 command : voms-proxy-info -file /tmp/x509up_u77410 -timeleft
 output : 43086

 error: 
 retcode : 0
DEBUG 2019-11-01 16:55:43.218 UTC: 	 Executing : 
 command : voms-proxy-info -file /tmp/x509up_u77410 -actimeleft
 output : 43085

 error: 
 retcode : 0
DEBUG 2019-11-01 16:55:43.219 UTC: 	 Proxy lifetime 43086 secs is different from voms extension lifetime 43085 secs for proxy: /tmp/x509up_u77410
DEBUG 2019-11-01 16:55:43.219 UTC: 	 Proxy valid for 11:58:05 hours
DEBUG 2019-11-01 16:55:43.333 UTC: 	 Executing : 
 command : openssl x509 -in ~/.globus/usercert.pem -subject -noout
 output : subject= /DC=ch/DC=cern/OU=Organic Units/OU=Users/CN=sthakur/CN=764789/CN=Shalini Thakur

 error: 
 retcode : 0
DEBUG 2019-11-01 16:55:43.334 UTC: 	 Checking credentials
DEBUG 2019-11-01 16:55:43.334 UTC: 	 Found proxy file /tmp/x509up_u77410
DEBUG 2019-11-01 16:55:43.334 UTC: 	 Getting proxy life time left
DEBUG 2019-11-01 16:55:43.943 UTC: 	 Executing : 
 command : voms-proxy-info -file /tmp/x509up_u77410 -timeleft
 output : 43085

 error: 
 retcode : 0
DEBUG 2019-11-01 16:55:44.648 UTC: 	 Executing : 
 command : voms-proxy-info -file /tmp/x509up_u77410 -actimeleft
 output : 43084

 error: 
 retcode : 0
DEBUG 2019-11-01 16:55:44.648 UTC: 	 Proxy lifetime 43085 secs is different from voms extension lifetime 43084 secs for proxy: /tmp/x509up_u77410
DEBUG 2019-11-01 16:55:44.648 UTC: 	 Proxy valid for 11:58:04 hours
DEBUG 2019-11-01 16:55:44.765 UTC: 	 Registering user credentials for server /DC=ch/DC=cern/OU=computers/CN=vocms(052|058|030|0118|0105|0109).cern.ch|/DC=ch/DC=cern/OU=computers/CN=crab-(preprod|prod)-tw(02|01).cern.ch
DEBUG 2019-11-01 16:55:44.875 UTC: 	 Executing : 
 command : openssl x509 -in ~/.globus/usercert.pem -subject -noout
 output : subject= /DC=ch/DC=cern/OU=Organic Units/OU=Users/CN=sthakur/CN=764789/CN=Shalini Thakur

 error: 
 retcode : 0
DEBUG 2019-11-01 16:55:44.875 UTC: 	 Getting myproxy life time left for myproxy.cern.ch
DEBUG 2019-11-01 16:55:44.875 UTC: 	 Calculating hash of /DC=ch/DC=cern/OU=Organic Units/OU=Users/CN=sthakur/CN=764789/CN=Shalini Thakur_cmsweb.cern.ch for credential name
DEBUG 2019-11-01 16:55:45.281 UTC: 	 Executing : 
 command : myproxy-info -l 9cd94953387eeee7bf4da2b7588630639ea1153b -s myproxy.cern.ch
 output : username: 9cd94953387eeee7bf4da2b7588630639ea1153b
owner: /DC=ch/DC=cern/OU=Organic Units/OU=Users/CN=sthakur/CN=764789/CN=Shalini Thakur
  renewal policy: /DC=ch/DC=cern/OU=computers/CN=vocms(052|058|030|0118|0105|0109).cern.ch|/DC=ch/DC=cern/OU=computers/CN=crab-(preprod|prod)-tw(02|01).cern.ch
  trusted retrieval policy: /DC=ch/DC=cern/OU=computers/CN=vocms(052|058|030|0118|0105|0109).cern.ch|/DC=ch/DC=cern/OU=computers/CN=crab-(preprod|prod)-tw(02|01).cern.ch
  timeleft: 553:42:15  (23.1 days)

 error: 
 retcode : 0
DEBUG 2019-11-01 16:55:45.282 UTC: 	 Myproxy is valid: 1993335
DEBUG 2019-11-01 16:55:45.283 UTC: 	 Command use: status
DEBUG 2019-11-01 16:55:45.283 UTC: 	 Options use: ['--verboseErrors', 'CrabMC_20191101/crab_ExLepMuMuZ_M1000_MC_20191101']
DEBUG 2019-11-01 16:55:45.352 UTC: 	 CRABClient version: 3.3.1910.patch2
DEBUG 2019-11-01 16:55:45.352 UTC: 	 Instance is prod
DEBUG 2019-11-01 16:55:45.352 UTC: 	 Server base url is cmsweb.cern.ch
DEBUG 2019-11-01 16:55:45.352 UTC: 	 Command url /crabserver/prod/workflow
DEBUG 2019-11-01 16:55:45.445 UTC: 	 Got information from server oracle database: {u'result': [u'191101_121423:sthakur_crab_ExLepMuMuZ_M1000_MC_20191101', u'None', u'None', u'SUBMITTED', u'SUBMIT', u'2019-11-01 12:14:23.624575', u'None', u'2019-11-01 12:15:48.792145', u'None', u'CMSSW_10_4_0', u'slc7_amd64_gcc700', u'/ExcitedLepton_MuMuZ-1000_TuneCP5_13TeV-pythia8/RunIIFall17MiniAODv2-PU2017_12Apr2018_94X_mc2017_realistic_v14-v1/MINIAODSIM', u'T', u'0', u'[]', u'[]', u'FileBased', u"{'splitOnRun': False, 'halt_job_on_file_boundaries': False, 'files_per_job': 10, 'runs': [], 'lumis': []}", u'343ff6f1deb09b96514c1a2540a31fbe6d4c94e65192052d7d959d3a67c21379.tar.gz', u'https://cmsweb.cern.ch/crabcache', u'sthakur', u'/DC=ch/DC=cern/OU=Organic Units/OU=Users/CN=sthakur/CN=764789/CN=Shalini Thakur', u'cms', u'None', u'None', u'ExLepMuMuZ_M1000_MC_20191101-00000000000000000000000000000000', u'F', u'T2_IN_TIFR', u'https://cmsweb.cern.ch/dbs/prod/global/DBSReader', u'https://cmsweb.cern.ch/dbs/prod/phys03/DBSWriter', u'T', u'[]', u"['ExLepMuMuZ_M1000_MC_20191101_Ntuple.root']", u'[]', u'Analysis', u'pythia', u'None', u'{}', u'[]', u'F', u'crab-prod-tw01', u'[]', u'1250', u'1', u'2000', u'10', u'None', u'[]', u'http://vocms0198.cern.ch/mon/cms251/191101_121423:sthakur_crab_ExLepMuMuZ_M1000_MC_20191101', u'None', u'[]', u'[]', u'https://cmsweb.cern.ch/crabserver/prod', u'cmsgwms-collector-global.cern.ch:9620,cmssrv623.fnal.gov:9620', u'crab3@vocms0198.cern.ch', u'F', u'[]', u'T', u'/store/user/sthakur/ntuple_for2017MC_20191101/MC_20191101/ExLepMuMuZ_M1000_MC_20191101', u'F', u'None', u'F', u'None', u'ExcitedLepton_MuMuZ-1000_TuneCP5_13TeV-pythia8', u'None', u'3baf4673af614eb2ee222f2645e9563cb87c04834824567606ea9c2fda228746.tar.gz', u'40369966', u'filetransfers', u'F', u'2001:1458:d00:2e::100:9b', u'0.0', u'None'], u'desc': {u'columns': [u'tm_taskname', u'tm_activity', u'panda_jobset_id', u'tm_task_status', u'tm_task_command', u'tm_start_time', u'tm_start_injection', u'tm_end_injection', u'tm_task_failure', u'tm_job_sw', u'tm_job_arch', u'tm_input_dataset', u'tm_nonvalid_input_dataset', u'tm_use_parent', u'tm_site_whitelist', u'tm_site_blacklist', u'tm_split_algo', u'tm_split_args', u'tm_user_sandbox', u'tm_cache_url', u'tm_username', u'tm_user_dn', u'tm_user_vo', u'tm_user_role', u'tm_user_group', u'tm_publish_name', u'tm_publish_groupname', u'tm_asyncdest', u'tm_dbs_url', u'tm_publish_dbs_url', u'tm_publication', u'tm_outfiles', u'tm_tfile_outfiles', u'tm_edm_outfiles', u'tm_job_type', u'tm_generator', u'tm_events_per_lumi', u'tm_arguments', u'panda_resubmitted_jobs', u'tm_save_logs', u'tw_name', u'tm_user_infiles', u'tm_maxjobruntime', u'tm_numcores', u'tm_maxmemory', u'tm_priority', u'tm_output_dataset', u'tm_task_warnings', u'tm_user_webdir', u'tm_scriptexe', u'tm_scriptargs', u'tm_extrajdl', u'tm_asourl', u'tm_collector', u'tm_schedd', u'tm_dry_run', u'tm_user_files', u'tm_transfer_outputs', u'tm_output_lfn', u'tm_ignore_locality', u'tm_fail_limit', u'tm_one_event_mode', u'tm_secondary_input_dataset', u'tm_primary_dataset', u'tm_last_publication', u'tm_debug_files', u'clusterid', u'tm_asodb', u'tm_ignore_global_blacklist', u'tm_submitter_ip_addr', u'tm_totalunits', u'tm_ddm_reqid']}}
INFO 2019-11-01 16:55:45.445 UTC: 	 CRAB project directory:		/afs/cern.ch/work/s/sthakur/xRavindra/MiniTree2017Data/CMSSW_10_4_0/src/ExLep2017Crab/crab/CrabMC_20191101/crab_ExLepMuMuZ_M1000_MC_20191101
INFO 2019-11-01 16:55:45.446 UTC: 	 Task name:			191101_121423:sthakur_crab_ExLepMuMuZ_M1000_MC_20191101
INFO 2019-11-01 16:55:45.446 UTC: 	 Grid scheduler - Task Worker:	crab3@vocms0198.cern.ch - crab-prod-tw01
INFO 2019-11-01 16:55:45.446 UTC: 	 Status on the CRAB server:	SUBMITTED
INFO 2019-11-01 16:55:45.446 UTC: 	 Task URL to use for HELP:	https://cmsweb.cern.ch/crabserver/ui/task/191101_121423%3Asthakur_crab_ExLepMuMuZ_M1000_MC_20191101
INFO 2019-11-01 16:55:45.446 UTC: 	 Dashboard monitoring URL:	https://monit-grafana.cern.ch/d/cmsTMDetail/cms-task-monitoring-task-view?orgId=11&var-user=sthakur&var-task=191101_121423%3Asthakur_crab_ExLepMuMuZ_M1000_MC_20191101
INFO 2019-11-01 16:55:45.446 UTC: 	 In case of issues with the dashboard, please provide feedback to hn-cms-computing-tools@cern.ch
DEBUG 2019-11-01 16:55:45.446 UTC: 	 The CRAB server submitted your task to the Grid scheduler (cluster ID: 40369966)
DEBUG 2019-11-01 16:55:45.446 UTC: 	 Webdir is located at http://vocms0198.cern.ch/mon/cms251/191101_121423:sthakur_crab_ExLepMuMuZ_M1000_MC_20191101
DEBUG 2019-11-01 16:55:45.526 UTC: 	 Proxied webdir is located at https://cmsweb.cern.ch/scheddmon/0198/cms251/191101_121423:sthakur_crab_ExLepMuMuZ_M1000_MC_20191101
DEBUG 2019-11-01 16:55:45.526 UTC: 	 Retrieving 'status_cache' file from https://cmsweb.cern.ch/scheddmon/0198/cms251/191101_121423:sthakur_crab_ExLepMuMuZ_M1000_MC_20191101/status_cache
DEBUG 2019-11-01 16:55:45.573 UTC: 	 Got information from status cache file: {'1': {'Retries': 0, 'WallDurations': [0, 1019.0], 'StartTimes': [1572610917.0], 'SubmitTimes': [1572610566.0], 'JobIds': ['40369974.0'], 'EndTimes': [1572611936.0], 'Restarts': 0, 'RecordedSite': True, 'State': 'finished', 'ResidentSetSize': [883556], 'TotalUserCpuTimeHistory': [894], 'SiteHistory': ['Unknown', 'T2_US_Florida'], 'TotalSysCpuTimeHistory': [21]}, '2': {'Retries': 0, 'WallDurations': [0, 960.0], 'StartTimes': [1572610917.0], 'SubmitTimes': [1572610568.0], 'JobIds': ['40369976.0'], 'EndTimes': [1572611877.0], 'Restarts': 0, 'RecordedSite': True, 'State': 'finished', 'ResidentSetSize': [773708], 'TotalUserCpuTimeHistory': [471], 'SiteHistory': ['Unknown', 'T2_US_UCSD'], 'TotalSysCpuTimeHistory': [22]}}
INFO 2019-11-01 16:55:45.573 UTC: 	 Status on the scheduler:	COMPLETED
INFO 2019-11-01 16:55:45.573 UTC: 	 
Jobs status:                    finished     		100.0% (2/2)
INFO 2019-11-01 16:55:45.647 UTC: 	 
No publication information available yet
INFO 2019-11-01 16:55:45.647 UTC: 	 
Warning: the max jobs runtime is less than 30% of the task requested value (1250 min), please consider to request a lower value for failed jobs (allowed through crab resubmit) and/or improve the jobs splitting (e.g. config.Data.splitting = 'Automatic') in a new task.
INFO 2019-11-01 16:55:45.648 UTC: 	 
Summary of run jobs:
 * Memory: 862MB min, 862MB max, 809MB ave
 * Runtime: 0:16:00 min, 0:16:59 max, 0:16:29 ave
 * CPU eff: 51% min, 90% max, 71% ave
 * Waste: 0:00:00 (0% of total)

INFO 2019-11-01 16:55:45.674 UTC: 	 Log file is /afs/cern.ch/work/s/sthakur/xRavindra/MiniTree2017Data/CMSSW_10_4_0/src/ExLep2017Crab/crab/CrabMC_20191101/crab_ExLepMuMuZ_M1000_MC_20191101/crab.log
DEBUG 2019-11-03 17:56:00.120 UTC: 	 Running on: Linux lxplus737.cern.ch 3.10.0-1062.1.2.el7.x86_64 #1 SMP Mon Sep 30 14:19:46 UTC 2019 x86_64 x86_64 x86_64 GNU/Linux
Description:	CentOS Linux release 7.7.1908 (Core) 

DEBUG 2019-11-03 17:56:00.120 UTC: 	 Executing command: 'status'
DEBUG 2019-11-03 17:56:00.121 UTC: 	 Found CRAB cache file /afs/cern.ch/user/s/sthakur/.crab3
DEBUG 2019-11-03 17:56:00.184 UTC: 	 Checking credentials
DEBUG 2019-11-03 17:56:00.184 UTC: 	 Found proxy file /tmp/x509up_u77410
DEBUG 2019-11-03 17:56:00.184 UTC: 	 Getting proxy life time left
DEBUG 2019-11-03 17:56:01.393 UTC: 	 Executing : 
 command : voms-proxy-info -file /tmp/x509up_u77410 -timeleft
 output : 43045

 error: 
 retcode : 0
DEBUG 2019-11-03 17:56:02.702 UTC: 	 Executing : 
 command : voms-proxy-info -file /tmp/x509up_u77410 -actimeleft
 output : 43044

 error: 
 retcode : 0
DEBUG 2019-11-03 17:56:02.702 UTC: 	 Proxy lifetime 43045 secs is different from voms extension lifetime 43044 secs for proxy: /tmp/x509up_u77410
DEBUG 2019-11-03 17:56:02.703 UTC: 	 Proxy valid for 11:57:24 hours
DEBUG 2019-11-03 17:56:02.975 UTC: 	 Executing : 
 command : openssl x509 -in ~/.globus/usercert.pem -subject -noout
 output : subject= /DC=ch/DC=cern/OU=Organic Units/OU=Users/CN=sthakur/CN=764789/CN=Shalini Thakur

 error: 
 retcode : 0
DEBUG 2019-11-03 17:56:02.975 UTC: 	 Checking credentials
DEBUG 2019-11-03 17:56:02.975 UTC: 	 Found proxy file /tmp/x509up_u77410
DEBUG 2019-11-03 17:56:02.975 UTC: 	 Getting proxy life time left
DEBUG 2019-11-03 17:56:04.185 UTC: 	 Executing : 
 command : voms-proxy-info -file /tmp/x509up_u77410 -timeleft
 output : 43042

 error: 
 retcode : 0
DEBUG 2019-11-03 17:56:05.693 UTC: 	 Executing : 
 command : voms-proxy-info -file /tmp/x509up_u77410 -actimeleft
 output : 43041

 error: 
 retcode : 0
DEBUG 2019-11-03 17:56:05.693 UTC: 	 Proxy lifetime 43042 secs is different from voms extension lifetime 43041 secs for proxy: /tmp/x509up_u77410
DEBUG 2019-11-03 17:56:05.693 UTC: 	 Proxy valid for 11:57:21 hours
DEBUG 2019-11-03 17:56:05.828 UTC: 	 Registering user credentials for server /DC=ch/DC=cern/OU=computers/CN=vocms(052|058|030|0118|0105|0109).cern.ch|/DC=ch/DC=cern/OU=computers/CN=crab-(preprod|prod)-tw(02|01).cern.ch
DEBUG 2019-11-03 17:56:05.947 UTC: 	 Executing : 
 command : openssl x509 -in ~/.globus/usercert.pem -subject -noout
 output : subject= /DC=ch/DC=cern/OU=Organic Units/OU=Users/CN=sthakur/CN=764789/CN=Shalini Thakur

 error: 
 retcode : 0
DEBUG 2019-11-03 17:56:05.947 UTC: 	 Getting myproxy life time left for myproxy.cern.ch
DEBUG 2019-11-03 17:56:05.947 UTC: 	 Calculating hash of /DC=ch/DC=cern/OU=Organic Units/OU=Users/CN=sthakur/CN=764789/CN=Shalini Thakur_cmsweb.cern.ch for credential name
DEBUG 2019-11-03 17:56:06.353 UTC: 	 Executing : 
 command : myproxy-info -l 9cd94953387eeee7bf4da2b7588630639ea1153b -s myproxy.cern.ch
 output : username: 9cd94953387eeee7bf4da2b7588630639ea1153b
owner: /DC=ch/DC=cern/OU=Organic Units/OU=Users/CN=sthakur/CN=764789/CN=Shalini Thakur
  renewal policy: /DC=ch/DC=cern/OU=computers/CN=vocms(052|058|030|0118|0105|0109).cern.ch|/DC=ch/DC=cern/OU=computers/CN=crab-(preprod|prod)-tw(02|01).cern.ch
  trusted retrieval policy: /DC=ch/DC=cern/OU=computers/CN=vocms(052|058|030|0118|0105|0109).cern.ch|/DC=ch/DC=cern/OU=computers/CN=crab-(preprod|prod)-tw(02|01).cern.ch
  timeleft: 504:41:54  (21.0 days)

 error: 
 retcode : 0
DEBUG 2019-11-03 17:56:06.354 UTC: 	 Myproxy is valid: 1816914
DEBUG 2019-11-03 17:56:06.355 UTC: 	 Command use: status
DEBUG 2019-11-03 17:56:06.355 UTC: 	 Options use: ['--verboseErrors', 'CrabMC_20191101/crab_ExLepMuMuZ_M1000_MC_20191101']
DEBUG 2019-11-03 17:56:06.448 UTC: 	 CRABClient version: 3.3.1910.patch2
DEBUG 2019-11-03 17:56:06.448 UTC: 	 Instance is prod
DEBUG 2019-11-03 17:56:06.448 UTC: 	 Server base url is cmsweb.cern.ch
DEBUG 2019-11-03 17:56:06.448 UTC: 	 Command url /crabserver/prod/workflow
DEBUG 2019-11-03 17:56:06.550 UTC: 	 Got information from server oracle database: {u'result': [u'191101_121423:sthakur_crab_ExLepMuMuZ_M1000_MC_20191101', u'None', u'None', u'SUBMITTED', u'SUBMIT', u'2019-11-01 12:14:23.624575', u'None', u'2019-11-01 12:15:48.792145', u'None', u'CMSSW_10_4_0', u'slc7_amd64_gcc700', u'/ExcitedLepton_MuMuZ-1000_TuneCP5_13TeV-pythia8/RunIIFall17MiniAODv2-PU2017_12Apr2018_94X_mc2017_realistic_v14-v1/MINIAODSIM', u'T', u'0', u'[]', u'[]', u'FileBased', u"{'splitOnRun': False, 'halt_job_on_file_boundaries': False, 'files_per_job': 10, 'runs': [], 'lumis': []}", u'343ff6f1deb09b96514c1a2540a31fbe6d4c94e65192052d7d959d3a67c21379.tar.gz', u'https://cmsweb.cern.ch/crabcache', u'sthakur', u'/DC=ch/DC=cern/OU=Organic Units/OU=Users/CN=sthakur/CN=764789/CN=Shalini Thakur', u'cms', u'None', u'None', u'ExLepMuMuZ_M1000_MC_20191101-00000000000000000000000000000000', u'F', u'T2_IN_TIFR', u'https://cmsweb.cern.ch/dbs/prod/global/DBSReader', u'https://cmsweb.cern.ch/dbs/prod/phys03/DBSWriter', u'T', u'[]', u"['ExLepMuMuZ_M1000_MC_20191101_Ntuple.root']", u'[]', u'Analysis', u'pythia', u'None', u'{}', u'[]', u'F', u'crab-prod-tw01', u'[]', u'1250', u'1', u'2000', u'10', u'None', u'[]', u'http://vocms0198.cern.ch/mon/cms251/191101_121423:sthakur_crab_ExLepMuMuZ_M1000_MC_20191101', u'None', u'[]', u'[]', u'https://cmsweb.cern.ch/crabserver/prod', u'cmsgwms-collector-global.cern.ch:9620,cmssrv623.fnal.gov:9620', u'crab3@vocms0198.cern.ch', u'F', u'[]', u'T', u'/store/user/sthakur/ntuple_for2017MC_20191101/MC_20191101/ExLepMuMuZ_M1000_MC_20191101', u'F', u'None', u'F', u'None', u'ExcitedLepton_MuMuZ-1000_TuneCP5_13TeV-pythia8', u'None', u'3baf4673af614eb2ee222f2645e9563cb87c04834824567606ea9c2fda228746.tar.gz', u'40369966', u'filetransfers', u'F', u'2001:1458:d00:2e::100:9b', u'0.0', u'None'], u'desc': {u'columns': [u'tm_taskname', u'tm_activity', u'panda_jobset_id', u'tm_task_status', u'tm_task_command', u'tm_start_time', u'tm_start_injection', u'tm_end_injection', u'tm_task_failure', u'tm_job_sw', u'tm_job_arch', u'tm_input_dataset', u'tm_nonvalid_input_dataset', u'tm_use_parent', u'tm_site_whitelist', u'tm_site_blacklist', u'tm_split_algo', u'tm_split_args', u'tm_user_sandbox', u'tm_cache_url', u'tm_username', u'tm_user_dn', u'tm_user_vo', u'tm_user_role', u'tm_user_group', u'tm_publish_name', u'tm_publish_groupname', u'tm_asyncdest', u'tm_dbs_url', u'tm_publish_dbs_url', u'tm_publication', u'tm_outfiles', u'tm_tfile_outfiles', u'tm_edm_outfiles', u'tm_job_type', u'tm_generator', u'tm_events_per_lumi', u'tm_arguments', u'panda_resubmitted_jobs', u'tm_save_logs', u'tw_name', u'tm_user_infiles', u'tm_maxjobruntime', u'tm_numcores', u'tm_maxmemory', u'tm_priority', u'tm_output_dataset', u'tm_task_warnings', u'tm_user_webdir', u'tm_scriptexe', u'tm_scriptargs', u'tm_extrajdl', u'tm_asourl', u'tm_collector', u'tm_schedd', u'tm_dry_run', u'tm_user_files', u'tm_transfer_outputs', u'tm_output_lfn', u'tm_ignore_locality', u'tm_fail_limit', u'tm_one_event_mode', u'tm_secondary_input_dataset', u'tm_primary_dataset', u'tm_last_publication', u'tm_debug_files', u'clusterid', u'tm_asodb', u'tm_ignore_global_blacklist', u'tm_submitter_ip_addr', u'tm_totalunits', u'tm_ddm_reqid']}}
INFO 2019-11-03 17:56:06.551 UTC: 	 CRAB project directory:		/afs/cern.ch/work/s/sthakur/xRavindra/MiniTree2017Data/CMSSW_10_4_0/src/ExLep2017Crab/crab/CrabMC_20191101/crab_ExLepMuMuZ_M1000_MC_20191101
INFO 2019-11-03 17:56:06.551 UTC: 	 Task name:			191101_121423:sthakur_crab_ExLepMuMuZ_M1000_MC_20191101
INFO 2019-11-03 17:56:06.551 UTC: 	 Grid scheduler - Task Worker:	crab3@vocms0198.cern.ch - crab-prod-tw01
INFO 2019-11-03 17:56:06.551 UTC: 	 Status on the CRAB server:	SUBMITTED
INFO 2019-11-03 17:56:06.551 UTC: 	 Task URL to use for HELP:	https://cmsweb.cern.ch/crabserver/ui/task/191101_121423%3Asthakur_crab_ExLepMuMuZ_M1000_MC_20191101
INFO 2019-11-03 17:56:06.551 UTC: 	 Dashboard monitoring URL:	https://monit-grafana.cern.ch/d/cmsTMDetail/cms-task-monitoring-task-view?orgId=11&var-user=sthakur&var-task=191101_121423%3Asthakur_crab_ExLepMuMuZ_M1000_MC_20191101
INFO 2019-11-03 17:56:06.551 UTC: 	 In case of issues with the dashboard, please provide feedback to hn-cms-computing-tools@cern.ch
DEBUG 2019-11-03 17:56:06.552 UTC: 	 The CRAB server submitted your task to the Grid scheduler (cluster ID: 40369966)
DEBUG 2019-11-03 17:56:06.552 UTC: 	 Webdir is located at http://vocms0198.cern.ch/mon/cms251/191101_121423:sthakur_crab_ExLepMuMuZ_M1000_MC_20191101
DEBUG 2019-11-03 17:56:06.728 UTC: 	 Proxied webdir is located at https://cmsweb.cern.ch/scheddmon/0198/cms251/191101_121423:sthakur_crab_ExLepMuMuZ_M1000_MC_20191101
DEBUG 2019-11-03 17:56:06.728 UTC: 	 Retrieving 'status_cache' file from https://cmsweb.cern.ch/scheddmon/0198/cms251/191101_121423:sthakur_crab_ExLepMuMuZ_M1000_MC_20191101/status_cache
DEBUG 2019-11-03 17:56:06.818 UTC: 	 Got information from status cache file: {'1': {'Retries': 0, 'WallDurations': [0, 1019.0], 'StartTimes': [1572610917.0], 'SubmitTimes': [1572610566.0], 'JobIds': ['40369974.0'], 'EndTimes': [1572611936.0], 'Restarts': 0, 'RecordedSite': True, 'State': 'finished', 'ResidentSetSize': [883556], 'TotalUserCpuTimeHistory': [894], 'SiteHistory': ['Unknown', 'T2_US_Florida'], 'TotalSysCpuTimeHistory': [21]}, '2': {'Retries': 0, 'WallDurations': [0, 960.0], 'StartTimes': [1572610917.0], 'SubmitTimes': [1572610568.0], 'JobIds': ['40369976.0'], 'EndTimes': [1572611877.0], 'Restarts': 0, 'RecordedSite': True, 'State': 'finished', 'ResidentSetSize': [773708], 'TotalUserCpuTimeHistory': [471], 'SiteHistory': ['Unknown', 'T2_US_UCSD'], 'TotalSysCpuTimeHistory': [22]}}
INFO 2019-11-03 17:56:06.818 UTC: 	 Status on the scheduler:	COMPLETED
INFO 2019-11-03 17:56:06.818 UTC: 	 
Jobs status:                    finished     		100.0% (2/2)
INFO 2019-11-03 17:56:06.897 UTC: 	 
No publication information available yet
INFO 2019-11-03 17:56:06.897 UTC: 	 
Warning: the max jobs runtime is less than 30% of the task requested value (1250 min), please consider to request a lower value for failed jobs (allowed through crab resubmit) and/or improve the jobs splitting (e.g. config.Data.splitting = 'Automatic') in a new task.
INFO 2019-11-03 17:56:06.897 UTC: 	 
Summary of run jobs:
 * Memory: 862MB min, 862MB max, 809MB ave
 * Runtime: 0:16:00 min, 0:16:59 max, 0:16:29 ave
 * CPU eff: 51% min, 90% max, 71% ave
 * Waste: 0:00:00 (0% of total)

INFO 2019-11-03 17:56:06.916 UTC: 	 Log file is /afs/cern.ch/work/s/sthakur/xRavindra/MiniTree2017Data/CMSSW_10_4_0/src/ExLep2017Crab/crab/CrabMC_20191101/crab_ExLepMuMuZ_M1000_MC_20191101/crab.log
DEBUG 2019-11-03 18:01:21.096 UTC: 	 Running on: Linux lxplus737.cern.ch 3.10.0-1062.1.2.el7.x86_64 #1 SMP Mon Sep 30 14:19:46 UTC 2019 x86_64 x86_64 x86_64 GNU/Linux
Description:	CentOS Linux release 7.7.1908 (Core) 

DEBUG 2019-11-03 18:01:21.096 UTC: 	 Executing command: 'resubmit'
DEBUG 2019-11-03 18:01:21.096 UTC: 	 Found CRAB cache file /afs/cern.ch/user/s/sthakur/.crab3
DEBUG 2019-11-03 18:01:21.105 UTC: 	 Checking credentials
DEBUG 2019-11-03 18:01:21.105 UTC: 	 Found proxy file /tmp/x509up_u77410
DEBUG 2019-11-03 18:01:21.105 UTC: 	 Getting proxy life time left
DEBUG 2019-11-03 18:01:21.816 UTC: 	 Executing : 
 command : voms-proxy-info -file /tmp/x509up_u77410 -timeleft
 output : 42725

 error: 
 retcode : 0
DEBUG 2019-11-03 18:01:22.626 UTC: 	 Executing : 
 command : voms-proxy-info -file /tmp/x509up_u77410 -actimeleft
 output : 42724

 error: 
 retcode : 0
DEBUG 2019-11-03 18:01:22.626 UTC: 	 Proxy lifetime 42725 secs is different from voms extension lifetime 42724 secs for proxy: /tmp/x509up_u77410
DEBUG 2019-11-03 18:01:22.626 UTC: 	 Proxy valid for 11:52:04 hours
DEBUG 2019-11-03 18:01:22.742 UTC: 	 Executing : 
 command : openssl x509 -in ~/.globus/usercert.pem -subject -noout
 output : subject= /DC=ch/DC=cern/OU=Organic Units/OU=Users/CN=sthakur/CN=764789/CN=Shalini Thakur

 error: 
 retcode : 0
DEBUG 2019-11-03 18:01:22.742 UTC: 	 Checking credentials
DEBUG 2019-11-03 18:01:22.743 UTC: 	 Found proxy file /tmp/x509up_u77410
DEBUG 2019-11-03 18:01:22.743 UTC: 	 Getting proxy life time left
DEBUG 2019-11-03 18:01:23.449 UTC: 	 Executing : 
 command : voms-proxy-info -file /tmp/x509up_u77410 -timeleft
 output : 42723

 error: 
 retcode : 0
DEBUG 2019-11-03 18:01:24.156 UTC: 	 Executing : 
 command : voms-proxy-info -file /tmp/x509up_u77410 -actimeleft
 output : 42722

 error: 
 retcode : 0
DEBUG 2019-11-03 18:01:24.156 UTC: 	 Proxy lifetime 42723 secs is different from voms extension lifetime 42722 secs for proxy: /tmp/x509up_u77410
DEBUG 2019-11-03 18:01:24.156 UTC: 	 Proxy valid for 11:52:02 hours
DEBUG 2019-11-03 18:01:24.258 UTC: 	 Registering user credentials for server /DC=ch/DC=cern/OU=computers/CN=vocms(052|058|030|0118|0105|0109).cern.ch|/DC=ch/DC=cern/OU=computers/CN=crab-(preprod|prod)-tw(02|01).cern.ch
DEBUG 2019-11-03 18:01:24.371 UTC: 	 Executing : 
 command : openssl x509 -in ~/.globus/usercert.pem -subject -noout
 output : subject= /DC=ch/DC=cern/OU=Organic Units/OU=Users/CN=sthakur/CN=764789/CN=Shalini Thakur

 error: 
 retcode : 0
DEBUG 2019-11-03 18:01:24.371 UTC: 	 Getting myproxy life time left for myproxy.cern.ch
DEBUG 2019-11-03 18:01:24.371 UTC: 	 Calculating hash of /DC=ch/DC=cern/OU=Organic Units/OU=Users/CN=sthakur/CN=764789/CN=Shalini Thakur_cmsweb.cern.ch for credential name
DEBUG 2019-11-03 18:01:24.979 UTC: 	 Executing : 
 command : myproxy-info -l 9cd94953387eeee7bf4da2b7588630639ea1153b -s myproxy.cern.ch
 output : username: 9cd94953387eeee7bf4da2b7588630639ea1153b
owner: /DC=ch/DC=cern/OU=Organic Units/OU=Users/CN=sthakur/CN=764789/CN=Shalini Thakur
  renewal policy: /DC=ch/DC=cern/OU=computers/CN=vocms(052|058|030|0118|0105|0109).cern.ch|/DC=ch/DC=cern/OU=computers/CN=crab-(preprod|prod)-tw(02|01).cern.ch
  trusted retrieval policy: /DC=ch/DC=cern/OU=computers/CN=vocms(052|058|030|0118|0105|0109).cern.ch|/DC=ch/DC=cern/OU=computers/CN=crab-(preprod|prod)-tw(02|01).cern.ch
  timeleft: 504:36:36  (21.0 days)

 error: 
 retcode : 0
DEBUG 2019-11-03 18:01:24.980 UTC: 	 Myproxy is valid: 1816596
DEBUG 2019-11-03 18:01:25.196 UTC: 	 Command use: resubmit
DEBUG 2019-11-03 18:01:25.196 UTC: 	 Options use: ['CrabMC_20191101/crab_ExLepMuMuZ_M1000_MC_20191101']
DEBUG 2019-11-03 18:01:25.324 UTC: 	 CRABClient version: 3.3.1910.patch2
DEBUG 2019-11-03 18:01:25.325 UTC: 	 Instance is prod
DEBUG 2019-11-03 18:01:25.325 UTC: 	 Server base url is cmsweb.cern.ch
DEBUG 2019-11-03 18:01:25.325 UTC: 	 Command url /crabserver/prod/workflow
DEBUG 2019-11-03 18:01:25.364 UTC: 	 Running on: Linux lxplus737.cern.ch 3.10.0-1062.1.2.el7.x86_64 #1 SMP Mon Sep 30 14:19:46 UTC 2019 x86_64 x86_64 x86_64 GNU/Linux
Description:	CentOS Linux release 7.7.1908 (Core) 

DEBUG 2019-11-03 18:01:25.365 UTC: 	 Executing command: 'status'
DEBUG 2019-11-03 18:01:25.365 UTC: 	 Found CRAB cache file /afs/cern.ch/user/s/sthakur/.crab3
DEBUG 2019-11-03 18:01:25.375 UTC: 	 Checking credentials
DEBUG 2019-11-03 18:01:25.375 UTC: 	 Found proxy file /tmp/x509up_u77410
DEBUG 2019-11-03 18:01:25.375 UTC: 	 Getting proxy life time left
DEBUG 2019-11-03 18:01:26.185 UTC: 	 Executing : 
 command : voms-proxy-info -file /tmp/x509up_u77410 -timeleft
 output : 42720

 error: 
 retcode : 0
DEBUG 2019-11-03 18:01:26.894 UTC: 	 Executing : 
 command : voms-proxy-info -file /tmp/x509up_u77410 -actimeleft
 output : 42720

 error: 
 retcode : 0
DEBUG 2019-11-03 18:01:26.894 UTC: 	 Proxy valid for 11:52:00 hours
DEBUG 2019-11-03 18:01:27.381 UTC: 	 Executing : 
 command : openssl x509 -in ~/.globus/usercert.pem -subject -noout
 output : subject= /DC=ch/DC=cern/OU=Organic Units/OU=Users/CN=sthakur/CN=764789/CN=Shalini Thakur

 error: 
 retcode : 0
DEBUG 2019-11-03 18:01:27.381 UTC: 	 Checking credentials
DEBUG 2019-11-03 18:01:27.382 UTC: 	 Found proxy file /tmp/x509up_u77410
DEBUG 2019-11-03 18:01:27.382 UTC: 	 Getting proxy life time left
DEBUG 2019-11-03 18:01:28.088 UTC: 	 Executing : 
 command : voms-proxy-info -file /tmp/x509up_u77410 -timeleft
 output : 42718

 error: 
 retcode : 0
DEBUG 2019-11-03 18:01:28.796 UTC: 	 Executing : 
 command : voms-proxy-info -file /tmp/x509up_u77410 -actimeleft
 output : 42718

 error: 
 retcode : 0
DEBUG 2019-11-03 18:01:28.796 UTC: 	 Proxy valid for 11:51:58 hours
DEBUG 2019-11-03 18:01:28.893 UTC: 	 Registering user credentials for server /DC=ch/DC=cern/OU=computers/CN=vocms(052|058|030|0118|0105|0109).cern.ch|/DC=ch/DC=cern/OU=computers/CN=crab-(preprod|prod)-tw(02|01).cern.ch
DEBUG 2019-11-03 18:01:29.005 UTC: 	 Executing : 
 command : openssl x509 -in ~/.globus/usercert.pem -subject -noout
 output : subject= /DC=ch/DC=cern/OU=Organic Units/OU=Users/CN=sthakur/CN=764789/CN=Shalini Thakur

 error: 
 retcode : 0
DEBUG 2019-11-03 18:01:29.005 UTC: 	 Getting myproxy life time left for myproxy.cern.ch
DEBUG 2019-11-03 18:01:29.005 UTC: 	 Calculating hash of /DC=ch/DC=cern/OU=Organic Units/OU=Users/CN=sthakur/CN=764789/CN=Shalini Thakur_cmsweb.cern.ch for credential name
DEBUG 2019-11-03 18:01:29.611 UTC: 	 Executing : 
 command : myproxy-info -l 9cd94953387eeee7bf4da2b7588630639ea1153b -s myproxy.cern.ch
 output : username: 9cd94953387eeee7bf4da2b7588630639ea1153b
owner: /DC=ch/DC=cern/OU=Organic Units/OU=Users/CN=sthakur/CN=764789/CN=Shalini Thakur
  renewal policy: /DC=ch/DC=cern/OU=computers/CN=vocms(052|058|030|0118|0105|0109).cern.ch|/DC=ch/DC=cern/OU=computers/CN=crab-(preprod|prod)-tw(02|01).cern.ch
  trusted retrieval policy: /DC=ch/DC=cern/OU=computers/CN=vocms(052|058|030|0118|0105|0109).cern.ch|/DC=ch/DC=cern/OU=computers/CN=crab-(preprod|prod)-tw(02|01).cern.ch
  timeleft: 504:36:31  (21.0 days)

 error: 
 retcode : 0
DEBUG 2019-11-03 18:01:29.613 UTC: 	 Myproxy is valid: 1816591
DEBUG 2019-11-03 18:01:29.613 UTC: 	 Command use: status
DEBUG 2019-11-03 18:01:29.613 UTC: 	 Options use: []
DEBUG 2019-11-03 18:01:29.696 UTC: 	 CRABClient version: 3.3.1910.patch2
DEBUG 2019-11-03 18:01:29.696 UTC: 	 Instance is prod
DEBUG 2019-11-03 18:01:29.696 UTC: 	 Server base url is cmsweb.cern.ch
DEBUG 2019-11-03 18:01:29.696 UTC: 	 Command url /crabserver/prod/workflow
DEBUG 2019-11-03 18:01:29.780 UTC: 	 Got information from server oracle database: {u'result': [u'191101_121423:sthakur_crab_ExLepMuMuZ_M1000_MC_20191101', u'None', u'None', u'SUBMITTED', u'SUBMIT', u'2019-11-01 12:14:23.624575', u'None', u'2019-11-01 12:15:48.792145', u'None', u'CMSSW_10_4_0', u'slc7_amd64_gcc700', u'/ExcitedLepton_MuMuZ-1000_TuneCP5_13TeV-pythia8/RunIIFall17MiniAODv2-PU2017_12Apr2018_94X_mc2017_realistic_v14-v1/MINIAODSIM', u'T', u'0', u'[]', u'[]', u'FileBased', u"{'splitOnRun': False, 'halt_job_on_file_boundaries': False, 'files_per_job': 10, 'runs': [], 'lumis': []}", u'343ff6f1deb09b96514c1a2540a31fbe6d4c94e65192052d7d959d3a67c21379.tar.gz', u'https://cmsweb.cern.ch/crabcache', u'sthakur', u'/DC=ch/DC=cern/OU=Organic Units/OU=Users/CN=sthakur/CN=764789/CN=Shalini Thakur', u'cms', u'None', u'None', u'ExLepMuMuZ_M1000_MC_20191101-00000000000000000000000000000000', u'F', u'T2_IN_TIFR', u'https://cmsweb.cern.ch/dbs/prod/global/DBSReader', u'https://cmsweb.cern.ch/dbs/prod/phys03/DBSWriter', u'T', u'[]', u"['ExLepMuMuZ_M1000_MC_20191101_Ntuple.root']", u'[]', u'Analysis', u'pythia', u'None', u'{}', u'[]', u'F', u'crab-prod-tw01', u'[]', u'1250', u'1', u'2000', u'10', u'None', u'[]', u'http://vocms0198.cern.ch/mon/cms251/191101_121423:sthakur_crab_ExLepMuMuZ_M1000_MC_20191101', u'None', u'[]', u'[]', u'https://cmsweb.cern.ch/crabserver/prod', u'cmsgwms-collector-global.cern.ch:9620,cmssrv623.fnal.gov:9620', u'crab3@vocms0198.cern.ch', u'F', u'[]', u'T', u'/store/user/sthakur/ntuple_for2017MC_20191101/MC_20191101/ExLepMuMuZ_M1000_MC_20191101', u'F', u'None', u'F', u'None', u'ExcitedLepton_MuMuZ-1000_TuneCP5_13TeV-pythia8', u'None', u'3baf4673af614eb2ee222f2645e9563cb87c04834824567606ea9c2fda228746.tar.gz', u'40369966', u'filetransfers', u'F', u'2001:1458:d00:2e::100:9b', u'0.0', u'None'], u'desc': {u'columns': [u'tm_taskname', u'tm_activity', u'panda_jobset_id', u'tm_task_status', u'tm_task_command', u'tm_start_time', u'tm_start_injection', u'tm_end_injection', u'tm_task_failure', u'tm_job_sw', u'tm_job_arch', u'tm_input_dataset', u'tm_nonvalid_input_dataset', u'tm_use_parent', u'tm_site_whitelist', u'tm_site_blacklist', u'tm_split_algo', u'tm_split_args', u'tm_user_sandbox', u'tm_cache_url', u'tm_username', u'tm_user_dn', u'tm_user_vo', u'tm_user_role', u'tm_user_group', u'tm_publish_name', u'tm_publish_groupname', u'tm_asyncdest', u'tm_dbs_url', u'tm_publish_dbs_url', u'tm_publication', u'tm_outfiles', u'tm_tfile_outfiles', u'tm_edm_outfiles', u'tm_job_type', u'tm_generator', u'tm_events_per_lumi', u'tm_arguments', u'panda_resubmitted_jobs', u'tm_save_logs', u'tw_name', u'tm_user_infiles', u'tm_maxjobruntime', u'tm_numcores', u'tm_maxmemory', u'tm_priority', u'tm_output_dataset', u'tm_task_warnings', u'tm_user_webdir', u'tm_scriptexe', u'tm_scriptargs', u'tm_extrajdl', u'tm_asourl', u'tm_collector', u'tm_schedd', u'tm_dry_run', u'tm_user_files', u'tm_transfer_outputs', u'tm_output_lfn', u'tm_ignore_locality', u'tm_fail_limit', u'tm_one_event_mode', u'tm_secondary_input_dataset', u'tm_primary_dataset', u'tm_last_publication', u'tm_debug_files', u'clusterid', u'tm_asodb', u'tm_ignore_global_blacklist', u'tm_submitter_ip_addr', u'tm_totalunits', u'tm_ddm_reqid']}}
INFO 2019-11-03 18:01:29.780 UTC: 	 CRAB project directory:		/afs/cern.ch/work/s/sthakur/xRavindra/MiniTree2017Data/CMSSW_10_4_0/src/ExLep2017Crab/crab/CrabMC_20191101/crab_ExLepMuMuZ_M1000_MC_20191101
INFO 2019-11-03 18:01:29.780 UTC: 	 Task name:			191101_121423:sthakur_crab_ExLepMuMuZ_M1000_MC_20191101
INFO 2019-11-03 18:01:29.780 UTC: 	 Grid scheduler - Task Worker:	crab3@vocms0198.cern.ch - crab-prod-tw01
INFO 2019-11-03 18:01:29.780 UTC: 	 Status on the CRAB server:	SUBMITTED
INFO 2019-11-03 18:01:29.781 UTC: 	 Task URL to use for HELP:	https://cmsweb.cern.ch/crabserver/ui/task/191101_121423%3Asthakur_crab_ExLepMuMuZ_M1000_MC_20191101
INFO 2019-11-03 18:01:29.781 UTC: 	 Dashboard monitoring URL:	https://monit-grafana.cern.ch/d/cmsTMDetail/cms-task-monitoring-task-view?orgId=11&var-user=sthakur&var-task=191101_121423%3Asthakur_crab_ExLepMuMuZ_M1000_MC_20191101
INFO 2019-11-03 18:01:29.781 UTC: 	 In case of issues with the dashboard, please provide feedback to hn-cms-computing-tools@cern.ch
DEBUG 2019-11-03 18:01:29.781 UTC: 	 The CRAB server submitted your task to the Grid scheduler (cluster ID: 40369966)
DEBUG 2019-11-03 18:01:29.781 UTC: 	 Webdir is located at http://vocms0198.cern.ch/mon/cms251/191101_121423:sthakur_crab_ExLepMuMuZ_M1000_MC_20191101
DEBUG 2019-11-03 18:01:29.975 UTC: 	 Proxied webdir is located at https://cmsweb.cern.ch/scheddmon/0198/cms251/191101_121423:sthakur_crab_ExLepMuMuZ_M1000_MC_20191101
DEBUG 2019-11-03 18:01:29.975 UTC: 	 Retrieving 'status_cache' file from https://cmsweb.cern.ch/scheddmon/0198/cms251/191101_121423:sthakur_crab_ExLepMuMuZ_M1000_MC_20191101/status_cache
DEBUG 2019-11-03 18:01:30.026 UTC: 	 Got information from status cache file: {'1': {'Retries': 0, 'WallDurations': [0, 1019.0], 'StartTimes': [1572610917.0], 'SubmitTimes': [1572610566.0], 'JobIds': ['40369974.0'], 'EndTimes': [1572611936.0], 'Restarts': 0, 'RecordedSite': True, 'State': 'finished', 'ResidentSetSize': [883556], 'TotalUserCpuTimeHistory': [894], 'SiteHistory': ['Unknown', 'T2_US_Florida'], 'TotalSysCpuTimeHistory': [21]}, '2': {'Retries': 0, 'WallDurations': [0, 960.0], 'StartTimes': [1572610917.0], 'SubmitTimes': [1572610568.0], 'JobIds': ['40369976.0'], 'EndTimes': [1572611877.0], 'Restarts': 0, 'RecordedSite': True, 'State': 'finished', 'ResidentSetSize': [773708], 'TotalUserCpuTimeHistory': [471], 'SiteHistory': ['Unknown', 'T2_US_UCSD'], 'TotalSysCpuTimeHistory': [22]}}
INFO 2019-11-03 18:01:30.026 UTC: 	 Status on the scheduler:	COMPLETED
INFO 2019-11-03 18:01:30.027 UTC: 	 
Jobs status:                    finished     		100.0% (2/2)
INFO 2019-11-03 18:01:30.170 UTC: 	 
No publication information available yet
INFO 2019-11-03 18:01:30.170 UTC: 	 
Warning: the max jobs runtime is less than 30% of the task requested value (1250 min), please consider to request a lower value for failed jobs (allowed through crab resubmit) and/or improve the jobs splitting (e.g. config.Data.splitting = 'Automatic') in a new task.
INFO 2019-11-03 18:01:30.170 UTC: 	 
Summary of run jobs:
 * Memory: 862MB min, 862MB max, 809MB ave
 * Runtime: 0:16:00 min, 0:16:59 max, 0:16:29 ave
 * CPU eff: 51% min, 90% max, 71% ave
 * Waste: 0:00:00 (0% of total)

DEBUG 2019-11-03 18:01:30.182 UTC: 	 Requesting resubmission of failed jobs in task 191101_121423:sthakur_crab_ExLepMuMuZ_M1000_MC_20191101
ERROR 2019-11-03 18:01:30.182 UTC: 	 Found no jobs to resubmit. Only jobs in status failed can be resubmitted. Jobs in status finished can also be resubmitted, but only if the jobids are specified and the force option is set.
ERROR 2019-11-03 18:01:30.182 UTC: 	 Caught exception
Traceback (most recent call last):
  File "/cvmfs/cms.cern.ch/crab3/slc6_amd64_gcc493/cms/crabclient/3.3.1910.patch2/bin/crab", line 160, in <module>
    client()
  File "/cvmfs/cms.cern.ch/crab3/slc6_amd64_gcc493/cms/crabclient/3.3.1910.patch2/bin/crab", line 147, in __call__
    self.cmd()
  File "/cvmfs/cms.cern.ch/crab3/slc6_amd64_gcc493/cms/crabclient/3.3.1910.patch2/lib/python2.7/site-packages/CRABClient/Commands/resubmit.py", line 63, in __call__
    self.jobids = self.processJobIds(jobList)
  File "/cvmfs/cms.cern.ch/crab3/slc6_amd64_gcc493/cms/crabclient/3.3.1910.patch2/lib/python2.7/site-packages/CRABClient/Commands/resubmit.py", line 172, in processJobIds
    raise ConfigurationException(msg)
ConfigurationException: Found no jobs to resubmit. Only jobs in status failed can be resubmitted. Jobs in status finished can also be resubmitted, but only if the jobids are specified and the force option is set.
DEBUG 2019-11-04 17:52:10.964 UTC: 	 Running on: Linux lxplus794.cern.ch 3.10.0-1062.4.1.el7.x86_64 #1 SMP Fri Oct 18 17:15:30 UTC 2019 x86_64 x86_64 x86_64 GNU/Linux
Description:	CentOS Linux release 7.7.1908 (Core) 

DEBUG 2019-11-04 17:52:10.964 UTC: 	 Executing command: 'status'
DEBUG 2019-11-04 17:52:10.965 UTC: 	 Found CRAB cache file /afs/cern.ch/user/s/sthakur/.crab3
DEBUG 2019-11-04 17:52:10.976 UTC: 	 Checking credentials
DEBUG 2019-11-04 17:52:10.976 UTC: 	 Found proxy file /tmp/x509up_u77410
DEBUG 2019-11-04 17:52:10.976 UTC: 	 Getting proxy life time left
DEBUG 2019-11-04 17:52:11.581 UTC: 	 Executing : 
 command : voms-proxy-info -file /tmp/x509up_u77410 -timeleft
 output : 43058

 error: 
 retcode : 0
DEBUG 2019-11-04 17:52:12.187 UTC: 	 Executing : 
 command : voms-proxy-info -file /tmp/x509up_u77410 -actimeleft
 output : 43057

 error: 
 retcode : 0
DEBUG 2019-11-04 17:52:12.187 UTC: 	 Proxy lifetime 43058 secs is different from voms extension lifetime 43057 secs for proxy: /tmp/x509up_u77410
DEBUG 2019-11-04 17:52:12.187 UTC: 	 Proxy valid for 11:57:37 hours
DEBUG 2019-11-04 17:52:12.553 UTC: 	 Executing : 
 command : openssl x509 -in ~/.globus/usercert.pem -subject -noout
 output : subject= /DC=ch/DC=cern/OU=Organic Units/OU=Users/CN=sthakur/CN=764789/CN=Shalini Thakur

 error: 
 retcode : 0
DEBUG 2019-11-04 17:52:12.553 UTC: 	 Checking credentials
DEBUG 2019-11-04 17:52:12.554 UTC: 	 Found proxy file /tmp/x509up_u77410
DEBUG 2019-11-04 17:52:12.554 UTC: 	 Getting proxy life time left
DEBUG 2019-11-04 17:52:13.165 UTC: 	 Executing : 
 command : voms-proxy-info -file /tmp/x509up_u77410 -timeleft
 output : 43056

 error: 
 retcode : 0
DEBUG 2019-11-04 17:52:13.772 UTC: 	 Executing : 
 command : voms-proxy-info -file /tmp/x509up_u77410 -actimeleft
 output : 43056

 error: 
 retcode : 0
DEBUG 2019-11-04 17:52:13.772 UTC: 	 Proxy valid for 11:57:36 hours
DEBUG 2019-11-04 17:52:13.858 UTC: 	 Registering user credentials for server /DC=ch/DC=cern/OU=computers/CN=vocms(052|058|030|0118|0105|0109).cern.ch|/DC=ch/DC=cern/OU=computers/CN=crab-(preprod|prod)-tw(02|01).cern.ch
DEBUG 2019-11-04 17:52:13.968 UTC: 	 Executing : 
 command : openssl x509 -in ~/.globus/usercert.pem -subject -noout
 output : subject= /DC=ch/DC=cern/OU=Organic Units/OU=Users/CN=sthakur/CN=764789/CN=Shalini Thakur

 error: 
 retcode : 0
DEBUG 2019-11-04 17:52:13.969 UTC: 	 Getting myproxy life time left for myproxy.cern.ch
DEBUG 2019-11-04 17:52:13.969 UTC: 	 Calculating hash of /DC=ch/DC=cern/OU=Organic Units/OU=Users/CN=sthakur/CN=764789/CN=Shalini Thakur_cmsweb.cern.ch for credential name
DEBUG 2019-11-04 17:52:14.173 UTC: 	 Executing : 
 command : myproxy-info -l 9cd94953387eeee7bf4da2b7588630639ea1153b -s myproxy.cern.ch
 output : username: 9cd94953387eeee7bf4da2b7588630639ea1153b
owner: /DC=ch/DC=cern/OU=Organic Units/OU=Users/CN=sthakur/CN=764789/CN=Shalini Thakur
  renewal policy: /DC=ch/DC=cern/OU=computers/CN=vocms(052|058|030|0118|0105|0109).cern.ch|/DC=ch/DC=cern/OU=computers/CN=crab-(preprod|prod)-tw(02|01).cern.ch
  trusted retrieval policy: /DC=ch/DC=cern/OU=computers/CN=vocms(052|058|030|0118|0105|0109).cern.ch|/DC=ch/DC=cern/OU=computers/CN=crab-(preprod|prod)-tw(02|01).cern.ch
  timeleft: 480:45:46  (20.0 days)

 error: 
 retcode : 0
DEBUG 2019-11-04 17:52:14.174 UTC: 	 Myproxy is valid: 1730746
DEBUG 2019-11-04 17:52:14.175 UTC: 	 Command use: status
DEBUG 2019-11-04 17:52:14.175 UTC: 	 Options use: ['--verboseErrors', 'CrabMC_20191101/crab_ExLepMuMuZ_M1000_MC_20191101']
DEBUG 2019-11-04 17:52:14.258 UTC: 	 CRABClient version: 3.3.1910.patch2
DEBUG 2019-11-04 17:52:14.258 UTC: 	 Instance is prod
DEBUG 2019-11-04 17:52:14.258 UTC: 	 Server base url is cmsweb.cern.ch
DEBUG 2019-11-04 17:52:14.258 UTC: 	 Command url /crabserver/prod/workflow
DEBUG 2019-11-04 17:52:14.348 UTC: 	 Got information from server oracle database: {u'result': [u'191101_121423:sthakur_crab_ExLepMuMuZ_M1000_MC_20191101', u'None', u'None', u'SUBMITTED', u'SUBMIT', u'2019-11-01 12:14:23.624575', u'None', u'2019-11-01 12:15:48.792145', u'None', u'CMSSW_10_4_0', u'slc7_amd64_gcc700', u'/ExcitedLepton_MuMuZ-1000_TuneCP5_13TeV-pythia8/RunIIFall17MiniAODv2-PU2017_12Apr2018_94X_mc2017_realistic_v14-v1/MINIAODSIM', u'T', u'0', u'[]', u'[]', u'FileBased', u"{'splitOnRun': False, 'halt_job_on_file_boundaries': False, 'files_per_job': 10, 'runs': [], 'lumis': []}", u'343ff6f1deb09b96514c1a2540a31fbe6d4c94e65192052d7d959d3a67c21379.tar.gz', u'https://cmsweb.cern.ch/crabcache', u'sthakur', u'/DC=ch/DC=cern/OU=Organic Units/OU=Users/CN=sthakur/CN=764789/CN=Shalini Thakur', u'cms', u'None', u'None', u'ExLepMuMuZ_M1000_MC_20191101-00000000000000000000000000000000', u'F', u'T2_IN_TIFR', u'https://cmsweb.cern.ch/dbs/prod/global/DBSReader', u'https://cmsweb.cern.ch/dbs/prod/phys03/DBSWriter', u'T', u'[]', u"['ExLepMuMuZ_M1000_MC_20191101_Ntuple.root']", u'[]', u'Analysis', u'pythia', u'None', u'{}', u'[]', u'F', u'crab-prod-tw01', u'[]', u'1250', u'1', u'2000', u'10', u'None', u'[]', u'http://vocms0198.cern.ch/mon/cms251/191101_121423:sthakur_crab_ExLepMuMuZ_M1000_MC_20191101', u'None', u'[]', u'[]', u'https://cmsweb.cern.ch/crabserver/prod', u'cmsgwms-collector-global.cern.ch:9620,cmssrv623.fnal.gov:9620', u'crab3@vocms0198.cern.ch', u'F', u'[]', u'T', u'/store/user/sthakur/ntuple_for2017MC_20191101/MC_20191101/ExLepMuMuZ_M1000_MC_20191101', u'F', u'None', u'F', u'None', u'ExcitedLepton_MuMuZ-1000_TuneCP5_13TeV-pythia8', u'None', u'3baf4673af614eb2ee222f2645e9563cb87c04834824567606ea9c2fda228746.tar.gz', u'40369966', u'filetransfers', u'F', u'2001:1458:d00:2e::100:9b', u'0.0', u'None'], u'desc': {u'columns': [u'tm_taskname', u'tm_activity', u'panda_jobset_id', u'tm_task_status', u'tm_task_command', u'tm_start_time', u'tm_start_injection', u'tm_end_injection', u'tm_task_failure', u'tm_job_sw', u'tm_job_arch', u'tm_input_dataset', u'tm_nonvalid_input_dataset', u'tm_use_parent', u'tm_site_whitelist', u'tm_site_blacklist', u'tm_split_algo', u'tm_split_args', u'tm_user_sandbox', u'tm_cache_url', u'tm_username', u'tm_user_dn', u'tm_user_vo', u'tm_user_role', u'tm_user_group', u'tm_publish_name', u'tm_publish_groupname', u'tm_asyncdest', u'tm_dbs_url', u'tm_publish_dbs_url', u'tm_publication', u'tm_outfiles', u'tm_tfile_outfiles', u'tm_edm_outfiles', u'tm_job_type', u'tm_generator', u'tm_events_per_lumi', u'tm_arguments', u'panda_resubmitted_jobs', u'tm_save_logs', u'tw_name', u'tm_user_infiles', u'tm_maxjobruntime', u'tm_numcores', u'tm_maxmemory', u'tm_priority', u'tm_output_dataset', u'tm_task_warnings', u'tm_user_webdir', u'tm_scriptexe', u'tm_scriptargs', u'tm_extrajdl', u'tm_asourl', u'tm_collector', u'tm_schedd', u'tm_dry_run', u'tm_user_files', u'tm_transfer_outputs', u'tm_output_lfn', u'tm_ignore_locality', u'tm_fail_limit', u'tm_one_event_mode', u'tm_secondary_input_dataset', u'tm_primary_dataset', u'tm_last_publication', u'tm_debug_files', u'clusterid', u'tm_asodb', u'tm_ignore_global_blacklist', u'tm_submitter_ip_addr', u'tm_totalunits', u'tm_ddm_reqid']}}
INFO 2019-11-04 17:52:14.349 UTC: 	 CRAB project directory:		/afs/cern.ch/work/s/sthakur/xRavindra/MiniTree2017Data/CMSSW_10_4_0/src/ExLep2017Crab/crab/CrabMC_20191101/crab_ExLepMuMuZ_M1000_MC_20191101
INFO 2019-11-04 17:52:14.349 UTC: 	 Task name:			191101_121423:sthakur_crab_ExLepMuMuZ_M1000_MC_20191101
INFO 2019-11-04 17:52:14.349 UTC: 	 Grid scheduler - Task Worker:	crab3@vocms0198.cern.ch - crab-prod-tw01
INFO 2019-11-04 17:52:14.349 UTC: 	 Status on the CRAB server:	SUBMITTED
INFO 2019-11-04 17:52:14.349 UTC: 	 Task URL to use for HELP:	https://cmsweb.cern.ch/crabserver/ui/task/191101_121423%3Asthakur_crab_ExLepMuMuZ_M1000_MC_20191101
INFO 2019-11-04 17:52:14.349 UTC: 	 Dashboard monitoring URL:	https://monit-grafana.cern.ch/d/cmsTMDetail/cms-task-monitoring-task-view?orgId=11&var-user=sthakur&var-task=191101_121423%3Asthakur_crab_ExLepMuMuZ_M1000_MC_20191101
INFO 2019-11-04 17:52:14.349 UTC: 	 In case of issues with the dashboard, please provide feedback to hn-cms-computing-tools@cern.ch
DEBUG 2019-11-04 17:52:14.350 UTC: 	 The CRAB server submitted your task to the Grid scheduler (cluster ID: 40369966)
DEBUG 2019-11-04 17:52:14.350 UTC: 	 Webdir is located at http://vocms0198.cern.ch/mon/cms251/191101_121423:sthakur_crab_ExLepMuMuZ_M1000_MC_20191101
DEBUG 2019-11-04 17:52:14.431 UTC: 	 Proxied webdir is located at https://cmsweb.cern.ch/scheddmon/0198/cms251/191101_121423:sthakur_crab_ExLepMuMuZ_M1000_MC_20191101
DEBUG 2019-11-04 17:52:14.431 UTC: 	 Retrieving 'status_cache' file from https://cmsweb.cern.ch/scheddmon/0198/cms251/191101_121423:sthakur_crab_ExLepMuMuZ_M1000_MC_20191101/status_cache
DEBUG 2019-11-04 17:52:14.577 UTC: 	 Got information from status cache file: {'1': {'Retries': 0, 'WallDurations': [0, 1019.0], 'StartTimes': [1572610917.0], 'SubmitTimes': [1572610566.0], 'JobIds': ['40369974.0'], 'EndTimes': [1572611936.0], 'Restarts': 0, 'RecordedSite': True, 'State': 'finished', 'ResidentSetSize': [883556], 'TotalUserCpuTimeHistory': [894], 'SiteHistory': ['Unknown', 'T2_US_Florida'], 'TotalSysCpuTimeHistory': [21]}, '2': {'Retries': 0, 'WallDurations': [0, 960.0], 'StartTimes': [1572610917.0], 'SubmitTimes': [1572610568.0], 'JobIds': ['40369976.0'], 'EndTimes': [1572611877.0], 'Restarts': 0, 'RecordedSite': True, 'State': 'finished', 'ResidentSetSize': [773708], 'TotalUserCpuTimeHistory': [471], 'SiteHistory': ['Unknown', 'T2_US_UCSD'], 'TotalSysCpuTimeHistory': [22]}}
INFO 2019-11-04 17:52:14.577 UTC: 	 Status on the scheduler:	COMPLETED
INFO 2019-11-04 17:52:14.578 UTC: 	 
Jobs status:                    finished     		100.0% (2/2)
INFO 2019-11-04 17:52:14.660 UTC: 	 
No publication information available yet
INFO 2019-11-04 17:52:14.660 UTC: 	 
Warning: the max jobs runtime is less than 30% of the task requested value (1250 min), please consider to request a lower value for failed jobs (allowed through crab resubmit) and/or improve the jobs splitting (e.g. config.Data.splitting = 'Automatic') in a new task.
INFO 2019-11-04 17:52:14.660 UTC: 	 
Summary of run jobs:
 * Memory: 862MB min, 862MB max, 809MB ave
 * Runtime: 0:16:00 min, 0:16:59 max, 0:16:29 ave
 * CPU eff: 51% min, 90% max, 71% ave
 * Waste: 0:00:00 (0% of total)

INFO 2019-11-04 17:52:14.816 UTC: 	 Log file is /afs/cern.ch/work/s/sthakur/xRavindra/MiniTree2017Data/CMSSW_10_4_0/src/ExLep2017Crab/crab/CrabMC_20191101/crab_ExLepMuMuZ_M1000_MC_20191101/crab.log
DEBUG 2019-11-11 18:31:32.249 UTC: 	 Running on: Linux lxplus745.cern.ch 3.10.0-1062.4.1.el7.x86_64 #1 SMP Fri Oct 18 17:15:30 UTC 2019 x86_64 x86_64 x86_64 GNU/Linux - CentOS Linux 7 (Core)
DEBUG 2019-11-11 18:31:32.260 UTC: 	 OpenSSl version: OpenSSL 1.0.2h  3 May 2016
DEBUG 2019-11-11 18:31:32.260 UTC: 	 Executing command: 'status'
DEBUG 2019-11-11 18:31:32.261 UTC: 	 Found CRAB cache file /afs/cern.ch/user/s/sthakur/.crab3
DEBUG 2019-11-11 18:31:32.290 UTC: 	 Checking credentials
DEBUG 2019-11-11 18:31:32.291 UTC: 	 Found proxy file /tmp/x509up_u77410
DEBUG 2019-11-11 18:31:32.291 UTC: 	 Getting proxy life time left
DEBUG 2019-11-11 18:31:33.105 UTC: 	 Executing : 
 command : voms-proxy-info -file /tmp/x509up_u77410 -timeleft
 output : 38967

 error: 
 retcode : 0
DEBUG 2019-11-11 18:31:34.225 UTC: 	 Executing : 
 command : voms-proxy-info -file /tmp/x509up_u77410 -actimeleft
 output : 38966

 error: 
 retcode : 0
DEBUG 2019-11-11 18:31:34.225 UTC: 	 Proxy lifetime 38967 secs is different from voms extension lifetime 38966 secs for proxy: /tmp/x509up_u77410
DEBUG 2019-11-11 18:31:34.225 UTC: 	 Proxy valid for 10:49:26 hours
DEBUG 2019-11-11 18:31:34.476 UTC: 	 Executing : 
 command : openssl x509 -in ~/.globus/usercert.pem -subject -noout
 output : subject= /DC=ch/DC=cern/OU=Organic Units/OU=Users/CN=sthakur/CN=764789/CN=Shalini Thakur

 error: 
 retcode : 0
DEBUG 2019-11-11 18:31:34.476 UTC: 	 Checking credentials
DEBUG 2019-11-11 18:31:34.476 UTC: 	 Found proxy file /tmp/x509up_u77410
DEBUG 2019-11-11 18:31:34.476 UTC: 	 Getting proxy life time left
DEBUG 2019-11-11 18:31:35.286 UTC: 	 Executing : 
 command : voms-proxy-info -file /tmp/x509up_u77410 -timeleft
 output : 38965

 error: 
 retcode : 0
DEBUG 2019-11-11 18:31:35.997 UTC: 	 Executing : 
 command : voms-proxy-info -file /tmp/x509up_u77410 -actimeleft
 output : 38965

 error: 
 retcode : 0
DEBUG 2019-11-11 18:31:35.998 UTC: 	 Proxy valid for 10:49:25 hours
DEBUG 2019-11-11 18:31:36.073 UTC: 	 Registering user credentials for server /DC=ch/DC=cern/OU=computers/CN=vocms(052|058|030|0118|0105|0109).cern.ch|/DC=ch/DC=cern/OU=computers/CN=crab-(preprod|prod)-tw(02|01).cern.ch
DEBUG 2019-11-11 18:31:36.185 UTC: 	 Executing : 
 command : openssl x509 -in ~/.globus/usercert.pem -subject -noout
 output : subject= /DC=ch/DC=cern/OU=Organic Units/OU=Users/CN=sthakur/CN=764789/CN=Shalini Thakur

 error: 
 retcode : 0
DEBUG 2019-11-11 18:31:36.185 UTC: 	 Getting myproxy life time left for myproxy.cern.ch
DEBUG 2019-11-11 18:31:36.185 UTC: 	 Calculating hash of /DC=ch/DC=cern/OU=Organic Units/OU=Users/CN=sthakur/CN=764789/CN=Shalini Thakur_cmsweb.cern.ch for credential name
DEBUG 2019-11-11 18:31:36.390 UTC: 	 Executing : 
 command : myproxy-info -l 9cd94953387eeee7bf4da2b7588630639ea1153b -s myproxy.cern.ch
 output : username: 9cd94953387eeee7bf4da2b7588630639ea1153b
owner: /DC=ch/DC=cern/OU=Organic Units/OU=Users/CN=sthakur/CN=764789/CN=Shalini Thakur
  renewal policy: /DC=ch/DC=cern/OU=computers/CN=vocms(052|058|030|0118|0105|0109).cern.ch|/DC=ch/DC=cern/OU=computers/CN=crab-(preprod|prod)-tw(02|01).cern.ch
  trusted retrieval policy: /DC=ch/DC=cern/OU=computers/CN=vocms(052|058|030|0118|0105|0109).cern.ch|/DC=ch/DC=cern/OU=computers/CN=crab-(preprod|prod)-tw(02|01).cern.ch
  timeleft: 711:01:43  (29.6 days)

 error: 
 retcode : 0
DEBUG 2019-11-11 18:31:36.391 UTC: 	 Myproxy is valid: 2559703
DEBUG 2019-11-11 18:31:36.392 UTC: 	 Command use: status
DEBUG 2019-11-11 18:31:36.392 UTC: 	 Options use: ['--verboseErrors', 'CrabMC_20191101/crab_ExLepMuMuZ_M1000_MC_20191101']
DEBUG 2019-11-11 18:31:36.477 UTC: 	 CRABClient version: 3.3.1911
DEBUG 2019-11-11 18:31:36.477 UTC: 	 Instance is prod
DEBUG 2019-11-11 18:31:36.477 UTC: 	 Server base url is cmsweb.cern.ch
DEBUG 2019-11-11 18:31:36.477 UTC: 	 Command url /crabserver/prod/workflow
DEBUG 2019-11-11 18:31:36.595 UTC: 	 Got information from server oracle database: {u'result': [u'191101_121423:sthakur_crab_ExLepMuMuZ_M1000_MC_20191101', u'None', u'None', u'SUBMITTED', u'SUBMIT', u'2019-11-01 12:14:23.624575', u'None', u'2019-11-01 12:15:48.792145', u'None', u'CMSSW_10_4_0', u'slc7_amd64_gcc700', u'/ExcitedLepton_MuMuZ-1000_TuneCP5_13TeV-pythia8/RunIIFall17MiniAODv2-PU2017_12Apr2018_94X_mc2017_realistic_v14-v1/MINIAODSIM', u'T', u'0', u'[]', u'[]', u'FileBased', u"{'splitOnRun': False, 'halt_job_on_file_boundaries': False, 'files_per_job': 10, 'runs': [], 'lumis': []}", u'343ff6f1deb09b96514c1a2540a31fbe6d4c94e65192052d7d959d3a67c21379.tar.gz', u'https://cmsweb.cern.ch/crabcache', u'sthakur', u'/DC=ch/DC=cern/OU=Organic Units/OU=Users/CN=sthakur/CN=764789/CN=Shalini Thakur', u'cms', u'None', u'None', u'ExLepMuMuZ_M1000_MC_20191101-00000000000000000000000000000000', u'F', u'T2_IN_TIFR', u'https://cmsweb.cern.ch/dbs/prod/global/DBSReader', u'https://cmsweb.cern.ch/dbs/prod/phys03/DBSWriter', u'T', u'[]', u"['ExLepMuMuZ_M1000_MC_20191101_Ntuple.root']", u'[]', u'Analysis', u'pythia', u'None', u'{}', u'[]', u'F', u'crab-prod-tw01', u'[]', u'1250', u'1', u'2000', u'10', u'None', u'[]', u'http://vocms0198.cern.ch/mon/cms251/191101_121423:sthakur_crab_ExLepMuMuZ_M1000_MC_20191101', u'None', u'[]', u'[]', u'https://cmsweb.cern.ch/crabserver/prod', u'cmsgwms-collector-global.cern.ch:9620,cmssrv623.fnal.gov:9620', u'crab3@vocms0198.cern.ch', u'F', u'[]', u'T', u'/store/user/sthakur/ntuple_for2017MC_20191101/MC_20191101/ExLepMuMuZ_M1000_MC_20191101', u'F', u'None', u'F', u'None', u'ExcitedLepton_MuMuZ-1000_TuneCP5_13TeV-pythia8', u'None', u'3baf4673af614eb2ee222f2645e9563cb87c04834824567606ea9c2fda228746.tar.gz', u'40369966', u'filetransfers', u'F', u'2001:1458:d00:2e::100:9b', u'0.0', u'None'], u'desc': {u'columns': [u'tm_taskname', u'tm_activity', u'panda_jobset_id', u'tm_task_status', u'tm_task_command', u'tm_start_time', u'tm_start_injection', u'tm_end_injection', u'tm_task_failure', u'tm_job_sw', u'tm_job_arch', u'tm_input_dataset', u'tm_nonvalid_input_dataset', u'tm_use_parent', u'tm_site_whitelist', u'tm_site_blacklist', u'tm_split_algo', u'tm_split_args', u'tm_user_sandbox', u'tm_cache_url', u'tm_username', u'tm_user_dn', u'tm_user_vo', u'tm_user_role', u'tm_user_group', u'tm_publish_name', u'tm_publish_groupname', u'tm_asyncdest', u'tm_dbs_url', u'tm_publish_dbs_url', u'tm_publication', u'tm_outfiles', u'tm_tfile_outfiles', u'tm_edm_outfiles', u'tm_job_type', u'tm_generator', u'tm_events_per_lumi', u'tm_arguments', u'panda_resubmitted_jobs', u'tm_save_logs', u'tw_name', u'tm_user_infiles', u'tm_maxjobruntime', u'tm_numcores', u'tm_maxmemory', u'tm_priority', u'tm_output_dataset', u'tm_task_warnings', u'tm_user_webdir', u'tm_scriptexe', u'tm_scriptargs', u'tm_extrajdl', u'tm_asourl', u'tm_collector', u'tm_schedd', u'tm_dry_run', u'tm_user_files', u'tm_transfer_outputs', u'tm_output_lfn', u'tm_ignore_locality', u'tm_fail_limit', u'tm_one_event_mode', u'tm_secondary_input_dataset', u'tm_primary_dataset', u'tm_last_publication', u'tm_debug_files', u'clusterid', u'tm_asodb', u'tm_ignore_global_blacklist', u'tm_submitter_ip_addr', u'tm_totalunits', u'tm_ddm_reqid']}}
INFO 2019-11-11 18:31:36.596 UTC: 	 CRAB project directory:		/afs/cern.ch/work/s/sthakur/xRavindra/MiniTree2017Data/CMSSW_10_4_0/src/ExLep2017Crab/crab/CrabMC_20191101/crab_ExLepMuMuZ_M1000_MC_20191101
INFO 2019-11-11 18:31:36.596 UTC: 	 Task name:			191101_121423:sthakur_crab_ExLepMuMuZ_M1000_MC_20191101
INFO 2019-11-11 18:31:36.596 UTC: 	 Grid scheduler - Task Worker:	crab3@vocms0198.cern.ch - crab-prod-tw01
INFO 2019-11-11 18:31:36.596 UTC: 	 Status on the CRAB server:	SUBMITTED
INFO 2019-11-11 18:31:36.596 UTC: 	 Task URL to use for HELP:	https://cmsweb.cern.ch/crabserver/ui/task/191101_121423%3Asthakur_crab_ExLepMuMuZ_M1000_MC_20191101
INFO 2019-11-11 18:31:36.596 UTC: 	 Dashboard monitoring URL:	https://monit-grafana.cern.ch/d/cmsTMDetail/cms-task-monitoring-task-view?orgId=11&var-user=sthakur&var-task=191101_121423%3Asthakur_crab_ExLepMuMuZ_M1000_MC_20191101
INFO 2019-11-11 18:31:36.596 UTC: 	 In case of issues with the dashboard, please provide feedback to hn-cms-computing-tools@cern.ch
DEBUG 2019-11-11 18:31:36.596 UTC: 	 The CRAB server submitted your task to the Grid scheduler (cluster ID: 40369966)
DEBUG 2019-11-11 18:31:36.596 UTC: 	 Webdir is located at http://vocms0198.cern.ch/mon/cms251/191101_121423:sthakur_crab_ExLepMuMuZ_M1000_MC_20191101
DEBUG 2019-11-11 18:31:36.704 UTC: 	 Proxied webdir is located at https://cmsweb.cern.ch/scheddmon/0198/cms251/191101_121423:sthakur_crab_ExLepMuMuZ_M1000_MC_20191101
DEBUG 2019-11-11 18:31:36.704 UTC: 	 Retrieving 'status_cache' file from https://cmsweb.cern.ch/scheddmon/0198/cms251/191101_121423:sthakur_crab_ExLepMuMuZ_M1000_MC_20191101/status_cache
DEBUG 2019-11-11 18:31:36.895 UTC: 	 Got information from status cache file: {'1': {'Retries': 0, 'WallDurations': [0, 1019.0], 'StartTimes': [1572610917.0], 'SubmitTimes': [1572610566.0], 'JobIds': ['40369974.0'], 'EndTimes': [1572611936.0], 'Restarts': 0, 'RecordedSite': True, 'State': 'finished', 'ResidentSetSize': [883556], 'TotalUserCpuTimeHistory': [894], 'SiteHistory': ['Unknown', 'T2_US_Florida'], 'TotalSysCpuTimeHistory': [21]}, '2': {'Retries': 0, 'WallDurations': [0, 960.0], 'StartTimes': [1572610917.0], 'SubmitTimes': [1572610568.0], 'JobIds': ['40369976.0'], 'EndTimes': [1572611877.0], 'Restarts': 0, 'RecordedSite': True, 'State': 'finished', 'ResidentSetSize': [773708], 'TotalUserCpuTimeHistory': [471], 'SiteHistory': ['Unknown', 'T2_US_UCSD'], 'TotalSysCpuTimeHistory': [22]}}
INFO 2019-11-11 18:31:36.895 UTC: 	 Status on the scheduler:	COMPLETED
INFO 2019-11-11 18:31:36.895 UTC: 	 
Jobs status:                    finished     		100.0% (2/2)
INFO 2019-11-11 18:31:37.039 UTC: 	 
No publication information available yet
INFO 2019-11-11 18:31:37.039 UTC: 	 
Warning: the max jobs runtime is less than 30% of the task requested value (1250 min), please consider to request a lower value for failed jobs (allowed through crab resubmit) and/or improve the jobs splitting (e.g. config.Data.splitting = 'Automatic') in a new task.
INFO 2019-11-11 18:31:37.039 UTC: 	 
Summary of run jobs:
 * Memory: 862MB min, 862MB max, 809MB ave
 * Runtime: 0:16:00 min, 0:16:59 max, 0:16:29 ave
 * CPU eff: 51% min, 90% max, 71% ave
 * Waste: 0:00:00 (0% of total)

INFO 2019-11-11 18:31:37.048 UTC: 	 Log file is /afs/cern.ch/work/s/sthakur/xRavindra/MiniTree2017Data/CMSSW_10_4_0/src/ExLep2017Crab/crab/CrabMC_20191101/crab_ExLepMuMuZ_M1000_MC_20191101/crab.log
DEBUG 2019-11-11 18:48:00.781 UTC: 	 Running on: Linux lxplus714.cern.ch 3.10.0-1062.4.1.el7.x86_64 #1 SMP Fri Oct 18 17:15:30 UTC 2019 x86_64 x86_64 x86_64 GNU/Linux - CentOS Linux 7 (Core)
DEBUG 2019-11-11 18:48:00.801 UTC: 	 OpenSSl version: OpenSSL 1.0.2k-fips  26 Jan 2017 (Library: OpenSSL 1.0.2d-fips 9 Jul 2015)
DEBUG 2019-11-11 18:48:00.801 UTC: 	 Executing command: 'status'
DEBUG 2019-11-11 18:48:00.802 UTC: 	 Found CRAB cache file /afs/cern.ch/user/s/sthakur/.crab3
DEBUG 2019-11-11 18:48:00.833 UTC: 	 Checking credentials
DEBUG 2019-11-11 18:48:00.834 UTC: 	 Found proxy file /tmp/x509up_u77410
DEBUG 2019-11-11 18:48:00.834 UTC: 	 Getting proxy life time left
DEBUG 2019-11-11 18:48:01.642 UTC: 	 Executing : 
 command : voms-proxy-info -file /tmp/x509up_u77410 -timeleft
 output : 43110

 error: 
 retcode : 0
DEBUG 2019-11-11 18:48:02.454 UTC: 	 Executing : 
 command : voms-proxy-info -file /tmp/x509up_u77410 -actimeleft
 output : 43109

 error: 
 retcode : 0
DEBUG 2019-11-11 18:48:02.454 UTC: 	 Proxy lifetime 43110 secs is different from voms extension lifetime 43109 secs for proxy: /tmp/x509up_u77410
DEBUG 2019-11-11 18:48:02.454 UTC: 	 Proxy valid for 11:58:29 hours
DEBUG 2019-11-11 18:48:02.731 UTC: 	 Executing : 
 command : openssl x509 -in ~/.globus/usercert.pem -subject -noout
 output : subject= /DC=ch/DC=cern/OU=Organic Units/OU=Users/CN=sthakur/CN=764789/CN=Shalini Thakur

 error: 
 retcode : 0
DEBUG 2019-11-11 18:48:02.731 UTC: 	 Checking credentials
DEBUG 2019-11-11 18:48:02.731 UTC: 	 Found proxy file /tmp/x509up_u77410
DEBUG 2019-11-11 18:48:02.731 UTC: 	 Getting proxy life time left
DEBUG 2019-11-11 18:48:03.437 UTC: 	 Executing : 
 command : voms-proxy-info -file /tmp/x509up_u77410 -timeleft
 output : 43108

 error: 
 retcode : 0
DEBUG 2019-11-11 18:48:04.144 UTC: 	 Executing : 
 command : voms-proxy-info -file /tmp/x509up_u77410 -actimeleft
 output : 43107

 error: 
 retcode : 0
DEBUG 2019-11-11 18:48:04.145 UTC: 	 Proxy lifetime 43108 secs is different from voms extension lifetime 43107 secs for proxy: /tmp/x509up_u77410
DEBUG 2019-11-11 18:48:04.145 UTC: 	 Proxy valid for 11:58:27 hours
DEBUG 2019-11-11 18:48:04.361 UTC: 	 Registering user credentials for server /DC=ch/DC=cern/OU=computers/CN=vocms(052|058|030|0118|0105|0109).cern.ch|/DC=ch/DC=cern/OU=computers/CN=crab-(preprod|prod)-tw(02|01).cern.ch
DEBUG 2019-11-11 18:48:04.471 UTC: 	 Executing : 
 command : openssl x509 -in ~/.globus/usercert.pem -subject -noout
 output : subject= /DC=ch/DC=cern/OU=Organic Units/OU=Users/CN=sthakur/CN=764789/CN=Shalini Thakur

 error: 
 retcode : 0
DEBUG 2019-11-11 18:48:04.472 UTC: 	 Getting myproxy life time left for myproxy.cern.ch
DEBUG 2019-11-11 18:48:04.472 UTC: 	 Calculating hash of /DC=ch/DC=cern/OU=Organic Units/OU=Users/CN=sthakur/CN=764789/CN=Shalini Thakur_cmsweb.cern.ch for credential name
DEBUG 2019-11-11 18:48:04.677 UTC: 	 Executing : 
 command : myproxy-info -l 9cd94953387eeee7bf4da2b7588630639ea1153b -s myproxy.cern.ch
 output : username: 9cd94953387eeee7bf4da2b7588630639ea1153b
owner: /DC=ch/DC=cern/OU=Organic Units/OU=Users/CN=sthakur/CN=764789/CN=Shalini Thakur
  renewal policy: /DC=ch/DC=cern/OU=computers/CN=vocms(052|058|030|0118|0105|0109).cern.ch|/DC=ch/DC=cern/OU=computers/CN=crab-(preprod|prod)-tw(02|01).cern.ch
  trusted retrieval policy: /DC=ch/DC=cern/OU=computers/CN=vocms(052|058|030|0118|0105|0109).cern.ch|/DC=ch/DC=cern/OU=computers/CN=crab-(preprod|prod)-tw(02|01).cern.ch
  timeleft: 710:45:15  (29.6 days)

 error: 
 retcode : 0
DEBUG 2019-11-11 18:48:04.678 UTC: 	 Myproxy is valid: 2558715
DEBUG 2019-11-11 18:48:04.678 UTC: 	 Command use: status
DEBUG 2019-11-11 18:48:04.678 UTC: 	 Options use: ['--verboseErrors', 'CrabMC_20191101/crab_ExLepMuMuZ_M1000_MC_20191101']
DEBUG 2019-11-11 18:48:04.781 UTC: 	 CRABClient version: 3.3.1911
DEBUG 2019-11-11 18:48:04.781 UTC: 	 Instance is prod
DEBUG 2019-11-11 18:48:04.782 UTC: 	 Server base url is cmsweb.cern.ch
DEBUG 2019-11-11 18:48:04.782 UTC: 	 Command url /crabserver/prod/workflow
DEBUG 2019-11-11 18:48:04.871 UTC: 	 Got information from server oracle database: {u'result': [u'191101_121423:sthakur_crab_ExLepMuMuZ_M1000_MC_20191101', u'None', u'None', u'SUBMITTED', u'SUBMIT', u'2019-11-01 12:14:23.624575', u'None', u'2019-11-01 12:15:48.792145', u'None', u'CMSSW_10_4_0', u'slc7_amd64_gcc700', u'/ExcitedLepton_MuMuZ-1000_TuneCP5_13TeV-pythia8/RunIIFall17MiniAODv2-PU2017_12Apr2018_94X_mc2017_realistic_v14-v1/MINIAODSIM', u'T', u'0', u'[]', u'[]', u'FileBased', u"{'splitOnRun': False, 'halt_job_on_file_boundaries': False, 'files_per_job': 10, 'runs': [], 'lumis': []}", u'343ff6f1deb09b96514c1a2540a31fbe6d4c94e65192052d7d959d3a67c21379.tar.gz', u'https://cmsweb.cern.ch/crabcache', u'sthakur', u'/DC=ch/DC=cern/OU=Organic Units/OU=Users/CN=sthakur/CN=764789/CN=Shalini Thakur', u'cms', u'None', u'None', u'ExLepMuMuZ_M1000_MC_20191101-00000000000000000000000000000000', u'F', u'T2_IN_TIFR', u'https://cmsweb.cern.ch/dbs/prod/global/DBSReader', u'https://cmsweb.cern.ch/dbs/prod/phys03/DBSWriter', u'T', u'[]', u"['ExLepMuMuZ_M1000_MC_20191101_Ntuple.root']", u'[]', u'Analysis', u'pythia', u'None', u'{}', u'[]', u'F', u'crab-prod-tw01', u'[]', u'1250', u'1', u'2000', u'10', u'None', u'[]', u'http://vocms0198.cern.ch/mon/cms251/191101_121423:sthakur_crab_ExLepMuMuZ_M1000_MC_20191101', u'None', u'[]', u'[]', u'https://cmsweb.cern.ch/crabserver/prod', u'cmsgwms-collector-global.cern.ch:9620,cmssrv623.fnal.gov:9620', u'crab3@vocms0198.cern.ch', u'F', u'[]', u'T', u'/store/user/sthakur/ntuple_for2017MC_20191101/MC_20191101/ExLepMuMuZ_M1000_MC_20191101', u'F', u'None', u'F', u'None', u'ExcitedLepton_MuMuZ-1000_TuneCP5_13TeV-pythia8', u'None', u'3baf4673af614eb2ee222f2645e9563cb87c04834824567606ea9c2fda228746.tar.gz', u'40369966', u'filetransfers', u'F', u'2001:1458:d00:2e::100:9b', u'0.0', u'None'], u'desc': {u'columns': [u'tm_taskname', u'tm_activity', u'panda_jobset_id', u'tm_task_status', u'tm_task_command', u'tm_start_time', u'tm_start_injection', u'tm_end_injection', u'tm_task_failure', u'tm_job_sw', u'tm_job_arch', u'tm_input_dataset', u'tm_nonvalid_input_dataset', u'tm_use_parent', u'tm_site_whitelist', u'tm_site_blacklist', u'tm_split_algo', u'tm_split_args', u'tm_user_sandbox', u'tm_cache_url', u'tm_username', u'tm_user_dn', u'tm_user_vo', u'tm_user_role', u'tm_user_group', u'tm_publish_name', u'tm_publish_groupname', u'tm_asyncdest', u'tm_dbs_url', u'tm_publish_dbs_url', u'tm_publication', u'tm_outfiles', u'tm_tfile_outfiles', u'tm_edm_outfiles', u'tm_job_type', u'tm_generator', u'tm_events_per_lumi', u'tm_arguments', u'panda_resubmitted_jobs', u'tm_save_logs', u'tw_name', u'tm_user_infiles', u'tm_maxjobruntime', u'tm_numcores', u'tm_maxmemory', u'tm_priority', u'tm_output_dataset', u'tm_task_warnings', u'tm_user_webdir', u'tm_scriptexe', u'tm_scriptargs', u'tm_extrajdl', u'tm_asourl', u'tm_collector', u'tm_schedd', u'tm_dry_run', u'tm_user_files', u'tm_transfer_outputs', u'tm_output_lfn', u'tm_ignore_locality', u'tm_fail_limit', u'tm_one_event_mode', u'tm_secondary_input_dataset', u'tm_primary_dataset', u'tm_last_publication', u'tm_debug_files', u'clusterid', u'tm_asodb', u'tm_ignore_global_blacklist', u'tm_submitter_ip_addr', u'tm_totalunits', u'tm_ddm_reqid']}}
INFO 2019-11-11 18:48:04.871 UTC: 	 CRAB project directory:		/afs/cern.ch/work/s/sthakur/xRavindra/MiniTree2017Data/CMSSW_10_4_0/src/ExLep2017Crab/crab/CrabMC_20191101/crab_ExLepMuMuZ_M1000_MC_20191101
INFO 2019-11-11 18:48:04.871 UTC: 	 Task name:			191101_121423:sthakur_crab_ExLepMuMuZ_M1000_MC_20191101
INFO 2019-11-11 18:48:04.871 UTC: 	 Grid scheduler - Task Worker:	crab3@vocms0198.cern.ch - crab-prod-tw01
INFO 2019-11-11 18:48:04.871 UTC: 	 Status on the CRAB server:	SUBMITTED
INFO 2019-11-11 18:48:04.871 UTC: 	 Task URL to use for HELP:	https://cmsweb.cern.ch/crabserver/ui/task/191101_121423%3Asthakur_crab_ExLepMuMuZ_M1000_MC_20191101
INFO 2019-11-11 18:48:04.871 UTC: 	 Dashboard monitoring URL:	https://monit-grafana.cern.ch/d/cmsTMDetail/cms-task-monitoring-task-view?orgId=11&var-user=sthakur&var-task=191101_121423%3Asthakur_crab_ExLepMuMuZ_M1000_MC_20191101
INFO 2019-11-11 18:48:04.871 UTC: 	 In case of issues with the dashboard, please provide feedback to hn-cms-computing-tools@cern.ch
DEBUG 2019-11-11 18:48:04.872 UTC: 	 The CRAB server submitted your task to the Grid scheduler (cluster ID: 40369966)
DEBUG 2019-11-11 18:48:04.872 UTC: 	 Webdir is located at http://vocms0198.cern.ch/mon/cms251/191101_121423:sthakur_crab_ExLepMuMuZ_M1000_MC_20191101
DEBUG 2019-11-11 18:48:04.986 UTC: 	 Proxied webdir is located at https://cmsweb.cern.ch/scheddmon/0198/cms251/191101_121423:sthakur_crab_ExLepMuMuZ_M1000_MC_20191101
DEBUG 2019-11-11 18:48:04.986 UTC: 	 Retrieving 'status_cache' file from https://cmsweb.cern.ch/scheddmon/0198/cms251/191101_121423:sthakur_crab_ExLepMuMuZ_M1000_MC_20191101/status_cache
DEBUG 2019-11-11 18:48:05.035 UTC: 	 Got information from status cache file: {'1': {'Retries': 0, 'WallDurations': [0, 1019.0], 'StartTimes': [1572610917.0], 'SubmitTimes': [1572610566.0], 'JobIds': ['40369974.0'], 'EndTimes': [1572611936.0], 'Restarts': 0, 'RecordedSite': True, 'State': 'finished', 'ResidentSetSize': [883556], 'TotalUserCpuTimeHistory': [894], 'SiteHistory': ['Unknown', 'T2_US_Florida'], 'TotalSysCpuTimeHistory': [21]}, '2': {'Retries': 0, 'WallDurations': [0, 960.0], 'StartTimes': [1572610917.0], 'SubmitTimes': [1572610568.0], 'JobIds': ['40369976.0'], 'EndTimes': [1572611877.0], 'Restarts': 0, 'RecordedSite': True, 'State': 'finished', 'ResidentSetSize': [773708], 'TotalUserCpuTimeHistory': [471], 'SiteHistory': ['Unknown', 'T2_US_UCSD'], 'TotalSysCpuTimeHistory': [22]}}
INFO 2019-11-11 18:48:05.036 UTC: 	 Status on the scheduler:	COMPLETED
INFO 2019-11-11 18:48:05.036 UTC: 	 
Jobs status:                    finished     		100.0% (2/2)
INFO 2019-11-11 18:48:05.172 UTC: 	 
No publication information available yet
INFO 2019-11-11 18:48:05.172 UTC: 	 
Warning: the max jobs runtime is less than 30% of the task requested value (1250 min), please consider to request a lower value for failed jobs (allowed through crab resubmit) and/or improve the jobs splitting (e.g. config.Data.splitting = 'Automatic') in a new task.
INFO 2019-11-11 18:48:05.172 UTC: 	 
Summary of run jobs:
 * Memory: 862MB min, 862MB max, 809MB ave
 * Runtime: 0:16:00 min, 0:16:59 max, 0:16:29 ave
 * CPU eff: 51% min, 90% max, 71% ave
 * Waste: 0:00:00 (0% of total)

INFO 2019-11-11 18:48:05.183 UTC: 	 Log file is /afs/cern.ch/work/s/sthakur/xRavindra/MiniTree2017Data/CMSSW_10_4_0/src/ExLep2017Crab/crab/CrabMC_20191101/crab_ExLepMuMuZ_M1000_MC_20191101/crab.log
