DEBUG 2019-11-01 12:15:21.694 UTC: 	 Running on: Linux lxplus707.cern.ch 3.10.0-1062.1.2.el7.x86_64 #1 SMP Mon Sep 30 14:19:46 UTC 2019 x86_64 x86_64 x86_64 GNU/Linux
Description:	CentOS Linux release 7.7.1908 (Core) 

DEBUG 2019-11-01 12:15:21.694 UTC: 	 Executing command: 'submit'
DEBUG 2019-11-01 12:15:21.702 UTC: 	 Found CRAB cache file /afs/cern.ch/user/s/sthakur/.crab3
DEBUG 2019-11-01 12:15:21.709 UTC: 	 Checking credentials
DEBUG 2019-11-01 12:15:21.709 UTC: 	 Found proxy file /tmp/x509up_u77410
DEBUG 2019-11-01 12:15:21.709 UTC: 	 Getting proxy life time left
DEBUG 2019-11-01 12:15:22.414 UTC: 	 Executing : 
 command : voms-proxy-info -file /tmp/x509up_u77410 -timeleft
 output : 42876

 error: 
 retcode : 0
DEBUG 2019-11-01 12:15:23.124 UTC: 	 Executing : 
 command : voms-proxy-info -file /tmp/x509up_u77410 -actimeleft
 output : 42875

 error: 
 retcode : 0
DEBUG 2019-11-01 12:15:23.124 UTC: 	 Proxy lifetime 42876 secs is different from voms extension lifetime 42875 secs for proxy: /tmp/x509up_u77410
DEBUG 2019-11-01 12:15:23.124 UTC: 	 Proxy valid for 11:54:35 hours
DEBUG 2019-11-01 12:15:23.124 UTC: 	 Will use CRAB Analysis plugin (i.e. will run an analysis job type).
DEBUG 2019-11-01 12:15:23.258 UTC: 	 Executing : 
 command : openssl x509 -in ~/.globus/usercert.pem -subject -noout
 output : subject= /DC=ch/DC=cern/OU=Organic Units/OU=Users/CN=sthakur/CN=764789/CN=Shalini Thakur

 error: 
 retcode : 0
DEBUG 2019-11-01 12:15:23.258 UTC: 	 Checking credentials
DEBUG 2019-11-01 12:15:23.258 UTC: 	 Found proxy file /tmp/x509up_u77410
DEBUG 2019-11-01 12:15:23.258 UTC: 	 Getting proxy life time left
DEBUG 2019-11-01 12:15:23.967 UTC: 	 Executing : 
 command : voms-proxy-info -file /tmp/x509up_u77410 -timeleft
 output : 42875

 error: 
 retcode : 0
DEBUG 2019-11-01 12:15:24.672 UTC: 	 Executing : 
 command : voms-proxy-info -file /tmp/x509up_u77410 -actimeleft
 output : 42874

 error: 
 retcode : 0
DEBUG 2019-11-01 12:15:24.672 UTC: 	 Proxy lifetime 42875 secs is different from voms extension lifetime 42874 secs for proxy: /tmp/x509up_u77410
DEBUG 2019-11-01 12:15:24.672 UTC: 	 Proxy valid for 11:54:34 hours
DEBUG 2019-11-01 12:15:25.378 UTC: 	 Executing : 
 command : env X509_USER_PROXY=/tmp/x509up_u77410 voms-proxy-info -fqan
 output : /cms/Role=NULL/Capability=NULL

 error: 
 retcode : 0
DEBUG 2019-11-01 12:15:25.464 UTC: 	 Registering user credentials for server /DC=ch/DC=cern/OU=computers/CN=vocms(052|058|030|0118|0105|0109).cern.ch|/DC=ch/DC=cern/OU=computers/CN=crab-(preprod|prod)-tw(02|01).cern.ch
DEBUG 2019-11-01 12:15:25.575 UTC: 	 Executing : 
 command : openssl x509 -in ~/.globus/usercert.pem -subject -noout
 output : subject= /DC=ch/DC=cern/OU=Organic Units/OU=Users/CN=sthakur/CN=764789/CN=Shalini Thakur

 error: 
 retcode : 0
DEBUG 2019-11-01 12:15:25.575 UTC: 	 Getting myproxy life time left for myproxy.cern.ch
DEBUG 2019-11-01 12:15:25.575 UTC: 	 Calculating hash of /DC=ch/DC=cern/OU=Organic Units/OU=Users/CN=sthakur/CN=764789/CN=Shalini Thakur_cmsweb.cern.ch for credential name
DEBUG 2019-11-01 12:15:25.880 UTC: 	 Executing : 
 command : myproxy-info -l 9cd94953387eeee7bf4da2b7588630639ea1153b -s myproxy.cern.ch
 output : username: 9cd94953387eeee7bf4da2b7588630639ea1153b
owner: /DC=ch/DC=cern/OU=Organic Units/OU=Users/CN=sthakur/CN=764789/CN=Shalini Thakur
  renewal policy: /DC=ch/DC=cern/OU=computers/CN=vocms(052|058|030|0118|0105|0109).cern.ch|/DC=ch/DC=cern/OU=computers/CN=crab-(preprod|prod)-tw(02|01).cern.ch
  trusted retrieval policy: /DC=ch/DC=cern/OU=computers/CN=vocms(052|058|030|0118|0105|0109).cern.ch|/DC=ch/DC=cern/OU=computers/CN=crab-(preprod|prod)-tw(02|01).cern.ch
  timeleft: 558:22:35  (23.3 days)

 error: 
 retcode : 0
DEBUG 2019-11-01 12:15:25.881 UTC: 	 Myproxy is valid: 2010155
DEBUG 2019-11-01 12:15:25.881 UTC: 	 Command use: submit
DEBUG 2019-11-01 12:15:25.881 UTC: 	 Options use: ['--config', <WMCore.Configuration.Configuration object at 0x7f4e71f04f50>]
DEBUG 2019-11-01 12:15:25.983 UTC: 	 CRABClient version: 3.3.1910.patch2
DEBUG 2019-11-01 12:15:25.983 UTC: 	 Instance is prod
DEBUG 2019-11-01 12:15:25.983 UTC: 	 Server base url is cmsweb.cern.ch
DEBUG 2019-11-01 12:15:25.983 UTC: 	 Command url /crabserver/prod/workflow
DEBUG 2019-11-01 12:15:25.983 UTC: 	 Started submission
DEBUG 2019-11-01 12:15:25.983 UTC: 	 Working on /afs/cern.ch/work/s/sthakur/xRavindra/MiniTree2017Data/CMSSW_10_4_0/src/ExLep2017Crab/crab/CrabMC_20191101/crab_ExLepMuMuZ_M2000_MC_20191101
DEBUG 2019-11-01 12:15:26.074 UTC: 	 Loading required information from the environment
DEBUG 2019-11-01 12:15:26.075 UTC: 	 Found CMSSW_10_4_0 for slc7_amd64_gcc700 with base /afs/cern.ch/work/s/sthakur/xRavindra/MiniTree2017Data/CMSSW_10_4_0
DEBUG 2019-11-01 12:15:26.075 UTC: 	 Loading required information from the environment
DEBUG 2019-11-01 12:15:26.075 UTC: 	 Found CMSSW_10_4_0 for slc7_amd64_gcc700 with base /afs/cern.ch/work/s/sthakur/xRavindra/MiniTree2017Data/CMSSW_10_4_0
DEBUG 2019-11-01 12:15:26.089 UTC: 	 UNIQUE NAME: tarUUID fbecab29-9ecf-42d4-b02e-666c337c905b 
DEBUG 2019-11-01 12:15:26.089 UTC: 	 self.config: from WMCore.Configuration import Configuration
config = Configuration()
config.section_('General')
config.General.workArea = 'CrabMC_20191101'
config.General.transferOutputs = True
config.General.transferLogs = False
config.General.requestName = 'ExLepMuMuZ_M2000_MC_20191101'
config.section_('JobType')
config.JobType.psetName = '20191101/config/ExLepMuMuZ_M2000_MC_20191101_cfg.py'
config.JobType.pluginName = 'Analysis'
config.JobType.inputFiles = ['../../ExLep2017Tree/Selection/test/Fall17_V3_MC_PtResolution_AK8PF.txt', '../../ExLep2017Tree/Selection/test/Fall17_V3_MC_SF_AK8PF.txt']
config.JobType.allowUndistributedCMSSW = True
config.JobType.maxMemoryMB = 2000
config.section_('Data')
config.Data.inputDataset = '/ExcitedLepton_MuMuZ-2000_TuneCP5_13TeV-pythia8/RunIIFall17MiniAODv2-PU2017_12Apr2018_94X_mc2017_realistic_v14-v1/MINIAODSIM'
config.Data.allowNonValidInputDataset = True
config.Data.unitsPerJob = 10
config.Data.inputDBS = 'global'
config.Data.splitting = 'FileBased'
config.Data.outputDatasetTag = 'ExLepMuMuZ_M2000_MC_20191101'
config.Data.outLFNDirBase = '/store/user/sthakur/ntuple_for2017MC_20191101/MC_20191101/ExLepMuMuZ_M2000_MC_20191101'
config.section_('Site')
config.Site.storageSite = 'T2_IN_TIFR'
config.section_('User')
config.section_('Debug')

DEBUG 2019-11-01 12:15:26.089 UTC: 	 self.config.JobType.psetName: 20191101/config/ExLepMuMuZ_M2000_MC_20191101_cfg.py
INFO 2019-11-01 12:15:26.090 UTC: 	 Importing CMSSW configuration 20191101/config/ExLepMuMuZ_M2000_MC_20191101_cfg.py
INFO 2019-11-01 12:15:26.309 UTC: 	 Finished importing CMSSW configuration 20191101/config/ExLepMuMuZ_M2000_MC_20191101_cfg.py
DEBUG 2019-11-01 12:15:26.310 UTC: 	 Writing CMSSW configuration to /afs/cern.ch/work/s/sthakur/xRavindra/MiniTree2017Data/CMSSW_10_4_0/src/ExLep2017Crab/crab/CrabMC_20191101/crab_ExLepMuMuZ_M2000_MC_20191101/inputs/PSet.py
DEBUG 2019-11-01 12:15:26.353 UTC: 	 The following EDM output files will be collected: []
DEBUG 2019-11-01 12:15:26.353 UTC: 	 The following TFile output files will be collected: ['ExLepMuMuZ_M2000_MC_20191101_Ntuple.root']
DEBUG 2019-11-01 12:15:26.353 UTC: 	 The following user output files (not listed as PoolOuputModule or TFileService in the CMSSW PSet) will be collected: 
DEBUG 2019-11-01 12:15:26.353 UTC: 	 Loading required information from the environment
DEBUG 2019-11-01 12:15:26.353 UTC: 	 Found CMSSW_10_4_0 for slc7_amd64_gcc700 with base /afs/cern.ch/work/s/sthakur/xRavindra/MiniTree2017Data/CMSSW_10_4_0
DEBUG 2019-11-01 12:15:26.353 UTC: 	 Making tarball in /afs/cern.ch/work/s/sthakur/xRavindra/MiniTree2017Data/CMSSW_10_4_0/src/ExLep2017Crab/crab/CrabMC_20191101/crab_ExLepMuMuZ_M2000_MC_20191101/inputs/fbecab29-9ecf-42d4-b02e-666c337c905bdefault.tgz
DEBUG 2019-11-01 12:15:26.354 UTC: 	 Checking directory /afs/cern.ch/work/s/sthakur/xRavindra/MiniTree2017Data/CMSSW_10_4_0/lib
DEBUG 2019-11-01 12:15:26.354 UTC: 	 Adding directory /afs/cern.ch/work/s/sthakur/xRavindra/MiniTree2017Data/CMSSW_10_4_0/lib to tarball
DEBUG 2019-11-01 12:15:26.366 UTC: 	 Checking directory /afs/cern.ch/work/s/sthakur/xRavindra/MiniTree2017Data/CMSSW_10_4_0/biglib
DEBUG 2019-11-01 12:15:26.366 UTC: 	 Adding directory /afs/cern.ch/work/s/sthakur/xRavindra/MiniTree2017Data/CMSSW_10_4_0/biglib to tarball
DEBUG 2019-11-01 12:15:26.367 UTC: 	 Checking directory /afs/cern.ch/work/s/sthakur/xRavindra/MiniTree2017Data/CMSSW_10_4_0/module
DEBUG 2019-11-01 12:15:26.375 UTC: 	 Adding data directory /afs/cern.ch/work/s/sthakur/xRavindra/MiniTree2017Data/CMSSW_10_4_0/src/ExLep2017Tree/Selection/interface to tarball
DEBUG 2019-11-01 12:15:26.391 UTC: 	 Adding file ../../ExLep2017Tree/Selection/test/Fall17_V3_MC_PtResolution_AK8PF.txt to tarball
DEBUG 2019-11-01 12:15:26.392 UTC: 	 Adding file ../../ExLep2017Tree/Selection/test/Fall17_V3_MC_SF_AK8PF.txt to tarball
DEBUG 2019-11-01 12:15:26.496 UTC: 	 Uploading archive /afs/cern.ch/work/s/sthakur/xRavindra/MiniTree2017Data/CMSSW_10_4_0/src/ExLep2017Crab/crab/CrabMC_20191101/crab_ExLepMuMuZ_M2000_MC_20191101/inputs/fbecab29-9ecf-42d4-b02e-666c337c905bdefault.tgz (239 KB) to the CRAB cache. Using URI https://cmsweb.cern.ch/crabcache
DEBUG 2019-11-01 12:15:26.805 UTC: 	 Loading required information from the environment
DEBUG 2019-11-01 12:15:26.805 UTC: 	 Found CMSSW_10_4_0 for slc7_amd64_gcc700 with base /afs/cern.ch/work/s/sthakur/xRavindra/MiniTree2017Data/CMSSW_10_4_0
DEBUG 2019-11-01 12:15:26.806 UTC: 	 Making tarball in /afs/cern.ch/work/s/sthakur/xRavindra/MiniTree2017Data/CMSSW_10_4_0/src/ExLep2017Crab/crab/CrabMC_20191101/crab_ExLepMuMuZ_M2000_MC_20191101/inputs/debugFiles.tgz
DEBUG 2019-11-01 12:15:26.812 UTC: 	 Uploading archive /afs/cern.ch/work/s/sthakur/xRavindra/MiniTree2017Data/CMSSW_10_4_0/src/ExLep2017Crab/crab/CrabMC_20191101/crab_ExLepMuMuZ_M2000_MC_20191101/inputs/debugFiles.tgz (2 KB) to the CRAB cache. Using URI https://cmsweb.cern.ch/crabcache
DEBUG 2019-11-01 12:15:26.890 UTC: 	 Result uploading input files: 73c78d429bfe81ad50e00bdda0bc86c83c5496ade342221b58f369451e070d9a.tar.gz 
WARNING 2019-11-01 12:15:26.890 UTC: 	 Warning: The following output files will not be published, as they are not EDM files: ['ExLepMuMuZ_M2000_MC_20191101_Ntuple.root']
INFO 2019-11-01 12:15:26.891 UTC: 	 Sending the request to the server at cmsweb.cern.ch
DEBUG 2019-11-01 12:15:26.891 UTC: 	 Submitting {'maxjobruntime': 1250, 'extrajdl': [], 'ignorelocality': 0, 'savelogsflag': 0, 'useparent': 0, 'asyncdest': 'T2_IN_TIFR', 'algoargs': 10, 'cachefilename': '73c78d429bfe81ad50e00bdda0bc86c83c5496ade342221b58f369451e070d9a.tar.gz', 'numcores': 1, 'addoutputfiles': [], 'generator': 'pythia', 'maxmemory': 2000, 'publishdbsurl': 'https://cmsweb.cern.ch/dbs/prod/phys03/DBSWriter', 'priority': 10, 'jobsw': 'CMSSW_10_4_0', 'edmoutfiles': [], 'userfiles': [], 'primarydataset': '', 'inputdata': '/ExcitedLepton_MuMuZ-2000_TuneCP5_13TeV-pythia8/RunIIFall17MiniAODv2-PU2017_12Apr2018_94X_mc2017_realistic_v14-v1/MINIAODSIM', 'lfn': '/store/user/sthakur/ntuple_for2017MC_20191101/MC_20191101/ExLepMuMuZ_M2000_MC_20191101', 'dryrun': 0, 'workflow': 'crab_ExLepMuMuZ_M2000_MC_20191101', 'cacheurl': u'https://cmsweb.cern.ch/crabcache', 'nonprodsw': 1, 'tfileoutfiles': ['ExLepMuMuZ_M2000_MC_20191101_Ntuple.root'], 'oneEventMode': 0, 'debugfilename': '1a53b89a836850979b1259c6badb110982c3f7ebb2124c88647f8403f941b0bd.tar.gz', 'saveoutput': 1, 'publication': 1, 'jobarch': 'slc7_amd64_gcc700', 'totalunits': 0, 'splitalgo': 'FileBased', 'ignoreglobalblacklist': 0, 'nonvaliddata': 1, 'dbsurl': 'https://cmsweb.cern.ch/dbs/prod/global/DBSReader', 'publishgroupname': 0, 'jobtype': 'Analysis', 'publishname2': 'ExLepMuMuZ_M2000_MC_20191101'} 
DEBUG 2019-11-01 12:15:26.891 UTC: 	 Encoded submit request: maxjobruntime=1250&ignorelocality=0&savelogsflag=0&useparent=0&asyncdest=T2_IN_TIFR&algoargs=10&cachefilename=73c78d429bfe81ad50e00bdda0bc86c83c5496ade342221b58f369451e070d9a.tar.gz&numcores=1&generator=pythia&maxmemory=2000&publishdbsurl=https%3A%2F%2Fcmsweb.cern.ch%2Fdbs%2Fprod%2Fphys03%2FDBSWriter&priority=10&jobsw=CMSSW_10_4_0&primarydataset=&inputdata=%2FExcitedLepton_MuMuZ-2000_TuneCP5_13TeV-pythia8%2FRunIIFall17MiniAODv2-PU2017_12Apr2018_94X_mc2017_realistic_v14-v1%2FMINIAODSIM&lfn=%2Fstore%2Fuser%2Fsthakur%2Fntuple_for2017MC_20191101%2FMC_20191101%2FExLepMuMuZ_M2000_MC_20191101&dryrun=0&workflow=crab_ExLepMuMuZ_M2000_MC_20191101&cacheurl=https%3A%2F%2Fcmsweb.cern.ch%2Fcrabcache&nonprodsw=1&oneEventMode=0&debugfilename=1a53b89a836850979b1259c6badb110982c3f7ebb2124c88647f8403f941b0bd.tar.gz&saveoutput=1&publication=1&jobarch=slc7_amd64_gcc700&totalunits=0&splitalgo=FileBased&ignoreglobalblacklist=0&nonvaliddata=1&dbsurl=https%3A%2F%2Fcmsweb.cern.ch%2Fdbs%2Fprod%2Fglobal%2FDBSReader&publishgroupname=0&jobtype=Analysis&publishname2=ExLepMuMuZ_M2000_MC_20191101&tfileoutfiles=ExLepMuMuZ_M2000_MC_20191101_Ntuple.root
DEBUG 2019-11-01 12:15:26.984 UTC: 	 Result: {u'result': [{u'RequestName': u'191101_121526:sthakur_crab_ExLepMuMuZ_M2000_MC_20191101'}]}
INFO 2019-11-01 12:15:26.986 UTC: 	 Success: Your task has been delivered to the prod CRAB3 server.
INFO 2019-11-01 12:15:26.986 UTC: 	 Task name: 191101_121526:sthakur_crab_ExLepMuMuZ_M2000_MC_20191101
INFO 2019-11-01 12:15:26.987 UTC: 	 Project dir: CrabMC_20191101/crab_ExLepMuMuZ_M2000_MC_20191101
INFO 2019-11-01 12:15:26.987 UTC: 	 Please use 'crab status -d CrabMC_20191101/crab_ExLepMuMuZ_M2000_MC_20191101' to check how the submission process proceeds.
DEBUG 2019-11-01 12:15:26.987 UTC: 	 About to return
DEBUG 2019-11-01 12:49:19.837 UTC: 	 Running on: Linux lxplus707.cern.ch 3.10.0-1062.1.2.el7.x86_64 #1 SMP Mon Sep 30 14:19:46 UTC 2019 x86_64 x86_64 x86_64 GNU/Linux
Description:	CentOS Linux release 7.7.1908 (Core) 

DEBUG 2019-11-01 12:49:19.837 UTC: 	 Executing command: 'status'
DEBUG 2019-11-01 12:49:19.837 UTC: 	 Found CRAB cache file /afs/cern.ch/user/s/sthakur/.crab3
DEBUG 2019-11-01 12:49:19.848 UTC: 	 Checking credentials
DEBUG 2019-11-01 12:49:19.849 UTC: 	 Found proxy file /tmp/x509up_u77410
DEBUG 2019-11-01 12:49:19.849 UTC: 	 Getting proxy life time left
DEBUG 2019-11-01 12:49:20.553 UTC: 	 Executing : 
 command : voms-proxy-info -file /tmp/x509up_u77410 -timeleft
 output : 40838

 error: 
 retcode : 0
DEBUG 2019-11-01 12:49:21.159 UTC: 	 Executing : 
 command : voms-proxy-info -file /tmp/x509up_u77410 -actimeleft
 output : 40837

 error: 
 retcode : 0
DEBUG 2019-11-01 12:49:21.160 UTC: 	 Proxy lifetime 40838 secs is different from voms extension lifetime 40837 secs for proxy: /tmp/x509up_u77410
DEBUG 2019-11-01 12:49:21.160 UTC: 	 Proxy valid for 11:20:37 hours
DEBUG 2019-11-01 12:49:21.334 UTC: 	 Executing : 
 command : openssl x509 -in ~/.globus/usercert.pem -subject -noout
 output : subject= /DC=ch/DC=cern/OU=Organic Units/OU=Users/CN=sthakur/CN=764789/CN=Shalini Thakur

 error: 
 retcode : 0
DEBUG 2019-11-01 12:49:21.334 UTC: 	 Checking credentials
DEBUG 2019-11-01 12:49:21.334 UTC: 	 Found proxy file /tmp/x509up_u77410
DEBUG 2019-11-01 12:49:21.334 UTC: 	 Getting proxy life time left
DEBUG 2019-11-01 12:49:21.940 UTC: 	 Executing : 
 command : voms-proxy-info -file /tmp/x509up_u77410 -timeleft
 output : 40837

 error: 
 retcode : 0
DEBUG 2019-11-01 12:49:22.647 UTC: 	 Executing : 
 command : voms-proxy-info -file /tmp/x509up_u77410 -actimeleft
 output : 40836

 error: 
 retcode : 0
DEBUG 2019-11-01 12:49:22.648 UTC: 	 Proxy lifetime 40837 secs is different from voms extension lifetime 40836 secs for proxy: /tmp/x509up_u77410
DEBUG 2019-11-01 12:49:22.648 UTC: 	 Proxy valid for 11:20:36 hours
DEBUG 2019-11-01 12:49:22.723 UTC: 	 Registering user credentials for server /DC=ch/DC=cern/OU=computers/CN=vocms(052|058|030|0118|0105|0109).cern.ch|/DC=ch/DC=cern/OU=computers/CN=crab-(preprod|prod)-tw(02|01).cern.ch
DEBUG 2019-11-01 12:49:22.834 UTC: 	 Executing : 
 command : openssl x509 -in ~/.globus/usercert.pem -subject -noout
 output : subject= /DC=ch/DC=cern/OU=Organic Units/OU=Users/CN=sthakur/CN=764789/CN=Shalini Thakur

 error: 
 retcode : 0
DEBUG 2019-11-01 12:49:22.834 UTC: 	 Getting myproxy life time left for myproxy.cern.ch
DEBUG 2019-11-01 12:49:22.834 UTC: 	 Calculating hash of /DC=ch/DC=cern/OU=Organic Units/OU=Users/CN=sthakur/CN=764789/CN=Shalini Thakur_cmsweb.cern.ch for credential name
DEBUG 2019-11-01 12:49:23.239 UTC: 	 Executing : 
 command : myproxy-info -l 9cd94953387eeee7bf4da2b7588630639ea1153b -s myproxy.cern.ch
 output : username: 9cd94953387eeee7bf4da2b7588630639ea1153b
owner: /DC=ch/DC=cern/OU=Organic Units/OU=Users/CN=sthakur/CN=764789/CN=Shalini Thakur
  renewal policy: /DC=ch/DC=cern/OU=computers/CN=vocms(052|058|030|0118|0105|0109).cern.ch|/DC=ch/DC=cern/OU=computers/CN=crab-(preprod|prod)-tw(02|01).cern.ch
  trusted retrieval policy: /DC=ch/DC=cern/OU=computers/CN=vocms(052|058|030|0118|0105|0109).cern.ch|/DC=ch/DC=cern/OU=computers/CN=crab-(preprod|prod)-tw(02|01).cern.ch
  timeleft: 557:48:37  (23.2 days)

 error: 
 retcode : 0
DEBUG 2019-11-01 12:49:23.240 UTC: 	 Myproxy is valid: 2008117
DEBUG 2019-11-01 12:49:23.241 UTC: 	 Command use: status
DEBUG 2019-11-01 12:49:23.241 UTC: 	 Options use: ['--verboseErrors', 'CrabMC_20191101/crab_ExLepMuMuZ_M2000_MC_20191101']
DEBUG 2019-11-01 12:49:23.336 UTC: 	 CRABClient version: 3.3.1910.patch2
DEBUG 2019-11-01 12:49:23.336 UTC: 	 Instance is prod
DEBUG 2019-11-01 12:49:23.336 UTC: 	 Server base url is cmsweb.cern.ch
DEBUG 2019-11-01 12:49:23.336 UTC: 	 Command url /crabserver/prod/workflow
DEBUG 2019-11-01 12:49:23.412 UTC: 	 Got information from server oracle database: {u'result': [u'191101_121526:sthakur_crab_ExLepMuMuZ_M2000_MC_20191101', u'None', u'None', u'SUBMITTED', u'SUBMIT', u'2019-11-01 12:15:26.972483', u'None', u'2019-11-01 12:18:16.937981', u'None', u'CMSSW_10_4_0', u'slc7_amd64_gcc700', u'/ExcitedLepton_MuMuZ-2000_TuneCP5_13TeV-pythia8/RunIIFall17MiniAODv2-PU2017_12Apr2018_94X_mc2017_realistic_v14-v1/MINIAODSIM', u'T', u'0', u'[]', u'[]', u'FileBased', u"{'splitOnRun': False, 'halt_job_on_file_boundaries': False, 'files_per_job': 10, 'runs': [], 'lumis': []}", u'73c78d429bfe81ad50e00bdda0bc86c83c5496ade342221b58f369451e070d9a.tar.gz', u'https://cmsweb.cern.ch/crabcache', u'sthakur', u'/DC=ch/DC=cern/OU=Organic Units/OU=Users/CN=sthakur/CN=764789/CN=Shalini Thakur', u'cms', u'None', u'None', u'ExLepMuMuZ_M2000_MC_20191101-00000000000000000000000000000000', u'F', u'T2_IN_TIFR', u'https://cmsweb.cern.ch/dbs/prod/global/DBSReader', u'https://cmsweb.cern.ch/dbs/prod/phys03/DBSWriter', u'T', u'[]', u"['ExLepMuMuZ_M2000_MC_20191101_Ntuple.root']", u'[]', u'Analysis', u'pythia', u'None', u'{}', u'[]', u'F', u'crab-prod-tw01', u'[]', u'1250', u'1', u'2000', u'10', u'None', u"['The CRAB3 server got a non-critical error while checking stageout permissions. Please use checkwrite to check if everything is fine.']", u'http://vocms0196.cern.ch/mon/cms251/191101_121526:sthakur_crab_ExLepMuMuZ_M2000_MC_20191101', u'None', u'[]', u'[]', u'https://cmsweb.cern.ch/crabserver/prod', u'cmsgwms-collector-global.cern.ch:9620,cmssrv623.fnal.gov:9620', u'crab3@vocms0196.cern.ch', u'F', u'[]', u'T', u'/store/user/sthakur/ntuple_for2017MC_20191101/MC_20191101/ExLepMuMuZ_M2000_MC_20191101', u'F', u'None', u'F', u'None', u'ExcitedLepton_MuMuZ-2000_TuneCP5_13TeV-pythia8', u'None', u'1a53b89a836850979b1259c6badb110982c3f7ebb2124c88647f8403f941b0bd.tar.gz', u'43988348', u'filetransfers', u'F', u'2001:1458:d00:2e::100:9b', u'0.0', u'None'], u'desc': {u'columns': [u'tm_taskname', u'tm_activity', u'panda_jobset_id', u'tm_task_status', u'tm_task_command', u'tm_start_time', u'tm_start_injection', u'tm_end_injection', u'tm_task_failure', u'tm_job_sw', u'tm_job_arch', u'tm_input_dataset', u'tm_nonvalid_input_dataset', u'tm_use_parent', u'tm_site_whitelist', u'tm_site_blacklist', u'tm_split_algo', u'tm_split_args', u'tm_user_sandbox', u'tm_cache_url', u'tm_username', u'tm_user_dn', u'tm_user_vo', u'tm_user_role', u'tm_user_group', u'tm_publish_name', u'tm_publish_groupname', u'tm_asyncdest', u'tm_dbs_url', u'tm_publish_dbs_url', u'tm_publication', u'tm_outfiles', u'tm_tfile_outfiles', u'tm_edm_outfiles', u'tm_job_type', u'tm_generator', u'tm_events_per_lumi', u'tm_arguments', u'panda_resubmitted_jobs', u'tm_save_logs', u'tw_name', u'tm_user_infiles', u'tm_maxjobruntime', u'tm_numcores', u'tm_maxmemory', u'tm_priority', u'tm_output_dataset', u'tm_task_warnings', u'tm_user_webdir', u'tm_scriptexe', u'tm_scriptargs', u'tm_extrajdl', u'tm_asourl', u'tm_collector', u'tm_schedd', u'tm_dry_run', u'tm_user_files', u'tm_transfer_outputs', u'tm_output_lfn', u'tm_ignore_locality', u'tm_fail_limit', u'tm_one_event_mode', u'tm_secondary_input_dataset', u'tm_primary_dataset', u'tm_last_publication', u'tm_debug_files', u'clusterid', u'tm_asodb', u'tm_ignore_global_blacklist', u'tm_submitter_ip_addr', u'tm_totalunits', u'tm_ddm_reqid']}}
INFO 2019-11-01 12:49:23.413 UTC: 	 CRAB project directory:		/afs/cern.ch/work/s/sthakur/xRavindra/MiniTree2017Data/CMSSW_10_4_0/src/ExLep2017Crab/crab/CrabMC_20191101/crab_ExLepMuMuZ_M2000_MC_20191101
INFO 2019-11-01 12:49:23.413 UTC: 	 Task name:			191101_121526:sthakur_crab_ExLepMuMuZ_M2000_MC_20191101
INFO 2019-11-01 12:49:23.413 UTC: 	 Grid scheduler - Task Worker:	crab3@vocms0196.cern.ch - crab-prod-tw01
INFO 2019-11-01 12:49:23.413 UTC: 	 Status on the CRAB server:	SUBMITTED
INFO 2019-11-01 12:49:23.413 UTC: 	 Task URL to use for HELP:	https://cmsweb.cern.ch/crabserver/ui/task/191101_121526%3Asthakur_crab_ExLepMuMuZ_M2000_MC_20191101
INFO 2019-11-01 12:49:23.413 UTC: 	 Dashboard monitoring URL:	https://monit-grafana.cern.ch/d/cmsTMDetail/cms-task-monitoring-task-view?orgId=11&var-user=sthakur&var-task=191101_121526%3Asthakur_crab_ExLepMuMuZ_M2000_MC_20191101
INFO 2019-11-01 12:49:23.413 UTC: 	 In case of issues with the dashboard, please provide feedback to hn-cms-computing-tools@cern.ch
WARNING 2019-11-01 12:49:23.413 UTC: 	 Warning:			The CRAB3 server got a non-critical error while checking stageout permissions. Please use checkwrite to check if everything is fine.
DEBUG 2019-11-01 12:49:23.413 UTC: 	 The CRAB server submitted your task to the Grid scheduler (cluster ID: 43988348)
DEBUG 2019-11-01 12:49:23.414 UTC: 	 Webdir is located at http://vocms0196.cern.ch/mon/cms251/191101_121526:sthakur_crab_ExLepMuMuZ_M2000_MC_20191101
DEBUG 2019-11-01 12:49:23.522 UTC: 	 Proxied webdir is located at https://cmsweb.cern.ch/scheddmon/0196/cms251/191101_121526:sthakur_crab_ExLepMuMuZ_M2000_MC_20191101
DEBUG 2019-11-01 12:49:23.522 UTC: 	 Retrieving 'status_cache' file from https://cmsweb.cern.ch/scheddmon/0196/cms251/191101_121526:sthakur_crab_ExLepMuMuZ_M2000_MC_20191101/status_cache
DEBUG 2019-11-01 12:49:23.569 UTC: 	 Got information from status cache file: {'1': {'Retries': 0, 'WallDurations': [9.0, 611.0], 'StartTimes': [1572611080.0], 'SubmitTimes': [1572610711.0], 'JobIds': ['43988410.0'], 'EndTimes': [], 'Restarts': 0, 'RecordedSite': True, 'State': 'running', 'ResidentSetSize': [839164], 'TotalUserCpuTimeHistory': [514.0], 'SiteHistory': ['Unknown', 'T2_BE_IIHE'], 'TotalSysCpuTimeHistory': [12.0]}, '2': {'Retries': 0, 'WallDurations': [9.0, 1105.0], 'StartTimes': [1572611080.0], 'SubmitTimes': [1572610710.0], 'JobIds': ['43988408.0'], 'EndTimes': [1572612185.0], 'Restarts': 0, 'RecordedSite': True, 'State': 'transferring', 'ResidentSetSize': [843724], 'TotalUserCpuTimeHistory': [951], 'SiteHistory': ['Unknown', 'T2_BE_IIHE'], 'TotalSysCpuTimeHistory': [23]}}
INFO 2019-11-01 12:49:23.569 UTC: 	 Status on the scheduler:	SUBMITTED
INFO 2019-11-01 12:49:23.569 UTC: 	 
Jobs status:                    running      		 50.0% (1/2)
INFO 2019-11-01 12:49:23.569 UTC: 	 				transferring 		 50.0% (1/2)
INFO 2019-11-01 12:49:23.570 UTC: 	 
No publication information available yet
INFO 2019-11-01 12:49:23.570 UTC: 	 
Warning: the max jobs runtime is less than 30% of the task requested value (1250 min), please consider to request a lower value for failed jobs (allowed through crab resubmit) and/or improve the jobs splitting (e.g. config.Data.splitting = 'Automatic') in a new task.
INFO 2019-11-01 12:49:23.570 UTC: 	 
Summary of run jobs:
 * Memory: 819MB min, 823MB max, 824MB ave
 * Runtime: 0:10:11 min, 0:18:25 max, 0:18:25 ave
 * CPU eff: 88% min, 88% max, 88% ave
 * Waste: 0:00:09 (1% of total)

INFO 2019-11-01 12:49:23.579 UTC: 	 Log file is /afs/cern.ch/work/s/sthakur/xRavindra/MiniTree2017Data/CMSSW_10_4_0/src/ExLep2017Crab/crab/CrabMC_20191101/crab_ExLepMuMuZ_M2000_MC_20191101/crab.log
DEBUG 2019-11-01 16:56:08.724 UTC: 	 Running on: Linux lxplus721.cern.ch 3.10.0-1062.1.2.el7.x86_64 #1 SMP Mon Sep 30 14:19:46 UTC 2019 x86_64 x86_64 x86_64 GNU/Linux
Description:	CentOS Linux release 7.7.1908 (Core) 

DEBUG 2019-11-01 16:56:08.724 UTC: 	 Executing command: 'status'
DEBUG 2019-11-01 16:56:08.724 UTC: 	 Found CRAB cache file /afs/cern.ch/user/s/sthakur/.crab3
DEBUG 2019-11-01 16:56:08.839 UTC: 	 Checking credentials
DEBUG 2019-11-01 16:56:08.840 UTC: 	 Found proxy file /tmp/x509up_u77410
DEBUG 2019-11-01 16:56:08.840 UTC: 	 Getting proxy life time left
DEBUG 2019-11-01 16:56:10.465 UTC: 	 Executing : 
 command : voms-proxy-info -file /tmp/x509up_u77410 -timeleft
 output : 43058

 error: 
 retcode : 0
DEBUG 2019-11-01 16:56:11.980 UTC: 	 Executing : 
 command : voms-proxy-info -file /tmp/x509up_u77410 -actimeleft
 output : 43057

 error: 
 retcode : 0
DEBUG 2019-11-01 16:56:11.980 UTC: 	 Proxy lifetime 43058 secs is different from voms extension lifetime 43057 secs for proxy: /tmp/x509up_u77410
DEBUG 2019-11-01 16:56:11.980 UTC: 	 Proxy valid for 11:57:37 hours
DEBUG 2019-11-01 16:56:12.230 UTC: 	 Executing : 
 command : openssl x509 -in ~/.globus/usercert.pem -subject -noout
 output : subject= /DC=ch/DC=cern/OU=Organic Units/OU=Users/CN=sthakur/CN=764789/CN=Shalini Thakur

 error: 
 retcode : 0
DEBUG 2019-11-01 16:56:12.231 UTC: 	 Checking credentials
DEBUG 2019-11-01 16:56:12.231 UTC: 	 Found proxy file /tmp/x509up_u77410
DEBUG 2019-11-01 16:56:12.231 UTC: 	 Getting proxy life time left
DEBUG 2019-11-01 16:56:13.349 UTC: 	 Executing : 
 command : voms-proxy-info -file /tmp/x509up_u77410 -timeleft
 output : 43055

 error: 
 retcode : 0
DEBUG 2019-11-01 16:56:14.658 UTC: 	 Executing : 
 command : voms-proxy-info -file /tmp/x509up_u77410 -actimeleft
 output : 43054

 error: 
 retcode : 0
DEBUG 2019-11-01 16:56:14.658 UTC: 	 Proxy lifetime 43055 secs is different from voms extension lifetime 43054 secs for proxy: /tmp/x509up_u77410
DEBUG 2019-11-01 16:56:14.658 UTC: 	 Proxy valid for 11:57:34 hours
DEBUG 2019-11-01 16:56:14.737 UTC: 	 Registering user credentials for server /DC=ch/DC=cern/OU=computers/CN=vocms(052|058|030|0118|0105|0109).cern.ch|/DC=ch/DC=cern/OU=computers/CN=crab-(preprod|prod)-tw(02|01).cern.ch
DEBUG 2019-11-01 16:56:14.936 UTC: 	 Executing : 
 command : openssl x509 -in ~/.globus/usercert.pem -subject -noout
 output : subject= /DC=ch/DC=cern/OU=Organic Units/OU=Users/CN=sthakur/CN=764789/CN=Shalini Thakur

 error: 
 retcode : 0
DEBUG 2019-11-01 16:56:14.936 UTC: 	 Getting myproxy life time left for myproxy.cern.ch
DEBUG 2019-11-01 16:56:14.936 UTC: 	 Calculating hash of /DC=ch/DC=cern/OU=Organic Units/OU=Users/CN=sthakur/CN=764789/CN=Shalini Thakur_cmsweb.cern.ch for credential name
DEBUG 2019-11-01 16:56:15.442 UTC: 	 Executing : 
 command : myproxy-info -l 9cd94953387eeee7bf4da2b7588630639ea1153b -s myproxy.cern.ch
 output : username: 9cd94953387eeee7bf4da2b7588630639ea1153b
owner: /DC=ch/DC=cern/OU=Organic Units/OU=Users/CN=sthakur/CN=764789/CN=Shalini Thakur
  renewal policy: /DC=ch/DC=cern/OU=computers/CN=vocms(052|058|030|0118|0105|0109).cern.ch|/DC=ch/DC=cern/OU=computers/CN=crab-(preprod|prod)-tw(02|01).cern.ch
  trusted retrieval policy: /DC=ch/DC=cern/OU=computers/CN=vocms(052|058|030|0118|0105|0109).cern.ch|/DC=ch/DC=cern/OU=computers/CN=crab-(preprod|prod)-tw(02|01).cern.ch
  timeleft: 553:41:45  (23.1 days)

 error: 
 retcode : 0
DEBUG 2019-11-01 16:56:15.443 UTC: 	 Myproxy is valid: 1993305
DEBUG 2019-11-01 16:56:15.443 UTC: 	 Command use: status
DEBUG 2019-11-01 16:56:15.443 UTC: 	 Options use: ['--verboseErrors', 'CrabMC_20191101/crab_ExLepMuMuZ_M2000_MC_20191101']
DEBUG 2019-11-01 16:56:15.514 UTC: 	 CRABClient version: 3.3.1910.patch2
DEBUG 2019-11-01 16:56:15.514 UTC: 	 Instance is prod
DEBUG 2019-11-01 16:56:15.514 UTC: 	 Server base url is cmsweb.cern.ch
DEBUG 2019-11-01 16:56:15.514 UTC: 	 Command url /crabserver/prod/workflow
DEBUG 2019-11-01 16:56:15.618 UTC: 	 Got information from server oracle database: {u'result': [u'191101_121526:sthakur_crab_ExLepMuMuZ_M2000_MC_20191101', u'None', u'None', u'SUBMITTED', u'SUBMIT', u'2019-11-01 12:15:26.972483', u'None', u'2019-11-01 12:18:16.937981', u'None', u'CMSSW_10_4_0', u'slc7_amd64_gcc700', u'/ExcitedLepton_MuMuZ-2000_TuneCP5_13TeV-pythia8/RunIIFall17MiniAODv2-PU2017_12Apr2018_94X_mc2017_realistic_v14-v1/MINIAODSIM', u'T', u'0', u'[]', u'[]', u'FileBased', u"{'splitOnRun': False, 'halt_job_on_file_boundaries': False, 'files_per_job': 10, 'runs': [], 'lumis': []}", u'73c78d429bfe81ad50e00bdda0bc86c83c5496ade342221b58f369451e070d9a.tar.gz', u'https://cmsweb.cern.ch/crabcache', u'sthakur', u'/DC=ch/DC=cern/OU=Organic Units/OU=Users/CN=sthakur/CN=764789/CN=Shalini Thakur', u'cms', u'None', u'None', u'ExLepMuMuZ_M2000_MC_20191101-00000000000000000000000000000000', u'F', u'T2_IN_TIFR', u'https://cmsweb.cern.ch/dbs/prod/global/DBSReader', u'https://cmsweb.cern.ch/dbs/prod/phys03/DBSWriter', u'T', u'[]', u"['ExLepMuMuZ_M2000_MC_20191101_Ntuple.root']", u'[]', u'Analysis', u'pythia', u'None', u'{}', u'[]', u'F', u'crab-prod-tw01', u'[]', u'1250', u'1', u'2000', u'10', u'None', u"['The CRAB3 server got a non-critical error while checking stageout permissions. Please use checkwrite to check if everything is fine.']", u'http://vocms0196.cern.ch/mon/cms251/191101_121526:sthakur_crab_ExLepMuMuZ_M2000_MC_20191101', u'None', u'[]', u'[]', u'https://cmsweb.cern.ch/crabserver/prod', u'cmsgwms-collector-global.cern.ch:9620,cmssrv623.fnal.gov:9620', u'crab3@vocms0196.cern.ch', u'F', u'[]', u'T', u'/store/user/sthakur/ntuple_for2017MC_20191101/MC_20191101/ExLepMuMuZ_M2000_MC_20191101', u'F', u'None', u'F', u'None', u'ExcitedLepton_MuMuZ-2000_TuneCP5_13TeV-pythia8', u'None', u'1a53b89a836850979b1259c6badb110982c3f7ebb2124c88647f8403f941b0bd.tar.gz', u'43988348', u'filetransfers', u'F', u'2001:1458:d00:2e::100:9b', u'0.0', u'None'], u'desc': {u'columns': [u'tm_taskname', u'tm_activity', u'panda_jobset_id', u'tm_task_status', u'tm_task_command', u'tm_start_time', u'tm_start_injection', u'tm_end_injection', u'tm_task_failure', u'tm_job_sw', u'tm_job_arch', u'tm_input_dataset', u'tm_nonvalid_input_dataset', u'tm_use_parent', u'tm_site_whitelist', u'tm_site_blacklist', u'tm_split_algo', u'tm_split_args', u'tm_user_sandbox', u'tm_cache_url', u'tm_username', u'tm_user_dn', u'tm_user_vo', u'tm_user_role', u'tm_user_group', u'tm_publish_name', u'tm_publish_groupname', u'tm_asyncdest', u'tm_dbs_url', u'tm_publish_dbs_url', u'tm_publication', u'tm_outfiles', u'tm_tfile_outfiles', u'tm_edm_outfiles', u'tm_job_type', u'tm_generator', u'tm_events_per_lumi', u'tm_arguments', u'panda_resubmitted_jobs', u'tm_save_logs', u'tw_name', u'tm_user_infiles', u'tm_maxjobruntime', u'tm_numcores', u'tm_maxmemory', u'tm_priority', u'tm_output_dataset', u'tm_task_warnings', u'tm_user_webdir', u'tm_scriptexe', u'tm_scriptargs', u'tm_extrajdl', u'tm_asourl', u'tm_collector', u'tm_schedd', u'tm_dry_run', u'tm_user_files', u'tm_transfer_outputs', u'tm_output_lfn', u'tm_ignore_locality', u'tm_fail_limit', u'tm_one_event_mode', u'tm_secondary_input_dataset', u'tm_primary_dataset', u'tm_last_publication', u'tm_debug_files', u'clusterid', u'tm_asodb', u'tm_ignore_global_blacklist', u'tm_submitter_ip_addr', u'tm_totalunits', u'tm_ddm_reqid']}}
INFO 2019-11-01 16:56:15.618 UTC: 	 CRAB project directory:		/afs/cern.ch/work/s/sthakur/xRavindra/MiniTree2017Data/CMSSW_10_4_0/src/ExLep2017Crab/crab/CrabMC_20191101/crab_ExLepMuMuZ_M2000_MC_20191101
INFO 2019-11-01 16:56:15.618 UTC: 	 Task name:			191101_121526:sthakur_crab_ExLepMuMuZ_M2000_MC_20191101
INFO 2019-11-01 16:56:15.619 UTC: 	 Grid scheduler - Task Worker:	crab3@vocms0196.cern.ch - crab-prod-tw01
INFO 2019-11-01 16:56:15.619 UTC: 	 Status on the CRAB server:	SUBMITTED
INFO 2019-11-01 16:56:15.619 UTC: 	 Task URL to use for HELP:	https://cmsweb.cern.ch/crabserver/ui/task/191101_121526%3Asthakur_crab_ExLepMuMuZ_M2000_MC_20191101
INFO 2019-11-01 16:56:15.619 UTC: 	 Dashboard monitoring URL:	https://monit-grafana.cern.ch/d/cmsTMDetail/cms-task-monitoring-task-view?orgId=11&var-user=sthakur&var-task=191101_121526%3Asthakur_crab_ExLepMuMuZ_M2000_MC_20191101
INFO 2019-11-01 16:56:15.619 UTC: 	 In case of issues with the dashboard, please provide feedback to hn-cms-computing-tools@cern.ch
WARNING 2019-11-01 16:56:15.619 UTC: 	 Warning:			The CRAB3 server got a non-critical error while checking stageout permissions. Please use checkwrite to check if everything is fine.
DEBUG 2019-11-01 16:56:15.619 UTC: 	 The CRAB server submitted your task to the Grid scheduler (cluster ID: 43988348)
DEBUG 2019-11-01 16:56:15.619 UTC: 	 Webdir is located at http://vocms0196.cern.ch/mon/cms251/191101_121526:sthakur_crab_ExLepMuMuZ_M2000_MC_20191101
DEBUG 2019-11-01 16:56:15.701 UTC: 	 Proxied webdir is located at https://cmsweb.cern.ch/scheddmon/0196/cms251/191101_121526:sthakur_crab_ExLepMuMuZ_M2000_MC_20191101
DEBUG 2019-11-01 16:56:15.701 UTC: 	 Retrieving 'status_cache' file from https://cmsweb.cern.ch/scheddmon/0196/cms251/191101_121526:sthakur_crab_ExLepMuMuZ_M2000_MC_20191101/status_cache
DEBUG 2019-11-01 16:56:15.749 UTC: 	 Got information from status cache file: {'1': {'Retries': 0, 'WallDurations': [9.0, 2108.0], 'StartTimes': [1572611080.0], 'SubmitTimes': [1572610711.0], 'JobIds': ['43988410.0'], 'EndTimes': [1572613188.0], 'Restarts': 0, 'RecordedSite': True, 'State': 'finished', 'ResidentSetSize': [840392], 'TotalUserCpuTimeHistory': [1901], 'SiteHistory': ['Unknown', 'T2_BE_IIHE'], 'TotalSysCpuTimeHistory': [45]}, '2': {'Retries': 0, 'WallDurations': [9.0, 1105.0], 'StartTimes': [1572611080.0], 'SubmitTimes': [1572610710.0], 'JobIds': ['43988408.0'], 'EndTimes': [1572612185.0], 'Restarts': 0, 'RecordedSite': True, 'State': 'finished', 'ResidentSetSize': [843724], 'TotalUserCpuTimeHistory': [951], 'SiteHistory': ['Unknown', 'T2_BE_IIHE'], 'TotalSysCpuTimeHistory': [23]}}
INFO 2019-11-01 16:56:15.750 UTC: 	 Status on the scheduler:	COMPLETED
INFO 2019-11-01 16:56:15.750 UTC: 	 
Jobs status:                    finished     		100.0% (2/2)
INFO 2019-11-01 16:56:15.854 UTC: 	 
No publication information available yet
INFO 2019-11-01 16:56:15.855 UTC: 	 
Warning: the max jobs runtime is less than 30% of the task requested value (1250 min), please consider to request a lower value for failed jobs (allowed through crab resubmit) and/or improve the jobs splitting (e.g. config.Data.splitting = 'Automatic') in a new task.
INFO 2019-11-01 16:56:15.855 UTC: 	 
Summary of run jobs:
 * Memory: 820MB min, 823MB max, 822MB ave
 * Runtime: 0:18:25 min, 0:35:08 max, 0:26:46 ave
 * CPU eff: 88% min, 92% max, 91% ave
 * Waste: 0:00:18 (1% of total)

INFO 2019-11-01 16:56:15.876 UTC: 	 Log file is /afs/cern.ch/work/s/sthakur/xRavindra/MiniTree2017Data/CMSSW_10_4_0/src/ExLep2017Crab/crab/CrabMC_20191101/crab_ExLepMuMuZ_M2000_MC_20191101/crab.log
DEBUG 2019-11-03 17:56:22.927 UTC: 	 Running on: Linux lxplus737.cern.ch 3.10.0-1062.1.2.el7.x86_64 #1 SMP Mon Sep 30 14:19:46 UTC 2019 x86_64 x86_64 x86_64 GNU/Linux
Description:	CentOS Linux release 7.7.1908 (Core) 

DEBUG 2019-11-03 17:56:22.927 UTC: 	 Executing command: 'status'
DEBUG 2019-11-03 17:56:22.927 UTC: 	 Found CRAB cache file /afs/cern.ch/user/s/sthakur/.crab3
DEBUG 2019-11-03 17:56:22.958 UTC: 	 Checking credentials
DEBUG 2019-11-03 17:56:22.958 UTC: 	 Found proxy file /tmp/x509up_u77410
DEBUG 2019-11-03 17:56:22.958 UTC: 	 Getting proxy life time left
DEBUG 2019-11-03 17:56:23.664 UTC: 	 Executing : 
 command : voms-proxy-info -file /tmp/x509up_u77410 -timeleft
 output : 43023

 error: 
 retcode : 0
DEBUG 2019-11-03 17:56:24.370 UTC: 	 Executing : 
 command : voms-proxy-info -file /tmp/x509up_u77410 -actimeleft
 output : 43022

 error: 
 retcode : 0
DEBUG 2019-11-03 17:56:24.370 UTC: 	 Proxy lifetime 43023 secs is different from voms extension lifetime 43022 secs for proxy: /tmp/x509up_u77410
DEBUG 2019-11-03 17:56:24.370 UTC: 	 Proxy valid for 11:57:02 hours
DEBUG 2019-11-03 17:56:24.484 UTC: 	 Executing : 
 command : openssl x509 -in ~/.globus/usercert.pem -subject -noout
 output : subject= /DC=ch/DC=cern/OU=Organic Units/OU=Users/CN=sthakur/CN=764789/CN=Shalini Thakur

 error: 
 retcode : 0
DEBUG 2019-11-03 17:56:24.484 UTC: 	 Checking credentials
DEBUG 2019-11-03 17:56:24.484 UTC: 	 Found proxy file /tmp/x509up_u77410
DEBUG 2019-11-03 17:56:24.485 UTC: 	 Getting proxy life time left
DEBUG 2019-11-03 17:56:25.091 UTC: 	 Executing : 
 command : voms-proxy-info -file /tmp/x509up_u77410 -timeleft
 output : 43021

 error: 
 retcode : 0
DEBUG 2019-11-03 17:56:25.798 UTC: 	 Executing : 
 command : voms-proxy-info -file /tmp/x509up_u77410 -actimeleft
 output : 43021

 error: 
 retcode : 0
DEBUG 2019-11-03 17:56:25.798 UTC: 	 Proxy valid for 11:57:01 hours
DEBUG 2019-11-03 17:56:25.887 UTC: 	 Registering user credentials for server /DC=ch/DC=cern/OU=computers/CN=vocms(052|058|030|0118|0105|0109).cern.ch|/DC=ch/DC=cern/OU=computers/CN=crab-(preprod|prod)-tw(02|01).cern.ch
DEBUG 2019-11-03 17:56:25.999 UTC: 	 Executing : 
 command : openssl x509 -in ~/.globus/usercert.pem -subject -noout
 output : subject= /DC=ch/DC=cern/OU=Organic Units/OU=Users/CN=sthakur/CN=764789/CN=Shalini Thakur

 error: 
 retcode : 0
DEBUG 2019-11-03 17:56:25.999 UTC: 	 Getting myproxy life time left for myproxy.cern.ch
DEBUG 2019-11-03 17:56:25.999 UTC: 	 Calculating hash of /DC=ch/DC=cern/OU=Organic Units/OU=Users/CN=sthakur/CN=764789/CN=Shalini Thakur_cmsweb.cern.ch for credential name
DEBUG 2019-11-03 17:56:26.305 UTC: 	 Executing : 
 command : myproxy-info -l 9cd94953387eeee7bf4da2b7588630639ea1153b -s myproxy.cern.ch
 output : username: 9cd94953387eeee7bf4da2b7588630639ea1153b
owner: /DC=ch/DC=cern/OU=Organic Units/OU=Users/CN=sthakur/CN=764789/CN=Shalini Thakur
  renewal policy: /DC=ch/DC=cern/OU=computers/CN=vocms(052|058|030|0118|0105|0109).cern.ch|/DC=ch/DC=cern/OU=computers/CN=crab-(preprod|prod)-tw(02|01).cern.ch
  trusted retrieval policy: /DC=ch/DC=cern/OU=computers/CN=vocms(052|058|030|0118|0105|0109).cern.ch|/DC=ch/DC=cern/OU=computers/CN=crab-(preprod|prod)-tw(02|01).cern.ch
  timeleft: 504:41:34  (21.0 days)

 error: 
 retcode : 0
DEBUG 2019-11-03 17:56:26.306 UTC: 	 Myproxy is valid: 1816894
DEBUG 2019-11-03 17:56:26.307 UTC: 	 Command use: status
DEBUG 2019-11-03 17:56:26.307 UTC: 	 Options use: ['--verboseErrors', 'CrabMC_20191101/crab_ExLepMuMuZ_M2000_MC_20191101']
DEBUG 2019-11-03 17:56:26.384 UTC: 	 CRABClient version: 3.3.1910.patch2
DEBUG 2019-11-03 17:56:26.384 UTC: 	 Instance is prod
DEBUG 2019-11-03 17:56:26.384 UTC: 	 Server base url is cmsweb.cern.ch
DEBUG 2019-11-03 17:56:26.384 UTC: 	 Command url /crabserver/prod/workflow
DEBUG 2019-11-03 17:56:26.492 UTC: 	 Got information from server oracle database: {u'result': [u'191101_121526:sthakur_crab_ExLepMuMuZ_M2000_MC_20191101', u'None', u'None', u'SUBMITTED', u'SUBMIT', u'2019-11-01 12:15:26.972483', u'None', u'2019-11-01 12:18:16.937981', u'None', u'CMSSW_10_4_0', u'slc7_amd64_gcc700', u'/ExcitedLepton_MuMuZ-2000_TuneCP5_13TeV-pythia8/RunIIFall17MiniAODv2-PU2017_12Apr2018_94X_mc2017_realistic_v14-v1/MINIAODSIM', u'T', u'0', u'[]', u'[]', u'FileBased', u"{'splitOnRun': False, 'halt_job_on_file_boundaries': False, 'files_per_job': 10, 'runs': [], 'lumis': []}", u'73c78d429bfe81ad50e00bdda0bc86c83c5496ade342221b58f369451e070d9a.tar.gz', u'https://cmsweb.cern.ch/crabcache', u'sthakur', u'/DC=ch/DC=cern/OU=Organic Units/OU=Users/CN=sthakur/CN=764789/CN=Shalini Thakur', u'cms', u'None', u'None', u'ExLepMuMuZ_M2000_MC_20191101-00000000000000000000000000000000', u'F', u'T2_IN_TIFR', u'https://cmsweb.cern.ch/dbs/prod/global/DBSReader', u'https://cmsweb.cern.ch/dbs/prod/phys03/DBSWriter', u'T', u'[]', u"['ExLepMuMuZ_M2000_MC_20191101_Ntuple.root']", u'[]', u'Analysis', u'pythia', u'None', u'{}', u'[]', u'F', u'crab-prod-tw01', u'[]', u'1250', u'1', u'2000', u'10', u'None', u"['The CRAB3 server got a non-critical error while checking stageout permissions. Please use checkwrite to check if everything is fine.']", u'http://vocms0196.cern.ch/mon/cms251/191101_121526:sthakur_crab_ExLepMuMuZ_M2000_MC_20191101', u'None', u'[]', u'[]', u'https://cmsweb.cern.ch/crabserver/prod', u'cmsgwms-collector-global.cern.ch:9620,cmssrv623.fnal.gov:9620', u'crab3@vocms0196.cern.ch', u'F', u'[]', u'T', u'/store/user/sthakur/ntuple_for2017MC_20191101/MC_20191101/ExLepMuMuZ_M2000_MC_20191101', u'F', u'None', u'F', u'None', u'ExcitedLepton_MuMuZ-2000_TuneCP5_13TeV-pythia8', u'None', u'1a53b89a836850979b1259c6badb110982c3f7ebb2124c88647f8403f941b0bd.tar.gz', u'43988348', u'filetransfers', u'F', u'2001:1458:d00:2e::100:9b', u'0.0', u'None'], u'desc': {u'columns': [u'tm_taskname', u'tm_activity', u'panda_jobset_id', u'tm_task_status', u'tm_task_command', u'tm_start_time', u'tm_start_injection', u'tm_end_injection', u'tm_task_failure', u'tm_job_sw', u'tm_job_arch', u'tm_input_dataset', u'tm_nonvalid_input_dataset', u'tm_use_parent', u'tm_site_whitelist', u'tm_site_blacklist', u'tm_split_algo', u'tm_split_args', u'tm_user_sandbox', u'tm_cache_url', u'tm_username', u'tm_user_dn', u'tm_user_vo', u'tm_user_role', u'tm_user_group', u'tm_publish_name', u'tm_publish_groupname', u'tm_asyncdest', u'tm_dbs_url', u'tm_publish_dbs_url', u'tm_publication', u'tm_outfiles', u'tm_tfile_outfiles', u'tm_edm_outfiles', u'tm_job_type', u'tm_generator', u'tm_events_per_lumi', u'tm_arguments', u'panda_resubmitted_jobs', u'tm_save_logs', u'tw_name', u'tm_user_infiles', u'tm_maxjobruntime', u'tm_numcores', u'tm_maxmemory', u'tm_priority', u'tm_output_dataset', u'tm_task_warnings', u'tm_user_webdir', u'tm_scriptexe', u'tm_scriptargs', u'tm_extrajdl', u'tm_asourl', u'tm_collector', u'tm_schedd', u'tm_dry_run', u'tm_user_files', u'tm_transfer_outputs', u'tm_output_lfn', u'tm_ignore_locality', u'tm_fail_limit', u'tm_one_event_mode', u'tm_secondary_input_dataset', u'tm_primary_dataset', u'tm_last_publication', u'tm_debug_files', u'clusterid', u'tm_asodb', u'tm_ignore_global_blacklist', u'tm_submitter_ip_addr', u'tm_totalunits', u'tm_ddm_reqid']}}
INFO 2019-11-03 17:56:26.493 UTC: 	 CRAB project directory:		/afs/cern.ch/work/s/sthakur/xRavindra/MiniTree2017Data/CMSSW_10_4_0/src/ExLep2017Crab/crab/CrabMC_20191101/crab_ExLepMuMuZ_M2000_MC_20191101
INFO 2019-11-03 17:56:26.493 UTC: 	 Task name:			191101_121526:sthakur_crab_ExLepMuMuZ_M2000_MC_20191101
INFO 2019-11-03 17:56:26.493 UTC: 	 Grid scheduler - Task Worker:	crab3@vocms0196.cern.ch - crab-prod-tw01
INFO 2019-11-03 17:56:26.493 UTC: 	 Status on the CRAB server:	SUBMITTED
INFO 2019-11-03 17:56:26.493 UTC: 	 Task URL to use for HELP:	https://cmsweb.cern.ch/crabserver/ui/task/191101_121526%3Asthakur_crab_ExLepMuMuZ_M2000_MC_20191101
INFO 2019-11-03 17:56:26.493 UTC: 	 Dashboard monitoring URL:	https://monit-grafana.cern.ch/d/cmsTMDetail/cms-task-monitoring-task-view?orgId=11&var-user=sthakur&var-task=191101_121526%3Asthakur_crab_ExLepMuMuZ_M2000_MC_20191101
INFO 2019-11-03 17:56:26.493 UTC: 	 In case of issues with the dashboard, please provide feedback to hn-cms-computing-tools@cern.ch
WARNING 2019-11-03 17:56:26.493 UTC: 	 Warning:			The CRAB3 server got a non-critical error while checking stageout permissions. Please use checkwrite to check if everything is fine.
DEBUG 2019-11-03 17:56:26.493 UTC: 	 The CRAB server submitted your task to the Grid scheduler (cluster ID: 43988348)
DEBUG 2019-11-03 17:56:26.493 UTC: 	 Webdir is located at http://vocms0196.cern.ch/mon/cms251/191101_121526:sthakur_crab_ExLepMuMuZ_M2000_MC_20191101
DEBUG 2019-11-03 17:56:26.566 UTC: 	 Proxied webdir is located at https://cmsweb.cern.ch/scheddmon/0196/cms251/191101_121526:sthakur_crab_ExLepMuMuZ_M2000_MC_20191101
DEBUG 2019-11-03 17:56:26.566 UTC: 	 Retrieving 'status_cache' file from https://cmsweb.cern.ch/scheddmon/0196/cms251/191101_121526:sthakur_crab_ExLepMuMuZ_M2000_MC_20191101/status_cache
DEBUG 2019-11-03 17:56:26.983 UTC: 	 Got information from status cache file: {'1': {'Retries': 0, 'WallDurations': [9.0, 2108.0], 'StartTimes': [1572611080.0], 'SubmitTimes': [1572610711.0], 'JobIds': ['43988410.0'], 'EndTimes': [1572613188.0], 'Restarts': 0, 'RecordedSite': True, 'State': 'finished', 'ResidentSetSize': [840392], 'TotalUserCpuTimeHistory': [1901], 'SiteHistory': ['Unknown', 'T2_BE_IIHE'], 'TotalSysCpuTimeHistory': [45]}, '2': {'Retries': 0, 'WallDurations': [9.0, 1105.0], 'StartTimes': [1572611080.0], 'SubmitTimes': [1572610710.0], 'JobIds': ['43988408.0'], 'EndTimes': [1572612185.0], 'Restarts': 0, 'RecordedSite': True, 'State': 'finished', 'ResidentSetSize': [843724], 'TotalUserCpuTimeHistory': [951], 'SiteHistory': ['Unknown', 'T2_BE_IIHE'], 'TotalSysCpuTimeHistory': [23]}}
INFO 2019-11-03 17:56:26.984 UTC: 	 Status on the scheduler:	COMPLETED
INFO 2019-11-03 17:56:26.984 UTC: 	 
Jobs status:                    finished     		100.0% (2/2)
INFO 2019-11-03 17:56:27.090 UTC: 	 
No publication information available yet
INFO 2019-11-03 17:56:27.091 UTC: 	 
Warning: the max jobs runtime is less than 30% of the task requested value (1250 min), please consider to request a lower value for failed jobs (allowed through crab resubmit) and/or improve the jobs splitting (e.g. config.Data.splitting = 'Automatic') in a new task.
INFO 2019-11-03 17:56:27.091 UTC: 	 
Summary of run jobs:
 * Memory: 820MB min, 823MB max, 822MB ave
 * Runtime: 0:18:25 min, 0:35:08 max, 0:26:46 ave
 * CPU eff: 88% min, 92% max, 91% ave
 * Waste: 0:00:18 (1% of total)

INFO 2019-11-03 17:56:27.105 UTC: 	 Log file is /afs/cern.ch/work/s/sthakur/xRavindra/MiniTree2017Data/CMSSW_10_4_0/src/ExLep2017Crab/crab/CrabMC_20191101/crab_ExLepMuMuZ_M2000_MC_20191101/crab.log
DEBUG 2019-11-03 18:01:58.159 UTC: 	 Running on: Linux lxplus737.cern.ch 3.10.0-1062.1.2.el7.x86_64 #1 SMP Mon Sep 30 14:19:46 UTC 2019 x86_64 x86_64 x86_64 GNU/Linux
Description:	CentOS Linux release 7.7.1908 (Core) 

DEBUG 2019-11-03 18:01:58.159 UTC: 	 Executing command: 'resubmit'
DEBUG 2019-11-03 18:01:58.160 UTC: 	 Found CRAB cache file /afs/cern.ch/user/s/sthakur/.crab3
DEBUG 2019-11-03 18:01:58.168 UTC: 	 Checking credentials
DEBUG 2019-11-03 18:01:58.169 UTC: 	 Found proxy file /tmp/x509up_u77410
DEBUG 2019-11-03 18:01:58.169 UTC: 	 Getting proxy life time left
DEBUG 2019-11-03 18:01:58.875 UTC: 	 Executing : 
 command : voms-proxy-info -file /tmp/x509up_u77410 -timeleft
 output : 42688

 error: 
 retcode : 0
DEBUG 2019-11-03 18:01:59.583 UTC: 	 Executing : 
 command : voms-proxy-info -file /tmp/x509up_u77410 -actimeleft
 output : 42687

 error: 
 retcode : 0
DEBUG 2019-11-03 18:01:59.584 UTC: 	 Proxy lifetime 42688 secs is different from voms extension lifetime 42687 secs for proxy: /tmp/x509up_u77410
DEBUG 2019-11-03 18:01:59.584 UTC: 	 Proxy valid for 11:51:27 hours
DEBUG 2019-11-03 18:01:59.782 UTC: 	 Executing : 
 command : openssl x509 -in ~/.globus/usercert.pem -subject -noout
 output : subject= /DC=ch/DC=cern/OU=Organic Units/OU=Users/CN=sthakur/CN=764789/CN=Shalini Thakur

 error: 
 retcode : 0
DEBUG 2019-11-03 18:01:59.783 UTC: 	 Checking credentials
DEBUG 2019-11-03 18:01:59.783 UTC: 	 Found proxy file /tmp/x509up_u77410
DEBUG 2019-11-03 18:01:59.783 UTC: 	 Getting proxy life time left
DEBUG 2019-11-03 18:02:00.490 UTC: 	 Executing : 
 command : voms-proxy-info -file /tmp/x509up_u77410 -timeleft
 output : 42686

 error: 
 retcode : 0
DEBUG 2019-11-03 18:02:01.197 UTC: 	 Executing : 
 command : voms-proxy-info -file /tmp/x509up_u77410 -actimeleft
 output : 42685

 error: 
 retcode : 0
DEBUG 2019-11-03 18:02:01.197 UTC: 	 Proxy lifetime 42686 secs is different from voms extension lifetime 42685 secs for proxy: /tmp/x509up_u77410
DEBUG 2019-11-03 18:02:01.197 UTC: 	 Proxy valid for 11:51:25 hours
DEBUG 2019-11-03 18:02:01.385 UTC: 	 Registering user credentials for server /DC=ch/DC=cern/OU=computers/CN=vocms(052|058|030|0118|0105|0109).cern.ch|/DC=ch/DC=cern/OU=computers/CN=crab-(preprod|prod)-tw(02|01).cern.ch
DEBUG 2019-11-03 18:02:01.501 UTC: 	 Executing : 
 command : openssl x509 -in ~/.globus/usercert.pem -subject -noout
 output : subject= /DC=ch/DC=cern/OU=Organic Units/OU=Users/CN=sthakur/CN=764789/CN=Shalini Thakur

 error: 
 retcode : 0
DEBUG 2019-11-03 18:02:01.501 UTC: 	 Getting myproxy life time left for myproxy.cern.ch
DEBUG 2019-11-03 18:02:01.502 UTC: 	 Calculating hash of /DC=ch/DC=cern/OU=Organic Units/OU=Users/CN=sthakur/CN=764789/CN=Shalini Thakur_cmsweb.cern.ch for credential name
DEBUG 2019-11-03 18:02:01.809 UTC: 	 Executing : 
 command : myproxy-info -l 9cd94953387eeee7bf4da2b7588630639ea1153b -s myproxy.cern.ch
 output : username: 9cd94953387eeee7bf4da2b7588630639ea1153b
owner: /DC=ch/DC=cern/OU=Organic Units/OU=Users/CN=sthakur/CN=764789/CN=Shalini Thakur
  renewal policy: /DC=ch/DC=cern/OU=computers/CN=vocms(052|058|030|0118|0105|0109).cern.ch|/DC=ch/DC=cern/OU=computers/CN=crab-(preprod|prod)-tw(02|01).cern.ch
  trusted retrieval policy: /DC=ch/DC=cern/OU=computers/CN=vocms(052|058|030|0118|0105|0109).cern.ch|/DC=ch/DC=cern/OU=computers/CN=crab-(preprod|prod)-tw(02|01).cern.ch
  timeleft: 504:35:59  (21.0 days)

 error: 
 retcode : 0
DEBUG 2019-11-03 18:02:01.810 UTC: 	 Myproxy is valid: 1816559
DEBUG 2019-11-03 18:02:01.918 UTC: 	 Command use: resubmit
DEBUG 2019-11-03 18:02:01.919 UTC: 	 Options use: ['CrabMC_20191101/crab_ExLepMuMuZ_M2000_MC_20191101']
DEBUG 2019-11-03 18:02:02.049 UTC: 	 CRABClient version: 3.3.1910.patch2
DEBUG 2019-11-03 18:02:02.049 UTC: 	 Instance is prod
DEBUG 2019-11-03 18:02:02.049 UTC: 	 Server base url is cmsweb.cern.ch
DEBUG 2019-11-03 18:02:02.049 UTC: 	 Command url /crabserver/prod/workflow
DEBUG 2019-11-03 18:02:02.084 UTC: 	 Running on: Linux lxplus737.cern.ch 3.10.0-1062.1.2.el7.x86_64 #1 SMP Mon Sep 30 14:19:46 UTC 2019 x86_64 x86_64 x86_64 GNU/Linux
Description:	CentOS Linux release 7.7.1908 (Core) 

DEBUG 2019-11-03 18:02:02.084 UTC: 	 Executing command: 'status'
DEBUG 2019-11-03 18:02:02.084 UTC: 	 Found CRAB cache file /afs/cern.ch/user/s/sthakur/.crab3
DEBUG 2019-11-03 18:02:02.092 UTC: 	 Checking credentials
DEBUG 2019-11-03 18:02:02.092 UTC: 	 Found proxy file /tmp/x509up_u77410
DEBUG 2019-11-03 18:02:02.093 UTC: 	 Getting proxy life time left
DEBUG 2019-11-03 18:02:02.798 UTC: 	 Executing : 
 command : voms-proxy-info -file /tmp/x509up_u77410 -timeleft
 output : 42684

 error: 
 retcode : 0
DEBUG 2019-11-03 18:02:03.505 UTC: 	 Executing : 
 command : voms-proxy-info -file /tmp/x509up_u77410 -actimeleft
 output : 42683

 error: 
 retcode : 0
DEBUG 2019-11-03 18:02:03.506 UTC: 	 Proxy lifetime 42684 secs is different from voms extension lifetime 42683 secs for proxy: /tmp/x509up_u77410
DEBUG 2019-11-03 18:02:03.506 UTC: 	 Proxy valid for 11:51:23 hours
DEBUG 2019-11-03 18:02:03.678 UTC: 	 Executing : 
 command : openssl x509 -in ~/.globus/usercert.pem -subject -noout
 output : subject= /DC=ch/DC=cern/OU=Organic Units/OU=Users/CN=sthakur/CN=764789/CN=Shalini Thakur

 error: 
 retcode : 0
DEBUG 2019-11-03 18:02:03.678 UTC: 	 Checking credentials
DEBUG 2019-11-03 18:02:03.678 UTC: 	 Found proxy file /tmp/x509up_u77410
DEBUG 2019-11-03 18:02:03.678 UTC: 	 Getting proxy life time left
DEBUG 2019-11-03 18:02:04.385 UTC: 	 Executing : 
 command : voms-proxy-info -file /tmp/x509up_u77410 -timeleft
 output : 42682

 error: 
 retcode : 0
DEBUG 2019-11-03 18:02:05.095 UTC: 	 Executing : 
 command : voms-proxy-info -file /tmp/x509up_u77410 -actimeleft
 output : 42681

 error: 
 retcode : 0
DEBUG 2019-11-03 18:02:05.096 UTC: 	 Proxy lifetime 42682 secs is different from voms extension lifetime 42681 secs for proxy: /tmp/x509up_u77410
DEBUG 2019-11-03 18:02:05.096 UTC: 	 Proxy valid for 11:51:21 hours
DEBUG 2019-11-03 18:02:05.201 UTC: 	 Registering user credentials for server /DC=ch/DC=cern/OU=computers/CN=vocms(052|058|030|0118|0105|0109).cern.ch|/DC=ch/DC=cern/OU=computers/CN=crab-(preprod|prod)-tw(02|01).cern.ch
DEBUG 2019-11-03 18:02:05.312 UTC: 	 Executing : 
 command : openssl x509 -in ~/.globus/usercert.pem -subject -noout
 output : subject= /DC=ch/DC=cern/OU=Organic Units/OU=Users/CN=sthakur/CN=764789/CN=Shalini Thakur

 error: 
 retcode : 0
DEBUG 2019-11-03 18:02:05.312 UTC: 	 Getting myproxy life time left for myproxy.cern.ch
DEBUG 2019-11-03 18:02:05.312 UTC: 	 Calculating hash of /DC=ch/DC=cern/OU=Organic Units/OU=Users/CN=sthakur/CN=764789/CN=Shalini Thakur_cmsweb.cern.ch for credential name
DEBUG 2019-11-03 18:02:05.617 UTC: 	 Executing : 
 command : myproxy-info -l 9cd94953387eeee7bf4da2b7588630639ea1153b -s myproxy.cern.ch
 output : username: 9cd94953387eeee7bf4da2b7588630639ea1153b
owner: /DC=ch/DC=cern/OU=Organic Units/OU=Users/CN=sthakur/CN=764789/CN=Shalini Thakur
  renewal policy: /DC=ch/DC=cern/OU=computers/CN=vocms(052|058|030|0118|0105|0109).cern.ch|/DC=ch/DC=cern/OU=computers/CN=crab-(preprod|prod)-tw(02|01).cern.ch
  trusted retrieval policy: /DC=ch/DC=cern/OU=computers/CN=vocms(052|058|030|0118|0105|0109).cern.ch|/DC=ch/DC=cern/OU=computers/CN=crab-(preprod|prod)-tw(02|01).cern.ch
  timeleft: 504:35:55  (21.0 days)

 error: 
 retcode : 0
DEBUG 2019-11-03 18:02:05.618 UTC: 	 Myproxy is valid: 1816555
DEBUG 2019-11-03 18:02:05.619 UTC: 	 Command use: status
DEBUG 2019-11-03 18:02:05.619 UTC: 	 Options use: []
DEBUG 2019-11-03 18:02:05.749 UTC: 	 CRABClient version: 3.3.1910.patch2
DEBUG 2019-11-03 18:02:05.749 UTC: 	 Instance is prod
DEBUG 2019-11-03 18:02:05.749 UTC: 	 Server base url is cmsweb.cern.ch
DEBUG 2019-11-03 18:02:05.749 UTC: 	 Command url /crabserver/prod/workflow
DEBUG 2019-11-03 18:02:05.836 UTC: 	 Got information from server oracle database: {u'result': [u'191101_121526:sthakur_crab_ExLepMuMuZ_M2000_MC_20191101', u'None', u'None', u'SUBMITTED', u'SUBMIT', u'2019-11-01 12:15:26.972483', u'None', u'2019-11-01 12:18:16.937981', u'None', u'CMSSW_10_4_0', u'slc7_amd64_gcc700', u'/ExcitedLepton_MuMuZ-2000_TuneCP5_13TeV-pythia8/RunIIFall17MiniAODv2-PU2017_12Apr2018_94X_mc2017_realistic_v14-v1/MINIAODSIM', u'T', u'0', u'[]', u'[]', u'FileBased', u"{'splitOnRun': False, 'halt_job_on_file_boundaries': False, 'files_per_job': 10, 'runs': [], 'lumis': []}", u'73c78d429bfe81ad50e00bdda0bc86c83c5496ade342221b58f369451e070d9a.tar.gz', u'https://cmsweb.cern.ch/crabcache', u'sthakur', u'/DC=ch/DC=cern/OU=Organic Units/OU=Users/CN=sthakur/CN=764789/CN=Shalini Thakur', u'cms', u'None', u'None', u'ExLepMuMuZ_M2000_MC_20191101-00000000000000000000000000000000', u'F', u'T2_IN_TIFR', u'https://cmsweb.cern.ch/dbs/prod/global/DBSReader', u'https://cmsweb.cern.ch/dbs/prod/phys03/DBSWriter', u'T', u'[]', u"['ExLepMuMuZ_M2000_MC_20191101_Ntuple.root']", u'[]', u'Analysis', u'pythia', u'None', u'{}', u'[]', u'F', u'crab-prod-tw01', u'[]', u'1250', u'1', u'2000', u'10', u'None', u"['The CRAB3 server got a non-critical error while checking stageout permissions. Please use checkwrite to check if everything is fine.']", u'http://vocms0196.cern.ch/mon/cms251/191101_121526:sthakur_crab_ExLepMuMuZ_M2000_MC_20191101', u'None', u'[]', u'[]', u'https://cmsweb.cern.ch/crabserver/prod', u'cmsgwms-collector-global.cern.ch:9620,cmssrv623.fnal.gov:9620', u'crab3@vocms0196.cern.ch', u'F', u'[]', u'T', u'/store/user/sthakur/ntuple_for2017MC_20191101/MC_20191101/ExLepMuMuZ_M2000_MC_20191101', u'F', u'None', u'F', u'None', u'ExcitedLepton_MuMuZ-2000_TuneCP5_13TeV-pythia8', u'None', u'1a53b89a836850979b1259c6badb110982c3f7ebb2124c88647f8403f941b0bd.tar.gz', u'43988348', u'filetransfers', u'F', u'2001:1458:d00:2e::100:9b', u'0.0', u'None'], u'desc': {u'columns': [u'tm_taskname', u'tm_activity', u'panda_jobset_id', u'tm_task_status', u'tm_task_command', u'tm_start_time', u'tm_start_injection', u'tm_end_injection', u'tm_task_failure', u'tm_job_sw', u'tm_job_arch', u'tm_input_dataset', u'tm_nonvalid_input_dataset', u'tm_use_parent', u'tm_site_whitelist', u'tm_site_blacklist', u'tm_split_algo', u'tm_split_args', u'tm_user_sandbox', u'tm_cache_url', u'tm_username', u'tm_user_dn', u'tm_user_vo', u'tm_user_role', u'tm_user_group', u'tm_publish_name', u'tm_publish_groupname', u'tm_asyncdest', u'tm_dbs_url', u'tm_publish_dbs_url', u'tm_publication', u'tm_outfiles', u'tm_tfile_outfiles', u'tm_edm_outfiles', u'tm_job_type', u'tm_generator', u'tm_events_per_lumi', u'tm_arguments', u'panda_resubmitted_jobs', u'tm_save_logs', u'tw_name', u'tm_user_infiles', u'tm_maxjobruntime', u'tm_numcores', u'tm_maxmemory', u'tm_priority', u'tm_output_dataset', u'tm_task_warnings', u'tm_user_webdir', u'tm_scriptexe', u'tm_scriptargs', u'tm_extrajdl', u'tm_asourl', u'tm_collector', u'tm_schedd', u'tm_dry_run', u'tm_user_files', u'tm_transfer_outputs', u'tm_output_lfn', u'tm_ignore_locality', u'tm_fail_limit', u'tm_one_event_mode', u'tm_secondary_input_dataset', u'tm_primary_dataset', u'tm_last_publication', u'tm_debug_files', u'clusterid', u'tm_asodb', u'tm_ignore_global_blacklist', u'tm_submitter_ip_addr', u'tm_totalunits', u'tm_ddm_reqid']}}
INFO 2019-11-03 18:02:05.837 UTC: 	 CRAB project directory:		/afs/cern.ch/work/s/sthakur/xRavindra/MiniTree2017Data/CMSSW_10_4_0/src/ExLep2017Crab/crab/CrabMC_20191101/crab_ExLepMuMuZ_M2000_MC_20191101
INFO 2019-11-03 18:02:05.837 UTC: 	 Task name:			191101_121526:sthakur_crab_ExLepMuMuZ_M2000_MC_20191101
INFO 2019-11-03 18:02:05.837 UTC: 	 Grid scheduler - Task Worker:	crab3@vocms0196.cern.ch - crab-prod-tw01
INFO 2019-11-03 18:02:05.837 UTC: 	 Status on the CRAB server:	SUBMITTED
INFO 2019-11-03 18:02:05.837 UTC: 	 Task URL to use for HELP:	https://cmsweb.cern.ch/crabserver/ui/task/191101_121526%3Asthakur_crab_ExLepMuMuZ_M2000_MC_20191101
INFO 2019-11-03 18:02:05.837 UTC: 	 Dashboard monitoring URL:	https://monit-grafana.cern.ch/d/cmsTMDetail/cms-task-monitoring-task-view?orgId=11&var-user=sthakur&var-task=191101_121526%3Asthakur_crab_ExLepMuMuZ_M2000_MC_20191101
INFO 2019-11-03 18:02:05.837 UTC: 	 In case of issues with the dashboard, please provide feedback to hn-cms-computing-tools@cern.ch
WARNING 2019-11-03 18:02:05.837 UTC: 	 Warning:			The CRAB3 server got a non-critical error while checking stageout permissions. Please use checkwrite to check if everything is fine.
DEBUG 2019-11-03 18:02:05.837 UTC: 	 The CRAB server submitted your task to the Grid scheduler (cluster ID: 43988348)
DEBUG 2019-11-03 18:02:05.837 UTC: 	 Webdir is located at http://vocms0196.cern.ch/mon/cms251/191101_121526:sthakur_crab_ExLepMuMuZ_M2000_MC_20191101
DEBUG 2019-11-03 18:02:05.917 UTC: 	 Proxied webdir is located at https://cmsweb.cern.ch/scheddmon/0196/cms251/191101_121526:sthakur_crab_ExLepMuMuZ_M2000_MC_20191101
DEBUG 2019-11-03 18:02:05.917 UTC: 	 Retrieving 'status_cache' file from https://cmsweb.cern.ch/scheddmon/0196/cms251/191101_121526:sthakur_crab_ExLepMuMuZ_M2000_MC_20191101/status_cache
DEBUG 2019-11-03 18:02:05.966 UTC: 	 Got information from status cache file: {'1': {'Retries': 0, 'WallDurations': [9.0, 2108.0], 'StartTimes': [1572611080.0], 'SubmitTimes': [1572610711.0], 'JobIds': ['43988410.0'], 'EndTimes': [1572613188.0], 'Restarts': 0, 'RecordedSite': True, 'State': 'finished', 'ResidentSetSize': [840392], 'TotalUserCpuTimeHistory': [1901], 'SiteHistory': ['Unknown', 'T2_BE_IIHE'], 'TotalSysCpuTimeHistory': [45]}, '2': {'Retries': 0, 'WallDurations': [9.0, 1105.0], 'StartTimes': [1572611080.0], 'SubmitTimes': [1572610710.0], 'JobIds': ['43988408.0'], 'EndTimes': [1572612185.0], 'Restarts': 0, 'RecordedSite': True, 'State': 'finished', 'ResidentSetSize': [843724], 'TotalUserCpuTimeHistory': [951], 'SiteHistory': ['Unknown', 'T2_BE_IIHE'], 'TotalSysCpuTimeHistory': [23]}}
INFO 2019-11-03 18:02:05.966 UTC: 	 Status on the scheduler:	COMPLETED
INFO 2019-11-03 18:02:05.966 UTC: 	 
Jobs status:                    finished     		100.0% (2/2)
INFO 2019-11-03 18:02:06.068 UTC: 	 
No publication information available yet
INFO 2019-11-03 18:02:06.069 UTC: 	 
Warning: the max jobs runtime is less than 30% of the task requested value (1250 min), please consider to request a lower value for failed jobs (allowed through crab resubmit) and/or improve the jobs splitting (e.g. config.Data.splitting = 'Automatic') in a new task.
INFO 2019-11-03 18:02:06.069 UTC: 	 
Summary of run jobs:
 * Memory: 820MB min, 823MB max, 822MB ave
 * Runtime: 0:18:25 min, 0:35:08 max, 0:26:46 ave
 * CPU eff: 88% min, 92% max, 91% ave
 * Waste: 0:00:18 (1% of total)

DEBUG 2019-11-03 18:02:06.073 UTC: 	 Requesting resubmission of failed jobs in task 191101_121526:sthakur_crab_ExLepMuMuZ_M2000_MC_20191101
ERROR 2019-11-03 18:02:06.073 UTC: 	 Found no jobs to resubmit. Only jobs in status failed can be resubmitted. Jobs in status finished can also be resubmitted, but only if the jobids are specified and the force option is set.
ERROR 2019-11-03 18:02:06.073 UTC: 	 Caught exception
Traceback (most recent call last):
  File "/cvmfs/cms.cern.ch/crab3/slc6_amd64_gcc493/cms/crabclient/3.3.1910.patch2/bin/crab", line 160, in <module>
    client()
  File "/cvmfs/cms.cern.ch/crab3/slc6_amd64_gcc493/cms/crabclient/3.3.1910.patch2/bin/crab", line 147, in __call__
    self.cmd()
  File "/cvmfs/cms.cern.ch/crab3/slc6_amd64_gcc493/cms/crabclient/3.3.1910.patch2/lib/python2.7/site-packages/CRABClient/Commands/resubmit.py", line 63, in __call__
    self.jobids = self.processJobIds(jobList)
  File "/cvmfs/cms.cern.ch/crab3/slc6_amd64_gcc493/cms/crabclient/3.3.1910.patch2/lib/python2.7/site-packages/CRABClient/Commands/resubmit.py", line 172, in processJobIds
    raise ConfigurationException(msg)
ConfigurationException: Found no jobs to resubmit. Only jobs in status failed can be resubmitted. Jobs in status finished can also be resubmitted, but only if the jobids are specified and the force option is set.
DEBUG 2019-11-04 17:52:28.938 UTC: 	 Running on: Linux lxplus794.cern.ch 3.10.0-1062.4.1.el7.x86_64 #1 SMP Fri Oct 18 17:15:30 UTC 2019 x86_64 x86_64 x86_64 GNU/Linux
Description:	CentOS Linux release 7.7.1908 (Core) 

DEBUG 2019-11-04 17:52:28.939 UTC: 	 Executing command: 'status'
DEBUG 2019-11-04 17:52:28.939 UTC: 	 Found CRAB cache file /afs/cern.ch/user/s/sthakur/.crab3
DEBUG 2019-11-04 17:52:28.972 UTC: 	 Checking credentials
DEBUG 2019-11-04 17:52:28.973 UTC: 	 Found proxy file /tmp/x509up_u77410
DEBUG 2019-11-04 17:52:28.973 UTC: 	 Getting proxy life time left
DEBUG 2019-11-04 17:52:29.679 UTC: 	 Executing : 
 command : voms-proxy-info -file /tmp/x509up_u77410 -timeleft
 output : 43040

 error: 
 retcode : 0
DEBUG 2019-11-04 17:52:30.384 UTC: 	 Executing : 
 command : voms-proxy-info -file /tmp/x509up_u77410 -actimeleft
 output : 43039

 error: 
 retcode : 0
DEBUG 2019-11-04 17:52:30.385 UTC: 	 Proxy lifetime 43040 secs is different from voms extension lifetime 43039 secs for proxy: /tmp/x509up_u77410
DEBUG 2019-11-04 17:52:30.385 UTC: 	 Proxy valid for 11:57:19 hours
DEBUG 2019-11-04 17:52:30.758 UTC: 	 Executing : 
 command : openssl x509 -in ~/.globus/usercert.pem -subject -noout
 output : subject= /DC=ch/DC=cern/OU=Organic Units/OU=Users/CN=sthakur/CN=764789/CN=Shalini Thakur

 error: 
 retcode : 0
DEBUG 2019-11-04 17:52:30.758 UTC: 	 Checking credentials
DEBUG 2019-11-04 17:52:30.758 UTC: 	 Found proxy file /tmp/x509up_u77410
DEBUG 2019-11-04 17:52:30.758 UTC: 	 Getting proxy life time left
DEBUG 2019-11-04 17:52:31.469 UTC: 	 Executing : 
 command : voms-proxy-info -file /tmp/x509up_u77410 -timeleft
 output : 43038

 error: 
 retcode : 0
DEBUG 2019-11-04 17:52:32.177 UTC: 	 Executing : 
 command : voms-proxy-info -file /tmp/x509up_u77410 -actimeleft
 output : 43037

 error: 
 retcode : 0
DEBUG 2019-11-04 17:52:32.178 UTC: 	 Proxy lifetime 43038 secs is different from voms extension lifetime 43037 secs for proxy: /tmp/x509up_u77410
DEBUG 2019-11-04 17:52:32.178 UTC: 	 Proxy valid for 11:57:17 hours
DEBUG 2019-11-04 17:52:32.264 UTC: 	 Registering user credentials for server /DC=ch/DC=cern/OU=computers/CN=vocms(052|058|030|0118|0105|0109).cern.ch|/DC=ch/DC=cern/OU=computers/CN=crab-(preprod|prod)-tw(02|01).cern.ch
DEBUG 2019-11-04 17:52:32.375 UTC: 	 Executing : 
 command : openssl x509 -in ~/.globus/usercert.pem -subject -noout
 output : subject= /DC=ch/DC=cern/OU=Organic Units/OU=Users/CN=sthakur/CN=764789/CN=Shalini Thakur

 error: 
 retcode : 0
DEBUG 2019-11-04 17:52:32.376 UTC: 	 Getting myproxy life time left for myproxy.cern.ch
DEBUG 2019-11-04 17:52:32.376 UTC: 	 Calculating hash of /DC=ch/DC=cern/OU=Organic Units/OU=Users/CN=sthakur/CN=764789/CN=Shalini Thakur_cmsweb.cern.ch for credential name
DEBUG 2019-11-04 17:52:32.580 UTC: 	 Executing : 
 command : myproxy-info -l 9cd94953387eeee7bf4da2b7588630639ea1153b -s myproxy.cern.ch
 output : username: 9cd94953387eeee7bf4da2b7588630639ea1153b
owner: /DC=ch/DC=cern/OU=Organic Units/OU=Users/CN=sthakur/CN=764789/CN=Shalini Thakur
  renewal policy: /DC=ch/DC=cern/OU=computers/CN=vocms(052|058|030|0118|0105|0109).cern.ch|/DC=ch/DC=cern/OU=computers/CN=crab-(preprod|prod)-tw(02|01).cern.ch
  trusted retrieval policy: /DC=ch/DC=cern/OU=computers/CN=vocms(052|058|030|0118|0105|0109).cern.ch|/DC=ch/DC=cern/OU=computers/CN=crab-(preprod|prod)-tw(02|01).cern.ch
  timeleft: 480:45:28  (20.0 days)

 error: 
 retcode : 0
DEBUG 2019-11-04 17:52:32.581 UTC: 	 Myproxy is valid: 1730728
DEBUG 2019-11-04 17:52:32.582 UTC: 	 Command use: status
DEBUG 2019-11-04 17:52:32.582 UTC: 	 Options use: ['--verboseErrors', 'CrabMC_20191101/crab_ExLepMuMuZ_M2000_MC_20191101']
DEBUG 2019-11-04 17:52:32.655 UTC: 	 CRABClient version: 3.3.1910.patch2
DEBUG 2019-11-04 17:52:32.655 UTC: 	 Instance is prod
DEBUG 2019-11-04 17:52:32.655 UTC: 	 Server base url is cmsweb.cern.ch
DEBUG 2019-11-04 17:52:32.655 UTC: 	 Command url /crabserver/prod/workflow
DEBUG 2019-11-04 17:52:32.734 UTC: 	 Got information from server oracle database: {u'result': [u'191101_121526:sthakur_crab_ExLepMuMuZ_M2000_MC_20191101', u'None', u'None', u'SUBMITTED', u'SUBMIT', u'2019-11-01 12:15:26.972483', u'None', u'2019-11-01 12:18:16.937981', u'None', u'CMSSW_10_4_0', u'slc7_amd64_gcc700', u'/ExcitedLepton_MuMuZ-2000_TuneCP5_13TeV-pythia8/RunIIFall17MiniAODv2-PU2017_12Apr2018_94X_mc2017_realistic_v14-v1/MINIAODSIM', u'T', u'0', u'[]', u'[]', u'FileBased', u"{'splitOnRun': False, 'halt_job_on_file_boundaries': False, 'files_per_job': 10, 'runs': [], 'lumis': []}", u'73c78d429bfe81ad50e00bdda0bc86c83c5496ade342221b58f369451e070d9a.tar.gz', u'https://cmsweb.cern.ch/crabcache', u'sthakur', u'/DC=ch/DC=cern/OU=Organic Units/OU=Users/CN=sthakur/CN=764789/CN=Shalini Thakur', u'cms', u'None', u'None', u'ExLepMuMuZ_M2000_MC_20191101-00000000000000000000000000000000', u'F', u'T2_IN_TIFR', u'https://cmsweb.cern.ch/dbs/prod/global/DBSReader', u'https://cmsweb.cern.ch/dbs/prod/phys03/DBSWriter', u'T', u'[]', u"['ExLepMuMuZ_M2000_MC_20191101_Ntuple.root']", u'[]', u'Analysis', u'pythia', u'None', u'{}', u'[]', u'F', u'crab-prod-tw01', u'[]', u'1250', u'1', u'2000', u'10', u'None', u"['The CRAB3 server got a non-critical error while checking stageout permissions. Please use checkwrite to check if everything is fine.']", u'http://vocms0196.cern.ch/mon/cms251/191101_121526:sthakur_crab_ExLepMuMuZ_M2000_MC_20191101', u'None', u'[]', u'[]', u'https://cmsweb.cern.ch/crabserver/prod', u'cmsgwms-collector-global.cern.ch:9620,cmssrv623.fnal.gov:9620', u'crab3@vocms0196.cern.ch', u'F', u'[]', u'T', u'/store/user/sthakur/ntuple_for2017MC_20191101/MC_20191101/ExLepMuMuZ_M2000_MC_20191101', u'F', u'None', u'F', u'None', u'ExcitedLepton_MuMuZ-2000_TuneCP5_13TeV-pythia8', u'None', u'1a53b89a836850979b1259c6badb110982c3f7ebb2124c88647f8403f941b0bd.tar.gz', u'43988348', u'filetransfers', u'F', u'2001:1458:d00:2e::100:9b', u'0.0', u'None'], u'desc': {u'columns': [u'tm_taskname', u'tm_activity', u'panda_jobset_id', u'tm_task_status', u'tm_task_command', u'tm_start_time', u'tm_start_injection', u'tm_end_injection', u'tm_task_failure', u'tm_job_sw', u'tm_job_arch', u'tm_input_dataset', u'tm_nonvalid_input_dataset', u'tm_use_parent', u'tm_site_whitelist', u'tm_site_blacklist', u'tm_split_algo', u'tm_split_args', u'tm_user_sandbox', u'tm_cache_url', u'tm_username', u'tm_user_dn', u'tm_user_vo', u'tm_user_role', u'tm_user_group', u'tm_publish_name', u'tm_publish_groupname', u'tm_asyncdest', u'tm_dbs_url', u'tm_publish_dbs_url', u'tm_publication', u'tm_outfiles', u'tm_tfile_outfiles', u'tm_edm_outfiles', u'tm_job_type', u'tm_generator', u'tm_events_per_lumi', u'tm_arguments', u'panda_resubmitted_jobs', u'tm_save_logs', u'tw_name', u'tm_user_infiles', u'tm_maxjobruntime', u'tm_numcores', u'tm_maxmemory', u'tm_priority', u'tm_output_dataset', u'tm_task_warnings', u'tm_user_webdir', u'tm_scriptexe', u'tm_scriptargs', u'tm_extrajdl', u'tm_asourl', u'tm_collector', u'tm_schedd', u'tm_dry_run', u'tm_user_files', u'tm_transfer_outputs', u'tm_output_lfn', u'tm_ignore_locality', u'tm_fail_limit', u'tm_one_event_mode', u'tm_secondary_input_dataset', u'tm_primary_dataset', u'tm_last_publication', u'tm_debug_files', u'clusterid', u'tm_asodb', u'tm_ignore_global_blacklist', u'tm_submitter_ip_addr', u'tm_totalunits', u'tm_ddm_reqid']}}
INFO 2019-11-04 17:52:32.735 UTC: 	 CRAB project directory:		/afs/cern.ch/work/s/sthakur/xRavindra/MiniTree2017Data/CMSSW_10_4_0/src/ExLep2017Crab/crab/CrabMC_20191101/crab_ExLepMuMuZ_M2000_MC_20191101
INFO 2019-11-04 17:52:32.735 UTC: 	 Task name:			191101_121526:sthakur_crab_ExLepMuMuZ_M2000_MC_20191101
INFO 2019-11-04 17:52:32.735 UTC: 	 Grid scheduler - Task Worker:	crab3@vocms0196.cern.ch - crab-prod-tw01
INFO 2019-11-04 17:52:32.735 UTC: 	 Status on the CRAB server:	SUBMITTED
INFO 2019-11-04 17:52:32.735 UTC: 	 Task URL to use for HELP:	https://cmsweb.cern.ch/crabserver/ui/task/191101_121526%3Asthakur_crab_ExLepMuMuZ_M2000_MC_20191101
INFO 2019-11-04 17:52:32.736 UTC: 	 Dashboard monitoring URL:	https://monit-grafana.cern.ch/d/cmsTMDetail/cms-task-monitoring-task-view?orgId=11&var-user=sthakur&var-task=191101_121526%3Asthakur_crab_ExLepMuMuZ_M2000_MC_20191101
INFO 2019-11-04 17:52:32.736 UTC: 	 In case of issues with the dashboard, please provide feedback to hn-cms-computing-tools@cern.ch
WARNING 2019-11-04 17:52:32.736 UTC: 	 Warning:			The CRAB3 server got a non-critical error while checking stageout permissions. Please use checkwrite to check if everything is fine.
DEBUG 2019-11-04 17:52:32.736 UTC: 	 The CRAB server submitted your task to the Grid scheduler (cluster ID: 43988348)
DEBUG 2019-11-04 17:52:32.736 UTC: 	 Webdir is located at http://vocms0196.cern.ch/mon/cms251/191101_121526:sthakur_crab_ExLepMuMuZ_M2000_MC_20191101
DEBUG 2019-11-04 17:52:32.821 UTC: 	 Proxied webdir is located at https://cmsweb.cern.ch/scheddmon/0196/cms251/191101_121526:sthakur_crab_ExLepMuMuZ_M2000_MC_20191101
DEBUG 2019-11-04 17:52:32.821 UTC: 	 Retrieving 'status_cache' file from https://cmsweb.cern.ch/scheddmon/0196/cms251/191101_121526:sthakur_crab_ExLepMuMuZ_M2000_MC_20191101/status_cache
DEBUG 2019-11-04 17:52:33.449 UTC: 	 Got information from status cache file: {'1': {'Retries': 0, 'WallDurations': [9.0, 2108.0], 'StartTimes': [1572611080.0], 'SubmitTimes': [1572610711.0], 'JobIds': ['43988410.0'], 'EndTimes': [1572613188.0], 'Restarts': 0, 'RecordedSite': True, 'State': 'finished', 'ResidentSetSize': [840392], 'TotalUserCpuTimeHistory': [1901], 'SiteHistory': ['Unknown', 'T2_BE_IIHE'], 'TotalSysCpuTimeHistory': [45]}, '2': {'Retries': 0, 'WallDurations': [9.0, 1105.0], 'StartTimes': [1572611080.0], 'SubmitTimes': [1572610710.0], 'JobIds': ['43988408.0'], 'EndTimes': [1572612185.0], 'Restarts': 0, 'RecordedSite': True, 'State': 'finished', 'ResidentSetSize': [843724], 'TotalUserCpuTimeHistory': [951], 'SiteHistory': ['Unknown', 'T2_BE_IIHE'], 'TotalSysCpuTimeHistory': [23]}}
INFO 2019-11-04 17:52:33.449 UTC: 	 Status on the scheduler:	COMPLETED
INFO 2019-11-04 17:52:33.449 UTC: 	 
Jobs status:                    finished     		100.0% (2/2)
INFO 2019-11-04 17:52:33.516 UTC: 	 
No publication information available yet
INFO 2019-11-04 17:52:33.516 UTC: 	 
Warning: the max jobs runtime is less than 30% of the task requested value (1250 min), please consider to request a lower value for failed jobs (allowed through crab resubmit) and/or improve the jobs splitting (e.g. config.Data.splitting = 'Automatic') in a new task.
INFO 2019-11-04 17:52:33.516 UTC: 	 
Summary of run jobs:
 * Memory: 820MB min, 823MB max, 822MB ave
 * Runtime: 0:18:25 min, 0:35:08 max, 0:26:46 ave
 * CPU eff: 88% min, 92% max, 91% ave
 * Waste: 0:00:18 (1% of total)

INFO 2019-11-04 17:52:33.531 UTC: 	 Log file is /afs/cern.ch/work/s/sthakur/xRavindra/MiniTree2017Data/CMSSW_10_4_0/src/ExLep2017Crab/crab/CrabMC_20191101/crab_ExLepMuMuZ_M2000_MC_20191101/crab.log
DEBUG 2019-11-11 18:31:54.807 UTC: 	 Running on: Linux lxplus745.cern.ch 3.10.0-1062.4.1.el7.x86_64 #1 SMP Fri Oct 18 17:15:30 UTC 2019 x86_64 x86_64 x86_64 GNU/Linux - CentOS Linux 7 (Core)
DEBUG 2019-11-11 18:31:54.821 UTC: 	 OpenSSl version: OpenSSL 1.0.2h  3 May 2016
DEBUG 2019-11-11 18:31:54.821 UTC: 	 Executing command: 'status'
DEBUG 2019-11-11 18:31:54.821 UTC: 	 Found CRAB cache file /afs/cern.ch/user/s/sthakur/.crab3
DEBUG 2019-11-11 18:31:55.087 UTC: 	 Checking credentials
DEBUG 2019-11-11 18:31:55.088 UTC: 	 Found proxy file /tmp/x509up_u77410
DEBUG 2019-11-11 18:31:55.088 UTC: 	 Getting proxy life time left
DEBUG 2019-11-11 18:31:56.098 UTC: 	 Executing : 
 command : voms-proxy-info -file /tmp/x509up_u77410 -timeleft
 output : 38944

 error: 
 retcode : 0
DEBUG 2019-11-11 18:31:57.117 UTC: 	 Executing : 
 command : voms-proxy-info -file /tmp/x509up_u77410 -actimeleft
 output : 38943

 error: 
 retcode : 0
DEBUG 2019-11-11 18:31:57.117 UTC: 	 Proxy lifetime 38944 secs is different from voms extension lifetime 38943 secs for proxy: /tmp/x509up_u77410
DEBUG 2019-11-11 18:31:57.117 UTC: 	 Proxy valid for 10:49:03 hours
DEBUG 2019-11-11 18:31:57.363 UTC: 	 Executing : 
 command : openssl x509 -in ~/.globus/usercert.pem -subject -noout
 output : subject= /DC=ch/DC=cern/OU=Organic Units/OU=Users/CN=sthakur/CN=764789/CN=Shalini Thakur

 error: 
 retcode : 0
DEBUG 2019-11-11 18:31:57.363 UTC: 	 Checking credentials
DEBUG 2019-11-11 18:31:57.364 UTC: 	 Found proxy file /tmp/x509up_u77410
DEBUG 2019-11-11 18:31:57.364 UTC: 	 Getting proxy life time left
DEBUG 2019-11-11 18:31:58.593 UTC: 	 Executing : 
 command : voms-proxy-info -file /tmp/x509up_u77410 -timeleft
 output : 38942

 error: 
 retcode : 0
DEBUG 2019-11-11 18:31:59.816 UTC: 	 Executing : 
 command : voms-proxy-info -file /tmp/x509up_u77410 -actimeleft
 output : 38941

 error: 
 retcode : 0
DEBUG 2019-11-11 18:31:59.816 UTC: 	 Proxy lifetime 38942 secs is different from voms extension lifetime 38941 secs for proxy: /tmp/x509up_u77410
DEBUG 2019-11-11 18:31:59.816 UTC: 	 Proxy valid for 10:49:01 hours
DEBUG 2019-11-11 18:31:59.934 UTC: 	 Registering user credentials for server /DC=ch/DC=cern/OU=computers/CN=vocms(052|058|030|0118|0105|0109).cern.ch|/DC=ch/DC=cern/OU=computers/CN=crab-(preprod|prod)-tw(02|01).cern.ch
DEBUG 2019-11-11 18:32:00.056 UTC: 	 Executing : 
 command : openssl x509 -in ~/.globus/usercert.pem -subject -noout
 output : subject= /DC=ch/DC=cern/OU=Organic Units/OU=Users/CN=sthakur/CN=764789/CN=Shalini Thakur

 error: 
 retcode : 0
DEBUG 2019-11-11 18:32:00.056 UTC: 	 Getting myproxy life time left for myproxy.cern.ch
DEBUG 2019-11-11 18:32:00.056 UTC: 	 Calculating hash of /DC=ch/DC=cern/OU=Organic Units/OU=Users/CN=sthakur/CN=764789/CN=Shalini Thakur_cmsweb.cern.ch for credential name
DEBUG 2019-11-11 18:32:00.365 UTC: 	 Executing : 
 command : myproxy-info -l 9cd94953387eeee7bf4da2b7588630639ea1153b -s myproxy.cern.ch
 output : username: 9cd94953387eeee7bf4da2b7588630639ea1153b
owner: /DC=ch/DC=cern/OU=Organic Units/OU=Users/CN=sthakur/CN=764789/CN=Shalini Thakur
  renewal policy: /DC=ch/DC=cern/OU=computers/CN=vocms(052|058|030|0118|0105|0109).cern.ch|/DC=ch/DC=cern/OU=computers/CN=crab-(preprod|prod)-tw(02|01).cern.ch
  trusted retrieval policy: /DC=ch/DC=cern/OU=computers/CN=vocms(052|058|030|0118|0105|0109).cern.ch|/DC=ch/DC=cern/OU=computers/CN=crab-(preprod|prod)-tw(02|01).cern.ch
  timeleft: 711:01:19  (29.6 days)

 error: 
 retcode : 0
DEBUG 2019-11-11 18:32:00.366 UTC: 	 Myproxy is valid: 2559679
DEBUG 2019-11-11 18:32:00.367 UTC: 	 Command use: status
DEBUG 2019-11-11 18:32:00.367 UTC: 	 Options use: ['--verboseErrors', 'CrabMC_20191101/crab_ExLepMuMuZ_M2000_MC_20191101']
DEBUG 2019-11-11 18:32:00.524 UTC: 	 CRABClient version: 3.3.1911
DEBUG 2019-11-11 18:32:00.524 UTC: 	 Instance is prod
DEBUG 2019-11-11 18:32:00.525 UTC: 	 Server base url is cmsweb.cern.ch
DEBUG 2019-11-11 18:32:00.525 UTC: 	 Command url /crabserver/prod/workflow
DEBUG 2019-11-11 18:32:00.647 UTC: 	 Got information from server oracle database: {u'result': [u'191101_121526:sthakur_crab_ExLepMuMuZ_M2000_MC_20191101', u'None', u'None', u'SUBMITTED', u'SUBMIT', u'2019-11-01 12:15:26.972483', u'None', u'2019-11-01 12:18:16.937981', u'None', u'CMSSW_10_4_0', u'slc7_amd64_gcc700', u'/ExcitedLepton_MuMuZ-2000_TuneCP5_13TeV-pythia8/RunIIFall17MiniAODv2-PU2017_12Apr2018_94X_mc2017_realistic_v14-v1/MINIAODSIM', u'T', u'0', u'[]', u'[]', u'FileBased', u"{'splitOnRun': False, 'halt_job_on_file_boundaries': False, 'files_per_job': 10, 'runs': [], 'lumis': []}", u'73c78d429bfe81ad50e00bdda0bc86c83c5496ade342221b58f369451e070d9a.tar.gz', u'https://cmsweb.cern.ch/crabcache', u'sthakur', u'/DC=ch/DC=cern/OU=Organic Units/OU=Users/CN=sthakur/CN=764789/CN=Shalini Thakur', u'cms', u'None', u'None', u'ExLepMuMuZ_M2000_MC_20191101-00000000000000000000000000000000', u'F', u'T2_IN_TIFR', u'https://cmsweb.cern.ch/dbs/prod/global/DBSReader', u'https://cmsweb.cern.ch/dbs/prod/phys03/DBSWriter', u'T', u'[]', u"['ExLepMuMuZ_M2000_MC_20191101_Ntuple.root']", u'[]', u'Analysis', u'pythia', u'None', u'{}', u'[]', u'F', u'crab-prod-tw01', u'[]', u'1250', u'1', u'2000', u'10', u'None', u"['The CRAB3 server got a non-critical error while checking stageout permissions. Please use checkwrite to check if everything is fine.']", u'http://vocms0196.cern.ch/mon/cms251/191101_121526:sthakur_crab_ExLepMuMuZ_M2000_MC_20191101', u'None', u'[]', u'[]', u'https://cmsweb.cern.ch/crabserver/prod', u'cmsgwms-collector-global.cern.ch:9620,cmssrv623.fnal.gov:9620', u'crab3@vocms0196.cern.ch', u'F', u'[]', u'T', u'/store/user/sthakur/ntuple_for2017MC_20191101/MC_20191101/ExLepMuMuZ_M2000_MC_20191101', u'F', u'None', u'F', u'None', u'ExcitedLepton_MuMuZ-2000_TuneCP5_13TeV-pythia8', u'None', u'1a53b89a836850979b1259c6badb110982c3f7ebb2124c88647f8403f941b0bd.tar.gz', u'43988348', u'filetransfers', u'F', u'2001:1458:d00:2e::100:9b', u'0.0', u'None'], u'desc': {u'columns': [u'tm_taskname', u'tm_activity', u'panda_jobset_id', u'tm_task_status', u'tm_task_command', u'tm_start_time', u'tm_start_injection', u'tm_end_injection', u'tm_task_failure', u'tm_job_sw', u'tm_job_arch', u'tm_input_dataset', u'tm_nonvalid_input_dataset', u'tm_use_parent', u'tm_site_whitelist', u'tm_site_blacklist', u'tm_split_algo', u'tm_split_args', u'tm_user_sandbox', u'tm_cache_url', u'tm_username', u'tm_user_dn', u'tm_user_vo', u'tm_user_role', u'tm_user_group', u'tm_publish_name', u'tm_publish_groupname', u'tm_asyncdest', u'tm_dbs_url', u'tm_publish_dbs_url', u'tm_publication', u'tm_outfiles', u'tm_tfile_outfiles', u'tm_edm_outfiles', u'tm_job_type', u'tm_generator', u'tm_events_per_lumi', u'tm_arguments', u'panda_resubmitted_jobs', u'tm_save_logs', u'tw_name', u'tm_user_infiles', u'tm_maxjobruntime', u'tm_numcores', u'tm_maxmemory', u'tm_priority', u'tm_output_dataset', u'tm_task_warnings', u'tm_user_webdir', u'tm_scriptexe', u'tm_scriptargs', u'tm_extrajdl', u'tm_asourl', u'tm_collector', u'tm_schedd', u'tm_dry_run', u'tm_user_files', u'tm_transfer_outputs', u'tm_output_lfn', u'tm_ignore_locality', u'tm_fail_limit', u'tm_one_event_mode', u'tm_secondary_input_dataset', u'tm_primary_dataset', u'tm_last_publication', u'tm_debug_files', u'clusterid', u'tm_asodb', u'tm_ignore_global_blacklist', u'tm_submitter_ip_addr', u'tm_totalunits', u'tm_ddm_reqid']}}
INFO 2019-11-11 18:32:00.647 UTC: 	 CRAB project directory:		/afs/cern.ch/work/s/sthakur/xRavindra/MiniTree2017Data/CMSSW_10_4_0/src/ExLep2017Crab/crab/CrabMC_20191101/crab_ExLepMuMuZ_M2000_MC_20191101
INFO 2019-11-11 18:32:00.648 UTC: 	 Task name:			191101_121526:sthakur_crab_ExLepMuMuZ_M2000_MC_20191101
INFO 2019-11-11 18:32:00.648 UTC: 	 Grid scheduler - Task Worker:	crab3@vocms0196.cern.ch - crab-prod-tw01
INFO 2019-11-11 18:32:00.648 UTC: 	 Status on the CRAB server:	SUBMITTED
INFO 2019-11-11 18:32:00.648 UTC: 	 Task URL to use for HELP:	https://cmsweb.cern.ch/crabserver/ui/task/191101_121526%3Asthakur_crab_ExLepMuMuZ_M2000_MC_20191101
INFO 2019-11-11 18:32:00.648 UTC: 	 Dashboard monitoring URL:	https://monit-grafana.cern.ch/d/cmsTMDetail/cms-task-monitoring-task-view?orgId=11&var-user=sthakur&var-task=191101_121526%3Asthakur_crab_ExLepMuMuZ_M2000_MC_20191101
INFO 2019-11-11 18:32:00.648 UTC: 	 In case of issues with the dashboard, please provide feedback to hn-cms-computing-tools@cern.ch
WARNING 2019-11-11 18:32:00.648 UTC: 	 Warning:			The CRAB3 server got a non-critical error while checking stageout permissions. Please use checkwrite to check if everything is fine.
DEBUG 2019-11-11 18:32:00.648 UTC: 	 The CRAB server submitted your task to the Grid scheduler (cluster ID: 43988348)
DEBUG 2019-11-11 18:32:00.648 UTC: 	 Webdir is located at http://vocms0196.cern.ch/mon/cms251/191101_121526:sthakur_crab_ExLepMuMuZ_M2000_MC_20191101
DEBUG 2019-11-11 18:32:00.782 UTC: 	 Proxied webdir is located at https://cmsweb.cern.ch/scheddmon/0196/cms251/191101_121526:sthakur_crab_ExLepMuMuZ_M2000_MC_20191101
DEBUG 2019-11-11 18:32:00.782 UTC: 	 Retrieving 'status_cache' file from https://cmsweb.cern.ch/scheddmon/0196/cms251/191101_121526:sthakur_crab_ExLepMuMuZ_M2000_MC_20191101/status_cache
DEBUG 2019-11-11 18:32:01.085 UTC: 	 Got information from status cache file: {'1': {'Retries': 0, 'WallDurations': [9.0, 2108.0], 'StartTimes': [1572611080.0], 'SubmitTimes': [1572610711.0], 'JobIds': ['43988410.0'], 'EndTimes': [1572613188.0], 'Restarts': 0, 'RecordedSite': True, 'State': 'finished', 'ResidentSetSize': [840392], 'TotalUserCpuTimeHistory': [1901], 'SiteHistory': ['Unknown', 'T2_BE_IIHE'], 'TotalSysCpuTimeHistory': [45]}, '2': {'Retries': 0, 'WallDurations': [9.0, 1105.0], 'StartTimes': [1572611080.0], 'SubmitTimes': [1572610710.0], 'JobIds': ['43988408.0'], 'EndTimes': [1572612185.0], 'Restarts': 0, 'RecordedSite': True, 'State': 'finished', 'ResidentSetSize': [843724], 'TotalUserCpuTimeHistory': [951], 'SiteHistory': ['Unknown', 'T2_BE_IIHE'], 'TotalSysCpuTimeHistory': [23]}}
INFO 2019-11-11 18:32:01.085 UTC: 	 Status on the scheduler:	COMPLETED
INFO 2019-11-11 18:32:01.087 UTC: 	 
Jobs status:                    finished     		100.0% (2/2)
INFO 2019-11-11 18:32:01.206 UTC: 	 
No publication information available yet
INFO 2019-11-11 18:32:01.207 UTC: 	 
Warning: the max jobs runtime is less than 30% of the task requested value (1250 min), please consider to request a lower value for failed jobs (allowed through crab resubmit) and/or improve the jobs splitting (e.g. config.Data.splitting = 'Automatic') in a new task.
INFO 2019-11-11 18:32:01.207 UTC: 	 
Summary of run jobs:
 * Memory: 820MB min, 823MB max, 822MB ave
 * Runtime: 0:18:25 min, 0:35:08 max, 0:26:46 ave
 * CPU eff: 88% min, 92% max, 91% ave
 * Waste: 0:00:18 (1% of total)

INFO 2019-11-11 18:32:01.240 UTC: 	 Log file is /afs/cern.ch/work/s/sthakur/xRavindra/MiniTree2017Data/CMSSW_10_4_0/src/ExLep2017Crab/crab/CrabMC_20191101/crab_ExLepMuMuZ_M2000_MC_20191101/crab.log
DEBUG 2019-11-11 18:48:19.272 UTC: 	 Running on: Linux lxplus714.cern.ch 3.10.0-1062.4.1.el7.x86_64 #1 SMP Fri Oct 18 17:15:30 UTC 2019 x86_64 x86_64 x86_64 GNU/Linux - CentOS Linux 7 (Core)
DEBUG 2019-11-11 18:48:19.293 UTC: 	 OpenSSl version: OpenSSL 1.0.2k-fips  26 Jan 2017 (Library: OpenSSL 1.0.2d-fips 9 Jul 2015)
DEBUG 2019-11-11 18:48:19.293 UTC: 	 Executing command: 'status'
DEBUG 2019-11-11 18:48:19.293 UTC: 	 Found CRAB cache file /afs/cern.ch/user/s/sthakur/.crab3
DEBUG 2019-11-11 18:48:19.306 UTC: 	 Checking credentials
DEBUG 2019-11-11 18:48:19.307 UTC: 	 Found proxy file /tmp/x509up_u77410
DEBUG 2019-11-11 18:48:19.307 UTC: 	 Getting proxy life time left
DEBUG 2019-11-11 18:48:20.020 UTC: 	 Executing : 
 command : voms-proxy-info -file /tmp/x509up_u77410 -timeleft
 output : 43092

 error: 
 retcode : 0
DEBUG 2019-11-11 18:48:20.732 UTC: 	 Executing : 
 command : voms-proxy-info -file /tmp/x509up_u77410 -actimeleft
 output : 43091

 error: 
 retcode : 0
DEBUG 2019-11-11 18:48:20.733 UTC: 	 Proxy lifetime 43092 secs is different from voms extension lifetime 43091 secs for proxy: /tmp/x509up_u77410
DEBUG 2019-11-11 18:48:20.733 UTC: 	 Proxy valid for 11:58:11 hours
DEBUG 2019-11-11 18:48:20.954 UTC: 	 Executing : 
 command : openssl x509 -in ~/.globus/usercert.pem -subject -noout
 output : subject= /DC=ch/DC=cern/OU=Organic Units/OU=Users/CN=sthakur/CN=764789/CN=Shalini Thakur

 error: 
 retcode : 0
DEBUG 2019-11-11 18:48:20.954 UTC: 	 Checking credentials
DEBUG 2019-11-11 18:48:20.954 UTC: 	 Found proxy file /tmp/x509up_u77410
DEBUG 2019-11-11 18:48:20.954 UTC: 	 Getting proxy life time left
DEBUG 2019-11-11 18:48:21.765 UTC: 	 Executing : 
 command : voms-proxy-info -file /tmp/x509up_u77410 -timeleft
 output : 43090

 error: 
 retcode : 0
DEBUG 2019-11-11 18:48:22.573 UTC: 	 Executing : 
 command : voms-proxy-info -file /tmp/x509up_u77410 -actimeleft
 output : 43089

 error: 
 retcode : 0
DEBUG 2019-11-11 18:48:22.574 UTC: 	 Proxy lifetime 43090 secs is different from voms extension lifetime 43089 secs for proxy: /tmp/x509up_u77410
DEBUG 2019-11-11 18:48:22.574 UTC: 	 Proxy valid for 11:58:09 hours
DEBUG 2019-11-11 18:48:22.653 UTC: 	 Registering user credentials for server /DC=ch/DC=cern/OU=computers/CN=vocms(052|058|030|0118|0105|0109).cern.ch|/DC=ch/DC=cern/OU=computers/CN=crab-(preprod|prod)-tw(02|01).cern.ch
DEBUG 2019-11-11 18:48:22.765 UTC: 	 Executing : 
 command : openssl x509 -in ~/.globus/usercert.pem -subject -noout
 output : subject= /DC=ch/DC=cern/OU=Organic Units/OU=Users/CN=sthakur/CN=764789/CN=Shalini Thakur

 error: 
 retcode : 0
DEBUG 2019-11-11 18:48:22.765 UTC: 	 Getting myproxy life time left for myproxy.cern.ch
DEBUG 2019-11-11 18:48:22.765 UTC: 	 Calculating hash of /DC=ch/DC=cern/OU=Organic Units/OU=Users/CN=sthakur/CN=764789/CN=Shalini Thakur_cmsweb.cern.ch for credential name
DEBUG 2019-11-11 18:48:22.974 UTC: 	 Executing : 
 command : myproxy-info -l 9cd94953387eeee7bf4da2b7588630639ea1153b -s myproxy.cern.ch
 output : username: 9cd94953387eeee7bf4da2b7588630639ea1153b
owner: /DC=ch/DC=cern/OU=Organic Units/OU=Users/CN=sthakur/CN=764789/CN=Shalini Thakur
  renewal policy: /DC=ch/DC=cern/OU=computers/CN=vocms(052|058|030|0118|0105|0109).cern.ch|/DC=ch/DC=cern/OU=computers/CN=crab-(preprod|prod)-tw(02|01).cern.ch
  trusted retrieval policy: /DC=ch/DC=cern/OU=computers/CN=vocms(052|058|030|0118|0105|0109).cern.ch|/DC=ch/DC=cern/OU=computers/CN=crab-(preprod|prod)-tw(02|01).cern.ch
  timeleft: 710:44:57  (29.6 days)

 error: 
 retcode : 0
DEBUG 2019-11-11 18:48:22.975 UTC: 	 Myproxy is valid: 2558697
DEBUG 2019-11-11 18:48:22.976 UTC: 	 Command use: status
DEBUG 2019-11-11 18:48:22.976 UTC: 	 Options use: ['--verboseErrors', 'CrabMC_20191101/crab_ExLepMuMuZ_M2000_MC_20191101']
DEBUG 2019-11-11 18:48:23.062 UTC: 	 CRABClient version: 3.3.1911
DEBUG 2019-11-11 18:48:23.062 UTC: 	 Instance is prod
DEBUG 2019-11-11 18:48:23.062 UTC: 	 Server base url is cmsweb.cern.ch
DEBUG 2019-11-11 18:48:23.062 UTC: 	 Command url /crabserver/prod/workflow
DEBUG 2019-11-11 18:48:23.154 UTC: 	 Got information from server oracle database: {u'result': [u'191101_121526:sthakur_crab_ExLepMuMuZ_M2000_MC_20191101', u'None', u'None', u'SUBMITTED', u'SUBMIT', u'2019-11-01 12:15:26.972483', u'None', u'2019-11-01 12:18:16.937981', u'None', u'CMSSW_10_4_0', u'slc7_amd64_gcc700', u'/ExcitedLepton_MuMuZ-2000_TuneCP5_13TeV-pythia8/RunIIFall17MiniAODv2-PU2017_12Apr2018_94X_mc2017_realistic_v14-v1/MINIAODSIM', u'T', u'0', u'[]', u'[]', u'FileBased', u"{'splitOnRun': False, 'halt_job_on_file_boundaries': False, 'files_per_job': 10, 'runs': [], 'lumis': []}", u'73c78d429bfe81ad50e00bdda0bc86c83c5496ade342221b58f369451e070d9a.tar.gz', u'https://cmsweb.cern.ch/crabcache', u'sthakur', u'/DC=ch/DC=cern/OU=Organic Units/OU=Users/CN=sthakur/CN=764789/CN=Shalini Thakur', u'cms', u'None', u'None', u'ExLepMuMuZ_M2000_MC_20191101-00000000000000000000000000000000', u'F', u'T2_IN_TIFR', u'https://cmsweb.cern.ch/dbs/prod/global/DBSReader', u'https://cmsweb.cern.ch/dbs/prod/phys03/DBSWriter', u'T', u'[]', u"['ExLepMuMuZ_M2000_MC_20191101_Ntuple.root']", u'[]', u'Analysis', u'pythia', u'None', u'{}', u'[]', u'F', u'crab-prod-tw01', u'[]', u'1250', u'1', u'2000', u'10', u'None', u"['The CRAB3 server got a non-critical error while checking stageout permissions. Please use checkwrite to check if everything is fine.']", u'http://vocms0196.cern.ch/mon/cms251/191101_121526:sthakur_crab_ExLepMuMuZ_M2000_MC_20191101', u'None', u'[]', u'[]', u'https://cmsweb.cern.ch/crabserver/prod', u'cmsgwms-collector-global.cern.ch:9620,cmssrv623.fnal.gov:9620', u'crab3@vocms0196.cern.ch', u'F', u'[]', u'T', u'/store/user/sthakur/ntuple_for2017MC_20191101/MC_20191101/ExLepMuMuZ_M2000_MC_20191101', u'F', u'None', u'F', u'None', u'ExcitedLepton_MuMuZ-2000_TuneCP5_13TeV-pythia8', u'None', u'1a53b89a836850979b1259c6badb110982c3f7ebb2124c88647f8403f941b0bd.tar.gz', u'43988348', u'filetransfers', u'F', u'2001:1458:d00:2e::100:9b', u'0.0', u'None'], u'desc': {u'columns': [u'tm_taskname', u'tm_activity', u'panda_jobset_id', u'tm_task_status', u'tm_task_command', u'tm_start_time', u'tm_start_injection', u'tm_end_injection', u'tm_task_failure', u'tm_job_sw', u'tm_job_arch', u'tm_input_dataset', u'tm_nonvalid_input_dataset', u'tm_use_parent', u'tm_site_whitelist', u'tm_site_blacklist', u'tm_split_algo', u'tm_split_args', u'tm_user_sandbox', u'tm_cache_url', u'tm_username', u'tm_user_dn', u'tm_user_vo', u'tm_user_role', u'tm_user_group', u'tm_publish_name', u'tm_publish_groupname', u'tm_asyncdest', u'tm_dbs_url', u'tm_publish_dbs_url', u'tm_publication', u'tm_outfiles', u'tm_tfile_outfiles', u'tm_edm_outfiles', u'tm_job_type', u'tm_generator', u'tm_events_per_lumi', u'tm_arguments', u'panda_resubmitted_jobs', u'tm_save_logs', u'tw_name', u'tm_user_infiles', u'tm_maxjobruntime', u'tm_numcores', u'tm_maxmemory', u'tm_priority', u'tm_output_dataset', u'tm_task_warnings', u'tm_user_webdir', u'tm_scriptexe', u'tm_scriptargs', u'tm_extrajdl', u'tm_asourl', u'tm_collector', u'tm_schedd', u'tm_dry_run', u'tm_user_files', u'tm_transfer_outputs', u'tm_output_lfn', u'tm_ignore_locality', u'tm_fail_limit', u'tm_one_event_mode', u'tm_secondary_input_dataset', u'tm_primary_dataset', u'tm_last_publication', u'tm_debug_files', u'clusterid', u'tm_asodb', u'tm_ignore_global_blacklist', u'tm_submitter_ip_addr', u'tm_totalunits', u'tm_ddm_reqid']}}
INFO 2019-11-11 18:48:23.155 UTC: 	 CRAB project directory:		/afs/cern.ch/work/s/sthakur/xRavindra/MiniTree2017Data/CMSSW_10_4_0/src/ExLep2017Crab/crab/CrabMC_20191101/crab_ExLepMuMuZ_M2000_MC_20191101
INFO 2019-11-11 18:48:23.155 UTC: 	 Task name:			191101_121526:sthakur_crab_ExLepMuMuZ_M2000_MC_20191101
INFO 2019-11-11 18:48:23.155 UTC: 	 Grid scheduler - Task Worker:	crab3@vocms0196.cern.ch - crab-prod-tw01
INFO 2019-11-11 18:48:23.155 UTC: 	 Status on the CRAB server:	SUBMITTED
INFO 2019-11-11 18:48:23.155 UTC: 	 Task URL to use for HELP:	https://cmsweb.cern.ch/crabserver/ui/task/191101_121526%3Asthakur_crab_ExLepMuMuZ_M2000_MC_20191101
INFO 2019-11-11 18:48:23.155 UTC: 	 Dashboard monitoring URL:	https://monit-grafana.cern.ch/d/cmsTMDetail/cms-task-monitoring-task-view?orgId=11&var-user=sthakur&var-task=191101_121526%3Asthakur_crab_ExLepMuMuZ_M2000_MC_20191101
INFO 2019-11-11 18:48:23.156 UTC: 	 In case of issues with the dashboard, please provide feedback to hn-cms-computing-tools@cern.ch
WARNING 2019-11-11 18:48:23.156 UTC: 	 Warning:			The CRAB3 server got a non-critical error while checking stageout permissions. Please use checkwrite to check if everything is fine.
DEBUG 2019-11-11 18:48:23.156 UTC: 	 The CRAB server submitted your task to the Grid scheduler (cluster ID: 43988348)
DEBUG 2019-11-11 18:48:23.156 UTC: 	 Webdir is located at http://vocms0196.cern.ch/mon/cms251/191101_121526:sthakur_crab_ExLepMuMuZ_M2000_MC_20191101
DEBUG 2019-11-11 18:48:23.239 UTC: 	 Proxied webdir is located at https://cmsweb.cern.ch/scheddmon/0196/cms251/191101_121526:sthakur_crab_ExLepMuMuZ_M2000_MC_20191101
DEBUG 2019-11-11 18:48:23.239 UTC: 	 Retrieving 'status_cache' file from https://cmsweb.cern.ch/scheddmon/0196/cms251/191101_121526:sthakur_crab_ExLepMuMuZ_M2000_MC_20191101/status_cache
DEBUG 2019-11-11 18:48:23.295 UTC: 	 Got information from status cache file: {'1': {'Retries': 0, 'WallDurations': [9.0, 2108.0], 'StartTimes': [1572611080.0], 'SubmitTimes': [1572610711.0], 'JobIds': ['43988410.0'], 'EndTimes': [1572613188.0], 'Restarts': 0, 'RecordedSite': True, 'State': 'finished', 'ResidentSetSize': [840392], 'TotalUserCpuTimeHistory': [1901], 'SiteHistory': ['Unknown', 'T2_BE_IIHE'], 'TotalSysCpuTimeHistory': [45]}, '2': {'Retries': 0, 'WallDurations': [9.0, 1105.0], 'StartTimes': [1572611080.0], 'SubmitTimes': [1572610710.0], 'JobIds': ['43988408.0'], 'EndTimes': [1572612185.0], 'Restarts': 0, 'RecordedSite': True, 'State': 'finished', 'ResidentSetSize': [843724], 'TotalUserCpuTimeHistory': [951], 'SiteHistory': ['Unknown', 'T2_BE_IIHE'], 'TotalSysCpuTimeHistory': [23]}}
INFO 2019-11-11 18:48:23.295 UTC: 	 Status on the scheduler:	COMPLETED
INFO 2019-11-11 18:48:23.295 UTC: 	 
Jobs status:                    finished     		100.0% (2/2)
INFO 2019-11-11 18:48:23.383 UTC: 	 
No publication information available yet
INFO 2019-11-11 18:48:23.384 UTC: 	 
Warning: the max jobs runtime is less than 30% of the task requested value (1250 min), please consider to request a lower value for failed jobs (allowed through crab resubmit) and/or improve the jobs splitting (e.g. config.Data.splitting = 'Automatic') in a new task.
INFO 2019-11-11 18:48:23.384 UTC: 	 
Summary of run jobs:
 * Memory: 820MB min, 823MB max, 822MB ave
 * Runtime: 0:18:25 min, 0:35:08 max, 0:26:46 ave
 * CPU eff: 88% min, 92% max, 91% ave
 * Waste: 0:00:18 (1% of total)

INFO 2019-11-11 18:48:23.411 UTC: 	 Log file is /afs/cern.ch/work/s/sthakur/xRavindra/MiniTree2017Data/CMSSW_10_4_0/src/ExLep2017Crab/crab/CrabMC_20191101/crab_ExLepMuMuZ_M2000_MC_20191101/crab.log
